<?xml version="1.0" encoding="UTF-8"?>
<EntitiesDescriptor 
    xmlns:md="urn:oasis:names:tc:SAML:2.0:metadata" 
    xmlns:mdattr="urn:oasis:names:tc:SAML:metadata:attribute" 
    xmlns:saml="urn:oasis:names:tc:SAML:2.0:assertion" 
    xmlns:mdrpi="urn:oasis:names:tc:SAML:metadata:rpi" 
    xmlns:mdui="urn:oasis:names:tc:SAML:metadata:ui" 
    
    xmlns="urn:oasis:names:tc:SAML:2.0:metadata" xmlns:ds="http://www.w3.org/2000/09/xmldsig#" xmlns:xsi="http://www.w3.org/2001/XMLSchema-instance" xsi:schemaLocation="urn:oasis:names:tc:SAML:2.0:metadata sstc-saml-schema-metadata-2.0.xsd urn:mace:shibboleth:metadata:1.0 shibboleth-metadata-1.0.xsd http://www.w3.org/2000/09/xmldsig# xmldsig-core-schema.xsd" Name="wayf.surfnet.nl" validUntil="2013-02-05T12:05:05Z" ID="pfx367a4cc9-cf0a-0c8c-416b-11efbd898e1d">
  
    <ds:Signature>
  <ds:SignedInfo><ds:CanonicalizationMethod Algorithm="http://www.w3.org/2001/10/xml-exc-c14n#"/>
    <ds:SignatureMethod Algorithm="http://www.w3.org/2000/09/xmldsig#rsa-sha1"/>
  <ds:Reference URI="#pfx367a4cc9-cf0a-0c8c-416b-11efbd898e1d"><ds:Transforms><ds:Transform Algorithm="http://www.w3.org/2000/09/xmldsig#enveloped-signature"/><ds:Transform Algorithm="http://www.w3.org/2001/10/xml-exc-c14n#"/></ds:Transforms><ds:DigestMethod Algorithm="http://www.w3.org/2000/09/xmldsig#sha1"/><ds:DigestValue>i5k8uXR2cfXy72iAD+GjH0Jalm0=</ds:DigestValue></ds:Reference></ds:SignedInfo><ds:SignatureValue>p75Ws8xhzJnlFOP3Ow9LnHiWmnMuzBLclXoAWLSHMQWDztE3S6Eqyq3Y17pUsm53AuufE6H1K52XFhAmmCju9BLptnhFG/Trw+U/Xs9/UbH6W0ApdvO1k8g3BsCx8GrQcfvOwyd80vLKvhbAZYLdPBpWOAg4dl95vQWnjFEvXr8xoZgPkR4+CCaFyaG/ZRVCAHSTWOsL4iibCNLIRU9T8UEI8NZMAVbxyNhv8BjVjMNlFhRT99lhmJ6c1S//SuhQ8t3HEQUwEzpcfZGHufROOdd5wSmWXiS1az5z2IRC9ZY6xHD55JygmbDnhkbpthXfN8/dHBU4X8Zd4PKdm+UwgQ==</ds:SignatureValue>
<ds:KeyInfo><ds:X509Data><ds:X509Certificate>MIIEVDCCAzygAwIBAgIJANm7yUGYaeG1MA0GCSqGSIb3DQEBBQUAMHkxCzAJBgNVBAYTAk5MMRAwDgYDVQQKEwdTVVJGbmV0MREwDwYDVQQLEwhTZXJ2aWNlczEZMBcGA1UEAxMQRmVkZXJhdGllIEJlaGVlcjEqMCgGCSqGSIb3DQEJARYbZmVkZXJhdGllLWJlaGVlckBzdXJmbmV0Lm5sMB4XDTA4MDYwNTE1MDgyMVoXDTIzMDYwMjE1MDgyMVoweTELMAkGA1UEBhMCTkwxEDAOBgNVBAoTB1NVUkZuZXQxETAPBgNVBAsTCFNlcnZpY2VzMRkwFwYDVQQDExBGZWRlcmF0aWUgQmVoZWVyMSowKAYJKoZIhvcNAQkBFhtmZWRlcmF0aWUtYmVoZWVyQHN1cmZuZXQubmwwggEiMA0GCSqGSIb3DQEBAQUAA4IBDwAwggEKAoIBAQC/x+YuMaHyS3xeogfBB6hWrL4Frp+KzOuu4IixfhMHz3xIG5l7p2aNV8UrEXevOwMWCgMNxjfSLdZBgNhR14GBh2cVGCx9f/wUtB86scmkP3PrRLoZWu/EIY6MEbgET3D3tkdGuVejQwwhJTlK2xxWHtEdEL5abjYLveDg6Lb6z9odljFevylBMZO+5LwTjpa3+B+07oMZr2sV1yjsG2BEBwTFz4XZzJAabeK9UO836qhNptktjffoCNen33tNCjzqci4wzgQef3CNA/Ef0tMKGotdldKC6FtHvXixmVY5RKUKIutm8sRwne8XYqrD54BAgXZQ0ZovxFbvGhA77YXxAgMBAAGjgd4wgdswHQYDVR0OBBYEFJNoYjIYUrDN/h1+9BZYOTk7jQBNMIGrBgNVHSMEgaMwgaCAFJNoYjIYUrDN/h1+9BZYOTk7jQBNoX2kezB5MQswCQYDVQQGEwJOTDEQMA4GA1UEChMHU1VSRm5ldDERMA8GA1UECxMIU2VydmljZXMxGTAXBgNVBAMTEEZlZGVyYXRpZSBCZWhlZXIxKjAoBgkqhkiG9w0BCQEWG2ZlZGVyYXRpZS1iZWhlZXJAc3VyZm5ldC5ubIIJANm7yUGYaeG1MAwGA1UdEwQFMAMBAf8wDQYJKoZIhvcNAQEFBQADggEBAI4IxrYPwwjJD9gO1Vzt8ByeQaRe+V0Mv5Ox9RlcXV33WX8Ny8hqUS4/kjs9v7JOuOw7TRop/4QJIAv/LEXH9B+hQ96zdLGMCcHI2crWF8l0yZ/DtgkpdlcyS7dNbjLtedtmgrOMSQubLE02tqoSUR491mQbRuXD49+kJsHXZH8I1YZqOShzPZ7+ksvnBd64txhef8OBlCzEelT60nOC3Jm8k3i0HwPcCYfDrh6+MJfC2dvfgktAcyu8rm1Q/ZelxaaXok17wUKgD8nDrVCOfTND1RCGcqJ3YVjYDhBrMdK+5NSuC5KOJUpVZbKgTOilnOM7B/Os8HJCfxLkDyGV/oQ=</ds:X509Certificate></ds:X509Data></ds:KeyInfo></ds:Signature>
  <EntityDescriptor xmlns="urn:oasis:names:tc:SAML:2.0:metadata" entityID="http://federation.amc.nl/adfs/services/trust">
    <md:Extensions>
      <mdattr:EntityAttributes>
        <saml:Attribute Name="http://macedir.org/entity-category" NameFormat="urn:oasis:names:tc:SAML:2.0:attrname-format:uri">
          <saml:AttributeValue>http://refeds.org/category/hide-from-discovery</saml:AttributeValue>
        </saml:Attribute>
      </mdattr:EntityAttributes>
      <mdrpi:RegistrationInfo registrationAuthority="http://aai.grnet.gr/">
        <mdrpi:RegistrationPolicy xml:lang="en">http://aai.grnet.gr/static/policy/policy-en-1.1.0.pdf</mdrpi:RegistrationPolicy>
        <mdrpi:RegistrationPolicy xml:lang="el">http://aai.grnet.gr/static/policy/policy-el-1.1.0.pdf</mdrpi:RegistrationPolicy>
      </mdrpi:RegistrationInfo>
    </md:Extensions>
      <IDPSSODescriptor protocolSupportEnumeration="urn:oasis:names:tc:SAML:2.0:protocol">
      <KeyDescriptor use="signing">
        <ds:KeyInfo xmlns:ds="http://www.w3.org/2000/09/xmldsig#">
          <ds:X509Data>
            <ds:X509Certificate>
MIIEVDCCAzygAwIBAgIJANm7yUGYaeG1MA0GCSqGSIb3DQEBBQUAMHkxCzAJBgNV
BAYTAk5MMRAwDgYDVQQKEwdTVVJGbmV0MREwDwYDVQQLEwhTZXJ2aWNlczEZMBcG
A1UEAxMQRmVkZXJhdGllIEJlaGVlcjEqMCgGCSqGSIb3DQEJARYbZmVkZXJhdGll
LWJlaGVlckBzdXJmbmV0Lm5sMB4XDTA4MDYwNTE1MDgyMVoXDTIzMDYwMjE1MDgy
MVoweTELMAkGA1UEBhMCTkwxEDAOBgNVBAoTB1NVUkZuZXQxETAPBgNVBAsTCFNl
cnZpY2VzMRkwFwYDVQQDExBGZWRlcmF0aWUgQmVoZWVyMSowKAYJKoZIhvcNAQkB
FhtmZWRlcmF0aWUtYmVoZWVyQHN1cmZuZXQubmwwggEiMA0GCSqGSIb3DQEBAQUA
A4IBDwAwggEKAoIBAQC/x+YuMaHyS3xeogfBB6hWrL4Frp+KzOuu4IixfhMHz3xI
G5l7p2aNV8UrEXevOwMWCgMNxjfSLdZBgNhR14GBh2cVGCx9f/wUtB86scmkP3Pr
RLoZWu/EIY6MEbgET3D3tkdGuVejQwwhJTlK2xxWHtEdEL5abjYLveDg6Lb6z9od
ljFevylBMZO+5LwTjpa3+B+07oMZr2sV1yjsG2BEBwTFz4XZzJAabeK9UO836qhN
ptktjffoCNen33tNCjzqci4wzgQef3CNA/Ef0tMKGotdldKC6FtHvXixmVY5RKUK
Iutm8sRwne8XYqrD54BAgXZQ0ZovxFbvGhA77YXxAgMBAAGjgd4wgdswHQYDVR0O
BBYEFJNoYjIYUrDN/h1+9BZYOTk7jQBNMIGrBgNVHSMEgaMwgaCAFJNoYjIYUrDN
/h1+9BZYOTk7jQBNoX2kezB5MQswCQYDVQQGEwJOTDEQMA4GA1UEChMHU1VSRm5l
dDERMA8GA1UECxMIU2VydmljZXMxGTAXBgNVBAMTEEZlZGVyYXRpZSBCZWhlZXIx
KjAoBgkqhkiG9w0BCQEWG2ZlZGVyYXRpZS1iZWhlZXJAc3VyZm5ldC5ubIIJANm7
yUGYaeG1MAwGA1UdEwQFMAMBAf8wDQYJKoZIhvcNAQEFBQADggEBAI4IxrYPwwjJ
D9gO1Vzt8ByeQaRe+V0Mv5Ox9RlcXV33WX8Ny8hqUS4/kjs9v7JOuOw7TRop/4QJ
IAv/LEXH9B+hQ96zdLGMCcHI2crWF8l0yZ/DtgkpdlcyS7dNbjLtedtmgrOMSQub
LE02tqoSUR491mQbRuXD49+kJsHXZH8I1YZqOShzPZ7+ksvnBd64txhef8OBlCzE
elT60nOC3Jm8k3i0HwPcCYfDrh6+MJfC2dvfgktAcyu8rm1Q/ZelxaaXok17wUKg
D8nDrVCOfTND1RCGcqJ3YVjYDhBrMdK+5NSuC5KOJUpVZbKgTOilnOM7B/Os8HJC
fxLkDyGV/oQ=
     	                  </ds:X509Certificate>
          </ds:X509Data>
        </ds:KeyInfo>
      </KeyDescriptor>
      <SingleLogoutService Binding="urn:oasis:names:tc:SAML:2.0:bindings:HTTP-Redirect" Location="https://wayf.surfnet.nl/federate/saml20"/>
      <NameIDFormat>urn:oasis:names:tc:SAML:2.0:nameid-format:persistent</NameIDFormat>
      <NameIDFormat>urn:oasis:names:tc:SAML:2.0:nameid-format:transient</NameIDFormat>
      <SingleSignOnService Binding="urn:oasis:names:tc:SAML:2.0:bindings:HTTP-Redirect" Location="https://wayf.surfnet.nl/federate/saml20/http%253A%252F%252Ffederation.amc.nl%252Fadfs%252Fservices%252Ftrust"/>
      <SingleSignOnService Binding="urn:oasis:names:tc:SAML:2.0:bindings:HTTP-POST" Location="https://wayf.surfnet.nl/federate/saml20/http%253A%252F%252Ffederation.amc.nl%252Fadfs%252Fservices%252Ftrust"/>
    </IDPSSODescriptor>
    <Organization>
      <OrganizationName xml:lang="en">Academisch Medisch Centrum</OrganizationName>
      <OrganizationDisplayName xml:lang="en">Academisch Medisch Centrum</OrganizationDisplayName>
      <OrganizationURL xml:lang="en">http://www.surffederatie.nl</OrganizationURL>
    </Organization>
    <ContactPerson contactType="technical">
      <SurName>AAI Beheer</SurName>
      <EmailAddress>aai-beheer@surfnet.nl</EmailAddress>
    </ContactPerson>
    <ContactPerson contactType="administrative">
      <GivenName>SURFfederatie Beheer</GivenName>
      <EmailAddress>federatie-beheer@surfnet.nl</EmailAddress>
    </ContactPerson>
  </EntityDescriptor>
  <EntityDescriptor xmlns="urn:oasis:names:tc:SAML:2.0:metadata" entityID="https://logon.mumc.nl:443/fed">
      <md:Extensions>
      <mdrpi:RegistrationInfo registrationAuthority="http://aai.grnet.gr/">
        <mdrpi:RegistrationPolicy xml:lang="en">http://aai.grnet.gr/static/policy/policy-en-1.1.0.pdf</mdrpi:RegistrationPolicy>
        <mdrpi:RegistrationPolicy xml:lang="el">http://aai.grnet.gr/static/policy/policy-el-1.1.0.pdf</mdrpi:RegistrationPolicy>
      </mdrpi:RegistrationInfo>
    </md:Extensions>
    <IDPSSODescriptor protocolSupportEnumeration="urn:oasis:names:tc:SAML:2.0:protocol">
      <KeyDescriptor use="signing">
        <ds:KeyInfo xmlns:ds="http://www.w3.org/2000/09/xmldsig#">
          <ds:X509Data>
            <ds:X509Certificate>
MIIEVDCCAzygAwIBAgIJANm7yUGYaeG1MA0GCSqGSIb3DQEBBQUAMHkxCzAJBgNV
BAYTAk5MMRAwDgYDVQQKEwdTVVJGbmV0MREwDwYDVQQLEwhTZXJ2aWNlczEZMBcG
A1UEAxMQRmVkZXJhdGllIEJlaGVlcjEqMCgGCSqGSIb3DQEJARYbZmVkZXJhdGll
LWJlaGVlckBzdXJmbmV0Lm5sMB4XDTA4MDYwNTE1MDgyMVoXDTIzMDYwMjE1MDgy
MVoweTELMAkGA1UEBhMCTkwxEDAOBgNVBAoTB1NVUkZuZXQxETAPBgNVBAsTCFNl
cnZpY2VzMRkwFwYDVQQDExBGZWRlcmF0aWUgQmVoZWVyMSowKAYJKoZIhvcNAQkB
FhtmZWRlcmF0aWUtYmVoZWVyQHN1cmZuZXQubmwwggEiMA0GCSqGSIb3DQEBAQUA
A4IBDwAwggEKAoIBAQC/x+YuMaHyS3xeogfBB6hWrL4Frp+KzOuu4IixfhMHz3xI
G5l7p2aNV8UrEXevOwMWCgMNxjfSLdZBgNhR14GBh2cVGCx9f/wUtB86scmkP3Pr
RLoZWu/EIY6MEbgET3D3tkdGuVejQwwhJTlK2xxWHtEdEL5abjYLveDg6Lb6z9od
ljFevylBMZO+5LwTjpa3+B+07oMZr2sV1yjsG2BEBwTFz4XZzJAabeK9UO836qhN
ptktjffoCNen33tNCjzqci4wzgQef3CNA/Ef0tMKGotdldKC6FtHvXixmVY5RKUK
Iutm8sRwne8XYqrD54BAgXZQ0ZovxFbvGhA77YXxAgMBAAGjgd4wgdswHQYDVR0O
BBYEFJNoYjIYUrDN/h1+9BZYOTk7jQBNMIGrBgNVHSMEgaMwgaCAFJNoYjIYUrDN
/h1+9BZYOTk7jQBNoX2kezB5MQswCQYDVQQGEwJOTDEQMA4GA1UEChMHU1VSRm5l
dDERMA8GA1UECxMIU2VydmljZXMxGTAXBgNVBAMTEEZlZGVyYXRpZSBCZWhlZXIx
KjAoBgkqhkiG9w0BCQEWG2ZlZGVyYXRpZS1iZWhlZXJAc3VyZm5ldC5ubIIJANm7
yUGYaeG1MAwGA1UdEwQFMAMBAf8wDQYJKoZIhvcNAQEFBQADggEBAI4IxrYPwwjJ
D9gO1Vzt8ByeQaRe+V0Mv5Ox9RlcXV33WX8Ny8hqUS4/kjs9v7JOuOw7TRop/4QJ
IAv/LEXH9B+hQ96zdLGMCcHI2crWF8l0yZ/DtgkpdlcyS7dNbjLtedtmgrOMSQub
LE02tqoSUR491mQbRuXD49+kJsHXZH8I1YZqOShzPZ7+ksvnBd64txhef8OBlCzE
elT60nOC3Jm8k3i0HwPcCYfDrh6+MJfC2dvfgktAcyu8rm1Q/ZelxaaXok17wUKg
D8nDrVCOfTND1RCGcqJ3YVjYDhBrMdK+5NSuC5KOJUpVZbKgTOilnOM7B/Os8HJC
fxLkDyGV/oQ=
     	                  </ds:X509Certificate>
          </ds:X509Data>
        </ds:KeyInfo>
      </KeyDescriptor>
      <SingleLogoutService Binding="urn:oasis:names:tc:SAML:2.0:bindings:HTTP-Redirect" Location="https://wayf.surfnet.nl/federate/saml20"/>
      <NameIDFormat>urn:oasis:names:tc:SAML:2.0:nameid-format:persistent</NameIDFormat>
      <NameIDFormat>urn:oasis:names:tc:SAML:2.0:nameid-format:transient</NameIDFormat>
      <SingleSignOnService Binding="urn:oasis:names:tc:SAML:2.0:bindings:HTTP-Redirect" Location="https://wayf.surfnet.nl/federate/saml20/https%253A%252F%252Flogon.mumc.nl%253A443%252Ffed"/>
      <SingleSignOnService Binding="urn:oasis:names:tc:SAML:2.0:bindings:HTTP-POST" Location="https://wayf.surfnet.nl/federate/saml20/https%253A%252F%252Flogon.mumc.nl%253A443%252Ffed"/>
    </IDPSSODescriptor>
    <Organization>
      <OrganizationName xml:lang="en">Academisch Ziekenhuis Maastricht</OrganizationName>
      <OrganizationDisplayName xml:lang="en">Academisch Ziekenhuis Maastricht</OrganizationDisplayName>
      <OrganizationURL xml:lang="en">http://www.surffederatie.nl</OrganizationURL>
    </Organization>
    <ContactPerson contactType="technical">
      <SurName>AAI Beheer</SurName>
      <EmailAddress>aai-beheer@surfnet.nl</EmailAddress>
    </ContactPerson>
    <ContactPerson contactType="administrative">
      <GivenName>SURFfederatie Beheer</GivenName>
      <EmailAddress>federatie-beheer@surfnet.nl</EmailAddress>
    </ContactPerson>
  </EntityDescriptor>
  <EntityDescriptor xmlns="urn:oasis:names:tc:SAML:2.0:metadata" entityID="http://adfs.amolf.nl/adfs/services/trust">
    <IDPSSODescriptor protocolSupportEnumeration="urn:oasis:names:tc:SAML:2.0:protocol">
      <KeyDescriptor use="signing">
        <ds:KeyInfo xmlns:ds="http://www.w3.org/2000/09/xmldsig#">
          <ds:X509Data>
            <ds:X509Certificate>
MIIEVDCCAzygAwIBAgIJANm7yUGYaeG1MA0GCSqGSIb3DQEBBQUAMHkxCzAJBgNV
BAYTAk5MMRAwDgYDVQQKEwdTVVJGbmV0MREwDwYDVQQLEwhTZXJ2aWNlczEZMBcG
A1UEAxMQRmVkZXJhdGllIEJlaGVlcjEqMCgGCSqGSIb3DQEJARYbZmVkZXJhdGll
LWJlaGVlckBzdXJmbmV0Lm5sMB4XDTA4MDYwNTE1MDgyMVoXDTIzMDYwMjE1MDgy
MVoweTELMAkGA1UEBhMCTkwxEDAOBgNVBAoTB1NVUkZuZXQxETAPBgNVBAsTCFNl
cnZpY2VzMRkwFwYDVQQDExBGZWRlcmF0aWUgQmVoZWVyMSowKAYJKoZIhvcNAQkB
FhtmZWRlcmF0aWUtYmVoZWVyQHN1cmZuZXQubmwwggEiMA0GCSqGSIb3DQEBAQUA
A4IBDwAwggEKAoIBAQC/x+YuMaHyS3xeogfBB6hWrL4Frp+KzOuu4IixfhMHz3xI
G5l7p2aNV8UrEXevOwMWCgMNxjfSLdZBgNhR14GBh2cVGCx9f/wUtB86scmkP3Pr
RLoZWu/EIY6MEbgET3D3tkdGuVejQwwhJTlK2xxWHtEdEL5abjYLveDg6Lb6z9od
ljFevylBMZO+5LwTjpa3+B+07oMZr2sV1yjsG2BEBwTFz4XZzJAabeK9UO836qhN
ptktjffoCNen33tNCjzqci4wzgQef3CNA/Ef0tMKGotdldKC6FtHvXixmVY5RKUK
Iutm8sRwne8XYqrD54BAgXZQ0ZovxFbvGhA77YXxAgMBAAGjgd4wgdswHQYDVR0O
BBYEFJNoYjIYUrDN/h1+9BZYOTk7jQBNMIGrBgNVHSMEgaMwgaCAFJNoYjIYUrDN
/h1+9BZYOTk7jQBNoX2kezB5MQswCQYDVQQGEwJOTDEQMA4GA1UEChMHU1VSRm5l
dDERMA8GA1UECxMIU2VydmljZXMxGTAXBgNVBAMTEEZlZGVyYXRpZSBCZWhlZXIx
KjAoBgkqhkiG9w0BCQEWG2ZlZGVyYXRpZS1iZWhlZXJAc3VyZm5ldC5ubIIJANm7
yUGYaeG1MAwGA1UdEwQFMAMBAf8wDQYJKoZIhvcNAQEFBQADggEBAI4IxrYPwwjJ
D9gO1Vzt8ByeQaRe+V0Mv5Ox9RlcXV33WX8Ny8hqUS4/kjs9v7JOuOw7TRop/4QJ
IAv/LEXH9B+hQ96zdLGMCcHI2crWF8l0yZ/DtgkpdlcyS7dNbjLtedtmgrOMSQub
LE02tqoSUR491mQbRuXD49+kJsHXZH8I1YZqOShzPZ7+ksvnBd64txhef8OBlCzE
elT60nOC3Jm8k3i0HwPcCYfDrh6+MJfC2dvfgktAcyu8rm1Q/ZelxaaXok17wUKg
D8nDrVCOfTND1RCGcqJ3YVjYDhBrMdK+5NSuC5KOJUpVZbKgTOilnOM7B/Os8HJC
fxLkDyGV/oQ=
     	                  </ds:X509Certificate>
          </ds:X509Data>
        </ds:KeyInfo>
      </KeyDescriptor>
      <SingleLogoutService Binding="urn:oasis:names:tc:SAML:2.0:bindings:HTTP-Redirect" Location="https://wayf.surfnet.nl/federate/saml20"/>
      <NameIDFormat>urn:oasis:names:tc:SAML:2.0:nameid-format:persistent</NameIDFormat>
      <NameIDFormat>urn:oasis:names:tc:SAML:2.0:nameid-format:transient</NameIDFormat>
      <SingleSignOnService Binding="urn:oasis:names:tc:SAML:2.0:bindings:HTTP-Redirect" Location="https://wayf.surfnet.nl/federate/saml20/http%253A%252F%252Fadfs.amolf.nl%252Fadfs%252Fservices%252Ftrust"/>
      <SingleSignOnService Binding="urn:oasis:names:tc:SAML:2.0:bindings:HTTP-POST" Location="https://wayf.surfnet.nl/federate/saml20/http%253A%252F%252Fadfs.amolf.nl%252Fadfs%252Fservices%252Ftrust"/>
    </IDPSSODescriptor>
    <Organization>
      <OrganizationName xml:lang="en">AMOLF</OrganizationName>
      <OrganizationDisplayName xml:lang="en">AMOLF</OrganizationDisplayName>
      <OrganizationURL xml:lang="en">http://www.surffederatie.nl</OrganizationURL>
    </Organization>
    <ContactPerson contactType="technical">
      <SurName>AAI Beheer</SurName>
      <EmailAddress>aai-beheer@surfnet.nl</EmailAddress>
    </ContactPerson>
    <ContactPerson contactType="administrative">
      <GivenName>SURFfederatie Beheer</GivenName>
      <EmailAddress>federatie-beheer@surfnet.nl</EmailAddress>
    </ContactPerson>
  </EntityDescriptor>
  <EntityDescriptor xmlns="urn:oasis:names:tc:SAML:2.0:metadata" entityID="http://student.asre.nl/adfs/services/trust">
    <IDPSSODescriptor protocolSupportEnumeration="urn:oasis:names:tc:SAML:2.0:protocol">
      <KeyDescriptor use="signing">
        <ds:KeyInfo xmlns:ds="http://www.w3.org/2000/09/xmldsig#">
          <ds:X509Data>
            <ds:X509Certificate>
MIIEVDCCAzygAwIBAgIJANm7yUGYaeG1MA0GCSqGSIb3DQEBBQUAMHkxCzAJBgNV
BAYTAk5MMRAwDgYDVQQKEwdTVVJGbmV0MREwDwYDVQQLEwhTZXJ2aWNlczEZMBcG
A1UEAxMQRmVkZXJhdGllIEJlaGVlcjEqMCgGCSqGSIb3DQEJARYbZmVkZXJhdGll
LWJlaGVlckBzdXJmbmV0Lm5sMB4XDTA4MDYwNTE1MDgyMVoXDTIzMDYwMjE1MDgy
MVoweTELMAkGA1UEBhMCTkwxEDAOBgNVBAoTB1NVUkZuZXQxETAPBgNVBAsTCFNl
cnZpY2VzMRkwFwYDVQQDExBGZWRlcmF0aWUgQmVoZWVyMSowKAYJKoZIhvcNAQkB
FhtmZWRlcmF0aWUtYmVoZWVyQHN1cmZuZXQubmwwggEiMA0GCSqGSIb3DQEBAQUA
A4IBDwAwggEKAoIBAQC/x+YuMaHyS3xeogfBB6hWrL4Frp+KzOuu4IixfhMHz3xI
G5l7p2aNV8UrEXevOwMWCgMNxjfSLdZBgNhR14GBh2cVGCx9f/wUtB86scmkP3Pr
RLoZWu/EIY6MEbgET3D3tkdGuVejQwwhJTlK2xxWHtEdEL5abjYLveDg6Lb6z9od
ljFevylBMZO+5LwTjpa3+B+07oMZr2sV1yjsG2BEBwTFz4XZzJAabeK9UO836qhN
ptktjffoCNen33tNCjzqci4wzgQef3CNA/Ef0tMKGotdldKC6FtHvXixmVY5RKUK
Iutm8sRwne8XYqrD54BAgXZQ0ZovxFbvGhA77YXxAgMBAAGjgd4wgdswHQYDVR0O
BBYEFJNoYjIYUrDN/h1+9BZYOTk7jQBNMIGrBgNVHSMEgaMwgaCAFJNoYjIYUrDN
/h1+9BZYOTk7jQBNoX2kezB5MQswCQYDVQQGEwJOTDEQMA4GA1UEChMHU1VSRm5l
dDERMA8GA1UECxMIU2VydmljZXMxGTAXBgNVBAMTEEZlZGVyYXRpZSBCZWhlZXIx
KjAoBgkqhkiG9w0BCQEWG2ZlZGVyYXRpZS1iZWhlZXJAc3VyZm5ldC5ubIIJANm7
yUGYaeG1MAwGA1UdEwQFMAMBAf8wDQYJKoZIhvcNAQEFBQADggEBAI4IxrYPwwjJ
D9gO1Vzt8ByeQaRe+V0Mv5Ox9RlcXV33WX8Ny8hqUS4/kjs9v7JOuOw7TRop/4QJ
IAv/LEXH9B+hQ96zdLGMCcHI2crWF8l0yZ/DtgkpdlcyS7dNbjLtedtmgrOMSQub
LE02tqoSUR491mQbRuXD49+kJsHXZH8I1YZqOShzPZ7+ksvnBd64txhef8OBlCzE
elT60nOC3Jm8k3i0HwPcCYfDrh6+MJfC2dvfgktAcyu8rm1Q/ZelxaaXok17wUKg
D8nDrVCOfTND1RCGcqJ3YVjYDhBrMdK+5NSuC5KOJUpVZbKgTOilnOM7B/Os8HJC
fxLkDyGV/oQ=
     	                  </ds:X509Certificate>
          </ds:X509Data>
        </ds:KeyInfo>
      </KeyDescriptor>
      <SingleLogoutService Binding="urn:oasis:names:tc:SAML:2.0:bindings:HTTP-Redirect" Location="https://wayf.surfnet.nl/federate/saml20"/>
      <NameIDFormat>urn:oasis:names:tc:SAML:2.0:nameid-format:persistent</NameIDFormat>
      <NameIDFormat>urn:oasis:names:tc:SAML:2.0:nameid-format:transient</NameIDFormat>
      <SingleSignOnService Binding="urn:oasis:names:tc:SAML:2.0:bindings:HTTP-Redirect" Location="https://wayf.surfnet.nl/federate/saml20/http%253A%252F%252Fstudent.asre.nl%252Fadfs%252Fservices%252Ftrust"/>
      <SingleSignOnService Binding="urn:oasis:names:tc:SAML:2.0:bindings:HTTP-POST" Location="https://wayf.surfnet.nl/federate/saml20/http%253A%252F%252Fstudent.asre.nl%252Fadfs%252Fservices%252Ftrust"/>
    </IDPSSODescriptor>
    <Organization>
      <OrganizationName xml:lang="en">Amsterdam School of Real Estate</OrganizationName>
      <OrganizationDisplayName xml:lang="en">Amsterdam School of Real Estate</OrganizationDisplayName>
      <OrganizationURL xml:lang="en">http://www.surffederatie.nl</OrganizationURL>
    </Organization>
    <ContactPerson contactType="technical">
      <SurName>AAI Beheer</SurName>
      <EmailAddress>aai-beheer@surfnet.nl</EmailAddress>
    </ContactPerson>
    <ContactPerson contactType="administrative">
      <GivenName>SURFfederatie Beheer</GivenName>
      <EmailAddress>federatie-beheer@surfnet.nl</EmailAddress>
    </ContactPerson>
  </EntityDescriptor>
  <EntityDescriptor xmlns="urn:oasis:names:tc:SAML:2.0:metadata" entityID="https://login.ahk.nl/simplesaml/saml2/idp/metadata.php">
    <IDPSSODescriptor protocolSupportEnumeration="urn:oasis:names:tc:SAML:2.0:protocol">
      <KeyDescriptor use="signing">
        <ds:KeyInfo xmlns:ds="http://www.w3.org/2000/09/xmldsig#">
          <ds:X509Data>
            <ds:X509Certificate>
MIIEVDCCAzygAwIBAgIJANm7yUGYaeG1MA0GCSqGSIb3DQEBBQUAMHkxCzAJBgNV
BAYTAk5MMRAwDgYDVQQKEwdTVVJGbmV0MREwDwYDVQQLEwhTZXJ2aWNlczEZMBcG
A1UEAxMQRmVkZXJhdGllIEJlaGVlcjEqMCgGCSqGSIb3DQEJARYbZmVkZXJhdGll
LWJlaGVlckBzdXJmbmV0Lm5sMB4XDTA4MDYwNTE1MDgyMVoXDTIzMDYwMjE1MDgy
MVoweTELMAkGA1UEBhMCTkwxEDAOBgNVBAoTB1NVUkZuZXQxETAPBgNVBAsTCFNl
cnZpY2VzMRkwFwYDVQQDExBGZWRlcmF0aWUgQmVoZWVyMSowKAYJKoZIhvcNAQkB
FhtmZWRlcmF0aWUtYmVoZWVyQHN1cmZuZXQubmwwggEiMA0GCSqGSIb3DQEBAQUA
A4IBDwAwggEKAoIBAQC/x+YuMaHyS3xeogfBB6hWrL4Frp+KzOuu4IixfhMHz3xI
G5l7p2aNV8UrEXevOwMWCgMNxjfSLdZBgNhR14GBh2cVGCx9f/wUtB86scmkP3Pr
RLoZWu/EIY6MEbgET3D3tkdGuVejQwwhJTlK2xxWHtEdEL5abjYLveDg6Lb6z9od
ljFevylBMZO+5LwTjpa3+B+07oMZr2sV1yjsG2BEBwTFz4XZzJAabeK9UO836qhN
ptktjffoCNen33tNCjzqci4wzgQef3CNA/Ef0tMKGotdldKC6FtHvXixmVY5RKUK
Iutm8sRwne8XYqrD54BAgXZQ0ZovxFbvGhA77YXxAgMBAAGjgd4wgdswHQYDVR0O
BBYEFJNoYjIYUrDN/h1+9BZYOTk7jQBNMIGrBgNVHSMEgaMwgaCAFJNoYjIYUrDN
/h1+9BZYOTk7jQBNoX2kezB5MQswCQYDVQQGEwJOTDEQMA4GA1UEChMHU1VSRm5l
dDERMA8GA1UECxMIU2VydmljZXMxGTAXBgNVBAMTEEZlZGVyYXRpZSBCZWhlZXIx
KjAoBgkqhkiG9w0BCQEWG2ZlZGVyYXRpZS1iZWhlZXJAc3VyZm5ldC5ubIIJANm7
yUGYaeG1MAwGA1UdEwQFMAMBAf8wDQYJKoZIhvcNAQEFBQADggEBAI4IxrYPwwjJ
D9gO1Vzt8ByeQaRe+V0Mv5Ox9RlcXV33WX8Ny8hqUS4/kjs9v7JOuOw7TRop/4QJ
IAv/LEXH9B+hQ96zdLGMCcHI2crWF8l0yZ/DtgkpdlcyS7dNbjLtedtmgrOMSQub
LE02tqoSUR491mQbRuXD49+kJsHXZH8I1YZqOShzPZ7+ksvnBd64txhef8OBlCzE
elT60nOC3Jm8k3i0HwPcCYfDrh6+MJfC2dvfgktAcyu8rm1Q/ZelxaaXok17wUKg
D8nDrVCOfTND1RCGcqJ3YVjYDhBrMdK+5NSuC5KOJUpVZbKgTOilnOM7B/Os8HJC
fxLkDyGV/oQ=
     	                  </ds:X509Certificate>
          </ds:X509Data>
        </ds:KeyInfo>
      </KeyDescriptor>
      <SingleLogoutService Binding="urn:oasis:names:tc:SAML:2.0:bindings:HTTP-Redirect" Location="https://wayf.surfnet.nl/federate/saml20"/>
      <NameIDFormat>urn:oasis:names:tc:SAML:2.0:nameid-format:persistent</NameIDFormat>
      <NameIDFormat>urn:oasis:names:tc:SAML:2.0:nameid-format:transient</NameIDFormat>
      <SingleSignOnService Binding="urn:oasis:names:tc:SAML:2.0:bindings:HTTP-Redirect" Location="https://wayf.surfnet.nl/federate/saml20/https%253A%252F%252Flogin.ahk.nl%252Fsimplesaml%252Fsaml2%252Fidp%252Fmetadata.php"/>
      <SingleSignOnService Binding="urn:oasis:names:tc:SAML:2.0:bindings:HTTP-POST" Location="https://wayf.surfnet.nl/federate/saml20/https%253A%252F%252Flogin.ahk.nl%252Fsimplesaml%252Fsaml2%252Fidp%252Fmetadata.php"/>
    </IDPSSODescriptor>
    <Organization>
      <OrganizationName xml:lang="en">Amsterdamse Hogeschool voor de Kunsten</OrganizationName>
      <OrganizationDisplayName xml:lang="en">Amsterdamse Hogeschool voor de Kunsten</OrganizationDisplayName>
      <OrganizationURL xml:lang="en">http://www.surffederatie.nl</OrganizationURL>
    </Organization>
    <ContactPerson contactType="technical">
      <SurName>AAI Beheer</SurName>
      <EmailAddress>aai-beheer@surfnet.nl</EmailAddress>
    </ContactPerson>
    <ContactPerson contactType="administrative">
      <GivenName>SURFfederatie Beheer</GivenName>
      <EmailAddress>federatie-beheer@surfnet.nl</EmailAddress>
    </ContactPerson>
  </EntityDescriptor>
  <EntityDescriptor xmlns="urn:oasis:names:tc:SAML:2.0:metadata" entityID="http://adfs.artez.nl/adfs/services/trust">
    <IDPSSODescriptor protocolSupportEnumeration="urn:oasis:names:tc:SAML:2.0:protocol">
      <KeyDescriptor use="signing">
        <ds:KeyInfo xmlns:ds="http://www.w3.org/2000/09/xmldsig#">
          <ds:X509Data>
            <ds:X509Certificate>
MIIEVDCCAzygAwIBAgIJANm7yUGYaeG1MA0GCSqGSIb3DQEBBQUAMHkxCzAJBgNV
BAYTAk5MMRAwDgYDVQQKEwdTVVJGbmV0MREwDwYDVQQLEwhTZXJ2aWNlczEZMBcG
A1UEAxMQRmVkZXJhdGllIEJlaGVlcjEqMCgGCSqGSIb3DQEJARYbZmVkZXJhdGll
LWJlaGVlckBzdXJmbmV0Lm5sMB4XDTA4MDYwNTE1MDgyMVoXDTIzMDYwMjE1MDgy
MVoweTELMAkGA1UEBhMCTkwxEDAOBgNVBAoTB1NVUkZuZXQxETAPBgNVBAsTCFNl
cnZpY2VzMRkwFwYDVQQDExBGZWRlcmF0aWUgQmVoZWVyMSowKAYJKoZIhvcNAQkB
FhtmZWRlcmF0aWUtYmVoZWVyQHN1cmZuZXQubmwwggEiMA0GCSqGSIb3DQEBAQUA
A4IBDwAwggEKAoIBAQC/x+YuMaHyS3xeogfBB6hWrL4Frp+KzOuu4IixfhMHz3xI
G5l7p2aNV8UrEXevOwMWCgMNxjfSLdZBgNhR14GBh2cVGCx9f/wUtB86scmkP3Pr
RLoZWu/EIY6MEbgET3D3tkdGuVejQwwhJTlK2xxWHtEdEL5abjYLveDg6Lb6z9od
ljFevylBMZO+5LwTjpa3+B+07oMZr2sV1yjsG2BEBwTFz4XZzJAabeK9UO836qhN
ptktjffoCNen33tNCjzqci4wzgQef3CNA/Ef0tMKGotdldKC6FtHvXixmVY5RKUK
Iutm8sRwne8XYqrD54BAgXZQ0ZovxFbvGhA77YXxAgMBAAGjgd4wgdswHQYDVR0O
BBYEFJNoYjIYUrDN/h1+9BZYOTk7jQBNMIGrBgNVHSMEgaMwgaCAFJNoYjIYUrDN
/h1+9BZYOTk7jQBNoX2kezB5MQswCQYDVQQGEwJOTDEQMA4GA1UEChMHU1VSRm5l
dDERMA8GA1UECxMIU2VydmljZXMxGTAXBgNVBAMTEEZlZGVyYXRpZSBCZWhlZXIx
KjAoBgkqhkiG9w0BCQEWG2ZlZGVyYXRpZS1iZWhlZXJAc3VyZm5ldC5ubIIJANm7
yUGYaeG1MAwGA1UdEwQFMAMBAf8wDQYJKoZIhvcNAQEFBQADggEBAI4IxrYPwwjJ
D9gO1Vzt8ByeQaRe+V0Mv5Ox9RlcXV33WX8Ny8hqUS4/kjs9v7JOuOw7TRop/4QJ
IAv/LEXH9B+hQ96zdLGMCcHI2crWF8l0yZ/DtgkpdlcyS7dNbjLtedtmgrOMSQub
LE02tqoSUR491mQbRuXD49+kJsHXZH8I1YZqOShzPZ7+ksvnBd64txhef8OBlCzE
elT60nOC3Jm8k3i0HwPcCYfDrh6+MJfC2dvfgktAcyu8rm1Q/ZelxaaXok17wUKg
D8nDrVCOfTND1RCGcqJ3YVjYDhBrMdK+5NSuC5KOJUpVZbKgTOilnOM7B/Os8HJC
fxLkDyGV/oQ=
     	                  </ds:X509Certificate>
          </ds:X509Data>
        </ds:KeyInfo>
      </KeyDescriptor>
      <SingleLogoutService Binding="urn:oasis:names:tc:SAML:2.0:bindings:HTTP-Redirect" Location="https://wayf.surfnet.nl/federate/saml20"/>
      <NameIDFormat>urn:oasis:names:tc:SAML:2.0:nameid-format:persistent</NameIDFormat>
      <NameIDFormat>urn:oasis:names:tc:SAML:2.0:nameid-format:transient</NameIDFormat>
      <SingleSignOnService Binding="urn:oasis:names:tc:SAML:2.0:bindings:HTTP-Redirect" Location="https://wayf.surfnet.nl/federate/saml20/http%253A%252F%252Fadfs.artez.nl%252Fadfs%252Fservices%252Ftrust"/>
      <SingleSignOnService Binding="urn:oasis:names:tc:SAML:2.0:bindings:HTTP-POST" Location="https://wayf.surfnet.nl/federate/saml20/http%253A%252F%252Fadfs.artez.nl%252Fadfs%252Fservices%252Ftrust"/>
    </IDPSSODescriptor>
    <Organization>
      <OrganizationName xml:lang="en">ArtEZ Hogeschool voor de Kunsten</OrganizationName>
      <OrganizationDisplayName xml:lang="en">ArtEZ Hogeschool voor de Kunsten</OrganizationDisplayName>
      <OrganizationURL xml:lang="en">http://www.surffederatie.nl</OrganizationURL>
    </Organization>
    <ContactPerson contactType="technical">
      <SurName>AAI Beheer</SurName>
      <EmailAddress>aai-beheer@surfnet.nl</EmailAddress>
    </ContactPerson>
    <ContactPerson contactType="administrative">
      <GivenName>SURFfederatie Beheer</GivenName>
      <EmailAddress>federatie-beheer@surfnet.nl</EmailAddress>
    </ContactPerson>
  </EntityDescriptor>
  <EntityDescriptor xmlns="urn:oasis:names:tc:SAML:2.0:metadata" entityID="https://nam-id.astron.nl/nidp/saml2/metadata">
    <IDPSSODescriptor protocolSupportEnumeration="urn:oasis:names:tc:SAML:2.0:protocol">
      <KeyDescriptor use="signing">
        <ds:KeyInfo xmlns:ds="http://www.w3.org/2000/09/xmldsig#">
          <ds:X509Data>
            <ds:X509Certificate>
MIIEVDCCAzygAwIBAgIJANm7yUGYaeG1MA0GCSqGSIb3DQEBBQUAMHkxCzAJBgNV
BAYTAk5MMRAwDgYDVQQKEwdTVVJGbmV0MREwDwYDVQQLEwhTZXJ2aWNlczEZMBcG
A1UEAxMQRmVkZXJhdGllIEJlaGVlcjEqMCgGCSqGSIb3DQEJARYbZmVkZXJhdGll
LWJlaGVlckBzdXJmbmV0Lm5sMB4XDTA4MDYwNTE1MDgyMVoXDTIzMDYwMjE1MDgy
MVoweTELMAkGA1UEBhMCTkwxEDAOBgNVBAoTB1NVUkZuZXQxETAPBgNVBAsTCFNl
cnZpY2VzMRkwFwYDVQQDExBGZWRlcmF0aWUgQmVoZWVyMSowKAYJKoZIhvcNAQkB
FhtmZWRlcmF0aWUtYmVoZWVyQHN1cmZuZXQubmwwggEiMA0GCSqGSIb3DQEBAQUA
A4IBDwAwggEKAoIBAQC/x+YuMaHyS3xeogfBB6hWrL4Frp+KzOuu4IixfhMHz3xI
G5l7p2aNV8UrEXevOwMWCgMNxjfSLdZBgNhR14GBh2cVGCx9f/wUtB86scmkP3Pr
RLoZWu/EIY6MEbgET3D3tkdGuVejQwwhJTlK2xxWHtEdEL5abjYLveDg6Lb6z9od
ljFevylBMZO+5LwTjpa3+B+07oMZr2sV1yjsG2BEBwTFz4XZzJAabeK9UO836qhN
ptktjffoCNen33tNCjzqci4wzgQef3CNA/Ef0tMKGotdldKC6FtHvXixmVY5RKUK
Iutm8sRwne8XYqrD54BAgXZQ0ZovxFbvGhA77YXxAgMBAAGjgd4wgdswHQYDVR0O
BBYEFJNoYjIYUrDN/h1+9BZYOTk7jQBNMIGrBgNVHSMEgaMwgaCAFJNoYjIYUrDN
/h1+9BZYOTk7jQBNoX2kezB5MQswCQYDVQQGEwJOTDEQMA4GA1UEChMHU1VSRm5l
dDERMA8GA1UECxMIU2VydmljZXMxGTAXBgNVBAMTEEZlZGVyYXRpZSBCZWhlZXIx
KjAoBgkqhkiG9w0BCQEWG2ZlZGVyYXRpZS1iZWhlZXJAc3VyZm5ldC5ubIIJANm7
yUGYaeG1MAwGA1UdEwQFMAMBAf8wDQYJKoZIhvcNAQEFBQADggEBAI4IxrYPwwjJ
D9gO1Vzt8ByeQaRe+V0Mv5Ox9RlcXV33WX8Ny8hqUS4/kjs9v7JOuOw7TRop/4QJ
IAv/LEXH9B+hQ96zdLGMCcHI2crWF8l0yZ/DtgkpdlcyS7dNbjLtedtmgrOMSQub
LE02tqoSUR491mQbRuXD49+kJsHXZH8I1YZqOShzPZ7+ksvnBd64txhef8OBlCzE
elT60nOC3Jm8k3i0HwPcCYfDrh6+MJfC2dvfgktAcyu8rm1Q/ZelxaaXok17wUKg
D8nDrVCOfTND1RCGcqJ3YVjYDhBrMdK+5NSuC5KOJUpVZbKgTOilnOM7B/Os8HJC
fxLkDyGV/oQ=
     	                  </ds:X509Certificate>
          </ds:X509Data>
        </ds:KeyInfo>
      </KeyDescriptor>
      <SingleLogoutService Binding="urn:oasis:names:tc:SAML:2.0:bindings:HTTP-Redirect" Location="https://wayf.surfnet.nl/federate/saml20"/>
      <NameIDFormat>urn:oasis:names:tc:SAML:2.0:nameid-format:persistent</NameIDFormat>
      <NameIDFormat>urn:oasis:names:tc:SAML:2.0:nameid-format:transient</NameIDFormat>
      <SingleSignOnService Binding="urn:oasis:names:tc:SAML:2.0:bindings:HTTP-Redirect" Location="https://wayf.surfnet.nl/federate/saml20/https%253A%252F%252Fnam-id.astron.nl%252Fnidp%252Fsaml2%252Fmetadata"/>
      <SingleSignOnService Binding="urn:oasis:names:tc:SAML:2.0:bindings:HTTP-POST" Location="https://wayf.surfnet.nl/federate/saml20/https%253A%252F%252Fnam-id.astron.nl%252Fnidp%252Fsaml2%252Fmetadata"/>
    </IDPSSODescriptor>
    <Organization>
      <OrganizationName xml:lang="en">ASTRON</OrganizationName>
      <OrganizationDisplayName xml:lang="en">ASTRON</OrganizationDisplayName>
      <OrganizationURL xml:lang="en">http://www.surffederatie.nl</OrganizationURL>
    </Organization>
    <ContactPerson contactType="technical">
      <SurName>AAI Beheer</SurName>
      <EmailAddress>aai-beheer@surfnet.nl</EmailAddress>
    </ContactPerson>
    <ContactPerson contactType="administrative">
      <GivenName>SURFfederatie Beheer</GivenName>
      <EmailAddress>federatie-beheer@surfnet.nl</EmailAddress>
    </ContactPerson>
  </EntityDescriptor>
  <EntityDescriptor xmlns="urn:oasis:names:tc:SAML:2.0:metadata" entityID="https://login.avans.nl/nidp/saml2/metadata">
    <IDPSSODescriptor protocolSupportEnumeration="urn:oasis:names:tc:SAML:2.0:protocol">
      <KeyDescriptor use="signing">
        <ds:KeyInfo xmlns:ds="http://www.w3.org/2000/09/xmldsig#">
          <ds:X509Data>
            <ds:X509Certificate>
MIIEVDCCAzygAwIBAgIJANm7yUGYaeG1MA0GCSqGSIb3DQEBBQUAMHkxCzAJBgNV
BAYTAk5MMRAwDgYDVQQKEwdTVVJGbmV0MREwDwYDVQQLEwhTZXJ2aWNlczEZMBcG
A1UEAxMQRmVkZXJhdGllIEJlaGVlcjEqMCgGCSqGSIb3DQEJARYbZmVkZXJhdGll
LWJlaGVlckBzdXJmbmV0Lm5sMB4XDTA4MDYwNTE1MDgyMVoXDTIzMDYwMjE1MDgy
MVoweTELMAkGA1UEBhMCTkwxEDAOBgNVBAoTB1NVUkZuZXQxETAPBgNVBAsTCFNl
cnZpY2VzMRkwFwYDVQQDExBGZWRlcmF0aWUgQmVoZWVyMSowKAYJKoZIhvcNAQkB
FhtmZWRlcmF0aWUtYmVoZWVyQHN1cmZuZXQubmwwggEiMA0GCSqGSIb3DQEBAQUA
A4IBDwAwggEKAoIBAQC/x+YuMaHyS3xeogfBB6hWrL4Frp+KzOuu4IixfhMHz3xI
G5l7p2aNV8UrEXevOwMWCgMNxjfSLdZBgNhR14GBh2cVGCx9f/wUtB86scmkP3Pr
RLoZWu/EIY6MEbgET3D3tkdGuVejQwwhJTlK2xxWHtEdEL5abjYLveDg6Lb6z9od
ljFevylBMZO+5LwTjpa3+B+07oMZr2sV1yjsG2BEBwTFz4XZzJAabeK9UO836qhN
ptktjffoCNen33tNCjzqci4wzgQef3CNA/Ef0tMKGotdldKC6FtHvXixmVY5RKUK
Iutm8sRwne8XYqrD54BAgXZQ0ZovxFbvGhA77YXxAgMBAAGjgd4wgdswHQYDVR0O
BBYEFJNoYjIYUrDN/h1+9BZYOTk7jQBNMIGrBgNVHSMEgaMwgaCAFJNoYjIYUrDN
/h1+9BZYOTk7jQBNoX2kezB5MQswCQYDVQQGEwJOTDEQMA4GA1UEChMHU1VSRm5l
dDERMA8GA1UECxMIU2VydmljZXMxGTAXBgNVBAMTEEZlZGVyYXRpZSBCZWhlZXIx
KjAoBgkqhkiG9w0BCQEWG2ZlZGVyYXRpZS1iZWhlZXJAc3VyZm5ldC5ubIIJANm7
yUGYaeG1MAwGA1UdEwQFMAMBAf8wDQYJKoZIhvcNAQEFBQADggEBAI4IxrYPwwjJ
D9gO1Vzt8ByeQaRe+V0Mv5Ox9RlcXV33WX8Ny8hqUS4/kjs9v7JOuOw7TRop/4QJ
IAv/LEXH9B+hQ96zdLGMCcHI2crWF8l0yZ/DtgkpdlcyS7dNbjLtedtmgrOMSQub
LE02tqoSUR491mQbRuXD49+kJsHXZH8I1YZqOShzPZ7+ksvnBd64txhef8OBlCzE
elT60nOC3Jm8k3i0HwPcCYfDrh6+MJfC2dvfgktAcyu8rm1Q/ZelxaaXok17wUKg
D8nDrVCOfTND1RCGcqJ3YVjYDhBrMdK+5NSuC5KOJUpVZbKgTOilnOM7B/Os8HJC
fxLkDyGV/oQ=
     	                  </ds:X509Certificate>
          </ds:X509Data>
        </ds:KeyInfo>
      </KeyDescriptor>
      <SingleLogoutService Binding="urn:oasis:names:tc:SAML:2.0:bindings:HTTP-Redirect" Location="https://wayf.surfnet.nl/federate/saml20"/>
      <NameIDFormat>urn:oasis:names:tc:SAML:2.0:nameid-format:persistent</NameIDFormat>
      <NameIDFormat>urn:oasis:names:tc:SAML:2.0:nameid-format:transient</NameIDFormat>
      <SingleSignOnService Binding="urn:oasis:names:tc:SAML:2.0:bindings:HTTP-Redirect" Location="https://wayf.surfnet.nl/federate/saml20/https%253A%252F%252Flogin.avans.nl%252Fnidp%252Fsaml2%252Fmetadata"/>
      <SingleSignOnService Binding="urn:oasis:names:tc:SAML:2.0:bindings:HTTP-POST" Location="https://wayf.surfnet.nl/federate/saml20/https%253A%252F%252Flogin.avans.nl%252Fnidp%252Fsaml2%252Fmetadata"/>
    </IDPSSODescriptor>
    <Organization>
      <OrganizationName xml:lang="en">Avans Hogeschool</OrganizationName>
      <OrganizationDisplayName xml:lang="en">Avans Hogeschool</OrganizationDisplayName>
      <OrganizationURL xml:lang="en">http://www.surffederatie.nl</OrganizationURL>
    </Organization>
    <ContactPerson contactType="technical">
      <SurName>AAI Beheer</SurName>
      <EmailAddress>aai-beheer@surfnet.nl</EmailAddress>
    </ContactPerson>
    <ContactPerson contactType="administrative">
      <GivenName>SURFfederatie Beheer</GivenName>
      <EmailAddress>federatie-beheer@surfnet.nl</EmailAddress>
    </ContactPerson>
  </EntityDescriptor>
  <EntityDescriptor xmlns="urn:oasis:names:tc:SAML:2.0:metadata" entityID="http://surfspot.biblionetwerken.nl/adfs/services/trust">
    <IDPSSODescriptor protocolSupportEnumeration="urn:oasis:names:tc:SAML:2.0:protocol">
      <KeyDescriptor use="signing">
        <ds:KeyInfo xmlns:ds="http://www.w3.org/2000/09/xmldsig#">
          <ds:X509Data>
            <ds:X509Certificate>
MIIEVDCCAzygAwIBAgIJANm7yUGYaeG1MA0GCSqGSIb3DQEBBQUAMHkxCzAJBgNV
BAYTAk5MMRAwDgYDVQQKEwdTVVJGbmV0MREwDwYDVQQLEwhTZXJ2aWNlczEZMBcG
A1UEAxMQRmVkZXJhdGllIEJlaGVlcjEqMCgGCSqGSIb3DQEJARYbZmVkZXJhdGll
LWJlaGVlckBzdXJmbmV0Lm5sMB4XDTA4MDYwNTE1MDgyMVoXDTIzMDYwMjE1MDgy
MVoweTELMAkGA1UEBhMCTkwxEDAOBgNVBAoTB1NVUkZuZXQxETAPBgNVBAsTCFNl
cnZpY2VzMRkwFwYDVQQDExBGZWRlcmF0aWUgQmVoZWVyMSowKAYJKoZIhvcNAQkB
FhtmZWRlcmF0aWUtYmVoZWVyQHN1cmZuZXQubmwwggEiMA0GCSqGSIb3DQEBAQUA
A4IBDwAwggEKAoIBAQC/x+YuMaHyS3xeogfBB6hWrL4Frp+KzOuu4IixfhMHz3xI
G5l7p2aNV8UrEXevOwMWCgMNxjfSLdZBgNhR14GBh2cVGCx9f/wUtB86scmkP3Pr
RLoZWu/EIY6MEbgET3D3tkdGuVejQwwhJTlK2xxWHtEdEL5abjYLveDg6Lb6z9od
ljFevylBMZO+5LwTjpa3+B+07oMZr2sV1yjsG2BEBwTFz4XZzJAabeK9UO836qhN
ptktjffoCNen33tNCjzqci4wzgQef3CNA/Ef0tMKGotdldKC6FtHvXixmVY5RKUK
Iutm8sRwne8XYqrD54BAgXZQ0ZovxFbvGhA77YXxAgMBAAGjgd4wgdswHQYDVR0O
BBYEFJNoYjIYUrDN/h1+9BZYOTk7jQBNMIGrBgNVHSMEgaMwgaCAFJNoYjIYUrDN
/h1+9BZYOTk7jQBNoX2kezB5MQswCQYDVQQGEwJOTDEQMA4GA1UEChMHU1VSRm5l
dDERMA8GA1UECxMIU2VydmljZXMxGTAXBgNVBAMTEEZlZGVyYXRpZSBCZWhlZXIx
KjAoBgkqhkiG9w0BCQEWG2ZlZGVyYXRpZS1iZWhlZXJAc3VyZm5ldC5ubIIJANm7
yUGYaeG1MAwGA1UdEwQFMAMBAf8wDQYJKoZIhvcNAQEFBQADggEBAI4IxrYPwwjJ
D9gO1Vzt8ByeQaRe+V0Mv5Ox9RlcXV33WX8Ny8hqUS4/kjs9v7JOuOw7TRop/4QJ
IAv/LEXH9B+hQ96zdLGMCcHI2crWF8l0yZ/DtgkpdlcyS7dNbjLtedtmgrOMSQub
LE02tqoSUR491mQbRuXD49+kJsHXZH8I1YZqOShzPZ7+ksvnBd64txhef8OBlCzE
elT60nOC3Jm8k3i0HwPcCYfDrh6+MJfC2dvfgktAcyu8rm1Q/ZelxaaXok17wUKg
D8nDrVCOfTND1RCGcqJ3YVjYDhBrMdK+5NSuC5KOJUpVZbKgTOilnOM7B/Os8HJC
fxLkDyGV/oQ=
     	                  </ds:X509Certificate>
          </ds:X509Data>
        </ds:KeyInfo>
      </KeyDescriptor>
      <SingleLogoutService Binding="urn:oasis:names:tc:SAML:2.0:bindings:HTTP-Redirect" Location="https://wayf.surfnet.nl/federate/saml20"/>
      <NameIDFormat>urn:oasis:names:tc:SAML:2.0:nameid-format:persistent</NameIDFormat>
      <NameIDFormat>urn:oasis:names:tc:SAML:2.0:nameid-format:transient</NameIDFormat>
      <SingleSignOnService Binding="urn:oasis:names:tc:SAML:2.0:bindings:HTTP-Redirect" Location="https://wayf.surfnet.nl/federate/saml20/http%253A%252F%252Fsurfspot.biblionetwerken.nl%252Fadfs%252Fservices%252Ftrust"/>
      <SingleSignOnService Binding="urn:oasis:names:tc:SAML:2.0:bindings:HTTP-POST" Location="https://wayf.surfnet.nl/federate/saml20/http%253A%252F%252Fsurfspot.biblionetwerken.nl%252Fadfs%252Fservices%252Ftrust"/>
    </IDPSSODescriptor>
    <Organization>
      <OrganizationName xml:lang="en">Biblionet Groningen</OrganizationName>
      <OrganizationDisplayName xml:lang="en">Biblionet Groningen</OrganizationDisplayName>
      <OrganizationURL xml:lang="en">http://www.surffederatie.nl</OrganizationURL>
    </Organization>
    <ContactPerson contactType="technical">
      <SurName>AAI Beheer</SurName>
      <EmailAddress>aai-beheer@surfnet.nl</EmailAddress>
    </ContactPerson>
    <ContactPerson contactType="administrative">
      <GivenName>SURFfederatie Beheer</GivenName>
      <EmailAddress>federatie-beheer@surfnet.nl</EmailAddress>
    </ContactPerson>
  </EntityDescriptor>
  <EntityDescriptor xmlns="urn:oasis:names:tc:SAML:2.0:metadata" entityID="http://remote.bplusc.nl/adfs/services/trust">
    <IDPSSODescriptor protocolSupportEnumeration="urn:oasis:names:tc:SAML:2.0:protocol">
      <KeyDescriptor use="signing">
        <ds:KeyInfo xmlns:ds="http://www.w3.org/2000/09/xmldsig#">
          <ds:X509Data>
            <ds:X509Certificate>
MIIEVDCCAzygAwIBAgIJANm7yUGYaeG1MA0GCSqGSIb3DQEBBQUAMHkxCzAJBgNV
BAYTAk5MMRAwDgYDVQQKEwdTVVJGbmV0MREwDwYDVQQLEwhTZXJ2aWNlczEZMBcG
A1UEAxMQRmVkZXJhdGllIEJlaGVlcjEqMCgGCSqGSIb3DQEJARYbZmVkZXJhdGll
LWJlaGVlckBzdXJmbmV0Lm5sMB4XDTA4MDYwNTE1MDgyMVoXDTIzMDYwMjE1MDgy
MVoweTELMAkGA1UEBhMCTkwxEDAOBgNVBAoTB1NVUkZuZXQxETAPBgNVBAsTCFNl
cnZpY2VzMRkwFwYDVQQDExBGZWRlcmF0aWUgQmVoZWVyMSowKAYJKoZIhvcNAQkB
FhtmZWRlcmF0aWUtYmVoZWVyQHN1cmZuZXQubmwwggEiMA0GCSqGSIb3DQEBAQUA
A4IBDwAwggEKAoIBAQC/x+YuMaHyS3xeogfBB6hWrL4Frp+KzOuu4IixfhMHz3xI
G5l7p2aNV8UrEXevOwMWCgMNxjfSLdZBgNhR14GBh2cVGCx9f/wUtB86scmkP3Pr
RLoZWu/EIY6MEbgET3D3tkdGuVejQwwhJTlK2xxWHtEdEL5abjYLveDg6Lb6z9od
ljFevylBMZO+5LwTjpa3+B+07oMZr2sV1yjsG2BEBwTFz4XZzJAabeK9UO836qhN
ptktjffoCNen33tNCjzqci4wzgQef3CNA/Ef0tMKGotdldKC6FtHvXixmVY5RKUK
Iutm8sRwne8XYqrD54BAgXZQ0ZovxFbvGhA77YXxAgMBAAGjgd4wgdswHQYDVR0O
BBYEFJNoYjIYUrDN/h1+9BZYOTk7jQBNMIGrBgNVHSMEgaMwgaCAFJNoYjIYUrDN
/h1+9BZYOTk7jQBNoX2kezB5MQswCQYDVQQGEwJOTDEQMA4GA1UEChMHU1VSRm5l
dDERMA8GA1UECxMIU2VydmljZXMxGTAXBgNVBAMTEEZlZGVyYXRpZSBCZWhlZXIx
KjAoBgkqhkiG9w0BCQEWG2ZlZGVyYXRpZS1iZWhlZXJAc3VyZm5ldC5ubIIJANm7
yUGYaeG1MAwGA1UdEwQFMAMBAf8wDQYJKoZIhvcNAQEFBQADggEBAI4IxrYPwwjJ
D9gO1Vzt8ByeQaRe+V0Mv5Ox9RlcXV33WX8Ny8hqUS4/kjs9v7JOuOw7TRop/4QJ
IAv/LEXH9B+hQ96zdLGMCcHI2crWF8l0yZ/DtgkpdlcyS7dNbjLtedtmgrOMSQub
LE02tqoSUR491mQbRuXD49+kJsHXZH8I1YZqOShzPZ7+ksvnBd64txhef8OBlCzE
elT60nOC3Jm8k3i0HwPcCYfDrh6+MJfC2dvfgktAcyu8rm1Q/ZelxaaXok17wUKg
D8nDrVCOfTND1RCGcqJ3YVjYDhBrMdK+5NSuC5KOJUpVZbKgTOilnOM7B/Os8HJC
fxLkDyGV/oQ=
     	                  </ds:X509Certificate>
          </ds:X509Data>
        </ds:KeyInfo>
      </KeyDescriptor>
      <SingleLogoutService Binding="urn:oasis:names:tc:SAML:2.0:bindings:HTTP-Redirect" Location="https://wayf.surfnet.nl/federate/saml20"/>
      <NameIDFormat>urn:oasis:names:tc:SAML:2.0:nameid-format:persistent</NameIDFormat>
      <NameIDFormat>urn:oasis:names:tc:SAML:2.0:nameid-format:transient</NameIDFormat>
      <SingleSignOnService Binding="urn:oasis:names:tc:SAML:2.0:bindings:HTTP-Redirect" Location="https://wayf.surfnet.nl/federate/saml20/http%253A%252F%252Fremote.bplusc.nl%252Fadfs%252Fservices%252Ftrust"/>
      <SingleSignOnService Binding="urn:oasis:names:tc:SAML:2.0:bindings:HTTP-POST" Location="https://wayf.surfnet.nl/federate/saml20/http%253A%252F%252Fremote.bplusc.nl%252Fadfs%252Fservices%252Ftrust"/>
    </IDPSSODescriptor>
    <Organization>
      <OrganizationName xml:lang="en">Bibliotheek plus Centrum voor kunst en cultuur</OrganizationName>
      <OrganizationDisplayName xml:lang="en">Bibliotheek plus Centrum voor kunst en cultuur</OrganizationDisplayName>
      <OrganizationURL xml:lang="en">http://www.surffederatie.nl</OrganizationURL>
    </Organization>
    <ContactPerson contactType="technical">
      <SurName>AAI Beheer</SurName>
      <EmailAddress>aai-beheer@surfnet.nl</EmailAddress>
    </ContactPerson>
    <ContactPerson contactType="administrative">
      <GivenName>SURFfederatie Beheer</GivenName>
      <EmailAddress>federatie-beheer@surfnet.nl</EmailAddress>
    </ContactPerson>
  </EntityDescriptor>
  <EntityDescriptor xmlns="urn:oasis:names:tc:SAML:2.0:metadata" entityID="urn:federation:knaw:bureau">
    <IDPSSODescriptor protocolSupportEnumeration="urn:oasis:names:tc:SAML:2.0:protocol">
      <KeyDescriptor use="signing">
        <ds:KeyInfo xmlns:ds="http://www.w3.org/2000/09/xmldsig#">
          <ds:X509Data>
            <ds:X509Certificate>
MIIEVDCCAzygAwIBAgIJANm7yUGYaeG1MA0GCSqGSIb3DQEBBQUAMHkxCzAJBgNV
BAYTAk5MMRAwDgYDVQQKEwdTVVJGbmV0MREwDwYDVQQLEwhTZXJ2aWNlczEZMBcG
A1UEAxMQRmVkZXJhdGllIEJlaGVlcjEqMCgGCSqGSIb3DQEJARYbZmVkZXJhdGll
LWJlaGVlckBzdXJmbmV0Lm5sMB4XDTA4MDYwNTE1MDgyMVoXDTIzMDYwMjE1MDgy
MVoweTELMAkGA1UEBhMCTkwxEDAOBgNVBAoTB1NVUkZuZXQxETAPBgNVBAsTCFNl
cnZpY2VzMRkwFwYDVQQDExBGZWRlcmF0aWUgQmVoZWVyMSowKAYJKoZIhvcNAQkB
FhtmZWRlcmF0aWUtYmVoZWVyQHN1cmZuZXQubmwwggEiMA0GCSqGSIb3DQEBAQUA
A4IBDwAwggEKAoIBAQC/x+YuMaHyS3xeogfBB6hWrL4Frp+KzOuu4IixfhMHz3xI
G5l7p2aNV8UrEXevOwMWCgMNxjfSLdZBgNhR14GBh2cVGCx9f/wUtB86scmkP3Pr
RLoZWu/EIY6MEbgET3D3tkdGuVejQwwhJTlK2xxWHtEdEL5abjYLveDg6Lb6z9od
ljFevylBMZO+5LwTjpa3+B+07oMZr2sV1yjsG2BEBwTFz4XZzJAabeK9UO836qhN
ptktjffoCNen33tNCjzqci4wzgQef3CNA/Ef0tMKGotdldKC6FtHvXixmVY5RKUK
Iutm8sRwne8XYqrD54BAgXZQ0ZovxFbvGhA77YXxAgMBAAGjgd4wgdswHQYDVR0O
BBYEFJNoYjIYUrDN/h1+9BZYOTk7jQBNMIGrBgNVHSMEgaMwgaCAFJNoYjIYUrDN
/h1+9BZYOTk7jQBNoX2kezB5MQswCQYDVQQGEwJOTDEQMA4GA1UEChMHU1VSRm5l
dDERMA8GA1UECxMIU2VydmljZXMxGTAXBgNVBAMTEEZlZGVyYXRpZSBCZWhlZXIx
KjAoBgkqhkiG9w0BCQEWG2ZlZGVyYXRpZS1iZWhlZXJAc3VyZm5ldC5ubIIJANm7
yUGYaeG1MAwGA1UdEwQFMAMBAf8wDQYJKoZIhvcNAQEFBQADggEBAI4IxrYPwwjJ
D9gO1Vzt8ByeQaRe+V0Mv5Ox9RlcXV33WX8Ny8hqUS4/kjs9v7JOuOw7TRop/4QJ
IAv/LEXH9B+hQ96zdLGMCcHI2crWF8l0yZ/DtgkpdlcyS7dNbjLtedtmgrOMSQub
LE02tqoSUR491mQbRuXD49+kJsHXZH8I1YZqOShzPZ7+ksvnBd64txhef8OBlCzE
elT60nOC3Jm8k3i0HwPcCYfDrh6+MJfC2dvfgktAcyu8rm1Q/ZelxaaXok17wUKg
D8nDrVCOfTND1RCGcqJ3YVjYDhBrMdK+5NSuC5KOJUpVZbKgTOilnOM7B/Os8HJC
fxLkDyGV/oQ=
     	                  </ds:X509Certificate>
          </ds:X509Data>
        </ds:KeyInfo>
      </KeyDescriptor>
      <SingleLogoutService Binding="urn:oasis:names:tc:SAML:2.0:bindings:HTTP-Redirect" Location="https://wayf.surfnet.nl/federate/saml20"/>
      <NameIDFormat>urn:oasis:names:tc:SAML:2.0:nameid-format:persistent</NameIDFormat>
      <NameIDFormat>urn:oasis:names:tc:SAML:2.0:nameid-format:transient</NameIDFormat>
      <SingleSignOnService Binding="urn:oasis:names:tc:SAML:2.0:bindings:HTTP-Redirect" Location="https://wayf.surfnet.nl/federate/saml20/urn%253Afederation%253Aknaw%253Abureau"/>
      <SingleSignOnService Binding="urn:oasis:names:tc:SAML:2.0:bindings:HTTP-POST" Location="https://wayf.surfnet.nl/federate/saml20/urn%253Afederation%253Aknaw%253Abureau"/>
    </IDPSSODescriptor>
    <Organization>
      <OrganizationName xml:lang="en">Bureau (KNAW)</OrganizationName>
      <OrganizationDisplayName xml:lang="en">Bureau (KNAW)</OrganizationDisplayName>
      <OrganizationURL xml:lang="en">http://www.surffederatie.nl</OrganizationURL>
    </Organization>
    <ContactPerson contactType="technical">
      <SurName>AAI Beheer</SurName>
      <EmailAddress>aai-beheer@surfnet.nl</EmailAddress>
    </ContactPerson>
    <ContactPerson contactType="administrative">
      <GivenName>SURFfederatie Beheer</GivenName>
      <EmailAddress>federatie-beheer@surfnet.nl</EmailAddress>
    </ContactPerson>
  </EntityDescriptor>
  <EntityDescriptor xmlns="urn:oasis:names:tc:SAML:2.0:metadata" entityID="https://federatie.cbg.nl/saml2/idp/metadata.php">
    <IDPSSODescriptor protocolSupportEnumeration="urn:oasis:names:tc:SAML:2.0:protocol">
      <KeyDescriptor use="signing">
        <ds:KeyInfo xmlns:ds="http://www.w3.org/2000/09/xmldsig#">
          <ds:X509Data>
            <ds:X509Certificate>
MIIEVDCCAzygAwIBAgIJANm7yUGYaeG1MA0GCSqGSIb3DQEBBQUAMHkxCzAJBgNV
BAYTAk5MMRAwDgYDVQQKEwdTVVJGbmV0MREwDwYDVQQLEwhTZXJ2aWNlczEZMBcG
A1UEAxMQRmVkZXJhdGllIEJlaGVlcjEqMCgGCSqGSIb3DQEJARYbZmVkZXJhdGll
LWJlaGVlckBzdXJmbmV0Lm5sMB4XDTA4MDYwNTE1MDgyMVoXDTIzMDYwMjE1MDgy
MVoweTELMAkGA1UEBhMCTkwxEDAOBgNVBAoTB1NVUkZuZXQxETAPBgNVBAsTCFNl
cnZpY2VzMRkwFwYDVQQDExBGZWRlcmF0aWUgQmVoZWVyMSowKAYJKoZIhvcNAQkB
FhtmZWRlcmF0aWUtYmVoZWVyQHN1cmZuZXQubmwwggEiMA0GCSqGSIb3DQEBAQUA
A4IBDwAwggEKAoIBAQC/x+YuMaHyS3xeogfBB6hWrL4Frp+KzOuu4IixfhMHz3xI
G5l7p2aNV8UrEXevOwMWCgMNxjfSLdZBgNhR14GBh2cVGCx9f/wUtB86scmkP3Pr
RLoZWu/EIY6MEbgET3D3tkdGuVejQwwhJTlK2xxWHtEdEL5abjYLveDg6Lb6z9od
ljFevylBMZO+5LwTjpa3+B+07oMZr2sV1yjsG2BEBwTFz4XZzJAabeK9UO836qhN
ptktjffoCNen33tNCjzqci4wzgQef3CNA/Ef0tMKGotdldKC6FtHvXixmVY5RKUK
Iutm8sRwne8XYqrD54BAgXZQ0ZovxFbvGhA77YXxAgMBAAGjgd4wgdswHQYDVR0O
BBYEFJNoYjIYUrDN/h1+9BZYOTk7jQBNMIGrBgNVHSMEgaMwgaCAFJNoYjIYUrDN
/h1+9BZYOTk7jQBNoX2kezB5MQswCQYDVQQGEwJOTDEQMA4GA1UEChMHU1VSRm5l
dDERMA8GA1UECxMIU2VydmljZXMxGTAXBgNVBAMTEEZlZGVyYXRpZSBCZWhlZXIx
KjAoBgkqhkiG9w0BCQEWG2ZlZGVyYXRpZS1iZWhlZXJAc3VyZm5ldC5ubIIJANm7
yUGYaeG1MAwGA1UdEwQFMAMBAf8wDQYJKoZIhvcNAQEFBQADggEBAI4IxrYPwwjJ
D9gO1Vzt8ByeQaRe+V0Mv5Ox9RlcXV33WX8Ny8hqUS4/kjs9v7JOuOw7TRop/4QJ
IAv/LEXH9B+hQ96zdLGMCcHI2crWF8l0yZ/DtgkpdlcyS7dNbjLtedtmgrOMSQub
LE02tqoSUR491mQbRuXD49+kJsHXZH8I1YZqOShzPZ7+ksvnBd64txhef8OBlCzE
elT60nOC3Jm8k3i0HwPcCYfDrh6+MJfC2dvfgktAcyu8rm1Q/ZelxaaXok17wUKg
D8nDrVCOfTND1RCGcqJ3YVjYDhBrMdK+5NSuC5KOJUpVZbKgTOilnOM7B/Os8HJC
fxLkDyGV/oQ=
     	                  </ds:X509Certificate>
          </ds:X509Data>
        </ds:KeyInfo>
      </KeyDescriptor>
      <SingleLogoutService Binding="urn:oasis:names:tc:SAML:2.0:bindings:HTTP-Redirect" Location="https://wayf.surfnet.nl/federate/saml20"/>
      <NameIDFormat>urn:oasis:names:tc:SAML:2.0:nameid-format:persistent</NameIDFormat>
      <NameIDFormat>urn:oasis:names:tc:SAML:2.0:nameid-format:transient</NameIDFormat>
      <SingleSignOnService Binding="urn:oasis:names:tc:SAML:2.0:bindings:HTTP-Redirect" Location="https://wayf.surfnet.nl/federate/saml20/https%253A%252F%252Ffederatie.cbg.nl%252Fsaml2%252Fidp%252Fmetadata.php"/>
      <SingleSignOnService Binding="urn:oasis:names:tc:SAML:2.0:bindings:HTTP-POST" Location="https://wayf.surfnet.nl/federate/saml20/https%253A%252F%252Ffederatie.cbg.nl%252Fsaml2%252Fidp%252Fmetadata.php"/>
    </IDPSSODescriptor>
    <Organization>
      <OrganizationName xml:lang="en">Centraal Bureau voor Genealogie</OrganizationName>
      <OrganizationDisplayName xml:lang="en">Centraal Bureau voor Genealogie</OrganizationDisplayName>
      <OrganizationURL xml:lang="en">http://www.surffederatie.nl</OrganizationURL>
    </Organization>
    <ContactPerson contactType="technical">
      <SurName>AAI Beheer</SurName>
      <EmailAddress>aai-beheer@surfnet.nl</EmailAddress>
    </ContactPerson>
    <ContactPerson contactType="administrative">
      <GivenName>SURFfederatie Beheer</GivenName>
      <EmailAddress>federatie-beheer@surfnet.nl</EmailAddress>
    </ContactPerson>
  </EntityDescriptor>
  <EntityDescriptor xmlns="urn:oasis:names:tc:SAML:2.0:metadata" entityID="http://adfs2.cbs.knaw.nl/adfs/services/trust">
    <IDPSSODescriptor protocolSupportEnumeration="urn:oasis:names:tc:SAML:2.0:protocol">
      <KeyDescriptor use="signing">
        <ds:KeyInfo xmlns:ds="http://www.w3.org/2000/09/xmldsig#">
          <ds:X509Data>
            <ds:X509Certificate>
MIIEVDCCAzygAwIBAgIJANm7yUGYaeG1MA0GCSqGSIb3DQEBBQUAMHkxCzAJBgNV
BAYTAk5MMRAwDgYDVQQKEwdTVVJGbmV0MREwDwYDVQQLEwhTZXJ2aWNlczEZMBcG
A1UEAxMQRmVkZXJhdGllIEJlaGVlcjEqMCgGCSqGSIb3DQEJARYbZmVkZXJhdGll
LWJlaGVlckBzdXJmbmV0Lm5sMB4XDTA4MDYwNTE1MDgyMVoXDTIzMDYwMjE1MDgy
MVoweTELMAkGA1UEBhMCTkwxEDAOBgNVBAoTB1NVUkZuZXQxETAPBgNVBAsTCFNl
cnZpY2VzMRkwFwYDVQQDExBGZWRlcmF0aWUgQmVoZWVyMSowKAYJKoZIhvcNAQkB
FhtmZWRlcmF0aWUtYmVoZWVyQHN1cmZuZXQubmwwggEiMA0GCSqGSIb3DQEBAQUA
A4IBDwAwggEKAoIBAQC/x+YuMaHyS3xeogfBB6hWrL4Frp+KzOuu4IixfhMHz3xI
G5l7p2aNV8UrEXevOwMWCgMNxjfSLdZBgNhR14GBh2cVGCx9f/wUtB86scmkP3Pr
RLoZWu/EIY6MEbgET3D3tkdGuVejQwwhJTlK2xxWHtEdEL5abjYLveDg6Lb6z9od
ljFevylBMZO+5LwTjpa3+B+07oMZr2sV1yjsG2BEBwTFz4XZzJAabeK9UO836qhN
ptktjffoCNen33tNCjzqci4wzgQef3CNA/Ef0tMKGotdldKC6FtHvXixmVY5RKUK
Iutm8sRwne8XYqrD54BAgXZQ0ZovxFbvGhA77YXxAgMBAAGjgd4wgdswHQYDVR0O
BBYEFJNoYjIYUrDN/h1+9BZYOTk7jQBNMIGrBgNVHSMEgaMwgaCAFJNoYjIYUrDN
/h1+9BZYOTk7jQBNoX2kezB5MQswCQYDVQQGEwJOTDEQMA4GA1UEChMHU1VSRm5l
dDERMA8GA1UECxMIU2VydmljZXMxGTAXBgNVBAMTEEZlZGVyYXRpZSBCZWhlZXIx
KjAoBgkqhkiG9w0BCQEWG2ZlZGVyYXRpZS1iZWhlZXJAc3VyZm5ldC5ubIIJANm7
yUGYaeG1MAwGA1UdEwQFMAMBAf8wDQYJKoZIhvcNAQEFBQADggEBAI4IxrYPwwjJ
D9gO1Vzt8ByeQaRe+V0Mv5Ox9RlcXV33WX8Ny8hqUS4/kjs9v7JOuOw7TRop/4QJ
IAv/LEXH9B+hQ96zdLGMCcHI2crWF8l0yZ/DtgkpdlcyS7dNbjLtedtmgrOMSQub
LE02tqoSUR491mQbRuXD49+kJsHXZH8I1YZqOShzPZ7+ksvnBd64txhef8OBlCzE
elT60nOC3Jm8k3i0HwPcCYfDrh6+MJfC2dvfgktAcyu8rm1Q/ZelxaaXok17wUKg
D8nDrVCOfTND1RCGcqJ3YVjYDhBrMdK+5NSuC5KOJUpVZbKgTOilnOM7B/Os8HJC
fxLkDyGV/oQ=
     	                  </ds:X509Certificate>
          </ds:X509Data>
        </ds:KeyInfo>
      </KeyDescriptor>
      <SingleLogoutService Binding="urn:oasis:names:tc:SAML:2.0:bindings:HTTP-Redirect" Location="https://wayf.surfnet.nl/federate/saml20"/>
      <NameIDFormat>urn:oasis:names:tc:SAML:2.0:nameid-format:persistent</NameIDFormat>
      <NameIDFormat>urn:oasis:names:tc:SAML:2.0:nameid-format:transient</NameIDFormat>
      <SingleSignOnService Binding="urn:oasis:names:tc:SAML:2.0:bindings:HTTP-Redirect" Location="https://wayf.surfnet.nl/federate/saml20/http%253A%252F%252Fadfs2.cbs.knaw.nl%252Fadfs%252Fservices%252Ftrust"/>
      <SingleSignOnService Binding="urn:oasis:names:tc:SAML:2.0:bindings:HTTP-POST" Location="https://wayf.surfnet.nl/federate/saml20/http%253A%252F%252Fadfs2.cbs.knaw.nl%252Fadfs%252Fservices%252Ftrust"/>
    </IDPSSODescriptor>
    <Organization>
      <OrganizationName xml:lang="en">Centraal bureau voor Schimmelcultures (KNAW)</OrganizationName>
      <OrganizationDisplayName xml:lang="en">Centraal bureau voor Schimmelcultures (KNAW)</OrganizationDisplayName>
      <OrganizationURL xml:lang="en">http://www.surffederatie.nl</OrganizationURL>
    </Organization>
    <ContactPerson contactType="technical">
      <SurName>AAI Beheer</SurName>
      <EmailAddress>aai-beheer@surfnet.nl</EmailAddress>
    </ContactPerson>
    <ContactPerson contactType="administrative">
      <GivenName>SURFfederatie Beheer</GivenName>
      <EmailAddress>federatie-beheer@surfnet.nl</EmailAddress>
    </ContactPerson>
  </EntityDescriptor>
  <EntityDescriptor xmlns="urn:oasis:names:tc:SAML:2.0:metadata" entityID="https://idp.cwi.nl/simplesaml/saml2/idp/metadata.php">
    <IDPSSODescriptor protocolSupportEnumeration="urn:oasis:names:tc:SAML:2.0:protocol">
      <KeyDescriptor use="signing">
        <ds:KeyInfo xmlns:ds="http://www.w3.org/2000/09/xmldsig#">
          <ds:X509Data>
            <ds:X509Certificate>
MIIEVDCCAzygAwIBAgIJANm7yUGYaeG1MA0GCSqGSIb3DQEBBQUAMHkxCzAJBgNV
BAYTAk5MMRAwDgYDVQQKEwdTVVJGbmV0MREwDwYDVQQLEwhTZXJ2aWNlczEZMBcG
A1UEAxMQRmVkZXJhdGllIEJlaGVlcjEqMCgGCSqGSIb3DQEJARYbZmVkZXJhdGll
LWJlaGVlckBzdXJmbmV0Lm5sMB4XDTA4MDYwNTE1MDgyMVoXDTIzMDYwMjE1MDgy
MVoweTELMAkGA1UEBhMCTkwxEDAOBgNVBAoTB1NVUkZuZXQxETAPBgNVBAsTCFNl
cnZpY2VzMRkwFwYDVQQDExBGZWRlcmF0aWUgQmVoZWVyMSowKAYJKoZIhvcNAQkB
FhtmZWRlcmF0aWUtYmVoZWVyQHN1cmZuZXQubmwwggEiMA0GCSqGSIb3DQEBAQUA
A4IBDwAwggEKAoIBAQC/x+YuMaHyS3xeogfBB6hWrL4Frp+KzOuu4IixfhMHz3xI
G5l7p2aNV8UrEXevOwMWCgMNxjfSLdZBgNhR14GBh2cVGCx9f/wUtB86scmkP3Pr
RLoZWu/EIY6MEbgET3D3tkdGuVejQwwhJTlK2xxWHtEdEL5abjYLveDg6Lb6z9od
ljFevylBMZO+5LwTjpa3+B+07oMZr2sV1yjsG2BEBwTFz4XZzJAabeK9UO836qhN
ptktjffoCNen33tNCjzqci4wzgQef3CNA/Ef0tMKGotdldKC6FtHvXixmVY5RKUK
Iutm8sRwne8XYqrD54BAgXZQ0ZovxFbvGhA77YXxAgMBAAGjgd4wgdswHQYDVR0O
BBYEFJNoYjIYUrDN/h1+9BZYOTk7jQBNMIGrBgNVHSMEgaMwgaCAFJNoYjIYUrDN
/h1+9BZYOTk7jQBNoX2kezB5MQswCQYDVQQGEwJOTDEQMA4GA1UEChMHU1VSRm5l
dDERMA8GA1UECxMIU2VydmljZXMxGTAXBgNVBAMTEEZlZGVyYXRpZSBCZWhlZXIx
KjAoBgkqhkiG9w0BCQEWG2ZlZGVyYXRpZS1iZWhlZXJAc3VyZm5ldC5ubIIJANm7
yUGYaeG1MAwGA1UdEwQFMAMBAf8wDQYJKoZIhvcNAQEFBQADggEBAI4IxrYPwwjJ
D9gO1Vzt8ByeQaRe+V0Mv5Ox9RlcXV33WX8Ny8hqUS4/kjs9v7JOuOw7TRop/4QJ
IAv/LEXH9B+hQ96zdLGMCcHI2crWF8l0yZ/DtgkpdlcyS7dNbjLtedtmgrOMSQub
LE02tqoSUR491mQbRuXD49+kJsHXZH8I1YZqOShzPZ7+ksvnBd64txhef8OBlCzE
elT60nOC3Jm8k3i0HwPcCYfDrh6+MJfC2dvfgktAcyu8rm1Q/ZelxaaXok17wUKg
D8nDrVCOfTND1RCGcqJ3YVjYDhBrMdK+5NSuC5KOJUpVZbKgTOilnOM7B/Os8HJC
fxLkDyGV/oQ=
     	                  </ds:X509Certificate>
          </ds:X509Data>
        </ds:KeyInfo>
      </KeyDescriptor>
      <SingleLogoutService Binding="urn:oasis:names:tc:SAML:2.0:bindings:HTTP-Redirect" Location="https://wayf.surfnet.nl/federate/saml20"/>
      <NameIDFormat>urn:oasis:names:tc:SAML:2.0:nameid-format:persistent</NameIDFormat>
      <NameIDFormat>urn:oasis:names:tc:SAML:2.0:nameid-format:transient</NameIDFormat>
      <SingleSignOnService Binding="urn:oasis:names:tc:SAML:2.0:bindings:HTTP-Redirect" Location="https://wayf.surfnet.nl/federate/saml20/https%253A%252F%252Fidp.cwi.nl%252Fsimplesaml%252Fsaml2%252Fidp%252Fmetadata.php"/>
      <SingleSignOnService Binding="urn:oasis:names:tc:SAML:2.0:bindings:HTTP-POST" Location="https://wayf.surfnet.nl/federate/saml20/https%253A%252F%252Fidp.cwi.nl%252Fsimplesaml%252Fsaml2%252Fidp%252Fmetadata.php"/>
    </IDPSSODescriptor>
    <Organization>
      <OrganizationName xml:lang="en">Centrum Wiskunde en Informatica</OrganizationName>
      <OrganizationDisplayName xml:lang="en">Centrum Wiskunde en Informatica</OrganizationDisplayName>
      <OrganizationURL xml:lang="en">http://www.surffederatie.nl</OrganizationURL>
    </Organization>
    <ContactPerson contactType="technical">
      <SurName>AAI Beheer</SurName>
      <EmailAddress>aai-beheer@surfnet.nl</EmailAddress>
    </ContactPerson>
    <ContactPerson contactType="administrative">
      <GivenName>SURFfederatie Beheer</GivenName>
      <EmailAddress>federatie-beheer@surfnet.nl</EmailAddress>
    </ContactPerson>
  </EntityDescriptor>
  <EntityDescriptor xmlns="urn:oasis:names:tc:SAML:2.0:metadata" entityID="urn:federation:che">
    <IDPSSODescriptor protocolSupportEnumeration="urn:oasis:names:tc:SAML:2.0:protocol">
      <KeyDescriptor use="signing">
        <ds:KeyInfo xmlns:ds="http://www.w3.org/2000/09/xmldsig#">
          <ds:X509Data>
            <ds:X509Certificate>
MIIEVDCCAzygAwIBAgIJANm7yUGYaeG1MA0GCSqGSIb3DQEBBQUAMHkxCzAJBgNV
BAYTAk5MMRAwDgYDVQQKEwdTVVJGbmV0MREwDwYDVQQLEwhTZXJ2aWNlczEZMBcG
A1UEAxMQRmVkZXJhdGllIEJlaGVlcjEqMCgGCSqGSIb3DQEJARYbZmVkZXJhdGll
LWJlaGVlckBzdXJmbmV0Lm5sMB4XDTA4MDYwNTE1MDgyMVoXDTIzMDYwMjE1MDgy
MVoweTELMAkGA1UEBhMCTkwxEDAOBgNVBAoTB1NVUkZuZXQxETAPBgNVBAsTCFNl
cnZpY2VzMRkwFwYDVQQDExBGZWRlcmF0aWUgQmVoZWVyMSowKAYJKoZIhvcNAQkB
FhtmZWRlcmF0aWUtYmVoZWVyQHN1cmZuZXQubmwwggEiMA0GCSqGSIb3DQEBAQUA
A4IBDwAwggEKAoIBAQC/x+YuMaHyS3xeogfBB6hWrL4Frp+KzOuu4IixfhMHz3xI
G5l7p2aNV8UrEXevOwMWCgMNxjfSLdZBgNhR14GBh2cVGCx9f/wUtB86scmkP3Pr
RLoZWu/EIY6MEbgET3D3tkdGuVejQwwhJTlK2xxWHtEdEL5abjYLveDg6Lb6z9od
ljFevylBMZO+5LwTjpa3+B+07oMZr2sV1yjsG2BEBwTFz4XZzJAabeK9UO836qhN
ptktjffoCNen33tNCjzqci4wzgQef3CNA/Ef0tMKGotdldKC6FtHvXixmVY5RKUK
Iutm8sRwne8XYqrD54BAgXZQ0ZovxFbvGhA77YXxAgMBAAGjgd4wgdswHQYDVR0O
BBYEFJNoYjIYUrDN/h1+9BZYOTk7jQBNMIGrBgNVHSMEgaMwgaCAFJNoYjIYUrDN
/h1+9BZYOTk7jQBNoX2kezB5MQswCQYDVQQGEwJOTDEQMA4GA1UEChMHU1VSRm5l
dDERMA8GA1UECxMIU2VydmljZXMxGTAXBgNVBAMTEEZlZGVyYXRpZSBCZWhlZXIx
KjAoBgkqhkiG9w0BCQEWG2ZlZGVyYXRpZS1iZWhlZXJAc3VyZm5ldC5ubIIJANm7
yUGYaeG1MAwGA1UdEwQFMAMBAf8wDQYJKoZIhvcNAQEFBQADggEBAI4IxrYPwwjJ
D9gO1Vzt8ByeQaRe+V0Mv5Ox9RlcXV33WX8Ny8hqUS4/kjs9v7JOuOw7TRop/4QJ
IAv/LEXH9B+hQ96zdLGMCcHI2crWF8l0yZ/DtgkpdlcyS7dNbjLtedtmgrOMSQub
LE02tqoSUR491mQbRuXD49+kJsHXZH8I1YZqOShzPZ7+ksvnBd64txhef8OBlCzE
elT60nOC3Jm8k3i0HwPcCYfDrh6+MJfC2dvfgktAcyu8rm1Q/ZelxaaXok17wUKg
D8nDrVCOfTND1RCGcqJ3YVjYDhBrMdK+5NSuC5KOJUpVZbKgTOilnOM7B/Os8HJC
fxLkDyGV/oQ=
     	                  </ds:X509Certificate>
          </ds:X509Data>
        </ds:KeyInfo>
      </KeyDescriptor>
      <SingleLogoutService Binding="urn:oasis:names:tc:SAML:2.0:bindings:HTTP-Redirect" Location="https://wayf.surfnet.nl/federate/saml20"/>
      <NameIDFormat>urn:oasis:names:tc:SAML:2.0:nameid-format:persistent</NameIDFormat>
      <NameIDFormat>urn:oasis:names:tc:SAML:2.0:nameid-format:transient</NameIDFormat>
      <SingleSignOnService Binding="urn:oasis:names:tc:SAML:2.0:bindings:HTTP-Redirect" Location="https://wayf.surfnet.nl/federate/saml20/urn%253Afederation%253Ache"/>
      <SingleSignOnService Binding="urn:oasis:names:tc:SAML:2.0:bindings:HTTP-POST" Location="https://wayf.surfnet.nl/federate/saml20/urn%253Afederation%253Ache"/>
    </IDPSSODescriptor>
    <Organization>
      <OrganizationName xml:lang="en">Christelijke Hogeschool Ede</OrganizationName>
      <OrganizationDisplayName xml:lang="en">Christelijke Hogeschool Ede</OrganizationDisplayName>
      <OrganizationURL xml:lang="en">https://adfs.che.nl/adfs/ls/</OrganizationURL>
    </Organization>
    <ContactPerson contactType="technical">
      <SurName>AAI Beheer</SurName>
      <EmailAddress>aai-beheer@surfnet.nl</EmailAddress>
    </ContactPerson>
    <ContactPerson contactType="administrative">
      <GivenName>SURFfederatie Beheer</GivenName>
      <EmailAddress>federatie-beheer@surfnet.nl</EmailAddress>
    </ContactPerson>
  </EntityDescriptor>
  <EntityDescriptor xmlns="urn:oasis:names:tc:SAML:2.0:metadata" entityID="http://adfs2.cito.nl/adfs/services/trust">
    <IDPSSODescriptor protocolSupportEnumeration="urn:oasis:names:tc:SAML:2.0:protocol">
      <KeyDescriptor use="signing">
        <ds:KeyInfo xmlns:ds="http://www.w3.org/2000/09/xmldsig#">
          <ds:X509Data>
            <ds:X509Certificate>
MIIEVDCCAzygAwIBAgIJANm7yUGYaeG1MA0GCSqGSIb3DQEBBQUAMHkxCzAJBgNV
BAYTAk5MMRAwDgYDVQQKEwdTVVJGbmV0MREwDwYDVQQLEwhTZXJ2aWNlczEZMBcG
A1UEAxMQRmVkZXJhdGllIEJlaGVlcjEqMCgGCSqGSIb3DQEJARYbZmVkZXJhdGll
LWJlaGVlckBzdXJmbmV0Lm5sMB4XDTA4MDYwNTE1MDgyMVoXDTIzMDYwMjE1MDgy
MVoweTELMAkGA1UEBhMCTkwxEDAOBgNVBAoTB1NVUkZuZXQxETAPBgNVBAsTCFNl
cnZpY2VzMRkwFwYDVQQDExBGZWRlcmF0aWUgQmVoZWVyMSowKAYJKoZIhvcNAQkB
FhtmZWRlcmF0aWUtYmVoZWVyQHN1cmZuZXQubmwwggEiMA0GCSqGSIb3DQEBAQUA
A4IBDwAwggEKAoIBAQC/x+YuMaHyS3xeogfBB6hWrL4Frp+KzOuu4IixfhMHz3xI
G5l7p2aNV8UrEXevOwMWCgMNxjfSLdZBgNhR14GBh2cVGCx9f/wUtB86scmkP3Pr
RLoZWu/EIY6MEbgET3D3tkdGuVejQwwhJTlK2xxWHtEdEL5abjYLveDg6Lb6z9od
ljFevylBMZO+5LwTjpa3+B+07oMZr2sV1yjsG2BEBwTFz4XZzJAabeK9UO836qhN
ptktjffoCNen33tNCjzqci4wzgQef3CNA/Ef0tMKGotdldKC6FtHvXixmVY5RKUK
Iutm8sRwne8XYqrD54BAgXZQ0ZovxFbvGhA77YXxAgMBAAGjgd4wgdswHQYDVR0O
BBYEFJNoYjIYUrDN/h1+9BZYOTk7jQBNMIGrBgNVHSMEgaMwgaCAFJNoYjIYUrDN
/h1+9BZYOTk7jQBNoX2kezB5MQswCQYDVQQGEwJOTDEQMA4GA1UEChMHU1VSRm5l
dDERMA8GA1UECxMIU2VydmljZXMxGTAXBgNVBAMTEEZlZGVyYXRpZSBCZWhlZXIx
KjAoBgkqhkiG9w0BCQEWG2ZlZGVyYXRpZS1iZWhlZXJAc3VyZm5ldC5ubIIJANm7
yUGYaeG1MAwGA1UdEwQFMAMBAf8wDQYJKoZIhvcNAQEFBQADggEBAI4IxrYPwwjJ
D9gO1Vzt8ByeQaRe+V0Mv5Ox9RlcXV33WX8Ny8hqUS4/kjs9v7JOuOw7TRop/4QJ
IAv/LEXH9B+hQ96zdLGMCcHI2crWF8l0yZ/DtgkpdlcyS7dNbjLtedtmgrOMSQub
LE02tqoSUR491mQbRuXD49+kJsHXZH8I1YZqOShzPZ7+ksvnBd64txhef8OBlCzE
elT60nOC3Jm8k3i0HwPcCYfDrh6+MJfC2dvfgktAcyu8rm1Q/ZelxaaXok17wUKg
D8nDrVCOfTND1RCGcqJ3YVjYDhBrMdK+5NSuC5KOJUpVZbKgTOilnOM7B/Os8HJC
fxLkDyGV/oQ=
     	                  </ds:X509Certificate>
          </ds:X509Data>
        </ds:KeyInfo>
      </KeyDescriptor>
      <SingleLogoutService Binding="urn:oasis:names:tc:SAML:2.0:bindings:HTTP-Redirect" Location="https://wayf.surfnet.nl/federate/saml20"/>
      <NameIDFormat>urn:oasis:names:tc:SAML:2.0:nameid-format:persistent</NameIDFormat>
      <NameIDFormat>urn:oasis:names:tc:SAML:2.0:nameid-format:transient</NameIDFormat>
      <SingleSignOnService Binding="urn:oasis:names:tc:SAML:2.0:bindings:HTTP-Redirect" Location="https://wayf.surfnet.nl/federate/saml20/http%253A%252F%252Fadfs2.cito.nl%252Fadfs%252Fservices%252Ftrust"/>
      <SingleSignOnService Binding="urn:oasis:names:tc:SAML:2.0:bindings:HTTP-POST" Location="https://wayf.surfnet.nl/federate/saml20/http%253A%252F%252Fadfs2.cito.nl%252Fadfs%252Fservices%252Ftrust"/>
    </IDPSSODescriptor>
    <Organization>
      <OrganizationName xml:lang="en">Cito</OrganizationName>
      <OrganizationDisplayName xml:lang="en">Cito</OrganizationDisplayName>
      <OrganizationURL xml:lang="en">http://www.surffederatie.nl</OrganizationURL>
    </Organization>
    <ContactPerson contactType="technical">
      <SurName>AAI Beheer</SurName>
      <EmailAddress>aai-beheer@surfnet.nl</EmailAddress>
    </ContactPerson>
    <ContactPerson contactType="administrative">
      <GivenName>SURFfederatie Beheer</GivenName>
      <EmailAddress>federatie-beheer@surfnet.nl</EmailAddress>
    </ContactPerson>
  </EntityDescriptor>
  <EntityDescriptor xmlns="urn:oasis:names:tc:SAML:2.0:metadata" entityID="http://federatie.clusius.nl/adfs/services/trust">
    <IDPSSODescriptor protocolSupportEnumeration="urn:oasis:names:tc:SAML:2.0:protocol">
      <KeyDescriptor use="signing">
        <ds:KeyInfo xmlns:ds="http://www.w3.org/2000/09/xmldsig#">
          <ds:X509Data>
            <ds:X509Certificate>
MIIEVDCCAzygAwIBAgIJANm7yUGYaeG1MA0GCSqGSIb3DQEBBQUAMHkxCzAJBgNV
BAYTAk5MMRAwDgYDVQQKEwdTVVJGbmV0MREwDwYDVQQLEwhTZXJ2aWNlczEZMBcG
A1UEAxMQRmVkZXJhdGllIEJlaGVlcjEqMCgGCSqGSIb3DQEJARYbZmVkZXJhdGll
LWJlaGVlckBzdXJmbmV0Lm5sMB4XDTA4MDYwNTE1MDgyMVoXDTIzMDYwMjE1MDgy
MVoweTELMAkGA1UEBhMCTkwxEDAOBgNVBAoTB1NVUkZuZXQxETAPBgNVBAsTCFNl
cnZpY2VzMRkwFwYDVQQDExBGZWRlcmF0aWUgQmVoZWVyMSowKAYJKoZIhvcNAQkB
FhtmZWRlcmF0aWUtYmVoZWVyQHN1cmZuZXQubmwwggEiMA0GCSqGSIb3DQEBAQUA
A4IBDwAwggEKAoIBAQC/x+YuMaHyS3xeogfBB6hWrL4Frp+KzOuu4IixfhMHz3xI
G5l7p2aNV8UrEXevOwMWCgMNxjfSLdZBgNhR14GBh2cVGCx9f/wUtB86scmkP3Pr
RLoZWu/EIY6MEbgET3D3tkdGuVejQwwhJTlK2xxWHtEdEL5abjYLveDg6Lb6z9od
ljFevylBMZO+5LwTjpa3+B+07oMZr2sV1yjsG2BEBwTFz4XZzJAabeK9UO836qhN
ptktjffoCNen33tNCjzqci4wzgQef3CNA/Ef0tMKGotdldKC6FtHvXixmVY5RKUK
Iutm8sRwne8XYqrD54BAgXZQ0ZovxFbvGhA77YXxAgMBAAGjgd4wgdswHQYDVR0O
BBYEFJNoYjIYUrDN/h1+9BZYOTk7jQBNMIGrBgNVHSMEgaMwgaCAFJNoYjIYUrDN
/h1+9BZYOTk7jQBNoX2kezB5MQswCQYDVQQGEwJOTDEQMA4GA1UEChMHU1VSRm5l
dDERMA8GA1UECxMIU2VydmljZXMxGTAXBgNVBAMTEEZlZGVyYXRpZSBCZWhlZXIx
KjAoBgkqhkiG9w0BCQEWG2ZlZGVyYXRpZS1iZWhlZXJAc3VyZm5ldC5ubIIJANm7
yUGYaeG1MAwGA1UdEwQFMAMBAf8wDQYJKoZIhvcNAQEFBQADggEBAI4IxrYPwwjJ
D9gO1Vzt8ByeQaRe+V0Mv5Ox9RlcXV33WX8Ny8hqUS4/kjs9v7JOuOw7TRop/4QJ
IAv/LEXH9B+hQ96zdLGMCcHI2crWF8l0yZ/DtgkpdlcyS7dNbjLtedtmgrOMSQub
LE02tqoSUR491mQbRuXD49+kJsHXZH8I1YZqOShzPZ7+ksvnBd64txhef8OBlCzE
elT60nOC3Jm8k3i0HwPcCYfDrh6+MJfC2dvfgktAcyu8rm1Q/ZelxaaXok17wUKg
D8nDrVCOfTND1RCGcqJ3YVjYDhBrMdK+5NSuC5KOJUpVZbKgTOilnOM7B/Os8HJC
fxLkDyGV/oQ=
     	                  </ds:X509Certificate>
          </ds:X509Data>
        </ds:KeyInfo>
      </KeyDescriptor>
      <SingleLogoutService Binding="urn:oasis:names:tc:SAML:2.0:bindings:HTTP-Redirect" Location="https://wayf.surfnet.nl/federate/saml20"/>
      <NameIDFormat>urn:oasis:names:tc:SAML:2.0:nameid-format:persistent</NameIDFormat>
      <NameIDFormat>urn:oasis:names:tc:SAML:2.0:nameid-format:transient</NameIDFormat>
      <SingleSignOnService Binding="urn:oasis:names:tc:SAML:2.0:bindings:HTTP-Redirect" Location="https://wayf.surfnet.nl/federate/saml20/http%253A%252F%252Ffederatie.clusius.nl%252Fadfs%252Fservices%252Ftrust"/>
      <SingleSignOnService Binding="urn:oasis:names:tc:SAML:2.0:bindings:HTTP-POST" Location="https://wayf.surfnet.nl/federate/saml20/http%253A%252F%252Ffederatie.clusius.nl%252Fadfs%252Fservices%252Ftrust"/>
    </IDPSSODescriptor>
    <Organization>
      <OrganizationName xml:lang="en">Clusius College</OrganizationName>
      <OrganizationDisplayName xml:lang="en">Clusius College</OrganizationDisplayName>
      <OrganizationURL xml:lang="en">http://www.surffederatie.nl</OrganizationURL>
    </Organization>
    <ContactPerson contactType="technical">
      <SurName>AAI Beheer</SurName>
      <EmailAddress>aai-beheer@surfnet.nl</EmailAddress>
    </ContactPerson>
    <ContactPerson contactType="administrative">
      <GivenName>SURFfederatie Beheer</GivenName>
      <EmailAddress>federatie-beheer@surfnet.nl</EmailAddress>
    </ContactPerson>
  </EntityDescriptor>
  <EntityDescriptor xmlns="urn:oasis:names:tc:SAML:2.0:metadata" entityID="urn:federation:knaw:dans">
    <IDPSSODescriptor protocolSupportEnumeration="urn:oasis:names:tc:SAML:2.0:protocol">
      <KeyDescriptor use="signing">
        <ds:KeyInfo xmlns:ds="http://www.w3.org/2000/09/xmldsig#">
          <ds:X509Data>
            <ds:X509Certificate>
MIIEVDCCAzygAwIBAgIJANm7yUGYaeG1MA0GCSqGSIb3DQEBBQUAMHkxCzAJBgNV
BAYTAk5MMRAwDgYDVQQKEwdTVVJGbmV0MREwDwYDVQQLEwhTZXJ2aWNlczEZMBcG
A1UEAxMQRmVkZXJhdGllIEJlaGVlcjEqMCgGCSqGSIb3DQEJARYbZmVkZXJhdGll
LWJlaGVlckBzdXJmbmV0Lm5sMB4XDTA4MDYwNTE1MDgyMVoXDTIzMDYwMjE1MDgy
MVoweTELMAkGA1UEBhMCTkwxEDAOBgNVBAoTB1NVUkZuZXQxETAPBgNVBAsTCFNl
cnZpY2VzMRkwFwYDVQQDExBGZWRlcmF0aWUgQmVoZWVyMSowKAYJKoZIhvcNAQkB
FhtmZWRlcmF0aWUtYmVoZWVyQHN1cmZuZXQubmwwggEiMA0GCSqGSIb3DQEBAQUA
A4IBDwAwggEKAoIBAQC/x+YuMaHyS3xeogfBB6hWrL4Frp+KzOuu4IixfhMHz3xI
G5l7p2aNV8UrEXevOwMWCgMNxjfSLdZBgNhR14GBh2cVGCx9f/wUtB86scmkP3Pr
RLoZWu/EIY6MEbgET3D3tkdGuVejQwwhJTlK2xxWHtEdEL5abjYLveDg6Lb6z9od
ljFevylBMZO+5LwTjpa3+B+07oMZr2sV1yjsG2BEBwTFz4XZzJAabeK9UO836qhN
ptktjffoCNen33tNCjzqci4wzgQef3CNA/Ef0tMKGotdldKC6FtHvXixmVY5RKUK
Iutm8sRwne8XYqrD54BAgXZQ0ZovxFbvGhA77YXxAgMBAAGjgd4wgdswHQYDVR0O
BBYEFJNoYjIYUrDN/h1+9BZYOTk7jQBNMIGrBgNVHSMEgaMwgaCAFJNoYjIYUrDN
/h1+9BZYOTk7jQBNoX2kezB5MQswCQYDVQQGEwJOTDEQMA4GA1UEChMHU1VSRm5l
dDERMA8GA1UECxMIU2VydmljZXMxGTAXBgNVBAMTEEZlZGVyYXRpZSBCZWhlZXIx
KjAoBgkqhkiG9w0BCQEWG2ZlZGVyYXRpZS1iZWhlZXJAc3VyZm5ldC5ubIIJANm7
yUGYaeG1MAwGA1UdEwQFMAMBAf8wDQYJKoZIhvcNAQEFBQADggEBAI4IxrYPwwjJ
D9gO1Vzt8ByeQaRe+V0Mv5Ox9RlcXV33WX8Ny8hqUS4/kjs9v7JOuOw7TRop/4QJ
IAv/LEXH9B+hQ96zdLGMCcHI2crWF8l0yZ/DtgkpdlcyS7dNbjLtedtmgrOMSQub
LE02tqoSUR491mQbRuXD49+kJsHXZH8I1YZqOShzPZ7+ksvnBd64txhef8OBlCzE
elT60nOC3Jm8k3i0HwPcCYfDrh6+MJfC2dvfgktAcyu8rm1Q/ZelxaaXok17wUKg
D8nDrVCOfTND1RCGcqJ3YVjYDhBrMdK+5NSuC5KOJUpVZbKgTOilnOM7B/Os8HJC
fxLkDyGV/oQ=
     	                  </ds:X509Certificate>
          </ds:X509Data>
        </ds:KeyInfo>
      </KeyDescriptor>
      <SingleLogoutService Binding="urn:oasis:names:tc:SAML:2.0:bindings:HTTP-Redirect" Location="https://wayf.surfnet.nl/federate/saml20"/>
      <NameIDFormat>urn:oasis:names:tc:SAML:2.0:nameid-format:persistent</NameIDFormat>
      <NameIDFormat>urn:oasis:names:tc:SAML:2.0:nameid-format:transient</NameIDFormat>
      <SingleSignOnService Binding="urn:oasis:names:tc:SAML:2.0:bindings:HTTP-Redirect" Location="https://wayf.surfnet.nl/federate/saml20/urn%253Afederation%253Aknaw%253Adans"/>
      <SingleSignOnService Binding="urn:oasis:names:tc:SAML:2.0:bindings:HTTP-POST" Location="https://wayf.surfnet.nl/federate/saml20/urn%253Afederation%253Aknaw%253Adans"/>
    </IDPSSODescriptor>
    <Organization>
      <OrganizationName xml:lang="en">Data Archiving and Networked Services (KNAW)</OrganizationName>
      <OrganizationDisplayName xml:lang="en">Data Archiving and Networked Services (KNAW)</OrganizationDisplayName>
      <OrganizationURL xml:lang="en">http://www.surffederatie.nl</OrganizationURL>
    </Organization>
    <ContactPerson contactType="technical">
      <SurName>AAI Beheer</SurName>
      <EmailAddress>aai-beheer@surfnet.nl</EmailAddress>
    </ContactPerson>
    <ContactPerson contactType="administrative">
      <GivenName>SURFfederatie Beheer</GivenName>
      <EmailAddress>federatie-beheer@surfnet.nl</EmailAddress>
    </ContactPerson>
  </EntityDescriptor>
  <EntityDescriptor xmlns="urn:oasis:names:tc:SAML:2.0:metadata" entityID="http://federation.deltion.nl/adfs/services/trust">
    <IDPSSODescriptor protocolSupportEnumeration="urn:oasis:names:tc:SAML:2.0:protocol">
      <KeyDescriptor use="signing">
        <ds:KeyInfo xmlns:ds="http://www.w3.org/2000/09/xmldsig#">
          <ds:X509Data>
            <ds:X509Certificate>
MIIEVDCCAzygAwIBAgIJANm7yUGYaeG1MA0GCSqGSIb3DQEBBQUAMHkxCzAJBgNV
BAYTAk5MMRAwDgYDVQQKEwdTVVJGbmV0MREwDwYDVQQLEwhTZXJ2aWNlczEZMBcG
A1UEAxMQRmVkZXJhdGllIEJlaGVlcjEqMCgGCSqGSIb3DQEJARYbZmVkZXJhdGll
LWJlaGVlckBzdXJmbmV0Lm5sMB4XDTA4MDYwNTE1MDgyMVoXDTIzMDYwMjE1MDgy
MVoweTELMAkGA1UEBhMCTkwxEDAOBgNVBAoTB1NVUkZuZXQxETAPBgNVBAsTCFNl
cnZpY2VzMRkwFwYDVQQDExBGZWRlcmF0aWUgQmVoZWVyMSowKAYJKoZIhvcNAQkB
FhtmZWRlcmF0aWUtYmVoZWVyQHN1cmZuZXQubmwwggEiMA0GCSqGSIb3DQEBAQUA
A4IBDwAwggEKAoIBAQC/x+YuMaHyS3xeogfBB6hWrL4Frp+KzOuu4IixfhMHz3xI
G5l7p2aNV8UrEXevOwMWCgMNxjfSLdZBgNhR14GBh2cVGCx9f/wUtB86scmkP3Pr
RLoZWu/EIY6MEbgET3D3tkdGuVejQwwhJTlK2xxWHtEdEL5abjYLveDg6Lb6z9od
ljFevylBMZO+5LwTjpa3+B+07oMZr2sV1yjsG2BEBwTFz4XZzJAabeK9UO836qhN
ptktjffoCNen33tNCjzqci4wzgQef3CNA/Ef0tMKGotdldKC6FtHvXixmVY5RKUK
Iutm8sRwne8XYqrD54BAgXZQ0ZovxFbvGhA77YXxAgMBAAGjgd4wgdswHQYDVR0O
BBYEFJNoYjIYUrDN/h1+9BZYOTk7jQBNMIGrBgNVHSMEgaMwgaCAFJNoYjIYUrDN
/h1+9BZYOTk7jQBNoX2kezB5MQswCQYDVQQGEwJOTDEQMA4GA1UEChMHU1VSRm5l
dDERMA8GA1UECxMIU2VydmljZXMxGTAXBgNVBAMTEEZlZGVyYXRpZSBCZWhlZXIx
KjAoBgkqhkiG9w0BCQEWG2ZlZGVyYXRpZS1iZWhlZXJAc3VyZm5ldC5ubIIJANm7
yUGYaeG1MAwGA1UdEwQFMAMBAf8wDQYJKoZIhvcNAQEFBQADggEBAI4IxrYPwwjJ
D9gO1Vzt8ByeQaRe+V0Mv5Ox9RlcXV33WX8Ny8hqUS4/kjs9v7JOuOw7TRop/4QJ
IAv/LEXH9B+hQ96zdLGMCcHI2crWF8l0yZ/DtgkpdlcyS7dNbjLtedtmgrOMSQub
LE02tqoSUR491mQbRuXD49+kJsHXZH8I1YZqOShzPZ7+ksvnBd64txhef8OBlCzE
elT60nOC3Jm8k3i0HwPcCYfDrh6+MJfC2dvfgktAcyu8rm1Q/ZelxaaXok17wUKg
D8nDrVCOfTND1RCGcqJ3YVjYDhBrMdK+5NSuC5KOJUpVZbKgTOilnOM7B/Os8HJC
fxLkDyGV/oQ=
     	                  </ds:X509Certificate>
          </ds:X509Data>
        </ds:KeyInfo>
      </KeyDescriptor>
      <SingleLogoutService Binding="urn:oasis:names:tc:SAML:2.0:bindings:HTTP-Redirect" Location="https://wayf.surfnet.nl/federate/saml20"/>
      <NameIDFormat>urn:oasis:names:tc:SAML:2.0:nameid-format:persistent</NameIDFormat>
      <NameIDFormat>urn:oasis:names:tc:SAML:2.0:nameid-format:transient</NameIDFormat>
      <SingleSignOnService Binding="urn:oasis:names:tc:SAML:2.0:bindings:HTTP-Redirect" Location="https://wayf.surfnet.nl/federate/saml20/http%253A%252F%252Ffederation.deltion.nl%252Fadfs%252Fservices%252Ftrust"/>
      <SingleSignOnService Binding="urn:oasis:names:tc:SAML:2.0:bindings:HTTP-POST" Location="https://wayf.surfnet.nl/federate/saml20/http%253A%252F%252Ffederation.deltion.nl%252Fadfs%252Fservices%252Ftrust"/>
    </IDPSSODescriptor>
    <Organization>
      <OrganizationName xml:lang="en">Deltion College</OrganizationName>
      <OrganizationDisplayName xml:lang="en">Deltion College</OrganizationDisplayName>
      <OrganizationURL xml:lang="en">http://www.surffederatie.nl</OrganizationURL>
    </Organization>
    <ContactPerson contactType="technical">
      <SurName>AAI Beheer</SurName>
      <EmailAddress>aai-beheer@surfnet.nl</EmailAddress>
    </ContactPerson>
    <ContactPerson contactType="administrative">
      <GivenName>SURFfederatie Beheer</GivenName>
      <EmailAddress>federatie-beheer@surfnet.nl</EmailAddress>
    </ContactPerson>
  </EntityDescriptor>
  <EntityDescriptor xmlns="urn:oasis:names:tc:SAML:2.0:metadata" entityID="http://federatie.driestar-educatief.nl/adfs/services/trust">
    <IDPSSODescriptor protocolSupportEnumeration="urn:oasis:names:tc:SAML:2.0:protocol">
      <KeyDescriptor use="signing">
        <ds:KeyInfo xmlns:ds="http://www.w3.org/2000/09/xmldsig#">
          <ds:X509Data>
            <ds:X509Certificate>
MIIEVDCCAzygAwIBAgIJANm7yUGYaeG1MA0GCSqGSIb3DQEBBQUAMHkxCzAJBgNV
BAYTAk5MMRAwDgYDVQQKEwdTVVJGbmV0MREwDwYDVQQLEwhTZXJ2aWNlczEZMBcG
A1UEAxMQRmVkZXJhdGllIEJlaGVlcjEqMCgGCSqGSIb3DQEJARYbZmVkZXJhdGll
LWJlaGVlckBzdXJmbmV0Lm5sMB4XDTA4MDYwNTE1MDgyMVoXDTIzMDYwMjE1MDgy
MVoweTELMAkGA1UEBhMCTkwxEDAOBgNVBAoTB1NVUkZuZXQxETAPBgNVBAsTCFNl
cnZpY2VzMRkwFwYDVQQDExBGZWRlcmF0aWUgQmVoZWVyMSowKAYJKoZIhvcNAQkB
FhtmZWRlcmF0aWUtYmVoZWVyQHN1cmZuZXQubmwwggEiMA0GCSqGSIb3DQEBAQUA
A4IBDwAwggEKAoIBAQC/x+YuMaHyS3xeogfBB6hWrL4Frp+KzOuu4IixfhMHz3xI
G5l7p2aNV8UrEXevOwMWCgMNxjfSLdZBgNhR14GBh2cVGCx9f/wUtB86scmkP3Pr
RLoZWu/EIY6MEbgET3D3tkdGuVejQwwhJTlK2xxWHtEdEL5abjYLveDg6Lb6z9od
ljFevylBMZO+5LwTjpa3+B+07oMZr2sV1yjsG2BEBwTFz4XZzJAabeK9UO836qhN
ptktjffoCNen33tNCjzqci4wzgQef3CNA/Ef0tMKGotdldKC6FtHvXixmVY5RKUK
Iutm8sRwne8XYqrD54BAgXZQ0ZovxFbvGhA77YXxAgMBAAGjgd4wgdswHQYDVR0O
BBYEFJNoYjIYUrDN/h1+9BZYOTk7jQBNMIGrBgNVHSMEgaMwgaCAFJNoYjIYUrDN
/h1+9BZYOTk7jQBNoX2kezB5MQswCQYDVQQGEwJOTDEQMA4GA1UEChMHU1VSRm5l
dDERMA8GA1UECxMIU2VydmljZXMxGTAXBgNVBAMTEEZlZGVyYXRpZSBCZWhlZXIx
KjAoBgkqhkiG9w0BCQEWG2ZlZGVyYXRpZS1iZWhlZXJAc3VyZm5ldC5ubIIJANm7
yUGYaeG1MAwGA1UdEwQFMAMBAf8wDQYJKoZIhvcNAQEFBQADggEBAI4IxrYPwwjJ
D9gO1Vzt8ByeQaRe+V0Mv5Ox9RlcXV33WX8Ny8hqUS4/kjs9v7JOuOw7TRop/4QJ
IAv/LEXH9B+hQ96zdLGMCcHI2crWF8l0yZ/DtgkpdlcyS7dNbjLtedtmgrOMSQub
LE02tqoSUR491mQbRuXD49+kJsHXZH8I1YZqOShzPZ7+ksvnBd64txhef8OBlCzE
elT60nOC3Jm8k3i0HwPcCYfDrh6+MJfC2dvfgktAcyu8rm1Q/ZelxaaXok17wUKg
D8nDrVCOfTND1RCGcqJ3YVjYDhBrMdK+5NSuC5KOJUpVZbKgTOilnOM7B/Os8HJC
fxLkDyGV/oQ=
     	                  </ds:X509Certificate>
          </ds:X509Data>
        </ds:KeyInfo>
      </KeyDescriptor>
      <SingleLogoutService Binding="urn:oasis:names:tc:SAML:2.0:bindings:HTTP-Redirect" Location="https://wayf.surfnet.nl/federate/saml20"/>
      <NameIDFormat>urn:oasis:names:tc:SAML:2.0:nameid-format:persistent</NameIDFormat>
      <NameIDFormat>urn:oasis:names:tc:SAML:2.0:nameid-format:transient</NameIDFormat>
      <SingleSignOnService Binding="urn:oasis:names:tc:SAML:2.0:bindings:HTTP-Redirect" Location="https://wayf.surfnet.nl/federate/saml20/http%253A%252F%252Ffederatie.driestar-educatief.nl%252Fadfs%252Fservices%252Ftrust"/>
      <SingleSignOnService Binding="urn:oasis:names:tc:SAML:2.0:bindings:HTTP-POST" Location="https://wayf.surfnet.nl/federate/saml20/http%253A%252F%252Ffederatie.driestar-educatief.nl%252Fadfs%252Fservices%252Ftrust"/>
    </IDPSSODescriptor>
    <Organization>
      <OrganizationName xml:lang="en">Driestar Educatief</OrganizationName>
      <OrganizationDisplayName xml:lang="en">Driestar Educatief</OrganizationDisplayName>
      <OrganizationURL xml:lang="en">http://www.surffederatie.nl</OrganizationURL>
    </Organization>
    <ContactPerson contactType="technical">
      <SurName>AAI Beheer</SurName>
      <EmailAddress>aai-beheer@surfnet.nl</EmailAddress>
    </ContactPerson>
    <ContactPerson contactType="administrative">
      <GivenName>SURFfederatie Beheer</GivenName>
      <EmailAddress>federatie-beheer@surfnet.nl</EmailAddress>
    </ContactPerson>
  </EntityDescriptor>
  <EntityDescriptor xmlns="urn:oasis:names:tc:SAML:2.0:metadata" entityID="urn:federation:knaw:ehumanities">
    <IDPSSODescriptor protocolSupportEnumeration="urn:oasis:names:tc:SAML:2.0:protocol">
      <KeyDescriptor use="signing">
        <ds:KeyInfo xmlns:ds="http://www.w3.org/2000/09/xmldsig#">
          <ds:X509Data>
            <ds:X509Certificate>
MIIEVDCCAzygAwIBAgIJANm7yUGYaeG1MA0GCSqGSIb3DQEBBQUAMHkxCzAJBgNV
BAYTAk5MMRAwDgYDVQQKEwdTVVJGbmV0MREwDwYDVQQLEwhTZXJ2aWNlczEZMBcG
A1UEAxMQRmVkZXJhdGllIEJlaGVlcjEqMCgGCSqGSIb3DQEJARYbZmVkZXJhdGll
LWJlaGVlckBzdXJmbmV0Lm5sMB4XDTA4MDYwNTE1MDgyMVoXDTIzMDYwMjE1MDgy
MVoweTELMAkGA1UEBhMCTkwxEDAOBgNVBAoTB1NVUkZuZXQxETAPBgNVBAsTCFNl
cnZpY2VzMRkwFwYDVQQDExBGZWRlcmF0aWUgQmVoZWVyMSowKAYJKoZIhvcNAQkB
FhtmZWRlcmF0aWUtYmVoZWVyQHN1cmZuZXQubmwwggEiMA0GCSqGSIb3DQEBAQUA
A4IBDwAwggEKAoIBAQC/x+YuMaHyS3xeogfBB6hWrL4Frp+KzOuu4IixfhMHz3xI
G5l7p2aNV8UrEXevOwMWCgMNxjfSLdZBgNhR14GBh2cVGCx9f/wUtB86scmkP3Pr
RLoZWu/EIY6MEbgET3D3tkdGuVejQwwhJTlK2xxWHtEdEL5abjYLveDg6Lb6z9od
ljFevylBMZO+5LwTjpa3+B+07oMZr2sV1yjsG2BEBwTFz4XZzJAabeK9UO836qhN
ptktjffoCNen33tNCjzqci4wzgQef3CNA/Ef0tMKGotdldKC6FtHvXixmVY5RKUK
Iutm8sRwne8XYqrD54BAgXZQ0ZovxFbvGhA77YXxAgMBAAGjgd4wgdswHQYDVR0O
BBYEFJNoYjIYUrDN/h1+9BZYOTk7jQBNMIGrBgNVHSMEgaMwgaCAFJNoYjIYUrDN
/h1+9BZYOTk7jQBNoX2kezB5MQswCQYDVQQGEwJOTDEQMA4GA1UEChMHU1VSRm5l
dDERMA8GA1UECxMIU2VydmljZXMxGTAXBgNVBAMTEEZlZGVyYXRpZSBCZWhlZXIx
KjAoBgkqhkiG9w0BCQEWG2ZlZGVyYXRpZS1iZWhlZXJAc3VyZm5ldC5ubIIJANm7
yUGYaeG1MAwGA1UdEwQFMAMBAf8wDQYJKoZIhvcNAQEFBQADggEBAI4IxrYPwwjJ
D9gO1Vzt8ByeQaRe+V0Mv5Ox9RlcXV33WX8Ny8hqUS4/kjs9v7JOuOw7TRop/4QJ
IAv/LEXH9B+hQ96zdLGMCcHI2crWF8l0yZ/DtgkpdlcyS7dNbjLtedtmgrOMSQub
LE02tqoSUR491mQbRuXD49+kJsHXZH8I1YZqOShzPZ7+ksvnBd64txhef8OBlCzE
elT60nOC3Jm8k3i0HwPcCYfDrh6+MJfC2dvfgktAcyu8rm1Q/ZelxaaXok17wUKg
D8nDrVCOfTND1RCGcqJ3YVjYDhBrMdK+5NSuC5KOJUpVZbKgTOilnOM7B/Os8HJC
fxLkDyGV/oQ=
     	                  </ds:X509Certificate>
          </ds:X509Data>
        </ds:KeyInfo>
      </KeyDescriptor>
      <SingleLogoutService Binding="urn:oasis:names:tc:SAML:2.0:bindings:HTTP-Redirect" Location="https://wayf.surfnet.nl/federate/saml20"/>
      <NameIDFormat>urn:oasis:names:tc:SAML:2.0:nameid-format:persistent</NameIDFormat>
      <NameIDFormat>urn:oasis:names:tc:SAML:2.0:nameid-format:transient</NameIDFormat>
      <SingleSignOnService Binding="urn:oasis:names:tc:SAML:2.0:bindings:HTTP-Redirect" Location="https://wayf.surfnet.nl/federate/saml20/urn%253Afederation%253Aknaw%253Aehumanities"/>
      <SingleSignOnService Binding="urn:oasis:names:tc:SAML:2.0:bindings:HTTP-POST" Location="https://wayf.surfnet.nl/federate/saml20/urn%253Afederation%253Aknaw%253Aehumanities"/>
    </IDPSSODescriptor>
    <Organization>
      <OrganizationName xml:lang="en">e-Humanities (KNAW)</OrganizationName>
      <OrganizationDisplayName xml:lang="en">e-Humanities (KNAW)</OrganizationDisplayName>
      <OrganizationURL xml:lang="en">http://www.surffederatie.nl</OrganizationURL>
    </Organization>
    <ContactPerson contactType="technical">
      <SurName>AAI Beheer</SurName>
      <EmailAddress>aai-beheer@surfnet.nl</EmailAddress>
    </ContactPerson>
    <ContactPerson contactType="administrative">
      <GivenName>SURFfederatie Beheer</GivenName>
      <EmailAddress>federatie-beheer@surfnet.nl</EmailAddress>
    </ContactPerson>
  </EntityDescriptor>
  <EntityDescriptor xmlns="urn:oasis:names:tc:SAML:2.0:metadata" entityID="http://login.ecn.nl/adfs/services/trust">
    <IDPSSODescriptor protocolSupportEnumeration="urn:oasis:names:tc:SAML:2.0:protocol">
      <KeyDescriptor use="signing">
        <ds:KeyInfo xmlns:ds="http://www.w3.org/2000/09/xmldsig#">
          <ds:X509Data>
            <ds:X509Certificate>
MIIEVDCCAzygAwIBAgIJANm7yUGYaeG1MA0GCSqGSIb3DQEBBQUAMHkxCzAJBgNV
BAYTAk5MMRAwDgYDVQQKEwdTVVJGbmV0MREwDwYDVQQLEwhTZXJ2aWNlczEZMBcG
A1UEAxMQRmVkZXJhdGllIEJlaGVlcjEqMCgGCSqGSIb3DQEJARYbZmVkZXJhdGll
LWJlaGVlckBzdXJmbmV0Lm5sMB4XDTA4MDYwNTE1MDgyMVoXDTIzMDYwMjE1MDgy
MVoweTELMAkGA1UEBhMCTkwxEDAOBgNVBAoTB1NVUkZuZXQxETAPBgNVBAsTCFNl
cnZpY2VzMRkwFwYDVQQDExBGZWRlcmF0aWUgQmVoZWVyMSowKAYJKoZIhvcNAQkB
FhtmZWRlcmF0aWUtYmVoZWVyQHN1cmZuZXQubmwwggEiMA0GCSqGSIb3DQEBAQUA
A4IBDwAwggEKAoIBAQC/x+YuMaHyS3xeogfBB6hWrL4Frp+KzOuu4IixfhMHz3xI
G5l7p2aNV8UrEXevOwMWCgMNxjfSLdZBgNhR14GBh2cVGCx9f/wUtB86scmkP3Pr
RLoZWu/EIY6MEbgET3D3tkdGuVejQwwhJTlK2xxWHtEdEL5abjYLveDg6Lb6z9od
ljFevylBMZO+5LwTjpa3+B+07oMZr2sV1yjsG2BEBwTFz4XZzJAabeK9UO836qhN
ptktjffoCNen33tNCjzqci4wzgQef3CNA/Ef0tMKGotdldKC6FtHvXixmVY5RKUK
Iutm8sRwne8XYqrD54BAgXZQ0ZovxFbvGhA77YXxAgMBAAGjgd4wgdswHQYDVR0O
BBYEFJNoYjIYUrDN/h1+9BZYOTk7jQBNMIGrBgNVHSMEgaMwgaCAFJNoYjIYUrDN
/h1+9BZYOTk7jQBNoX2kezB5MQswCQYDVQQGEwJOTDEQMA4GA1UEChMHU1VSRm5l
dDERMA8GA1UECxMIU2VydmljZXMxGTAXBgNVBAMTEEZlZGVyYXRpZSBCZWhlZXIx
KjAoBgkqhkiG9w0BCQEWG2ZlZGVyYXRpZS1iZWhlZXJAc3VyZm5ldC5ubIIJANm7
yUGYaeG1MAwGA1UdEwQFMAMBAf8wDQYJKoZIhvcNAQEFBQADggEBAI4IxrYPwwjJ
D9gO1Vzt8ByeQaRe+V0Mv5Ox9RlcXV33WX8Ny8hqUS4/kjs9v7JOuOw7TRop/4QJ
IAv/LEXH9B+hQ96zdLGMCcHI2crWF8l0yZ/DtgkpdlcyS7dNbjLtedtmgrOMSQub
LE02tqoSUR491mQbRuXD49+kJsHXZH8I1YZqOShzPZ7+ksvnBd64txhef8OBlCzE
elT60nOC3Jm8k3i0HwPcCYfDrh6+MJfC2dvfgktAcyu8rm1Q/ZelxaaXok17wUKg
D8nDrVCOfTND1RCGcqJ3YVjYDhBrMdK+5NSuC5KOJUpVZbKgTOilnOM7B/Os8HJC
fxLkDyGV/oQ=
     	                  </ds:X509Certificate>
          </ds:X509Data>
        </ds:KeyInfo>
      </KeyDescriptor>
      <SingleLogoutService Binding="urn:oasis:names:tc:SAML:2.0:bindings:HTTP-Redirect" Location="https://wayf.surfnet.nl/federate/saml20"/>
      <NameIDFormat>urn:oasis:names:tc:SAML:2.0:nameid-format:persistent</NameIDFormat>
      <NameIDFormat>urn:oasis:names:tc:SAML:2.0:nameid-format:transient</NameIDFormat>
      <SingleSignOnService Binding="urn:oasis:names:tc:SAML:2.0:bindings:HTTP-Redirect" Location="https://wayf.surfnet.nl/federate/saml20/http%253A%252F%252Flogin.ecn.nl%252Fadfs%252Fservices%252Ftrust"/>
      <SingleSignOnService Binding="urn:oasis:names:tc:SAML:2.0:bindings:HTTP-POST" Location="https://wayf.surfnet.nl/federate/saml20/http%253A%252F%252Flogin.ecn.nl%252Fadfs%252Fservices%252Ftrust"/>
    </IDPSSODescriptor>
    <Organization>
      <OrganizationName xml:lang="en">Energieonderzoek Centrum Nederland</OrganizationName>
      <OrganizationDisplayName xml:lang="en">Energieonderzoek Centrum Nederland</OrganizationDisplayName>
      <OrganizationURL xml:lang="en">http://www.surffederatie.nl</OrganizationURL>
    </Organization>
    <ContactPerson contactType="technical">
      <SurName>AAI Beheer</SurName>
      <EmailAddress>aai-beheer@surfnet.nl</EmailAddress>
    </ContactPerson>
    <ContactPerson contactType="administrative">
      <GivenName>SURFfederatie Beheer</GivenName>
      <EmailAddress>federatie-beheer@surfnet.nl</EmailAddress>
    </ContactPerson>
  </EntityDescriptor>
  <EntityDescriptor xmlns="urn:oasis:names:tc:SAML:2.0:metadata" entityID="https://sso.eur.nl/opensso">
    <IDPSSODescriptor protocolSupportEnumeration="urn:oasis:names:tc:SAML:2.0:protocol">
      <KeyDescriptor use="signing">
        <ds:KeyInfo xmlns:ds="http://www.w3.org/2000/09/xmldsig#">
          <ds:X509Data>
            <ds:X509Certificate>
MIIEVDCCAzygAwIBAgIJANm7yUGYaeG1MA0GCSqGSIb3DQEBBQUAMHkxCzAJBgNV
BAYTAk5MMRAwDgYDVQQKEwdTVVJGbmV0MREwDwYDVQQLEwhTZXJ2aWNlczEZMBcG
A1UEAxMQRmVkZXJhdGllIEJlaGVlcjEqMCgGCSqGSIb3DQEJARYbZmVkZXJhdGll
LWJlaGVlckBzdXJmbmV0Lm5sMB4XDTA4MDYwNTE1MDgyMVoXDTIzMDYwMjE1MDgy
MVoweTELMAkGA1UEBhMCTkwxEDAOBgNVBAoTB1NVUkZuZXQxETAPBgNVBAsTCFNl
cnZpY2VzMRkwFwYDVQQDExBGZWRlcmF0aWUgQmVoZWVyMSowKAYJKoZIhvcNAQkB
FhtmZWRlcmF0aWUtYmVoZWVyQHN1cmZuZXQubmwwggEiMA0GCSqGSIb3DQEBAQUA
A4IBDwAwggEKAoIBAQC/x+YuMaHyS3xeogfBB6hWrL4Frp+KzOuu4IixfhMHz3xI
G5l7p2aNV8UrEXevOwMWCgMNxjfSLdZBgNhR14GBh2cVGCx9f/wUtB86scmkP3Pr
RLoZWu/EIY6MEbgET3D3tkdGuVejQwwhJTlK2xxWHtEdEL5abjYLveDg6Lb6z9od
ljFevylBMZO+5LwTjpa3+B+07oMZr2sV1yjsG2BEBwTFz4XZzJAabeK9UO836qhN
ptktjffoCNen33tNCjzqci4wzgQef3CNA/Ef0tMKGotdldKC6FtHvXixmVY5RKUK
Iutm8sRwne8XYqrD54BAgXZQ0ZovxFbvGhA77YXxAgMBAAGjgd4wgdswHQYDVR0O
BBYEFJNoYjIYUrDN/h1+9BZYOTk7jQBNMIGrBgNVHSMEgaMwgaCAFJNoYjIYUrDN
/h1+9BZYOTk7jQBNoX2kezB5MQswCQYDVQQGEwJOTDEQMA4GA1UEChMHU1VSRm5l
dDERMA8GA1UECxMIU2VydmljZXMxGTAXBgNVBAMTEEZlZGVyYXRpZSBCZWhlZXIx
KjAoBgkqhkiG9w0BCQEWG2ZlZGVyYXRpZS1iZWhlZXJAc3VyZm5ldC5ubIIJANm7
yUGYaeG1MAwGA1UdEwQFMAMBAf8wDQYJKoZIhvcNAQEFBQADggEBAI4IxrYPwwjJ
D9gO1Vzt8ByeQaRe+V0Mv5Ox9RlcXV33WX8Ny8hqUS4/kjs9v7JOuOw7TRop/4QJ
IAv/LEXH9B+hQ96zdLGMCcHI2crWF8l0yZ/DtgkpdlcyS7dNbjLtedtmgrOMSQub
LE02tqoSUR491mQbRuXD49+kJsHXZH8I1YZqOShzPZ7+ksvnBd64txhef8OBlCzE
elT60nOC3Jm8k3i0HwPcCYfDrh6+MJfC2dvfgktAcyu8rm1Q/ZelxaaXok17wUKg
D8nDrVCOfTND1RCGcqJ3YVjYDhBrMdK+5NSuC5KOJUpVZbKgTOilnOM7B/Os8HJC
fxLkDyGV/oQ=
     	                  </ds:X509Certificate>
          </ds:X509Data>
        </ds:KeyInfo>
      </KeyDescriptor>
      <SingleLogoutService Binding="urn:oasis:names:tc:SAML:2.0:bindings:HTTP-Redirect" Location="https://wayf.surfnet.nl/federate/saml20"/>
      <NameIDFormat>urn:oasis:names:tc:SAML:2.0:nameid-format:persistent</NameIDFormat>
      <NameIDFormat>urn:oasis:names:tc:SAML:2.0:nameid-format:transient</NameIDFormat>
      <SingleSignOnService Binding="urn:oasis:names:tc:SAML:2.0:bindings:HTTP-Redirect" Location="https://wayf.surfnet.nl/federate/saml20/https%253A%252F%252Fsso.eur.nl%252Fopensso"/>
      <SingleSignOnService Binding="urn:oasis:names:tc:SAML:2.0:bindings:HTTP-POST" Location="https://wayf.surfnet.nl/federate/saml20/https%253A%252F%252Fsso.eur.nl%252Fopensso"/>
    </IDPSSODescriptor>
    <Organization>
      <OrganizationName xml:lang="en">Erasmus Universiteit Rotterdam</OrganizationName>
      <OrganizationDisplayName xml:lang="en">Erasmus Universiteit Rotterdam</OrganizationDisplayName>
      <OrganizationURL xml:lang="en">http://www.surffederatie.nl</OrganizationURL>
    </Organization>
    <ContactPerson contactType="technical">
      <SurName>AAI Beheer</SurName>
      <EmailAddress>aai-beheer@surfnet.nl</EmailAddress>
    </ContactPerson>
    <ContactPerson contactType="administrative">
      <GivenName>SURFfederatie Beheer</GivenName>
      <EmailAddress>federatie-beheer@surfnet.nl</EmailAddress>
    </ContactPerson>
  </EntityDescriptor>
  <EntityDescriptor xmlns="urn:oasis:names:tc:SAML:2.0:metadata" entityID="http://adfs.rijnhuizen.nl/adfs/services/trust">
    <IDPSSODescriptor protocolSupportEnumeration="urn:oasis:names:tc:SAML:2.0:protocol">
      <KeyDescriptor use="signing">
        <ds:KeyInfo xmlns:ds="http://www.w3.org/2000/09/xmldsig#">
          <ds:X509Data>
            <ds:X509Certificate>
MIIEVDCCAzygAwIBAgIJANm7yUGYaeG1MA0GCSqGSIb3DQEBBQUAMHkxCzAJBgNV
BAYTAk5MMRAwDgYDVQQKEwdTVVJGbmV0MREwDwYDVQQLEwhTZXJ2aWNlczEZMBcG
A1UEAxMQRmVkZXJhdGllIEJlaGVlcjEqMCgGCSqGSIb3DQEJARYbZmVkZXJhdGll
LWJlaGVlckBzdXJmbmV0Lm5sMB4XDTA4MDYwNTE1MDgyMVoXDTIzMDYwMjE1MDgy
MVoweTELMAkGA1UEBhMCTkwxEDAOBgNVBAoTB1NVUkZuZXQxETAPBgNVBAsTCFNl
cnZpY2VzMRkwFwYDVQQDExBGZWRlcmF0aWUgQmVoZWVyMSowKAYJKoZIhvcNAQkB
FhtmZWRlcmF0aWUtYmVoZWVyQHN1cmZuZXQubmwwggEiMA0GCSqGSIb3DQEBAQUA
A4IBDwAwggEKAoIBAQC/x+YuMaHyS3xeogfBB6hWrL4Frp+KzOuu4IixfhMHz3xI
G5l7p2aNV8UrEXevOwMWCgMNxjfSLdZBgNhR14GBh2cVGCx9f/wUtB86scmkP3Pr
RLoZWu/EIY6MEbgET3D3tkdGuVejQwwhJTlK2xxWHtEdEL5abjYLveDg6Lb6z9od
ljFevylBMZO+5LwTjpa3+B+07oMZr2sV1yjsG2BEBwTFz4XZzJAabeK9UO836qhN
ptktjffoCNen33tNCjzqci4wzgQef3CNA/Ef0tMKGotdldKC6FtHvXixmVY5RKUK
Iutm8sRwne8XYqrD54BAgXZQ0ZovxFbvGhA77YXxAgMBAAGjgd4wgdswHQYDVR0O
BBYEFJNoYjIYUrDN/h1+9BZYOTk7jQBNMIGrBgNVHSMEgaMwgaCAFJNoYjIYUrDN
/h1+9BZYOTk7jQBNoX2kezB5MQswCQYDVQQGEwJOTDEQMA4GA1UEChMHU1VSRm5l
dDERMA8GA1UECxMIU2VydmljZXMxGTAXBgNVBAMTEEZlZGVyYXRpZSBCZWhlZXIx
KjAoBgkqhkiG9w0BCQEWG2ZlZGVyYXRpZS1iZWhlZXJAc3VyZm5ldC5ubIIJANm7
yUGYaeG1MAwGA1UdEwQFMAMBAf8wDQYJKoZIhvcNAQEFBQADggEBAI4IxrYPwwjJ
D9gO1Vzt8ByeQaRe+V0Mv5Ox9RlcXV33WX8Ny8hqUS4/kjs9v7JOuOw7TRop/4QJ
IAv/LEXH9B+hQ96zdLGMCcHI2crWF8l0yZ/DtgkpdlcyS7dNbjLtedtmgrOMSQub
LE02tqoSUR491mQbRuXD49+kJsHXZH8I1YZqOShzPZ7+ksvnBd64txhef8OBlCzE
elT60nOC3Jm8k3i0HwPcCYfDrh6+MJfC2dvfgktAcyu8rm1Q/ZelxaaXok17wUKg
D8nDrVCOfTND1RCGcqJ3YVjYDhBrMdK+5NSuC5KOJUpVZbKgTOilnOM7B/Os8HJC
fxLkDyGV/oQ=
     	                  </ds:X509Certificate>
          </ds:X509Data>
        </ds:KeyInfo>
      </KeyDescriptor>
      <SingleLogoutService Binding="urn:oasis:names:tc:SAML:2.0:bindings:HTTP-Redirect" Location="https://wayf.surfnet.nl/federate/saml20"/>
      <NameIDFormat>urn:oasis:names:tc:SAML:2.0:nameid-format:persistent</NameIDFormat>
      <NameIDFormat>urn:oasis:names:tc:SAML:2.0:nameid-format:transient</NameIDFormat>
      <SingleSignOnService Binding="urn:oasis:names:tc:SAML:2.0:bindings:HTTP-Redirect" Location="https://wayf.surfnet.nl/federate/saml20/http%253A%252F%252Fadfs.rijnhuizen.nl%252Fadfs%252Fservices%252Ftrust"/>
      <SingleSignOnService Binding="urn:oasis:names:tc:SAML:2.0:bindings:HTTP-POST" Location="https://wayf.surfnet.nl/federate/saml20/http%253A%252F%252Fadfs.rijnhuizen.nl%252Fadfs%252Fservices%252Ftrust"/>
    </IDPSSODescriptor>
    <Organization>
      <OrganizationName xml:lang="en">FOM-Instituut DIFFER</OrganizationName>
      <OrganizationDisplayName xml:lang="en">FOM-Instituut DIFFER</OrganizationDisplayName>
      <OrganizationURL xml:lang="en">http://www.surffederatie.nl</OrganizationURL>
    </Organization>
    <ContactPerson contactType="technical">
      <SurName>AAI Beheer</SurName>
      <EmailAddress>aai-beheer@surfnet.nl</EmailAddress>
    </ContactPerson>
    <ContactPerson contactType="administrative">
      <GivenName>SURFfederatie Beheer</GivenName>
      <EmailAddress>federatie-beheer@surfnet.nl</EmailAddress>
    </ContactPerson>
  </EntityDescriptor>
  <EntityDescriptor xmlns="urn:oasis:names:tc:SAML:2.0:metadata" entityID="http://adfs2.fontys.nl/adfs/services/trust">
    <IDPSSODescriptor protocolSupportEnumeration="urn:oasis:names:tc:SAML:2.0:protocol">
      <KeyDescriptor use="signing">
        <ds:KeyInfo xmlns:ds="http://www.w3.org/2000/09/xmldsig#">
          <ds:X509Data>
            <ds:X509Certificate>
MIIEVDCCAzygAwIBAgIJANm7yUGYaeG1MA0GCSqGSIb3DQEBBQUAMHkxCzAJBgNV
BAYTAk5MMRAwDgYDVQQKEwdTVVJGbmV0MREwDwYDVQQLEwhTZXJ2aWNlczEZMBcG
A1UEAxMQRmVkZXJhdGllIEJlaGVlcjEqMCgGCSqGSIb3DQEJARYbZmVkZXJhdGll
LWJlaGVlckBzdXJmbmV0Lm5sMB4XDTA4MDYwNTE1MDgyMVoXDTIzMDYwMjE1MDgy
MVoweTELMAkGA1UEBhMCTkwxEDAOBgNVBAoTB1NVUkZuZXQxETAPBgNVBAsTCFNl
cnZpY2VzMRkwFwYDVQQDExBGZWRlcmF0aWUgQmVoZWVyMSowKAYJKoZIhvcNAQkB
FhtmZWRlcmF0aWUtYmVoZWVyQHN1cmZuZXQubmwwggEiMA0GCSqGSIb3DQEBAQUA
A4IBDwAwggEKAoIBAQC/x+YuMaHyS3xeogfBB6hWrL4Frp+KzOuu4IixfhMHz3xI
G5l7p2aNV8UrEXevOwMWCgMNxjfSLdZBgNhR14GBh2cVGCx9f/wUtB86scmkP3Pr
RLoZWu/EIY6MEbgET3D3tkdGuVejQwwhJTlK2xxWHtEdEL5abjYLveDg6Lb6z9od
ljFevylBMZO+5LwTjpa3+B+07oMZr2sV1yjsG2BEBwTFz4XZzJAabeK9UO836qhN
ptktjffoCNen33tNCjzqci4wzgQef3CNA/Ef0tMKGotdldKC6FtHvXixmVY5RKUK
Iutm8sRwne8XYqrD54BAgXZQ0ZovxFbvGhA77YXxAgMBAAGjgd4wgdswHQYDVR0O
BBYEFJNoYjIYUrDN/h1+9BZYOTk7jQBNMIGrBgNVHSMEgaMwgaCAFJNoYjIYUrDN
/h1+9BZYOTk7jQBNoX2kezB5MQswCQYDVQQGEwJOTDEQMA4GA1UEChMHU1VSRm5l
dDERMA8GA1UECxMIU2VydmljZXMxGTAXBgNVBAMTEEZlZGVyYXRpZSBCZWhlZXIx
KjAoBgkqhkiG9w0BCQEWG2ZlZGVyYXRpZS1iZWhlZXJAc3VyZm5ldC5ubIIJANm7
yUGYaeG1MAwGA1UdEwQFMAMBAf8wDQYJKoZIhvcNAQEFBQADggEBAI4IxrYPwwjJ
D9gO1Vzt8ByeQaRe+V0Mv5Ox9RlcXV33WX8Ny8hqUS4/kjs9v7JOuOw7TRop/4QJ
IAv/LEXH9B+hQ96zdLGMCcHI2crWF8l0yZ/DtgkpdlcyS7dNbjLtedtmgrOMSQub
LE02tqoSUR491mQbRuXD49+kJsHXZH8I1YZqOShzPZ7+ksvnBd64txhef8OBlCzE
elT60nOC3Jm8k3i0HwPcCYfDrh6+MJfC2dvfgktAcyu8rm1Q/ZelxaaXok17wUKg
D8nDrVCOfTND1RCGcqJ3YVjYDhBrMdK+5NSuC5KOJUpVZbKgTOilnOM7B/Os8HJC
fxLkDyGV/oQ=
     	                  </ds:X509Certificate>
          </ds:X509Data>
        </ds:KeyInfo>
      </KeyDescriptor>
      <SingleLogoutService Binding="urn:oasis:names:tc:SAML:2.0:bindings:HTTP-Redirect" Location="https://wayf.surfnet.nl/federate/saml20"/>
      <NameIDFormat>urn:oasis:names:tc:SAML:2.0:nameid-format:persistent</NameIDFormat>
      <NameIDFormat>urn:oasis:names:tc:SAML:2.0:nameid-format:transient</NameIDFormat>
      <SingleSignOnService Binding="urn:oasis:names:tc:SAML:2.0:bindings:HTTP-Redirect" Location="https://wayf.surfnet.nl/federate/saml20/http%253A%252F%252Fadfs2.fontys.nl%252Fadfs%252Fservices%252Ftrust"/>
      <SingleSignOnService Binding="urn:oasis:names:tc:SAML:2.0:bindings:HTTP-POST" Location="https://wayf.surfnet.nl/federate/saml20/http%253A%252F%252Fadfs2.fontys.nl%252Fadfs%252Fservices%252Ftrust"/>
    </IDPSSODescriptor>
    <Organization>
      <OrganizationName xml:lang="en">Fontys Hogescholen</OrganizationName>
      <OrganizationDisplayName xml:lang="en">Fontys Hogescholen</OrganizationDisplayName>
      <OrganizationURL xml:lang="en">http://www.surffederatie.nl</OrganizationURL>
    </Organization>
    <ContactPerson contactType="technical">
      <SurName>AAI Beheer</SurName>
      <EmailAddress>aai-beheer@surfnet.nl</EmailAddress>
    </ContactPerson>
    <ContactPerson contactType="administrative">
      <GivenName>SURFfederatie Beheer</GivenName>
      <EmailAddress>federatie-beheer@surfnet.nl</EmailAddress>
    </ContactPerson>
  </EntityDescriptor>
  <EntityDescriptor xmlns="urn:oasis:names:tc:SAML:2.0:metadata" entityID="urn:federation:FontysADFS">
    <IDPSSODescriptor protocolSupportEnumeration="urn:oasis:names:tc:SAML:2.0:protocol">
      <KeyDescriptor use="signing">
        <ds:KeyInfo xmlns:ds="http://www.w3.org/2000/09/xmldsig#">
          <ds:X509Data>
            <ds:X509Certificate>
MIIEVDCCAzygAwIBAgIJANm7yUGYaeG1MA0GCSqGSIb3DQEBBQUAMHkxCzAJBgNV
BAYTAk5MMRAwDgYDVQQKEwdTVVJGbmV0MREwDwYDVQQLEwhTZXJ2aWNlczEZMBcG
A1UEAxMQRmVkZXJhdGllIEJlaGVlcjEqMCgGCSqGSIb3DQEJARYbZmVkZXJhdGll
LWJlaGVlckBzdXJmbmV0Lm5sMB4XDTA4MDYwNTE1MDgyMVoXDTIzMDYwMjE1MDgy
MVoweTELMAkGA1UEBhMCTkwxEDAOBgNVBAoTB1NVUkZuZXQxETAPBgNVBAsTCFNl
cnZpY2VzMRkwFwYDVQQDExBGZWRlcmF0aWUgQmVoZWVyMSowKAYJKoZIhvcNAQkB
FhtmZWRlcmF0aWUtYmVoZWVyQHN1cmZuZXQubmwwggEiMA0GCSqGSIb3DQEBAQUA
A4IBDwAwggEKAoIBAQC/x+YuMaHyS3xeogfBB6hWrL4Frp+KzOuu4IixfhMHz3xI
G5l7p2aNV8UrEXevOwMWCgMNxjfSLdZBgNhR14GBh2cVGCx9f/wUtB86scmkP3Pr
RLoZWu/EIY6MEbgET3D3tkdGuVejQwwhJTlK2xxWHtEdEL5abjYLveDg6Lb6z9od
ljFevylBMZO+5LwTjpa3+B+07oMZr2sV1yjsG2BEBwTFz4XZzJAabeK9UO836qhN
ptktjffoCNen33tNCjzqci4wzgQef3CNA/Ef0tMKGotdldKC6FtHvXixmVY5RKUK
Iutm8sRwne8XYqrD54BAgXZQ0ZovxFbvGhA77YXxAgMBAAGjgd4wgdswHQYDVR0O
BBYEFJNoYjIYUrDN/h1+9BZYOTk7jQBNMIGrBgNVHSMEgaMwgaCAFJNoYjIYUrDN
/h1+9BZYOTk7jQBNoX2kezB5MQswCQYDVQQGEwJOTDEQMA4GA1UEChMHU1VSRm5l
dDERMA8GA1UECxMIU2VydmljZXMxGTAXBgNVBAMTEEZlZGVyYXRpZSBCZWhlZXIx
KjAoBgkqhkiG9w0BCQEWG2ZlZGVyYXRpZS1iZWhlZXJAc3VyZm5ldC5ubIIJANm7
yUGYaeG1MAwGA1UdEwQFMAMBAf8wDQYJKoZIhvcNAQEFBQADggEBAI4IxrYPwwjJ
D9gO1Vzt8ByeQaRe+V0Mv5Ox9RlcXV33WX8Ny8hqUS4/kjs9v7JOuOw7TRop/4QJ
IAv/LEXH9B+hQ96zdLGMCcHI2crWF8l0yZ/DtgkpdlcyS7dNbjLtedtmgrOMSQub
LE02tqoSUR491mQbRuXD49+kJsHXZH8I1YZqOShzPZ7+ksvnBd64txhef8OBlCzE
elT60nOC3Jm8k3i0HwPcCYfDrh6+MJfC2dvfgktAcyu8rm1Q/ZelxaaXok17wUKg
D8nDrVCOfTND1RCGcqJ3YVjYDhBrMdK+5NSuC5KOJUpVZbKgTOilnOM7B/Os8HJC
fxLkDyGV/oQ=
     	                  </ds:X509Certificate>
          </ds:X509Data>
        </ds:KeyInfo>
      </KeyDescriptor>
      <SingleLogoutService Binding="urn:oasis:names:tc:SAML:2.0:bindings:HTTP-Redirect" Location="https://wayf.surfnet.nl/federate/saml20"/>
      <NameIDFormat>urn:oasis:names:tc:SAML:2.0:nameid-format:persistent</NameIDFormat>
      <NameIDFormat>urn:oasis:names:tc:SAML:2.0:nameid-format:transient</NameIDFormat>
      <SingleSignOnService Binding="urn:oasis:names:tc:SAML:2.0:bindings:HTTP-Redirect" Location="https://wayf.surfnet.nl/federate/saml20/urn%253Afederation%253AFontysADFS"/>
      <SingleSignOnService Binding="urn:oasis:names:tc:SAML:2.0:bindings:HTTP-POST" Location="https://wayf.surfnet.nl/federate/saml20/urn%253Afederation%253AFontysADFS"/>
    </IDPSSODescriptor>
    <Organization>
      <OrganizationName xml:lang="en">Fontys Hogescholen (old)</OrganizationName>
      <OrganizationDisplayName xml:lang="en">Fontys Hogescholen (old)</OrganizationDisplayName>
      <OrganizationURL xml:lang="en">https://adfs.fontys.nl/adfs/ls/</OrganizationURL>
    </Organization>
    <ContactPerson contactType="technical">
      <SurName>AAI Beheer</SurName>
      <EmailAddress>aai-beheer@surfnet.nl</EmailAddress>
    </ContactPerson>
    <ContactPerson contactType="administrative">
      <GivenName>SURFfederatie Beheer</GivenName>
      <EmailAddress>federatie-beheer@surfnet.nl</EmailAddress>
    </ContactPerson>
  </EntityDescriptor>
  <EntityDescriptor xmlns="urn:oasis:names:tc:SAML:2.0:metadata" entityID="http://ADFS.GRAC.NL/adfs/services/trust">
    <IDPSSODescriptor protocolSupportEnumeration="urn:oasis:names:tc:SAML:2.0:protocol">
      <KeyDescriptor use="signing">
        <ds:KeyInfo xmlns:ds="http://www.w3.org/2000/09/xmldsig#">
          <ds:X509Data>
            <ds:X509Certificate>
MIIEVDCCAzygAwIBAgIJANm7yUGYaeG1MA0GCSqGSIb3DQEBBQUAMHkxCzAJBgNV
BAYTAk5MMRAwDgYDVQQKEwdTVVJGbmV0MREwDwYDVQQLEwhTZXJ2aWNlczEZMBcG
A1UEAxMQRmVkZXJhdGllIEJlaGVlcjEqMCgGCSqGSIb3DQEJARYbZmVkZXJhdGll
LWJlaGVlckBzdXJmbmV0Lm5sMB4XDTA4MDYwNTE1MDgyMVoXDTIzMDYwMjE1MDgy
MVoweTELMAkGA1UEBhMCTkwxEDAOBgNVBAoTB1NVUkZuZXQxETAPBgNVBAsTCFNl
cnZpY2VzMRkwFwYDVQQDExBGZWRlcmF0aWUgQmVoZWVyMSowKAYJKoZIhvcNAQkB
FhtmZWRlcmF0aWUtYmVoZWVyQHN1cmZuZXQubmwwggEiMA0GCSqGSIb3DQEBAQUA
A4IBDwAwggEKAoIBAQC/x+YuMaHyS3xeogfBB6hWrL4Frp+KzOuu4IixfhMHz3xI
G5l7p2aNV8UrEXevOwMWCgMNxjfSLdZBgNhR14GBh2cVGCx9f/wUtB86scmkP3Pr
RLoZWu/EIY6MEbgET3D3tkdGuVejQwwhJTlK2xxWHtEdEL5abjYLveDg6Lb6z9od
ljFevylBMZO+5LwTjpa3+B+07oMZr2sV1yjsG2BEBwTFz4XZzJAabeK9UO836qhN
ptktjffoCNen33tNCjzqci4wzgQef3CNA/Ef0tMKGotdldKC6FtHvXixmVY5RKUK
Iutm8sRwne8XYqrD54BAgXZQ0ZovxFbvGhA77YXxAgMBAAGjgd4wgdswHQYDVR0O
BBYEFJNoYjIYUrDN/h1+9BZYOTk7jQBNMIGrBgNVHSMEgaMwgaCAFJNoYjIYUrDN
/h1+9BZYOTk7jQBNoX2kezB5MQswCQYDVQQGEwJOTDEQMA4GA1UEChMHU1VSRm5l
dDERMA8GA1UECxMIU2VydmljZXMxGTAXBgNVBAMTEEZlZGVyYXRpZSBCZWhlZXIx
KjAoBgkqhkiG9w0BCQEWG2ZlZGVyYXRpZS1iZWhlZXJAc3VyZm5ldC5ubIIJANm7
yUGYaeG1MAwGA1UdEwQFMAMBAf8wDQYJKoZIhvcNAQEFBQADggEBAI4IxrYPwwjJ
D9gO1Vzt8ByeQaRe+V0Mv5Ox9RlcXV33WX8Ny8hqUS4/kjs9v7JOuOw7TRop/4QJ
IAv/LEXH9B+hQ96zdLGMCcHI2crWF8l0yZ/DtgkpdlcyS7dNbjLtedtmgrOMSQub
LE02tqoSUR491mQbRuXD49+kJsHXZH8I1YZqOShzPZ7+ksvnBd64txhef8OBlCzE
elT60nOC3Jm8k3i0HwPcCYfDrh6+MJfC2dvfgktAcyu8rm1Q/ZelxaaXok17wUKg
D8nDrVCOfTND1RCGcqJ3YVjYDhBrMdK+5NSuC5KOJUpVZbKgTOilnOM7B/Os8HJC
fxLkDyGV/oQ=
     	                  </ds:X509Certificate>
          </ds:X509Data>
        </ds:KeyInfo>
      </KeyDescriptor>
      <SingleLogoutService Binding="urn:oasis:names:tc:SAML:2.0:bindings:HTTP-Redirect" Location="https://wayf.surfnet.nl/federate/saml20"/>
      <NameIDFormat>urn:oasis:names:tc:SAML:2.0:nameid-format:persistent</NameIDFormat>
      <NameIDFormat>urn:oasis:names:tc:SAML:2.0:nameid-format:transient</NameIDFormat>
      <SingleSignOnService Binding="urn:oasis:names:tc:SAML:2.0:bindings:HTTP-Redirect" Location="https://wayf.surfnet.nl/federate/saml20/http%253A%252F%252FADFS.GRAC.NL%252Fadfs%252Fservices%252Ftrust"/>
      <SingleSignOnService Binding="urn:oasis:names:tc:SAML:2.0:bindings:HTTP-POST" Location="https://wayf.surfnet.nl/federate/saml20/http%253A%252F%252FADFS.GRAC.NL%252Fadfs%252Fservices%252Ftrust"/>
    </IDPSSODescriptor>
    <Organization>
      <OrganizationName xml:lang="en">Gerrit Rietveld Academie</OrganizationName>
      <OrganizationDisplayName xml:lang="en">Gerrit Rietveld Academie</OrganizationDisplayName>
      <OrganizationURL xml:lang="en">http://www.surffederatie.nl</OrganizationURL>
    </Organization>
    <ContactPerson contactType="technical">
      <SurName>AAI Beheer</SurName>
      <EmailAddress>aai-beheer@surfnet.nl</EmailAddress>
    </ContactPerson>
    <ContactPerson contactType="administrative">
      <GivenName>SURFfederatie Beheer</GivenName>
      <EmailAddress>federatie-beheer@surfnet.nl</EmailAddress>
    </ContactPerson>
  </EntityDescriptor>
  <EntityDescriptor xmlns="urn:oasis:names:tc:SAML:2.0:metadata" entityID="http://federatie.graafschapcollege.nl/adfs/services/trust">
    <IDPSSODescriptor protocolSupportEnumeration="urn:oasis:names:tc:SAML:2.0:protocol">
      <KeyDescriptor use="signing">
        <ds:KeyInfo xmlns:ds="http://www.w3.org/2000/09/xmldsig#">
          <ds:X509Data>
            <ds:X509Certificate>
MIIEVDCCAzygAwIBAgIJANm7yUGYaeG1MA0GCSqGSIb3DQEBBQUAMHkxCzAJBgNV
BAYTAk5MMRAwDgYDVQQKEwdTVVJGbmV0MREwDwYDVQQLEwhTZXJ2aWNlczEZMBcG
A1UEAxMQRmVkZXJhdGllIEJlaGVlcjEqMCgGCSqGSIb3DQEJARYbZmVkZXJhdGll
LWJlaGVlckBzdXJmbmV0Lm5sMB4XDTA4MDYwNTE1MDgyMVoXDTIzMDYwMjE1MDgy
MVoweTELMAkGA1UEBhMCTkwxEDAOBgNVBAoTB1NVUkZuZXQxETAPBgNVBAsTCFNl
cnZpY2VzMRkwFwYDVQQDExBGZWRlcmF0aWUgQmVoZWVyMSowKAYJKoZIhvcNAQkB
FhtmZWRlcmF0aWUtYmVoZWVyQHN1cmZuZXQubmwwggEiMA0GCSqGSIb3DQEBAQUA
A4IBDwAwggEKAoIBAQC/x+YuMaHyS3xeogfBB6hWrL4Frp+KzOuu4IixfhMHz3xI
G5l7p2aNV8UrEXevOwMWCgMNxjfSLdZBgNhR14GBh2cVGCx9f/wUtB86scmkP3Pr
RLoZWu/EIY6MEbgET3D3tkdGuVejQwwhJTlK2xxWHtEdEL5abjYLveDg6Lb6z9od
ljFevylBMZO+5LwTjpa3+B+07oMZr2sV1yjsG2BEBwTFz4XZzJAabeK9UO836qhN
ptktjffoCNen33tNCjzqci4wzgQef3CNA/Ef0tMKGotdldKC6FtHvXixmVY5RKUK
Iutm8sRwne8XYqrD54BAgXZQ0ZovxFbvGhA77YXxAgMBAAGjgd4wgdswHQYDVR0O
BBYEFJNoYjIYUrDN/h1+9BZYOTk7jQBNMIGrBgNVHSMEgaMwgaCAFJNoYjIYUrDN
/h1+9BZYOTk7jQBNoX2kezB5MQswCQYDVQQGEwJOTDEQMA4GA1UEChMHU1VSRm5l
dDERMA8GA1UECxMIU2VydmljZXMxGTAXBgNVBAMTEEZlZGVyYXRpZSBCZWhlZXIx
KjAoBgkqhkiG9w0BCQEWG2ZlZGVyYXRpZS1iZWhlZXJAc3VyZm5ldC5ubIIJANm7
yUGYaeG1MAwGA1UdEwQFMAMBAf8wDQYJKoZIhvcNAQEFBQADggEBAI4IxrYPwwjJ
D9gO1Vzt8ByeQaRe+V0Mv5Ox9RlcXV33WX8Ny8hqUS4/kjs9v7JOuOw7TRop/4QJ
IAv/LEXH9B+hQ96zdLGMCcHI2crWF8l0yZ/DtgkpdlcyS7dNbjLtedtmgrOMSQub
LE02tqoSUR491mQbRuXD49+kJsHXZH8I1YZqOShzPZ7+ksvnBd64txhef8OBlCzE
elT60nOC3Jm8k3i0HwPcCYfDrh6+MJfC2dvfgktAcyu8rm1Q/ZelxaaXok17wUKg
D8nDrVCOfTND1RCGcqJ3YVjYDhBrMdK+5NSuC5KOJUpVZbKgTOilnOM7B/Os8HJC
fxLkDyGV/oQ=
     	                  </ds:X509Certificate>
          </ds:X509Data>
        </ds:KeyInfo>
      </KeyDescriptor>
      <SingleLogoutService Binding="urn:oasis:names:tc:SAML:2.0:bindings:HTTP-Redirect" Location="https://wayf.surfnet.nl/federate/saml20"/>
      <NameIDFormat>urn:oasis:names:tc:SAML:2.0:nameid-format:persistent</NameIDFormat>
      <NameIDFormat>urn:oasis:names:tc:SAML:2.0:nameid-format:transient</NameIDFormat>
      <SingleSignOnService Binding="urn:oasis:names:tc:SAML:2.0:bindings:HTTP-Redirect" Location="https://wayf.surfnet.nl/federate/saml20/http%253A%252F%252Ffederatie.graafschapcollege.nl%252Fadfs%252Fservices%252Ftrust"/>
      <SingleSignOnService Binding="urn:oasis:names:tc:SAML:2.0:bindings:HTTP-POST" Location="https://wayf.surfnet.nl/federate/saml20/http%253A%252F%252Ffederatie.graafschapcollege.nl%252Fadfs%252Fservices%252Ftrust"/>
    </IDPSSODescriptor>
    <Organization>
      <OrganizationName xml:lang="en">Graafschap College</OrganizationName>
      <OrganizationDisplayName xml:lang="en">Graafschap College</OrganizationDisplayName>
      <OrganizationURL xml:lang="en">http://www.surffederatie.nl</OrganizationURL>
    </Organization>
    <ContactPerson contactType="technical">
      <SurName>AAI Beheer</SurName>
      <EmailAddress>aai-beheer@surfnet.nl</EmailAddress>
    </ContactPerson>
    <ContactPerson contactType="administrative">
      <GivenName>SURFfederatie Beheer</GivenName>
      <EmailAddress>federatie-beheer@surfnet.nl</EmailAddress>
    </ContactPerson>
  </EntityDescriptor>
  <EntityDescriptor xmlns="urn:oasis:names:tc:SAML:2.0:metadata" entityID="https://surffederatie.glu.nl/simplesaml/saml2/idp/metadata.php">
    <IDPSSODescriptor protocolSupportEnumeration="urn:oasis:names:tc:SAML:2.0:protocol">
      <KeyDescriptor use="signing">
        <ds:KeyInfo xmlns:ds="http://www.w3.org/2000/09/xmldsig#">
          <ds:X509Data>
            <ds:X509Certificate>
MIIEVDCCAzygAwIBAgIJANm7yUGYaeG1MA0GCSqGSIb3DQEBBQUAMHkxCzAJBgNV
BAYTAk5MMRAwDgYDVQQKEwdTVVJGbmV0MREwDwYDVQQLEwhTZXJ2aWNlczEZMBcG
A1UEAxMQRmVkZXJhdGllIEJlaGVlcjEqMCgGCSqGSIb3DQEJARYbZmVkZXJhdGll
LWJlaGVlckBzdXJmbmV0Lm5sMB4XDTA4MDYwNTE1MDgyMVoXDTIzMDYwMjE1MDgy
MVoweTELMAkGA1UEBhMCTkwxEDAOBgNVBAoTB1NVUkZuZXQxETAPBgNVBAsTCFNl
cnZpY2VzMRkwFwYDVQQDExBGZWRlcmF0aWUgQmVoZWVyMSowKAYJKoZIhvcNAQkB
FhtmZWRlcmF0aWUtYmVoZWVyQHN1cmZuZXQubmwwggEiMA0GCSqGSIb3DQEBAQUA
A4IBDwAwggEKAoIBAQC/x+YuMaHyS3xeogfBB6hWrL4Frp+KzOuu4IixfhMHz3xI
G5l7p2aNV8UrEXevOwMWCgMNxjfSLdZBgNhR14GBh2cVGCx9f/wUtB86scmkP3Pr
RLoZWu/EIY6MEbgET3D3tkdGuVejQwwhJTlK2xxWHtEdEL5abjYLveDg6Lb6z9od
ljFevylBMZO+5LwTjpa3+B+07oMZr2sV1yjsG2BEBwTFz4XZzJAabeK9UO836qhN
ptktjffoCNen33tNCjzqci4wzgQef3CNA/Ef0tMKGotdldKC6FtHvXixmVY5RKUK
Iutm8sRwne8XYqrD54BAgXZQ0ZovxFbvGhA77YXxAgMBAAGjgd4wgdswHQYDVR0O
BBYEFJNoYjIYUrDN/h1+9BZYOTk7jQBNMIGrBgNVHSMEgaMwgaCAFJNoYjIYUrDN
/h1+9BZYOTk7jQBNoX2kezB5MQswCQYDVQQGEwJOTDEQMA4GA1UEChMHU1VSRm5l
dDERMA8GA1UECxMIU2VydmljZXMxGTAXBgNVBAMTEEZlZGVyYXRpZSBCZWhlZXIx
KjAoBgkqhkiG9w0BCQEWG2ZlZGVyYXRpZS1iZWhlZXJAc3VyZm5ldC5ubIIJANm7
yUGYaeG1MAwGA1UdEwQFMAMBAf8wDQYJKoZIhvcNAQEFBQADggEBAI4IxrYPwwjJ
D9gO1Vzt8ByeQaRe+V0Mv5Ox9RlcXV33WX8Ny8hqUS4/kjs9v7JOuOw7TRop/4QJ
IAv/LEXH9B+hQ96zdLGMCcHI2crWF8l0yZ/DtgkpdlcyS7dNbjLtedtmgrOMSQub
LE02tqoSUR491mQbRuXD49+kJsHXZH8I1YZqOShzPZ7+ksvnBd64txhef8OBlCzE
elT60nOC3Jm8k3i0HwPcCYfDrh6+MJfC2dvfgktAcyu8rm1Q/ZelxaaXok17wUKg
D8nDrVCOfTND1RCGcqJ3YVjYDhBrMdK+5NSuC5KOJUpVZbKgTOilnOM7B/Os8HJC
fxLkDyGV/oQ=
     	                  </ds:X509Certificate>
          </ds:X509Data>
        </ds:KeyInfo>
      </KeyDescriptor>
      <SingleLogoutService Binding="urn:oasis:names:tc:SAML:2.0:bindings:HTTP-Redirect" Location="https://wayf.surfnet.nl/federate/saml20"/>
      <NameIDFormat>urn:oasis:names:tc:SAML:2.0:nameid-format:persistent</NameIDFormat>
      <NameIDFormat>urn:oasis:names:tc:SAML:2.0:nameid-format:transient</NameIDFormat>
      <SingleSignOnService Binding="urn:oasis:names:tc:SAML:2.0:bindings:HTTP-Redirect" Location="https://wayf.surfnet.nl/federate/saml20/https%253A%252F%252Fsurffederatie.glu.nl%252Fsimplesaml%252Fsaml2%252Fidp%252Fmetadata.php"/>
      <SingleSignOnService Binding="urn:oasis:names:tc:SAML:2.0:bindings:HTTP-POST" Location="https://wayf.surfnet.nl/federate/saml20/https%253A%252F%252Fsurffederatie.glu.nl%252Fsimplesaml%252Fsaml2%252Fidp%252Fmetadata.php"/>
    </IDPSSODescriptor>
    <Organization>
      <OrganizationName xml:lang="en">Grafisch Lyceum Utrecht</OrganizationName>
      <OrganizationDisplayName xml:lang="en">Grafisch Lyceum Utrecht</OrganizationDisplayName>
      <OrganizationURL xml:lang="en">http://www.surffederatie.nl</OrganizationURL>
    </Organization>
    <ContactPerson contactType="technical">
      <SurName>AAI Beheer</SurName>
      <EmailAddress>aai-beheer@surfnet.nl</EmailAddress>
    </ContactPerson>
    <ContactPerson contactType="administrative">
      <GivenName>SURFfederatie Beheer</GivenName>
      <EmailAddress>federatie-beheer@surfnet.nl</EmailAddress>
    </ContactPerson>
  </EntityDescriptor>
  <EntityDescriptor xmlns="urn:oasis:names:tc:SAML:2.0:metadata" entityID="HHS">
    <IDPSSODescriptor protocolSupportEnumeration="urn:oasis:names:tc:SAML:2.0:protocol">
      <KeyDescriptor use="signing">
        <ds:KeyInfo xmlns:ds="http://www.w3.org/2000/09/xmldsig#">
          <ds:X509Data>
            <ds:X509Certificate>
MIIEVDCCAzygAwIBAgIJANm7yUGYaeG1MA0GCSqGSIb3DQEBBQUAMHkxCzAJBgNV
BAYTAk5MMRAwDgYDVQQKEwdTVVJGbmV0MREwDwYDVQQLEwhTZXJ2aWNlczEZMBcG
A1UEAxMQRmVkZXJhdGllIEJlaGVlcjEqMCgGCSqGSIb3DQEJARYbZmVkZXJhdGll
LWJlaGVlckBzdXJmbmV0Lm5sMB4XDTA4MDYwNTE1MDgyMVoXDTIzMDYwMjE1MDgy
MVoweTELMAkGA1UEBhMCTkwxEDAOBgNVBAoTB1NVUkZuZXQxETAPBgNVBAsTCFNl
cnZpY2VzMRkwFwYDVQQDExBGZWRlcmF0aWUgQmVoZWVyMSowKAYJKoZIhvcNAQkB
FhtmZWRlcmF0aWUtYmVoZWVyQHN1cmZuZXQubmwwggEiMA0GCSqGSIb3DQEBAQUA
A4IBDwAwggEKAoIBAQC/x+YuMaHyS3xeogfBB6hWrL4Frp+KzOuu4IixfhMHz3xI
G5l7p2aNV8UrEXevOwMWCgMNxjfSLdZBgNhR14GBh2cVGCx9f/wUtB86scmkP3Pr
RLoZWu/EIY6MEbgET3D3tkdGuVejQwwhJTlK2xxWHtEdEL5abjYLveDg6Lb6z9od
ljFevylBMZO+5LwTjpa3+B+07oMZr2sV1yjsG2BEBwTFz4XZzJAabeK9UO836qhN
ptktjffoCNen33tNCjzqci4wzgQef3CNA/Ef0tMKGotdldKC6FtHvXixmVY5RKUK
Iutm8sRwne8XYqrD54BAgXZQ0ZovxFbvGhA77YXxAgMBAAGjgd4wgdswHQYDVR0O
BBYEFJNoYjIYUrDN/h1+9BZYOTk7jQBNMIGrBgNVHSMEgaMwgaCAFJNoYjIYUrDN
/h1+9BZYOTk7jQBNoX2kezB5MQswCQYDVQQGEwJOTDEQMA4GA1UEChMHU1VSRm5l
dDERMA8GA1UECxMIU2VydmljZXMxGTAXBgNVBAMTEEZlZGVyYXRpZSBCZWhlZXIx
KjAoBgkqhkiG9w0BCQEWG2ZlZGVyYXRpZS1iZWhlZXJAc3VyZm5ldC5ubIIJANm7
yUGYaeG1MAwGA1UdEwQFMAMBAf8wDQYJKoZIhvcNAQEFBQADggEBAI4IxrYPwwjJ
D9gO1Vzt8ByeQaRe+V0Mv5Ox9RlcXV33WX8Ny8hqUS4/kjs9v7JOuOw7TRop/4QJ
IAv/LEXH9B+hQ96zdLGMCcHI2crWF8l0yZ/DtgkpdlcyS7dNbjLtedtmgrOMSQub
LE02tqoSUR491mQbRuXD49+kJsHXZH8I1YZqOShzPZ7+ksvnBd64txhef8OBlCzE
elT60nOC3Jm8k3i0HwPcCYfDrh6+MJfC2dvfgktAcyu8rm1Q/ZelxaaXok17wUKg
D8nDrVCOfTND1RCGcqJ3YVjYDhBrMdK+5NSuC5KOJUpVZbKgTOilnOM7B/Os8HJC
fxLkDyGV/oQ=
     	                  </ds:X509Certificate>
          </ds:X509Data>
        </ds:KeyInfo>
      </KeyDescriptor>
      <SingleLogoutService Binding="urn:oasis:names:tc:SAML:2.0:bindings:HTTP-Redirect" Location="https://wayf.surfnet.nl/federate/saml20"/>
      <NameIDFormat>urn:oasis:names:tc:SAML:2.0:nameid-format:persistent</NameIDFormat>
      <NameIDFormat>urn:oasis:names:tc:SAML:2.0:nameid-format:transient</NameIDFormat>
      <SingleSignOnService Binding="urn:oasis:names:tc:SAML:2.0:bindings:HTTP-Redirect" Location="https://wayf.surfnet.nl/federate/saml20/HHS"/>
      <SingleSignOnService Binding="urn:oasis:names:tc:SAML:2.0:bindings:HTTP-POST" Location="https://wayf.surfnet.nl/federate/saml20/HHS"/>
    </IDPSSODescriptor>
    <Organization>
      <OrganizationName xml:lang="en">Haagse Hogeschool</OrganizationName>
      <OrganizationDisplayName xml:lang="en">Haagse Hogeschool</OrganizationDisplayName>
      <OrganizationURL xml:lang="en">http://www.surffederatie.nl</OrganizationURL>
    </Organization>
    <ContactPerson contactType="technical">
      <SurName>AAI Beheer</SurName>
      <EmailAddress>aai-beheer@surfnet.nl</EmailAddress>
    </ContactPerson>
    <ContactPerson contactType="administrative">
      <GivenName>SURFfederatie Beheer</GivenName>
      <EmailAddress>federatie-beheer@surfnet.nl</EmailAddress>
    </ContactPerson>
  </EntityDescriptor>
  <EntityDescriptor xmlns="urn:oasis:names:tc:SAML:2.0:metadata" entityID="https://saml.hhs.nl/simplesaml/saml2/idp/metadata.php">
    <IDPSSODescriptor protocolSupportEnumeration="urn:oasis:names:tc:SAML:2.0:protocol">
      <KeyDescriptor use="signing">
        <ds:KeyInfo xmlns:ds="http://www.w3.org/2000/09/xmldsig#">
          <ds:X509Data>
            <ds:X509Certificate>
MIIEVDCCAzygAwIBAgIJANm7yUGYaeG1MA0GCSqGSIb3DQEBBQUAMHkxCzAJBgNV
BAYTAk5MMRAwDgYDVQQKEwdTVVJGbmV0MREwDwYDVQQLEwhTZXJ2aWNlczEZMBcG
A1UEAxMQRmVkZXJhdGllIEJlaGVlcjEqMCgGCSqGSIb3DQEJARYbZmVkZXJhdGll
LWJlaGVlckBzdXJmbmV0Lm5sMB4XDTA4MDYwNTE1MDgyMVoXDTIzMDYwMjE1MDgy
MVoweTELMAkGA1UEBhMCTkwxEDAOBgNVBAoTB1NVUkZuZXQxETAPBgNVBAsTCFNl
cnZpY2VzMRkwFwYDVQQDExBGZWRlcmF0aWUgQmVoZWVyMSowKAYJKoZIhvcNAQkB
FhtmZWRlcmF0aWUtYmVoZWVyQHN1cmZuZXQubmwwggEiMA0GCSqGSIb3DQEBAQUA
A4IBDwAwggEKAoIBAQC/x+YuMaHyS3xeogfBB6hWrL4Frp+KzOuu4IixfhMHz3xI
G5l7p2aNV8UrEXevOwMWCgMNxjfSLdZBgNhR14GBh2cVGCx9f/wUtB86scmkP3Pr
RLoZWu/EIY6MEbgET3D3tkdGuVejQwwhJTlK2xxWHtEdEL5abjYLveDg6Lb6z9od
ljFevylBMZO+5LwTjpa3+B+07oMZr2sV1yjsG2BEBwTFz4XZzJAabeK9UO836qhN
ptktjffoCNen33tNCjzqci4wzgQef3CNA/Ef0tMKGotdldKC6FtHvXixmVY5RKUK
Iutm8sRwne8XYqrD54BAgXZQ0ZovxFbvGhA77YXxAgMBAAGjgd4wgdswHQYDVR0O
BBYEFJNoYjIYUrDN/h1+9BZYOTk7jQBNMIGrBgNVHSMEgaMwgaCAFJNoYjIYUrDN
/h1+9BZYOTk7jQBNoX2kezB5MQswCQYDVQQGEwJOTDEQMA4GA1UEChMHU1VSRm5l
dDERMA8GA1UECxMIU2VydmljZXMxGTAXBgNVBAMTEEZlZGVyYXRpZSBCZWhlZXIx
KjAoBgkqhkiG9w0BCQEWG2ZlZGVyYXRpZS1iZWhlZXJAc3VyZm5ldC5ubIIJANm7
yUGYaeG1MAwGA1UdEwQFMAMBAf8wDQYJKoZIhvcNAQEFBQADggEBAI4IxrYPwwjJ
D9gO1Vzt8ByeQaRe+V0Mv5Ox9RlcXV33WX8Ny8hqUS4/kjs9v7JOuOw7TRop/4QJ
IAv/LEXH9B+hQ96zdLGMCcHI2crWF8l0yZ/DtgkpdlcyS7dNbjLtedtmgrOMSQub
LE02tqoSUR491mQbRuXD49+kJsHXZH8I1YZqOShzPZ7+ksvnBd64txhef8OBlCzE
elT60nOC3Jm8k3i0HwPcCYfDrh6+MJfC2dvfgktAcyu8rm1Q/ZelxaaXok17wUKg
D8nDrVCOfTND1RCGcqJ3YVjYDhBrMdK+5NSuC5KOJUpVZbKgTOilnOM7B/Os8HJC
fxLkDyGV/oQ=
     	                  </ds:X509Certificate>
          </ds:X509Data>
        </ds:KeyInfo>
      </KeyDescriptor>
      <SingleLogoutService Binding="urn:oasis:names:tc:SAML:2.0:bindings:HTTP-Redirect" Location="https://wayf.surfnet.nl/federate/saml20"/>
      <NameIDFormat>urn:oasis:names:tc:SAML:2.0:nameid-format:persistent</NameIDFormat>
      <NameIDFormat>urn:oasis:names:tc:SAML:2.0:nameid-format:transient</NameIDFormat>
      <SingleSignOnService Binding="urn:oasis:names:tc:SAML:2.0:bindings:HTTP-Redirect" Location="https://wayf.surfnet.nl/federate/saml20/https%253A%252F%252Fsaml.hhs.nl%252Fsimplesaml%252Fsaml2%252Fidp%252Fmetadata.php"/>
      <SingleSignOnService Binding="urn:oasis:names:tc:SAML:2.0:bindings:HTTP-POST" Location="https://wayf.surfnet.nl/federate/saml20/https%253A%252F%252Fsaml.hhs.nl%252Fsimplesaml%252Fsaml2%252Fidp%252Fmetadata.php"/>
    </IDPSSODescriptor>
    <Organization>
      <OrganizationName xml:lang="en">Haagse Hogeschool (SAML)</OrganizationName>
      <OrganizationDisplayName xml:lang="en">Haagse Hogeschool (SAML)</OrganizationDisplayName>
      <OrganizationURL xml:lang="en">http://www.surffederatie.nl</OrganizationURL>
    </Organization>
    <ContactPerson contactType="technical">
      <SurName>AAI Beheer</SurName>
      <EmailAddress>aai-beheer@surfnet.nl</EmailAddress>
    </ContactPerson>
    <ContactPerson contactType="administrative">
      <GivenName>SURFfederatie Beheer</GivenName>
      <EmailAddress>federatie-beheer@surfnet.nl</EmailAddress>
    </ContactPerson>
  </EntityDescriptor>
  <EntityDescriptor xmlns="urn:oasis:names:tc:SAML:2.0:metadata" entityID="http://federation.hanze.nl/adfs/services/trust">
    <IDPSSODescriptor protocolSupportEnumeration="urn:oasis:names:tc:SAML:2.0:protocol">
      <KeyDescriptor use="signing">
        <ds:KeyInfo xmlns:ds="http://www.w3.org/2000/09/xmldsig#">
          <ds:X509Data>
            <ds:X509Certificate>
MIIEVDCCAzygAwIBAgIJANm7yUGYaeG1MA0GCSqGSIb3DQEBBQUAMHkxCzAJBgNV
BAYTAk5MMRAwDgYDVQQKEwdTVVJGbmV0MREwDwYDVQQLEwhTZXJ2aWNlczEZMBcG
A1UEAxMQRmVkZXJhdGllIEJlaGVlcjEqMCgGCSqGSIb3DQEJARYbZmVkZXJhdGll
LWJlaGVlckBzdXJmbmV0Lm5sMB4XDTA4MDYwNTE1MDgyMVoXDTIzMDYwMjE1MDgy
MVoweTELMAkGA1UEBhMCTkwxEDAOBgNVBAoTB1NVUkZuZXQxETAPBgNVBAsTCFNl
cnZpY2VzMRkwFwYDVQQDExBGZWRlcmF0aWUgQmVoZWVyMSowKAYJKoZIhvcNAQkB
FhtmZWRlcmF0aWUtYmVoZWVyQHN1cmZuZXQubmwwggEiMA0GCSqGSIb3DQEBAQUA
A4IBDwAwggEKAoIBAQC/x+YuMaHyS3xeogfBB6hWrL4Frp+KzOuu4IixfhMHz3xI
G5l7p2aNV8UrEXevOwMWCgMNxjfSLdZBgNhR14GBh2cVGCx9f/wUtB86scmkP3Pr
RLoZWu/EIY6MEbgET3D3tkdGuVejQwwhJTlK2xxWHtEdEL5abjYLveDg6Lb6z9od
ljFevylBMZO+5LwTjpa3+B+07oMZr2sV1yjsG2BEBwTFz4XZzJAabeK9UO836qhN
ptktjffoCNen33tNCjzqci4wzgQef3CNA/Ef0tMKGotdldKC6FtHvXixmVY5RKUK
Iutm8sRwne8XYqrD54BAgXZQ0ZovxFbvGhA77YXxAgMBAAGjgd4wgdswHQYDVR0O
BBYEFJNoYjIYUrDN/h1+9BZYOTk7jQBNMIGrBgNVHSMEgaMwgaCAFJNoYjIYUrDN
/h1+9BZYOTk7jQBNoX2kezB5MQswCQYDVQQGEwJOTDEQMA4GA1UEChMHU1VSRm5l
dDERMA8GA1UECxMIU2VydmljZXMxGTAXBgNVBAMTEEZlZGVyYXRpZSBCZWhlZXIx
KjAoBgkqhkiG9w0BCQEWG2ZlZGVyYXRpZS1iZWhlZXJAc3VyZm5ldC5ubIIJANm7
yUGYaeG1MAwGA1UdEwQFMAMBAf8wDQYJKoZIhvcNAQEFBQADggEBAI4IxrYPwwjJ
D9gO1Vzt8ByeQaRe+V0Mv5Ox9RlcXV33WX8Ny8hqUS4/kjs9v7JOuOw7TRop/4QJ
IAv/LEXH9B+hQ96zdLGMCcHI2crWF8l0yZ/DtgkpdlcyS7dNbjLtedtmgrOMSQub
LE02tqoSUR491mQbRuXD49+kJsHXZH8I1YZqOShzPZ7+ksvnBd64txhef8OBlCzE
elT60nOC3Jm8k3i0HwPcCYfDrh6+MJfC2dvfgktAcyu8rm1Q/ZelxaaXok17wUKg
D8nDrVCOfTND1RCGcqJ3YVjYDhBrMdK+5NSuC5KOJUpVZbKgTOilnOM7B/Os8HJC
fxLkDyGV/oQ=
     	                  </ds:X509Certificate>
          </ds:X509Data>
        </ds:KeyInfo>
      </KeyDescriptor>
      <SingleLogoutService Binding="urn:oasis:names:tc:SAML:2.0:bindings:HTTP-Redirect" Location="https://wayf.surfnet.nl/federate/saml20"/>
      <NameIDFormat>urn:oasis:names:tc:SAML:2.0:nameid-format:persistent</NameIDFormat>
      <NameIDFormat>urn:oasis:names:tc:SAML:2.0:nameid-format:transient</NameIDFormat>
      <SingleSignOnService Binding="urn:oasis:names:tc:SAML:2.0:bindings:HTTP-Redirect" Location="https://wayf.surfnet.nl/federate/saml20/http%253A%252F%252Ffederation.hanze.nl%252Fadfs%252Fservices%252Ftrust"/>
      <SingleSignOnService Binding="urn:oasis:names:tc:SAML:2.0:bindings:HTTP-POST" Location="https://wayf.surfnet.nl/federate/saml20/http%253A%252F%252Ffederation.hanze.nl%252Fadfs%252Fservices%252Ftrust"/>
    </IDPSSODescriptor>
    <Organization>
      <OrganizationName xml:lang="en">Hanzehogeschool Groningen</OrganizationName>
      <OrganizationDisplayName xml:lang="en">Hanzehogeschool Groningen</OrganizationDisplayName>
      <OrganizationURL xml:lang="en">http://www.surffederatie.nl</OrganizationURL>
    </Organization>
    <ContactPerson contactType="technical">
      <SurName>AAI Beheer</SurName>
      <EmailAddress>aai-beheer@surfnet.nl</EmailAddress>
    </ContactPerson>
    <ContactPerson contactType="administrative">
      <GivenName>SURFfederatie Beheer</GivenName>
      <EmailAddress>federatie-beheer@surfnet.nl</EmailAddress>
    </ContactPerson>
  </EntityDescriptor>
  <EntityDescriptor xmlns="urn:oasis:names:tc:SAML:2.0:metadata" entityID="https://idp.mijnhelicon.nl/nidp/saml2/metadata">
    <IDPSSODescriptor protocolSupportEnumeration="urn:oasis:names:tc:SAML:2.0:protocol">
      <KeyDescriptor use="signing">
        <ds:KeyInfo xmlns:ds="http://www.w3.org/2000/09/xmldsig#">
          <ds:X509Data>
            <ds:X509Certificate>
MIIEVDCCAzygAwIBAgIJANm7yUGYaeG1MA0GCSqGSIb3DQEBBQUAMHkxCzAJBgNV
BAYTAk5MMRAwDgYDVQQKEwdTVVJGbmV0MREwDwYDVQQLEwhTZXJ2aWNlczEZMBcG
A1UEAxMQRmVkZXJhdGllIEJlaGVlcjEqMCgGCSqGSIb3DQEJARYbZmVkZXJhdGll
LWJlaGVlckBzdXJmbmV0Lm5sMB4XDTA4MDYwNTE1MDgyMVoXDTIzMDYwMjE1MDgy
MVoweTELMAkGA1UEBhMCTkwxEDAOBgNVBAoTB1NVUkZuZXQxETAPBgNVBAsTCFNl
cnZpY2VzMRkwFwYDVQQDExBGZWRlcmF0aWUgQmVoZWVyMSowKAYJKoZIhvcNAQkB
FhtmZWRlcmF0aWUtYmVoZWVyQHN1cmZuZXQubmwwggEiMA0GCSqGSIb3DQEBAQUA
A4IBDwAwggEKAoIBAQC/x+YuMaHyS3xeogfBB6hWrL4Frp+KzOuu4IixfhMHz3xI
G5l7p2aNV8UrEXevOwMWCgMNxjfSLdZBgNhR14GBh2cVGCx9f/wUtB86scmkP3Pr
RLoZWu/EIY6MEbgET3D3tkdGuVejQwwhJTlK2xxWHtEdEL5abjYLveDg6Lb6z9od
ljFevylBMZO+5LwTjpa3+B+07oMZr2sV1yjsG2BEBwTFz4XZzJAabeK9UO836qhN
ptktjffoCNen33tNCjzqci4wzgQef3CNA/Ef0tMKGotdldKC6FtHvXixmVY5RKUK
Iutm8sRwne8XYqrD54BAgXZQ0ZovxFbvGhA77YXxAgMBAAGjgd4wgdswHQYDVR0O
BBYEFJNoYjIYUrDN/h1+9BZYOTk7jQBNMIGrBgNVHSMEgaMwgaCAFJNoYjIYUrDN
/h1+9BZYOTk7jQBNoX2kezB5MQswCQYDVQQGEwJOTDEQMA4GA1UEChMHU1VSRm5l
dDERMA8GA1UECxMIU2VydmljZXMxGTAXBgNVBAMTEEZlZGVyYXRpZSBCZWhlZXIx
KjAoBgkqhkiG9w0BCQEWG2ZlZGVyYXRpZS1iZWhlZXJAc3VyZm5ldC5ubIIJANm7
yUGYaeG1MAwGA1UdEwQFMAMBAf8wDQYJKoZIhvcNAQEFBQADggEBAI4IxrYPwwjJ
D9gO1Vzt8ByeQaRe+V0Mv5Ox9RlcXV33WX8Ny8hqUS4/kjs9v7JOuOw7TRop/4QJ
IAv/LEXH9B+hQ96zdLGMCcHI2crWF8l0yZ/DtgkpdlcyS7dNbjLtedtmgrOMSQub
LE02tqoSUR491mQbRuXD49+kJsHXZH8I1YZqOShzPZ7+ksvnBd64txhef8OBlCzE
elT60nOC3Jm8k3i0HwPcCYfDrh6+MJfC2dvfgktAcyu8rm1Q/ZelxaaXok17wUKg
D8nDrVCOfTND1RCGcqJ3YVjYDhBrMdK+5NSuC5KOJUpVZbKgTOilnOM7B/Os8HJC
fxLkDyGV/oQ=
     	                  </ds:X509Certificate>
          </ds:X509Data>
        </ds:KeyInfo>
      </KeyDescriptor>
      <SingleLogoutService Binding="urn:oasis:names:tc:SAML:2.0:bindings:HTTP-Redirect" Location="https://wayf.surfnet.nl/federate/saml20"/>
      <NameIDFormat>urn:oasis:names:tc:SAML:2.0:nameid-format:persistent</NameIDFormat>
      <NameIDFormat>urn:oasis:names:tc:SAML:2.0:nameid-format:transient</NameIDFormat>
      <SingleSignOnService Binding="urn:oasis:names:tc:SAML:2.0:bindings:HTTP-Redirect" Location="https://wayf.surfnet.nl/federate/saml20/https%253A%252F%252Fidp.mijnhelicon.nl%252Fnidp%252Fsaml2%252Fmetadata"/>
      <SingleSignOnService Binding="urn:oasis:names:tc:SAML:2.0:bindings:HTTP-POST" Location="https://wayf.surfnet.nl/federate/saml20/https%253A%252F%252Fidp.mijnhelicon.nl%252Fnidp%252Fsaml2%252Fmetadata"/>
    </IDPSSODescriptor>
    <Organization>
      <OrganizationName xml:lang="en">Helicon Opleidingen</OrganizationName>
      <OrganizationDisplayName xml:lang="en">Helicon Opleidingen</OrganizationDisplayName>
      <OrganizationURL xml:lang="en">http://www.surffederatie.nl</OrganizationURL>
    </Organization>
    <ContactPerson contactType="technical">
      <SurName>AAI Beheer</SurName>
      <EmailAddress>aai-beheer@surfnet.nl</EmailAddress>
    </ContactPerson>
    <ContactPerson contactType="administrative">
      <GivenName>SURFfederatie Beheer</GivenName>
      <EmailAddress>federatie-beheer@surfnet.nl</EmailAddress>
    </ContactPerson>
  </EntityDescriptor>
  <EntityDescriptor xmlns="urn:oasis:names:tc:SAML:2.0:metadata" entityID="https://idp.helicon.nl/nidp/saml2/metadata">
    <IDPSSODescriptor protocolSupportEnumeration="urn:oasis:names:tc:SAML:2.0:protocol">
      <KeyDescriptor use="signing">
        <ds:KeyInfo xmlns:ds="http://www.w3.org/2000/09/xmldsig#">
          <ds:X509Data>
            <ds:X509Certificate>
MIIEVDCCAzygAwIBAgIJANm7yUGYaeG1MA0GCSqGSIb3DQEBBQUAMHkxCzAJBgNV
BAYTAk5MMRAwDgYDVQQKEwdTVVJGbmV0MREwDwYDVQQLEwhTZXJ2aWNlczEZMBcG
A1UEAxMQRmVkZXJhdGllIEJlaGVlcjEqMCgGCSqGSIb3DQEJARYbZmVkZXJhdGll
LWJlaGVlckBzdXJmbmV0Lm5sMB4XDTA4MDYwNTE1MDgyMVoXDTIzMDYwMjE1MDgy
MVoweTELMAkGA1UEBhMCTkwxEDAOBgNVBAoTB1NVUkZuZXQxETAPBgNVBAsTCFNl
cnZpY2VzMRkwFwYDVQQDExBGZWRlcmF0aWUgQmVoZWVyMSowKAYJKoZIhvcNAQkB
FhtmZWRlcmF0aWUtYmVoZWVyQHN1cmZuZXQubmwwggEiMA0GCSqGSIb3DQEBAQUA
A4IBDwAwggEKAoIBAQC/x+YuMaHyS3xeogfBB6hWrL4Frp+KzOuu4IixfhMHz3xI
G5l7p2aNV8UrEXevOwMWCgMNxjfSLdZBgNhR14GBh2cVGCx9f/wUtB86scmkP3Pr
RLoZWu/EIY6MEbgET3D3tkdGuVejQwwhJTlK2xxWHtEdEL5abjYLveDg6Lb6z9od
ljFevylBMZO+5LwTjpa3+B+07oMZr2sV1yjsG2BEBwTFz4XZzJAabeK9UO836qhN
ptktjffoCNen33tNCjzqci4wzgQef3CNA/Ef0tMKGotdldKC6FtHvXixmVY5RKUK
Iutm8sRwne8XYqrD54BAgXZQ0ZovxFbvGhA77YXxAgMBAAGjgd4wgdswHQYDVR0O
BBYEFJNoYjIYUrDN/h1+9BZYOTk7jQBNMIGrBgNVHSMEgaMwgaCAFJNoYjIYUrDN
/h1+9BZYOTk7jQBNoX2kezB5MQswCQYDVQQGEwJOTDEQMA4GA1UEChMHU1VSRm5l
dDERMA8GA1UECxMIU2VydmljZXMxGTAXBgNVBAMTEEZlZGVyYXRpZSBCZWhlZXIx
KjAoBgkqhkiG9w0BCQEWG2ZlZGVyYXRpZS1iZWhlZXJAc3VyZm5ldC5ubIIJANm7
yUGYaeG1MAwGA1UdEwQFMAMBAf8wDQYJKoZIhvcNAQEFBQADggEBAI4IxrYPwwjJ
D9gO1Vzt8ByeQaRe+V0Mv5Ox9RlcXV33WX8Ny8hqUS4/kjs9v7JOuOw7TRop/4QJ
IAv/LEXH9B+hQ96zdLGMCcHI2crWF8l0yZ/DtgkpdlcyS7dNbjLtedtmgrOMSQub
LE02tqoSUR491mQbRuXD49+kJsHXZH8I1YZqOShzPZ7+ksvnBd64txhef8OBlCzE
elT60nOC3Jm8k3i0HwPcCYfDrh6+MJfC2dvfgktAcyu8rm1Q/ZelxaaXok17wUKg
D8nDrVCOfTND1RCGcqJ3YVjYDhBrMdK+5NSuC5KOJUpVZbKgTOilnOM7B/Os8HJC
fxLkDyGV/oQ=
     	                  </ds:X509Certificate>
          </ds:X509Data>
        </ds:KeyInfo>
      </KeyDescriptor>
      <SingleLogoutService Binding="urn:oasis:names:tc:SAML:2.0:bindings:HTTP-Redirect" Location="https://wayf.surfnet.nl/federate/saml20"/>
      <NameIDFormat>urn:oasis:names:tc:SAML:2.0:nameid-format:persistent</NameIDFormat>
      <NameIDFormat>urn:oasis:names:tc:SAML:2.0:nameid-format:transient</NameIDFormat>
      <SingleSignOnService Binding="urn:oasis:names:tc:SAML:2.0:bindings:HTTP-Redirect" Location="https://wayf.surfnet.nl/federate/saml20/https%253A%252F%252Fidp.helicon.nl%252Fnidp%252Fsaml2%252Fmetadata"/>
      <SingleSignOnService Binding="urn:oasis:names:tc:SAML:2.0:bindings:HTTP-POST" Location="https://wayf.surfnet.nl/federate/saml20/https%253A%252F%252Fidp.helicon.nl%252Fnidp%252Fsaml2%252Fmetadata"/>
    </IDPSSODescriptor>
    <Organization>
      <OrganizationName xml:lang="en">Helicon Opleidingen (old)</OrganizationName>
      <OrganizationDisplayName xml:lang="en">Helicon Opleidingen (old)</OrganizationDisplayName>
      <OrganizationURL xml:lang="en">http://www.surffederatie.nl</OrganizationURL>
    </Organization>
    <ContactPerson contactType="technical">
      <SurName>AAI Beheer</SurName>
      <EmailAddress>aai-beheer@surfnet.nl</EmailAddress>
    </ContactPerson>
    <ContactPerson contactType="administrative">
      <GivenName>SURFfederatie Beheer</GivenName>
      <EmailAddress>federatie-beheer@surfnet.nl</EmailAddress>
    </ContactPerson>
  </EntityDescriptor>
  <EntityDescriptor xmlns="urn:oasis:names:tc:SAML:2.0:metadata" entityID="http://adfs01.kempel.nl/adfs/services/trust">
    <IDPSSODescriptor protocolSupportEnumeration="urn:oasis:names:tc:SAML:2.0:protocol">
      <KeyDescriptor use="signing">
        <ds:KeyInfo xmlns:ds="http://www.w3.org/2000/09/xmldsig#">
          <ds:X509Data>
            <ds:X509Certificate>
MIIEVDCCAzygAwIBAgIJANm7yUGYaeG1MA0GCSqGSIb3DQEBBQUAMHkxCzAJBgNV
BAYTAk5MMRAwDgYDVQQKEwdTVVJGbmV0MREwDwYDVQQLEwhTZXJ2aWNlczEZMBcG
A1UEAxMQRmVkZXJhdGllIEJlaGVlcjEqMCgGCSqGSIb3DQEJARYbZmVkZXJhdGll
LWJlaGVlckBzdXJmbmV0Lm5sMB4XDTA4MDYwNTE1MDgyMVoXDTIzMDYwMjE1MDgy
MVoweTELMAkGA1UEBhMCTkwxEDAOBgNVBAoTB1NVUkZuZXQxETAPBgNVBAsTCFNl
cnZpY2VzMRkwFwYDVQQDExBGZWRlcmF0aWUgQmVoZWVyMSowKAYJKoZIhvcNAQkB
FhtmZWRlcmF0aWUtYmVoZWVyQHN1cmZuZXQubmwwggEiMA0GCSqGSIb3DQEBAQUA
A4IBDwAwggEKAoIBAQC/x+YuMaHyS3xeogfBB6hWrL4Frp+KzOuu4IixfhMHz3xI
G5l7p2aNV8UrEXevOwMWCgMNxjfSLdZBgNhR14GBh2cVGCx9f/wUtB86scmkP3Pr
RLoZWu/EIY6MEbgET3D3tkdGuVejQwwhJTlK2xxWHtEdEL5abjYLveDg6Lb6z9od
ljFevylBMZO+5LwTjpa3+B+07oMZr2sV1yjsG2BEBwTFz4XZzJAabeK9UO836qhN
ptktjffoCNen33tNCjzqci4wzgQef3CNA/Ef0tMKGotdldKC6FtHvXixmVY5RKUK
Iutm8sRwne8XYqrD54BAgXZQ0ZovxFbvGhA77YXxAgMBAAGjgd4wgdswHQYDVR0O
BBYEFJNoYjIYUrDN/h1+9BZYOTk7jQBNMIGrBgNVHSMEgaMwgaCAFJNoYjIYUrDN
/h1+9BZYOTk7jQBNoX2kezB5MQswCQYDVQQGEwJOTDEQMA4GA1UEChMHU1VSRm5l
dDERMA8GA1UECxMIU2VydmljZXMxGTAXBgNVBAMTEEZlZGVyYXRpZSBCZWhlZXIx
KjAoBgkqhkiG9w0BCQEWG2ZlZGVyYXRpZS1iZWhlZXJAc3VyZm5ldC5ubIIJANm7
yUGYaeG1MAwGA1UdEwQFMAMBAf8wDQYJKoZIhvcNAQEFBQADggEBAI4IxrYPwwjJ
D9gO1Vzt8ByeQaRe+V0Mv5Ox9RlcXV33WX8Ny8hqUS4/kjs9v7JOuOw7TRop/4QJ
IAv/LEXH9B+hQ96zdLGMCcHI2crWF8l0yZ/DtgkpdlcyS7dNbjLtedtmgrOMSQub
LE02tqoSUR491mQbRuXD49+kJsHXZH8I1YZqOShzPZ7+ksvnBd64txhef8OBlCzE
elT60nOC3Jm8k3i0HwPcCYfDrh6+MJfC2dvfgktAcyu8rm1Q/ZelxaaXok17wUKg
D8nDrVCOfTND1RCGcqJ3YVjYDhBrMdK+5NSuC5KOJUpVZbKgTOilnOM7B/Os8HJC
fxLkDyGV/oQ=
     	                  </ds:X509Certificate>
          </ds:X509Data>
        </ds:KeyInfo>
      </KeyDescriptor>
      <SingleLogoutService Binding="urn:oasis:names:tc:SAML:2.0:bindings:HTTP-Redirect" Location="https://wayf.surfnet.nl/federate/saml20"/>
      <NameIDFormat>urn:oasis:names:tc:SAML:2.0:nameid-format:persistent</NameIDFormat>
      <NameIDFormat>urn:oasis:names:tc:SAML:2.0:nameid-format:transient</NameIDFormat>
      <SingleSignOnService Binding="urn:oasis:names:tc:SAML:2.0:bindings:HTTP-Redirect" Location="https://wayf.surfnet.nl/federate/saml20/http%253A%252F%252Fadfs01.kempel.nl%252Fadfs%252Fservices%252Ftrust"/>
      <SingleSignOnService Binding="urn:oasis:names:tc:SAML:2.0:bindings:HTTP-POST" Location="https://wayf.surfnet.nl/federate/saml20/http%253A%252F%252Fadfs01.kempel.nl%252Fadfs%252Fservices%252Ftrust"/>
    </IDPSSODescriptor>
    <Organization>
      <OrganizationName xml:lang="en">Hogeschool de Kempel</OrganizationName>
      <OrganizationDisplayName xml:lang="en">Hogeschool de Kempel</OrganizationDisplayName>
      <OrganizationURL xml:lang="en">http://www.surffederatie.nl</OrganizationURL>
    </Organization>
    <ContactPerson contactType="technical">
      <SurName>AAI Beheer</SurName>
      <EmailAddress>aai-beheer@surfnet.nl</EmailAddress>
    </ContactPerson>
    <ContactPerson contactType="administrative">
      <GivenName>SURFfederatie Beheer</GivenName>
      <EmailAddress>federatie-beheer@surfnet.nl</EmailAddress>
    </ContactPerson>
  </EntityDescriptor>
  <EntityDescriptor xmlns="urn:oasis:names:tc:SAML:2.0:metadata" entityID="http://adfs.tsedu.nl/adfs/services/trust">
    <IDPSSODescriptor protocolSupportEnumeration="urn:oasis:names:tc:SAML:2.0:protocol">
      <KeyDescriptor use="signing">
        <ds:KeyInfo xmlns:ds="http://www.w3.org/2000/09/xmldsig#">
          <ds:X509Data>
            <ds:X509Certificate>
MIIEVDCCAzygAwIBAgIJANm7yUGYaeG1MA0GCSqGSIb3DQEBBQUAMHkxCzAJBgNV
BAYTAk5MMRAwDgYDVQQKEwdTVVJGbmV0MREwDwYDVQQLEwhTZXJ2aWNlczEZMBcG
A1UEAxMQRmVkZXJhdGllIEJlaGVlcjEqMCgGCSqGSIb3DQEJARYbZmVkZXJhdGll
LWJlaGVlckBzdXJmbmV0Lm5sMB4XDTA4MDYwNTE1MDgyMVoXDTIzMDYwMjE1MDgy
MVoweTELMAkGA1UEBhMCTkwxEDAOBgNVBAoTB1NVUkZuZXQxETAPBgNVBAsTCFNl
cnZpY2VzMRkwFwYDVQQDExBGZWRlcmF0aWUgQmVoZWVyMSowKAYJKoZIhvcNAQkB
FhtmZWRlcmF0aWUtYmVoZWVyQHN1cmZuZXQubmwwggEiMA0GCSqGSIb3DQEBAQUA
A4IBDwAwggEKAoIBAQC/x+YuMaHyS3xeogfBB6hWrL4Frp+KzOuu4IixfhMHz3xI
G5l7p2aNV8UrEXevOwMWCgMNxjfSLdZBgNhR14GBh2cVGCx9f/wUtB86scmkP3Pr
RLoZWu/EIY6MEbgET3D3tkdGuVejQwwhJTlK2xxWHtEdEL5abjYLveDg6Lb6z9od
ljFevylBMZO+5LwTjpa3+B+07oMZr2sV1yjsG2BEBwTFz4XZzJAabeK9UO836qhN
ptktjffoCNen33tNCjzqci4wzgQef3CNA/Ef0tMKGotdldKC6FtHvXixmVY5RKUK
Iutm8sRwne8XYqrD54BAgXZQ0ZovxFbvGhA77YXxAgMBAAGjgd4wgdswHQYDVR0O
BBYEFJNoYjIYUrDN/h1+9BZYOTk7jQBNMIGrBgNVHSMEgaMwgaCAFJNoYjIYUrDN
/h1+9BZYOTk7jQBNoX2kezB5MQswCQYDVQQGEwJOTDEQMA4GA1UEChMHU1VSRm5l
dDERMA8GA1UECxMIU2VydmljZXMxGTAXBgNVBAMTEEZlZGVyYXRpZSBCZWhlZXIx
KjAoBgkqhkiG9w0BCQEWG2ZlZGVyYXRpZS1iZWhlZXJAc3VyZm5ldC5ubIIJANm7
yUGYaeG1MAwGA1UdEwQFMAMBAf8wDQYJKoZIhvcNAQEFBQADggEBAI4IxrYPwwjJ
D9gO1Vzt8ByeQaRe+V0Mv5Ox9RlcXV33WX8Ny8hqUS4/kjs9v7JOuOw7TRop/4QJ
IAv/LEXH9B+hQ96zdLGMCcHI2crWF8l0yZ/DtgkpdlcyS7dNbjLtedtmgrOMSQub
LE02tqoSUR491mQbRuXD49+kJsHXZH8I1YZqOShzPZ7+ksvnBd64txhef8OBlCzE
elT60nOC3Jm8k3i0HwPcCYfDrh6+MJfC2dvfgktAcyu8rm1Q/ZelxaaXok17wUKg
D8nDrVCOfTND1RCGcqJ3YVjYDhBrMdK+5NSuC5KOJUpVZbKgTOilnOM7B/Os8HJC
fxLkDyGV/oQ=
     	                  </ds:X509Certificate>
          </ds:X509Data>
        </ds:KeyInfo>
      </KeyDescriptor>
      <SingleLogoutService Binding="urn:oasis:names:tc:SAML:2.0:bindings:HTTP-Redirect" Location="https://wayf.surfnet.nl/federate/saml20"/>
      <NameIDFormat>urn:oasis:names:tc:SAML:2.0:nameid-format:persistent</NameIDFormat>
      <NameIDFormat>urn:oasis:names:tc:SAML:2.0:nameid-format:transient</NameIDFormat>
      <SingleSignOnService Binding="urn:oasis:names:tc:SAML:2.0:bindings:HTTP-Redirect" Location="https://wayf.surfnet.nl/federate/saml20/http%253A%252F%252Fadfs.tsedu.nl%252Fadfs%252Fservices%252Ftrust"/>
      <SingleSignOnService Binding="urn:oasis:names:tc:SAML:2.0:bindings:HTTP-POST" Location="https://wayf.surfnet.nl/federate/saml20/http%253A%252F%252Fadfs.tsedu.nl%252Fadfs%252Fservices%252Ftrust"/>
    </IDPSSODescriptor>
    <Organization>
      <OrganizationName xml:lang="en">Hogeschool Edith Stein</OrganizationName>
      <OrganizationDisplayName xml:lang="en">Hogeschool Edith Stein</OrganizationDisplayName>
      <OrganizationURL xml:lang="en">http://www.surffederatie.nl</OrganizationURL>
    </Organization>
    <ContactPerson contactType="technical">
      <SurName>AAI Beheer</SurName>
      <EmailAddress>aai-beheer@surfnet.nl</EmailAddress>
    </ContactPerson>
    <ContactPerson contactType="administrative">
      <GivenName>SURFfederatie Beheer</GivenName>
      <EmailAddress>federatie-beheer@surfnet.nl</EmailAddress>
    </ContactPerson>
  </EntityDescriptor>
  <EntityDescriptor xmlns="urn:oasis:names:tc:SAML:2.0:metadata" entityID="http://adfsv2.inholland.nl/adfs/services/trust">
    <IDPSSODescriptor protocolSupportEnumeration="urn:oasis:names:tc:SAML:2.0:protocol">
      <KeyDescriptor use="signing">
        <ds:KeyInfo xmlns:ds="http://www.w3.org/2000/09/xmldsig#">
          <ds:X509Data>
            <ds:X509Certificate>
MIIEVDCCAzygAwIBAgIJANm7yUGYaeG1MA0GCSqGSIb3DQEBBQUAMHkxCzAJBgNV
BAYTAk5MMRAwDgYDVQQKEwdTVVJGbmV0MREwDwYDVQQLEwhTZXJ2aWNlczEZMBcG
A1UEAxMQRmVkZXJhdGllIEJlaGVlcjEqMCgGCSqGSIb3DQEJARYbZmVkZXJhdGll
LWJlaGVlckBzdXJmbmV0Lm5sMB4XDTA4MDYwNTE1MDgyMVoXDTIzMDYwMjE1MDgy
MVoweTELMAkGA1UEBhMCTkwxEDAOBgNVBAoTB1NVUkZuZXQxETAPBgNVBAsTCFNl
cnZpY2VzMRkwFwYDVQQDExBGZWRlcmF0aWUgQmVoZWVyMSowKAYJKoZIhvcNAQkB
FhtmZWRlcmF0aWUtYmVoZWVyQHN1cmZuZXQubmwwggEiMA0GCSqGSIb3DQEBAQUA
A4IBDwAwggEKAoIBAQC/x+YuMaHyS3xeogfBB6hWrL4Frp+KzOuu4IixfhMHz3xI
G5l7p2aNV8UrEXevOwMWCgMNxjfSLdZBgNhR14GBh2cVGCx9f/wUtB86scmkP3Pr
RLoZWu/EIY6MEbgET3D3tkdGuVejQwwhJTlK2xxWHtEdEL5abjYLveDg6Lb6z9od
ljFevylBMZO+5LwTjpa3+B+07oMZr2sV1yjsG2BEBwTFz4XZzJAabeK9UO836qhN
ptktjffoCNen33tNCjzqci4wzgQef3CNA/Ef0tMKGotdldKC6FtHvXixmVY5RKUK
Iutm8sRwne8XYqrD54BAgXZQ0ZovxFbvGhA77YXxAgMBAAGjgd4wgdswHQYDVR0O
BBYEFJNoYjIYUrDN/h1+9BZYOTk7jQBNMIGrBgNVHSMEgaMwgaCAFJNoYjIYUrDN
/h1+9BZYOTk7jQBNoX2kezB5MQswCQYDVQQGEwJOTDEQMA4GA1UEChMHU1VSRm5l
dDERMA8GA1UECxMIU2VydmljZXMxGTAXBgNVBAMTEEZlZGVyYXRpZSBCZWhlZXIx
KjAoBgkqhkiG9w0BCQEWG2ZlZGVyYXRpZS1iZWhlZXJAc3VyZm5ldC5ubIIJANm7
yUGYaeG1MAwGA1UdEwQFMAMBAf8wDQYJKoZIhvcNAQEFBQADggEBAI4IxrYPwwjJ
D9gO1Vzt8ByeQaRe+V0Mv5Ox9RlcXV33WX8Ny8hqUS4/kjs9v7JOuOw7TRop/4QJ
IAv/LEXH9B+hQ96zdLGMCcHI2crWF8l0yZ/DtgkpdlcyS7dNbjLtedtmgrOMSQub
LE02tqoSUR491mQbRuXD49+kJsHXZH8I1YZqOShzPZ7+ksvnBd64txhef8OBlCzE
elT60nOC3Jm8k3i0HwPcCYfDrh6+MJfC2dvfgktAcyu8rm1Q/ZelxaaXok17wUKg
D8nDrVCOfTND1RCGcqJ3YVjYDhBrMdK+5NSuC5KOJUpVZbKgTOilnOM7B/Os8HJC
fxLkDyGV/oQ=
     	                  </ds:X509Certificate>
          </ds:X509Data>
        </ds:KeyInfo>
      </KeyDescriptor>
      <SingleLogoutService Binding="urn:oasis:names:tc:SAML:2.0:bindings:HTTP-Redirect" Location="https://wayf.surfnet.nl/federate/saml20"/>
      <NameIDFormat>urn:oasis:names:tc:SAML:2.0:nameid-format:persistent</NameIDFormat>
      <NameIDFormat>urn:oasis:names:tc:SAML:2.0:nameid-format:transient</NameIDFormat>
      <SingleSignOnService Binding="urn:oasis:names:tc:SAML:2.0:bindings:HTTP-Redirect" Location="https://wayf.surfnet.nl/federate/saml20/http%253A%252F%252Fadfsv2.inholland.nl%252Fadfs%252Fservices%252Ftrust"/>
      <SingleSignOnService Binding="urn:oasis:names:tc:SAML:2.0:bindings:HTTP-POST" Location="https://wayf.surfnet.nl/federate/saml20/http%253A%252F%252Fadfsv2.inholland.nl%252Fadfs%252Fservices%252Ftrust"/>
    </IDPSSODescriptor>
    <Organization>
      <OrganizationName xml:lang="en">Hogeschool INHOLLAND</OrganizationName>
      <OrganizationDisplayName xml:lang="en">Hogeschool INHOLLAND</OrganizationDisplayName>
      <OrganizationURL xml:lang="en">http://www.surffederatie.nl</OrganizationURL>
    </Organization>
    <ContactPerson contactType="technical">
      <SurName>AAI Beheer</SurName>
      <EmailAddress>aai-beheer@surfnet.nl</EmailAddress>
    </ContactPerson>
    <ContactPerson contactType="administrative">
      <GivenName>SURFfederatie Beheer</GivenName>
      <EmailAddress>federatie-beheer@surfnet.nl</EmailAddress>
    </ContactPerson>
  </EntityDescriptor>
  <EntityDescriptor xmlns="urn:oasis:names:tc:SAML:2.0:metadata" entityID="urn:federation:INHOLLAND">
    <IDPSSODescriptor protocolSupportEnumeration="urn:oasis:names:tc:SAML:2.0:protocol">
      <KeyDescriptor use="signing">
        <ds:KeyInfo xmlns:ds="http://www.w3.org/2000/09/xmldsig#">
          <ds:X509Data>
            <ds:X509Certificate>
MIIEVDCCAzygAwIBAgIJANm7yUGYaeG1MA0GCSqGSIb3DQEBBQUAMHkxCzAJBgNV
BAYTAk5MMRAwDgYDVQQKEwdTVVJGbmV0MREwDwYDVQQLEwhTZXJ2aWNlczEZMBcG
A1UEAxMQRmVkZXJhdGllIEJlaGVlcjEqMCgGCSqGSIb3DQEJARYbZmVkZXJhdGll
LWJlaGVlckBzdXJmbmV0Lm5sMB4XDTA4MDYwNTE1MDgyMVoXDTIzMDYwMjE1MDgy
MVoweTELMAkGA1UEBhMCTkwxEDAOBgNVBAoTB1NVUkZuZXQxETAPBgNVBAsTCFNl
cnZpY2VzMRkwFwYDVQQDExBGZWRlcmF0aWUgQmVoZWVyMSowKAYJKoZIhvcNAQkB
FhtmZWRlcmF0aWUtYmVoZWVyQHN1cmZuZXQubmwwggEiMA0GCSqGSIb3DQEBAQUA
A4IBDwAwggEKAoIBAQC/x+YuMaHyS3xeogfBB6hWrL4Frp+KzOuu4IixfhMHz3xI
G5l7p2aNV8UrEXevOwMWCgMNxjfSLdZBgNhR14GBh2cVGCx9f/wUtB86scmkP3Pr
RLoZWu/EIY6MEbgET3D3tkdGuVejQwwhJTlK2xxWHtEdEL5abjYLveDg6Lb6z9od
ljFevylBMZO+5LwTjpa3+B+07oMZr2sV1yjsG2BEBwTFz4XZzJAabeK9UO836qhN
ptktjffoCNen33tNCjzqci4wzgQef3CNA/Ef0tMKGotdldKC6FtHvXixmVY5RKUK
Iutm8sRwne8XYqrD54BAgXZQ0ZovxFbvGhA77YXxAgMBAAGjgd4wgdswHQYDVR0O
BBYEFJNoYjIYUrDN/h1+9BZYOTk7jQBNMIGrBgNVHSMEgaMwgaCAFJNoYjIYUrDN
/h1+9BZYOTk7jQBNoX2kezB5MQswCQYDVQQGEwJOTDEQMA4GA1UEChMHU1VSRm5l
dDERMA8GA1UECxMIU2VydmljZXMxGTAXBgNVBAMTEEZlZGVyYXRpZSBCZWhlZXIx
KjAoBgkqhkiG9w0BCQEWG2ZlZGVyYXRpZS1iZWhlZXJAc3VyZm5ldC5ubIIJANm7
yUGYaeG1MAwGA1UdEwQFMAMBAf8wDQYJKoZIhvcNAQEFBQADggEBAI4IxrYPwwjJ
D9gO1Vzt8ByeQaRe+V0Mv5Ox9RlcXV33WX8Ny8hqUS4/kjs9v7JOuOw7TRop/4QJ
IAv/LEXH9B+hQ96zdLGMCcHI2crWF8l0yZ/DtgkpdlcyS7dNbjLtedtmgrOMSQub
LE02tqoSUR491mQbRuXD49+kJsHXZH8I1YZqOShzPZ7+ksvnBd64txhef8OBlCzE
elT60nOC3Jm8k3i0HwPcCYfDrh6+MJfC2dvfgktAcyu8rm1Q/ZelxaaXok17wUKg
D8nDrVCOfTND1RCGcqJ3YVjYDhBrMdK+5NSuC5KOJUpVZbKgTOilnOM7B/Os8HJC
fxLkDyGV/oQ=
     	                  </ds:X509Certificate>
          </ds:X509Data>
        </ds:KeyInfo>
      </KeyDescriptor>
      <SingleLogoutService Binding="urn:oasis:names:tc:SAML:2.0:bindings:HTTP-Redirect" Location="https://wayf.surfnet.nl/federate/saml20"/>
      <NameIDFormat>urn:oasis:names:tc:SAML:2.0:nameid-format:persistent</NameIDFormat>
      <NameIDFormat>urn:oasis:names:tc:SAML:2.0:nameid-format:transient</NameIDFormat>
      <SingleSignOnService Binding="urn:oasis:names:tc:SAML:2.0:bindings:HTTP-Redirect" Location="https://wayf.surfnet.nl/federate/saml20/urn%253Afederation%253AINHOLLAND"/>
      <SingleSignOnService Binding="urn:oasis:names:tc:SAML:2.0:bindings:HTTP-POST" Location="https://wayf.surfnet.nl/federate/saml20/urn%253Afederation%253AINHOLLAND"/>
    </IDPSSODescriptor>
    <Organization>
      <OrganizationName xml:lang="en">Hogeschool INHOLLAND (oud)</OrganizationName>
      <OrganizationDisplayName xml:lang="en">Hogeschool INHOLLAND (oud)</OrganizationDisplayName>
      <OrganizationURL xml:lang="en">https://adfs.inholland.nl/adfs/ls/</OrganizationURL>
    </Organization>
    <ContactPerson contactType="technical">
      <SurName>AAI Beheer</SurName>
      <EmailAddress>aai-beheer@surfnet.nl</EmailAddress>
    </ContactPerson>
    <ContactPerson contactType="administrative">
      <GivenName>SURFfederatie Beheer</GivenName>
      <EmailAddress>federatie-beheer@surfnet.nl</EmailAddress>
    </ContactPerson>
  </EntityDescriptor>
  <EntityDescriptor xmlns="urn:oasis:names:tc:SAML:2.0:metadata" entityID="http://adfs.ipabo.nl/adfs/services/trust">
    <IDPSSODescriptor protocolSupportEnumeration="urn:oasis:names:tc:SAML:2.0:protocol">
      <KeyDescriptor use="signing">
        <ds:KeyInfo xmlns:ds="http://www.w3.org/2000/09/xmldsig#">
          <ds:X509Data>
            <ds:X509Certificate>
MIIEVDCCAzygAwIBAgIJANm7yUGYaeG1MA0GCSqGSIb3DQEBBQUAMHkxCzAJBgNV
BAYTAk5MMRAwDgYDVQQKEwdTVVJGbmV0MREwDwYDVQQLEwhTZXJ2aWNlczEZMBcG
A1UEAxMQRmVkZXJhdGllIEJlaGVlcjEqMCgGCSqGSIb3DQEJARYbZmVkZXJhdGll
LWJlaGVlckBzdXJmbmV0Lm5sMB4XDTA4MDYwNTE1MDgyMVoXDTIzMDYwMjE1MDgy
MVoweTELMAkGA1UEBhMCTkwxEDAOBgNVBAoTB1NVUkZuZXQxETAPBgNVBAsTCFNl
cnZpY2VzMRkwFwYDVQQDExBGZWRlcmF0aWUgQmVoZWVyMSowKAYJKoZIhvcNAQkB
FhtmZWRlcmF0aWUtYmVoZWVyQHN1cmZuZXQubmwwggEiMA0GCSqGSIb3DQEBAQUA
A4IBDwAwggEKAoIBAQC/x+YuMaHyS3xeogfBB6hWrL4Frp+KzOuu4IixfhMHz3xI
G5l7p2aNV8UrEXevOwMWCgMNxjfSLdZBgNhR14GBh2cVGCx9f/wUtB86scmkP3Pr
RLoZWu/EIY6MEbgET3D3tkdGuVejQwwhJTlK2xxWHtEdEL5abjYLveDg6Lb6z9od
ljFevylBMZO+5LwTjpa3+B+07oMZr2sV1yjsG2BEBwTFz4XZzJAabeK9UO836qhN
ptktjffoCNen33tNCjzqci4wzgQef3CNA/Ef0tMKGotdldKC6FtHvXixmVY5RKUK
Iutm8sRwne8XYqrD54BAgXZQ0ZovxFbvGhA77YXxAgMBAAGjgd4wgdswHQYDVR0O
BBYEFJNoYjIYUrDN/h1+9BZYOTk7jQBNMIGrBgNVHSMEgaMwgaCAFJNoYjIYUrDN
/h1+9BZYOTk7jQBNoX2kezB5MQswCQYDVQQGEwJOTDEQMA4GA1UEChMHU1VSRm5l
dDERMA8GA1UECxMIU2VydmljZXMxGTAXBgNVBAMTEEZlZGVyYXRpZSBCZWhlZXIx
KjAoBgkqhkiG9w0BCQEWG2ZlZGVyYXRpZS1iZWhlZXJAc3VyZm5ldC5ubIIJANm7
yUGYaeG1MAwGA1UdEwQFMAMBAf8wDQYJKoZIhvcNAQEFBQADggEBAI4IxrYPwwjJ
D9gO1Vzt8ByeQaRe+V0Mv5Ox9RlcXV33WX8Ny8hqUS4/kjs9v7JOuOw7TRop/4QJ
IAv/LEXH9B+hQ96zdLGMCcHI2crWF8l0yZ/DtgkpdlcyS7dNbjLtedtmgrOMSQub
LE02tqoSUR491mQbRuXD49+kJsHXZH8I1YZqOShzPZ7+ksvnBd64txhef8OBlCzE
elT60nOC3Jm8k3i0HwPcCYfDrh6+MJfC2dvfgktAcyu8rm1Q/ZelxaaXok17wUKg
D8nDrVCOfTND1RCGcqJ3YVjYDhBrMdK+5NSuC5KOJUpVZbKgTOilnOM7B/Os8HJC
fxLkDyGV/oQ=
     	                  </ds:X509Certificate>
          </ds:X509Data>
        </ds:KeyInfo>
      </KeyDescriptor>
      <SingleLogoutService Binding="urn:oasis:names:tc:SAML:2.0:bindings:HTTP-Redirect" Location="https://wayf.surfnet.nl/federate/saml20"/>
      <NameIDFormat>urn:oasis:names:tc:SAML:2.0:nameid-format:persistent</NameIDFormat>
      <NameIDFormat>urn:oasis:names:tc:SAML:2.0:nameid-format:transient</NameIDFormat>
      <SingleSignOnService Binding="urn:oasis:names:tc:SAML:2.0:bindings:HTTP-Redirect" Location="https://wayf.surfnet.nl/federate/saml20/http%253A%252F%252Fadfs.ipabo.nl%252Fadfs%252Fservices%252Ftrust"/>
      <SingleSignOnService Binding="urn:oasis:names:tc:SAML:2.0:bindings:HTTP-POST" Location="https://wayf.surfnet.nl/federate/saml20/http%253A%252F%252Fadfs.ipabo.nl%252Fadfs%252Fservices%252Ftrust"/>
    </IDPSSODescriptor>
    <Organization>
      <OrganizationName xml:lang="en">Hogeschool IPABO</OrganizationName>
      <OrganizationDisplayName xml:lang="en">Hogeschool IPABO</OrganizationDisplayName>
      <OrganizationURL xml:lang="en">http://www.surffederatie.nl</OrganizationURL>
    </Organization>
    <ContactPerson contactType="technical">
      <SurName>AAI Beheer</SurName>
      <EmailAddress>aai-beheer@surfnet.nl</EmailAddress>
    </ContactPerson>
    <ContactPerson contactType="administrative">
      <GivenName>SURFfederatie Beheer</GivenName>
      <EmailAddress>federatie-beheer@surfnet.nl</EmailAddress>
    </ContactPerson>
  </EntityDescriptor>
  <EntityDescriptor xmlns="urn:oasis:names:tc:SAML:2.0:metadata" entityID="urn:federation:hs-ipabo">
    <IDPSSODescriptor protocolSupportEnumeration="urn:oasis:names:tc:SAML:2.0:protocol">
      <KeyDescriptor use="signing">
        <ds:KeyInfo xmlns:ds="http://www.w3.org/2000/09/xmldsig#">
          <ds:X509Data>
            <ds:X509Certificate>
MIIEVDCCAzygAwIBAgIJANm7yUGYaeG1MA0GCSqGSIb3DQEBBQUAMHkxCzAJBgNV
BAYTAk5MMRAwDgYDVQQKEwdTVVJGbmV0MREwDwYDVQQLEwhTZXJ2aWNlczEZMBcG
A1UEAxMQRmVkZXJhdGllIEJlaGVlcjEqMCgGCSqGSIb3DQEJARYbZmVkZXJhdGll
LWJlaGVlckBzdXJmbmV0Lm5sMB4XDTA4MDYwNTE1MDgyMVoXDTIzMDYwMjE1MDgy
MVoweTELMAkGA1UEBhMCTkwxEDAOBgNVBAoTB1NVUkZuZXQxETAPBgNVBAsTCFNl
cnZpY2VzMRkwFwYDVQQDExBGZWRlcmF0aWUgQmVoZWVyMSowKAYJKoZIhvcNAQkB
FhtmZWRlcmF0aWUtYmVoZWVyQHN1cmZuZXQubmwwggEiMA0GCSqGSIb3DQEBAQUA
A4IBDwAwggEKAoIBAQC/x+YuMaHyS3xeogfBB6hWrL4Frp+KzOuu4IixfhMHz3xI
G5l7p2aNV8UrEXevOwMWCgMNxjfSLdZBgNhR14GBh2cVGCx9f/wUtB86scmkP3Pr
RLoZWu/EIY6MEbgET3D3tkdGuVejQwwhJTlK2xxWHtEdEL5abjYLveDg6Lb6z9od
ljFevylBMZO+5LwTjpa3+B+07oMZr2sV1yjsG2BEBwTFz4XZzJAabeK9UO836qhN
ptktjffoCNen33tNCjzqci4wzgQef3CNA/Ef0tMKGotdldKC6FtHvXixmVY5RKUK
Iutm8sRwne8XYqrD54BAgXZQ0ZovxFbvGhA77YXxAgMBAAGjgd4wgdswHQYDVR0O
BBYEFJNoYjIYUrDN/h1+9BZYOTk7jQBNMIGrBgNVHSMEgaMwgaCAFJNoYjIYUrDN
/h1+9BZYOTk7jQBNoX2kezB5MQswCQYDVQQGEwJOTDEQMA4GA1UEChMHU1VSRm5l
dDERMA8GA1UECxMIU2VydmljZXMxGTAXBgNVBAMTEEZlZGVyYXRpZSBCZWhlZXIx
KjAoBgkqhkiG9w0BCQEWG2ZlZGVyYXRpZS1iZWhlZXJAc3VyZm5ldC5ubIIJANm7
yUGYaeG1MAwGA1UdEwQFMAMBAf8wDQYJKoZIhvcNAQEFBQADggEBAI4IxrYPwwjJ
D9gO1Vzt8ByeQaRe+V0Mv5Ox9RlcXV33WX8Ny8hqUS4/kjs9v7JOuOw7TRop/4QJ
IAv/LEXH9B+hQ96zdLGMCcHI2crWF8l0yZ/DtgkpdlcyS7dNbjLtedtmgrOMSQub
LE02tqoSUR491mQbRuXD49+kJsHXZH8I1YZqOShzPZ7+ksvnBd64txhef8OBlCzE
elT60nOC3Jm8k3i0HwPcCYfDrh6+MJfC2dvfgktAcyu8rm1Q/ZelxaaXok17wUKg
D8nDrVCOfTND1RCGcqJ3YVjYDhBrMdK+5NSuC5KOJUpVZbKgTOilnOM7B/Os8HJC
fxLkDyGV/oQ=
     	                  </ds:X509Certificate>
          </ds:X509Data>
        </ds:KeyInfo>
      </KeyDescriptor>
      <SingleLogoutService Binding="urn:oasis:names:tc:SAML:2.0:bindings:HTTP-Redirect" Location="https://wayf.surfnet.nl/federate/saml20"/>
      <NameIDFormat>urn:oasis:names:tc:SAML:2.0:nameid-format:persistent</NameIDFormat>
      <NameIDFormat>urn:oasis:names:tc:SAML:2.0:nameid-format:transient</NameIDFormat>
      <SingleSignOnService Binding="urn:oasis:names:tc:SAML:2.0:bindings:HTTP-Redirect" Location="https://wayf.surfnet.nl/federate/saml20/urn%253Afederation%253Ahs-ipabo"/>
      <SingleSignOnService Binding="urn:oasis:names:tc:SAML:2.0:bindings:HTTP-POST" Location="https://wayf.surfnet.nl/federate/saml20/urn%253Afederation%253Ahs-ipabo"/>
    </IDPSSODescriptor>
    <Organization>
      <OrganizationName xml:lang="en">Hogeschool IPABO (old)</OrganizationName>
      <OrganizationDisplayName xml:lang="en">Hogeschool IPABO (old)</OrganizationDisplayName>
      <OrganizationURL xml:lang="en">https://adfs.hs-ipabo.edu/adfs/ls/</OrganizationURL>
    </Organization>
    <ContactPerson contactType="technical">
      <SurName>AAI Beheer</SurName>
      <EmailAddress>aai-beheer@surfnet.nl</EmailAddress>
    </ContactPerson>
    <ContactPerson contactType="administrative">
      <GivenName>SURFfederatie Beheer</GivenName>
      <EmailAddress>federatie-beheer@surfnet.nl</EmailAddress>
    </ContactPerson>
  </EntityDescriptor>
  <EntityDescriptor xmlns="urn:oasis:names:tc:SAML:2.0:metadata" entityID="http://adfs.hsleiden.nl/adfs/services/trust">
    <IDPSSODescriptor protocolSupportEnumeration="urn:oasis:names:tc:SAML:2.0:protocol">
      <KeyDescriptor use="signing">
        <ds:KeyInfo xmlns:ds="http://www.w3.org/2000/09/xmldsig#">
          <ds:X509Data>
            <ds:X509Certificate>
MIIEVDCCAzygAwIBAgIJANm7yUGYaeG1MA0GCSqGSIb3DQEBBQUAMHkxCzAJBgNV
BAYTAk5MMRAwDgYDVQQKEwdTVVJGbmV0MREwDwYDVQQLEwhTZXJ2aWNlczEZMBcG
A1UEAxMQRmVkZXJhdGllIEJlaGVlcjEqMCgGCSqGSIb3DQEJARYbZmVkZXJhdGll
LWJlaGVlckBzdXJmbmV0Lm5sMB4XDTA4MDYwNTE1MDgyMVoXDTIzMDYwMjE1MDgy
MVoweTELMAkGA1UEBhMCTkwxEDAOBgNVBAoTB1NVUkZuZXQxETAPBgNVBAsTCFNl
cnZpY2VzMRkwFwYDVQQDExBGZWRlcmF0aWUgQmVoZWVyMSowKAYJKoZIhvcNAQkB
FhtmZWRlcmF0aWUtYmVoZWVyQHN1cmZuZXQubmwwggEiMA0GCSqGSIb3DQEBAQUA
A4IBDwAwggEKAoIBAQC/x+YuMaHyS3xeogfBB6hWrL4Frp+KzOuu4IixfhMHz3xI
G5l7p2aNV8UrEXevOwMWCgMNxjfSLdZBgNhR14GBh2cVGCx9f/wUtB86scmkP3Pr
RLoZWu/EIY6MEbgET3D3tkdGuVejQwwhJTlK2xxWHtEdEL5abjYLveDg6Lb6z9od
ljFevylBMZO+5LwTjpa3+B+07oMZr2sV1yjsG2BEBwTFz4XZzJAabeK9UO836qhN
ptktjffoCNen33tNCjzqci4wzgQef3CNA/Ef0tMKGotdldKC6FtHvXixmVY5RKUK
Iutm8sRwne8XYqrD54BAgXZQ0ZovxFbvGhA77YXxAgMBAAGjgd4wgdswHQYDVR0O
BBYEFJNoYjIYUrDN/h1+9BZYOTk7jQBNMIGrBgNVHSMEgaMwgaCAFJNoYjIYUrDN
/h1+9BZYOTk7jQBNoX2kezB5MQswCQYDVQQGEwJOTDEQMA4GA1UEChMHU1VSRm5l
dDERMA8GA1UECxMIU2VydmljZXMxGTAXBgNVBAMTEEZlZGVyYXRpZSBCZWhlZXIx
KjAoBgkqhkiG9w0BCQEWG2ZlZGVyYXRpZS1iZWhlZXJAc3VyZm5ldC5ubIIJANm7
yUGYaeG1MAwGA1UdEwQFMAMBAf8wDQYJKoZIhvcNAQEFBQADggEBAI4IxrYPwwjJ
D9gO1Vzt8ByeQaRe+V0Mv5Ox9RlcXV33WX8Ny8hqUS4/kjs9v7JOuOw7TRop/4QJ
IAv/LEXH9B+hQ96zdLGMCcHI2crWF8l0yZ/DtgkpdlcyS7dNbjLtedtmgrOMSQub
LE02tqoSUR491mQbRuXD49+kJsHXZH8I1YZqOShzPZ7+ksvnBd64txhef8OBlCzE
elT60nOC3Jm8k3i0HwPcCYfDrh6+MJfC2dvfgktAcyu8rm1Q/ZelxaaXok17wUKg
D8nDrVCOfTND1RCGcqJ3YVjYDhBrMdK+5NSuC5KOJUpVZbKgTOilnOM7B/Os8HJC
fxLkDyGV/oQ=
     	                  </ds:X509Certificate>
          </ds:X509Data>
        </ds:KeyInfo>
      </KeyDescriptor>
      <SingleLogoutService Binding="urn:oasis:names:tc:SAML:2.0:bindings:HTTP-Redirect" Location="https://wayf.surfnet.nl/federate/saml20"/>
      <NameIDFormat>urn:oasis:names:tc:SAML:2.0:nameid-format:persistent</NameIDFormat>
      <NameIDFormat>urn:oasis:names:tc:SAML:2.0:nameid-format:transient</NameIDFormat>
      <SingleSignOnService Binding="urn:oasis:names:tc:SAML:2.0:bindings:HTTP-Redirect" Location="https://wayf.surfnet.nl/federate/saml20/http%253A%252F%252Fadfs.hsleiden.nl%252Fadfs%252Fservices%252Ftrust"/>
      <SingleSignOnService Binding="urn:oasis:names:tc:SAML:2.0:bindings:HTTP-POST" Location="https://wayf.surfnet.nl/federate/saml20/http%253A%252F%252Fadfs.hsleiden.nl%252Fadfs%252Fservices%252Ftrust"/>
    </IDPSSODescriptor>
    <Organization>
      <OrganizationName xml:lang="en">Hogeschool Leiden</OrganizationName>
      <OrganizationDisplayName xml:lang="en">Hogeschool Leiden</OrganizationDisplayName>
      <OrganizationURL xml:lang="en">http://www.surffederatie.nl</OrganizationURL>
    </Organization>
    <ContactPerson contactType="technical">
      <SurName>AAI Beheer</SurName>
      <EmailAddress>aai-beheer@surfnet.nl</EmailAddress>
    </ContactPerson>
    <ContactPerson contactType="administrative">
      <GivenName>SURFfederatie Beheer</GivenName>
      <EmailAddress>federatie-beheer@surfnet.nl</EmailAddress>
    </ContactPerson>
  </EntityDescriptor>
  <EntityDescriptor xmlns="urn:oasis:names:tc:SAML:2.0:metadata" entityID="https://access.hro.nl/simplesaml/saml2/idp/metadata.php">
    <IDPSSODescriptor protocolSupportEnumeration="urn:oasis:names:tc:SAML:2.0:protocol">
      <KeyDescriptor use="signing">
        <ds:KeyInfo xmlns:ds="http://www.w3.org/2000/09/xmldsig#">
          <ds:X509Data>
            <ds:X509Certificate>
MIIEVDCCAzygAwIBAgIJANm7yUGYaeG1MA0GCSqGSIb3DQEBBQUAMHkxCzAJBgNV
BAYTAk5MMRAwDgYDVQQKEwdTVVJGbmV0MREwDwYDVQQLEwhTZXJ2aWNlczEZMBcG
A1UEAxMQRmVkZXJhdGllIEJlaGVlcjEqMCgGCSqGSIb3DQEJARYbZmVkZXJhdGll
LWJlaGVlckBzdXJmbmV0Lm5sMB4XDTA4MDYwNTE1MDgyMVoXDTIzMDYwMjE1MDgy
MVoweTELMAkGA1UEBhMCTkwxEDAOBgNVBAoTB1NVUkZuZXQxETAPBgNVBAsTCFNl
cnZpY2VzMRkwFwYDVQQDExBGZWRlcmF0aWUgQmVoZWVyMSowKAYJKoZIhvcNAQkB
FhtmZWRlcmF0aWUtYmVoZWVyQHN1cmZuZXQubmwwggEiMA0GCSqGSIb3DQEBAQUA
A4IBDwAwggEKAoIBAQC/x+YuMaHyS3xeogfBB6hWrL4Frp+KzOuu4IixfhMHz3xI
G5l7p2aNV8UrEXevOwMWCgMNxjfSLdZBgNhR14GBh2cVGCx9f/wUtB86scmkP3Pr
RLoZWu/EIY6MEbgET3D3tkdGuVejQwwhJTlK2xxWHtEdEL5abjYLveDg6Lb6z9od
ljFevylBMZO+5LwTjpa3+B+07oMZr2sV1yjsG2BEBwTFz4XZzJAabeK9UO836qhN
ptktjffoCNen33tNCjzqci4wzgQef3CNA/Ef0tMKGotdldKC6FtHvXixmVY5RKUK
Iutm8sRwne8XYqrD54BAgXZQ0ZovxFbvGhA77YXxAgMBAAGjgd4wgdswHQYDVR0O
BBYEFJNoYjIYUrDN/h1+9BZYOTk7jQBNMIGrBgNVHSMEgaMwgaCAFJNoYjIYUrDN
/h1+9BZYOTk7jQBNoX2kezB5MQswCQYDVQQGEwJOTDEQMA4GA1UEChMHU1VSRm5l
dDERMA8GA1UECxMIU2VydmljZXMxGTAXBgNVBAMTEEZlZGVyYXRpZSBCZWhlZXIx
KjAoBgkqhkiG9w0BCQEWG2ZlZGVyYXRpZS1iZWhlZXJAc3VyZm5ldC5ubIIJANm7
yUGYaeG1MAwGA1UdEwQFMAMBAf8wDQYJKoZIhvcNAQEFBQADggEBAI4IxrYPwwjJ
D9gO1Vzt8ByeQaRe+V0Mv5Ox9RlcXV33WX8Ny8hqUS4/kjs9v7JOuOw7TRop/4QJ
IAv/LEXH9B+hQ96zdLGMCcHI2crWF8l0yZ/DtgkpdlcyS7dNbjLtedtmgrOMSQub
LE02tqoSUR491mQbRuXD49+kJsHXZH8I1YZqOShzPZ7+ksvnBd64txhef8OBlCzE
elT60nOC3Jm8k3i0HwPcCYfDrh6+MJfC2dvfgktAcyu8rm1Q/ZelxaaXok17wUKg
D8nDrVCOfTND1RCGcqJ3YVjYDhBrMdK+5NSuC5KOJUpVZbKgTOilnOM7B/Os8HJC
fxLkDyGV/oQ=
     	                  </ds:X509Certificate>
          </ds:X509Data>
        </ds:KeyInfo>
      </KeyDescriptor>
      <SingleLogoutService Binding="urn:oasis:names:tc:SAML:2.0:bindings:HTTP-Redirect" Location="https://wayf.surfnet.nl/federate/saml20"/>
      <NameIDFormat>urn:oasis:names:tc:SAML:2.0:nameid-format:persistent</NameIDFormat>
      <NameIDFormat>urn:oasis:names:tc:SAML:2.0:nameid-format:transient</NameIDFormat>
      <SingleSignOnService Binding="urn:oasis:names:tc:SAML:2.0:bindings:HTTP-Redirect" Location="https://wayf.surfnet.nl/federate/saml20/https%253A%252F%252Faccess.hro.nl%252Fsimplesaml%252Fsaml2%252Fidp%252Fmetadata.php"/>
      <SingleSignOnService Binding="urn:oasis:names:tc:SAML:2.0:bindings:HTTP-POST" Location="https://wayf.surfnet.nl/federate/saml20/https%253A%252F%252Faccess.hro.nl%252Fsimplesaml%252Fsaml2%252Fidp%252Fmetadata.php"/>
    </IDPSSODescriptor>
    <Organization>
      <OrganizationName xml:lang="en">Hogeschool Rotterdam</OrganizationName>
      <OrganizationDisplayName xml:lang="en">Hogeschool Rotterdam</OrganizationDisplayName>
      <OrganizationURL xml:lang="en">http://www.surffederatie.nl</OrganizationURL>
    </Organization>
    <ContactPerson contactType="technical">
      <SurName>AAI Beheer</SurName>
      <EmailAddress>aai-beheer@surfnet.nl</EmailAddress>
    </ContactPerson>
    <ContactPerson contactType="administrative">
      <GivenName>SURFfederatie Beheer</GivenName>
      <EmailAddress>federatie-beheer@surfnet.nl</EmailAddress>
    </ContactPerson>
  </EntityDescriptor>
  <EntityDescriptor xmlns="urn:oasis:names:tc:SAML:2.0:metadata" entityID="http://adfs.tio.nl/adfs/services/trust">
    <IDPSSODescriptor protocolSupportEnumeration="urn:oasis:names:tc:SAML:2.0:protocol">
      <KeyDescriptor use="signing">
        <ds:KeyInfo xmlns:ds="http://www.w3.org/2000/09/xmldsig#">
          <ds:X509Data>
            <ds:X509Certificate>
MIIEVDCCAzygAwIBAgIJANm7yUGYaeG1MA0GCSqGSIb3DQEBBQUAMHkxCzAJBgNV
BAYTAk5MMRAwDgYDVQQKEwdTVVJGbmV0MREwDwYDVQQLEwhTZXJ2aWNlczEZMBcG
A1UEAxMQRmVkZXJhdGllIEJlaGVlcjEqMCgGCSqGSIb3DQEJARYbZmVkZXJhdGll
LWJlaGVlckBzdXJmbmV0Lm5sMB4XDTA4MDYwNTE1MDgyMVoXDTIzMDYwMjE1MDgy
MVoweTELMAkGA1UEBhMCTkwxEDAOBgNVBAoTB1NVUkZuZXQxETAPBgNVBAsTCFNl
cnZpY2VzMRkwFwYDVQQDExBGZWRlcmF0aWUgQmVoZWVyMSowKAYJKoZIhvcNAQkB
FhtmZWRlcmF0aWUtYmVoZWVyQHN1cmZuZXQubmwwggEiMA0GCSqGSIb3DQEBAQUA
A4IBDwAwggEKAoIBAQC/x+YuMaHyS3xeogfBB6hWrL4Frp+KzOuu4IixfhMHz3xI
G5l7p2aNV8UrEXevOwMWCgMNxjfSLdZBgNhR14GBh2cVGCx9f/wUtB86scmkP3Pr
RLoZWu/EIY6MEbgET3D3tkdGuVejQwwhJTlK2xxWHtEdEL5abjYLveDg6Lb6z9od
ljFevylBMZO+5LwTjpa3+B+07oMZr2sV1yjsG2BEBwTFz4XZzJAabeK9UO836qhN
ptktjffoCNen33tNCjzqci4wzgQef3CNA/Ef0tMKGotdldKC6FtHvXixmVY5RKUK
Iutm8sRwne8XYqrD54BAgXZQ0ZovxFbvGhA77YXxAgMBAAGjgd4wgdswHQYDVR0O
BBYEFJNoYjIYUrDN/h1+9BZYOTk7jQBNMIGrBgNVHSMEgaMwgaCAFJNoYjIYUrDN
/h1+9BZYOTk7jQBNoX2kezB5MQswCQYDVQQGEwJOTDEQMA4GA1UEChMHU1VSRm5l
dDERMA8GA1UECxMIU2VydmljZXMxGTAXBgNVBAMTEEZlZGVyYXRpZSBCZWhlZXIx
KjAoBgkqhkiG9w0BCQEWG2ZlZGVyYXRpZS1iZWhlZXJAc3VyZm5ldC5ubIIJANm7
yUGYaeG1MAwGA1UdEwQFMAMBAf8wDQYJKoZIhvcNAQEFBQADggEBAI4IxrYPwwjJ
D9gO1Vzt8ByeQaRe+V0Mv5Ox9RlcXV33WX8Ny8hqUS4/kjs9v7JOuOw7TRop/4QJ
IAv/LEXH9B+hQ96zdLGMCcHI2crWF8l0yZ/DtgkpdlcyS7dNbjLtedtmgrOMSQub
LE02tqoSUR491mQbRuXD49+kJsHXZH8I1YZqOShzPZ7+ksvnBd64txhef8OBlCzE
elT60nOC3Jm8k3i0HwPcCYfDrh6+MJfC2dvfgktAcyu8rm1Q/ZelxaaXok17wUKg
D8nDrVCOfTND1RCGcqJ3YVjYDhBrMdK+5NSuC5KOJUpVZbKgTOilnOM7B/Os8HJC
fxLkDyGV/oQ=
     	                  </ds:X509Certificate>
          </ds:X509Data>
        </ds:KeyInfo>
      </KeyDescriptor>
      <SingleLogoutService Binding="urn:oasis:names:tc:SAML:2.0:bindings:HTTP-Redirect" Location="https://wayf.surfnet.nl/federate/saml20"/>
      <NameIDFormat>urn:oasis:names:tc:SAML:2.0:nameid-format:persistent</NameIDFormat>
      <NameIDFormat>urn:oasis:names:tc:SAML:2.0:nameid-format:transient</NameIDFormat>
      <SingleSignOnService Binding="urn:oasis:names:tc:SAML:2.0:bindings:HTTP-Redirect" Location="https://wayf.surfnet.nl/federate/saml20/http%253A%252F%252Fadfs.tio.nl%252Fadfs%252Fservices%252Ftrust"/>
      <SingleSignOnService Binding="urn:oasis:names:tc:SAML:2.0:bindings:HTTP-POST" Location="https://wayf.surfnet.nl/federate/saml20/http%253A%252F%252Fadfs.tio.nl%252Fadfs%252Fservices%252Ftrust"/>
    </IDPSSODescriptor>
    <Organization>
      <OrganizationName xml:lang="en">Hogeschool Tio</OrganizationName>
      <OrganizationDisplayName xml:lang="en">Hogeschool Tio</OrganizationDisplayName>
      <OrganizationURL xml:lang="en">http://www.surffederatie.nl</OrganizationURL>
    </Organization>
    <ContactPerson contactType="technical">
      <SurName>AAI Beheer</SurName>
      <EmailAddress>aai-beheer@surfnet.nl</EmailAddress>
    </ContactPerson>
    <ContactPerson contactType="administrative">
      <GivenName>SURFfederatie Beheer</GivenName>
      <EmailAddress>federatie-beheer@surfnet.nl</EmailAddress>
    </ContactPerson>
  </EntityDescriptor>
  <EntityDescriptor xmlns="urn:oasis:names:tc:SAML:2.0:metadata" entityID="https://inloggen.hogeschoolutrecht.nl/openaselect/profiles/saml2/">
    <IDPSSODescriptor protocolSupportEnumeration="urn:oasis:names:tc:SAML:2.0:protocol">
      <KeyDescriptor use="signing">
        <ds:KeyInfo xmlns:ds="http://www.w3.org/2000/09/xmldsig#">
          <ds:X509Data>
            <ds:X509Certificate>
MIIEVDCCAzygAwIBAgIJANm7yUGYaeG1MA0GCSqGSIb3DQEBBQUAMHkxCzAJBgNV
BAYTAk5MMRAwDgYDVQQKEwdTVVJGbmV0MREwDwYDVQQLEwhTZXJ2aWNlczEZMBcG
A1UEAxMQRmVkZXJhdGllIEJlaGVlcjEqMCgGCSqGSIb3DQEJARYbZmVkZXJhdGll
LWJlaGVlckBzdXJmbmV0Lm5sMB4XDTA4MDYwNTE1MDgyMVoXDTIzMDYwMjE1MDgy
MVoweTELMAkGA1UEBhMCTkwxEDAOBgNVBAoTB1NVUkZuZXQxETAPBgNVBAsTCFNl
cnZpY2VzMRkwFwYDVQQDExBGZWRlcmF0aWUgQmVoZWVyMSowKAYJKoZIhvcNAQkB
FhtmZWRlcmF0aWUtYmVoZWVyQHN1cmZuZXQubmwwggEiMA0GCSqGSIb3DQEBAQUA
A4IBDwAwggEKAoIBAQC/x+YuMaHyS3xeogfBB6hWrL4Frp+KzOuu4IixfhMHz3xI
G5l7p2aNV8UrEXevOwMWCgMNxjfSLdZBgNhR14GBh2cVGCx9f/wUtB86scmkP3Pr
RLoZWu/EIY6MEbgET3D3tkdGuVejQwwhJTlK2xxWHtEdEL5abjYLveDg6Lb6z9od
ljFevylBMZO+5LwTjpa3+B+07oMZr2sV1yjsG2BEBwTFz4XZzJAabeK9UO836qhN
ptktjffoCNen33tNCjzqci4wzgQef3CNA/Ef0tMKGotdldKC6FtHvXixmVY5RKUK
Iutm8sRwne8XYqrD54BAgXZQ0ZovxFbvGhA77YXxAgMBAAGjgd4wgdswHQYDVR0O
BBYEFJNoYjIYUrDN/h1+9BZYOTk7jQBNMIGrBgNVHSMEgaMwgaCAFJNoYjIYUrDN
/h1+9BZYOTk7jQBNoX2kezB5MQswCQYDVQQGEwJOTDEQMA4GA1UEChMHU1VSRm5l
dDERMA8GA1UECxMIU2VydmljZXMxGTAXBgNVBAMTEEZlZGVyYXRpZSBCZWhlZXIx
KjAoBgkqhkiG9w0BCQEWG2ZlZGVyYXRpZS1iZWhlZXJAc3VyZm5ldC5ubIIJANm7
yUGYaeG1MAwGA1UdEwQFMAMBAf8wDQYJKoZIhvcNAQEFBQADggEBAI4IxrYPwwjJ
D9gO1Vzt8ByeQaRe+V0Mv5Ox9RlcXV33WX8Ny8hqUS4/kjs9v7JOuOw7TRop/4QJ
IAv/LEXH9B+hQ96zdLGMCcHI2crWF8l0yZ/DtgkpdlcyS7dNbjLtedtmgrOMSQub
LE02tqoSUR491mQbRuXD49+kJsHXZH8I1YZqOShzPZ7+ksvnBd64txhef8OBlCzE
elT60nOC3Jm8k3i0HwPcCYfDrh6+MJfC2dvfgktAcyu8rm1Q/ZelxaaXok17wUKg
D8nDrVCOfTND1RCGcqJ3YVjYDhBrMdK+5NSuC5KOJUpVZbKgTOilnOM7B/Os8HJC
fxLkDyGV/oQ=
     	                  </ds:X509Certificate>
          </ds:X509Data>
        </ds:KeyInfo>
      </KeyDescriptor>
      <SingleLogoutService Binding="urn:oasis:names:tc:SAML:2.0:bindings:HTTP-Redirect" Location="https://wayf.surfnet.nl/federate/saml20"/>
      <NameIDFormat>urn:oasis:names:tc:SAML:2.0:nameid-format:persistent</NameIDFormat>
      <NameIDFormat>urn:oasis:names:tc:SAML:2.0:nameid-format:transient</NameIDFormat>
      <SingleSignOnService Binding="urn:oasis:names:tc:SAML:2.0:bindings:HTTP-Redirect" Location="https://wayf.surfnet.nl/federate/saml20/https%253A%252F%252Finloggen.hogeschoolutrecht.nl%252Fopenaselect%252Fprofiles%252Fsaml2%252F"/>
      <SingleSignOnService Binding="urn:oasis:names:tc:SAML:2.0:bindings:HTTP-POST" Location="https://wayf.surfnet.nl/federate/saml20/https%253A%252F%252Finloggen.hogeschoolutrecht.nl%252Fopenaselect%252Fprofiles%252Fsaml2%252F"/>
    </IDPSSODescriptor>
    <Organization>
      <OrganizationName xml:lang="en">Hogeschool Utrecht</OrganizationName>
      <OrganizationDisplayName xml:lang="en">Hogeschool Utrecht</OrganizationDisplayName>
      <OrganizationURL xml:lang="en">http://www.surffederatie.nl</OrganizationURL>
    </Organization>
    <ContactPerson contactType="technical">
      <SurName>AAI Beheer</SurName>
      <EmailAddress>aai-beheer@surfnet.nl</EmailAddress>
    </ContactPerson>
    <ContactPerson contactType="administrative">
      <GivenName>SURFfederatie Beheer</GivenName>
      <EmailAddress>federatie-beheer@surfnet.nl</EmailAddress>
    </ContactPerson>
  </EntityDescriptor>
  <EntityDescriptor xmlns="urn:oasis:names:tc:SAML:2.0:metadata" entityID="http://adfs20.hva.nl/adfs/services/trust">
    <IDPSSODescriptor protocolSupportEnumeration="urn:oasis:names:tc:SAML:2.0:protocol">
      <KeyDescriptor use="signing">
        <ds:KeyInfo xmlns:ds="http://www.w3.org/2000/09/xmldsig#">
          <ds:X509Data>
            <ds:X509Certificate>
MIIEVDCCAzygAwIBAgIJANm7yUGYaeG1MA0GCSqGSIb3DQEBBQUAMHkxCzAJBgNV
BAYTAk5MMRAwDgYDVQQKEwdTVVJGbmV0MREwDwYDVQQLEwhTZXJ2aWNlczEZMBcG
A1UEAxMQRmVkZXJhdGllIEJlaGVlcjEqMCgGCSqGSIb3DQEJARYbZmVkZXJhdGll
LWJlaGVlckBzdXJmbmV0Lm5sMB4XDTA4MDYwNTE1MDgyMVoXDTIzMDYwMjE1MDgy
MVoweTELMAkGA1UEBhMCTkwxEDAOBgNVBAoTB1NVUkZuZXQxETAPBgNVBAsTCFNl
cnZpY2VzMRkwFwYDVQQDExBGZWRlcmF0aWUgQmVoZWVyMSowKAYJKoZIhvcNAQkB
FhtmZWRlcmF0aWUtYmVoZWVyQHN1cmZuZXQubmwwggEiMA0GCSqGSIb3DQEBAQUA
A4IBDwAwggEKAoIBAQC/x+YuMaHyS3xeogfBB6hWrL4Frp+KzOuu4IixfhMHz3xI
G5l7p2aNV8UrEXevOwMWCgMNxjfSLdZBgNhR14GBh2cVGCx9f/wUtB86scmkP3Pr
RLoZWu/EIY6MEbgET3D3tkdGuVejQwwhJTlK2xxWHtEdEL5abjYLveDg6Lb6z9od
ljFevylBMZO+5LwTjpa3+B+07oMZr2sV1yjsG2BEBwTFz4XZzJAabeK9UO836qhN
ptktjffoCNen33tNCjzqci4wzgQef3CNA/Ef0tMKGotdldKC6FtHvXixmVY5RKUK
Iutm8sRwne8XYqrD54BAgXZQ0ZovxFbvGhA77YXxAgMBAAGjgd4wgdswHQYDVR0O
BBYEFJNoYjIYUrDN/h1+9BZYOTk7jQBNMIGrBgNVHSMEgaMwgaCAFJNoYjIYUrDN
/h1+9BZYOTk7jQBNoX2kezB5MQswCQYDVQQGEwJOTDEQMA4GA1UEChMHU1VSRm5l
dDERMA8GA1UECxMIU2VydmljZXMxGTAXBgNVBAMTEEZlZGVyYXRpZSBCZWhlZXIx
KjAoBgkqhkiG9w0BCQEWG2ZlZGVyYXRpZS1iZWhlZXJAc3VyZm5ldC5ubIIJANm7
yUGYaeG1MAwGA1UdEwQFMAMBAf8wDQYJKoZIhvcNAQEFBQADggEBAI4IxrYPwwjJ
D9gO1Vzt8ByeQaRe+V0Mv5Ox9RlcXV33WX8Ny8hqUS4/kjs9v7JOuOw7TRop/4QJ
IAv/LEXH9B+hQ96zdLGMCcHI2crWF8l0yZ/DtgkpdlcyS7dNbjLtedtmgrOMSQub
LE02tqoSUR491mQbRuXD49+kJsHXZH8I1YZqOShzPZ7+ksvnBd64txhef8OBlCzE
elT60nOC3Jm8k3i0HwPcCYfDrh6+MJfC2dvfgktAcyu8rm1Q/ZelxaaXok17wUKg
D8nDrVCOfTND1RCGcqJ3YVjYDhBrMdK+5NSuC5KOJUpVZbKgTOilnOM7B/Os8HJC
fxLkDyGV/oQ=
     	                  </ds:X509Certificate>
          </ds:X509Data>
        </ds:KeyInfo>
      </KeyDescriptor>
      <SingleLogoutService Binding="urn:oasis:names:tc:SAML:2.0:bindings:HTTP-Redirect" Location="https://wayf.surfnet.nl/federate/saml20"/>
      <NameIDFormat>urn:oasis:names:tc:SAML:2.0:nameid-format:persistent</NameIDFormat>
      <NameIDFormat>urn:oasis:names:tc:SAML:2.0:nameid-format:transient</NameIDFormat>
      <SingleSignOnService Binding="urn:oasis:names:tc:SAML:2.0:bindings:HTTP-Redirect" Location="https://wayf.surfnet.nl/federate/saml20/http%253A%252F%252Fadfs20.hva.nl%252Fadfs%252Fservices%252Ftrust"/>
      <SingleSignOnService Binding="urn:oasis:names:tc:SAML:2.0:bindings:HTTP-POST" Location="https://wayf.surfnet.nl/federate/saml20/http%253A%252F%252Fadfs20.hva.nl%252Fadfs%252Fservices%252Ftrust"/>
    </IDPSSODescriptor>
    <Organization>
      <OrganizationName xml:lang="en">Hogeschool van Amsterdam</OrganizationName>
      <OrganizationDisplayName xml:lang="en">Hogeschool van Amsterdam</OrganizationDisplayName>
      <OrganizationURL xml:lang="en">http://www.surffederatie.nl</OrganizationURL>
    </Organization>
    <ContactPerson contactType="technical">
      <SurName>AAI Beheer</SurName>
      <EmailAddress>aai-beheer@surfnet.nl</EmailAddress>
    </ContactPerson>
    <ContactPerson contactType="administrative">
      <GivenName>SURFfederatie Beheer</GivenName>
      <EmailAddress>federatie-beheer@surfnet.nl</EmailAddress>
    </ContactPerson>
  </EntityDescriptor>
  <EntityDescriptor xmlns="urn:oasis:names:tc:SAML:2.0:metadata" entityID="https://sso.han.nl/ssp">
    <IDPSSODescriptor protocolSupportEnumeration="urn:oasis:names:tc:SAML:2.0:protocol">
      <KeyDescriptor use="signing">
        <ds:KeyInfo xmlns:ds="http://www.w3.org/2000/09/xmldsig#">
          <ds:X509Data>
            <ds:X509Certificate>
MIIEVDCCAzygAwIBAgIJANm7yUGYaeG1MA0GCSqGSIb3DQEBBQUAMHkxCzAJBgNV
BAYTAk5MMRAwDgYDVQQKEwdTVVJGbmV0MREwDwYDVQQLEwhTZXJ2aWNlczEZMBcG
A1UEAxMQRmVkZXJhdGllIEJlaGVlcjEqMCgGCSqGSIb3DQEJARYbZmVkZXJhdGll
LWJlaGVlckBzdXJmbmV0Lm5sMB4XDTA4MDYwNTE1MDgyMVoXDTIzMDYwMjE1MDgy
MVoweTELMAkGA1UEBhMCTkwxEDAOBgNVBAoTB1NVUkZuZXQxETAPBgNVBAsTCFNl
cnZpY2VzMRkwFwYDVQQDExBGZWRlcmF0aWUgQmVoZWVyMSowKAYJKoZIhvcNAQkB
FhtmZWRlcmF0aWUtYmVoZWVyQHN1cmZuZXQubmwwggEiMA0GCSqGSIb3DQEBAQUA
A4IBDwAwggEKAoIBAQC/x+YuMaHyS3xeogfBB6hWrL4Frp+KzOuu4IixfhMHz3xI
G5l7p2aNV8UrEXevOwMWCgMNxjfSLdZBgNhR14GBh2cVGCx9f/wUtB86scmkP3Pr
RLoZWu/EIY6MEbgET3D3tkdGuVejQwwhJTlK2xxWHtEdEL5abjYLveDg6Lb6z9od
ljFevylBMZO+5LwTjpa3+B+07oMZr2sV1yjsG2BEBwTFz4XZzJAabeK9UO836qhN
ptktjffoCNen33tNCjzqci4wzgQef3CNA/Ef0tMKGotdldKC6FtHvXixmVY5RKUK
Iutm8sRwne8XYqrD54BAgXZQ0ZovxFbvGhA77YXxAgMBAAGjgd4wgdswHQYDVR0O
BBYEFJNoYjIYUrDN/h1+9BZYOTk7jQBNMIGrBgNVHSMEgaMwgaCAFJNoYjIYUrDN
/h1+9BZYOTk7jQBNoX2kezB5MQswCQYDVQQGEwJOTDEQMA4GA1UEChMHU1VSRm5l
dDERMA8GA1UECxMIU2VydmljZXMxGTAXBgNVBAMTEEZlZGVyYXRpZSBCZWhlZXIx
KjAoBgkqhkiG9w0BCQEWG2ZlZGVyYXRpZS1iZWhlZXJAc3VyZm5ldC5ubIIJANm7
yUGYaeG1MAwGA1UdEwQFMAMBAf8wDQYJKoZIhvcNAQEFBQADggEBAI4IxrYPwwjJ
D9gO1Vzt8ByeQaRe+V0Mv5Ox9RlcXV33WX8Ny8hqUS4/kjs9v7JOuOw7TRop/4QJ
IAv/LEXH9B+hQ96zdLGMCcHI2crWF8l0yZ/DtgkpdlcyS7dNbjLtedtmgrOMSQub
LE02tqoSUR491mQbRuXD49+kJsHXZH8I1YZqOShzPZ7+ksvnBd64txhef8OBlCzE
elT60nOC3Jm8k3i0HwPcCYfDrh6+MJfC2dvfgktAcyu8rm1Q/ZelxaaXok17wUKg
D8nDrVCOfTND1RCGcqJ3YVjYDhBrMdK+5NSuC5KOJUpVZbKgTOilnOM7B/Os8HJC
fxLkDyGV/oQ=
     	                  </ds:X509Certificate>
          </ds:X509Data>
        </ds:KeyInfo>
      </KeyDescriptor>
      <SingleLogoutService Binding="urn:oasis:names:tc:SAML:2.0:bindings:HTTP-Redirect" Location="https://wayf.surfnet.nl/federate/saml20"/>
      <NameIDFormat>urn:oasis:names:tc:SAML:2.0:nameid-format:persistent</NameIDFormat>
      <NameIDFormat>urn:oasis:names:tc:SAML:2.0:nameid-format:transient</NameIDFormat>
      <SingleSignOnService Binding="urn:oasis:names:tc:SAML:2.0:bindings:HTTP-Redirect" Location="https://wayf.surfnet.nl/federate/saml20/https%253A%252F%252Fsso.han.nl%252Fssp"/>
      <SingleSignOnService Binding="urn:oasis:names:tc:SAML:2.0:bindings:HTTP-POST" Location="https://wayf.surfnet.nl/federate/saml20/https%253A%252F%252Fsso.han.nl%252Fssp"/>
    </IDPSSODescriptor>
    <Organization>
      <OrganizationName xml:lang="en">Hogeschool van Arnhem en Nijmegen</OrganizationName>
      <OrganizationDisplayName xml:lang="en">Hogeschool van Arnhem en Nijmegen</OrganizationDisplayName>
      <OrganizationURL xml:lang="en">http://www.surffederatie.nl</OrganizationURL>
    </Organization>
    <ContactPerson contactType="technical">
      <SurName>AAI Beheer</SurName>
      <EmailAddress>aai-beheer@surfnet.nl</EmailAddress>
    </ContactPerson>
    <ContactPerson contactType="administrative">
      <GivenName>SURFfederatie Beheer</GivenName>
      <EmailAddress>federatie-beheer@surfnet.nl</EmailAddress>
    </ContactPerson>
  </EntityDescriptor>
  <EntityDescriptor xmlns="urn:oasis:names:tc:SAML:2.0:metadata" entityID="federatie.hku.nl">
    <IDPSSODescriptor protocolSupportEnumeration="urn:oasis:names:tc:SAML:2.0:protocol">
      <KeyDescriptor use="signing">
        <ds:KeyInfo xmlns:ds="http://www.w3.org/2000/09/xmldsig#">
          <ds:X509Data>
            <ds:X509Certificate>
MIIEVDCCAzygAwIBAgIJANm7yUGYaeG1MA0GCSqGSIb3DQEBBQUAMHkxCzAJBgNV
BAYTAk5MMRAwDgYDVQQKEwdTVVJGbmV0MREwDwYDVQQLEwhTZXJ2aWNlczEZMBcG
A1UEAxMQRmVkZXJhdGllIEJlaGVlcjEqMCgGCSqGSIb3DQEJARYbZmVkZXJhdGll
LWJlaGVlckBzdXJmbmV0Lm5sMB4XDTA4MDYwNTE1MDgyMVoXDTIzMDYwMjE1MDgy
MVoweTELMAkGA1UEBhMCTkwxEDAOBgNVBAoTB1NVUkZuZXQxETAPBgNVBAsTCFNl
cnZpY2VzMRkwFwYDVQQDExBGZWRlcmF0aWUgQmVoZWVyMSowKAYJKoZIhvcNAQkB
FhtmZWRlcmF0aWUtYmVoZWVyQHN1cmZuZXQubmwwggEiMA0GCSqGSIb3DQEBAQUA
A4IBDwAwggEKAoIBAQC/x+YuMaHyS3xeogfBB6hWrL4Frp+KzOuu4IixfhMHz3xI
G5l7p2aNV8UrEXevOwMWCgMNxjfSLdZBgNhR14GBh2cVGCx9f/wUtB86scmkP3Pr
RLoZWu/EIY6MEbgET3D3tkdGuVejQwwhJTlK2xxWHtEdEL5abjYLveDg6Lb6z9od
ljFevylBMZO+5LwTjpa3+B+07oMZr2sV1yjsG2BEBwTFz4XZzJAabeK9UO836qhN
ptktjffoCNen33tNCjzqci4wzgQef3CNA/Ef0tMKGotdldKC6FtHvXixmVY5RKUK
Iutm8sRwne8XYqrD54BAgXZQ0ZovxFbvGhA77YXxAgMBAAGjgd4wgdswHQYDVR0O
BBYEFJNoYjIYUrDN/h1+9BZYOTk7jQBNMIGrBgNVHSMEgaMwgaCAFJNoYjIYUrDN
/h1+9BZYOTk7jQBNoX2kezB5MQswCQYDVQQGEwJOTDEQMA4GA1UEChMHU1VSRm5l
dDERMA8GA1UECxMIU2VydmljZXMxGTAXBgNVBAMTEEZlZGVyYXRpZSBCZWhlZXIx
KjAoBgkqhkiG9w0BCQEWG2ZlZGVyYXRpZS1iZWhlZXJAc3VyZm5ldC5ubIIJANm7
yUGYaeG1MAwGA1UdEwQFMAMBAf8wDQYJKoZIhvcNAQEFBQADggEBAI4IxrYPwwjJ
D9gO1Vzt8ByeQaRe+V0Mv5Ox9RlcXV33WX8Ny8hqUS4/kjs9v7JOuOw7TRop/4QJ
IAv/LEXH9B+hQ96zdLGMCcHI2crWF8l0yZ/DtgkpdlcyS7dNbjLtedtmgrOMSQub
LE02tqoSUR491mQbRuXD49+kJsHXZH8I1YZqOShzPZ7+ksvnBd64txhef8OBlCzE
elT60nOC3Jm8k3i0HwPcCYfDrh6+MJfC2dvfgktAcyu8rm1Q/ZelxaaXok17wUKg
D8nDrVCOfTND1RCGcqJ3YVjYDhBrMdK+5NSuC5KOJUpVZbKgTOilnOM7B/Os8HJC
fxLkDyGV/oQ=
     	                  </ds:X509Certificate>
          </ds:X509Data>
        </ds:KeyInfo>
      </KeyDescriptor>
      <SingleLogoutService Binding="urn:oasis:names:tc:SAML:2.0:bindings:HTTP-Redirect" Location="https://wayf.surfnet.nl/federate/saml20"/>
      <NameIDFormat>urn:oasis:names:tc:SAML:2.0:nameid-format:persistent</NameIDFormat>
      <NameIDFormat>urn:oasis:names:tc:SAML:2.0:nameid-format:transient</NameIDFormat>
      <SingleSignOnService Binding="urn:oasis:names:tc:SAML:2.0:bindings:HTTP-Redirect" Location="https://wayf.surfnet.nl/federate/saml20/federatie.hku.nl"/>
      <SingleSignOnService Binding="urn:oasis:names:tc:SAML:2.0:bindings:HTTP-POST" Location="https://wayf.surfnet.nl/federate/saml20/federatie.hku.nl"/>
    </IDPSSODescriptor>
    <Organization>
      <OrganizationName xml:lang="en">Hogeschool voor de Kunsten Utrecht</OrganizationName>
      <OrganizationDisplayName xml:lang="en">Hogeschool voor de Kunsten Utrecht</OrganizationDisplayName>
      <OrganizationURL xml:lang="en">http://www.surffederatie.nl</OrganizationURL>
    </Organization>
    <ContactPerson contactType="technical">
      <SurName>AAI Beheer</SurName>
      <EmailAddress>aai-beheer@surfnet.nl</EmailAddress>
    </ContactPerson>
    <ContactPerson contactType="administrative">
      <GivenName>SURFfederatie Beheer</GivenName>
      <EmailAddress>federatie-beheer@surfnet.nl</EmailAddress>
    </ContactPerson>
  </EntityDescriptor>
  <EntityDescriptor xmlns="urn:oasis:names:tc:SAML:2.0:metadata" entityID="http://adfs.windesheim.nl/adfs/services/trust">
    <IDPSSODescriptor protocolSupportEnumeration="urn:oasis:names:tc:SAML:2.0:protocol">
      <KeyDescriptor use="signing">
        <ds:KeyInfo xmlns:ds="http://www.w3.org/2000/09/xmldsig#">
          <ds:X509Data>
            <ds:X509Certificate>
MIIEVDCCAzygAwIBAgIJANm7yUGYaeG1MA0GCSqGSIb3DQEBBQUAMHkxCzAJBgNV
BAYTAk5MMRAwDgYDVQQKEwdTVVJGbmV0MREwDwYDVQQLEwhTZXJ2aWNlczEZMBcG
A1UEAxMQRmVkZXJhdGllIEJlaGVlcjEqMCgGCSqGSIb3DQEJARYbZmVkZXJhdGll
LWJlaGVlckBzdXJmbmV0Lm5sMB4XDTA4MDYwNTE1MDgyMVoXDTIzMDYwMjE1MDgy
MVoweTELMAkGA1UEBhMCTkwxEDAOBgNVBAoTB1NVUkZuZXQxETAPBgNVBAsTCFNl
cnZpY2VzMRkwFwYDVQQDExBGZWRlcmF0aWUgQmVoZWVyMSowKAYJKoZIhvcNAQkB
FhtmZWRlcmF0aWUtYmVoZWVyQHN1cmZuZXQubmwwggEiMA0GCSqGSIb3DQEBAQUA
A4IBDwAwggEKAoIBAQC/x+YuMaHyS3xeogfBB6hWrL4Frp+KzOuu4IixfhMHz3xI
G5l7p2aNV8UrEXevOwMWCgMNxjfSLdZBgNhR14GBh2cVGCx9f/wUtB86scmkP3Pr
RLoZWu/EIY6MEbgET3D3tkdGuVejQwwhJTlK2xxWHtEdEL5abjYLveDg6Lb6z9od
ljFevylBMZO+5LwTjpa3+B+07oMZr2sV1yjsG2BEBwTFz4XZzJAabeK9UO836qhN
ptktjffoCNen33tNCjzqci4wzgQef3CNA/Ef0tMKGotdldKC6FtHvXixmVY5RKUK
Iutm8sRwne8XYqrD54BAgXZQ0ZovxFbvGhA77YXxAgMBAAGjgd4wgdswHQYDVR0O
BBYEFJNoYjIYUrDN/h1+9BZYOTk7jQBNMIGrBgNVHSMEgaMwgaCAFJNoYjIYUrDN
/h1+9BZYOTk7jQBNoX2kezB5MQswCQYDVQQGEwJOTDEQMA4GA1UEChMHU1VSRm5l
dDERMA8GA1UECxMIU2VydmljZXMxGTAXBgNVBAMTEEZlZGVyYXRpZSBCZWhlZXIx
KjAoBgkqhkiG9w0BCQEWG2ZlZGVyYXRpZS1iZWhlZXJAc3VyZm5ldC5ubIIJANm7
yUGYaeG1MAwGA1UdEwQFMAMBAf8wDQYJKoZIhvcNAQEFBQADggEBAI4IxrYPwwjJ
D9gO1Vzt8ByeQaRe+V0Mv5Ox9RlcXV33WX8Ny8hqUS4/kjs9v7JOuOw7TRop/4QJ
IAv/LEXH9B+hQ96zdLGMCcHI2crWF8l0yZ/DtgkpdlcyS7dNbjLtedtmgrOMSQub
LE02tqoSUR491mQbRuXD49+kJsHXZH8I1YZqOShzPZ7+ksvnBd64txhef8OBlCzE
elT60nOC3Jm8k3i0HwPcCYfDrh6+MJfC2dvfgktAcyu8rm1Q/ZelxaaXok17wUKg
D8nDrVCOfTND1RCGcqJ3YVjYDhBrMdK+5NSuC5KOJUpVZbKgTOilnOM7B/Os8HJC
fxLkDyGV/oQ=
     	                  </ds:X509Certificate>
          </ds:X509Data>
        </ds:KeyInfo>
      </KeyDescriptor>
      <SingleLogoutService Binding="urn:oasis:names:tc:SAML:2.0:bindings:HTTP-Redirect" Location="https://wayf.surfnet.nl/federate/saml20"/>
      <NameIDFormat>urn:oasis:names:tc:SAML:2.0:nameid-format:persistent</NameIDFormat>
      <NameIDFormat>urn:oasis:names:tc:SAML:2.0:nameid-format:transient</NameIDFormat>
      <SingleSignOnService Binding="urn:oasis:names:tc:SAML:2.0:bindings:HTTP-Redirect" Location="https://wayf.surfnet.nl/federate/saml20/http%253A%252F%252Fadfs.windesheim.nl%252Fadfs%252Fservices%252Ftrust"/>
      <SingleSignOnService Binding="urn:oasis:names:tc:SAML:2.0:bindings:HTTP-POST" Location="https://wayf.surfnet.nl/federate/saml20/http%253A%252F%252Fadfs.windesheim.nl%252Fadfs%252Fservices%252Ftrust"/>
    </IDPSSODescriptor>
    <Organization>
      <OrganizationName xml:lang="en">Hogeschool Windesheim</OrganizationName>
      <OrganizationDisplayName xml:lang="en">Hogeschool Windesheim</OrganizationDisplayName>
      <OrganizationURL xml:lang="en">http://www.surffederatie.nl</OrganizationURL>
    </Organization>
    <ContactPerson contactType="technical">
      <SurName>AAI Beheer</SurName>
      <EmailAddress>aai-beheer@surfnet.nl</EmailAddress>
    </ContactPerson>
    <ContactPerson contactType="administrative">
      <GivenName>SURFfederatie Beheer</GivenName>
      <EmailAddress>federatie-beheer@surfnet.nl</EmailAddress>
    </ContactPerson>
  </EntityDescriptor>
  <EntityDescriptor xmlns="urn:oasis:names:tc:SAML:2.0:metadata" entityID="http://sf.hdh.nl/adfs/services/trust">
    <IDPSSODescriptor protocolSupportEnumeration="urn:oasis:names:tc:SAML:2.0:protocol">
      <KeyDescriptor use="signing">
        <ds:KeyInfo xmlns:ds="http://www.w3.org/2000/09/xmldsig#">
          <ds:X509Data>
            <ds:X509Certificate>
MIIEVDCCAzygAwIBAgIJANm7yUGYaeG1MA0GCSqGSIb3DQEBBQUAMHkxCzAJBgNV
BAYTAk5MMRAwDgYDVQQKEwdTVVJGbmV0MREwDwYDVQQLEwhTZXJ2aWNlczEZMBcG
A1UEAxMQRmVkZXJhdGllIEJlaGVlcjEqMCgGCSqGSIb3DQEJARYbZmVkZXJhdGll
LWJlaGVlckBzdXJmbmV0Lm5sMB4XDTA4MDYwNTE1MDgyMVoXDTIzMDYwMjE1MDgy
MVoweTELMAkGA1UEBhMCTkwxEDAOBgNVBAoTB1NVUkZuZXQxETAPBgNVBAsTCFNl
cnZpY2VzMRkwFwYDVQQDExBGZWRlcmF0aWUgQmVoZWVyMSowKAYJKoZIhvcNAQkB
FhtmZWRlcmF0aWUtYmVoZWVyQHN1cmZuZXQubmwwggEiMA0GCSqGSIb3DQEBAQUA
A4IBDwAwggEKAoIBAQC/x+YuMaHyS3xeogfBB6hWrL4Frp+KzOuu4IixfhMHz3xI
G5l7p2aNV8UrEXevOwMWCgMNxjfSLdZBgNhR14GBh2cVGCx9f/wUtB86scmkP3Pr
RLoZWu/EIY6MEbgET3D3tkdGuVejQwwhJTlK2xxWHtEdEL5abjYLveDg6Lb6z9od
ljFevylBMZO+5LwTjpa3+B+07oMZr2sV1yjsG2BEBwTFz4XZzJAabeK9UO836qhN
ptktjffoCNen33tNCjzqci4wzgQef3CNA/Ef0tMKGotdldKC6FtHvXixmVY5RKUK
Iutm8sRwne8XYqrD54BAgXZQ0ZovxFbvGhA77YXxAgMBAAGjgd4wgdswHQYDVR0O
BBYEFJNoYjIYUrDN/h1+9BZYOTk7jQBNMIGrBgNVHSMEgaMwgaCAFJNoYjIYUrDN
/h1+9BZYOTk7jQBNoX2kezB5MQswCQYDVQQGEwJOTDEQMA4GA1UEChMHU1VSRm5l
dDERMA8GA1UECxMIU2VydmljZXMxGTAXBgNVBAMTEEZlZGVyYXRpZSBCZWhlZXIx
KjAoBgkqhkiG9w0BCQEWG2ZlZGVyYXRpZS1iZWhlZXJAc3VyZm5ldC5ubIIJANm7
yUGYaeG1MAwGA1UdEwQFMAMBAf8wDQYJKoZIhvcNAQEFBQADggEBAI4IxrYPwwjJ
D9gO1Vzt8ByeQaRe+V0Mv5Ox9RlcXV33WX8Ny8hqUS4/kjs9v7JOuOw7TRop/4QJ
IAv/LEXH9B+hQ96zdLGMCcHI2crWF8l0yZ/DtgkpdlcyS7dNbjLtedtmgrOMSQub
LE02tqoSUR491mQbRuXD49+kJsHXZH8I1YZqOShzPZ7+ksvnBd64txhef8OBlCzE
elT60nOC3Jm8k3i0HwPcCYfDrh6+MJfC2dvfgktAcyu8rm1Q/ZelxaaXok17wUKg
D8nDrVCOfTND1RCGcqJ3YVjYDhBrMdK+5NSuC5KOJUpVZbKgTOilnOM7B/Os8HJC
fxLkDyGV/oQ=
     	                  </ds:X509Certificate>
          </ds:X509Data>
        </ds:KeyInfo>
      </KeyDescriptor>
      <SingleLogoutService Binding="urn:oasis:names:tc:SAML:2.0:bindings:HTTP-Redirect" Location="https://wayf.surfnet.nl/federate/saml20"/>
      <NameIDFormat>urn:oasis:names:tc:SAML:2.0:nameid-format:persistent</NameIDFormat>
      <NameIDFormat>urn:oasis:names:tc:SAML:2.0:nameid-format:transient</NameIDFormat>
      <SingleSignOnService Binding="urn:oasis:names:tc:SAML:2.0:bindings:HTTP-Redirect" Location="https://wayf.surfnet.nl/federate/saml20/http%253A%252F%252Fsf.hdh.nl%252Fadfs%252Fservices%252Ftrust"/>
      <SingleSignOnService Binding="urn:oasis:names:tc:SAML:2.0:bindings:HTTP-POST" Location="https://wayf.surfnet.nl/federate/saml20/http%253A%252F%252Fsf.hdh.nl%252Fadfs%252Fservices%252Ftrust"/>
    </IDPSSODescriptor>
    <Organization>
      <OrganizationName xml:lang="en">Hotelschool den Haag</OrganizationName>
      <OrganizationDisplayName xml:lang="en">Hotelschool den Haag</OrganizationDisplayName>
      <OrganizationURL xml:lang="en">http://www.surffederatie.nl</OrganizationURL>
    </Organization>
    <ContactPerson contactType="technical">
      <SurName>AAI Beheer</SurName>
      <EmailAddress>aai-beheer@surfnet.nl</EmailAddress>
    </ContactPerson>
    <ContactPerson contactType="administrative">
      <GivenName>SURFfederatie Beheer</GivenName>
      <EmailAddress>federatie-beheer@surfnet.nl</EmailAddress>
    </ContactPerson>
  </EntityDescriptor>
  <EntityDescriptor xmlns="urn:oasis:names:tc:SAML:2.0:metadata" entityID="http://adfs2.hubrecht.eu/adfs/services/trust">
    <IDPSSODescriptor protocolSupportEnumeration="urn:oasis:names:tc:SAML:2.0:protocol">
      <KeyDescriptor use="signing">
        <ds:KeyInfo xmlns:ds="http://www.w3.org/2000/09/xmldsig#">
          <ds:X509Data>
            <ds:X509Certificate>
MIIEVDCCAzygAwIBAgIJANm7yUGYaeG1MA0GCSqGSIb3DQEBBQUAMHkxCzAJBgNV
BAYTAk5MMRAwDgYDVQQKEwdTVVJGbmV0MREwDwYDVQQLEwhTZXJ2aWNlczEZMBcG
A1UEAxMQRmVkZXJhdGllIEJlaGVlcjEqMCgGCSqGSIb3DQEJARYbZmVkZXJhdGll
LWJlaGVlckBzdXJmbmV0Lm5sMB4XDTA4MDYwNTE1MDgyMVoXDTIzMDYwMjE1MDgy
MVoweTELMAkGA1UEBhMCTkwxEDAOBgNVBAoTB1NVUkZuZXQxETAPBgNVBAsTCFNl
cnZpY2VzMRkwFwYDVQQDExBGZWRlcmF0aWUgQmVoZWVyMSowKAYJKoZIhvcNAQkB
FhtmZWRlcmF0aWUtYmVoZWVyQHN1cmZuZXQubmwwggEiMA0GCSqGSIb3DQEBAQUA
A4IBDwAwggEKAoIBAQC/x+YuMaHyS3xeogfBB6hWrL4Frp+KzOuu4IixfhMHz3xI
G5l7p2aNV8UrEXevOwMWCgMNxjfSLdZBgNhR14GBh2cVGCx9f/wUtB86scmkP3Pr
RLoZWu/EIY6MEbgET3D3tkdGuVejQwwhJTlK2xxWHtEdEL5abjYLveDg6Lb6z9od
ljFevylBMZO+5LwTjpa3+B+07oMZr2sV1yjsG2BEBwTFz4XZzJAabeK9UO836qhN
ptktjffoCNen33tNCjzqci4wzgQef3CNA/Ef0tMKGotdldKC6FtHvXixmVY5RKUK
Iutm8sRwne8XYqrD54BAgXZQ0ZovxFbvGhA77YXxAgMBAAGjgd4wgdswHQYDVR0O
BBYEFJNoYjIYUrDN/h1+9BZYOTk7jQBNMIGrBgNVHSMEgaMwgaCAFJNoYjIYUrDN
/h1+9BZYOTk7jQBNoX2kezB5MQswCQYDVQQGEwJOTDEQMA4GA1UEChMHU1VSRm5l
dDERMA8GA1UECxMIU2VydmljZXMxGTAXBgNVBAMTEEZlZGVyYXRpZSBCZWhlZXIx
KjAoBgkqhkiG9w0BCQEWG2ZlZGVyYXRpZS1iZWhlZXJAc3VyZm5ldC5ubIIJANm7
yUGYaeG1MAwGA1UdEwQFMAMBAf8wDQYJKoZIhvcNAQEFBQADggEBAI4IxrYPwwjJ
D9gO1Vzt8ByeQaRe+V0Mv5Ox9RlcXV33WX8Ny8hqUS4/kjs9v7JOuOw7TRop/4QJ
IAv/LEXH9B+hQ96zdLGMCcHI2crWF8l0yZ/DtgkpdlcyS7dNbjLtedtmgrOMSQub
LE02tqoSUR491mQbRuXD49+kJsHXZH8I1YZqOShzPZ7+ksvnBd64txhef8OBlCzE
elT60nOC3Jm8k3i0HwPcCYfDrh6+MJfC2dvfgktAcyu8rm1Q/ZelxaaXok17wUKg
D8nDrVCOfTND1RCGcqJ3YVjYDhBrMdK+5NSuC5KOJUpVZbKgTOilnOM7B/Os8HJC
fxLkDyGV/oQ=
     	                  </ds:X509Certificate>
          </ds:X509Data>
        </ds:KeyInfo>
      </KeyDescriptor>
      <SingleLogoutService Binding="urn:oasis:names:tc:SAML:2.0:bindings:HTTP-Redirect" Location="https://wayf.surfnet.nl/federate/saml20"/>
      <NameIDFormat>urn:oasis:names:tc:SAML:2.0:nameid-format:persistent</NameIDFormat>
      <NameIDFormat>urn:oasis:names:tc:SAML:2.0:nameid-format:transient</NameIDFormat>
      <SingleSignOnService Binding="urn:oasis:names:tc:SAML:2.0:bindings:HTTP-Redirect" Location="https://wayf.surfnet.nl/federate/saml20/http%253A%252F%252Fadfs2.hubrecht.eu%252Fadfs%252Fservices%252Ftrust"/>
      <SingleSignOnService Binding="urn:oasis:names:tc:SAML:2.0:bindings:HTTP-POST" Location="https://wayf.surfnet.nl/federate/saml20/http%253A%252F%252Fadfs2.hubrecht.eu%252Fadfs%252Fservices%252Ftrust"/>
    </IDPSSODescriptor>
    <Organization>
      <OrganizationName xml:lang="en">Hubrecht Institute (KNAW)</OrganizationName>
      <OrganizationDisplayName xml:lang="en">Hubrecht Institute (KNAW)</OrganizationDisplayName>
      <OrganizationURL xml:lang="en">http://www.surffederatie.nl</OrganizationURL>
    </Organization>
    <ContactPerson contactType="technical">
      <SurName>AAI Beheer</SurName>
      <EmailAddress>aai-beheer@surfnet.nl</EmailAddress>
    </ContactPerson>
    <ContactPerson contactType="administrative">
      <GivenName>SURFfederatie Beheer</GivenName>
      <EmailAddress>federatie-beheer@surfnet.nl</EmailAddress>
    </ContactPerson>
  </EntityDescriptor>
  <EntityDescriptor xmlns="urn:oasis:names:tc:SAML:2.0:metadata" entityID="http://adfs.netwerkopleidingartsen.nl/adfs/services/trust">
    <IDPSSODescriptor protocolSupportEnumeration="urn:oasis:names:tc:SAML:2.0:protocol">
      <KeyDescriptor use="signing">
        <ds:KeyInfo xmlns:ds="http://www.w3.org/2000/09/xmldsig#">
          <ds:X509Data>
            <ds:X509Certificate>
MIIEVDCCAzygAwIBAgIJANm7yUGYaeG1MA0GCSqGSIb3DQEBBQUAMHkxCzAJBgNV
BAYTAk5MMRAwDgYDVQQKEwdTVVJGbmV0MREwDwYDVQQLEwhTZXJ2aWNlczEZMBcG
A1UEAxMQRmVkZXJhdGllIEJlaGVlcjEqMCgGCSqGSIb3DQEJARYbZmVkZXJhdGll
LWJlaGVlckBzdXJmbmV0Lm5sMB4XDTA4MDYwNTE1MDgyMVoXDTIzMDYwMjE1MDgy
MVoweTELMAkGA1UEBhMCTkwxEDAOBgNVBAoTB1NVUkZuZXQxETAPBgNVBAsTCFNl
cnZpY2VzMRkwFwYDVQQDExBGZWRlcmF0aWUgQmVoZWVyMSowKAYJKoZIhvcNAQkB
FhtmZWRlcmF0aWUtYmVoZWVyQHN1cmZuZXQubmwwggEiMA0GCSqGSIb3DQEBAQUA
A4IBDwAwggEKAoIBAQC/x+YuMaHyS3xeogfBB6hWrL4Frp+KzOuu4IixfhMHz3xI
G5l7p2aNV8UrEXevOwMWCgMNxjfSLdZBgNhR14GBh2cVGCx9f/wUtB86scmkP3Pr
RLoZWu/EIY6MEbgET3D3tkdGuVejQwwhJTlK2xxWHtEdEL5abjYLveDg6Lb6z9od
ljFevylBMZO+5LwTjpa3+B+07oMZr2sV1yjsG2BEBwTFz4XZzJAabeK9UO836qhN
ptktjffoCNen33tNCjzqci4wzgQef3CNA/Ef0tMKGotdldKC6FtHvXixmVY5RKUK
Iutm8sRwne8XYqrD54BAgXZQ0ZovxFbvGhA77YXxAgMBAAGjgd4wgdswHQYDVR0O
BBYEFJNoYjIYUrDN/h1+9BZYOTk7jQBNMIGrBgNVHSMEgaMwgaCAFJNoYjIYUrDN
/h1+9BZYOTk7jQBNoX2kezB5MQswCQYDVQQGEwJOTDEQMA4GA1UEChMHU1VSRm5l
dDERMA8GA1UECxMIU2VydmljZXMxGTAXBgNVBAMTEEZlZGVyYXRpZSBCZWhlZXIx
KjAoBgkqhkiG9w0BCQEWG2ZlZGVyYXRpZS1iZWhlZXJAc3VyZm5ldC5ubIIJANm7
yUGYaeG1MAwGA1UdEwQFMAMBAf8wDQYJKoZIhvcNAQEFBQADggEBAI4IxrYPwwjJ
D9gO1Vzt8ByeQaRe+V0Mv5Ox9RlcXV33WX8Ny8hqUS4/kjs9v7JOuOw7TRop/4QJ
IAv/LEXH9B+hQ96zdLGMCcHI2crWF8l0yZ/DtgkpdlcyS7dNbjLtedtmgrOMSQub
LE02tqoSUR491mQbRuXD49+kJsHXZH8I1YZqOShzPZ7+ksvnBd64txhef8OBlCzE
elT60nOC3Jm8k3i0HwPcCYfDrh6+MJfC2dvfgktAcyu8rm1Q/ZelxaaXok17wUKg
D8nDrVCOfTND1RCGcqJ3YVjYDhBrMdK+5NSuC5KOJUpVZbKgTOilnOM7B/Os8HJC
fxLkDyGV/oQ=
     	                  </ds:X509Certificate>
          </ds:X509Data>
        </ds:KeyInfo>
      </KeyDescriptor>
      <SingleLogoutService Binding="urn:oasis:names:tc:SAML:2.0:bindings:HTTP-Redirect" Location="https://wayf.surfnet.nl/federate/saml20"/>
      <NameIDFormat>urn:oasis:names:tc:SAML:2.0:nameid-format:persistent</NameIDFormat>
      <NameIDFormat>urn:oasis:names:tc:SAML:2.0:nameid-format:transient</NameIDFormat>
      <SingleSignOnService Binding="urn:oasis:names:tc:SAML:2.0:bindings:HTTP-Redirect" Location="https://wayf.surfnet.nl/federate/saml20/http%253A%252F%252Fadfs.netwerkopleidingartsen.nl%252Fadfs%252Fservices%252Ftrust"/>
      <SingleSignOnService Binding="urn:oasis:names:tc:SAML:2.0:bindings:HTTP-POST" Location="https://wayf.surfnet.nl/federate/saml20/http%253A%252F%252Fadfs.netwerkopleidingartsen.nl%252Fadfs%252Fservices%252Ftrust"/>
    </IDPSSODescriptor>
    <Organization>
      <OrganizationName xml:lang="en">Huisartsopleiding Nederland</OrganizationName>
      <OrganizationDisplayName xml:lang="en">Huisartsopleiding Nederland</OrganizationDisplayName>
      <OrganizationURL xml:lang="en">http://www.surffederatie.nl</OrganizationURL>
    </Organization>
    <ContactPerson contactType="technical">
      <SurName>AAI Beheer</SurName>
      <EmailAddress>aai-beheer@surfnet.nl</EmailAddress>
    </ContactPerson>
    <ContactPerson contactType="administrative">
      <GivenName>SURFfederatie Beheer</GivenName>
      <EmailAddress>federatie-beheer@surfnet.nl</EmailAddress>
    </ContactPerson>
  </EntityDescriptor>
  <EntityDescriptor xmlns="urn:oasis:names:tc:SAML:2.0:metadata" entityID="urn:federation:knaw:huygensinstituut">
    <IDPSSODescriptor protocolSupportEnumeration="urn:oasis:names:tc:SAML:2.0:protocol">
      <KeyDescriptor use="signing">
        <ds:KeyInfo xmlns:ds="http://www.w3.org/2000/09/xmldsig#">
          <ds:X509Data>
            <ds:X509Certificate>
MIIEVDCCAzygAwIBAgIJANm7yUGYaeG1MA0GCSqGSIb3DQEBBQUAMHkxCzAJBgNV
BAYTAk5MMRAwDgYDVQQKEwdTVVJGbmV0MREwDwYDVQQLEwhTZXJ2aWNlczEZMBcG
A1UEAxMQRmVkZXJhdGllIEJlaGVlcjEqMCgGCSqGSIb3DQEJARYbZmVkZXJhdGll
LWJlaGVlckBzdXJmbmV0Lm5sMB4XDTA4MDYwNTE1MDgyMVoXDTIzMDYwMjE1MDgy
MVoweTELMAkGA1UEBhMCTkwxEDAOBgNVBAoTB1NVUkZuZXQxETAPBgNVBAsTCFNl
cnZpY2VzMRkwFwYDVQQDExBGZWRlcmF0aWUgQmVoZWVyMSowKAYJKoZIhvcNAQkB
FhtmZWRlcmF0aWUtYmVoZWVyQHN1cmZuZXQubmwwggEiMA0GCSqGSIb3DQEBAQUA
A4IBDwAwggEKAoIBAQC/x+YuMaHyS3xeogfBB6hWrL4Frp+KzOuu4IixfhMHz3xI
G5l7p2aNV8UrEXevOwMWCgMNxjfSLdZBgNhR14GBh2cVGCx9f/wUtB86scmkP3Pr
RLoZWu/EIY6MEbgET3D3tkdGuVejQwwhJTlK2xxWHtEdEL5abjYLveDg6Lb6z9od
ljFevylBMZO+5LwTjpa3+B+07oMZr2sV1yjsG2BEBwTFz4XZzJAabeK9UO836qhN
ptktjffoCNen33tNCjzqci4wzgQef3CNA/Ef0tMKGotdldKC6FtHvXixmVY5RKUK
Iutm8sRwne8XYqrD54BAgXZQ0ZovxFbvGhA77YXxAgMBAAGjgd4wgdswHQYDVR0O
BBYEFJNoYjIYUrDN/h1+9BZYOTk7jQBNMIGrBgNVHSMEgaMwgaCAFJNoYjIYUrDN
/h1+9BZYOTk7jQBNoX2kezB5MQswCQYDVQQGEwJOTDEQMA4GA1UEChMHU1VSRm5l
dDERMA8GA1UECxMIU2VydmljZXMxGTAXBgNVBAMTEEZlZGVyYXRpZSBCZWhlZXIx
KjAoBgkqhkiG9w0BCQEWG2ZlZGVyYXRpZS1iZWhlZXJAc3VyZm5ldC5ubIIJANm7
yUGYaeG1MAwGA1UdEwQFMAMBAf8wDQYJKoZIhvcNAQEFBQADggEBAI4IxrYPwwjJ
D9gO1Vzt8ByeQaRe+V0Mv5Ox9RlcXV33WX8Ny8hqUS4/kjs9v7JOuOw7TRop/4QJ
IAv/LEXH9B+hQ96zdLGMCcHI2crWF8l0yZ/DtgkpdlcyS7dNbjLtedtmgrOMSQub
LE02tqoSUR491mQbRuXD49+kJsHXZH8I1YZqOShzPZ7+ksvnBd64txhef8OBlCzE
elT60nOC3Jm8k3i0HwPcCYfDrh6+MJfC2dvfgktAcyu8rm1Q/ZelxaaXok17wUKg
D8nDrVCOfTND1RCGcqJ3YVjYDhBrMdK+5NSuC5KOJUpVZbKgTOilnOM7B/Os8HJC
fxLkDyGV/oQ=
     	                  </ds:X509Certificate>
          </ds:X509Data>
        </ds:KeyInfo>
      </KeyDescriptor>
      <SingleLogoutService Binding="urn:oasis:names:tc:SAML:2.0:bindings:HTTP-Redirect" Location="https://wayf.surfnet.nl/federate/saml20"/>
      <NameIDFormat>urn:oasis:names:tc:SAML:2.0:nameid-format:persistent</NameIDFormat>
      <NameIDFormat>urn:oasis:names:tc:SAML:2.0:nameid-format:transient</NameIDFormat>
      <SingleSignOnService Binding="urn:oasis:names:tc:SAML:2.0:bindings:HTTP-Redirect" Location="https://wayf.surfnet.nl/federate/saml20/urn%253Afederation%253Aknaw%253Ahuygensinstituut"/>
      <SingleSignOnService Binding="urn:oasis:names:tc:SAML:2.0:bindings:HTTP-POST" Location="https://wayf.surfnet.nl/federate/saml20/urn%253Afederation%253Aknaw%253Ahuygensinstituut"/>
    </IDPSSODescriptor>
    <Organization>
      <OrganizationName xml:lang="en">Huygens Instituut (KNAW)</OrganizationName>
      <OrganizationDisplayName xml:lang="en">Huygens Instituut (KNAW)</OrganizationDisplayName>
      <OrganizationURL xml:lang="en">http://www.surffederatie.nl</OrganizationURL>
    </Organization>
    <ContactPerson contactType="technical">
      <SurName>AAI Beheer</SurName>
      <EmailAddress>aai-beheer@surfnet.nl</EmailAddress>
    </ContactPerson>
    <ContactPerson contactType="administrative">
      <GivenName>SURFfederatie Beheer</GivenName>
      <EmailAddress>federatie-beheer@surfnet.nl</EmailAddress>
    </ContactPerson>
  </EntityDescriptor>
  <EntityDescriptor xmlns="urn:oasis:names:tc:SAML:2.0:metadata" entityID="http://adfs.myhz.nl/adfs/services/trust">
    <IDPSSODescriptor protocolSupportEnumeration="urn:oasis:names:tc:SAML:2.0:protocol">
      <KeyDescriptor use="signing">
        <ds:KeyInfo xmlns:ds="http://www.w3.org/2000/09/xmldsig#">
          <ds:X509Data>
            <ds:X509Certificate>
MIIEVDCCAzygAwIBAgIJANm7yUGYaeG1MA0GCSqGSIb3DQEBBQUAMHkxCzAJBgNV
BAYTAk5MMRAwDgYDVQQKEwdTVVJGbmV0MREwDwYDVQQLEwhTZXJ2aWNlczEZMBcG
A1UEAxMQRmVkZXJhdGllIEJlaGVlcjEqMCgGCSqGSIb3DQEJARYbZmVkZXJhdGll
LWJlaGVlckBzdXJmbmV0Lm5sMB4XDTA4MDYwNTE1MDgyMVoXDTIzMDYwMjE1MDgy
MVoweTELMAkGA1UEBhMCTkwxEDAOBgNVBAoTB1NVUkZuZXQxETAPBgNVBAsTCFNl
cnZpY2VzMRkwFwYDVQQDExBGZWRlcmF0aWUgQmVoZWVyMSowKAYJKoZIhvcNAQkB
FhtmZWRlcmF0aWUtYmVoZWVyQHN1cmZuZXQubmwwggEiMA0GCSqGSIb3DQEBAQUA
A4IBDwAwggEKAoIBAQC/x+YuMaHyS3xeogfBB6hWrL4Frp+KzOuu4IixfhMHz3xI
G5l7p2aNV8UrEXevOwMWCgMNxjfSLdZBgNhR14GBh2cVGCx9f/wUtB86scmkP3Pr
RLoZWu/EIY6MEbgET3D3tkdGuVejQwwhJTlK2xxWHtEdEL5abjYLveDg6Lb6z9od
ljFevylBMZO+5LwTjpa3+B+07oMZr2sV1yjsG2BEBwTFz4XZzJAabeK9UO836qhN
ptktjffoCNen33tNCjzqci4wzgQef3CNA/Ef0tMKGotdldKC6FtHvXixmVY5RKUK
Iutm8sRwne8XYqrD54BAgXZQ0ZovxFbvGhA77YXxAgMBAAGjgd4wgdswHQYDVR0O
BBYEFJNoYjIYUrDN/h1+9BZYOTk7jQBNMIGrBgNVHSMEgaMwgaCAFJNoYjIYUrDN
/h1+9BZYOTk7jQBNoX2kezB5MQswCQYDVQQGEwJOTDEQMA4GA1UEChMHU1VSRm5l
dDERMA8GA1UECxMIU2VydmljZXMxGTAXBgNVBAMTEEZlZGVyYXRpZSBCZWhlZXIx
KjAoBgkqhkiG9w0BCQEWG2ZlZGVyYXRpZS1iZWhlZXJAc3VyZm5ldC5ubIIJANm7
yUGYaeG1MAwGA1UdEwQFMAMBAf8wDQYJKoZIhvcNAQEFBQADggEBAI4IxrYPwwjJ
D9gO1Vzt8ByeQaRe+V0Mv5Ox9RlcXV33WX8Ny8hqUS4/kjs9v7JOuOw7TRop/4QJ
IAv/LEXH9B+hQ96zdLGMCcHI2crWF8l0yZ/DtgkpdlcyS7dNbjLtedtmgrOMSQub
LE02tqoSUR491mQbRuXD49+kJsHXZH8I1YZqOShzPZ7+ksvnBd64txhef8OBlCzE
elT60nOC3Jm8k3i0HwPcCYfDrh6+MJfC2dvfgktAcyu8rm1Q/ZelxaaXok17wUKg
D8nDrVCOfTND1RCGcqJ3YVjYDhBrMdK+5NSuC5KOJUpVZbKgTOilnOM7B/Os8HJC
fxLkDyGV/oQ=
     	                  </ds:X509Certificate>
          </ds:X509Data>
        </ds:KeyInfo>
      </KeyDescriptor>
      <SingleLogoutService Binding="urn:oasis:names:tc:SAML:2.0:bindings:HTTP-Redirect" Location="https://wayf.surfnet.nl/federate/saml20"/>
      <NameIDFormat>urn:oasis:names:tc:SAML:2.0:nameid-format:persistent</NameIDFormat>
      <NameIDFormat>urn:oasis:names:tc:SAML:2.0:nameid-format:transient</NameIDFormat>
      <SingleSignOnService Binding="urn:oasis:names:tc:SAML:2.0:bindings:HTTP-Redirect" Location="https://wayf.surfnet.nl/federate/saml20/http%253A%252F%252Fadfs.myhz.nl%252Fadfs%252Fservices%252Ftrust"/>
      <SingleSignOnService Binding="urn:oasis:names:tc:SAML:2.0:bindings:HTTP-POST" Location="https://wayf.surfnet.nl/federate/saml20/http%253A%252F%252Fadfs.myhz.nl%252Fadfs%252Fservices%252Ftrust"/>
    </IDPSSODescriptor>
    <Organization>
      <OrganizationName xml:lang="en">HZ University of Applied Sciences</OrganizationName>
      <OrganizationDisplayName xml:lang="en">HZ University of Applied Sciences</OrganizationDisplayName>
      <OrganizationURL xml:lang="en">http://www.surffederatie.nl</OrganizationURL>
    </Organization>
    <ContactPerson contactType="technical">
      <SurName>AAI Beheer</SurName>
      <EmailAddress>aai-beheer@surfnet.nl</EmailAddress>
    </ContactPerson>
    <ContactPerson contactType="administrative">
      <GivenName>SURFfederatie Beheer</GivenName>
      <EmailAddress>federatie-beheer@surfnet.nl</EmailAddress>
    </ContactPerson>
  </EntityDescriptor>
  <EntityDescriptor xmlns="urn:oasis:names:tc:SAML:2.0:metadata" entityID="http://adfs.iknl.nl/adfs/services/trust">
    <IDPSSODescriptor protocolSupportEnumeration="urn:oasis:names:tc:SAML:2.0:protocol">
      <KeyDescriptor use="signing">
        <ds:KeyInfo xmlns:ds="http://www.w3.org/2000/09/xmldsig#">
          <ds:X509Data>
            <ds:X509Certificate>
MIIEVDCCAzygAwIBAgIJANm7yUGYaeG1MA0GCSqGSIb3DQEBBQUAMHkxCzAJBgNV
BAYTAk5MMRAwDgYDVQQKEwdTVVJGbmV0MREwDwYDVQQLEwhTZXJ2aWNlczEZMBcG
A1UEAxMQRmVkZXJhdGllIEJlaGVlcjEqMCgGCSqGSIb3DQEJARYbZmVkZXJhdGll
LWJlaGVlckBzdXJmbmV0Lm5sMB4XDTA4MDYwNTE1MDgyMVoXDTIzMDYwMjE1MDgy
MVoweTELMAkGA1UEBhMCTkwxEDAOBgNVBAoTB1NVUkZuZXQxETAPBgNVBAsTCFNl
cnZpY2VzMRkwFwYDVQQDExBGZWRlcmF0aWUgQmVoZWVyMSowKAYJKoZIhvcNAQkB
FhtmZWRlcmF0aWUtYmVoZWVyQHN1cmZuZXQubmwwggEiMA0GCSqGSIb3DQEBAQUA
A4IBDwAwggEKAoIBAQC/x+YuMaHyS3xeogfBB6hWrL4Frp+KzOuu4IixfhMHz3xI
G5l7p2aNV8UrEXevOwMWCgMNxjfSLdZBgNhR14GBh2cVGCx9f/wUtB86scmkP3Pr
RLoZWu/EIY6MEbgET3D3tkdGuVejQwwhJTlK2xxWHtEdEL5abjYLveDg6Lb6z9od
ljFevylBMZO+5LwTjpa3+B+07oMZr2sV1yjsG2BEBwTFz4XZzJAabeK9UO836qhN
ptktjffoCNen33tNCjzqci4wzgQef3CNA/Ef0tMKGotdldKC6FtHvXixmVY5RKUK
Iutm8sRwne8XYqrD54BAgXZQ0ZovxFbvGhA77YXxAgMBAAGjgd4wgdswHQYDVR0O
BBYEFJNoYjIYUrDN/h1+9BZYOTk7jQBNMIGrBgNVHSMEgaMwgaCAFJNoYjIYUrDN
/h1+9BZYOTk7jQBNoX2kezB5MQswCQYDVQQGEwJOTDEQMA4GA1UEChMHU1VSRm5l
dDERMA8GA1UECxMIU2VydmljZXMxGTAXBgNVBAMTEEZlZGVyYXRpZSBCZWhlZXIx
KjAoBgkqhkiG9w0BCQEWG2ZlZGVyYXRpZS1iZWhlZXJAc3VyZm5ldC5ubIIJANm7
yUGYaeG1MAwGA1UdEwQFMAMBAf8wDQYJKoZIhvcNAQEFBQADggEBAI4IxrYPwwjJ
D9gO1Vzt8ByeQaRe+V0Mv5Ox9RlcXV33WX8Ny8hqUS4/kjs9v7JOuOw7TRop/4QJ
IAv/LEXH9B+hQ96zdLGMCcHI2crWF8l0yZ/DtgkpdlcyS7dNbjLtedtmgrOMSQub
LE02tqoSUR491mQbRuXD49+kJsHXZH8I1YZqOShzPZ7+ksvnBd64txhef8OBlCzE
elT60nOC3Jm8k3i0HwPcCYfDrh6+MJfC2dvfgktAcyu8rm1Q/ZelxaaXok17wUKg
D8nDrVCOfTND1RCGcqJ3YVjYDhBrMdK+5NSuC5KOJUpVZbKgTOilnOM7B/Os8HJC
fxLkDyGV/oQ=
     	                  </ds:X509Certificate>
          </ds:X509Data>
        </ds:KeyInfo>
      </KeyDescriptor>
      <SingleLogoutService Binding="urn:oasis:names:tc:SAML:2.0:bindings:HTTP-Redirect" Location="https://wayf.surfnet.nl/federate/saml20"/>
      <NameIDFormat>urn:oasis:names:tc:SAML:2.0:nameid-format:persistent</NameIDFormat>
      <NameIDFormat>urn:oasis:names:tc:SAML:2.0:nameid-format:transient</NameIDFormat>
      <SingleSignOnService Binding="urn:oasis:names:tc:SAML:2.0:bindings:HTTP-Redirect" Location="https://wayf.surfnet.nl/federate/saml20/http%253A%252F%252Fadfs.iknl.nl%252Fadfs%252Fservices%252Ftrust"/>
      <SingleSignOnService Binding="urn:oasis:names:tc:SAML:2.0:bindings:HTTP-POST" Location="https://wayf.surfnet.nl/federate/saml20/http%253A%252F%252Fadfs.iknl.nl%252Fadfs%252Fservices%252Ftrust"/>
    </IDPSSODescriptor>
    <Organization>
      <OrganizationName xml:lang="en">Integraal Kankercentrum Nederland</OrganizationName>
      <OrganizationDisplayName xml:lang="en">Integraal Kankercentrum Nederland</OrganizationDisplayName>
      <OrganizationURL xml:lang="en">http://www.surffederatie.nl</OrganizationURL>
    </Organization>
    <ContactPerson contactType="technical">
      <SurName>AAI Beheer</SurName>
      <EmailAddress>aai-beheer@surfnet.nl</EmailAddress>
    </ContactPerson>
    <ContactPerson contactType="administrative">
      <GivenName>SURFfederatie Beheer</GivenName>
      <EmailAddress>federatie-beheer@surfnet.nl</EmailAddress>
    </ContactPerson>
  </EntityDescriptor>
  <EntityDescriptor xmlns="urn:oasis:names:tc:SAML:2.0:metadata" entityID="urn:federation:knaw:iisg">
    <IDPSSODescriptor protocolSupportEnumeration="urn:oasis:names:tc:SAML:2.0:protocol">
      <KeyDescriptor use="signing">
        <ds:KeyInfo xmlns:ds="http://www.w3.org/2000/09/xmldsig#">
          <ds:X509Data>
            <ds:X509Certificate>
MIIEVDCCAzygAwIBAgIJANm7yUGYaeG1MA0GCSqGSIb3DQEBBQUAMHkxCzAJBgNV
BAYTAk5MMRAwDgYDVQQKEwdTVVJGbmV0MREwDwYDVQQLEwhTZXJ2aWNlczEZMBcG
A1UEAxMQRmVkZXJhdGllIEJlaGVlcjEqMCgGCSqGSIb3DQEJARYbZmVkZXJhdGll
LWJlaGVlckBzdXJmbmV0Lm5sMB4XDTA4MDYwNTE1MDgyMVoXDTIzMDYwMjE1MDgy
MVoweTELMAkGA1UEBhMCTkwxEDAOBgNVBAoTB1NVUkZuZXQxETAPBgNVBAsTCFNl
cnZpY2VzMRkwFwYDVQQDExBGZWRlcmF0aWUgQmVoZWVyMSowKAYJKoZIhvcNAQkB
FhtmZWRlcmF0aWUtYmVoZWVyQHN1cmZuZXQubmwwggEiMA0GCSqGSIb3DQEBAQUA
A4IBDwAwggEKAoIBAQC/x+YuMaHyS3xeogfBB6hWrL4Frp+KzOuu4IixfhMHz3xI
G5l7p2aNV8UrEXevOwMWCgMNxjfSLdZBgNhR14GBh2cVGCx9f/wUtB86scmkP3Pr
RLoZWu/EIY6MEbgET3D3tkdGuVejQwwhJTlK2xxWHtEdEL5abjYLveDg6Lb6z9od
ljFevylBMZO+5LwTjpa3+B+07oMZr2sV1yjsG2BEBwTFz4XZzJAabeK9UO836qhN
ptktjffoCNen33tNCjzqci4wzgQef3CNA/Ef0tMKGotdldKC6FtHvXixmVY5RKUK
Iutm8sRwne8XYqrD54BAgXZQ0ZovxFbvGhA77YXxAgMBAAGjgd4wgdswHQYDVR0O
BBYEFJNoYjIYUrDN/h1+9BZYOTk7jQBNMIGrBgNVHSMEgaMwgaCAFJNoYjIYUrDN
/h1+9BZYOTk7jQBNoX2kezB5MQswCQYDVQQGEwJOTDEQMA4GA1UEChMHU1VSRm5l
dDERMA8GA1UECxMIU2VydmljZXMxGTAXBgNVBAMTEEZlZGVyYXRpZSBCZWhlZXIx
KjAoBgkqhkiG9w0BCQEWG2ZlZGVyYXRpZS1iZWhlZXJAc3VyZm5ldC5ubIIJANm7
yUGYaeG1MAwGA1UdEwQFMAMBAf8wDQYJKoZIhvcNAQEFBQADggEBAI4IxrYPwwjJ
D9gO1Vzt8ByeQaRe+V0Mv5Ox9RlcXV33WX8Ny8hqUS4/kjs9v7JOuOw7TRop/4QJ
IAv/LEXH9B+hQ96zdLGMCcHI2crWF8l0yZ/DtgkpdlcyS7dNbjLtedtmgrOMSQub
LE02tqoSUR491mQbRuXD49+kJsHXZH8I1YZqOShzPZ7+ksvnBd64txhef8OBlCzE
elT60nOC3Jm8k3i0HwPcCYfDrh6+MJfC2dvfgktAcyu8rm1Q/ZelxaaXok17wUKg
D8nDrVCOfTND1RCGcqJ3YVjYDhBrMdK+5NSuC5KOJUpVZbKgTOilnOM7B/Os8HJC
fxLkDyGV/oQ=
     	                  </ds:X509Certificate>
          </ds:X509Data>
        </ds:KeyInfo>
      </KeyDescriptor>
      <SingleLogoutService Binding="urn:oasis:names:tc:SAML:2.0:bindings:HTTP-Redirect" Location="https://wayf.surfnet.nl/federate/saml20"/>
      <NameIDFormat>urn:oasis:names:tc:SAML:2.0:nameid-format:persistent</NameIDFormat>
      <NameIDFormat>urn:oasis:names:tc:SAML:2.0:nameid-format:transient</NameIDFormat>
      <SingleSignOnService Binding="urn:oasis:names:tc:SAML:2.0:bindings:HTTP-Redirect" Location="https://wayf.surfnet.nl/federate/saml20/urn%253Afederation%253Aknaw%253Aiisg"/>
      <SingleSignOnService Binding="urn:oasis:names:tc:SAML:2.0:bindings:HTTP-POST" Location="https://wayf.surfnet.nl/federate/saml20/urn%253Afederation%253Aknaw%253Aiisg"/>
    </IDPSSODescriptor>
    <Organization>
      <OrganizationName xml:lang="en">Internationaal Instituut voor Sociale Geschiedenis (KNAW)</OrganizationName>
      <OrganizationDisplayName xml:lang="en">Internationaal Instituut voor Sociale Geschiedenis (KNAW)</OrganizationDisplayName>
      <OrganizationURL xml:lang="en">http://www.surffederatie.nl</OrganizationURL>
    </Organization>
    <ContactPerson contactType="technical">
      <SurName>AAI Beheer</SurName>
      <EmailAddress>aai-beheer@surfnet.nl</EmailAddress>
    </ContactPerson>
    <ContactPerson contactType="administrative">
      <GivenName>SURFfederatie Beheer</GivenName>
      <EmailAddress>federatie-beheer@surfnet.nl</EmailAddress>
    </ContactPerson>
  </EntityDescriptor>
  <EntityDescriptor xmlns="urn:oasis:names:tc:SAML:2.0:metadata" entityID="urn:federation:knaw:icin">
    <IDPSSODescriptor protocolSupportEnumeration="urn:oasis:names:tc:SAML:2.0:protocol">
      <KeyDescriptor use="signing">
        <ds:KeyInfo xmlns:ds="http://www.w3.org/2000/09/xmldsig#">
          <ds:X509Data>
            <ds:X509Certificate>
MIIEVDCCAzygAwIBAgIJANm7yUGYaeG1MA0GCSqGSIb3DQEBBQUAMHkxCzAJBgNV
BAYTAk5MMRAwDgYDVQQKEwdTVVJGbmV0MREwDwYDVQQLEwhTZXJ2aWNlczEZMBcG
A1UEAxMQRmVkZXJhdGllIEJlaGVlcjEqMCgGCSqGSIb3DQEJARYbZmVkZXJhdGll
LWJlaGVlckBzdXJmbmV0Lm5sMB4XDTA4MDYwNTE1MDgyMVoXDTIzMDYwMjE1MDgy
MVoweTELMAkGA1UEBhMCTkwxEDAOBgNVBAoTB1NVUkZuZXQxETAPBgNVBAsTCFNl
cnZpY2VzMRkwFwYDVQQDExBGZWRlcmF0aWUgQmVoZWVyMSowKAYJKoZIhvcNAQkB
FhtmZWRlcmF0aWUtYmVoZWVyQHN1cmZuZXQubmwwggEiMA0GCSqGSIb3DQEBAQUA
A4IBDwAwggEKAoIBAQC/x+YuMaHyS3xeogfBB6hWrL4Frp+KzOuu4IixfhMHz3xI
G5l7p2aNV8UrEXevOwMWCgMNxjfSLdZBgNhR14GBh2cVGCx9f/wUtB86scmkP3Pr
RLoZWu/EIY6MEbgET3D3tkdGuVejQwwhJTlK2xxWHtEdEL5abjYLveDg6Lb6z9od
ljFevylBMZO+5LwTjpa3+B+07oMZr2sV1yjsG2BEBwTFz4XZzJAabeK9UO836qhN
ptktjffoCNen33tNCjzqci4wzgQef3CNA/Ef0tMKGotdldKC6FtHvXixmVY5RKUK
Iutm8sRwne8XYqrD54BAgXZQ0ZovxFbvGhA77YXxAgMBAAGjgd4wgdswHQYDVR0O
BBYEFJNoYjIYUrDN/h1+9BZYOTk7jQBNMIGrBgNVHSMEgaMwgaCAFJNoYjIYUrDN
/h1+9BZYOTk7jQBNoX2kezB5MQswCQYDVQQGEwJOTDEQMA4GA1UEChMHU1VSRm5l
dDERMA8GA1UECxMIU2VydmljZXMxGTAXBgNVBAMTEEZlZGVyYXRpZSBCZWhlZXIx
KjAoBgkqhkiG9w0BCQEWG2ZlZGVyYXRpZS1iZWhlZXJAc3VyZm5ldC5ubIIJANm7
yUGYaeG1MAwGA1UdEwQFMAMBAf8wDQYJKoZIhvcNAQEFBQADggEBAI4IxrYPwwjJ
D9gO1Vzt8ByeQaRe+V0Mv5Ox9RlcXV33WX8Ny8hqUS4/kjs9v7JOuOw7TRop/4QJ
IAv/LEXH9B+hQ96zdLGMCcHI2crWF8l0yZ/DtgkpdlcyS7dNbjLtedtmgrOMSQub
LE02tqoSUR491mQbRuXD49+kJsHXZH8I1YZqOShzPZ7+ksvnBd64txhef8OBlCzE
elT60nOC3Jm8k3i0HwPcCYfDrh6+MJfC2dvfgktAcyu8rm1Q/ZelxaaXok17wUKg
D8nDrVCOfTND1RCGcqJ3YVjYDhBrMdK+5NSuC5KOJUpVZbKgTOilnOM7B/Os8HJC
fxLkDyGV/oQ=
     	                  </ds:X509Certificate>
          </ds:X509Data>
        </ds:KeyInfo>
      </KeyDescriptor>
      <SingleLogoutService Binding="urn:oasis:names:tc:SAML:2.0:bindings:HTTP-Redirect" Location="https://wayf.surfnet.nl/federate/saml20"/>
      <NameIDFormat>urn:oasis:names:tc:SAML:2.0:nameid-format:persistent</NameIDFormat>
      <NameIDFormat>urn:oasis:names:tc:SAML:2.0:nameid-format:transient</NameIDFormat>
      <SingleSignOnService Binding="urn:oasis:names:tc:SAML:2.0:bindings:HTTP-Redirect" Location="https://wayf.surfnet.nl/federate/saml20/urn%253Afederation%253Aknaw%253Aicin"/>
      <SingleSignOnService Binding="urn:oasis:names:tc:SAML:2.0:bindings:HTTP-POST" Location="https://wayf.surfnet.nl/federate/saml20/urn%253Afederation%253Aknaw%253Aicin"/>
    </IDPSSODescriptor>
    <Organization>
      <OrganizationName xml:lang="en">Interuniversitair Cardiologisch Instituut Nederland (KNAW)</OrganizationName>
      <OrganizationDisplayName xml:lang="en">Interuniversitair Cardiologisch Instituut Nederland (KNAW)</OrganizationDisplayName>
      <OrganizationURL xml:lang="en">http://www.surffederatie.nl</OrganizationURL>
    </Organization>
    <ContactPerson contactType="technical">
      <SurName>AAI Beheer</SurName>
      <EmailAddress>aai-beheer@surfnet.nl</EmailAddress>
    </ContactPerson>
    <ContactPerson contactType="administrative">
      <GivenName>SURFfederatie Beheer</GivenName>
      <EmailAddress>federatie-beheer@surfnet.nl</EmailAddress>
    </ContactPerson>
  </EntityDescriptor>
  <EntityDescriptor xmlns="urn:oasis:names:tc:SAML:2.0:metadata" entityID="urn:federation:knmi">
    <IDPSSODescriptor protocolSupportEnumeration="urn:oasis:names:tc:SAML:2.0:protocol">
      <KeyDescriptor use="signing">
        <ds:KeyInfo xmlns:ds="http://www.w3.org/2000/09/xmldsig#">
          <ds:X509Data>
            <ds:X509Certificate>
MIIEVDCCAzygAwIBAgIJANm7yUGYaeG1MA0GCSqGSIb3DQEBBQUAMHkxCzAJBgNV
BAYTAk5MMRAwDgYDVQQKEwdTVVJGbmV0MREwDwYDVQQLEwhTZXJ2aWNlczEZMBcG
A1UEAxMQRmVkZXJhdGllIEJlaGVlcjEqMCgGCSqGSIb3DQEJARYbZmVkZXJhdGll
LWJlaGVlckBzdXJmbmV0Lm5sMB4XDTA4MDYwNTE1MDgyMVoXDTIzMDYwMjE1MDgy
MVoweTELMAkGA1UEBhMCTkwxEDAOBgNVBAoTB1NVUkZuZXQxETAPBgNVBAsTCFNl
cnZpY2VzMRkwFwYDVQQDExBGZWRlcmF0aWUgQmVoZWVyMSowKAYJKoZIhvcNAQkB
FhtmZWRlcmF0aWUtYmVoZWVyQHN1cmZuZXQubmwwggEiMA0GCSqGSIb3DQEBAQUA
A4IBDwAwggEKAoIBAQC/x+YuMaHyS3xeogfBB6hWrL4Frp+KzOuu4IixfhMHz3xI
G5l7p2aNV8UrEXevOwMWCgMNxjfSLdZBgNhR14GBh2cVGCx9f/wUtB86scmkP3Pr
RLoZWu/EIY6MEbgET3D3tkdGuVejQwwhJTlK2xxWHtEdEL5abjYLveDg6Lb6z9od
ljFevylBMZO+5LwTjpa3+B+07oMZr2sV1yjsG2BEBwTFz4XZzJAabeK9UO836qhN
ptktjffoCNen33tNCjzqci4wzgQef3CNA/Ef0tMKGotdldKC6FtHvXixmVY5RKUK
Iutm8sRwne8XYqrD54BAgXZQ0ZovxFbvGhA77YXxAgMBAAGjgd4wgdswHQYDVR0O
BBYEFJNoYjIYUrDN/h1+9BZYOTk7jQBNMIGrBgNVHSMEgaMwgaCAFJNoYjIYUrDN
/h1+9BZYOTk7jQBNoX2kezB5MQswCQYDVQQGEwJOTDEQMA4GA1UEChMHU1VSRm5l
dDERMA8GA1UECxMIU2VydmljZXMxGTAXBgNVBAMTEEZlZGVyYXRpZSBCZWhlZXIx
KjAoBgkqhkiG9w0BCQEWG2ZlZGVyYXRpZS1iZWhlZXJAc3VyZm5ldC5ubIIJANm7
yUGYaeG1MAwGA1UdEwQFMAMBAf8wDQYJKoZIhvcNAQEFBQADggEBAI4IxrYPwwjJ
D9gO1Vzt8ByeQaRe+V0Mv5Ox9RlcXV33WX8Ny8hqUS4/kjs9v7JOuOw7TRop/4QJ
IAv/LEXH9B+hQ96zdLGMCcHI2crWF8l0yZ/DtgkpdlcyS7dNbjLtedtmgrOMSQub
LE02tqoSUR491mQbRuXD49+kJsHXZH8I1YZqOShzPZ7+ksvnBd64txhef8OBlCzE
elT60nOC3Jm8k3i0HwPcCYfDrh6+MJfC2dvfgktAcyu8rm1Q/ZelxaaXok17wUKg
D8nDrVCOfTND1RCGcqJ3YVjYDhBrMdK+5NSuC5KOJUpVZbKgTOilnOM7B/Os8HJC
fxLkDyGV/oQ=
     	                  </ds:X509Certificate>
          </ds:X509Data>
        </ds:KeyInfo>
      </KeyDescriptor>
      <SingleLogoutService Binding="urn:oasis:names:tc:SAML:2.0:bindings:HTTP-Redirect" Location="https://wayf.surfnet.nl/federate/saml20"/>
      <NameIDFormat>urn:oasis:names:tc:SAML:2.0:nameid-format:persistent</NameIDFormat>
      <NameIDFormat>urn:oasis:names:tc:SAML:2.0:nameid-format:transient</NameIDFormat>
      <SingleSignOnService Binding="urn:oasis:names:tc:SAML:2.0:bindings:HTTP-Redirect" Location="https://wayf.surfnet.nl/federate/saml20/urn%253Afederation%253Aknmi"/>
      <SingleSignOnService Binding="urn:oasis:names:tc:SAML:2.0:bindings:HTTP-POST" Location="https://wayf.surfnet.nl/federate/saml20/urn%253Afederation%253Aknmi"/>
    </IDPSSODescriptor>
    <Organization>
      <OrganizationName xml:lang="en">KNMI</OrganizationName>
      <OrganizationDisplayName xml:lang="en">KNMI</OrganizationDisplayName>
      <OrganizationURL xml:lang="en">https://bvwsrffd1.knmi.nl/adfs/ls/</OrganizationURL>
    </Organization>
    <ContactPerson contactType="technical">
      <SurName>AAI Beheer</SurName>
      <EmailAddress>aai-beheer@surfnet.nl</EmailAddress>
    </ContactPerson>
    <ContactPerson contactType="administrative">
      <GivenName>SURFfederatie Beheer</GivenName>
      <EmailAddress>federatie-beheer@surfnet.nl</EmailAddress>
    </ContactPerson>
  </EntityDescriptor>
  <EntityDescriptor xmlns="urn:oasis:names:tc:SAML:2.0:metadata" entityID="http://adfs.nioz.nl/adfs/services/trust">
    <IDPSSODescriptor protocolSupportEnumeration="urn:oasis:names:tc:SAML:2.0:protocol">
      <KeyDescriptor use="signing">
        <ds:KeyInfo xmlns:ds="http://www.w3.org/2000/09/xmldsig#">
          <ds:X509Data>
            <ds:X509Certificate>
MIIEVDCCAzygAwIBAgIJANm7yUGYaeG1MA0GCSqGSIb3DQEBBQUAMHkxCzAJBgNV
BAYTAk5MMRAwDgYDVQQKEwdTVVJGbmV0MREwDwYDVQQLEwhTZXJ2aWNlczEZMBcG
A1UEAxMQRmVkZXJhdGllIEJlaGVlcjEqMCgGCSqGSIb3DQEJARYbZmVkZXJhdGll
LWJlaGVlckBzdXJmbmV0Lm5sMB4XDTA4MDYwNTE1MDgyMVoXDTIzMDYwMjE1MDgy
MVoweTELMAkGA1UEBhMCTkwxEDAOBgNVBAoTB1NVUkZuZXQxETAPBgNVBAsTCFNl
cnZpY2VzMRkwFwYDVQQDExBGZWRlcmF0aWUgQmVoZWVyMSowKAYJKoZIhvcNAQkB
FhtmZWRlcmF0aWUtYmVoZWVyQHN1cmZuZXQubmwwggEiMA0GCSqGSIb3DQEBAQUA
A4IBDwAwggEKAoIBAQC/x+YuMaHyS3xeogfBB6hWrL4Frp+KzOuu4IixfhMHz3xI
G5l7p2aNV8UrEXevOwMWCgMNxjfSLdZBgNhR14GBh2cVGCx9f/wUtB86scmkP3Pr
RLoZWu/EIY6MEbgET3D3tkdGuVejQwwhJTlK2xxWHtEdEL5abjYLveDg6Lb6z9od
ljFevylBMZO+5LwTjpa3+B+07oMZr2sV1yjsG2BEBwTFz4XZzJAabeK9UO836qhN
ptktjffoCNen33tNCjzqci4wzgQef3CNA/Ef0tMKGotdldKC6FtHvXixmVY5RKUK
Iutm8sRwne8XYqrD54BAgXZQ0ZovxFbvGhA77YXxAgMBAAGjgd4wgdswHQYDVR0O
BBYEFJNoYjIYUrDN/h1+9BZYOTk7jQBNMIGrBgNVHSMEgaMwgaCAFJNoYjIYUrDN
/h1+9BZYOTk7jQBNoX2kezB5MQswCQYDVQQGEwJOTDEQMA4GA1UEChMHU1VSRm5l
dDERMA8GA1UECxMIU2VydmljZXMxGTAXBgNVBAMTEEZlZGVyYXRpZSBCZWhlZXIx
KjAoBgkqhkiG9w0BCQEWG2ZlZGVyYXRpZS1iZWhlZXJAc3VyZm5ldC5ubIIJANm7
yUGYaeG1MAwGA1UdEwQFMAMBAf8wDQYJKoZIhvcNAQEFBQADggEBAI4IxrYPwwjJ
D9gO1Vzt8ByeQaRe+V0Mv5Ox9RlcXV33WX8Ny8hqUS4/kjs9v7JOuOw7TRop/4QJ
IAv/LEXH9B+hQ96zdLGMCcHI2crWF8l0yZ/DtgkpdlcyS7dNbjLtedtmgrOMSQub
LE02tqoSUR491mQbRuXD49+kJsHXZH8I1YZqOShzPZ7+ksvnBd64txhef8OBlCzE
elT60nOC3Jm8k3i0HwPcCYfDrh6+MJfC2dvfgktAcyu8rm1Q/ZelxaaXok17wUKg
D8nDrVCOfTND1RCGcqJ3YVjYDhBrMdK+5NSuC5KOJUpVZbKgTOilnOM7B/Os8HJC
fxLkDyGV/oQ=
     	                  </ds:X509Certificate>
          </ds:X509Data>
        </ds:KeyInfo>
      </KeyDescriptor>
      <SingleLogoutService Binding="urn:oasis:names:tc:SAML:2.0:bindings:HTTP-Redirect" Location="https://wayf.surfnet.nl/federate/saml20"/>
      <NameIDFormat>urn:oasis:names:tc:SAML:2.0:nameid-format:persistent</NameIDFormat>
      <NameIDFormat>urn:oasis:names:tc:SAML:2.0:nameid-format:transient</NameIDFormat>
      <SingleSignOnService Binding="urn:oasis:names:tc:SAML:2.0:bindings:HTTP-Redirect" Location="https://wayf.surfnet.nl/federate/saml20/http%253A%252F%252Fadfs.nioz.nl%252Fadfs%252Fservices%252Ftrust"/>
      <SingleSignOnService Binding="urn:oasis:names:tc:SAML:2.0:bindings:HTTP-POST" Location="https://wayf.surfnet.nl/federate/saml20/http%253A%252F%252Fadfs.nioz.nl%252Fadfs%252Fservices%252Ftrust"/>
    </IDPSSODescriptor>
    <Organization>
      <OrganizationName xml:lang="en">Koninklijk Nederlands Instituut voor Onderzoek der Zee (NIOZ)</OrganizationName>
      <OrganizationDisplayName xml:lang="en">Koninklijk Nederlands Instituut voor Onderzoek der Zee (NIOZ)</OrganizationDisplayName>
      <OrganizationURL xml:lang="en">http://www.surffederatie.nl</OrganizationURL>
    </Organization>
    <ContactPerson contactType="technical">
      <SurName>AAI Beheer</SurName>
      <EmailAddress>aai-beheer@surfnet.nl</EmailAddress>
    </ContactPerson>
    <ContactPerson contactType="administrative">
      <GivenName>SURFfederatie Beheer</GivenName>
      <EmailAddress>federatie-beheer@surfnet.nl</EmailAddress>
    </ContactPerson>
  </EntityDescriptor>
  <EntityDescriptor xmlns="urn:oasis:names:tc:SAML:2.0:metadata" entityID="urn:federation:KB:ADFS">
    <IDPSSODescriptor protocolSupportEnumeration="urn:oasis:names:tc:SAML:2.0:protocol">
      <KeyDescriptor use="signing">
        <ds:KeyInfo xmlns:ds="http://www.w3.org/2000/09/xmldsig#">
          <ds:X509Data>
            <ds:X509Certificate>
MIIEVDCCAzygAwIBAgIJANm7yUGYaeG1MA0GCSqGSIb3DQEBBQUAMHkxCzAJBgNV
BAYTAk5MMRAwDgYDVQQKEwdTVVJGbmV0MREwDwYDVQQLEwhTZXJ2aWNlczEZMBcG
A1UEAxMQRmVkZXJhdGllIEJlaGVlcjEqMCgGCSqGSIb3DQEJARYbZmVkZXJhdGll
LWJlaGVlckBzdXJmbmV0Lm5sMB4XDTA4MDYwNTE1MDgyMVoXDTIzMDYwMjE1MDgy
MVoweTELMAkGA1UEBhMCTkwxEDAOBgNVBAoTB1NVUkZuZXQxETAPBgNVBAsTCFNl
cnZpY2VzMRkwFwYDVQQDExBGZWRlcmF0aWUgQmVoZWVyMSowKAYJKoZIhvcNAQkB
FhtmZWRlcmF0aWUtYmVoZWVyQHN1cmZuZXQubmwwggEiMA0GCSqGSIb3DQEBAQUA
A4IBDwAwggEKAoIBAQC/x+YuMaHyS3xeogfBB6hWrL4Frp+KzOuu4IixfhMHz3xI
G5l7p2aNV8UrEXevOwMWCgMNxjfSLdZBgNhR14GBh2cVGCx9f/wUtB86scmkP3Pr
RLoZWu/EIY6MEbgET3D3tkdGuVejQwwhJTlK2xxWHtEdEL5abjYLveDg6Lb6z9od
ljFevylBMZO+5LwTjpa3+B+07oMZr2sV1yjsG2BEBwTFz4XZzJAabeK9UO836qhN
ptktjffoCNen33tNCjzqci4wzgQef3CNA/Ef0tMKGotdldKC6FtHvXixmVY5RKUK
Iutm8sRwne8XYqrD54BAgXZQ0ZovxFbvGhA77YXxAgMBAAGjgd4wgdswHQYDVR0O
BBYEFJNoYjIYUrDN/h1+9BZYOTk7jQBNMIGrBgNVHSMEgaMwgaCAFJNoYjIYUrDN
/h1+9BZYOTk7jQBNoX2kezB5MQswCQYDVQQGEwJOTDEQMA4GA1UEChMHU1VSRm5l
dDERMA8GA1UECxMIU2VydmljZXMxGTAXBgNVBAMTEEZlZGVyYXRpZSBCZWhlZXIx
KjAoBgkqhkiG9w0BCQEWG2ZlZGVyYXRpZS1iZWhlZXJAc3VyZm5ldC5ubIIJANm7
yUGYaeG1MAwGA1UdEwQFMAMBAf8wDQYJKoZIhvcNAQEFBQADggEBAI4IxrYPwwjJ
D9gO1Vzt8ByeQaRe+V0Mv5Ox9RlcXV33WX8Ny8hqUS4/kjs9v7JOuOw7TRop/4QJ
IAv/LEXH9B+hQ96zdLGMCcHI2crWF8l0yZ/DtgkpdlcyS7dNbjLtedtmgrOMSQub
LE02tqoSUR491mQbRuXD49+kJsHXZH8I1YZqOShzPZ7+ksvnBd64txhef8OBlCzE
elT60nOC3Jm8k3i0HwPcCYfDrh6+MJfC2dvfgktAcyu8rm1Q/ZelxaaXok17wUKg
D8nDrVCOfTND1RCGcqJ3YVjYDhBrMdK+5NSuC5KOJUpVZbKgTOilnOM7B/Os8HJC
fxLkDyGV/oQ=
     	                  </ds:X509Certificate>
          </ds:X509Data>
        </ds:KeyInfo>
      </KeyDescriptor>
      <SingleLogoutService Binding="urn:oasis:names:tc:SAML:2.0:bindings:HTTP-Redirect" Location="https://wayf.surfnet.nl/federate/saml20"/>
      <NameIDFormat>urn:oasis:names:tc:SAML:2.0:nameid-format:persistent</NameIDFormat>
      <NameIDFormat>urn:oasis:names:tc:SAML:2.0:nameid-format:transient</NameIDFormat>
      <SingleSignOnService Binding="urn:oasis:names:tc:SAML:2.0:bindings:HTTP-Redirect" Location="https://wayf.surfnet.nl/federate/saml20/urn%253Afederation%253AKB%253AADFS"/>
      <SingleSignOnService Binding="urn:oasis:names:tc:SAML:2.0:bindings:HTTP-POST" Location="https://wayf.surfnet.nl/federate/saml20/urn%253Afederation%253AKB%253AADFS"/>
    </IDPSSODescriptor>
    <Organization>
      <OrganizationName xml:lang="en">Koninklijke Bibliotheek</OrganizationName>
      <OrganizationDisplayName xml:lang="en">Koninklijke Bibliotheek</OrganizationDisplayName>
      <OrganizationURL xml:lang="en">https://adfs.kb.nl/adfs/ls/</OrganizationURL>
    </Organization>
    <ContactPerson contactType="technical">
      <SurName>AAI Beheer</SurName>
      <EmailAddress>aai-beheer@surfnet.nl</EmailAddress>
    </ContactPerson>
    <ContactPerson contactType="administrative">
      <GivenName>SURFfederatie Beheer</GivenName>
      <EmailAddress>federatie-beheer@surfnet.nl</EmailAddress>
    </ContactPerson>
  </EntityDescriptor>
  <EntityDescriptor xmlns="urn:oasis:names:tc:SAML:2.0:metadata" entityID="http://federatie.lumc.nl/adfs/services/trust">
    <IDPSSODescriptor protocolSupportEnumeration="urn:oasis:names:tc:SAML:2.0:protocol">
      <KeyDescriptor use="signing">
        <ds:KeyInfo xmlns:ds="http://www.w3.org/2000/09/xmldsig#">
          <ds:X509Data>
            <ds:X509Certificate>
MIIEVDCCAzygAwIBAgIJANm7yUGYaeG1MA0GCSqGSIb3DQEBBQUAMHkxCzAJBgNV
BAYTAk5MMRAwDgYDVQQKEwdTVVJGbmV0MREwDwYDVQQLEwhTZXJ2aWNlczEZMBcG
A1UEAxMQRmVkZXJhdGllIEJlaGVlcjEqMCgGCSqGSIb3DQEJARYbZmVkZXJhdGll
LWJlaGVlckBzdXJmbmV0Lm5sMB4XDTA4MDYwNTE1MDgyMVoXDTIzMDYwMjE1MDgy
MVoweTELMAkGA1UEBhMCTkwxEDAOBgNVBAoTB1NVUkZuZXQxETAPBgNVBAsTCFNl
cnZpY2VzMRkwFwYDVQQDExBGZWRlcmF0aWUgQmVoZWVyMSowKAYJKoZIhvcNAQkB
FhtmZWRlcmF0aWUtYmVoZWVyQHN1cmZuZXQubmwwggEiMA0GCSqGSIb3DQEBAQUA
A4IBDwAwggEKAoIBAQC/x+YuMaHyS3xeogfBB6hWrL4Frp+KzOuu4IixfhMHz3xI
G5l7p2aNV8UrEXevOwMWCgMNxjfSLdZBgNhR14GBh2cVGCx9f/wUtB86scmkP3Pr
RLoZWu/EIY6MEbgET3D3tkdGuVejQwwhJTlK2xxWHtEdEL5abjYLveDg6Lb6z9od
ljFevylBMZO+5LwTjpa3+B+07oMZr2sV1yjsG2BEBwTFz4XZzJAabeK9UO836qhN
ptktjffoCNen33tNCjzqci4wzgQef3CNA/Ef0tMKGotdldKC6FtHvXixmVY5RKUK
Iutm8sRwne8XYqrD54BAgXZQ0ZovxFbvGhA77YXxAgMBAAGjgd4wgdswHQYDVR0O
BBYEFJNoYjIYUrDN/h1+9BZYOTk7jQBNMIGrBgNVHSMEgaMwgaCAFJNoYjIYUrDN
/h1+9BZYOTk7jQBNoX2kezB5MQswCQYDVQQGEwJOTDEQMA4GA1UEChMHU1VSRm5l
dDERMA8GA1UECxMIU2VydmljZXMxGTAXBgNVBAMTEEZlZGVyYXRpZSBCZWhlZXIx
KjAoBgkqhkiG9w0BCQEWG2ZlZGVyYXRpZS1iZWhlZXJAc3VyZm5ldC5ubIIJANm7
yUGYaeG1MAwGA1UdEwQFMAMBAf8wDQYJKoZIhvcNAQEFBQADggEBAI4IxrYPwwjJ
D9gO1Vzt8ByeQaRe+V0Mv5Ox9RlcXV33WX8Ny8hqUS4/kjs9v7JOuOw7TRop/4QJ
IAv/LEXH9B+hQ96zdLGMCcHI2crWF8l0yZ/DtgkpdlcyS7dNbjLtedtmgrOMSQub
LE02tqoSUR491mQbRuXD49+kJsHXZH8I1YZqOShzPZ7+ksvnBd64txhef8OBlCzE
elT60nOC3Jm8k3i0HwPcCYfDrh6+MJfC2dvfgktAcyu8rm1Q/ZelxaaXok17wUKg
D8nDrVCOfTND1RCGcqJ3YVjYDhBrMdK+5NSuC5KOJUpVZbKgTOilnOM7B/Os8HJC
fxLkDyGV/oQ=
     	                  </ds:X509Certificate>
          </ds:X509Data>
        </ds:KeyInfo>
      </KeyDescriptor>
      <SingleLogoutService Binding="urn:oasis:names:tc:SAML:2.0:bindings:HTTP-Redirect" Location="https://wayf.surfnet.nl/federate/saml20"/>
      <NameIDFormat>urn:oasis:names:tc:SAML:2.0:nameid-format:persistent</NameIDFormat>
      <NameIDFormat>urn:oasis:names:tc:SAML:2.0:nameid-format:transient</NameIDFormat>
      <SingleSignOnService Binding="urn:oasis:names:tc:SAML:2.0:bindings:HTTP-Redirect" Location="https://wayf.surfnet.nl/federate/saml20/http%253A%252F%252Ffederatie.lumc.nl%252Fadfs%252Fservices%252Ftrust"/>
      <SingleSignOnService Binding="urn:oasis:names:tc:SAML:2.0:bindings:HTTP-POST" Location="https://wayf.surfnet.nl/federate/saml20/http%253A%252F%252Ffederatie.lumc.nl%252Fadfs%252Fservices%252Ftrust"/>
    </IDPSSODescriptor>
    <Organization>
      <OrganizationName xml:lang="en">Leids Universitair Medisch Centrum</OrganizationName>
      <OrganizationDisplayName xml:lang="en">Leids Universitair Medisch Centrum</OrganizationDisplayName>
      <OrganizationURL xml:lang="en">http://www.surffederatie.nl</OrganizationURL>
    </Organization>
    <ContactPerson contactType="technical">
      <SurName>AAI Beheer</SurName>
      <EmailAddress>aai-beheer@surfnet.nl</EmailAddress>
    </ContactPerson>
    <ContactPerson contactType="administrative">
      <GivenName>SURFfederatie Beheer</GivenName>
      <EmailAddress>federatie-beheer@surfnet.nl</EmailAddress>
    </ContactPerson>
  </EntityDescriptor>
  <EntityDescriptor xmlns="urn:oasis:names:tc:SAML:2.0:metadata" entityID="urn:federation:unimaas">
    <IDPSSODescriptor protocolSupportEnumeration="urn:oasis:names:tc:SAML:2.0:protocol">
      <KeyDescriptor use="signing">
        <ds:KeyInfo xmlns:ds="http://www.w3.org/2000/09/xmldsig#">
          <ds:X509Data>
            <ds:X509Certificate>
MIIEVDCCAzygAwIBAgIJANm7yUGYaeG1MA0GCSqGSIb3DQEBBQUAMHkxCzAJBgNV
BAYTAk5MMRAwDgYDVQQKEwdTVVJGbmV0MREwDwYDVQQLEwhTZXJ2aWNlczEZMBcG
A1UEAxMQRmVkZXJhdGllIEJlaGVlcjEqMCgGCSqGSIb3DQEJARYbZmVkZXJhdGll
LWJlaGVlckBzdXJmbmV0Lm5sMB4XDTA4MDYwNTE1MDgyMVoXDTIzMDYwMjE1MDgy
MVoweTELMAkGA1UEBhMCTkwxEDAOBgNVBAoTB1NVUkZuZXQxETAPBgNVBAsTCFNl
cnZpY2VzMRkwFwYDVQQDExBGZWRlcmF0aWUgQmVoZWVyMSowKAYJKoZIhvcNAQkB
FhtmZWRlcmF0aWUtYmVoZWVyQHN1cmZuZXQubmwwggEiMA0GCSqGSIb3DQEBAQUA
A4IBDwAwggEKAoIBAQC/x+YuMaHyS3xeogfBB6hWrL4Frp+KzOuu4IixfhMHz3xI
G5l7p2aNV8UrEXevOwMWCgMNxjfSLdZBgNhR14GBh2cVGCx9f/wUtB86scmkP3Pr
RLoZWu/EIY6MEbgET3D3tkdGuVejQwwhJTlK2xxWHtEdEL5abjYLveDg6Lb6z9od
ljFevylBMZO+5LwTjpa3+B+07oMZr2sV1yjsG2BEBwTFz4XZzJAabeK9UO836qhN
ptktjffoCNen33tNCjzqci4wzgQef3CNA/Ef0tMKGotdldKC6FtHvXixmVY5RKUK
Iutm8sRwne8XYqrD54BAgXZQ0ZovxFbvGhA77YXxAgMBAAGjgd4wgdswHQYDVR0O
BBYEFJNoYjIYUrDN/h1+9BZYOTk7jQBNMIGrBgNVHSMEgaMwgaCAFJNoYjIYUrDN
/h1+9BZYOTk7jQBNoX2kezB5MQswCQYDVQQGEwJOTDEQMA4GA1UEChMHU1VSRm5l
dDERMA8GA1UECxMIU2VydmljZXMxGTAXBgNVBAMTEEZlZGVyYXRpZSBCZWhlZXIx
KjAoBgkqhkiG9w0BCQEWG2ZlZGVyYXRpZS1iZWhlZXJAc3VyZm5ldC5ubIIJANm7
yUGYaeG1MAwGA1UdEwQFMAMBAf8wDQYJKoZIhvcNAQEFBQADggEBAI4IxrYPwwjJ
D9gO1Vzt8ByeQaRe+V0Mv5Ox9RlcXV33WX8Ny8hqUS4/kjs9v7JOuOw7TRop/4QJ
IAv/LEXH9B+hQ96zdLGMCcHI2crWF8l0yZ/DtgkpdlcyS7dNbjLtedtmgrOMSQub
LE02tqoSUR491mQbRuXD49+kJsHXZH8I1YZqOShzPZ7+ksvnBd64txhef8OBlCzE
elT60nOC3Jm8k3i0HwPcCYfDrh6+MJfC2dvfgktAcyu8rm1Q/ZelxaaXok17wUKg
D8nDrVCOfTND1RCGcqJ3YVjYDhBrMdK+5NSuC5KOJUpVZbKgTOilnOM7B/Os8HJC
fxLkDyGV/oQ=
     	                  </ds:X509Certificate>
          </ds:X509Data>
        </ds:KeyInfo>
      </KeyDescriptor>
      <SingleLogoutService Binding="urn:oasis:names:tc:SAML:2.0:bindings:HTTP-Redirect" Location="https://wayf.surfnet.nl/federate/saml20"/>
      <NameIDFormat>urn:oasis:names:tc:SAML:2.0:nameid-format:persistent</NameIDFormat>
      <NameIDFormat>urn:oasis:names:tc:SAML:2.0:nameid-format:transient</NameIDFormat>
      <SingleSignOnService Binding="urn:oasis:names:tc:SAML:2.0:bindings:HTTP-Redirect" Location="https://wayf.surfnet.nl/federate/saml20/urn%253Afederation%253Aunimaas"/>
      <SingleSignOnService Binding="urn:oasis:names:tc:SAML:2.0:bindings:HTTP-POST" Location="https://wayf.surfnet.nl/federate/saml20/urn%253Afederation%253Aunimaas"/>
    </IDPSSODescriptor>
    <Organization>
      <OrganizationName xml:lang="en">Maastricht University</OrganizationName>
      <OrganizationDisplayName xml:lang="en">Maastricht University</OrganizationDisplayName>
      <OrganizationURL xml:lang="en">https://adfs.unimaas.nl/adfs/ls/</OrganizationURL>
    </Organization>
    <ContactPerson contactType="technical">
      <SurName>AAI Beheer</SurName>
      <EmailAddress>aai-beheer@surfnet.nl</EmailAddress>
    </ContactPerson>
    <ContactPerson contactType="administrative">
      <GivenName>SURFfederatie Beheer</GivenName>
      <EmailAddress>federatie-beheer@surfnet.nl</EmailAddress>
    </ContactPerson>
  </EntityDescriptor>
  <EntityDescriptor xmlns="urn:oasis:names:tc:SAML:2.0:metadata" entityID="http://adfs.hsmarnix.nl/adfs/services/trust">
    <IDPSSODescriptor protocolSupportEnumeration="urn:oasis:names:tc:SAML:2.0:protocol">
      <KeyDescriptor use="signing">
        <ds:KeyInfo xmlns:ds="http://www.w3.org/2000/09/xmldsig#">
          <ds:X509Data>
            <ds:X509Certificate>
MIIEVDCCAzygAwIBAgIJANm7yUGYaeG1MA0GCSqGSIb3DQEBBQUAMHkxCzAJBgNV
BAYTAk5MMRAwDgYDVQQKEwdTVVJGbmV0MREwDwYDVQQLEwhTZXJ2aWNlczEZMBcG
A1UEAxMQRmVkZXJhdGllIEJlaGVlcjEqMCgGCSqGSIb3DQEJARYbZmVkZXJhdGll
LWJlaGVlckBzdXJmbmV0Lm5sMB4XDTA4MDYwNTE1MDgyMVoXDTIzMDYwMjE1MDgy
MVoweTELMAkGA1UEBhMCTkwxEDAOBgNVBAoTB1NVUkZuZXQxETAPBgNVBAsTCFNl
cnZpY2VzMRkwFwYDVQQDExBGZWRlcmF0aWUgQmVoZWVyMSowKAYJKoZIhvcNAQkB
FhtmZWRlcmF0aWUtYmVoZWVyQHN1cmZuZXQubmwwggEiMA0GCSqGSIb3DQEBAQUA
A4IBDwAwggEKAoIBAQC/x+YuMaHyS3xeogfBB6hWrL4Frp+KzOuu4IixfhMHz3xI
G5l7p2aNV8UrEXevOwMWCgMNxjfSLdZBgNhR14GBh2cVGCx9f/wUtB86scmkP3Pr
RLoZWu/EIY6MEbgET3D3tkdGuVejQwwhJTlK2xxWHtEdEL5abjYLveDg6Lb6z9od
ljFevylBMZO+5LwTjpa3+B+07oMZr2sV1yjsG2BEBwTFz4XZzJAabeK9UO836qhN
ptktjffoCNen33tNCjzqci4wzgQef3CNA/Ef0tMKGotdldKC6FtHvXixmVY5RKUK
Iutm8sRwne8XYqrD54BAgXZQ0ZovxFbvGhA77YXxAgMBAAGjgd4wgdswHQYDVR0O
BBYEFJNoYjIYUrDN/h1+9BZYOTk7jQBNMIGrBgNVHSMEgaMwgaCAFJNoYjIYUrDN
/h1+9BZYOTk7jQBNoX2kezB5MQswCQYDVQQGEwJOTDEQMA4GA1UEChMHU1VSRm5l
dDERMA8GA1UECxMIU2VydmljZXMxGTAXBgNVBAMTEEZlZGVyYXRpZSBCZWhlZXIx
KjAoBgkqhkiG9w0BCQEWG2ZlZGVyYXRpZS1iZWhlZXJAc3VyZm5ldC5ubIIJANm7
yUGYaeG1MAwGA1UdEwQFMAMBAf8wDQYJKoZIhvcNAQEFBQADggEBAI4IxrYPwwjJ
D9gO1Vzt8ByeQaRe+V0Mv5Ox9RlcXV33WX8Ny8hqUS4/kjs9v7JOuOw7TRop/4QJ
IAv/LEXH9B+hQ96zdLGMCcHI2crWF8l0yZ/DtgkpdlcyS7dNbjLtedtmgrOMSQub
LE02tqoSUR491mQbRuXD49+kJsHXZH8I1YZqOShzPZ7+ksvnBd64txhef8OBlCzE
elT60nOC3Jm8k3i0HwPcCYfDrh6+MJfC2dvfgktAcyu8rm1Q/ZelxaaXok17wUKg
D8nDrVCOfTND1RCGcqJ3YVjYDhBrMdK+5NSuC5KOJUpVZbKgTOilnOM7B/Os8HJC
fxLkDyGV/oQ=
     	                  </ds:X509Certificate>
          </ds:X509Data>
        </ds:KeyInfo>
      </KeyDescriptor>
      <SingleLogoutService Binding="urn:oasis:names:tc:SAML:2.0:bindings:HTTP-Redirect" Location="https://wayf.surfnet.nl/federate/saml20"/>
      <NameIDFormat>urn:oasis:names:tc:SAML:2.0:nameid-format:persistent</NameIDFormat>
      <NameIDFormat>urn:oasis:names:tc:SAML:2.0:nameid-format:transient</NameIDFormat>
      <SingleSignOnService Binding="urn:oasis:names:tc:SAML:2.0:bindings:HTTP-Redirect" Location="https://wayf.surfnet.nl/federate/saml20/http%253A%252F%252Fadfs.hsmarnix.nl%252Fadfs%252Fservices%252Ftrust"/>
      <SingleSignOnService Binding="urn:oasis:names:tc:SAML:2.0:bindings:HTTP-POST" Location="https://wayf.surfnet.nl/federate/saml20/http%253A%252F%252Fadfs.hsmarnix.nl%252Fadfs%252Fservices%252Ftrust"/>
    </IDPSSODescriptor>
    <Organization>
      <OrganizationName xml:lang="en">Marnix Academie</OrganizationName>
      <OrganizationDisplayName xml:lang="en">Marnix Academie</OrganizationDisplayName>
      <OrganizationURL xml:lang="en">http://www.surffederatie.nl</OrganizationURL>
    </Organization>
    <ContactPerson contactType="technical">
      <SurName>AAI Beheer</SurName>
      <EmailAddress>aai-beheer@surfnet.nl</EmailAddress>
    </ContactPerson>
    <ContactPerson contactType="administrative">
      <GivenName>SURFfederatie Beheer</GivenName>
      <EmailAddress>federatie-beheer@surfnet.nl</EmailAddress>
    </ContactPerson>
  </EntityDescriptor>
  <EntityDescriptor xmlns="urn:oasis:names:tc:SAML:2.0:metadata" entityID="https://idp.mpi.nl/idp-surf">
    <IDPSSODescriptor protocolSupportEnumeration="urn:oasis:names:tc:SAML:2.0:protocol">
      <KeyDescriptor use="signing">
        <ds:KeyInfo xmlns:ds="http://www.w3.org/2000/09/xmldsig#">
          <ds:X509Data>
            <ds:X509Certificate>
MIIEVDCCAzygAwIBAgIJANm7yUGYaeG1MA0GCSqGSIb3DQEBBQUAMHkxCzAJBgNV
BAYTAk5MMRAwDgYDVQQKEwdTVVJGbmV0MREwDwYDVQQLEwhTZXJ2aWNlczEZMBcG
A1UEAxMQRmVkZXJhdGllIEJlaGVlcjEqMCgGCSqGSIb3DQEJARYbZmVkZXJhdGll
LWJlaGVlckBzdXJmbmV0Lm5sMB4XDTA4MDYwNTE1MDgyMVoXDTIzMDYwMjE1MDgy
MVoweTELMAkGA1UEBhMCTkwxEDAOBgNVBAoTB1NVUkZuZXQxETAPBgNVBAsTCFNl
cnZpY2VzMRkwFwYDVQQDExBGZWRlcmF0aWUgQmVoZWVyMSowKAYJKoZIhvcNAQkB
FhtmZWRlcmF0aWUtYmVoZWVyQHN1cmZuZXQubmwwggEiMA0GCSqGSIb3DQEBAQUA
A4IBDwAwggEKAoIBAQC/x+YuMaHyS3xeogfBB6hWrL4Frp+KzOuu4IixfhMHz3xI
G5l7p2aNV8UrEXevOwMWCgMNxjfSLdZBgNhR14GBh2cVGCx9f/wUtB86scmkP3Pr
RLoZWu/EIY6MEbgET3D3tkdGuVejQwwhJTlK2xxWHtEdEL5abjYLveDg6Lb6z9od
ljFevylBMZO+5LwTjpa3+B+07oMZr2sV1yjsG2BEBwTFz4XZzJAabeK9UO836qhN
ptktjffoCNen33tNCjzqci4wzgQef3CNA/Ef0tMKGotdldKC6FtHvXixmVY5RKUK
Iutm8sRwne8XYqrD54BAgXZQ0ZovxFbvGhA77YXxAgMBAAGjgd4wgdswHQYDVR0O
BBYEFJNoYjIYUrDN/h1+9BZYOTk7jQBNMIGrBgNVHSMEgaMwgaCAFJNoYjIYUrDN
/h1+9BZYOTk7jQBNoX2kezB5MQswCQYDVQQGEwJOTDEQMA4GA1UEChMHU1VSRm5l
dDERMA8GA1UECxMIU2VydmljZXMxGTAXBgNVBAMTEEZlZGVyYXRpZSBCZWhlZXIx
KjAoBgkqhkiG9w0BCQEWG2ZlZGVyYXRpZS1iZWhlZXJAc3VyZm5ldC5ubIIJANm7
yUGYaeG1MAwGA1UdEwQFMAMBAf8wDQYJKoZIhvcNAQEFBQADggEBAI4IxrYPwwjJ
D9gO1Vzt8ByeQaRe+V0Mv5Ox9RlcXV33WX8Ny8hqUS4/kjs9v7JOuOw7TRop/4QJ
IAv/LEXH9B+hQ96zdLGMCcHI2crWF8l0yZ/DtgkpdlcyS7dNbjLtedtmgrOMSQub
LE02tqoSUR491mQbRuXD49+kJsHXZH8I1YZqOShzPZ7+ksvnBd64txhef8OBlCzE
elT60nOC3Jm8k3i0HwPcCYfDrh6+MJfC2dvfgktAcyu8rm1Q/ZelxaaXok17wUKg
D8nDrVCOfTND1RCGcqJ3YVjYDhBrMdK+5NSuC5KOJUpVZbKgTOilnOM7B/Os8HJC
fxLkDyGV/oQ=
     	                  </ds:X509Certificate>
          </ds:X509Data>
        </ds:KeyInfo>
      </KeyDescriptor>
      <SingleLogoutService Binding="urn:oasis:names:tc:SAML:2.0:bindings:HTTP-Redirect" Location="https://wayf.surfnet.nl/federate/saml20"/>
      <NameIDFormat>urn:oasis:names:tc:SAML:2.0:nameid-format:persistent</NameIDFormat>
      <NameIDFormat>urn:oasis:names:tc:SAML:2.0:nameid-format:transient</NameIDFormat>
      <SingleSignOnService Binding="urn:oasis:names:tc:SAML:2.0:bindings:HTTP-Redirect" Location="https://wayf.surfnet.nl/federate/saml20/https%253A%252F%252Fidp.mpi.nl%252Fidp-surf"/>
      <SingleSignOnService Binding="urn:oasis:names:tc:SAML:2.0:bindings:HTTP-POST" Location="https://wayf.surfnet.nl/federate/saml20/https%253A%252F%252Fidp.mpi.nl%252Fidp-surf"/>
    </IDPSSODescriptor>
    <Organization>
      <OrganizationName xml:lang="en">Max Planck Institute for Psycholinguistics</OrganizationName>
      <OrganizationDisplayName xml:lang="en">Max Planck Institute for Psycholinguistics</OrganizationDisplayName>
      <OrganizationURL xml:lang="en">http://www.surffederatie.nl</OrganizationURL>
    </Organization>
    <ContactPerson contactType="technical">
      <SurName>AAI Beheer</SurName>
      <EmailAddress>aai-beheer@surfnet.nl</EmailAddress>
    </ContactPerson>
    <ContactPerson contactType="administrative">
      <GivenName>SURFfederatie Beheer</GivenName>
      <EmailAddress>federatie-beheer@surfnet.nl</EmailAddress>
    </ContactPerson>
  </EntityDescriptor>
  <EntityDescriptor xmlns="urn:oasis:names:tc:SAML:2.0:metadata" entityID="urn:federation:knaw:meertens">
    <IDPSSODescriptor protocolSupportEnumeration="urn:oasis:names:tc:SAML:2.0:protocol">
      <KeyDescriptor use="signing">
        <ds:KeyInfo xmlns:ds="http://www.w3.org/2000/09/xmldsig#">
          <ds:X509Data>
            <ds:X509Certificate>
MIIEVDCCAzygAwIBAgIJANm7yUGYaeG1MA0GCSqGSIb3DQEBBQUAMHkxCzAJBgNV
BAYTAk5MMRAwDgYDVQQKEwdTVVJGbmV0MREwDwYDVQQLEwhTZXJ2aWNlczEZMBcG
A1UEAxMQRmVkZXJhdGllIEJlaGVlcjEqMCgGCSqGSIb3DQEJARYbZmVkZXJhdGll
LWJlaGVlckBzdXJmbmV0Lm5sMB4XDTA4MDYwNTE1MDgyMVoXDTIzMDYwMjE1MDgy
MVoweTELMAkGA1UEBhMCTkwxEDAOBgNVBAoTB1NVUkZuZXQxETAPBgNVBAsTCFNl
cnZpY2VzMRkwFwYDVQQDExBGZWRlcmF0aWUgQmVoZWVyMSowKAYJKoZIhvcNAQkB
FhtmZWRlcmF0aWUtYmVoZWVyQHN1cmZuZXQubmwwggEiMA0GCSqGSIb3DQEBAQUA
A4IBDwAwggEKAoIBAQC/x+YuMaHyS3xeogfBB6hWrL4Frp+KzOuu4IixfhMHz3xI
G5l7p2aNV8UrEXevOwMWCgMNxjfSLdZBgNhR14GBh2cVGCx9f/wUtB86scmkP3Pr
RLoZWu/EIY6MEbgET3D3tkdGuVejQwwhJTlK2xxWHtEdEL5abjYLveDg6Lb6z9od
ljFevylBMZO+5LwTjpa3+B+07oMZr2sV1yjsG2BEBwTFz4XZzJAabeK9UO836qhN
ptktjffoCNen33tNCjzqci4wzgQef3CNA/Ef0tMKGotdldKC6FtHvXixmVY5RKUK
Iutm8sRwne8XYqrD54BAgXZQ0ZovxFbvGhA77YXxAgMBAAGjgd4wgdswHQYDVR0O
BBYEFJNoYjIYUrDN/h1+9BZYOTk7jQBNMIGrBgNVHSMEgaMwgaCAFJNoYjIYUrDN
/h1+9BZYOTk7jQBNoX2kezB5MQswCQYDVQQGEwJOTDEQMA4GA1UEChMHU1VSRm5l
dDERMA8GA1UECxMIU2VydmljZXMxGTAXBgNVBAMTEEZlZGVyYXRpZSBCZWhlZXIx
KjAoBgkqhkiG9w0BCQEWG2ZlZGVyYXRpZS1iZWhlZXJAc3VyZm5ldC5ubIIJANm7
yUGYaeG1MAwGA1UdEwQFMAMBAf8wDQYJKoZIhvcNAQEFBQADggEBAI4IxrYPwwjJ
D9gO1Vzt8ByeQaRe+V0Mv5Ox9RlcXV33WX8Ny8hqUS4/kjs9v7JOuOw7TRop/4QJ
IAv/LEXH9B+hQ96zdLGMCcHI2crWF8l0yZ/DtgkpdlcyS7dNbjLtedtmgrOMSQub
LE02tqoSUR491mQbRuXD49+kJsHXZH8I1YZqOShzPZ7+ksvnBd64txhef8OBlCzE
elT60nOC3Jm8k3i0HwPcCYfDrh6+MJfC2dvfgktAcyu8rm1Q/ZelxaaXok17wUKg
D8nDrVCOfTND1RCGcqJ3YVjYDhBrMdK+5NSuC5KOJUpVZbKgTOilnOM7B/Os8HJC
fxLkDyGV/oQ=
     	                  </ds:X509Certificate>
          </ds:X509Data>
        </ds:KeyInfo>
      </KeyDescriptor>
      <SingleLogoutService Binding="urn:oasis:names:tc:SAML:2.0:bindings:HTTP-Redirect" Location="https://wayf.surfnet.nl/federate/saml20"/>
      <NameIDFormat>urn:oasis:names:tc:SAML:2.0:nameid-format:persistent</NameIDFormat>
      <NameIDFormat>urn:oasis:names:tc:SAML:2.0:nameid-format:transient</NameIDFormat>
      <SingleSignOnService Binding="urn:oasis:names:tc:SAML:2.0:bindings:HTTP-Redirect" Location="https://wayf.surfnet.nl/federate/saml20/urn%253Afederation%253Aknaw%253Ameertens"/>
      <SingleSignOnService Binding="urn:oasis:names:tc:SAML:2.0:bindings:HTTP-POST" Location="https://wayf.surfnet.nl/federate/saml20/urn%253Afederation%253Aknaw%253Ameertens"/>
    </IDPSSODescriptor>
    <Organization>
      <OrganizationName xml:lang="en">Meertens Instituut (KNAW)</OrganizationName>
      <OrganizationDisplayName xml:lang="en">Meertens Instituut (KNAW)</OrganizationDisplayName>
      <OrganizationURL xml:lang="en">http://www.surffederatie.nl</OrganizationURL>
    </Organization>
    <ContactPerson contactType="technical">
      <SurName>AAI Beheer</SurName>
      <EmailAddress>aai-beheer@surfnet.nl</EmailAddress>
    </ContactPerson>
    <ContactPerson contactType="administrative">
      <GivenName>SURFfederatie Beheer</GivenName>
      <EmailAddress>federatie-beheer@surfnet.nl</EmailAddress>
    </ContactPerson>
  </EntityDescriptor>
  <EntityDescriptor xmlns="urn:oasis:names:tc:SAML:2.0:metadata" entityID="http://adfs.ncoi.com/adfs/services/trust">
    <IDPSSODescriptor protocolSupportEnumeration="urn:oasis:names:tc:SAML:2.0:protocol">
      <KeyDescriptor use="signing">
        <ds:KeyInfo xmlns:ds="http://www.w3.org/2000/09/xmldsig#">
          <ds:X509Data>
            <ds:X509Certificate>
MIIEVDCCAzygAwIBAgIJANm7yUGYaeG1MA0GCSqGSIb3DQEBBQUAMHkxCzAJBgNV
BAYTAk5MMRAwDgYDVQQKEwdTVVJGbmV0MREwDwYDVQQLEwhTZXJ2aWNlczEZMBcG
A1UEAxMQRmVkZXJhdGllIEJlaGVlcjEqMCgGCSqGSIb3DQEJARYbZmVkZXJhdGll
LWJlaGVlckBzdXJmbmV0Lm5sMB4XDTA4MDYwNTE1MDgyMVoXDTIzMDYwMjE1MDgy
MVoweTELMAkGA1UEBhMCTkwxEDAOBgNVBAoTB1NVUkZuZXQxETAPBgNVBAsTCFNl
cnZpY2VzMRkwFwYDVQQDExBGZWRlcmF0aWUgQmVoZWVyMSowKAYJKoZIhvcNAQkB
FhtmZWRlcmF0aWUtYmVoZWVyQHN1cmZuZXQubmwwggEiMA0GCSqGSIb3DQEBAQUA
A4IBDwAwggEKAoIBAQC/x+YuMaHyS3xeogfBB6hWrL4Frp+KzOuu4IixfhMHz3xI
G5l7p2aNV8UrEXevOwMWCgMNxjfSLdZBgNhR14GBh2cVGCx9f/wUtB86scmkP3Pr
RLoZWu/EIY6MEbgET3D3tkdGuVejQwwhJTlK2xxWHtEdEL5abjYLveDg6Lb6z9od
ljFevylBMZO+5LwTjpa3+B+07oMZr2sV1yjsG2BEBwTFz4XZzJAabeK9UO836qhN
ptktjffoCNen33tNCjzqci4wzgQef3CNA/Ef0tMKGotdldKC6FtHvXixmVY5RKUK
Iutm8sRwne8XYqrD54BAgXZQ0ZovxFbvGhA77YXxAgMBAAGjgd4wgdswHQYDVR0O
BBYEFJNoYjIYUrDN/h1+9BZYOTk7jQBNMIGrBgNVHSMEgaMwgaCAFJNoYjIYUrDN
/h1+9BZYOTk7jQBNoX2kezB5MQswCQYDVQQGEwJOTDEQMA4GA1UEChMHU1VSRm5l
dDERMA8GA1UECxMIU2VydmljZXMxGTAXBgNVBAMTEEZlZGVyYXRpZSBCZWhlZXIx
KjAoBgkqhkiG9w0BCQEWG2ZlZGVyYXRpZS1iZWhlZXJAc3VyZm5ldC5ubIIJANm7
yUGYaeG1MAwGA1UdEwQFMAMBAf8wDQYJKoZIhvcNAQEFBQADggEBAI4IxrYPwwjJ
D9gO1Vzt8ByeQaRe+V0Mv5Ox9RlcXV33WX8Ny8hqUS4/kjs9v7JOuOw7TRop/4QJ
IAv/LEXH9B+hQ96zdLGMCcHI2crWF8l0yZ/DtgkpdlcyS7dNbjLtedtmgrOMSQub
LE02tqoSUR491mQbRuXD49+kJsHXZH8I1YZqOShzPZ7+ksvnBd64txhef8OBlCzE
elT60nOC3Jm8k3i0HwPcCYfDrh6+MJfC2dvfgktAcyu8rm1Q/ZelxaaXok17wUKg
D8nDrVCOfTND1RCGcqJ3YVjYDhBrMdK+5NSuC5KOJUpVZbKgTOilnOM7B/Os8HJC
fxLkDyGV/oQ=
     	                  </ds:X509Certificate>
          </ds:X509Data>
        </ds:KeyInfo>
      </KeyDescriptor>
      <SingleLogoutService Binding="urn:oasis:names:tc:SAML:2.0:bindings:HTTP-Redirect" Location="https://wayf.surfnet.nl/federate/saml20"/>
      <NameIDFormat>urn:oasis:names:tc:SAML:2.0:nameid-format:persistent</NameIDFormat>
      <NameIDFormat>urn:oasis:names:tc:SAML:2.0:nameid-format:transient</NameIDFormat>
      <SingleSignOnService Binding="urn:oasis:names:tc:SAML:2.0:bindings:HTTP-Redirect" Location="https://wayf.surfnet.nl/federate/saml20/http%253A%252F%252Fadfs.ncoi.com%252Fadfs%252Fservices%252Ftrust"/>
      <SingleSignOnService Binding="urn:oasis:names:tc:SAML:2.0:bindings:HTTP-POST" Location="https://wayf.surfnet.nl/federate/saml20/http%253A%252F%252Fadfs.ncoi.com%252Fadfs%252Fservices%252Ftrust"/>
    </IDPSSODescriptor>
    <Organization>
      <OrganizationName xml:lang="en">NCOI Opleidingsgroep</OrganizationName>
      <OrganizationDisplayName xml:lang="en">NCOI Opleidingsgroep</OrganizationDisplayName>
      <OrganizationURL xml:lang="en">http://www.surffederatie.nl</OrganizationURL>
    </Organization>
    <ContactPerson contactType="technical">
      <SurName>AAI Beheer</SurName>
      <EmailAddress>aai-beheer@surfnet.nl</EmailAddress>
    </ContactPerson>
    <ContactPerson contactType="administrative">
      <GivenName>SURFfederatie Beheer</GivenName>
      <EmailAddress>federatie-beheer@surfnet.nl</EmailAddress>
    </ContactPerson>
  </EntityDescriptor>
  <EntityDescriptor xmlns="urn:oasis:names:tc:SAML:2.0:metadata" entityID="http://federatie.nivel.nl/adfs/services/trust">
    <IDPSSODescriptor protocolSupportEnumeration="urn:oasis:names:tc:SAML:2.0:protocol">
      <KeyDescriptor use="signing">
        <ds:KeyInfo xmlns:ds="http://www.w3.org/2000/09/xmldsig#">
          <ds:X509Data>
            <ds:X509Certificate>
MIIEVDCCAzygAwIBAgIJANm7yUGYaeG1MA0GCSqGSIb3DQEBBQUAMHkxCzAJBgNV
BAYTAk5MMRAwDgYDVQQKEwdTVVJGbmV0MREwDwYDVQQLEwhTZXJ2aWNlczEZMBcG
A1UEAxMQRmVkZXJhdGllIEJlaGVlcjEqMCgGCSqGSIb3DQEJARYbZmVkZXJhdGll
LWJlaGVlckBzdXJmbmV0Lm5sMB4XDTA4MDYwNTE1MDgyMVoXDTIzMDYwMjE1MDgy
MVoweTELMAkGA1UEBhMCTkwxEDAOBgNVBAoTB1NVUkZuZXQxETAPBgNVBAsTCFNl
cnZpY2VzMRkwFwYDVQQDExBGZWRlcmF0aWUgQmVoZWVyMSowKAYJKoZIhvcNAQkB
FhtmZWRlcmF0aWUtYmVoZWVyQHN1cmZuZXQubmwwggEiMA0GCSqGSIb3DQEBAQUA
A4IBDwAwggEKAoIBAQC/x+YuMaHyS3xeogfBB6hWrL4Frp+KzOuu4IixfhMHz3xI
G5l7p2aNV8UrEXevOwMWCgMNxjfSLdZBgNhR14GBh2cVGCx9f/wUtB86scmkP3Pr
RLoZWu/EIY6MEbgET3D3tkdGuVejQwwhJTlK2xxWHtEdEL5abjYLveDg6Lb6z9od
ljFevylBMZO+5LwTjpa3+B+07oMZr2sV1yjsG2BEBwTFz4XZzJAabeK9UO836qhN
ptktjffoCNen33tNCjzqci4wzgQef3CNA/Ef0tMKGotdldKC6FtHvXixmVY5RKUK
Iutm8sRwne8XYqrD54BAgXZQ0ZovxFbvGhA77YXxAgMBAAGjgd4wgdswHQYDVR0O
BBYEFJNoYjIYUrDN/h1+9BZYOTk7jQBNMIGrBgNVHSMEgaMwgaCAFJNoYjIYUrDN
/h1+9BZYOTk7jQBNoX2kezB5MQswCQYDVQQGEwJOTDEQMA4GA1UEChMHU1VSRm5l
dDERMA8GA1UECxMIU2VydmljZXMxGTAXBgNVBAMTEEZlZGVyYXRpZSBCZWhlZXIx
KjAoBgkqhkiG9w0BCQEWG2ZlZGVyYXRpZS1iZWhlZXJAc3VyZm5ldC5ubIIJANm7
yUGYaeG1MAwGA1UdEwQFMAMBAf8wDQYJKoZIhvcNAQEFBQADggEBAI4IxrYPwwjJ
D9gO1Vzt8ByeQaRe+V0Mv5Ox9RlcXV33WX8Ny8hqUS4/kjs9v7JOuOw7TRop/4QJ
IAv/LEXH9B+hQ96zdLGMCcHI2crWF8l0yZ/DtgkpdlcyS7dNbjLtedtmgrOMSQub
LE02tqoSUR491mQbRuXD49+kJsHXZH8I1YZqOShzPZ7+ksvnBd64txhef8OBlCzE
elT60nOC3Jm8k3i0HwPcCYfDrh6+MJfC2dvfgktAcyu8rm1Q/ZelxaaXok17wUKg
D8nDrVCOfTND1RCGcqJ3YVjYDhBrMdK+5NSuC5KOJUpVZbKgTOilnOM7B/Os8HJC
fxLkDyGV/oQ=
     	                  </ds:X509Certificate>
          </ds:X509Data>
        </ds:KeyInfo>
      </KeyDescriptor>
      <SingleLogoutService Binding="urn:oasis:names:tc:SAML:2.0:bindings:HTTP-Redirect" Location="https://wayf.surfnet.nl/federate/saml20"/>
      <NameIDFormat>urn:oasis:names:tc:SAML:2.0:nameid-format:persistent</NameIDFormat>
      <NameIDFormat>urn:oasis:names:tc:SAML:2.0:nameid-format:transient</NameIDFormat>
      <SingleSignOnService Binding="urn:oasis:names:tc:SAML:2.0:bindings:HTTP-Redirect" Location="https://wayf.surfnet.nl/federate/saml20/http%253A%252F%252Ffederatie.nivel.nl%252Fadfs%252Fservices%252Ftrust"/>
      <SingleSignOnService Binding="urn:oasis:names:tc:SAML:2.0:bindings:HTTP-POST" Location="https://wayf.surfnet.nl/federate/saml20/http%253A%252F%252Ffederatie.nivel.nl%252Fadfs%252Fservices%252Ftrust"/>
    </IDPSSODescriptor>
    <Organization>
      <OrganizationName xml:lang="en">Nederlands instituut voor onderzoek van de gezondheidszorg (NIVEL)</OrganizationName>
      <OrganizationDisplayName xml:lang="en">Nederlands instituut voor onderzoek van de gezondheidszorg (NIVEL)</OrganizationDisplayName>
      <OrganizationURL xml:lang="en">http://www.surffederatie.nl</OrganizationURL>
    </Organization>
    <ContactPerson contactType="technical">
      <SurName>AAI Beheer</SurName>
      <EmailAddress>aai-beheer@surfnet.nl</EmailAddress>
    </ContactPerson>
    <ContactPerson contactType="administrative">
      <GivenName>SURFfederatie Beheer</GivenName>
      <EmailAddress>federatie-beheer@surfnet.nl</EmailAddress>
    </ContactPerson>
  </EntityDescriptor>
  <EntityDescriptor xmlns="urn:oasis:names:tc:SAML:2.0:metadata" entityID="urn:federation:knaw:nidi">
    <IDPSSODescriptor protocolSupportEnumeration="urn:oasis:names:tc:SAML:2.0:protocol">
      <KeyDescriptor use="signing">
        <ds:KeyInfo xmlns:ds="http://www.w3.org/2000/09/xmldsig#">
          <ds:X509Data>
            <ds:X509Certificate>
MIIEVDCCAzygAwIBAgIJANm7yUGYaeG1MA0GCSqGSIb3DQEBBQUAMHkxCzAJBgNV
BAYTAk5MMRAwDgYDVQQKEwdTVVJGbmV0MREwDwYDVQQLEwhTZXJ2aWNlczEZMBcG
A1UEAxMQRmVkZXJhdGllIEJlaGVlcjEqMCgGCSqGSIb3DQEJARYbZmVkZXJhdGll
LWJlaGVlckBzdXJmbmV0Lm5sMB4XDTA4MDYwNTE1MDgyMVoXDTIzMDYwMjE1MDgy
MVoweTELMAkGA1UEBhMCTkwxEDAOBgNVBAoTB1NVUkZuZXQxETAPBgNVBAsTCFNl
cnZpY2VzMRkwFwYDVQQDExBGZWRlcmF0aWUgQmVoZWVyMSowKAYJKoZIhvcNAQkB
FhtmZWRlcmF0aWUtYmVoZWVyQHN1cmZuZXQubmwwggEiMA0GCSqGSIb3DQEBAQUA
A4IBDwAwggEKAoIBAQC/x+YuMaHyS3xeogfBB6hWrL4Frp+KzOuu4IixfhMHz3xI
G5l7p2aNV8UrEXevOwMWCgMNxjfSLdZBgNhR14GBh2cVGCx9f/wUtB86scmkP3Pr
RLoZWu/EIY6MEbgET3D3tkdGuVejQwwhJTlK2xxWHtEdEL5abjYLveDg6Lb6z9od
ljFevylBMZO+5LwTjpa3+B+07oMZr2sV1yjsG2BEBwTFz4XZzJAabeK9UO836qhN
ptktjffoCNen33tNCjzqci4wzgQef3CNA/Ef0tMKGotdldKC6FtHvXixmVY5RKUK
Iutm8sRwne8XYqrD54BAgXZQ0ZovxFbvGhA77YXxAgMBAAGjgd4wgdswHQYDVR0O
BBYEFJNoYjIYUrDN/h1+9BZYOTk7jQBNMIGrBgNVHSMEgaMwgaCAFJNoYjIYUrDN
/h1+9BZYOTk7jQBNoX2kezB5MQswCQYDVQQGEwJOTDEQMA4GA1UEChMHU1VSRm5l
dDERMA8GA1UECxMIU2VydmljZXMxGTAXBgNVBAMTEEZlZGVyYXRpZSBCZWhlZXIx
KjAoBgkqhkiG9w0BCQEWG2ZlZGVyYXRpZS1iZWhlZXJAc3VyZm5ldC5ubIIJANm7
yUGYaeG1MAwGA1UdEwQFMAMBAf8wDQYJKoZIhvcNAQEFBQADggEBAI4IxrYPwwjJ
D9gO1Vzt8ByeQaRe+V0Mv5Ox9RlcXV33WX8Ny8hqUS4/kjs9v7JOuOw7TRop/4QJ
IAv/LEXH9B+hQ96zdLGMCcHI2crWF8l0yZ/DtgkpdlcyS7dNbjLtedtmgrOMSQub
LE02tqoSUR491mQbRuXD49+kJsHXZH8I1YZqOShzPZ7+ksvnBd64txhef8OBlCzE
elT60nOC3Jm8k3i0HwPcCYfDrh6+MJfC2dvfgktAcyu8rm1Q/ZelxaaXok17wUKg
D8nDrVCOfTND1RCGcqJ3YVjYDhBrMdK+5NSuC5KOJUpVZbKgTOilnOM7B/Os8HJC
fxLkDyGV/oQ=
     	                  </ds:X509Certificate>
          </ds:X509Data>
        </ds:KeyInfo>
      </KeyDescriptor>
      <SingleLogoutService Binding="urn:oasis:names:tc:SAML:2.0:bindings:HTTP-Redirect" Location="https://wayf.surfnet.nl/federate/saml20"/>
      <NameIDFormat>urn:oasis:names:tc:SAML:2.0:nameid-format:persistent</NameIDFormat>
      <NameIDFormat>urn:oasis:names:tc:SAML:2.0:nameid-format:transient</NameIDFormat>
      <SingleSignOnService Binding="urn:oasis:names:tc:SAML:2.0:bindings:HTTP-Redirect" Location="https://wayf.surfnet.nl/federate/saml20/urn%253Afederation%253Aknaw%253Anidi"/>
      <SingleSignOnService Binding="urn:oasis:names:tc:SAML:2.0:bindings:HTTP-POST" Location="https://wayf.surfnet.nl/federate/saml20/urn%253Afederation%253Aknaw%253Anidi"/>
    </IDPSSODescriptor>
    <Organization>
      <OrganizationName xml:lang="en">Nederlands Interdisciplinair Demografisch Instituut (KNAW)</OrganizationName>
      <OrganizationDisplayName xml:lang="en">Nederlands Interdisciplinair Demografisch Instituut (KNAW)</OrganizationDisplayName>
      <OrganizationURL xml:lang="en">http://www.surffederatie.nl</OrganizationURL>
    </Organization>
    <ContactPerson contactType="technical">
      <SurName>AAI Beheer</SurName>
      <EmailAddress>aai-beheer@surfnet.nl</EmailAddress>
    </ContactPerson>
    <ContactPerson contactType="administrative">
      <GivenName>SURFfederatie Beheer</GivenName>
      <EmailAddress>federatie-beheer@surfnet.nl</EmailAddress>
    </ContactPerson>
  </EntityDescriptor>
  <EntityDescriptor xmlns="urn:oasis:names:tc:SAML:2.0:metadata" entityID="http://NSAB4050.NLDA.NL/adfs/services/trust">
    <IDPSSODescriptor protocolSupportEnumeration="urn:oasis:names:tc:SAML:2.0:protocol">
      <KeyDescriptor use="signing">
        <ds:KeyInfo xmlns:ds="http://www.w3.org/2000/09/xmldsig#">
          <ds:X509Data>
            <ds:X509Certificate>
MIIEVDCCAzygAwIBAgIJANm7yUGYaeG1MA0GCSqGSIb3DQEBBQUAMHkxCzAJBgNV
BAYTAk5MMRAwDgYDVQQKEwdTVVJGbmV0MREwDwYDVQQLEwhTZXJ2aWNlczEZMBcG
A1UEAxMQRmVkZXJhdGllIEJlaGVlcjEqMCgGCSqGSIb3DQEJARYbZmVkZXJhdGll
LWJlaGVlckBzdXJmbmV0Lm5sMB4XDTA4MDYwNTE1MDgyMVoXDTIzMDYwMjE1MDgy
MVoweTELMAkGA1UEBhMCTkwxEDAOBgNVBAoTB1NVUkZuZXQxETAPBgNVBAsTCFNl
cnZpY2VzMRkwFwYDVQQDExBGZWRlcmF0aWUgQmVoZWVyMSowKAYJKoZIhvcNAQkB
FhtmZWRlcmF0aWUtYmVoZWVyQHN1cmZuZXQubmwwggEiMA0GCSqGSIb3DQEBAQUA
A4IBDwAwggEKAoIBAQC/x+YuMaHyS3xeogfBB6hWrL4Frp+KzOuu4IixfhMHz3xI
G5l7p2aNV8UrEXevOwMWCgMNxjfSLdZBgNhR14GBh2cVGCx9f/wUtB86scmkP3Pr
RLoZWu/EIY6MEbgET3D3tkdGuVejQwwhJTlK2xxWHtEdEL5abjYLveDg6Lb6z9od
ljFevylBMZO+5LwTjpa3+B+07oMZr2sV1yjsG2BEBwTFz4XZzJAabeK9UO836qhN
ptktjffoCNen33tNCjzqci4wzgQef3CNA/Ef0tMKGotdldKC6FtHvXixmVY5RKUK
Iutm8sRwne8XYqrD54BAgXZQ0ZovxFbvGhA77YXxAgMBAAGjgd4wgdswHQYDVR0O
BBYEFJNoYjIYUrDN/h1+9BZYOTk7jQBNMIGrBgNVHSMEgaMwgaCAFJNoYjIYUrDN
/h1+9BZYOTk7jQBNoX2kezB5MQswCQYDVQQGEwJOTDEQMA4GA1UEChMHU1VSRm5l
dDERMA8GA1UECxMIU2VydmljZXMxGTAXBgNVBAMTEEZlZGVyYXRpZSBCZWhlZXIx
KjAoBgkqhkiG9w0BCQEWG2ZlZGVyYXRpZS1iZWhlZXJAc3VyZm5ldC5ubIIJANm7
yUGYaeG1MAwGA1UdEwQFMAMBAf8wDQYJKoZIhvcNAQEFBQADggEBAI4IxrYPwwjJ
D9gO1Vzt8ByeQaRe+V0Mv5Ox9RlcXV33WX8Ny8hqUS4/kjs9v7JOuOw7TRop/4QJ
IAv/LEXH9B+hQ96zdLGMCcHI2crWF8l0yZ/DtgkpdlcyS7dNbjLtedtmgrOMSQub
LE02tqoSUR491mQbRuXD49+kJsHXZH8I1YZqOShzPZ7+ksvnBd64txhef8OBlCzE
elT60nOC3Jm8k3i0HwPcCYfDrh6+MJfC2dvfgktAcyu8rm1Q/ZelxaaXok17wUKg
D8nDrVCOfTND1RCGcqJ3YVjYDhBrMdK+5NSuC5KOJUpVZbKgTOilnOM7B/Os8HJC
fxLkDyGV/oQ=
     	                  </ds:X509Certificate>
          </ds:X509Data>
        </ds:KeyInfo>
      </KeyDescriptor>
      <SingleLogoutService Binding="urn:oasis:names:tc:SAML:2.0:bindings:HTTP-Redirect" Location="https://wayf.surfnet.nl/federate/saml20"/>
      <NameIDFormat>urn:oasis:names:tc:SAML:2.0:nameid-format:persistent</NameIDFormat>
      <NameIDFormat>urn:oasis:names:tc:SAML:2.0:nameid-format:transient</NameIDFormat>
      <SingleSignOnService Binding="urn:oasis:names:tc:SAML:2.0:bindings:HTTP-Redirect" Location="https://wayf.surfnet.nl/federate/saml20/http%253A%252F%252FNSAB4050.NLDA.NL%252Fadfs%252Fservices%252Ftrust"/>
      <SingleSignOnService Binding="urn:oasis:names:tc:SAML:2.0:bindings:HTTP-POST" Location="https://wayf.surfnet.nl/federate/saml20/http%253A%252F%252FNSAB4050.NLDA.NL%252Fadfs%252Fservices%252Ftrust"/>
    </IDPSSODescriptor>
    <Organization>
      <OrganizationName xml:lang="en">Nederlandse Defensie Academie - NLDA</OrganizationName>
      <OrganizationDisplayName xml:lang="en">Nederlandse Defensie Academie - NLDA</OrganizationDisplayName>
      <OrganizationURL xml:lang="en">http://www.surffederatie.nl</OrganizationURL>
    </Organization>
    <ContactPerson contactType="technical">
      <SurName>AAI Beheer</SurName>
      <EmailAddress>aai-beheer@surfnet.nl</EmailAddress>
    </ContactPerson>
    <ContactPerson contactType="administrative">
      <GivenName>SURFfederatie Beheer</GivenName>
      <EmailAddress>federatie-beheer@surfnet.nl</EmailAddress>
    </ContactPerson>
  </EntityDescriptor>
  <EntityDescriptor xmlns="urn:oasis:names:tc:SAML:2.0:metadata" entityID="https://fedlogin.noh-i.nl/fed/idp">
    <IDPSSODescriptor protocolSupportEnumeration="urn:oasis:names:tc:SAML:2.0:protocol">
      <KeyDescriptor use="signing">
        <ds:KeyInfo xmlns:ds="http://www.w3.org/2000/09/xmldsig#">
          <ds:X509Data>
            <ds:X509Certificate>
MIIEVDCCAzygAwIBAgIJANm7yUGYaeG1MA0GCSqGSIb3DQEBBQUAMHkxCzAJBgNV
BAYTAk5MMRAwDgYDVQQKEwdTVVJGbmV0MREwDwYDVQQLEwhTZXJ2aWNlczEZMBcG
A1UEAxMQRmVkZXJhdGllIEJlaGVlcjEqMCgGCSqGSIb3DQEJARYbZmVkZXJhdGll
LWJlaGVlckBzdXJmbmV0Lm5sMB4XDTA4MDYwNTE1MDgyMVoXDTIzMDYwMjE1MDgy
MVoweTELMAkGA1UEBhMCTkwxEDAOBgNVBAoTB1NVUkZuZXQxETAPBgNVBAsTCFNl
cnZpY2VzMRkwFwYDVQQDExBGZWRlcmF0aWUgQmVoZWVyMSowKAYJKoZIhvcNAQkB
FhtmZWRlcmF0aWUtYmVoZWVyQHN1cmZuZXQubmwwggEiMA0GCSqGSIb3DQEBAQUA
A4IBDwAwggEKAoIBAQC/x+YuMaHyS3xeogfBB6hWrL4Frp+KzOuu4IixfhMHz3xI
G5l7p2aNV8UrEXevOwMWCgMNxjfSLdZBgNhR14GBh2cVGCx9f/wUtB86scmkP3Pr
RLoZWu/EIY6MEbgET3D3tkdGuVejQwwhJTlK2xxWHtEdEL5abjYLveDg6Lb6z9od
ljFevylBMZO+5LwTjpa3+B+07oMZr2sV1yjsG2BEBwTFz4XZzJAabeK9UO836qhN
ptktjffoCNen33tNCjzqci4wzgQef3CNA/Ef0tMKGotdldKC6FtHvXixmVY5RKUK
Iutm8sRwne8XYqrD54BAgXZQ0ZovxFbvGhA77YXxAgMBAAGjgd4wgdswHQYDVR0O
BBYEFJNoYjIYUrDN/h1+9BZYOTk7jQBNMIGrBgNVHSMEgaMwgaCAFJNoYjIYUrDN
/h1+9BZYOTk7jQBNoX2kezB5MQswCQYDVQQGEwJOTDEQMA4GA1UEChMHU1VSRm5l
dDERMA8GA1UECxMIU2VydmljZXMxGTAXBgNVBAMTEEZlZGVyYXRpZSBCZWhlZXIx
KjAoBgkqhkiG9w0BCQEWG2ZlZGVyYXRpZS1iZWhlZXJAc3VyZm5ldC5ubIIJANm7
yUGYaeG1MAwGA1UdEwQFMAMBAf8wDQYJKoZIhvcNAQEFBQADggEBAI4IxrYPwwjJ
D9gO1Vzt8ByeQaRe+V0Mv5Ox9RlcXV33WX8Ny8hqUS4/kjs9v7JOuOw7TRop/4QJ
IAv/LEXH9B+hQ96zdLGMCcHI2crWF8l0yZ/DtgkpdlcyS7dNbjLtedtmgrOMSQub
LE02tqoSUR491mQbRuXD49+kJsHXZH8I1YZqOShzPZ7+ksvnBd64txhef8OBlCzE
elT60nOC3Jm8k3i0HwPcCYfDrh6+MJfC2dvfgktAcyu8rm1Q/ZelxaaXok17wUKg
D8nDrVCOfTND1RCGcqJ3YVjYDhBrMdK+5NSuC5KOJUpVZbKgTOilnOM7B/Os8HJC
fxLkDyGV/oQ=
     	                  </ds:X509Certificate>
          </ds:X509Data>
        </ds:KeyInfo>
      </KeyDescriptor>
      <SingleLogoutService Binding="urn:oasis:names:tc:SAML:2.0:bindings:HTTP-Redirect" Location="https://wayf.surfnet.nl/federate/saml20"/>
      <NameIDFormat>urn:oasis:names:tc:SAML:2.0:nameid-format:persistent</NameIDFormat>
      <NameIDFormat>urn:oasis:names:tc:SAML:2.0:nameid-format:transient</NameIDFormat>
      <SingleSignOnService Binding="urn:oasis:names:tc:SAML:2.0:bindings:HTTP-Redirect" Location="https://wayf.surfnet.nl/federate/saml20/https%253A%252F%252Ffedlogin.noh-i.nl%252Ffed%252Fidp"/>
      <SingleSignOnService Binding="urn:oasis:names:tc:SAML:2.0:bindings:HTTP-POST" Location="https://wayf.surfnet.nl/federate/saml20/https%253A%252F%252Ffedlogin.noh-i.nl%252Ffed%252Fidp"/>
    </IDPSSODescriptor>
    <Organization>
      <OrganizationName xml:lang="en">Netwerk Open Hogeschool Informatica</OrganizationName>
      <OrganizationDisplayName xml:lang="en">Netwerk Open Hogeschool Informatica</OrganizationDisplayName>
      <OrganizationURL xml:lang="en">http://www.surffederatie.nl</OrganizationURL>
    </Organization>
    <ContactPerson contactType="technical">
      <SurName>AAI Beheer</SurName>
      <EmailAddress>aai-beheer@surfnet.nl</EmailAddress>
    </ContactPerson>
    <ContactPerson contactType="administrative">
      <GivenName>SURFfederatie Beheer</GivenName>
      <EmailAddress>federatie-beheer@surfnet.nl</EmailAddress>
    </ContactPerson>
  </EntityDescriptor>
  <EntityDescriptor xmlns="urn:oasis:names:tc:SAML:2.0:metadata" entityID="idp.nhl.nl">
    <IDPSSODescriptor protocolSupportEnumeration="urn:oasis:names:tc:SAML:2.0:protocol">
      <KeyDescriptor use="signing">
        <ds:KeyInfo xmlns:ds="http://www.w3.org/2000/09/xmldsig#">
          <ds:X509Data>
            <ds:X509Certificate>
MIIEVDCCAzygAwIBAgIJANm7yUGYaeG1MA0GCSqGSIb3DQEBBQUAMHkxCzAJBgNV
BAYTAk5MMRAwDgYDVQQKEwdTVVJGbmV0MREwDwYDVQQLEwhTZXJ2aWNlczEZMBcG
A1UEAxMQRmVkZXJhdGllIEJlaGVlcjEqMCgGCSqGSIb3DQEJARYbZmVkZXJhdGll
LWJlaGVlckBzdXJmbmV0Lm5sMB4XDTA4MDYwNTE1MDgyMVoXDTIzMDYwMjE1MDgy
MVoweTELMAkGA1UEBhMCTkwxEDAOBgNVBAoTB1NVUkZuZXQxETAPBgNVBAsTCFNl
cnZpY2VzMRkwFwYDVQQDExBGZWRlcmF0aWUgQmVoZWVyMSowKAYJKoZIhvcNAQkB
FhtmZWRlcmF0aWUtYmVoZWVyQHN1cmZuZXQubmwwggEiMA0GCSqGSIb3DQEBAQUA
A4IBDwAwggEKAoIBAQC/x+YuMaHyS3xeogfBB6hWrL4Frp+KzOuu4IixfhMHz3xI
G5l7p2aNV8UrEXevOwMWCgMNxjfSLdZBgNhR14GBh2cVGCx9f/wUtB86scmkP3Pr
RLoZWu/EIY6MEbgET3D3tkdGuVejQwwhJTlK2xxWHtEdEL5abjYLveDg6Lb6z9od
ljFevylBMZO+5LwTjpa3+B+07oMZr2sV1yjsG2BEBwTFz4XZzJAabeK9UO836qhN
ptktjffoCNen33tNCjzqci4wzgQef3CNA/Ef0tMKGotdldKC6FtHvXixmVY5RKUK
Iutm8sRwne8XYqrD54BAgXZQ0ZovxFbvGhA77YXxAgMBAAGjgd4wgdswHQYDVR0O
BBYEFJNoYjIYUrDN/h1+9BZYOTk7jQBNMIGrBgNVHSMEgaMwgaCAFJNoYjIYUrDN
/h1+9BZYOTk7jQBNoX2kezB5MQswCQYDVQQGEwJOTDEQMA4GA1UEChMHU1VSRm5l
dDERMA8GA1UECxMIU2VydmljZXMxGTAXBgNVBAMTEEZlZGVyYXRpZSBCZWhlZXIx
KjAoBgkqhkiG9w0BCQEWG2ZlZGVyYXRpZS1iZWhlZXJAc3VyZm5ldC5ubIIJANm7
yUGYaeG1MAwGA1UdEwQFMAMBAf8wDQYJKoZIhvcNAQEFBQADggEBAI4IxrYPwwjJ
D9gO1Vzt8ByeQaRe+V0Mv5Ox9RlcXV33WX8Ny8hqUS4/kjs9v7JOuOw7TRop/4QJ
IAv/LEXH9B+hQ96zdLGMCcHI2crWF8l0yZ/DtgkpdlcyS7dNbjLtedtmgrOMSQub
LE02tqoSUR491mQbRuXD49+kJsHXZH8I1YZqOShzPZ7+ksvnBd64txhef8OBlCzE
elT60nOC3Jm8k3i0HwPcCYfDrh6+MJfC2dvfgktAcyu8rm1Q/ZelxaaXok17wUKg
D8nDrVCOfTND1RCGcqJ3YVjYDhBrMdK+5NSuC5KOJUpVZbKgTOilnOM7B/Os8HJC
fxLkDyGV/oQ=
     	                  </ds:X509Certificate>
          </ds:X509Data>
        </ds:KeyInfo>
      </KeyDescriptor>
      <SingleLogoutService Binding="urn:oasis:names:tc:SAML:2.0:bindings:HTTP-Redirect" Location="https://wayf.surfnet.nl/federate/saml20"/>
      <NameIDFormat>urn:oasis:names:tc:SAML:2.0:nameid-format:persistent</NameIDFormat>
      <NameIDFormat>urn:oasis:names:tc:SAML:2.0:nameid-format:transient</NameIDFormat>
      <SingleSignOnService Binding="urn:oasis:names:tc:SAML:2.0:bindings:HTTP-Redirect" Location="https://wayf.surfnet.nl/federate/saml20/idp.nhl.nl"/>
      <SingleSignOnService Binding="urn:oasis:names:tc:SAML:2.0:bindings:HTTP-POST" Location="https://wayf.surfnet.nl/federate/saml20/idp.nhl.nl"/>
    </IDPSSODescriptor>
    <Organization>
      <OrganizationName xml:lang="en">NHL Hogeschool</OrganizationName>
      <OrganizationDisplayName xml:lang="en">NHL Hogeschool</OrganizationDisplayName>
      <OrganizationURL xml:lang="en">http://www.surffederatie.nl</OrganizationURL>
    </Organization>
    <ContactPerson contactType="technical">
      <SurName>AAI Beheer</SurName>
      <EmailAddress>aai-beheer@surfnet.nl</EmailAddress>
    </ContactPerson>
    <ContactPerson contactType="administrative">
      <GivenName>SURFfederatie Beheer</GivenName>
      <EmailAddress>federatie-beheer@surfnet.nl</EmailAddress>
    </ContactPerson>
  </EntityDescriptor>
  <EntityDescriptor xmlns="urn:oasis:names:tc:SAML:2.0:metadata" entityID="https://sso.nikhef.nl/sso/saml2/idp/metadata.php">
    <IDPSSODescriptor protocolSupportEnumeration="urn:oasis:names:tc:SAML:2.0:protocol">
      <KeyDescriptor use="signing">
        <ds:KeyInfo xmlns:ds="http://www.w3.org/2000/09/xmldsig#">
          <ds:X509Data>
            <ds:X509Certificate>
MIIEVDCCAzygAwIBAgIJANm7yUGYaeG1MA0GCSqGSIb3DQEBBQUAMHkxCzAJBgNV
BAYTAk5MMRAwDgYDVQQKEwdTVVJGbmV0MREwDwYDVQQLEwhTZXJ2aWNlczEZMBcG
A1UEAxMQRmVkZXJhdGllIEJlaGVlcjEqMCgGCSqGSIb3DQEJARYbZmVkZXJhdGll
LWJlaGVlckBzdXJmbmV0Lm5sMB4XDTA4MDYwNTE1MDgyMVoXDTIzMDYwMjE1MDgy
MVoweTELMAkGA1UEBhMCTkwxEDAOBgNVBAoTB1NVUkZuZXQxETAPBgNVBAsTCFNl
cnZpY2VzMRkwFwYDVQQDExBGZWRlcmF0aWUgQmVoZWVyMSowKAYJKoZIhvcNAQkB
FhtmZWRlcmF0aWUtYmVoZWVyQHN1cmZuZXQubmwwggEiMA0GCSqGSIb3DQEBAQUA
A4IBDwAwggEKAoIBAQC/x+YuMaHyS3xeogfBB6hWrL4Frp+KzOuu4IixfhMHz3xI
G5l7p2aNV8UrEXevOwMWCgMNxjfSLdZBgNhR14GBh2cVGCx9f/wUtB86scmkP3Pr
RLoZWu/EIY6MEbgET3D3tkdGuVejQwwhJTlK2xxWHtEdEL5abjYLveDg6Lb6z9od
ljFevylBMZO+5LwTjpa3+B+07oMZr2sV1yjsG2BEBwTFz4XZzJAabeK9UO836qhN
ptktjffoCNen33tNCjzqci4wzgQef3CNA/Ef0tMKGotdldKC6FtHvXixmVY5RKUK
Iutm8sRwne8XYqrD54BAgXZQ0ZovxFbvGhA77YXxAgMBAAGjgd4wgdswHQYDVR0O
BBYEFJNoYjIYUrDN/h1+9BZYOTk7jQBNMIGrBgNVHSMEgaMwgaCAFJNoYjIYUrDN
/h1+9BZYOTk7jQBNoX2kezB5MQswCQYDVQQGEwJOTDEQMA4GA1UEChMHU1VSRm5l
dDERMA8GA1UECxMIU2VydmljZXMxGTAXBgNVBAMTEEZlZGVyYXRpZSBCZWhlZXIx
KjAoBgkqhkiG9w0BCQEWG2ZlZGVyYXRpZS1iZWhlZXJAc3VyZm5ldC5ubIIJANm7
yUGYaeG1MAwGA1UdEwQFMAMBAf8wDQYJKoZIhvcNAQEFBQADggEBAI4IxrYPwwjJ
D9gO1Vzt8ByeQaRe+V0Mv5Ox9RlcXV33WX8Ny8hqUS4/kjs9v7JOuOw7TRop/4QJ
IAv/LEXH9B+hQ96zdLGMCcHI2crWF8l0yZ/DtgkpdlcyS7dNbjLtedtmgrOMSQub
LE02tqoSUR491mQbRuXD49+kJsHXZH8I1YZqOShzPZ7+ksvnBd64txhef8OBlCzE
elT60nOC3Jm8k3i0HwPcCYfDrh6+MJfC2dvfgktAcyu8rm1Q/ZelxaaXok17wUKg
D8nDrVCOfTND1RCGcqJ3YVjYDhBrMdK+5NSuC5KOJUpVZbKgTOilnOM7B/Os8HJC
fxLkDyGV/oQ=
     	                  </ds:X509Certificate>
          </ds:X509Data>
        </ds:KeyInfo>
      </KeyDescriptor>
      <SingleLogoutService Binding="urn:oasis:names:tc:SAML:2.0:bindings:HTTP-Redirect" Location="https://wayf.surfnet.nl/federate/saml20"/>
      <NameIDFormat>urn:oasis:names:tc:SAML:2.0:nameid-format:persistent</NameIDFormat>
      <NameIDFormat>urn:oasis:names:tc:SAML:2.0:nameid-format:transient</NameIDFormat>
      <SingleSignOnService Binding="urn:oasis:names:tc:SAML:2.0:bindings:HTTP-Redirect" Location="https://wayf.surfnet.nl/federate/saml20/https%253A%252F%252Fsso.nikhef.nl%252Fsso%252Fsaml2%252Fidp%252Fmetadata.php"/>
      <SingleSignOnService Binding="urn:oasis:names:tc:SAML:2.0:bindings:HTTP-POST" Location="https://wayf.surfnet.nl/federate/saml20/https%253A%252F%252Fsso.nikhef.nl%252Fsso%252Fsaml2%252Fidp%252Fmetadata.php"/>
    </IDPSSODescriptor>
    <Organization>
      <OrganizationName xml:lang="en">Nikhef</OrganizationName>
      <OrganizationDisplayName xml:lang="en">Nikhef</OrganizationDisplayName>
      <OrganizationURL xml:lang="en">http://www.surffederatie.nl</OrganizationURL>
    </Organization>
    <ContactPerson contactType="technical">
      <SurName>AAI Beheer</SurName>
      <EmailAddress>aai-beheer@surfnet.nl</EmailAddress>
    </ContactPerson>
    <ContactPerson contactType="administrative">
      <GivenName>SURFfederatie Beheer</GivenName>
      <EmailAddress>federatie-beheer@surfnet.nl</EmailAddress>
    </ContactPerson>
  </EntityDescriptor>
  <EntityDescriptor xmlns="urn:oasis:names:tc:SAML:2.0:metadata" entityID="urn:federation:knaw:niod">
    <IDPSSODescriptor protocolSupportEnumeration="urn:oasis:names:tc:SAML:2.0:protocol">
      <KeyDescriptor use="signing">
        <ds:KeyInfo xmlns:ds="http://www.w3.org/2000/09/xmldsig#">
          <ds:X509Data>
            <ds:X509Certificate>
MIIEVDCCAzygAwIBAgIJANm7yUGYaeG1MA0GCSqGSIb3DQEBBQUAMHkxCzAJBgNV
BAYTAk5MMRAwDgYDVQQKEwdTVVJGbmV0MREwDwYDVQQLEwhTZXJ2aWNlczEZMBcG
A1UEAxMQRmVkZXJhdGllIEJlaGVlcjEqMCgGCSqGSIb3DQEJARYbZmVkZXJhdGll
LWJlaGVlckBzdXJmbmV0Lm5sMB4XDTA4MDYwNTE1MDgyMVoXDTIzMDYwMjE1MDgy
MVoweTELMAkGA1UEBhMCTkwxEDAOBgNVBAoTB1NVUkZuZXQxETAPBgNVBAsTCFNl
cnZpY2VzMRkwFwYDVQQDExBGZWRlcmF0aWUgQmVoZWVyMSowKAYJKoZIhvcNAQkB
FhtmZWRlcmF0aWUtYmVoZWVyQHN1cmZuZXQubmwwggEiMA0GCSqGSIb3DQEBAQUA
A4IBDwAwggEKAoIBAQC/x+YuMaHyS3xeogfBB6hWrL4Frp+KzOuu4IixfhMHz3xI
G5l7p2aNV8UrEXevOwMWCgMNxjfSLdZBgNhR14GBh2cVGCx9f/wUtB86scmkP3Pr
RLoZWu/EIY6MEbgET3D3tkdGuVejQwwhJTlK2xxWHtEdEL5abjYLveDg6Lb6z9od
ljFevylBMZO+5LwTjpa3+B+07oMZr2sV1yjsG2BEBwTFz4XZzJAabeK9UO836qhN
ptktjffoCNen33tNCjzqci4wzgQef3CNA/Ef0tMKGotdldKC6FtHvXixmVY5RKUK
Iutm8sRwne8XYqrD54BAgXZQ0ZovxFbvGhA77YXxAgMBAAGjgd4wgdswHQYDVR0O
BBYEFJNoYjIYUrDN/h1+9BZYOTk7jQBNMIGrBgNVHSMEgaMwgaCAFJNoYjIYUrDN
/h1+9BZYOTk7jQBNoX2kezB5MQswCQYDVQQGEwJOTDEQMA4GA1UEChMHU1VSRm5l
dDERMA8GA1UECxMIU2VydmljZXMxGTAXBgNVBAMTEEZlZGVyYXRpZSBCZWhlZXIx
KjAoBgkqhkiG9w0BCQEWG2ZlZGVyYXRpZS1iZWhlZXJAc3VyZm5ldC5ubIIJANm7
yUGYaeG1MAwGA1UdEwQFMAMBAf8wDQYJKoZIhvcNAQEFBQADggEBAI4IxrYPwwjJ
D9gO1Vzt8ByeQaRe+V0Mv5Ox9RlcXV33WX8Ny8hqUS4/kjs9v7JOuOw7TRop/4QJ
IAv/LEXH9B+hQ96zdLGMCcHI2crWF8l0yZ/DtgkpdlcyS7dNbjLtedtmgrOMSQub
LE02tqoSUR491mQbRuXD49+kJsHXZH8I1YZqOShzPZ7+ksvnBd64txhef8OBlCzE
elT60nOC3Jm8k3i0HwPcCYfDrh6+MJfC2dvfgktAcyu8rm1Q/ZelxaaXok17wUKg
D8nDrVCOfTND1RCGcqJ3YVjYDhBrMdK+5NSuC5KOJUpVZbKgTOilnOM7B/Os8HJC
fxLkDyGV/oQ=
     	                  </ds:X509Certificate>
          </ds:X509Data>
        </ds:KeyInfo>
      </KeyDescriptor>
      <SingleLogoutService Binding="urn:oasis:names:tc:SAML:2.0:bindings:HTTP-Redirect" Location="https://wayf.surfnet.nl/federate/saml20"/>
      <NameIDFormat>urn:oasis:names:tc:SAML:2.0:nameid-format:persistent</NameIDFormat>
      <NameIDFormat>urn:oasis:names:tc:SAML:2.0:nameid-format:transient</NameIDFormat>
      <SingleSignOnService Binding="urn:oasis:names:tc:SAML:2.0:bindings:HTTP-Redirect" Location="https://wayf.surfnet.nl/federate/saml20/urn%253Afederation%253Aknaw%253Aniod"/>
      <SingleSignOnService Binding="urn:oasis:names:tc:SAML:2.0:bindings:HTTP-POST" Location="https://wayf.surfnet.nl/federate/saml20/urn%253Afederation%253Aknaw%253Aniod"/>
    </IDPSSODescriptor>
    <Organization>
      <OrganizationName xml:lang="en">NIOD instituut voor oorlogs-,holocaust- en genocidestudies (KNAW)</OrganizationName>
      <OrganizationDisplayName xml:lang="en">NIOD instituut voor oorlogs-,holocaust- en genocidestudies (KNAW)</OrganizationDisplayName>
      <OrganizationURL xml:lang="en">http://www.surffederatie.nl</OrganizationURL>
    </Organization>
    <ContactPerson contactType="technical">
      <SurName>AAI Beheer</SurName>
      <EmailAddress>aai-beheer@surfnet.nl</EmailAddress>
    </ContactPerson>
    <ContactPerson contactType="administrative">
      <GivenName>SURFfederatie Beheer</GivenName>
      <EmailAddress>federatie-beheer@surfnet.nl</EmailAddress>
    </ContactPerson>
  </EntityDescriptor>
  <EntityDescriptor xmlns="urn:oasis:names:tc:SAML:2.0:metadata" entityID="http://federation.nioo.knaw.nl/adfs/services/trust">
    <IDPSSODescriptor protocolSupportEnumeration="urn:oasis:names:tc:SAML:2.0:protocol">
      <KeyDescriptor use="signing">
        <ds:KeyInfo xmlns:ds="http://www.w3.org/2000/09/xmldsig#">
          <ds:X509Data>
            <ds:X509Certificate>
MIIEVDCCAzygAwIBAgIJANm7yUGYaeG1MA0GCSqGSIb3DQEBBQUAMHkxCzAJBgNV
BAYTAk5MMRAwDgYDVQQKEwdTVVJGbmV0MREwDwYDVQQLEwhTZXJ2aWNlczEZMBcG
A1UEAxMQRmVkZXJhdGllIEJlaGVlcjEqMCgGCSqGSIb3DQEJARYbZmVkZXJhdGll
LWJlaGVlckBzdXJmbmV0Lm5sMB4XDTA4MDYwNTE1MDgyMVoXDTIzMDYwMjE1MDgy
MVoweTELMAkGA1UEBhMCTkwxEDAOBgNVBAoTB1NVUkZuZXQxETAPBgNVBAsTCFNl
cnZpY2VzMRkwFwYDVQQDExBGZWRlcmF0aWUgQmVoZWVyMSowKAYJKoZIhvcNAQkB
FhtmZWRlcmF0aWUtYmVoZWVyQHN1cmZuZXQubmwwggEiMA0GCSqGSIb3DQEBAQUA
A4IBDwAwggEKAoIBAQC/x+YuMaHyS3xeogfBB6hWrL4Frp+KzOuu4IixfhMHz3xI
G5l7p2aNV8UrEXevOwMWCgMNxjfSLdZBgNhR14GBh2cVGCx9f/wUtB86scmkP3Pr
RLoZWu/EIY6MEbgET3D3tkdGuVejQwwhJTlK2xxWHtEdEL5abjYLveDg6Lb6z9od
ljFevylBMZO+5LwTjpa3+B+07oMZr2sV1yjsG2BEBwTFz4XZzJAabeK9UO836qhN
ptktjffoCNen33tNCjzqci4wzgQef3CNA/Ef0tMKGotdldKC6FtHvXixmVY5RKUK
Iutm8sRwne8XYqrD54BAgXZQ0ZovxFbvGhA77YXxAgMBAAGjgd4wgdswHQYDVR0O
BBYEFJNoYjIYUrDN/h1+9BZYOTk7jQBNMIGrBgNVHSMEgaMwgaCAFJNoYjIYUrDN
/h1+9BZYOTk7jQBNoX2kezB5MQswCQYDVQQGEwJOTDEQMA4GA1UEChMHU1VSRm5l
dDERMA8GA1UECxMIU2VydmljZXMxGTAXBgNVBAMTEEZlZGVyYXRpZSBCZWhlZXIx
KjAoBgkqhkiG9w0BCQEWG2ZlZGVyYXRpZS1iZWhlZXJAc3VyZm5ldC5ubIIJANm7
yUGYaeG1MAwGA1UdEwQFMAMBAf8wDQYJKoZIhvcNAQEFBQADggEBAI4IxrYPwwjJ
D9gO1Vzt8ByeQaRe+V0Mv5Ox9RlcXV33WX8Ny8hqUS4/kjs9v7JOuOw7TRop/4QJ
IAv/LEXH9B+hQ96zdLGMCcHI2crWF8l0yZ/DtgkpdlcyS7dNbjLtedtmgrOMSQub
LE02tqoSUR491mQbRuXD49+kJsHXZH8I1YZqOShzPZ7+ksvnBd64txhef8OBlCzE
elT60nOC3Jm8k3i0HwPcCYfDrh6+MJfC2dvfgktAcyu8rm1Q/ZelxaaXok17wUKg
D8nDrVCOfTND1RCGcqJ3YVjYDhBrMdK+5NSuC5KOJUpVZbKgTOilnOM7B/Os8HJC
fxLkDyGV/oQ=
     	                  </ds:X509Certificate>
          </ds:X509Data>
        </ds:KeyInfo>
      </KeyDescriptor>
      <SingleLogoutService Binding="urn:oasis:names:tc:SAML:2.0:bindings:HTTP-Redirect" Location="https://wayf.surfnet.nl/federate/saml20"/>
      <NameIDFormat>urn:oasis:names:tc:SAML:2.0:nameid-format:persistent</NameIDFormat>
      <NameIDFormat>urn:oasis:names:tc:SAML:2.0:nameid-format:transient</NameIDFormat>
      <SingleSignOnService Binding="urn:oasis:names:tc:SAML:2.0:bindings:HTTP-Redirect" Location="https://wayf.surfnet.nl/federate/saml20/http%253A%252F%252Ffederation.nioo.knaw.nl%252Fadfs%252Fservices%252Ftrust"/>
      <SingleSignOnService Binding="urn:oasis:names:tc:SAML:2.0:bindings:HTTP-POST" Location="https://wayf.surfnet.nl/federate/saml20/http%253A%252F%252Ffederation.nioo.knaw.nl%252Fadfs%252Fservices%252Ftrust"/>
    </IDPSSODescriptor>
    <Organization>
      <OrganizationName xml:lang="en">NIOO (KNAW)</OrganizationName>
      <OrganizationDisplayName xml:lang="en">NIOO (KNAW)</OrganizationDisplayName>
      <OrganizationURL xml:lang="en">http://www.surffederatie.nl</OrganizationURL>
    </Organization>
    <ContactPerson contactType="technical">
      <SurName>AAI Beheer</SurName>
      <EmailAddress>aai-beheer@surfnet.nl</EmailAddress>
    </ContactPerson>
    <ContactPerson contactType="administrative">
      <GivenName>SURFfederatie Beheer</GivenName>
      <EmailAddress>federatie-beheer@surfnet.nl</EmailAddress>
    </ContactPerson>
  </EntityDescriptor>
  <EntityDescriptor xmlns="urn:oasis:names:tc:SAML:2.0:metadata" entityID="urn:federation:telematicainstituut">
    <IDPSSODescriptor protocolSupportEnumeration="urn:oasis:names:tc:SAML:2.0:protocol">
      <KeyDescriptor use="signing">
        <ds:KeyInfo xmlns:ds="http://www.w3.org/2000/09/xmldsig#">
          <ds:X509Data>
            <ds:X509Certificate>
MIIEVDCCAzygAwIBAgIJANm7yUGYaeG1MA0GCSqGSIb3DQEBBQUAMHkxCzAJBgNV
BAYTAk5MMRAwDgYDVQQKEwdTVVJGbmV0MREwDwYDVQQLEwhTZXJ2aWNlczEZMBcG
A1UEAxMQRmVkZXJhdGllIEJlaGVlcjEqMCgGCSqGSIb3DQEJARYbZmVkZXJhdGll
LWJlaGVlckBzdXJmbmV0Lm5sMB4XDTA4MDYwNTE1MDgyMVoXDTIzMDYwMjE1MDgy
MVoweTELMAkGA1UEBhMCTkwxEDAOBgNVBAoTB1NVUkZuZXQxETAPBgNVBAsTCFNl
cnZpY2VzMRkwFwYDVQQDExBGZWRlcmF0aWUgQmVoZWVyMSowKAYJKoZIhvcNAQkB
FhtmZWRlcmF0aWUtYmVoZWVyQHN1cmZuZXQubmwwggEiMA0GCSqGSIb3DQEBAQUA
A4IBDwAwggEKAoIBAQC/x+YuMaHyS3xeogfBB6hWrL4Frp+KzOuu4IixfhMHz3xI
G5l7p2aNV8UrEXevOwMWCgMNxjfSLdZBgNhR14GBh2cVGCx9f/wUtB86scmkP3Pr
RLoZWu/EIY6MEbgET3D3tkdGuVejQwwhJTlK2xxWHtEdEL5abjYLveDg6Lb6z9od
ljFevylBMZO+5LwTjpa3+B+07oMZr2sV1yjsG2BEBwTFz4XZzJAabeK9UO836qhN
ptktjffoCNen33tNCjzqci4wzgQef3CNA/Ef0tMKGotdldKC6FtHvXixmVY5RKUK
Iutm8sRwne8XYqrD54BAgXZQ0ZovxFbvGhA77YXxAgMBAAGjgd4wgdswHQYDVR0O
BBYEFJNoYjIYUrDN/h1+9BZYOTk7jQBNMIGrBgNVHSMEgaMwgaCAFJNoYjIYUrDN
/h1+9BZYOTk7jQBNoX2kezB5MQswCQYDVQQGEwJOTDEQMA4GA1UEChMHU1VSRm5l
dDERMA8GA1UECxMIU2VydmljZXMxGTAXBgNVBAMTEEZlZGVyYXRpZSBCZWhlZXIx
KjAoBgkqhkiG9w0BCQEWG2ZlZGVyYXRpZS1iZWhlZXJAc3VyZm5ldC5ubIIJANm7
yUGYaeG1MAwGA1UdEwQFMAMBAf8wDQYJKoZIhvcNAQEFBQADggEBAI4IxrYPwwjJ
D9gO1Vzt8ByeQaRe+V0Mv5Ox9RlcXV33WX8Ny8hqUS4/kjs9v7JOuOw7TRop/4QJ
IAv/LEXH9B+hQ96zdLGMCcHI2crWF8l0yZ/DtgkpdlcyS7dNbjLtedtmgrOMSQub
LE02tqoSUR491mQbRuXD49+kJsHXZH8I1YZqOShzPZ7+ksvnBd64txhef8OBlCzE
elT60nOC3Jm8k3i0HwPcCYfDrh6+MJfC2dvfgktAcyu8rm1Q/ZelxaaXok17wUKg
D8nDrVCOfTND1RCGcqJ3YVjYDhBrMdK+5NSuC5KOJUpVZbKgTOilnOM7B/Os8HJC
fxLkDyGV/oQ=
     	                  </ds:X509Certificate>
          </ds:X509Data>
        </ds:KeyInfo>
      </KeyDescriptor>
      <SingleLogoutService Binding="urn:oasis:names:tc:SAML:2.0:bindings:HTTP-Redirect" Location="https://wayf.surfnet.nl/federate/saml20"/>
      <NameIDFormat>urn:oasis:names:tc:SAML:2.0:nameid-format:persistent</NameIDFormat>
      <NameIDFormat>urn:oasis:names:tc:SAML:2.0:nameid-format:transient</NameIDFormat>
      <SingleSignOnService Binding="urn:oasis:names:tc:SAML:2.0:bindings:HTTP-Redirect" Location="https://wayf.surfnet.nl/federate/saml20/urn%253Afederation%253Atelematicainstituut"/>
      <SingleSignOnService Binding="urn:oasis:names:tc:SAML:2.0:bindings:HTTP-POST" Location="https://wayf.surfnet.nl/federate/saml20/urn%253Afederation%253Atelematicainstituut"/>
    </IDPSSODescriptor>
    <Organization>
      <OrganizationName xml:lang="en">NOVAY</OrganizationName>
      <OrganizationDisplayName xml:lang="en">NOVAY</OrganizationDisplayName>
      <OrganizationURL xml:lang="en">https://adfs.novay.nl/adfs/ls/</OrganizationURL>
    </Organization>
    <ContactPerson contactType="technical">
      <SurName>AAI Beheer</SurName>
      <EmailAddress>aai-beheer@surfnet.nl</EmailAddress>
    </ContactPerson>
    <ContactPerson contactType="administrative">
      <GivenName>SURFfederatie Beheer</GivenName>
      <EmailAddress>federatie-beheer@surfnet.nl</EmailAddress>
    </ContactPerson>
  </EntityDescriptor>
  <EntityDescriptor xmlns="urn:oasis:names:tc:SAML:2.0:metadata" entityID="http://login.nrg.eu/adfs/services/trust">
    <IDPSSODescriptor protocolSupportEnumeration="urn:oasis:names:tc:SAML:2.0:protocol">
      <KeyDescriptor use="signing">
        <ds:KeyInfo xmlns:ds="http://www.w3.org/2000/09/xmldsig#">
          <ds:X509Data>
            <ds:X509Certificate>
MIIEVDCCAzygAwIBAgIJANm7yUGYaeG1MA0GCSqGSIb3DQEBBQUAMHkxCzAJBgNV
BAYTAk5MMRAwDgYDVQQKEwdTVVJGbmV0MREwDwYDVQQLEwhTZXJ2aWNlczEZMBcG
A1UEAxMQRmVkZXJhdGllIEJlaGVlcjEqMCgGCSqGSIb3DQEJARYbZmVkZXJhdGll
LWJlaGVlckBzdXJmbmV0Lm5sMB4XDTA4MDYwNTE1MDgyMVoXDTIzMDYwMjE1MDgy
MVoweTELMAkGA1UEBhMCTkwxEDAOBgNVBAoTB1NVUkZuZXQxETAPBgNVBAsTCFNl
cnZpY2VzMRkwFwYDVQQDExBGZWRlcmF0aWUgQmVoZWVyMSowKAYJKoZIhvcNAQkB
FhtmZWRlcmF0aWUtYmVoZWVyQHN1cmZuZXQubmwwggEiMA0GCSqGSIb3DQEBAQUA
A4IBDwAwggEKAoIBAQC/x+YuMaHyS3xeogfBB6hWrL4Frp+KzOuu4IixfhMHz3xI
G5l7p2aNV8UrEXevOwMWCgMNxjfSLdZBgNhR14GBh2cVGCx9f/wUtB86scmkP3Pr
RLoZWu/EIY6MEbgET3D3tkdGuVejQwwhJTlK2xxWHtEdEL5abjYLveDg6Lb6z9od
ljFevylBMZO+5LwTjpa3+B+07oMZr2sV1yjsG2BEBwTFz4XZzJAabeK9UO836qhN
ptktjffoCNen33tNCjzqci4wzgQef3CNA/Ef0tMKGotdldKC6FtHvXixmVY5RKUK
Iutm8sRwne8XYqrD54BAgXZQ0ZovxFbvGhA77YXxAgMBAAGjgd4wgdswHQYDVR0O
BBYEFJNoYjIYUrDN/h1+9BZYOTk7jQBNMIGrBgNVHSMEgaMwgaCAFJNoYjIYUrDN
/h1+9BZYOTk7jQBNoX2kezB5MQswCQYDVQQGEwJOTDEQMA4GA1UEChMHU1VSRm5l
dDERMA8GA1UECxMIU2VydmljZXMxGTAXBgNVBAMTEEZlZGVyYXRpZSBCZWhlZXIx
KjAoBgkqhkiG9w0BCQEWG2ZlZGVyYXRpZS1iZWhlZXJAc3VyZm5ldC5ubIIJANm7
yUGYaeG1MAwGA1UdEwQFMAMBAf8wDQYJKoZIhvcNAQEFBQADggEBAI4IxrYPwwjJ
D9gO1Vzt8ByeQaRe+V0Mv5Ox9RlcXV33WX8Ny8hqUS4/kjs9v7JOuOw7TRop/4QJ
IAv/LEXH9B+hQ96zdLGMCcHI2crWF8l0yZ/DtgkpdlcyS7dNbjLtedtmgrOMSQub
LE02tqoSUR491mQbRuXD49+kJsHXZH8I1YZqOShzPZ7+ksvnBd64txhef8OBlCzE
elT60nOC3Jm8k3i0HwPcCYfDrh6+MJfC2dvfgktAcyu8rm1Q/ZelxaaXok17wUKg
D8nDrVCOfTND1RCGcqJ3YVjYDhBrMdK+5NSuC5KOJUpVZbKgTOilnOM7B/Os8HJC
fxLkDyGV/oQ=
     	                  </ds:X509Certificate>
          </ds:X509Data>
        </ds:KeyInfo>
      </KeyDescriptor>
      <SingleLogoutService Binding="urn:oasis:names:tc:SAML:2.0:bindings:HTTP-Redirect" Location="https://wayf.surfnet.nl/federate/saml20"/>
      <NameIDFormat>urn:oasis:names:tc:SAML:2.0:nameid-format:persistent</NameIDFormat>
      <NameIDFormat>urn:oasis:names:tc:SAML:2.0:nameid-format:transient</NameIDFormat>
      <SingleSignOnService Binding="urn:oasis:names:tc:SAML:2.0:bindings:HTTP-Redirect" Location="https://wayf.surfnet.nl/federate/saml20/http%253A%252F%252Flogin.nrg.eu%252Fadfs%252Fservices%252Ftrust"/>
      <SingleSignOnService Binding="urn:oasis:names:tc:SAML:2.0:bindings:HTTP-POST" Location="https://wayf.surfnet.nl/federate/saml20/http%253A%252F%252Flogin.nrg.eu%252Fadfs%252Fservices%252Ftrust"/>
    </IDPSSODescriptor>
    <Organization>
      <OrganizationName xml:lang="en">Nuclear Research and Consultancy Group</OrganizationName>
      <OrganizationDisplayName xml:lang="en">Nuclear Research and Consultancy Group</OrganizationDisplayName>
      <OrganizationURL xml:lang="en">http://www.surffederatie.nl</OrganizationURL>
    </Organization>
    <ContactPerson contactType="technical">
      <SurName>AAI Beheer</SurName>
      <EmailAddress>aai-beheer@surfnet.nl</EmailAddress>
    </ContactPerson>
    <ContactPerson contactType="administrative">
      <GivenName>SURFfederatie Beheer</GivenName>
      <EmailAddress>federatie-beheer@surfnet.nl</EmailAddress>
    </ContactPerson>
  </EntityDescriptor>
  <EntityDescriptor xmlns="urn:oasis:names:tc:SAML:2.0:metadata" entityID="http://adfs.nuffic.nl/adfs/services/trust">
    <IDPSSODescriptor protocolSupportEnumeration="urn:oasis:names:tc:SAML:2.0:protocol">
      <KeyDescriptor use="signing">
        <ds:KeyInfo xmlns:ds="http://www.w3.org/2000/09/xmldsig#">
          <ds:X509Data>
            <ds:X509Certificate>
MIIEVDCCAzygAwIBAgIJANm7yUGYaeG1MA0GCSqGSIb3DQEBBQUAMHkxCzAJBgNV
BAYTAk5MMRAwDgYDVQQKEwdTVVJGbmV0MREwDwYDVQQLEwhTZXJ2aWNlczEZMBcG
A1UEAxMQRmVkZXJhdGllIEJlaGVlcjEqMCgGCSqGSIb3DQEJARYbZmVkZXJhdGll
LWJlaGVlckBzdXJmbmV0Lm5sMB4XDTA4MDYwNTE1MDgyMVoXDTIzMDYwMjE1MDgy
MVoweTELMAkGA1UEBhMCTkwxEDAOBgNVBAoTB1NVUkZuZXQxETAPBgNVBAsTCFNl
cnZpY2VzMRkwFwYDVQQDExBGZWRlcmF0aWUgQmVoZWVyMSowKAYJKoZIhvcNAQkB
FhtmZWRlcmF0aWUtYmVoZWVyQHN1cmZuZXQubmwwggEiMA0GCSqGSIb3DQEBAQUA
A4IBDwAwggEKAoIBAQC/x+YuMaHyS3xeogfBB6hWrL4Frp+KzOuu4IixfhMHz3xI
G5l7p2aNV8UrEXevOwMWCgMNxjfSLdZBgNhR14GBh2cVGCx9f/wUtB86scmkP3Pr
RLoZWu/EIY6MEbgET3D3tkdGuVejQwwhJTlK2xxWHtEdEL5abjYLveDg6Lb6z9od
ljFevylBMZO+5LwTjpa3+B+07oMZr2sV1yjsG2BEBwTFz4XZzJAabeK9UO836qhN
ptktjffoCNen33tNCjzqci4wzgQef3CNA/Ef0tMKGotdldKC6FtHvXixmVY5RKUK
Iutm8sRwne8XYqrD54BAgXZQ0ZovxFbvGhA77YXxAgMBAAGjgd4wgdswHQYDVR0O
BBYEFJNoYjIYUrDN/h1+9BZYOTk7jQBNMIGrBgNVHSMEgaMwgaCAFJNoYjIYUrDN
/h1+9BZYOTk7jQBNoX2kezB5MQswCQYDVQQGEwJOTDEQMA4GA1UEChMHU1VSRm5l
dDERMA8GA1UECxMIU2VydmljZXMxGTAXBgNVBAMTEEZlZGVyYXRpZSBCZWhlZXIx
KjAoBgkqhkiG9w0BCQEWG2ZlZGVyYXRpZS1iZWhlZXJAc3VyZm5ldC5ubIIJANm7
yUGYaeG1MAwGA1UdEwQFMAMBAf8wDQYJKoZIhvcNAQEFBQADggEBAI4IxrYPwwjJ
D9gO1Vzt8ByeQaRe+V0Mv5Ox9RlcXV33WX8Ny8hqUS4/kjs9v7JOuOw7TRop/4QJ
IAv/LEXH9B+hQ96zdLGMCcHI2crWF8l0yZ/DtgkpdlcyS7dNbjLtedtmgrOMSQub
LE02tqoSUR491mQbRuXD49+kJsHXZH8I1YZqOShzPZ7+ksvnBd64txhef8OBlCzE
elT60nOC3Jm8k3i0HwPcCYfDrh6+MJfC2dvfgktAcyu8rm1Q/ZelxaaXok17wUKg
D8nDrVCOfTND1RCGcqJ3YVjYDhBrMdK+5NSuC5KOJUpVZbKgTOilnOM7B/Os8HJC
fxLkDyGV/oQ=
     	                  </ds:X509Certificate>
          </ds:X509Data>
        </ds:KeyInfo>
      </KeyDescriptor>
      <SingleLogoutService Binding="urn:oasis:names:tc:SAML:2.0:bindings:HTTP-Redirect" Location="https://wayf.surfnet.nl/federate/saml20"/>
      <NameIDFormat>urn:oasis:names:tc:SAML:2.0:nameid-format:persistent</NameIDFormat>
      <NameIDFormat>urn:oasis:names:tc:SAML:2.0:nameid-format:transient</NameIDFormat>
      <SingleSignOnService Binding="urn:oasis:names:tc:SAML:2.0:bindings:HTTP-Redirect" Location="https://wayf.surfnet.nl/federate/saml20/http%253A%252F%252Fadfs.nuffic.nl%252Fadfs%252Fservices%252Ftrust"/>
      <SingleSignOnService Binding="urn:oasis:names:tc:SAML:2.0:bindings:HTTP-POST" Location="https://wayf.surfnet.nl/federate/saml20/http%253A%252F%252Fadfs.nuffic.nl%252Fadfs%252Fservices%252Ftrust"/>
    </IDPSSODescriptor>
    <Organization>
      <OrganizationName xml:lang="en">Nuffic</OrganizationName>
      <OrganizationDisplayName xml:lang="en">Nuffic</OrganizationDisplayName>
      <OrganizationURL xml:lang="en">http://www.surffederatie.nl</OrganizationURL>
    </Organization>
    <ContactPerson contactType="technical">
      <SurName>AAI Beheer</SurName>
      <EmailAddress>aai-beheer@surfnet.nl</EmailAddress>
    </ContactPerson>
    <ContactPerson contactType="administrative">
      <GivenName>SURFfederatie Beheer</GivenName>
      <EmailAddress>federatie-beheer@surfnet.nl</EmailAddress>
    </ContactPerson>
  </EntityDescriptor>
  <EntityDescriptor xmlns="urn:oasis:names:tc:SAML:2.0:metadata" entityID="http://adfs.nyenrode.nl/adfs/services/trust">
    <IDPSSODescriptor protocolSupportEnumeration="urn:oasis:names:tc:SAML:2.0:protocol">
      <KeyDescriptor use="signing">
        <ds:KeyInfo xmlns:ds="http://www.w3.org/2000/09/xmldsig#">
          <ds:X509Data>
            <ds:X509Certificate>
MIIEVDCCAzygAwIBAgIJANm7yUGYaeG1MA0GCSqGSIb3DQEBBQUAMHkxCzAJBgNV
BAYTAk5MMRAwDgYDVQQKEwdTVVJGbmV0MREwDwYDVQQLEwhTZXJ2aWNlczEZMBcG
A1UEAxMQRmVkZXJhdGllIEJlaGVlcjEqMCgGCSqGSIb3DQEJARYbZmVkZXJhdGll
LWJlaGVlckBzdXJmbmV0Lm5sMB4XDTA4MDYwNTE1MDgyMVoXDTIzMDYwMjE1MDgy
MVoweTELMAkGA1UEBhMCTkwxEDAOBgNVBAoTB1NVUkZuZXQxETAPBgNVBAsTCFNl
cnZpY2VzMRkwFwYDVQQDExBGZWRlcmF0aWUgQmVoZWVyMSowKAYJKoZIhvcNAQkB
FhtmZWRlcmF0aWUtYmVoZWVyQHN1cmZuZXQubmwwggEiMA0GCSqGSIb3DQEBAQUA
A4IBDwAwggEKAoIBAQC/x+YuMaHyS3xeogfBB6hWrL4Frp+KzOuu4IixfhMHz3xI
G5l7p2aNV8UrEXevOwMWCgMNxjfSLdZBgNhR14GBh2cVGCx9f/wUtB86scmkP3Pr
RLoZWu/EIY6MEbgET3D3tkdGuVejQwwhJTlK2xxWHtEdEL5abjYLveDg6Lb6z9od
ljFevylBMZO+5LwTjpa3+B+07oMZr2sV1yjsG2BEBwTFz4XZzJAabeK9UO836qhN
ptktjffoCNen33tNCjzqci4wzgQef3CNA/Ef0tMKGotdldKC6FtHvXixmVY5RKUK
Iutm8sRwne8XYqrD54BAgXZQ0ZovxFbvGhA77YXxAgMBAAGjgd4wgdswHQYDVR0O
BBYEFJNoYjIYUrDN/h1+9BZYOTk7jQBNMIGrBgNVHSMEgaMwgaCAFJNoYjIYUrDN
/h1+9BZYOTk7jQBNoX2kezB5MQswCQYDVQQGEwJOTDEQMA4GA1UEChMHU1VSRm5l
dDERMA8GA1UECxMIU2VydmljZXMxGTAXBgNVBAMTEEZlZGVyYXRpZSBCZWhlZXIx
KjAoBgkqhkiG9w0BCQEWG2ZlZGVyYXRpZS1iZWhlZXJAc3VyZm5ldC5ubIIJANm7
yUGYaeG1MAwGA1UdEwQFMAMBAf8wDQYJKoZIhvcNAQEFBQADggEBAI4IxrYPwwjJ
D9gO1Vzt8ByeQaRe+V0Mv5Ox9RlcXV33WX8Ny8hqUS4/kjs9v7JOuOw7TRop/4QJ
IAv/LEXH9B+hQ96zdLGMCcHI2crWF8l0yZ/DtgkpdlcyS7dNbjLtedtmgrOMSQub
LE02tqoSUR491mQbRuXD49+kJsHXZH8I1YZqOShzPZ7+ksvnBd64txhef8OBlCzE
elT60nOC3Jm8k3i0HwPcCYfDrh6+MJfC2dvfgktAcyu8rm1Q/ZelxaaXok17wUKg
D8nDrVCOfTND1RCGcqJ3YVjYDhBrMdK+5NSuC5KOJUpVZbKgTOilnOM7B/Os8HJC
fxLkDyGV/oQ=
     	                  </ds:X509Certificate>
          </ds:X509Data>
        </ds:KeyInfo>
      </KeyDescriptor>
      <SingleLogoutService Binding="urn:oasis:names:tc:SAML:2.0:bindings:HTTP-Redirect" Location="https://wayf.surfnet.nl/federate/saml20"/>
      <NameIDFormat>urn:oasis:names:tc:SAML:2.0:nameid-format:persistent</NameIDFormat>
      <NameIDFormat>urn:oasis:names:tc:SAML:2.0:nameid-format:transient</NameIDFormat>
      <SingleSignOnService Binding="urn:oasis:names:tc:SAML:2.0:bindings:HTTP-Redirect" Location="https://wayf.surfnet.nl/federate/saml20/http%253A%252F%252Fadfs.nyenrode.nl%252Fadfs%252Fservices%252Ftrust"/>
      <SingleSignOnService Binding="urn:oasis:names:tc:SAML:2.0:bindings:HTTP-POST" Location="https://wayf.surfnet.nl/federate/saml20/http%253A%252F%252Fadfs.nyenrode.nl%252Fadfs%252Fservices%252Ftrust"/>
    </IDPSSODescriptor>
    <Organization>
      <OrganizationName xml:lang="en">Nyenrode Business Universiteit</OrganizationName>
      <OrganizationDisplayName xml:lang="en">Nyenrode Business Universiteit</OrganizationDisplayName>
      <OrganizationURL xml:lang="en">http://www.surffederatie.nl</OrganizationURL>
    </Organization>
    <ContactPerson contactType="technical">
      <SurName>AAI Beheer</SurName>
      <EmailAddress>aai-beheer@surfnet.nl</EmailAddress>
    </ContactPerson>
    <ContactPerson contactType="administrative">
      <GivenName>SURFfederatie Beheer</GivenName>
      <EmailAddress>federatie-beheer@surfnet.nl</EmailAddress>
    </ContactPerson>
  </EntityDescriptor>
  <EntityDescriptor xmlns="urn:oasis:names:tc:SAML:2.0:metadata" entityID="https://fedlogin.ojh.nl/fed/idp">
    <IDPSSODescriptor protocolSupportEnumeration="urn:oasis:names:tc:SAML:2.0:protocol">
      <KeyDescriptor use="signing">
        <ds:KeyInfo xmlns:ds="http://www.w3.org/2000/09/xmldsig#">
          <ds:X509Data>
            <ds:X509Certificate>
MIIEVDCCAzygAwIBAgIJANm7yUGYaeG1MA0GCSqGSIb3DQEBBQUAMHkxCzAJBgNV
BAYTAk5MMRAwDgYDVQQKEwdTVVJGbmV0MREwDwYDVQQLEwhTZXJ2aWNlczEZMBcG
A1UEAxMQRmVkZXJhdGllIEJlaGVlcjEqMCgGCSqGSIb3DQEJARYbZmVkZXJhdGll
LWJlaGVlckBzdXJmbmV0Lm5sMB4XDTA4MDYwNTE1MDgyMVoXDTIzMDYwMjE1MDgy
MVoweTELMAkGA1UEBhMCTkwxEDAOBgNVBAoTB1NVUkZuZXQxETAPBgNVBAsTCFNl
cnZpY2VzMRkwFwYDVQQDExBGZWRlcmF0aWUgQmVoZWVyMSowKAYJKoZIhvcNAQkB
FhtmZWRlcmF0aWUtYmVoZWVyQHN1cmZuZXQubmwwggEiMA0GCSqGSIb3DQEBAQUA
A4IBDwAwggEKAoIBAQC/x+YuMaHyS3xeogfBB6hWrL4Frp+KzOuu4IixfhMHz3xI
G5l7p2aNV8UrEXevOwMWCgMNxjfSLdZBgNhR14GBh2cVGCx9f/wUtB86scmkP3Pr
RLoZWu/EIY6MEbgET3D3tkdGuVejQwwhJTlK2xxWHtEdEL5abjYLveDg6Lb6z9od
ljFevylBMZO+5LwTjpa3+B+07oMZr2sV1yjsG2BEBwTFz4XZzJAabeK9UO836qhN
ptktjffoCNen33tNCjzqci4wzgQef3CNA/Ef0tMKGotdldKC6FtHvXixmVY5RKUK
Iutm8sRwne8XYqrD54BAgXZQ0ZovxFbvGhA77YXxAgMBAAGjgd4wgdswHQYDVR0O
BBYEFJNoYjIYUrDN/h1+9BZYOTk7jQBNMIGrBgNVHSMEgaMwgaCAFJNoYjIYUrDN
/h1+9BZYOTk7jQBNoX2kezB5MQswCQYDVQQGEwJOTDEQMA4GA1UEChMHU1VSRm5l
dDERMA8GA1UECxMIU2VydmljZXMxGTAXBgNVBAMTEEZlZGVyYXRpZSBCZWhlZXIx
KjAoBgkqhkiG9w0BCQEWG2ZlZGVyYXRpZS1iZWhlZXJAc3VyZm5ldC5ubIIJANm7
yUGYaeG1MAwGA1UdEwQFMAMBAf8wDQYJKoZIhvcNAQEFBQADggEBAI4IxrYPwwjJ
D9gO1Vzt8ByeQaRe+V0Mv5Ox9RlcXV33WX8Ny8hqUS4/kjs9v7JOuOw7TRop/4QJ
IAv/LEXH9B+hQ96zdLGMCcHI2crWF8l0yZ/DtgkpdlcyS7dNbjLtedtmgrOMSQub
LE02tqoSUR491mQbRuXD49+kJsHXZH8I1YZqOShzPZ7+ksvnBd64txhef8OBlCzE
elT60nOC3Jm8k3i0HwPcCYfDrh6+MJfC2dvfgktAcyu8rm1Q/ZelxaaXok17wUKg
D8nDrVCOfTND1RCGcqJ3YVjYDhBrMdK+5NSuC5KOJUpVZbKgTOilnOM7B/Os8HJC
fxLkDyGV/oQ=
     	                  </ds:X509Certificate>
          </ds:X509Data>
        </ds:KeyInfo>
      </KeyDescriptor>
      <SingleLogoutService Binding="urn:oasis:names:tc:SAML:2.0:bindings:HTTP-Redirect" Location="https://wayf.surfnet.nl/federate/saml20"/>
      <NameIDFormat>urn:oasis:names:tc:SAML:2.0:nameid-format:persistent</NameIDFormat>
      <NameIDFormat>urn:oasis:names:tc:SAML:2.0:nameid-format:transient</NameIDFormat>
      <SingleSignOnService Binding="urn:oasis:names:tc:SAML:2.0:bindings:HTTP-Redirect" Location="https://wayf.surfnet.nl/federate/saml20/https%253A%252F%252Ffedlogin.ojh.nl%252Ffed%252Fidp"/>
      <SingleSignOnService Binding="urn:oasis:names:tc:SAML:2.0:bindings:HTTP-POST" Location="https://wayf.surfnet.nl/federate/saml20/https%253A%252F%252Ffedlogin.ojh.nl%252Ffed%252Fidp"/>
    </IDPSSODescriptor>
    <Organization>
      <OrganizationName xml:lang="en">Open Juridische Hogeschool</OrganizationName>
      <OrganizationDisplayName xml:lang="en">Open Juridische Hogeschool</OrganizationDisplayName>
      <OrganizationURL xml:lang="en">http://www.surffederatie.nl</OrganizationURL>
    </Organization>
    <ContactPerson contactType="technical">
      <SurName>AAI Beheer</SurName>
      <EmailAddress>aai-beheer@surfnet.nl</EmailAddress>
    </ContactPerson>
    <ContactPerson contactType="administrative">
      <GivenName>SURFfederatie Beheer</GivenName>
      <EmailAddress>federatie-beheer@surfnet.nl</EmailAddress>
    </ContactPerson>
  </EntityDescriptor>
  <EntityDescriptor xmlns="urn:oasis:names:tc:SAML:2.0:metadata" entityID="https://fedlogin.studienet.ou.nl">
    <IDPSSODescriptor protocolSupportEnumeration="urn:oasis:names:tc:SAML:2.0:protocol">
      <KeyDescriptor use="signing">
        <ds:KeyInfo xmlns:ds="http://www.w3.org/2000/09/xmldsig#">
          <ds:X509Data>
            <ds:X509Certificate>
MIIEVDCCAzygAwIBAgIJANm7yUGYaeG1MA0GCSqGSIb3DQEBBQUAMHkxCzAJBgNV
BAYTAk5MMRAwDgYDVQQKEwdTVVJGbmV0MREwDwYDVQQLEwhTZXJ2aWNlczEZMBcG
A1UEAxMQRmVkZXJhdGllIEJlaGVlcjEqMCgGCSqGSIb3DQEJARYbZmVkZXJhdGll
LWJlaGVlckBzdXJmbmV0Lm5sMB4XDTA4MDYwNTE1MDgyMVoXDTIzMDYwMjE1MDgy
MVoweTELMAkGA1UEBhMCTkwxEDAOBgNVBAoTB1NVUkZuZXQxETAPBgNVBAsTCFNl
cnZpY2VzMRkwFwYDVQQDExBGZWRlcmF0aWUgQmVoZWVyMSowKAYJKoZIhvcNAQkB
FhtmZWRlcmF0aWUtYmVoZWVyQHN1cmZuZXQubmwwggEiMA0GCSqGSIb3DQEBAQUA
A4IBDwAwggEKAoIBAQC/x+YuMaHyS3xeogfBB6hWrL4Frp+KzOuu4IixfhMHz3xI
G5l7p2aNV8UrEXevOwMWCgMNxjfSLdZBgNhR14GBh2cVGCx9f/wUtB86scmkP3Pr
RLoZWu/EIY6MEbgET3D3tkdGuVejQwwhJTlK2xxWHtEdEL5abjYLveDg6Lb6z9od
ljFevylBMZO+5LwTjpa3+B+07oMZr2sV1yjsG2BEBwTFz4XZzJAabeK9UO836qhN
ptktjffoCNen33tNCjzqci4wzgQef3CNA/Ef0tMKGotdldKC6FtHvXixmVY5RKUK
Iutm8sRwne8XYqrD54BAgXZQ0ZovxFbvGhA77YXxAgMBAAGjgd4wgdswHQYDVR0O
BBYEFJNoYjIYUrDN/h1+9BZYOTk7jQBNMIGrBgNVHSMEgaMwgaCAFJNoYjIYUrDN
/h1+9BZYOTk7jQBNoX2kezB5MQswCQYDVQQGEwJOTDEQMA4GA1UEChMHU1VSRm5l
dDERMA8GA1UECxMIU2VydmljZXMxGTAXBgNVBAMTEEZlZGVyYXRpZSBCZWhlZXIx
KjAoBgkqhkiG9w0BCQEWG2ZlZGVyYXRpZS1iZWhlZXJAc3VyZm5ldC5ubIIJANm7
yUGYaeG1MAwGA1UdEwQFMAMBAf8wDQYJKoZIhvcNAQEFBQADggEBAI4IxrYPwwjJ
D9gO1Vzt8ByeQaRe+V0Mv5Ox9RlcXV33WX8Ny8hqUS4/kjs9v7JOuOw7TRop/4QJ
IAv/LEXH9B+hQ96zdLGMCcHI2crWF8l0yZ/DtgkpdlcyS7dNbjLtedtmgrOMSQub
LE02tqoSUR491mQbRuXD49+kJsHXZH8I1YZqOShzPZ7+ksvnBd64txhef8OBlCzE
elT60nOC3Jm8k3i0HwPcCYfDrh6+MJfC2dvfgktAcyu8rm1Q/ZelxaaXok17wUKg
D8nDrVCOfTND1RCGcqJ3YVjYDhBrMdK+5NSuC5KOJUpVZbKgTOilnOM7B/Os8HJC
fxLkDyGV/oQ=
     	                  </ds:X509Certificate>
          </ds:X509Data>
        </ds:KeyInfo>
      </KeyDescriptor>
      <SingleLogoutService Binding="urn:oasis:names:tc:SAML:2.0:bindings:HTTP-Redirect" Location="https://wayf.surfnet.nl/federate/saml20"/>
      <NameIDFormat>urn:oasis:names:tc:SAML:2.0:nameid-format:persistent</NameIDFormat>
      <NameIDFormat>urn:oasis:names:tc:SAML:2.0:nameid-format:transient</NameIDFormat>
      <SingleSignOnService Binding="urn:oasis:names:tc:SAML:2.0:bindings:HTTP-Redirect" Location="https://wayf.surfnet.nl/federate/saml20/https%253A%252F%252Ffedlogin.studienet.ou.nl"/>
      <SingleSignOnService Binding="urn:oasis:names:tc:SAML:2.0:bindings:HTTP-POST" Location="https://wayf.surfnet.nl/federate/saml20/https%253A%252F%252Ffedlogin.studienet.ou.nl"/>
    </IDPSSODescriptor>
    <Organization>
      <OrganizationName xml:lang="en">Open Universiteit</OrganizationName>
      <OrganizationDisplayName xml:lang="en">Open Universiteit</OrganizationDisplayName>
      <OrganizationURL xml:lang="en">http://www.surffederatie.nl</OrganizationURL>
    </Organization>
    <ContactPerson contactType="technical">
      <SurName>AAI Beheer</SurName>
      <EmailAddress>aai-beheer@surfnet.nl</EmailAddress>
    </ContactPerson>
    <ContactPerson contactType="administrative">
      <GivenName>SURFfederatie Beheer</GivenName>
      <EmailAddress>federatie-beheer@surfnet.nl</EmailAddress>
    </ContactPerson>
  </EntityDescriptor>
  <EntityDescriptor xmlns="urn:oasis:names:tc:SAML:2.0:metadata" entityID="http://adfs1.oba.nl/adfs/services/trust">
    <IDPSSODescriptor protocolSupportEnumeration="urn:oasis:names:tc:SAML:2.0:protocol">
      <KeyDescriptor use="signing">
        <ds:KeyInfo xmlns:ds="http://www.w3.org/2000/09/xmldsig#">
          <ds:X509Data>
            <ds:X509Certificate>
MIIEVDCCAzygAwIBAgIJANm7yUGYaeG1MA0GCSqGSIb3DQEBBQUAMHkxCzAJBgNV
BAYTAk5MMRAwDgYDVQQKEwdTVVJGbmV0MREwDwYDVQQLEwhTZXJ2aWNlczEZMBcG
A1UEAxMQRmVkZXJhdGllIEJlaGVlcjEqMCgGCSqGSIb3DQEJARYbZmVkZXJhdGll
LWJlaGVlckBzdXJmbmV0Lm5sMB4XDTA4MDYwNTE1MDgyMVoXDTIzMDYwMjE1MDgy
MVoweTELMAkGA1UEBhMCTkwxEDAOBgNVBAoTB1NVUkZuZXQxETAPBgNVBAsTCFNl
cnZpY2VzMRkwFwYDVQQDExBGZWRlcmF0aWUgQmVoZWVyMSowKAYJKoZIhvcNAQkB
FhtmZWRlcmF0aWUtYmVoZWVyQHN1cmZuZXQubmwwggEiMA0GCSqGSIb3DQEBAQUA
A4IBDwAwggEKAoIBAQC/x+YuMaHyS3xeogfBB6hWrL4Frp+KzOuu4IixfhMHz3xI
G5l7p2aNV8UrEXevOwMWCgMNxjfSLdZBgNhR14GBh2cVGCx9f/wUtB86scmkP3Pr
RLoZWu/EIY6MEbgET3D3tkdGuVejQwwhJTlK2xxWHtEdEL5abjYLveDg6Lb6z9od
ljFevylBMZO+5LwTjpa3+B+07oMZr2sV1yjsG2BEBwTFz4XZzJAabeK9UO836qhN
ptktjffoCNen33tNCjzqci4wzgQef3CNA/Ef0tMKGotdldKC6FtHvXixmVY5RKUK
Iutm8sRwne8XYqrD54BAgXZQ0ZovxFbvGhA77YXxAgMBAAGjgd4wgdswHQYDVR0O
BBYEFJNoYjIYUrDN/h1+9BZYOTk7jQBNMIGrBgNVHSMEgaMwgaCAFJNoYjIYUrDN
/h1+9BZYOTk7jQBNoX2kezB5MQswCQYDVQQGEwJOTDEQMA4GA1UEChMHU1VSRm5l
dDERMA8GA1UECxMIU2VydmljZXMxGTAXBgNVBAMTEEZlZGVyYXRpZSBCZWhlZXIx
KjAoBgkqhkiG9w0BCQEWG2ZlZGVyYXRpZS1iZWhlZXJAc3VyZm5ldC5ubIIJANm7
yUGYaeG1MAwGA1UdEwQFMAMBAf8wDQYJKoZIhvcNAQEFBQADggEBAI4IxrYPwwjJ
D9gO1Vzt8ByeQaRe+V0Mv5Ox9RlcXV33WX8Ny8hqUS4/kjs9v7JOuOw7TRop/4QJ
IAv/LEXH9B+hQ96zdLGMCcHI2crWF8l0yZ/DtgkpdlcyS7dNbjLtedtmgrOMSQub
LE02tqoSUR491mQbRuXD49+kJsHXZH8I1YZqOShzPZ7+ksvnBd64txhef8OBlCzE
elT60nOC3Jm8k3i0HwPcCYfDrh6+MJfC2dvfgktAcyu8rm1Q/ZelxaaXok17wUKg
D8nDrVCOfTND1RCGcqJ3YVjYDhBrMdK+5NSuC5KOJUpVZbKgTOilnOM7B/Os8HJC
fxLkDyGV/oQ=
     	                  </ds:X509Certificate>
          </ds:X509Data>
        </ds:KeyInfo>
      </KeyDescriptor>
      <SingleLogoutService Binding="urn:oasis:names:tc:SAML:2.0:bindings:HTTP-Redirect" Location="https://wayf.surfnet.nl/federate/saml20"/>
      <NameIDFormat>urn:oasis:names:tc:SAML:2.0:nameid-format:persistent</NameIDFormat>
      <NameIDFormat>urn:oasis:names:tc:SAML:2.0:nameid-format:transient</NameIDFormat>
      <SingleSignOnService Binding="urn:oasis:names:tc:SAML:2.0:bindings:HTTP-Redirect" Location="https://wayf.surfnet.nl/federate/saml20/http%253A%252F%252Fadfs1.oba.nl%252Fadfs%252Fservices%252Ftrust"/>
      <SingleSignOnService Binding="urn:oasis:names:tc:SAML:2.0:bindings:HTTP-POST" Location="https://wayf.surfnet.nl/federate/saml20/http%253A%252F%252Fadfs1.oba.nl%252Fadfs%252Fservices%252Ftrust"/>
    </IDPSSODescriptor>
    <Organization>
      <OrganizationName xml:lang="en">Openbare Bibliotheek Amsterdam (OBA)</OrganizationName>
      <OrganizationDisplayName xml:lang="en">Openbare Bibliotheek Amsterdam (OBA)</OrganizationDisplayName>
      <OrganizationURL xml:lang="en">http://www.surffederatie.nl</OrganizationURL>
    </Organization>
    <ContactPerson contactType="technical">
      <SurName>AAI Beheer</SurName>
      <EmailAddress>aai-beheer@surfnet.nl</EmailAddress>
    </ContactPerson>
    <ContactPerson contactType="administrative">
      <GivenName>SURFfederatie Beheer</GivenName>
      <EmailAddress>federatie-beheer@surfnet.nl</EmailAddress>
    </ContactPerson>
  </EntityDescriptor>
  <EntityDescriptor xmlns="urn:oasis:names:tc:SAML:2.0:metadata" entityID="http://tcs01.pbl.nl/adfs/services/trust">
    <IDPSSODescriptor protocolSupportEnumeration="urn:oasis:names:tc:SAML:2.0:protocol">
      <KeyDescriptor use="signing">
        <ds:KeyInfo xmlns:ds="http://www.w3.org/2000/09/xmldsig#">
          <ds:X509Data>
            <ds:X509Certificate>
MIIEVDCCAzygAwIBAgIJANm7yUGYaeG1MA0GCSqGSIb3DQEBBQUAMHkxCzAJBgNV
BAYTAk5MMRAwDgYDVQQKEwdTVVJGbmV0MREwDwYDVQQLEwhTZXJ2aWNlczEZMBcG
A1UEAxMQRmVkZXJhdGllIEJlaGVlcjEqMCgGCSqGSIb3DQEJARYbZmVkZXJhdGll
LWJlaGVlckBzdXJmbmV0Lm5sMB4XDTA4MDYwNTE1MDgyMVoXDTIzMDYwMjE1MDgy
MVoweTELMAkGA1UEBhMCTkwxEDAOBgNVBAoTB1NVUkZuZXQxETAPBgNVBAsTCFNl
cnZpY2VzMRkwFwYDVQQDExBGZWRlcmF0aWUgQmVoZWVyMSowKAYJKoZIhvcNAQkB
FhtmZWRlcmF0aWUtYmVoZWVyQHN1cmZuZXQubmwwggEiMA0GCSqGSIb3DQEBAQUA
A4IBDwAwggEKAoIBAQC/x+YuMaHyS3xeogfBB6hWrL4Frp+KzOuu4IixfhMHz3xI
G5l7p2aNV8UrEXevOwMWCgMNxjfSLdZBgNhR14GBh2cVGCx9f/wUtB86scmkP3Pr
RLoZWu/EIY6MEbgET3D3tkdGuVejQwwhJTlK2xxWHtEdEL5abjYLveDg6Lb6z9od
ljFevylBMZO+5LwTjpa3+B+07oMZr2sV1yjsG2BEBwTFz4XZzJAabeK9UO836qhN
ptktjffoCNen33tNCjzqci4wzgQef3CNA/Ef0tMKGotdldKC6FtHvXixmVY5RKUK
Iutm8sRwne8XYqrD54BAgXZQ0ZovxFbvGhA77YXxAgMBAAGjgd4wgdswHQYDVR0O
BBYEFJNoYjIYUrDN/h1+9BZYOTk7jQBNMIGrBgNVHSMEgaMwgaCAFJNoYjIYUrDN
/h1+9BZYOTk7jQBNoX2kezB5MQswCQYDVQQGEwJOTDEQMA4GA1UEChMHU1VSRm5l
dDERMA8GA1UECxMIU2VydmljZXMxGTAXBgNVBAMTEEZlZGVyYXRpZSBCZWhlZXIx
KjAoBgkqhkiG9w0BCQEWG2ZlZGVyYXRpZS1iZWhlZXJAc3VyZm5ldC5ubIIJANm7
yUGYaeG1MAwGA1UdEwQFMAMBAf8wDQYJKoZIhvcNAQEFBQADggEBAI4IxrYPwwjJ
D9gO1Vzt8ByeQaRe+V0Mv5Ox9RlcXV33WX8Ny8hqUS4/kjs9v7JOuOw7TRop/4QJ
IAv/LEXH9B+hQ96zdLGMCcHI2crWF8l0yZ/DtgkpdlcyS7dNbjLtedtmgrOMSQub
LE02tqoSUR491mQbRuXD49+kJsHXZH8I1YZqOShzPZ7+ksvnBd64txhef8OBlCzE
elT60nOC3Jm8k3i0HwPcCYfDrh6+MJfC2dvfgktAcyu8rm1Q/ZelxaaXok17wUKg
D8nDrVCOfTND1RCGcqJ3YVjYDhBrMdK+5NSuC5KOJUpVZbKgTOilnOM7B/Os8HJC
fxLkDyGV/oQ=
     	                  </ds:X509Certificate>
          </ds:X509Data>
        </ds:KeyInfo>
      </KeyDescriptor>
      <SingleLogoutService Binding="urn:oasis:names:tc:SAML:2.0:bindings:HTTP-Redirect" Location="https://wayf.surfnet.nl/federate/saml20"/>
      <NameIDFormat>urn:oasis:names:tc:SAML:2.0:nameid-format:persistent</NameIDFormat>
      <NameIDFormat>urn:oasis:names:tc:SAML:2.0:nameid-format:transient</NameIDFormat>
      <SingleSignOnService Binding="urn:oasis:names:tc:SAML:2.0:bindings:HTTP-Redirect" Location="https://wayf.surfnet.nl/federate/saml20/http%253A%252F%252Ftcs01.pbl.nl%252Fadfs%252Fservices%252Ftrust"/>
      <SingleSignOnService Binding="urn:oasis:names:tc:SAML:2.0:bindings:HTTP-POST" Location="https://wayf.surfnet.nl/federate/saml20/http%253A%252F%252Ftcs01.pbl.nl%252Fadfs%252Fservices%252Ftrust"/>
    </IDPSSODescriptor>
    <Organization>
      <OrganizationName xml:lang="en">Planbureau voor de Leefomgeving</OrganizationName>
      <OrganizationDisplayName xml:lang="en">Planbureau voor de Leefomgeving</OrganizationDisplayName>
      <OrganizationURL xml:lang="en">http://www.surffederatie.nl</OrganizationURL>
    </Organization>
    <ContactPerson contactType="technical">
      <SurName>AAI Beheer</SurName>
      <EmailAddress>aai-beheer@surfnet.nl</EmailAddress>
    </ContactPerson>
    <ContactPerson contactType="administrative">
      <GivenName>SURFfederatie Beheer</GivenName>
      <EmailAddress>federatie-beheer@surfnet.nl</EmailAddress>
    </ContactPerson>
  </EntityDescriptor>
  <EntityDescriptor xmlns="urn:oasis:names:tc:SAML:2.0:metadata" entityID="urn:federation:PolitieacademieADFS">
    <IDPSSODescriptor protocolSupportEnumeration="urn:oasis:names:tc:SAML:2.0:protocol">
      <KeyDescriptor use="signing">
        <ds:KeyInfo xmlns:ds="http://www.w3.org/2000/09/xmldsig#">
          <ds:X509Data>
            <ds:X509Certificate>
MIIEVDCCAzygAwIBAgIJANm7yUGYaeG1MA0GCSqGSIb3DQEBBQUAMHkxCzAJBgNV
BAYTAk5MMRAwDgYDVQQKEwdTVVJGbmV0MREwDwYDVQQLEwhTZXJ2aWNlczEZMBcG
A1UEAxMQRmVkZXJhdGllIEJlaGVlcjEqMCgGCSqGSIb3DQEJARYbZmVkZXJhdGll
LWJlaGVlckBzdXJmbmV0Lm5sMB4XDTA4MDYwNTE1MDgyMVoXDTIzMDYwMjE1MDgy
MVoweTELMAkGA1UEBhMCTkwxEDAOBgNVBAoTB1NVUkZuZXQxETAPBgNVBAsTCFNl
cnZpY2VzMRkwFwYDVQQDExBGZWRlcmF0aWUgQmVoZWVyMSowKAYJKoZIhvcNAQkB
FhtmZWRlcmF0aWUtYmVoZWVyQHN1cmZuZXQubmwwggEiMA0GCSqGSIb3DQEBAQUA
A4IBDwAwggEKAoIBAQC/x+YuMaHyS3xeogfBB6hWrL4Frp+KzOuu4IixfhMHz3xI
G5l7p2aNV8UrEXevOwMWCgMNxjfSLdZBgNhR14GBh2cVGCx9f/wUtB86scmkP3Pr
RLoZWu/EIY6MEbgET3D3tkdGuVejQwwhJTlK2xxWHtEdEL5abjYLveDg6Lb6z9od
ljFevylBMZO+5LwTjpa3+B+07oMZr2sV1yjsG2BEBwTFz4XZzJAabeK9UO836qhN
ptktjffoCNen33tNCjzqci4wzgQef3CNA/Ef0tMKGotdldKC6FtHvXixmVY5RKUK
Iutm8sRwne8XYqrD54BAgXZQ0ZovxFbvGhA77YXxAgMBAAGjgd4wgdswHQYDVR0O
BBYEFJNoYjIYUrDN/h1+9BZYOTk7jQBNMIGrBgNVHSMEgaMwgaCAFJNoYjIYUrDN
/h1+9BZYOTk7jQBNoX2kezB5MQswCQYDVQQGEwJOTDEQMA4GA1UEChMHU1VSRm5l
dDERMA8GA1UECxMIU2VydmljZXMxGTAXBgNVBAMTEEZlZGVyYXRpZSBCZWhlZXIx
KjAoBgkqhkiG9w0BCQEWG2ZlZGVyYXRpZS1iZWhlZXJAc3VyZm5ldC5ubIIJANm7
yUGYaeG1MAwGA1UdEwQFMAMBAf8wDQYJKoZIhvcNAQEFBQADggEBAI4IxrYPwwjJ
D9gO1Vzt8ByeQaRe+V0Mv5Ox9RlcXV33WX8Ny8hqUS4/kjs9v7JOuOw7TRop/4QJ
IAv/LEXH9B+hQ96zdLGMCcHI2crWF8l0yZ/DtgkpdlcyS7dNbjLtedtmgrOMSQub
LE02tqoSUR491mQbRuXD49+kJsHXZH8I1YZqOShzPZ7+ksvnBd64txhef8OBlCzE
elT60nOC3Jm8k3i0HwPcCYfDrh6+MJfC2dvfgktAcyu8rm1Q/ZelxaaXok17wUKg
D8nDrVCOfTND1RCGcqJ3YVjYDhBrMdK+5NSuC5KOJUpVZbKgTOilnOM7B/Os8HJC
fxLkDyGV/oQ=
     	                  </ds:X509Certificate>
          </ds:X509Data>
        </ds:KeyInfo>
      </KeyDescriptor>
      <SingleLogoutService Binding="urn:oasis:names:tc:SAML:2.0:bindings:HTTP-Redirect" Location="https://wayf.surfnet.nl/federate/saml20"/>
      <NameIDFormat>urn:oasis:names:tc:SAML:2.0:nameid-format:persistent</NameIDFormat>
      <NameIDFormat>urn:oasis:names:tc:SAML:2.0:nameid-format:transient</NameIDFormat>
      <SingleSignOnService Binding="urn:oasis:names:tc:SAML:2.0:bindings:HTTP-Redirect" Location="https://wayf.surfnet.nl/federate/saml20/urn%253Afederation%253APolitieacademieADFS"/>
      <SingleSignOnService Binding="urn:oasis:names:tc:SAML:2.0:bindings:HTTP-POST" Location="https://wayf.surfnet.nl/federate/saml20/urn%253Afederation%253APolitieacademieADFS"/>
    </IDPSSODescriptor>
    <Organization>
      <OrganizationName xml:lang="en">Politieacademie</OrganizationName>
      <OrganizationDisplayName xml:lang="en">Politieacademie</OrganizationDisplayName>
      <OrganizationURL xml:lang="en">https://adfs.politieacademie.nl/adfs/ls/</OrganizationURL>
    </Organization>
    <ContactPerson contactType="technical">
      <SurName>AAI Beheer</SurName>
      <EmailAddress>aai-beheer@surfnet.nl</EmailAddress>
    </ContactPerson>
    <ContactPerson contactType="administrative">
      <GivenName>SURFfederatie Beheer</GivenName>
      <EmailAddress>federatie-beheer@surfnet.nl</EmailAddress>
    </ContactPerson>
  </EntityDescriptor>
  <EntityDescriptor xmlns="urn:oasis:names:tc:SAML:2.0:metadata" entityID="https://federatie.ru.nl">
    <IDPSSODescriptor protocolSupportEnumeration="urn:oasis:names:tc:SAML:2.0:protocol">
      <KeyDescriptor use="signing">
        <ds:KeyInfo xmlns:ds="http://www.w3.org/2000/09/xmldsig#">
          <ds:X509Data>
            <ds:X509Certificate>
MIIEVDCCAzygAwIBAgIJANm7yUGYaeG1MA0GCSqGSIb3DQEBBQUAMHkxCzAJBgNV
BAYTAk5MMRAwDgYDVQQKEwdTVVJGbmV0MREwDwYDVQQLEwhTZXJ2aWNlczEZMBcG
A1UEAxMQRmVkZXJhdGllIEJlaGVlcjEqMCgGCSqGSIb3DQEJARYbZmVkZXJhdGll
LWJlaGVlckBzdXJmbmV0Lm5sMB4XDTA4MDYwNTE1MDgyMVoXDTIzMDYwMjE1MDgy
MVoweTELMAkGA1UEBhMCTkwxEDAOBgNVBAoTB1NVUkZuZXQxETAPBgNVBAsTCFNl
cnZpY2VzMRkwFwYDVQQDExBGZWRlcmF0aWUgQmVoZWVyMSowKAYJKoZIhvcNAQkB
FhtmZWRlcmF0aWUtYmVoZWVyQHN1cmZuZXQubmwwggEiMA0GCSqGSIb3DQEBAQUA
A4IBDwAwggEKAoIBAQC/x+YuMaHyS3xeogfBB6hWrL4Frp+KzOuu4IixfhMHz3xI
G5l7p2aNV8UrEXevOwMWCgMNxjfSLdZBgNhR14GBh2cVGCx9f/wUtB86scmkP3Pr
RLoZWu/EIY6MEbgET3D3tkdGuVejQwwhJTlK2xxWHtEdEL5abjYLveDg6Lb6z9od
ljFevylBMZO+5LwTjpa3+B+07oMZr2sV1yjsG2BEBwTFz4XZzJAabeK9UO836qhN
ptktjffoCNen33tNCjzqci4wzgQef3CNA/Ef0tMKGotdldKC6FtHvXixmVY5RKUK
Iutm8sRwne8XYqrD54BAgXZQ0ZovxFbvGhA77YXxAgMBAAGjgd4wgdswHQYDVR0O
BBYEFJNoYjIYUrDN/h1+9BZYOTk7jQBNMIGrBgNVHSMEgaMwgaCAFJNoYjIYUrDN
/h1+9BZYOTk7jQBNoX2kezB5MQswCQYDVQQGEwJOTDEQMA4GA1UEChMHU1VSRm5l
dDERMA8GA1UECxMIU2VydmljZXMxGTAXBgNVBAMTEEZlZGVyYXRpZSBCZWhlZXIx
KjAoBgkqhkiG9w0BCQEWG2ZlZGVyYXRpZS1iZWhlZXJAc3VyZm5ldC5ubIIJANm7
yUGYaeG1MAwGA1UdEwQFMAMBAf8wDQYJKoZIhvcNAQEFBQADggEBAI4IxrYPwwjJ
D9gO1Vzt8ByeQaRe+V0Mv5Ox9RlcXV33WX8Ny8hqUS4/kjs9v7JOuOw7TRop/4QJ
IAv/LEXH9B+hQ96zdLGMCcHI2crWF8l0yZ/DtgkpdlcyS7dNbjLtedtmgrOMSQub
LE02tqoSUR491mQbRuXD49+kJsHXZH8I1YZqOShzPZ7+ksvnBd64txhef8OBlCzE
elT60nOC3Jm8k3i0HwPcCYfDrh6+MJfC2dvfgktAcyu8rm1Q/ZelxaaXok17wUKg
D8nDrVCOfTND1RCGcqJ3YVjYDhBrMdK+5NSuC5KOJUpVZbKgTOilnOM7B/Os8HJC
fxLkDyGV/oQ=
     	                  </ds:X509Certificate>
          </ds:X509Data>
        </ds:KeyInfo>
      </KeyDescriptor>
      <SingleLogoutService Binding="urn:oasis:names:tc:SAML:2.0:bindings:HTTP-Redirect" Location="https://wayf.surfnet.nl/federate/saml20"/>
      <NameIDFormat>urn:oasis:names:tc:SAML:2.0:nameid-format:persistent</NameIDFormat>
      <NameIDFormat>urn:oasis:names:tc:SAML:2.0:nameid-format:transient</NameIDFormat>
      <SingleSignOnService Binding="urn:oasis:names:tc:SAML:2.0:bindings:HTTP-Redirect" Location="https://wayf.surfnet.nl/federate/saml20/https%253A%252F%252Ffederatie.ru.nl"/>
      <SingleSignOnService Binding="urn:oasis:names:tc:SAML:2.0:bindings:HTTP-POST" Location="https://wayf.surfnet.nl/federate/saml20/https%253A%252F%252Ffederatie.ru.nl"/>
    </IDPSSODescriptor>
    <Organization>
      <OrganizationName xml:lang="en">Radboud Universiteit</OrganizationName>
      <OrganizationDisplayName xml:lang="en">Radboud Universiteit</OrganizationDisplayName>
      <OrganizationURL xml:lang="en">http://www.surffederatie.nl</OrganizationURL>
    </Organization>
    <ContactPerson contactType="technical">
      <SurName>AAI Beheer</SurName>
      <EmailAddress>aai-beheer@surfnet.nl</EmailAddress>
    </ContactPerson>
    <ContactPerson contactType="administrative">
      <GivenName>SURFfederatie Beheer</GivenName>
      <EmailAddress>federatie-beheer@surfnet.nl</EmailAddress>
    </ContactPerson>
  </EntityDescriptor>
  <EntityDescriptor xmlns="urn:oasis:names:tc:SAML:2.0:metadata" entityID="federatie.ru.nl">
    <IDPSSODescriptor protocolSupportEnumeration="urn:oasis:names:tc:SAML:2.0:protocol">
      <KeyDescriptor use="signing">
        <ds:KeyInfo xmlns:ds="http://www.w3.org/2000/09/xmldsig#">
          <ds:X509Data>
            <ds:X509Certificate>
MIIEVDCCAzygAwIBAgIJANm7yUGYaeG1MA0GCSqGSIb3DQEBBQUAMHkxCzAJBgNV
BAYTAk5MMRAwDgYDVQQKEwdTVVJGbmV0MREwDwYDVQQLEwhTZXJ2aWNlczEZMBcG
A1UEAxMQRmVkZXJhdGllIEJlaGVlcjEqMCgGCSqGSIb3DQEJARYbZmVkZXJhdGll
LWJlaGVlckBzdXJmbmV0Lm5sMB4XDTA4MDYwNTE1MDgyMVoXDTIzMDYwMjE1MDgy
MVoweTELMAkGA1UEBhMCTkwxEDAOBgNVBAoTB1NVUkZuZXQxETAPBgNVBAsTCFNl
cnZpY2VzMRkwFwYDVQQDExBGZWRlcmF0aWUgQmVoZWVyMSowKAYJKoZIhvcNAQkB
FhtmZWRlcmF0aWUtYmVoZWVyQHN1cmZuZXQubmwwggEiMA0GCSqGSIb3DQEBAQUA
A4IBDwAwggEKAoIBAQC/x+YuMaHyS3xeogfBB6hWrL4Frp+KzOuu4IixfhMHz3xI
G5l7p2aNV8UrEXevOwMWCgMNxjfSLdZBgNhR14GBh2cVGCx9f/wUtB86scmkP3Pr
RLoZWu/EIY6MEbgET3D3tkdGuVejQwwhJTlK2xxWHtEdEL5abjYLveDg6Lb6z9od
ljFevylBMZO+5LwTjpa3+B+07oMZr2sV1yjsG2BEBwTFz4XZzJAabeK9UO836qhN
ptktjffoCNen33tNCjzqci4wzgQef3CNA/Ef0tMKGotdldKC6FtHvXixmVY5RKUK
Iutm8sRwne8XYqrD54BAgXZQ0ZovxFbvGhA77YXxAgMBAAGjgd4wgdswHQYDVR0O
BBYEFJNoYjIYUrDN/h1+9BZYOTk7jQBNMIGrBgNVHSMEgaMwgaCAFJNoYjIYUrDN
/h1+9BZYOTk7jQBNoX2kezB5MQswCQYDVQQGEwJOTDEQMA4GA1UEChMHU1VSRm5l
dDERMA8GA1UECxMIU2VydmljZXMxGTAXBgNVBAMTEEZlZGVyYXRpZSBCZWhlZXIx
KjAoBgkqhkiG9w0BCQEWG2ZlZGVyYXRpZS1iZWhlZXJAc3VyZm5ldC5ubIIJANm7
yUGYaeG1MAwGA1UdEwQFMAMBAf8wDQYJKoZIhvcNAQEFBQADggEBAI4IxrYPwwjJ
D9gO1Vzt8ByeQaRe+V0Mv5Ox9RlcXV33WX8Ny8hqUS4/kjs9v7JOuOw7TRop/4QJ
IAv/LEXH9B+hQ96zdLGMCcHI2crWF8l0yZ/DtgkpdlcyS7dNbjLtedtmgrOMSQub
LE02tqoSUR491mQbRuXD49+kJsHXZH8I1YZqOShzPZ7+ksvnBd64txhef8OBlCzE
elT60nOC3Jm8k3i0HwPcCYfDrh6+MJfC2dvfgktAcyu8rm1Q/ZelxaaXok17wUKg
D8nDrVCOfTND1RCGcqJ3YVjYDhBrMdK+5NSuC5KOJUpVZbKgTOilnOM7B/Os8HJC
fxLkDyGV/oQ=
     	                  </ds:X509Certificate>
          </ds:X509Data>
        </ds:KeyInfo>
      </KeyDescriptor>
      <SingleLogoutService Binding="urn:oasis:names:tc:SAML:2.0:bindings:HTTP-Redirect" Location="https://wayf.surfnet.nl/federate/saml20"/>
      <NameIDFormat>urn:oasis:names:tc:SAML:2.0:nameid-format:persistent</NameIDFormat>
      <NameIDFormat>urn:oasis:names:tc:SAML:2.0:nameid-format:transient</NameIDFormat>
      <SingleSignOnService Binding="urn:oasis:names:tc:SAML:2.0:bindings:HTTP-Redirect" Location="https://wayf.surfnet.nl/federate/saml20/federatie.ru.nl"/>
      <SingleSignOnService Binding="urn:oasis:names:tc:SAML:2.0:bindings:HTTP-POST" Location="https://wayf.surfnet.nl/federate/saml20/federatie.ru.nl"/>
    </IDPSSODescriptor>
    <Organization>
      <OrganizationName xml:lang="en">Radboud Universiteit</OrganizationName>
      <OrganizationDisplayName xml:lang="en">Radboud Universiteit</OrganizationDisplayName>
      <OrganizationURL xml:lang="en">http://www.surffederatie.nl</OrganizationURL>
    </Organization>
    <ContactPerson contactType="technical">
      <SurName>AAI Beheer</SurName>
      <EmailAddress>aai-beheer@surfnet.nl</EmailAddress>
    </ContactPerson>
    <ContactPerson contactType="administrative">
      <GivenName>SURFfederatie Beheer</GivenName>
      <EmailAddress>federatie-beheer@surfnet.nl</EmailAddress>
    </ContactPerson>
  </EntityDescriptor>
  <EntityDescriptor xmlns="urn:oasis:names:tc:SAML:2.0:metadata" entityID="https://signon.rug.nl/nidp/saml2/metadata">
    <IDPSSODescriptor protocolSupportEnumeration="urn:oasis:names:tc:SAML:2.0:protocol">
      <KeyDescriptor use="signing">
        <ds:KeyInfo xmlns:ds="http://www.w3.org/2000/09/xmldsig#">
          <ds:X509Data>
            <ds:X509Certificate>
MIIEVDCCAzygAwIBAgIJANm7yUGYaeG1MA0GCSqGSIb3DQEBBQUAMHkxCzAJBgNV
BAYTAk5MMRAwDgYDVQQKEwdTVVJGbmV0MREwDwYDVQQLEwhTZXJ2aWNlczEZMBcG
A1UEAxMQRmVkZXJhdGllIEJlaGVlcjEqMCgGCSqGSIb3DQEJARYbZmVkZXJhdGll
LWJlaGVlckBzdXJmbmV0Lm5sMB4XDTA4MDYwNTE1MDgyMVoXDTIzMDYwMjE1MDgy
MVoweTELMAkGA1UEBhMCTkwxEDAOBgNVBAoTB1NVUkZuZXQxETAPBgNVBAsTCFNl
cnZpY2VzMRkwFwYDVQQDExBGZWRlcmF0aWUgQmVoZWVyMSowKAYJKoZIhvcNAQkB
FhtmZWRlcmF0aWUtYmVoZWVyQHN1cmZuZXQubmwwggEiMA0GCSqGSIb3DQEBAQUA
A4IBDwAwggEKAoIBAQC/x+YuMaHyS3xeogfBB6hWrL4Frp+KzOuu4IixfhMHz3xI
G5l7p2aNV8UrEXevOwMWCgMNxjfSLdZBgNhR14GBh2cVGCx9f/wUtB86scmkP3Pr
RLoZWu/EIY6MEbgET3D3tkdGuVejQwwhJTlK2xxWHtEdEL5abjYLveDg6Lb6z9od
ljFevylBMZO+5LwTjpa3+B+07oMZr2sV1yjsG2BEBwTFz4XZzJAabeK9UO836qhN
ptktjffoCNen33tNCjzqci4wzgQef3CNA/Ef0tMKGotdldKC6FtHvXixmVY5RKUK
Iutm8sRwne8XYqrD54BAgXZQ0ZovxFbvGhA77YXxAgMBAAGjgd4wgdswHQYDVR0O
BBYEFJNoYjIYUrDN/h1+9BZYOTk7jQBNMIGrBgNVHSMEgaMwgaCAFJNoYjIYUrDN
/h1+9BZYOTk7jQBNoX2kezB5MQswCQYDVQQGEwJOTDEQMA4GA1UEChMHU1VSRm5l
dDERMA8GA1UECxMIU2VydmljZXMxGTAXBgNVBAMTEEZlZGVyYXRpZSBCZWhlZXIx
KjAoBgkqhkiG9w0BCQEWG2ZlZGVyYXRpZS1iZWhlZXJAc3VyZm5ldC5ubIIJANm7
yUGYaeG1MAwGA1UdEwQFMAMBAf8wDQYJKoZIhvcNAQEFBQADggEBAI4IxrYPwwjJ
D9gO1Vzt8ByeQaRe+V0Mv5Ox9RlcXV33WX8Ny8hqUS4/kjs9v7JOuOw7TRop/4QJ
IAv/LEXH9B+hQ96zdLGMCcHI2crWF8l0yZ/DtgkpdlcyS7dNbjLtedtmgrOMSQub
LE02tqoSUR491mQbRuXD49+kJsHXZH8I1YZqOShzPZ7+ksvnBd64txhef8OBlCzE
elT60nOC3Jm8k3i0HwPcCYfDrh6+MJfC2dvfgktAcyu8rm1Q/ZelxaaXok17wUKg
D8nDrVCOfTND1RCGcqJ3YVjYDhBrMdK+5NSuC5KOJUpVZbKgTOilnOM7B/Os8HJC
fxLkDyGV/oQ=
     	                  </ds:X509Certificate>
          </ds:X509Data>
        </ds:KeyInfo>
      </KeyDescriptor>
      <SingleLogoutService Binding="urn:oasis:names:tc:SAML:2.0:bindings:HTTP-Redirect" Location="https://wayf.surfnet.nl/federate/saml20"/>
      <NameIDFormat>urn:oasis:names:tc:SAML:2.0:nameid-format:persistent</NameIDFormat>
      <NameIDFormat>urn:oasis:names:tc:SAML:2.0:nameid-format:transient</NameIDFormat>
      <SingleSignOnService Binding="urn:oasis:names:tc:SAML:2.0:bindings:HTTP-Redirect" Location="https://wayf.surfnet.nl/federate/saml20/https%253A%252F%252Fsignon.rug.nl%252Fnidp%252Fsaml2%252Fmetadata"/>
      <SingleSignOnService Binding="urn:oasis:names:tc:SAML:2.0:bindings:HTTP-POST" Location="https://wayf.surfnet.nl/federate/saml20/https%253A%252F%252Fsignon.rug.nl%252Fnidp%252Fsaml2%252Fmetadata"/>
    </IDPSSODescriptor>
    <Organization>
      <OrganizationName xml:lang="en">Rijksuniversiteit Groningen</OrganizationName>
      <OrganizationDisplayName xml:lang="en">Rijksuniversiteit Groningen</OrganizationDisplayName>
      <OrganizationURL xml:lang="en">http://www.surffederatie.nl</OrganizationURL>
    </Organization>
    <ContactPerson contactType="technical">
      <SurName>AAI Beheer</SurName>
      <EmailAddress>aai-beheer@surfnet.nl</EmailAddress>
    </ContactPerson>
    <ContactPerson contactType="administrative">
      <GivenName>SURFfederatie Beheer</GivenName>
      <EmailAddress>federatie-beheer@surfnet.nl</EmailAddress>
    </ContactPerson>
  </EntityDescriptor>
  <EntityDescriptor xmlns="urn:oasis:names:tc:SAML:2.0:metadata" entityID="http://fed.rijnijssel.nl/adfs/services/trust">
    <IDPSSODescriptor protocolSupportEnumeration="urn:oasis:names:tc:SAML:2.0:protocol">
      <KeyDescriptor use="signing">
        <ds:KeyInfo xmlns:ds="http://www.w3.org/2000/09/xmldsig#">
          <ds:X509Data>
            <ds:X509Certificate>
MIIEVDCCAzygAwIBAgIJANm7yUGYaeG1MA0GCSqGSIb3DQEBBQUAMHkxCzAJBgNV
BAYTAk5MMRAwDgYDVQQKEwdTVVJGbmV0MREwDwYDVQQLEwhTZXJ2aWNlczEZMBcG
A1UEAxMQRmVkZXJhdGllIEJlaGVlcjEqMCgGCSqGSIb3DQEJARYbZmVkZXJhdGll
LWJlaGVlckBzdXJmbmV0Lm5sMB4XDTA4MDYwNTE1MDgyMVoXDTIzMDYwMjE1MDgy
MVoweTELMAkGA1UEBhMCTkwxEDAOBgNVBAoTB1NVUkZuZXQxETAPBgNVBAsTCFNl
cnZpY2VzMRkwFwYDVQQDExBGZWRlcmF0aWUgQmVoZWVyMSowKAYJKoZIhvcNAQkB
FhtmZWRlcmF0aWUtYmVoZWVyQHN1cmZuZXQubmwwggEiMA0GCSqGSIb3DQEBAQUA
A4IBDwAwggEKAoIBAQC/x+YuMaHyS3xeogfBB6hWrL4Frp+KzOuu4IixfhMHz3xI
G5l7p2aNV8UrEXevOwMWCgMNxjfSLdZBgNhR14GBh2cVGCx9f/wUtB86scmkP3Pr
RLoZWu/EIY6MEbgET3D3tkdGuVejQwwhJTlK2xxWHtEdEL5abjYLveDg6Lb6z9od
ljFevylBMZO+5LwTjpa3+B+07oMZr2sV1yjsG2BEBwTFz4XZzJAabeK9UO836qhN
ptktjffoCNen33tNCjzqci4wzgQef3CNA/Ef0tMKGotdldKC6FtHvXixmVY5RKUK
Iutm8sRwne8XYqrD54BAgXZQ0ZovxFbvGhA77YXxAgMBAAGjgd4wgdswHQYDVR0O
BBYEFJNoYjIYUrDN/h1+9BZYOTk7jQBNMIGrBgNVHSMEgaMwgaCAFJNoYjIYUrDN
/h1+9BZYOTk7jQBNoX2kezB5MQswCQYDVQQGEwJOTDEQMA4GA1UEChMHU1VSRm5l
dDERMA8GA1UECxMIU2VydmljZXMxGTAXBgNVBAMTEEZlZGVyYXRpZSBCZWhlZXIx
KjAoBgkqhkiG9w0BCQEWG2ZlZGVyYXRpZS1iZWhlZXJAc3VyZm5ldC5ubIIJANm7
yUGYaeG1MAwGA1UdEwQFMAMBAf8wDQYJKoZIhvcNAQEFBQADggEBAI4IxrYPwwjJ
D9gO1Vzt8ByeQaRe+V0Mv5Ox9RlcXV33WX8Ny8hqUS4/kjs9v7JOuOw7TRop/4QJ
IAv/LEXH9B+hQ96zdLGMCcHI2crWF8l0yZ/DtgkpdlcyS7dNbjLtedtmgrOMSQub
LE02tqoSUR491mQbRuXD49+kJsHXZH8I1YZqOShzPZ7+ksvnBd64txhef8OBlCzE
elT60nOC3Jm8k3i0HwPcCYfDrh6+MJfC2dvfgktAcyu8rm1Q/ZelxaaXok17wUKg
D8nDrVCOfTND1RCGcqJ3YVjYDhBrMdK+5NSuC5KOJUpVZbKgTOilnOM7B/Os8HJC
fxLkDyGV/oQ=
     	                  </ds:X509Certificate>
          </ds:X509Data>
        </ds:KeyInfo>
      </KeyDescriptor>
      <SingleLogoutService Binding="urn:oasis:names:tc:SAML:2.0:bindings:HTTP-Redirect" Location="https://wayf.surfnet.nl/federate/saml20"/>
      <NameIDFormat>urn:oasis:names:tc:SAML:2.0:nameid-format:persistent</NameIDFormat>
      <NameIDFormat>urn:oasis:names:tc:SAML:2.0:nameid-format:transient</NameIDFormat>
      <SingleSignOnService Binding="urn:oasis:names:tc:SAML:2.0:bindings:HTTP-Redirect" Location="https://wayf.surfnet.nl/federate/saml20/http%253A%252F%252Ffed.rijnijssel.nl%252Fadfs%252Fservices%252Ftrust"/>
      <SingleSignOnService Binding="urn:oasis:names:tc:SAML:2.0:bindings:HTTP-POST" Location="https://wayf.surfnet.nl/federate/saml20/http%253A%252F%252Ffed.rijnijssel.nl%252Fadfs%252Fservices%252Ftrust"/>
    </IDPSSODescriptor>
    <Organization>
      <OrganizationName xml:lang="en">Rijn IJssel</OrganizationName>
      <OrganizationDisplayName xml:lang="en">Rijn IJssel</OrganizationDisplayName>
      <OrganizationURL xml:lang="en">http://www.surffederatie.nl</OrganizationURL>
    </Organization>
    <ContactPerson contactType="technical">
      <SurName>AAI Beheer</SurName>
      <EmailAddress>aai-beheer@surfnet.nl</EmailAddress>
    </ContactPerson>
    <ContactPerson contactType="administrative">
      <GivenName>SURFfederatie Beheer</GivenName>
      <EmailAddress>federatie-beheer@surfnet.nl</EmailAddress>
    </ContactPerson>
  </EntityDescriptor>
  <EntityDescriptor xmlns="urn:oasis:names:tc:SAML:2.0:metadata" entityID="http://adfs2prod.aventus.nl/adfs/services/trust">
    <IDPSSODescriptor protocolSupportEnumeration="urn:oasis:names:tc:SAML:2.0:protocol">
      <KeyDescriptor use="signing">
        <ds:KeyInfo xmlns:ds="http://www.w3.org/2000/09/xmldsig#">
          <ds:X509Data>
            <ds:X509Certificate>
MIIEVDCCAzygAwIBAgIJANm7yUGYaeG1MA0GCSqGSIb3DQEBBQUAMHkxCzAJBgNV
BAYTAk5MMRAwDgYDVQQKEwdTVVJGbmV0MREwDwYDVQQLEwhTZXJ2aWNlczEZMBcG
A1UEAxMQRmVkZXJhdGllIEJlaGVlcjEqMCgGCSqGSIb3DQEJARYbZmVkZXJhdGll
LWJlaGVlckBzdXJmbmV0Lm5sMB4XDTA4MDYwNTE1MDgyMVoXDTIzMDYwMjE1MDgy
MVoweTELMAkGA1UEBhMCTkwxEDAOBgNVBAoTB1NVUkZuZXQxETAPBgNVBAsTCFNl
cnZpY2VzMRkwFwYDVQQDExBGZWRlcmF0aWUgQmVoZWVyMSowKAYJKoZIhvcNAQkB
FhtmZWRlcmF0aWUtYmVoZWVyQHN1cmZuZXQubmwwggEiMA0GCSqGSIb3DQEBAQUA
A4IBDwAwggEKAoIBAQC/x+YuMaHyS3xeogfBB6hWrL4Frp+KzOuu4IixfhMHz3xI
G5l7p2aNV8UrEXevOwMWCgMNxjfSLdZBgNhR14GBh2cVGCx9f/wUtB86scmkP3Pr
RLoZWu/EIY6MEbgET3D3tkdGuVejQwwhJTlK2xxWHtEdEL5abjYLveDg6Lb6z9od
ljFevylBMZO+5LwTjpa3+B+07oMZr2sV1yjsG2BEBwTFz4XZzJAabeK9UO836qhN
ptktjffoCNen33tNCjzqci4wzgQef3CNA/Ef0tMKGotdldKC6FtHvXixmVY5RKUK
Iutm8sRwne8XYqrD54BAgXZQ0ZovxFbvGhA77YXxAgMBAAGjgd4wgdswHQYDVR0O
BBYEFJNoYjIYUrDN/h1+9BZYOTk7jQBNMIGrBgNVHSMEgaMwgaCAFJNoYjIYUrDN
/h1+9BZYOTk7jQBNoX2kezB5MQswCQYDVQQGEwJOTDEQMA4GA1UEChMHU1VSRm5l
dDERMA8GA1UECxMIU2VydmljZXMxGTAXBgNVBAMTEEZlZGVyYXRpZSBCZWhlZXIx
KjAoBgkqhkiG9w0BCQEWG2ZlZGVyYXRpZS1iZWhlZXJAc3VyZm5ldC5ubIIJANm7
yUGYaeG1MAwGA1UdEwQFMAMBAf8wDQYJKoZIhvcNAQEFBQADggEBAI4IxrYPwwjJ
D9gO1Vzt8ByeQaRe+V0Mv5Ox9RlcXV33WX8Ny8hqUS4/kjs9v7JOuOw7TRop/4QJ
IAv/LEXH9B+hQ96zdLGMCcHI2crWF8l0yZ/DtgkpdlcyS7dNbjLtedtmgrOMSQub
LE02tqoSUR491mQbRuXD49+kJsHXZH8I1YZqOShzPZ7+ksvnBd64txhef8OBlCzE
elT60nOC3Jm8k3i0HwPcCYfDrh6+MJfC2dvfgktAcyu8rm1Q/ZelxaaXok17wUKg
D8nDrVCOfTND1RCGcqJ3YVjYDhBrMdK+5NSuC5KOJUpVZbKgTOilnOM7B/Os8HJC
fxLkDyGV/oQ=
     	                  </ds:X509Certificate>
          </ds:X509Data>
        </ds:KeyInfo>
      </KeyDescriptor>
      <SingleLogoutService Binding="urn:oasis:names:tc:SAML:2.0:bindings:HTTP-Redirect" Location="https://wayf.surfnet.nl/federate/saml20"/>
      <NameIDFormat>urn:oasis:names:tc:SAML:2.0:nameid-format:persistent</NameIDFormat>
      <NameIDFormat>urn:oasis:names:tc:SAML:2.0:nameid-format:transient</NameIDFormat>
      <SingleSignOnService Binding="urn:oasis:names:tc:SAML:2.0:bindings:HTTP-Redirect" Location="https://wayf.surfnet.nl/federate/saml20/http%253A%252F%252Fadfs2prod.aventus.nl%252Fadfs%252Fservices%252Ftrust"/>
      <SingleSignOnService Binding="urn:oasis:names:tc:SAML:2.0:bindings:HTTP-POST" Location="https://wayf.surfnet.nl/federate/saml20/http%253A%252F%252Fadfs2prod.aventus.nl%252Fadfs%252Fservices%252Ftrust"/>
    </IDPSSODescriptor>
    <Organization>
      <OrganizationName xml:lang="en">ROC Aventus (SAML2)</OrganizationName>
      <OrganizationDisplayName xml:lang="en">ROC Aventus (SAML2)</OrganizationDisplayName>
      <OrganizationURL xml:lang="en">http://www.surffederatie.nl</OrganizationURL>
    </Organization>
    <ContactPerson contactType="technical">
      <SurName>AAI Beheer</SurName>
      <EmailAddress>aai-beheer@surfnet.nl</EmailAddress>
    </ContactPerson>
    <ContactPerson contactType="administrative">
      <GivenName>SURFfederatie Beheer</GivenName>
      <EmailAddress>federatie-beheer@surfnet.nl</EmailAddress>
    </ContactPerson>
  </EntityDescriptor>
  <EntityDescriptor xmlns="urn:oasis:names:tc:SAML:2.0:metadata" entityID="http://adfsall201.roceindhoven.nl/adfs/services/trust">
    <IDPSSODescriptor protocolSupportEnumeration="urn:oasis:names:tc:SAML:2.0:protocol">
      <KeyDescriptor use="signing">
        <ds:KeyInfo xmlns:ds="http://www.w3.org/2000/09/xmldsig#">
          <ds:X509Data>
            <ds:X509Certificate>
MIIEVDCCAzygAwIBAgIJANm7yUGYaeG1MA0GCSqGSIb3DQEBBQUAMHkxCzAJBgNV
BAYTAk5MMRAwDgYDVQQKEwdTVVJGbmV0MREwDwYDVQQLEwhTZXJ2aWNlczEZMBcG
A1UEAxMQRmVkZXJhdGllIEJlaGVlcjEqMCgGCSqGSIb3DQEJARYbZmVkZXJhdGll
LWJlaGVlckBzdXJmbmV0Lm5sMB4XDTA4MDYwNTE1MDgyMVoXDTIzMDYwMjE1MDgy
MVoweTELMAkGA1UEBhMCTkwxEDAOBgNVBAoTB1NVUkZuZXQxETAPBgNVBAsTCFNl
cnZpY2VzMRkwFwYDVQQDExBGZWRlcmF0aWUgQmVoZWVyMSowKAYJKoZIhvcNAQkB
FhtmZWRlcmF0aWUtYmVoZWVyQHN1cmZuZXQubmwwggEiMA0GCSqGSIb3DQEBAQUA
A4IBDwAwggEKAoIBAQC/x+YuMaHyS3xeogfBB6hWrL4Frp+KzOuu4IixfhMHz3xI
G5l7p2aNV8UrEXevOwMWCgMNxjfSLdZBgNhR14GBh2cVGCx9f/wUtB86scmkP3Pr
RLoZWu/EIY6MEbgET3D3tkdGuVejQwwhJTlK2xxWHtEdEL5abjYLveDg6Lb6z9od
ljFevylBMZO+5LwTjpa3+B+07oMZr2sV1yjsG2BEBwTFz4XZzJAabeK9UO836qhN
ptktjffoCNen33tNCjzqci4wzgQef3CNA/Ef0tMKGotdldKC6FtHvXixmVY5RKUK
Iutm8sRwne8XYqrD54BAgXZQ0ZovxFbvGhA77YXxAgMBAAGjgd4wgdswHQYDVR0O
BBYEFJNoYjIYUrDN/h1+9BZYOTk7jQBNMIGrBgNVHSMEgaMwgaCAFJNoYjIYUrDN
/h1+9BZYOTk7jQBNoX2kezB5MQswCQYDVQQGEwJOTDEQMA4GA1UEChMHU1VSRm5l
dDERMA8GA1UECxMIU2VydmljZXMxGTAXBgNVBAMTEEZlZGVyYXRpZSBCZWhlZXIx
KjAoBgkqhkiG9w0BCQEWG2ZlZGVyYXRpZS1iZWhlZXJAc3VyZm5ldC5ubIIJANm7
yUGYaeG1MAwGA1UdEwQFMAMBAf8wDQYJKoZIhvcNAQEFBQADggEBAI4IxrYPwwjJ
D9gO1Vzt8ByeQaRe+V0Mv5Ox9RlcXV33WX8Ny8hqUS4/kjs9v7JOuOw7TRop/4QJ
IAv/LEXH9B+hQ96zdLGMCcHI2crWF8l0yZ/DtgkpdlcyS7dNbjLtedtmgrOMSQub
LE02tqoSUR491mQbRuXD49+kJsHXZH8I1YZqOShzPZ7+ksvnBd64txhef8OBlCzE
elT60nOC3Jm8k3i0HwPcCYfDrh6+MJfC2dvfgktAcyu8rm1Q/ZelxaaXok17wUKg
D8nDrVCOfTND1RCGcqJ3YVjYDhBrMdK+5NSuC5KOJUpVZbKgTOilnOM7B/Os8HJC
fxLkDyGV/oQ=
     	                  </ds:X509Certificate>
          </ds:X509Data>
        </ds:KeyInfo>
      </KeyDescriptor>
      <SingleLogoutService Binding="urn:oasis:names:tc:SAML:2.0:bindings:HTTP-Redirect" Location="https://wayf.surfnet.nl/federate/saml20"/>
      <NameIDFormat>urn:oasis:names:tc:SAML:2.0:nameid-format:persistent</NameIDFormat>
      <NameIDFormat>urn:oasis:names:tc:SAML:2.0:nameid-format:transient</NameIDFormat>
      <SingleSignOnService Binding="urn:oasis:names:tc:SAML:2.0:bindings:HTTP-Redirect" Location="https://wayf.surfnet.nl/federate/saml20/http%253A%252F%252Fadfsall201.roceindhoven.nl%252Fadfs%252Fservices%252Ftrust"/>
      <SingleSignOnService Binding="urn:oasis:names:tc:SAML:2.0:bindings:HTTP-POST" Location="https://wayf.surfnet.nl/federate/saml20/http%253A%252F%252Fadfsall201.roceindhoven.nl%252Fadfs%252Fservices%252Ftrust"/>
    </IDPSSODescriptor>
    <Organization>
      <OrganizationName xml:lang="en">ROC Eindhoven</OrganizationName>
      <OrganizationDisplayName xml:lang="en">ROC Eindhoven</OrganizationDisplayName>
      <OrganizationURL xml:lang="en">http://www.surffederatie.nl</OrganizationURL>
    </Organization>
    <ContactPerson contactType="technical">
      <SurName>AAI Beheer</SurName>
      <EmailAddress>aai-beheer@surfnet.nl</EmailAddress>
    </ContactPerson>
    <ContactPerson contactType="administrative">
      <GivenName>SURFfederatie Beheer</GivenName>
      <EmailAddress>federatie-beheer@surfnet.nl</EmailAddress>
    </ContactPerson>
  </EntityDescriptor>
  <EntityDescriptor xmlns="urn:oasis:names:tc:SAML:2.0:metadata" entityID="http://adfs.gildeopleidingen.nl/adfs/services/trust">
    <IDPSSODescriptor protocolSupportEnumeration="urn:oasis:names:tc:SAML:2.0:protocol">
      <KeyDescriptor use="signing">
        <ds:KeyInfo xmlns:ds="http://www.w3.org/2000/09/xmldsig#">
          <ds:X509Data>
            <ds:X509Certificate>
MIIEVDCCAzygAwIBAgIJANm7yUGYaeG1MA0GCSqGSIb3DQEBBQUAMHkxCzAJBgNV
BAYTAk5MMRAwDgYDVQQKEwdTVVJGbmV0MREwDwYDVQQLEwhTZXJ2aWNlczEZMBcG
A1UEAxMQRmVkZXJhdGllIEJlaGVlcjEqMCgGCSqGSIb3DQEJARYbZmVkZXJhdGll
LWJlaGVlckBzdXJmbmV0Lm5sMB4XDTA4MDYwNTE1MDgyMVoXDTIzMDYwMjE1MDgy
MVoweTELMAkGA1UEBhMCTkwxEDAOBgNVBAoTB1NVUkZuZXQxETAPBgNVBAsTCFNl
cnZpY2VzMRkwFwYDVQQDExBGZWRlcmF0aWUgQmVoZWVyMSowKAYJKoZIhvcNAQkB
FhtmZWRlcmF0aWUtYmVoZWVyQHN1cmZuZXQubmwwggEiMA0GCSqGSIb3DQEBAQUA
A4IBDwAwggEKAoIBAQC/x+YuMaHyS3xeogfBB6hWrL4Frp+KzOuu4IixfhMHz3xI
G5l7p2aNV8UrEXevOwMWCgMNxjfSLdZBgNhR14GBh2cVGCx9f/wUtB86scmkP3Pr
RLoZWu/EIY6MEbgET3D3tkdGuVejQwwhJTlK2xxWHtEdEL5abjYLveDg6Lb6z9od
ljFevylBMZO+5LwTjpa3+B+07oMZr2sV1yjsG2BEBwTFz4XZzJAabeK9UO836qhN
ptktjffoCNen33tNCjzqci4wzgQef3CNA/Ef0tMKGotdldKC6FtHvXixmVY5RKUK
Iutm8sRwne8XYqrD54BAgXZQ0ZovxFbvGhA77YXxAgMBAAGjgd4wgdswHQYDVR0O
BBYEFJNoYjIYUrDN/h1+9BZYOTk7jQBNMIGrBgNVHSMEgaMwgaCAFJNoYjIYUrDN
/h1+9BZYOTk7jQBNoX2kezB5MQswCQYDVQQGEwJOTDEQMA4GA1UEChMHU1VSRm5l
dDERMA8GA1UECxMIU2VydmljZXMxGTAXBgNVBAMTEEZlZGVyYXRpZSBCZWhlZXIx
KjAoBgkqhkiG9w0BCQEWG2ZlZGVyYXRpZS1iZWhlZXJAc3VyZm5ldC5ubIIJANm7
yUGYaeG1MAwGA1UdEwQFMAMBAf8wDQYJKoZIhvcNAQEFBQADggEBAI4IxrYPwwjJ
D9gO1Vzt8ByeQaRe+V0Mv5Ox9RlcXV33WX8Ny8hqUS4/kjs9v7JOuOw7TRop/4QJ
IAv/LEXH9B+hQ96zdLGMCcHI2crWF8l0yZ/DtgkpdlcyS7dNbjLtedtmgrOMSQub
LE02tqoSUR491mQbRuXD49+kJsHXZH8I1YZqOShzPZ7+ksvnBd64txhef8OBlCzE
elT60nOC3Jm8k3i0HwPcCYfDrh6+MJfC2dvfgktAcyu8rm1Q/ZelxaaXok17wUKg
D8nDrVCOfTND1RCGcqJ3YVjYDhBrMdK+5NSuC5KOJUpVZbKgTOilnOM7B/Os8HJC
fxLkDyGV/oQ=
     	                  </ds:X509Certificate>
          </ds:X509Data>
        </ds:KeyInfo>
      </KeyDescriptor>
      <SingleLogoutService Binding="urn:oasis:names:tc:SAML:2.0:bindings:HTTP-Redirect" Location="https://wayf.surfnet.nl/federate/saml20"/>
      <NameIDFormat>urn:oasis:names:tc:SAML:2.0:nameid-format:persistent</NameIDFormat>
      <NameIDFormat>urn:oasis:names:tc:SAML:2.0:nameid-format:transient</NameIDFormat>
      <SingleSignOnService Binding="urn:oasis:names:tc:SAML:2.0:bindings:HTTP-Redirect" Location="https://wayf.surfnet.nl/federate/saml20/http%253A%252F%252Fadfs.gildeopleidingen.nl%252Fadfs%252Fservices%252Ftrust"/>
      <SingleSignOnService Binding="urn:oasis:names:tc:SAML:2.0:bindings:HTTP-POST" Location="https://wayf.surfnet.nl/federate/saml20/http%253A%252F%252Fadfs.gildeopleidingen.nl%252Fadfs%252Fservices%252Ftrust"/>
    </IDPSSODescriptor>
    <Organization>
      <OrganizationName xml:lang="en">ROC Gilde Opleidingen</OrganizationName>
      <OrganizationDisplayName xml:lang="en">ROC Gilde Opleidingen</OrganizationDisplayName>
      <OrganizationURL xml:lang="en">http://www.surffederatie.nl</OrganizationURL>
    </Organization>
    <ContactPerson contactType="technical">
      <SurName>AAI Beheer</SurName>
      <EmailAddress>aai-beheer@surfnet.nl</EmailAddress>
    </ContactPerson>
    <ContactPerson contactType="administrative">
      <GivenName>SURFfederatie Beheer</GivenName>
      <EmailAddress>federatie-beheer@surfnet.nl</EmailAddress>
    </ContactPerson>
  </EntityDescriptor>
  <EntityDescriptor xmlns="urn:oasis:names:tc:SAML:2.0:metadata" entityID="http://sts.roc-nijmegen.nl/adfs/services/trust">
    <IDPSSODescriptor protocolSupportEnumeration="urn:oasis:names:tc:SAML:2.0:protocol">
      <KeyDescriptor use="signing">
        <ds:KeyInfo xmlns:ds="http://www.w3.org/2000/09/xmldsig#">
          <ds:X509Data>
            <ds:X509Certificate>
MIIEVDCCAzygAwIBAgIJANm7yUGYaeG1MA0GCSqGSIb3DQEBBQUAMHkxCzAJBgNV
BAYTAk5MMRAwDgYDVQQKEwdTVVJGbmV0MREwDwYDVQQLEwhTZXJ2aWNlczEZMBcG
A1UEAxMQRmVkZXJhdGllIEJlaGVlcjEqMCgGCSqGSIb3DQEJARYbZmVkZXJhdGll
LWJlaGVlckBzdXJmbmV0Lm5sMB4XDTA4MDYwNTE1MDgyMVoXDTIzMDYwMjE1MDgy
MVoweTELMAkGA1UEBhMCTkwxEDAOBgNVBAoTB1NVUkZuZXQxETAPBgNVBAsTCFNl
cnZpY2VzMRkwFwYDVQQDExBGZWRlcmF0aWUgQmVoZWVyMSowKAYJKoZIhvcNAQkB
FhtmZWRlcmF0aWUtYmVoZWVyQHN1cmZuZXQubmwwggEiMA0GCSqGSIb3DQEBAQUA
A4IBDwAwggEKAoIBAQC/x+YuMaHyS3xeogfBB6hWrL4Frp+KzOuu4IixfhMHz3xI
G5l7p2aNV8UrEXevOwMWCgMNxjfSLdZBgNhR14GBh2cVGCx9f/wUtB86scmkP3Pr
RLoZWu/EIY6MEbgET3D3tkdGuVejQwwhJTlK2xxWHtEdEL5abjYLveDg6Lb6z9od
ljFevylBMZO+5LwTjpa3+B+07oMZr2sV1yjsG2BEBwTFz4XZzJAabeK9UO836qhN
ptktjffoCNen33tNCjzqci4wzgQef3CNA/Ef0tMKGotdldKC6FtHvXixmVY5RKUK
Iutm8sRwne8XYqrD54BAgXZQ0ZovxFbvGhA77YXxAgMBAAGjgd4wgdswHQYDVR0O
BBYEFJNoYjIYUrDN/h1+9BZYOTk7jQBNMIGrBgNVHSMEgaMwgaCAFJNoYjIYUrDN
/h1+9BZYOTk7jQBNoX2kezB5MQswCQYDVQQGEwJOTDEQMA4GA1UEChMHU1VSRm5l
dDERMA8GA1UECxMIU2VydmljZXMxGTAXBgNVBAMTEEZlZGVyYXRpZSBCZWhlZXIx
KjAoBgkqhkiG9w0BCQEWG2ZlZGVyYXRpZS1iZWhlZXJAc3VyZm5ldC5ubIIJANm7
yUGYaeG1MAwGA1UdEwQFMAMBAf8wDQYJKoZIhvcNAQEFBQADggEBAI4IxrYPwwjJ
D9gO1Vzt8ByeQaRe+V0Mv5Ox9RlcXV33WX8Ny8hqUS4/kjs9v7JOuOw7TRop/4QJ
IAv/LEXH9B+hQ96zdLGMCcHI2crWF8l0yZ/DtgkpdlcyS7dNbjLtedtmgrOMSQub
LE02tqoSUR491mQbRuXD49+kJsHXZH8I1YZqOShzPZ7+ksvnBd64txhef8OBlCzE
elT60nOC3Jm8k3i0HwPcCYfDrh6+MJfC2dvfgktAcyu8rm1Q/ZelxaaXok17wUKg
D8nDrVCOfTND1RCGcqJ3YVjYDhBrMdK+5NSuC5KOJUpVZbKgTOilnOM7B/Os8HJC
fxLkDyGV/oQ=
     	                  </ds:X509Certificate>
          </ds:X509Data>
        </ds:KeyInfo>
      </KeyDescriptor>
      <SingleLogoutService Binding="urn:oasis:names:tc:SAML:2.0:bindings:HTTP-Redirect" Location="https://wayf.surfnet.nl/federate/saml20"/>
      <NameIDFormat>urn:oasis:names:tc:SAML:2.0:nameid-format:persistent</NameIDFormat>
      <NameIDFormat>urn:oasis:names:tc:SAML:2.0:nameid-format:transient</NameIDFormat>
      <SingleSignOnService Binding="urn:oasis:names:tc:SAML:2.0:bindings:HTTP-Redirect" Location="https://wayf.surfnet.nl/federate/saml20/http%253A%252F%252Fsts.roc-nijmegen.nl%252Fadfs%252Fservices%252Ftrust"/>
      <SingleSignOnService Binding="urn:oasis:names:tc:SAML:2.0:bindings:HTTP-POST" Location="https://wayf.surfnet.nl/federate/saml20/http%253A%252F%252Fsts.roc-nijmegen.nl%252Fadfs%252Fservices%252Ftrust"/>
    </IDPSSODescriptor>
    <Organization>
      <OrganizationName xml:lang="en">ROC Nijmegen</OrganizationName>
      <OrganizationDisplayName xml:lang="en">ROC Nijmegen</OrganizationDisplayName>
      <OrganizationURL xml:lang="en">http://www.surffederatie.nl</OrganizationURL>
    </Organization>
    <ContactPerson contactType="technical">
      <SurName>AAI Beheer</SurName>
      <EmailAddress>aai-beheer@surfnet.nl</EmailAddress>
    </ContactPerson>
    <ContactPerson contactType="administrative">
      <GivenName>SURFfederatie Beheer</GivenName>
      <EmailAddress>federatie-beheer@surfnet.nl</EmailAddress>
    </ContactPerson>
  </EntityDescriptor>
  <EntityDescriptor xmlns="urn:oasis:names:tc:SAML:2.0:metadata" entityID="https://idvnam-idp.rocvantwente.nl/nidp/saml2/metadata">
    <IDPSSODescriptor protocolSupportEnumeration="urn:oasis:names:tc:SAML:2.0:protocol">
      <KeyDescriptor use="signing">
        <ds:KeyInfo xmlns:ds="http://www.w3.org/2000/09/xmldsig#">
          <ds:X509Data>
            <ds:X509Certificate>
MIIEVDCCAzygAwIBAgIJANm7yUGYaeG1MA0GCSqGSIb3DQEBBQUAMHkxCzAJBgNV
BAYTAk5MMRAwDgYDVQQKEwdTVVJGbmV0MREwDwYDVQQLEwhTZXJ2aWNlczEZMBcG
A1UEAxMQRmVkZXJhdGllIEJlaGVlcjEqMCgGCSqGSIb3DQEJARYbZmVkZXJhdGll
LWJlaGVlckBzdXJmbmV0Lm5sMB4XDTA4MDYwNTE1MDgyMVoXDTIzMDYwMjE1MDgy
MVoweTELMAkGA1UEBhMCTkwxEDAOBgNVBAoTB1NVUkZuZXQxETAPBgNVBAsTCFNl
cnZpY2VzMRkwFwYDVQQDExBGZWRlcmF0aWUgQmVoZWVyMSowKAYJKoZIhvcNAQkB
FhtmZWRlcmF0aWUtYmVoZWVyQHN1cmZuZXQubmwwggEiMA0GCSqGSIb3DQEBAQUA
A4IBDwAwggEKAoIBAQC/x+YuMaHyS3xeogfBB6hWrL4Frp+KzOuu4IixfhMHz3xI
G5l7p2aNV8UrEXevOwMWCgMNxjfSLdZBgNhR14GBh2cVGCx9f/wUtB86scmkP3Pr
RLoZWu/EIY6MEbgET3D3tkdGuVejQwwhJTlK2xxWHtEdEL5abjYLveDg6Lb6z9od
ljFevylBMZO+5LwTjpa3+B+07oMZr2sV1yjsG2BEBwTFz4XZzJAabeK9UO836qhN
ptktjffoCNen33tNCjzqci4wzgQef3CNA/Ef0tMKGotdldKC6FtHvXixmVY5RKUK
Iutm8sRwne8XYqrD54BAgXZQ0ZovxFbvGhA77YXxAgMBAAGjgd4wgdswHQYDVR0O
BBYEFJNoYjIYUrDN/h1+9BZYOTk7jQBNMIGrBgNVHSMEgaMwgaCAFJNoYjIYUrDN
/h1+9BZYOTk7jQBNoX2kezB5MQswCQYDVQQGEwJOTDEQMA4GA1UEChMHU1VSRm5l
dDERMA8GA1UECxMIU2VydmljZXMxGTAXBgNVBAMTEEZlZGVyYXRpZSBCZWhlZXIx
KjAoBgkqhkiG9w0BCQEWG2ZlZGVyYXRpZS1iZWhlZXJAc3VyZm5ldC5ubIIJANm7
yUGYaeG1MAwGA1UdEwQFMAMBAf8wDQYJKoZIhvcNAQEFBQADggEBAI4IxrYPwwjJ
D9gO1Vzt8ByeQaRe+V0Mv5Ox9RlcXV33WX8Ny8hqUS4/kjs9v7JOuOw7TRop/4QJ
IAv/LEXH9B+hQ96zdLGMCcHI2crWF8l0yZ/DtgkpdlcyS7dNbjLtedtmgrOMSQub
LE02tqoSUR491mQbRuXD49+kJsHXZH8I1YZqOShzPZ7+ksvnBd64txhef8OBlCzE
elT60nOC3Jm8k3i0HwPcCYfDrh6+MJfC2dvfgktAcyu8rm1Q/ZelxaaXok17wUKg
D8nDrVCOfTND1RCGcqJ3YVjYDhBrMdK+5NSuC5KOJUpVZbKgTOilnOM7B/Os8HJC
fxLkDyGV/oQ=
     	                  </ds:X509Certificate>
          </ds:X509Data>
        </ds:KeyInfo>
      </KeyDescriptor>
      <SingleLogoutService Binding="urn:oasis:names:tc:SAML:2.0:bindings:HTTP-Redirect" Location="https://wayf.surfnet.nl/federate/saml20"/>
      <NameIDFormat>urn:oasis:names:tc:SAML:2.0:nameid-format:persistent</NameIDFormat>
      <NameIDFormat>urn:oasis:names:tc:SAML:2.0:nameid-format:transient</NameIDFormat>
      <SingleSignOnService Binding="urn:oasis:names:tc:SAML:2.0:bindings:HTTP-Redirect" Location="https://wayf.surfnet.nl/federate/saml20/https%253A%252F%252Fidvnam-idp.rocvantwente.nl%252Fnidp%252Fsaml2%252Fmetadata"/>
      <SingleSignOnService Binding="urn:oasis:names:tc:SAML:2.0:bindings:HTTP-POST" Location="https://wayf.surfnet.nl/federate/saml20/https%253A%252F%252Fidvnam-idp.rocvantwente.nl%252Fnidp%252Fsaml2%252Fmetadata"/>
    </IDPSSODescriptor>
    <Organization>
      <OrganizationName xml:lang="en">ROC van Twente</OrganizationName>
      <OrganizationDisplayName xml:lang="en">ROC van Twente</OrganizationDisplayName>
      <OrganizationURL xml:lang="en">http://www.surffederatie.nl</OrganizationURL>
    </Organization>
    <ContactPerson contactType="technical">
      <SurName>AAI Beheer</SurName>
      <EmailAddress>aai-beheer@surfnet.nl</EmailAddress>
    </ContactPerson>
    <ContactPerson contactType="administrative">
      <GivenName>SURFfederatie Beheer</GivenName>
      <EmailAddress>federatie-beheer@surfnet.nl</EmailAddress>
    </ContactPerson>
  </EntityDescriptor>
  <EntityDescriptor xmlns="urn:oasis:names:tc:SAML:2.0:metadata" entityID="urn:federation:sara:ka">
    <IDPSSODescriptor protocolSupportEnumeration="urn:oasis:names:tc:SAML:2.0:protocol">
      <KeyDescriptor use="signing">
        <ds:KeyInfo xmlns:ds="http://www.w3.org/2000/09/xmldsig#">
          <ds:X509Data>
            <ds:X509Certificate>
MIIEVDCCAzygAwIBAgIJANm7yUGYaeG1MA0GCSqGSIb3DQEBBQUAMHkxCzAJBgNV
BAYTAk5MMRAwDgYDVQQKEwdTVVJGbmV0MREwDwYDVQQLEwhTZXJ2aWNlczEZMBcG
A1UEAxMQRmVkZXJhdGllIEJlaGVlcjEqMCgGCSqGSIb3DQEJARYbZmVkZXJhdGll
LWJlaGVlckBzdXJmbmV0Lm5sMB4XDTA4MDYwNTE1MDgyMVoXDTIzMDYwMjE1MDgy
MVoweTELMAkGA1UEBhMCTkwxEDAOBgNVBAoTB1NVUkZuZXQxETAPBgNVBAsTCFNl
cnZpY2VzMRkwFwYDVQQDExBGZWRlcmF0aWUgQmVoZWVyMSowKAYJKoZIhvcNAQkB
FhtmZWRlcmF0aWUtYmVoZWVyQHN1cmZuZXQubmwwggEiMA0GCSqGSIb3DQEBAQUA
A4IBDwAwggEKAoIBAQC/x+YuMaHyS3xeogfBB6hWrL4Frp+KzOuu4IixfhMHz3xI
G5l7p2aNV8UrEXevOwMWCgMNxjfSLdZBgNhR14GBh2cVGCx9f/wUtB86scmkP3Pr
RLoZWu/EIY6MEbgET3D3tkdGuVejQwwhJTlK2xxWHtEdEL5abjYLveDg6Lb6z9od
ljFevylBMZO+5LwTjpa3+B+07oMZr2sV1yjsG2BEBwTFz4XZzJAabeK9UO836qhN
ptktjffoCNen33tNCjzqci4wzgQef3CNA/Ef0tMKGotdldKC6FtHvXixmVY5RKUK
Iutm8sRwne8XYqrD54BAgXZQ0ZovxFbvGhA77YXxAgMBAAGjgd4wgdswHQYDVR0O
BBYEFJNoYjIYUrDN/h1+9BZYOTk7jQBNMIGrBgNVHSMEgaMwgaCAFJNoYjIYUrDN
/h1+9BZYOTk7jQBNoX2kezB5MQswCQYDVQQGEwJOTDEQMA4GA1UEChMHU1VSRm5l
dDERMA8GA1UECxMIU2VydmljZXMxGTAXBgNVBAMTEEZlZGVyYXRpZSBCZWhlZXIx
KjAoBgkqhkiG9w0BCQEWG2ZlZGVyYXRpZS1iZWhlZXJAc3VyZm5ldC5ubIIJANm7
yUGYaeG1MAwGA1UdEwQFMAMBAf8wDQYJKoZIhvcNAQEFBQADggEBAI4IxrYPwwjJ
D9gO1Vzt8ByeQaRe+V0Mv5Ox9RlcXV33WX8Ny8hqUS4/kjs9v7JOuOw7TRop/4QJ
IAv/LEXH9B+hQ96zdLGMCcHI2crWF8l0yZ/DtgkpdlcyS7dNbjLtedtmgrOMSQub
LE02tqoSUR491mQbRuXD49+kJsHXZH8I1YZqOShzPZ7+ksvnBd64txhef8OBlCzE
elT60nOC3Jm8k3i0HwPcCYfDrh6+MJfC2dvfgktAcyu8rm1Q/ZelxaaXok17wUKg
D8nDrVCOfTND1RCGcqJ3YVjYDhBrMdK+5NSuC5KOJUpVZbKgTOilnOM7B/Os8HJC
fxLkDyGV/oQ=
     	                  </ds:X509Certificate>
          </ds:X509Data>
        </ds:KeyInfo>
      </KeyDescriptor>
      <SingleLogoutService Binding="urn:oasis:names:tc:SAML:2.0:bindings:HTTP-Redirect" Location="https://wayf.surfnet.nl/federate/saml20"/>
      <NameIDFormat>urn:oasis:names:tc:SAML:2.0:nameid-format:persistent</NameIDFormat>
      <NameIDFormat>urn:oasis:names:tc:SAML:2.0:nameid-format:transient</NameIDFormat>
      <SingleSignOnService Binding="urn:oasis:names:tc:SAML:2.0:bindings:HTTP-Redirect" Location="https://wayf.surfnet.nl/federate/saml20/urn%253Afederation%253Asara%253Aka"/>
      <SingleSignOnService Binding="urn:oasis:names:tc:SAML:2.0:bindings:HTTP-POST" Location="https://wayf.surfnet.nl/federate/saml20/urn%253Afederation%253Asara%253Aka"/>
    </IDPSSODescriptor>
    <Organization>
      <OrganizationName xml:lang="en">SARA</OrganizationName>
      <OrganizationDisplayName xml:lang="en">SARA</OrganizationDisplayName>
      <OrganizationURL xml:lang="en">https://adfs.sara.nl/adfs/ls/</OrganizationURL>
    </Organization>
    <ContactPerson contactType="technical">
      <SurName>AAI Beheer</SurName>
      <EmailAddress>aai-beheer@surfnet.nl</EmailAddress>
    </ContactPerson>
    <ContactPerson contactType="administrative">
      <GivenName>SURFfederatie Beheer</GivenName>
      <EmailAddress>federatie-beheer@surfnet.nl</EmailAddress>
    </ContactPerson>
  </EntityDescriptor>
  <EntityDescriptor xmlns="urn:oasis:names:tc:SAML:2.0:metadata" entityID="Saxion">
    <IDPSSODescriptor protocolSupportEnumeration="urn:oasis:names:tc:SAML:2.0:protocol">
      <KeyDescriptor use="signing">
        <ds:KeyInfo xmlns:ds="http://www.w3.org/2000/09/xmldsig#">
          <ds:X509Data>
            <ds:X509Certificate>
MIIEVDCCAzygAwIBAgIJANm7yUGYaeG1MA0GCSqGSIb3DQEBBQUAMHkxCzAJBgNV
BAYTAk5MMRAwDgYDVQQKEwdTVVJGbmV0MREwDwYDVQQLEwhTZXJ2aWNlczEZMBcG
A1UEAxMQRmVkZXJhdGllIEJlaGVlcjEqMCgGCSqGSIb3DQEJARYbZmVkZXJhdGll
LWJlaGVlckBzdXJmbmV0Lm5sMB4XDTA4MDYwNTE1MDgyMVoXDTIzMDYwMjE1MDgy
MVoweTELMAkGA1UEBhMCTkwxEDAOBgNVBAoTB1NVUkZuZXQxETAPBgNVBAsTCFNl
cnZpY2VzMRkwFwYDVQQDExBGZWRlcmF0aWUgQmVoZWVyMSowKAYJKoZIhvcNAQkB
FhtmZWRlcmF0aWUtYmVoZWVyQHN1cmZuZXQubmwwggEiMA0GCSqGSIb3DQEBAQUA
A4IBDwAwggEKAoIBAQC/x+YuMaHyS3xeogfBB6hWrL4Frp+KzOuu4IixfhMHz3xI
G5l7p2aNV8UrEXevOwMWCgMNxjfSLdZBgNhR14GBh2cVGCx9f/wUtB86scmkP3Pr
RLoZWu/EIY6MEbgET3D3tkdGuVejQwwhJTlK2xxWHtEdEL5abjYLveDg6Lb6z9od
ljFevylBMZO+5LwTjpa3+B+07oMZr2sV1yjsG2BEBwTFz4XZzJAabeK9UO836qhN
ptktjffoCNen33tNCjzqci4wzgQef3CNA/Ef0tMKGotdldKC6FtHvXixmVY5RKUK
Iutm8sRwne8XYqrD54BAgXZQ0ZovxFbvGhA77YXxAgMBAAGjgd4wgdswHQYDVR0O
BBYEFJNoYjIYUrDN/h1+9BZYOTk7jQBNMIGrBgNVHSMEgaMwgaCAFJNoYjIYUrDN
/h1+9BZYOTk7jQBNoX2kezB5MQswCQYDVQQGEwJOTDEQMA4GA1UEChMHU1VSRm5l
dDERMA8GA1UECxMIU2VydmljZXMxGTAXBgNVBAMTEEZlZGVyYXRpZSBCZWhlZXIx
KjAoBgkqhkiG9w0BCQEWG2ZlZGVyYXRpZS1iZWhlZXJAc3VyZm5ldC5ubIIJANm7
yUGYaeG1MAwGA1UdEwQFMAMBAf8wDQYJKoZIhvcNAQEFBQADggEBAI4IxrYPwwjJ
D9gO1Vzt8ByeQaRe+V0Mv5Ox9RlcXV33WX8Ny8hqUS4/kjs9v7JOuOw7TRop/4QJ
IAv/LEXH9B+hQ96zdLGMCcHI2crWF8l0yZ/DtgkpdlcyS7dNbjLtedtmgrOMSQub
LE02tqoSUR491mQbRuXD49+kJsHXZH8I1YZqOShzPZ7+ksvnBd64txhef8OBlCzE
elT60nOC3Jm8k3i0HwPcCYfDrh6+MJfC2dvfgktAcyu8rm1Q/ZelxaaXok17wUKg
D8nDrVCOfTND1RCGcqJ3YVjYDhBrMdK+5NSuC5KOJUpVZbKgTOilnOM7B/Os8HJC
fxLkDyGV/oQ=
     	                  </ds:X509Certificate>
          </ds:X509Data>
        </ds:KeyInfo>
      </KeyDescriptor>
      <SingleLogoutService Binding="urn:oasis:names:tc:SAML:2.0:bindings:HTTP-Redirect" Location="https://wayf.surfnet.nl/federate/saml20"/>
      <NameIDFormat>urn:oasis:names:tc:SAML:2.0:nameid-format:persistent</NameIDFormat>
      <NameIDFormat>urn:oasis:names:tc:SAML:2.0:nameid-format:transient</NameIDFormat>
      <SingleSignOnService Binding="urn:oasis:names:tc:SAML:2.0:bindings:HTTP-Redirect" Location="https://wayf.surfnet.nl/federate/saml20/Saxion"/>
      <SingleSignOnService Binding="urn:oasis:names:tc:SAML:2.0:bindings:HTTP-POST" Location="https://wayf.surfnet.nl/federate/saml20/Saxion"/>
    </IDPSSODescriptor>
    <Organization>
      <OrganizationName xml:lang="en">Saxion Hogescholen</OrganizationName>
      <OrganizationDisplayName xml:lang="en">Saxion Hogescholen</OrganizationDisplayName>
      <OrganizationURL xml:lang="en">http://www.surffederatie.nl</OrganizationURL>
    </Organization>
    <ContactPerson contactType="technical">
      <SurName>AAI Beheer</SurName>
      <EmailAddress>aai-beheer@surfnet.nl</EmailAddress>
    </ContactPerson>
    <ContactPerson contactType="administrative">
      <GivenName>SURFfederatie Beheer</GivenName>
      <EmailAddress>federatie-beheer@surfnet.nl</EmailAddress>
    </ContactPerson>
  </EntityDescriptor>
  <EntityDescriptor xmlns="urn:oasis:names:tc:SAML:2.0:metadata" entityID="https://fedlogin.schakelzone.nl/fed/idp">
    <IDPSSODescriptor protocolSupportEnumeration="urn:oasis:names:tc:SAML:2.0:protocol">
      <KeyDescriptor use="signing">
        <ds:KeyInfo xmlns:ds="http://www.w3.org/2000/09/xmldsig#">
          <ds:X509Data>
            <ds:X509Certificate>
MIIEVDCCAzygAwIBAgIJANm7yUGYaeG1MA0GCSqGSIb3DQEBBQUAMHkxCzAJBgNV
BAYTAk5MMRAwDgYDVQQKEwdTVVJGbmV0MREwDwYDVQQLEwhTZXJ2aWNlczEZMBcG
A1UEAxMQRmVkZXJhdGllIEJlaGVlcjEqMCgGCSqGSIb3DQEJARYbZmVkZXJhdGll
LWJlaGVlckBzdXJmbmV0Lm5sMB4XDTA4MDYwNTE1MDgyMVoXDTIzMDYwMjE1MDgy
MVoweTELMAkGA1UEBhMCTkwxEDAOBgNVBAoTB1NVUkZuZXQxETAPBgNVBAsTCFNl
cnZpY2VzMRkwFwYDVQQDExBGZWRlcmF0aWUgQmVoZWVyMSowKAYJKoZIhvcNAQkB
FhtmZWRlcmF0aWUtYmVoZWVyQHN1cmZuZXQubmwwggEiMA0GCSqGSIb3DQEBAQUA
A4IBDwAwggEKAoIBAQC/x+YuMaHyS3xeogfBB6hWrL4Frp+KzOuu4IixfhMHz3xI
G5l7p2aNV8UrEXevOwMWCgMNxjfSLdZBgNhR14GBh2cVGCx9f/wUtB86scmkP3Pr
RLoZWu/EIY6MEbgET3D3tkdGuVejQwwhJTlK2xxWHtEdEL5abjYLveDg6Lb6z9od
ljFevylBMZO+5LwTjpa3+B+07oMZr2sV1yjsG2BEBwTFz4XZzJAabeK9UO836qhN
ptktjffoCNen33tNCjzqci4wzgQef3CNA/Ef0tMKGotdldKC6FtHvXixmVY5RKUK
Iutm8sRwne8XYqrD54BAgXZQ0ZovxFbvGhA77YXxAgMBAAGjgd4wgdswHQYDVR0O
BBYEFJNoYjIYUrDN/h1+9BZYOTk7jQBNMIGrBgNVHSMEgaMwgaCAFJNoYjIYUrDN
/h1+9BZYOTk7jQBNoX2kezB5MQswCQYDVQQGEwJOTDEQMA4GA1UEChMHU1VSRm5l
dDERMA8GA1UECxMIU2VydmljZXMxGTAXBgNVBAMTEEZlZGVyYXRpZSBCZWhlZXIx
KjAoBgkqhkiG9w0BCQEWG2ZlZGVyYXRpZS1iZWhlZXJAc3VyZm5ldC5ubIIJANm7
yUGYaeG1MAwGA1UdEwQFMAMBAf8wDQYJKoZIhvcNAQEFBQADggEBAI4IxrYPwwjJ
D9gO1Vzt8ByeQaRe+V0Mv5Ox9RlcXV33WX8Ny8hqUS4/kjs9v7JOuOw7TRop/4QJ
IAv/LEXH9B+hQ96zdLGMCcHI2crWF8l0yZ/DtgkpdlcyS7dNbjLtedtmgrOMSQub
LE02tqoSUR491mQbRuXD49+kJsHXZH8I1YZqOShzPZ7+ksvnBd64txhef8OBlCzE
elT60nOC3Jm8k3i0HwPcCYfDrh6+MJfC2dvfgktAcyu8rm1Q/ZelxaaXok17wUKg
D8nDrVCOfTND1RCGcqJ3YVjYDhBrMdK+5NSuC5KOJUpVZbKgTOilnOM7B/Os8HJC
fxLkDyGV/oQ=
     	                  </ds:X509Certificate>
          </ds:X509Data>
        </ds:KeyInfo>
      </KeyDescriptor>
      <SingleLogoutService Binding="urn:oasis:names:tc:SAML:2.0:bindings:HTTP-Redirect" Location="https://wayf.surfnet.nl/federate/saml20"/>
      <NameIDFormat>urn:oasis:names:tc:SAML:2.0:nameid-format:persistent</NameIDFormat>
      <NameIDFormat>urn:oasis:names:tc:SAML:2.0:nameid-format:transient</NameIDFormat>
      <SingleSignOnService Binding="urn:oasis:names:tc:SAML:2.0:bindings:HTTP-Redirect" Location="https://wayf.surfnet.nl/federate/saml20/https%253A%252F%252Ffedlogin.schakelzone.nl%252Ffed%252Fidp"/>
      <SingleSignOnService Binding="urn:oasis:names:tc:SAML:2.0:bindings:HTTP-POST" Location="https://wayf.surfnet.nl/federate/saml20/https%253A%252F%252Ffedlogin.schakelzone.nl%252Ffed%252Fidp"/>
    </IDPSSODescriptor>
    <Organization>
      <OrganizationName xml:lang="en">Schakelzone Recht</OrganizationName>
      <OrganizationDisplayName xml:lang="en">Schakelzone Recht</OrganizationDisplayName>
      <OrganizationURL xml:lang="en">http://www.surffederatie.nl</OrganizationURL>
    </Organization>
    <ContactPerson contactType="technical">
      <SurName>AAI Beheer</SurName>
      <EmailAddress>aai-beheer@surfnet.nl</EmailAddress>
    </ContactPerson>
    <ContactPerson contactType="administrative">
      <GivenName>SURFfederatie Beheer</GivenName>
      <EmailAddress>federatie-beheer@surfnet.nl</EmailAddress>
    </ContactPerson>
  </EntityDescriptor>
  <EntityDescriptor xmlns="urn:oasis:names:tc:SAML:2.0:metadata" entityID="urn:federation:Springer-sbm">
    <IDPSSODescriptor protocolSupportEnumeration="urn:oasis:names:tc:SAML:2.0:protocol">
      <KeyDescriptor use="signing">
        <ds:KeyInfo xmlns:ds="http://www.w3.org/2000/09/xmldsig#">
          <ds:X509Data>
            <ds:X509Certificate>
MIIEVDCCAzygAwIBAgIJANm7yUGYaeG1MA0GCSqGSIb3DQEBBQUAMHkxCzAJBgNV
BAYTAk5MMRAwDgYDVQQKEwdTVVJGbmV0MREwDwYDVQQLEwhTZXJ2aWNlczEZMBcG
A1UEAxMQRmVkZXJhdGllIEJlaGVlcjEqMCgGCSqGSIb3DQEJARYbZmVkZXJhdGll
LWJlaGVlckBzdXJmbmV0Lm5sMB4XDTA4MDYwNTE1MDgyMVoXDTIzMDYwMjE1MDgy
MVoweTELMAkGA1UEBhMCTkwxEDAOBgNVBAoTB1NVUkZuZXQxETAPBgNVBAsTCFNl
cnZpY2VzMRkwFwYDVQQDExBGZWRlcmF0aWUgQmVoZWVyMSowKAYJKoZIhvcNAQkB
FhtmZWRlcmF0aWUtYmVoZWVyQHN1cmZuZXQubmwwggEiMA0GCSqGSIb3DQEBAQUA
A4IBDwAwggEKAoIBAQC/x+YuMaHyS3xeogfBB6hWrL4Frp+KzOuu4IixfhMHz3xI
G5l7p2aNV8UrEXevOwMWCgMNxjfSLdZBgNhR14GBh2cVGCx9f/wUtB86scmkP3Pr
RLoZWu/EIY6MEbgET3D3tkdGuVejQwwhJTlK2xxWHtEdEL5abjYLveDg6Lb6z9od
ljFevylBMZO+5LwTjpa3+B+07oMZr2sV1yjsG2BEBwTFz4XZzJAabeK9UO836qhN
ptktjffoCNen33tNCjzqci4wzgQef3CNA/Ef0tMKGotdldKC6FtHvXixmVY5RKUK
Iutm8sRwne8XYqrD54BAgXZQ0ZovxFbvGhA77YXxAgMBAAGjgd4wgdswHQYDVR0O
BBYEFJNoYjIYUrDN/h1+9BZYOTk7jQBNMIGrBgNVHSMEgaMwgaCAFJNoYjIYUrDN
/h1+9BZYOTk7jQBNoX2kezB5MQswCQYDVQQGEwJOTDEQMA4GA1UEChMHU1VSRm5l
dDERMA8GA1UECxMIU2VydmljZXMxGTAXBgNVBAMTEEZlZGVyYXRpZSBCZWhlZXIx
KjAoBgkqhkiG9w0BCQEWG2ZlZGVyYXRpZS1iZWhlZXJAc3VyZm5ldC5ubIIJANm7
yUGYaeG1MAwGA1UdEwQFMAMBAf8wDQYJKoZIhvcNAQEFBQADggEBAI4IxrYPwwjJ
D9gO1Vzt8ByeQaRe+V0Mv5Ox9RlcXV33WX8Ny8hqUS4/kjs9v7JOuOw7TRop/4QJ
IAv/LEXH9B+hQ96zdLGMCcHI2crWF8l0yZ/DtgkpdlcyS7dNbjLtedtmgrOMSQub
LE02tqoSUR491mQbRuXD49+kJsHXZH8I1YZqOShzPZ7+ksvnBd64txhef8OBlCzE
elT60nOC3Jm8k3i0HwPcCYfDrh6+MJfC2dvfgktAcyu8rm1Q/ZelxaaXok17wUKg
D8nDrVCOfTND1RCGcqJ3YVjYDhBrMdK+5NSuC5KOJUpVZbKgTOilnOM7B/Os8HJC
fxLkDyGV/oQ=
     	                  </ds:X509Certificate>
          </ds:X509Data>
        </ds:KeyInfo>
      </KeyDescriptor>
      <SingleLogoutService Binding="urn:oasis:names:tc:SAML:2.0:bindings:HTTP-Redirect" Location="https://wayf.surfnet.nl/federate/saml20"/>
      <NameIDFormat>urn:oasis:names:tc:SAML:2.0:nameid-format:persistent</NameIDFormat>
      <NameIDFormat>urn:oasis:names:tc:SAML:2.0:nameid-format:transient</NameIDFormat>
      <SingleSignOnService Binding="urn:oasis:names:tc:SAML:2.0:bindings:HTTP-Redirect" Location="https://wayf.surfnet.nl/federate/saml20/urn%253Afederation%253ASpringer-sbm"/>
      <SingleSignOnService Binding="urn:oasis:names:tc:SAML:2.0:bindings:HTTP-POST" Location="https://wayf.surfnet.nl/federate/saml20/urn%253Afederation%253ASpringer-sbm"/>
    </IDPSSODescriptor>
    <Organization>
      <OrganizationName xml:lang="en">Springer Science+Business Media</OrganizationName>
      <OrganizationDisplayName xml:lang="en">Springer Science+Business Media</OrganizationDisplayName>
      <OrganizationURL xml:lang="en">https://senldogo0281.springer-sbm.com/adfs/ls/</OrganizationURL>
    </Organization>
    <ContactPerson contactType="technical">
      <SurName>AAI Beheer</SurName>
      <EmailAddress>aai-beheer@surfnet.nl</EmailAddress>
    </ContactPerson>
    <ContactPerson contactType="administrative">
      <GivenName>SURFfederatie Beheer</GivenName>
      <EmailAddress>federatie-beheer@surfnet.nl</EmailAddress>
    </ContactPerson>
  </EntityDescriptor>
  <EntityDescriptor xmlns="urn:oasis:names:tc:SAML:2.0:metadata" entityID="http://adfs.stenden.com/adfs/services/trust">
    <IDPSSODescriptor protocolSupportEnumeration="urn:oasis:names:tc:SAML:2.0:protocol">
      <KeyDescriptor use="signing">
        <ds:KeyInfo xmlns:ds="http://www.w3.org/2000/09/xmldsig#">
          <ds:X509Data>
            <ds:X509Certificate>
MIIEVDCCAzygAwIBAgIJANm7yUGYaeG1MA0GCSqGSIb3DQEBBQUAMHkxCzAJBgNV
BAYTAk5MMRAwDgYDVQQKEwdTVVJGbmV0MREwDwYDVQQLEwhTZXJ2aWNlczEZMBcG
A1UEAxMQRmVkZXJhdGllIEJlaGVlcjEqMCgGCSqGSIb3DQEJARYbZmVkZXJhdGll
LWJlaGVlckBzdXJmbmV0Lm5sMB4XDTA4MDYwNTE1MDgyMVoXDTIzMDYwMjE1MDgy
MVoweTELMAkGA1UEBhMCTkwxEDAOBgNVBAoTB1NVUkZuZXQxETAPBgNVBAsTCFNl
cnZpY2VzMRkwFwYDVQQDExBGZWRlcmF0aWUgQmVoZWVyMSowKAYJKoZIhvcNAQkB
FhtmZWRlcmF0aWUtYmVoZWVyQHN1cmZuZXQubmwwggEiMA0GCSqGSIb3DQEBAQUA
A4IBDwAwggEKAoIBAQC/x+YuMaHyS3xeogfBB6hWrL4Frp+KzOuu4IixfhMHz3xI
G5l7p2aNV8UrEXevOwMWCgMNxjfSLdZBgNhR14GBh2cVGCx9f/wUtB86scmkP3Pr
RLoZWu/EIY6MEbgET3D3tkdGuVejQwwhJTlK2xxWHtEdEL5abjYLveDg6Lb6z9od
ljFevylBMZO+5LwTjpa3+B+07oMZr2sV1yjsG2BEBwTFz4XZzJAabeK9UO836qhN
ptktjffoCNen33tNCjzqci4wzgQef3CNA/Ef0tMKGotdldKC6FtHvXixmVY5RKUK
Iutm8sRwne8XYqrD54BAgXZQ0ZovxFbvGhA77YXxAgMBAAGjgd4wgdswHQYDVR0O
BBYEFJNoYjIYUrDN/h1+9BZYOTk7jQBNMIGrBgNVHSMEgaMwgaCAFJNoYjIYUrDN
/h1+9BZYOTk7jQBNoX2kezB5MQswCQYDVQQGEwJOTDEQMA4GA1UEChMHU1VSRm5l
dDERMA8GA1UECxMIU2VydmljZXMxGTAXBgNVBAMTEEZlZGVyYXRpZSBCZWhlZXIx
KjAoBgkqhkiG9w0BCQEWG2ZlZGVyYXRpZS1iZWhlZXJAc3VyZm5ldC5ubIIJANm7
yUGYaeG1MAwGA1UdEwQFMAMBAf8wDQYJKoZIhvcNAQEFBQADggEBAI4IxrYPwwjJ
D9gO1Vzt8ByeQaRe+V0Mv5Ox9RlcXV33WX8Ny8hqUS4/kjs9v7JOuOw7TRop/4QJ
IAv/LEXH9B+hQ96zdLGMCcHI2crWF8l0yZ/DtgkpdlcyS7dNbjLtedtmgrOMSQub
LE02tqoSUR491mQbRuXD49+kJsHXZH8I1YZqOShzPZ7+ksvnBd64txhef8OBlCzE
elT60nOC3Jm8k3i0HwPcCYfDrh6+MJfC2dvfgktAcyu8rm1Q/ZelxaaXok17wUKg
D8nDrVCOfTND1RCGcqJ3YVjYDhBrMdK+5NSuC5KOJUpVZbKgTOilnOM7B/Os8HJC
fxLkDyGV/oQ=
     	                  </ds:X509Certificate>
          </ds:X509Data>
        </ds:KeyInfo>
      </KeyDescriptor>
      <SingleLogoutService Binding="urn:oasis:names:tc:SAML:2.0:bindings:HTTP-Redirect" Location="https://wayf.surfnet.nl/federate/saml20"/>
      <NameIDFormat>urn:oasis:names:tc:SAML:2.0:nameid-format:persistent</NameIDFormat>
      <NameIDFormat>urn:oasis:names:tc:SAML:2.0:nameid-format:transient</NameIDFormat>
      <SingleSignOnService Binding="urn:oasis:names:tc:SAML:2.0:bindings:HTTP-Redirect" Location="https://wayf.surfnet.nl/federate/saml20/http%253A%252F%252Fadfs.stenden.com%252Fadfs%252Fservices%252Ftrust"/>
      <SingleSignOnService Binding="urn:oasis:names:tc:SAML:2.0:bindings:HTTP-POST" Location="https://wayf.surfnet.nl/federate/saml20/http%253A%252F%252Fadfs.stenden.com%252Fadfs%252Fservices%252Ftrust"/>
    </IDPSSODescriptor>
    <Organization>
      <OrganizationName xml:lang="en">Stenden Hogeschool</OrganizationName>
      <OrganizationDisplayName xml:lang="en">Stenden Hogeschool</OrganizationDisplayName>
      <OrganizationURL xml:lang="en">http://www.surffederatie.nl</OrganizationURL>
    </Organization>
    <ContactPerson contactType="technical">
      <SurName>AAI Beheer</SurName>
      <EmailAddress>aai-beheer@surfnet.nl</EmailAddress>
    </ContactPerson>
    <ContactPerson contactType="administrative">
      <GivenName>SURFfederatie Beheer</GivenName>
      <EmailAddress>federatie-beheer@surfnet.nl</EmailAddress>
    </ContactPerson>
  </EntityDescriptor>
  <EntityDescriptor xmlns="urn:oasis:names:tc:SAML:2.0:metadata" entityID="http://adfs.somt.nl/adfs/services/trust">
    <IDPSSODescriptor protocolSupportEnumeration="urn:oasis:names:tc:SAML:2.0:protocol">
      <KeyDescriptor use="signing">
        <ds:KeyInfo xmlns:ds="http://www.w3.org/2000/09/xmldsig#">
          <ds:X509Data>
            <ds:X509Certificate>
MIIEVDCCAzygAwIBAgIJANm7yUGYaeG1MA0GCSqGSIb3DQEBBQUAMHkxCzAJBgNV
BAYTAk5MMRAwDgYDVQQKEwdTVVJGbmV0MREwDwYDVQQLEwhTZXJ2aWNlczEZMBcG
A1UEAxMQRmVkZXJhdGllIEJlaGVlcjEqMCgGCSqGSIb3DQEJARYbZmVkZXJhdGll
LWJlaGVlckBzdXJmbmV0Lm5sMB4XDTA4MDYwNTE1MDgyMVoXDTIzMDYwMjE1MDgy
MVoweTELMAkGA1UEBhMCTkwxEDAOBgNVBAoTB1NVUkZuZXQxETAPBgNVBAsTCFNl
cnZpY2VzMRkwFwYDVQQDExBGZWRlcmF0aWUgQmVoZWVyMSowKAYJKoZIhvcNAQkB
FhtmZWRlcmF0aWUtYmVoZWVyQHN1cmZuZXQubmwwggEiMA0GCSqGSIb3DQEBAQUA
A4IBDwAwggEKAoIBAQC/x+YuMaHyS3xeogfBB6hWrL4Frp+KzOuu4IixfhMHz3xI
G5l7p2aNV8UrEXevOwMWCgMNxjfSLdZBgNhR14GBh2cVGCx9f/wUtB86scmkP3Pr
RLoZWu/EIY6MEbgET3D3tkdGuVejQwwhJTlK2xxWHtEdEL5abjYLveDg6Lb6z9od
ljFevylBMZO+5LwTjpa3+B+07oMZr2sV1yjsG2BEBwTFz4XZzJAabeK9UO836qhN
ptktjffoCNen33tNCjzqci4wzgQef3CNA/Ef0tMKGotdldKC6FtHvXixmVY5RKUK
Iutm8sRwne8XYqrD54BAgXZQ0ZovxFbvGhA77YXxAgMBAAGjgd4wgdswHQYDVR0O
BBYEFJNoYjIYUrDN/h1+9BZYOTk7jQBNMIGrBgNVHSMEgaMwgaCAFJNoYjIYUrDN
/h1+9BZYOTk7jQBNoX2kezB5MQswCQYDVQQGEwJOTDEQMA4GA1UEChMHU1VSRm5l
dDERMA8GA1UECxMIU2VydmljZXMxGTAXBgNVBAMTEEZlZGVyYXRpZSBCZWhlZXIx
KjAoBgkqhkiG9w0BCQEWG2ZlZGVyYXRpZS1iZWhlZXJAc3VyZm5ldC5ubIIJANm7
yUGYaeG1MAwGA1UdEwQFMAMBAf8wDQYJKoZIhvcNAQEFBQADggEBAI4IxrYPwwjJ
D9gO1Vzt8ByeQaRe+V0Mv5Ox9RlcXV33WX8Ny8hqUS4/kjs9v7JOuOw7TRop/4QJ
IAv/LEXH9B+hQ96zdLGMCcHI2crWF8l0yZ/DtgkpdlcyS7dNbjLtedtmgrOMSQub
LE02tqoSUR491mQbRuXD49+kJsHXZH8I1YZqOShzPZ7+ksvnBd64txhef8OBlCzE
elT60nOC3Jm8k3i0HwPcCYfDrh6+MJfC2dvfgktAcyu8rm1Q/ZelxaaXok17wUKg
D8nDrVCOfTND1RCGcqJ3YVjYDhBrMdK+5NSuC5KOJUpVZbKgTOilnOM7B/Os8HJC
fxLkDyGV/oQ=
     	                  </ds:X509Certificate>
          </ds:X509Data>
        </ds:KeyInfo>
      </KeyDescriptor>
      <SingleLogoutService Binding="urn:oasis:names:tc:SAML:2.0:bindings:HTTP-Redirect" Location="https://wayf.surfnet.nl/federate/saml20"/>
      <NameIDFormat>urn:oasis:names:tc:SAML:2.0:nameid-format:persistent</NameIDFormat>
      <NameIDFormat>urn:oasis:names:tc:SAML:2.0:nameid-format:transient</NameIDFormat>
      <SingleSignOnService Binding="urn:oasis:names:tc:SAML:2.0:bindings:HTTP-Redirect" Location="https://wayf.surfnet.nl/federate/saml20/http%253A%252F%252Fadfs.somt.nl%252Fadfs%252Fservices%252Ftrust"/>
      <SingleSignOnService Binding="urn:oasis:names:tc:SAML:2.0:bindings:HTTP-POST" Location="https://wayf.surfnet.nl/federate/saml20/http%253A%252F%252Fadfs.somt.nl%252Fadfs%252Fservices%252Ftrust"/>
    </IDPSSODescriptor>
    <Organization>
      <OrganizationName xml:lang="en">Stichting Opleidingen Musculoskeletale Therapie</OrganizationName>
      <OrganizationDisplayName xml:lang="en">Stichting Opleidingen Musculoskeletale Therapie</OrganizationDisplayName>
      <OrganizationURL xml:lang="en">http://www.surffederatie.nl</OrganizationURL>
    </Organization>
    <ContactPerson contactType="technical">
      <SurName>AAI Beheer</SurName>
      <EmailAddress>aai-beheer@surfnet.nl</EmailAddress>
    </ContactPerson>
    <ContactPerson contactType="administrative">
      <GivenName>SURFfederatie Beheer</GivenName>
      <EmailAddress>federatie-beheer@surfnet.nl</EmailAddress>
    </ContactPerson>
  </EntityDescriptor>
  <EntityDescriptor xmlns="urn:oasis:names:tc:SAML:2.0:metadata" entityID="urn:federation:MultrixADFS">
    <IDPSSODescriptor protocolSupportEnumeration="urn:oasis:names:tc:SAML:2.0:protocol">
      <KeyDescriptor use="signing">
        <ds:KeyInfo xmlns:ds="http://www.w3.org/2000/09/xmldsig#">
          <ds:X509Data>
            <ds:X509Certificate>
MIIEVDCCAzygAwIBAgIJANm7yUGYaeG1MA0GCSqGSIb3DQEBBQUAMHkxCzAJBgNV
BAYTAk5MMRAwDgYDVQQKEwdTVVJGbmV0MREwDwYDVQQLEwhTZXJ2aWNlczEZMBcG
A1UEAxMQRmVkZXJhdGllIEJlaGVlcjEqMCgGCSqGSIb3DQEJARYbZmVkZXJhdGll
LWJlaGVlckBzdXJmbmV0Lm5sMB4XDTA4MDYwNTE1MDgyMVoXDTIzMDYwMjE1MDgy
MVoweTELMAkGA1UEBhMCTkwxEDAOBgNVBAoTB1NVUkZuZXQxETAPBgNVBAsTCFNl
cnZpY2VzMRkwFwYDVQQDExBGZWRlcmF0aWUgQmVoZWVyMSowKAYJKoZIhvcNAQkB
FhtmZWRlcmF0aWUtYmVoZWVyQHN1cmZuZXQubmwwggEiMA0GCSqGSIb3DQEBAQUA
A4IBDwAwggEKAoIBAQC/x+YuMaHyS3xeogfBB6hWrL4Frp+KzOuu4IixfhMHz3xI
G5l7p2aNV8UrEXevOwMWCgMNxjfSLdZBgNhR14GBh2cVGCx9f/wUtB86scmkP3Pr
RLoZWu/EIY6MEbgET3D3tkdGuVejQwwhJTlK2xxWHtEdEL5abjYLveDg6Lb6z9od
ljFevylBMZO+5LwTjpa3+B+07oMZr2sV1yjsG2BEBwTFz4XZzJAabeK9UO836qhN
ptktjffoCNen33tNCjzqci4wzgQef3CNA/Ef0tMKGotdldKC6FtHvXixmVY5RKUK
Iutm8sRwne8XYqrD54BAgXZQ0ZovxFbvGhA77YXxAgMBAAGjgd4wgdswHQYDVR0O
BBYEFJNoYjIYUrDN/h1+9BZYOTk7jQBNMIGrBgNVHSMEgaMwgaCAFJNoYjIYUrDN
/h1+9BZYOTk7jQBNoX2kezB5MQswCQYDVQQGEwJOTDEQMA4GA1UEChMHU1VSRm5l
dDERMA8GA1UECxMIU2VydmljZXMxGTAXBgNVBAMTEEZlZGVyYXRpZSBCZWhlZXIx
KjAoBgkqhkiG9w0BCQEWG2ZlZGVyYXRpZS1iZWhlZXJAc3VyZm5ldC5ubIIJANm7
yUGYaeG1MAwGA1UdEwQFMAMBAf8wDQYJKoZIhvcNAQEFBQADggEBAI4IxrYPwwjJ
D9gO1Vzt8ByeQaRe+V0Mv5Ox9RlcXV33WX8Ny8hqUS4/kjs9v7JOuOw7TRop/4QJ
IAv/LEXH9B+hQ96zdLGMCcHI2crWF8l0yZ/DtgkpdlcyS7dNbjLtedtmgrOMSQub
LE02tqoSUR491mQbRuXD49+kJsHXZH8I1YZqOShzPZ7+ksvnBd64txhef8OBlCzE
elT60nOC3Jm8k3i0HwPcCYfDrh6+MJfC2dvfgktAcyu8rm1Q/ZelxaaXok17wUKg
D8nDrVCOfTND1RCGcqJ3YVjYDhBrMdK+5NSuC5KOJUpVZbKgTOilnOM7B/Os8HJC
fxLkDyGV/oQ=
     	                  </ds:X509Certificate>
          </ds:X509Data>
        </ds:KeyInfo>
      </KeyDescriptor>
      <SingleLogoutService Binding="urn:oasis:names:tc:SAML:2.0:bindings:HTTP-Redirect" Location="https://wayf.surfnet.nl/federate/saml20"/>
      <NameIDFormat>urn:oasis:names:tc:SAML:2.0:nameid-format:persistent</NameIDFormat>
      <NameIDFormat>urn:oasis:names:tc:SAML:2.0:nameid-format:transient</NameIDFormat>
      <SingleSignOnService Binding="urn:oasis:names:tc:SAML:2.0:bindings:HTTP-Redirect" Location="https://wayf.surfnet.nl/federate/saml20/urn%253Afederation%253AMultrixADFS"/>
      <SingleSignOnService Binding="urn:oasis:names:tc:SAML:2.0:bindings:HTTP-POST" Location="https://wayf.surfnet.nl/federate/saml20/urn%253Afederation%253AMultrixADFS"/>
    </IDPSSODescriptor>
    <Organization>
      <OrganizationName xml:lang="en">SURF</OrganizationName>
      <OrganizationDisplayName xml:lang="en">SURF</OrganizationDisplayName>
      <OrganizationURL xml:lang="en">https://adfs.multrix.com/adfs/ls/</OrganizationURL>
    </Organization>
    <ContactPerson contactType="technical">
      <SurName>AAI Beheer</SurName>
      <EmailAddress>aai-beheer@surfnet.nl</EmailAddress>
    </ContactPerson>
    <ContactPerson contactType="administrative">
      <GivenName>SURFfederatie Beheer</GivenName>
      <EmailAddress>federatie-beheer@surfnet.nl</EmailAddress>
    </ContactPerson>
  </EntityDescriptor>
  <EntityDescriptor xmlns="urn:oasis:names:tc:SAML:2.0:metadata" entityID="http://authentigate.surfmarket.nl/adfs/services/trust">
    <IDPSSODescriptor protocolSupportEnumeration="urn:oasis:names:tc:SAML:2.0:protocol">
      <KeyDescriptor use="signing">
        <ds:KeyInfo xmlns:ds="http://www.w3.org/2000/09/xmldsig#">
          <ds:X509Data>
            <ds:X509Certificate>
MIIEVDCCAzygAwIBAgIJANm7yUGYaeG1MA0GCSqGSIb3DQEBBQUAMHkxCzAJBgNV
BAYTAk5MMRAwDgYDVQQKEwdTVVJGbmV0MREwDwYDVQQLEwhTZXJ2aWNlczEZMBcG
A1UEAxMQRmVkZXJhdGllIEJlaGVlcjEqMCgGCSqGSIb3DQEJARYbZmVkZXJhdGll
LWJlaGVlckBzdXJmbmV0Lm5sMB4XDTA4MDYwNTE1MDgyMVoXDTIzMDYwMjE1MDgy
MVoweTELMAkGA1UEBhMCTkwxEDAOBgNVBAoTB1NVUkZuZXQxETAPBgNVBAsTCFNl
cnZpY2VzMRkwFwYDVQQDExBGZWRlcmF0aWUgQmVoZWVyMSowKAYJKoZIhvcNAQkB
FhtmZWRlcmF0aWUtYmVoZWVyQHN1cmZuZXQubmwwggEiMA0GCSqGSIb3DQEBAQUA
A4IBDwAwggEKAoIBAQC/x+YuMaHyS3xeogfBB6hWrL4Frp+KzOuu4IixfhMHz3xI
G5l7p2aNV8UrEXevOwMWCgMNxjfSLdZBgNhR14GBh2cVGCx9f/wUtB86scmkP3Pr
RLoZWu/EIY6MEbgET3D3tkdGuVejQwwhJTlK2xxWHtEdEL5abjYLveDg6Lb6z9od
ljFevylBMZO+5LwTjpa3+B+07oMZr2sV1yjsG2BEBwTFz4XZzJAabeK9UO836qhN
ptktjffoCNen33tNCjzqci4wzgQef3CNA/Ef0tMKGotdldKC6FtHvXixmVY5RKUK
Iutm8sRwne8XYqrD54BAgXZQ0ZovxFbvGhA77YXxAgMBAAGjgd4wgdswHQYDVR0O
BBYEFJNoYjIYUrDN/h1+9BZYOTk7jQBNMIGrBgNVHSMEgaMwgaCAFJNoYjIYUrDN
/h1+9BZYOTk7jQBNoX2kezB5MQswCQYDVQQGEwJOTDEQMA4GA1UEChMHU1VSRm5l
dDERMA8GA1UECxMIU2VydmljZXMxGTAXBgNVBAMTEEZlZGVyYXRpZSBCZWhlZXIx
KjAoBgkqhkiG9w0BCQEWG2ZlZGVyYXRpZS1iZWhlZXJAc3VyZm5ldC5ubIIJANm7
yUGYaeG1MAwGA1UdEwQFMAMBAf8wDQYJKoZIhvcNAQEFBQADggEBAI4IxrYPwwjJ
D9gO1Vzt8ByeQaRe+V0Mv5Ox9RlcXV33WX8Ny8hqUS4/kjs9v7JOuOw7TRop/4QJ
IAv/LEXH9B+hQ96zdLGMCcHI2crWF8l0yZ/DtgkpdlcyS7dNbjLtedtmgrOMSQub
LE02tqoSUR491mQbRuXD49+kJsHXZH8I1YZqOShzPZ7+ksvnBd64txhef8OBlCzE
elT60nOC3Jm8k3i0HwPcCYfDrh6+MJfC2dvfgktAcyu8rm1Q/ZelxaaXok17wUKg
D8nDrVCOfTND1RCGcqJ3YVjYDhBrMdK+5NSuC5KOJUpVZbKgTOilnOM7B/Os8HJC
fxLkDyGV/oQ=
     	                  </ds:X509Certificate>
          </ds:X509Data>
        </ds:KeyInfo>
      </KeyDescriptor>
      <SingleLogoutService Binding="urn:oasis:names:tc:SAML:2.0:bindings:HTTP-Redirect" Location="https://wayf.surfnet.nl/federate/saml20"/>
      <NameIDFormat>urn:oasis:names:tc:SAML:2.0:nameid-format:persistent</NameIDFormat>
      <NameIDFormat>urn:oasis:names:tc:SAML:2.0:nameid-format:transient</NameIDFormat>
      <SingleSignOnService Binding="urn:oasis:names:tc:SAML:2.0:bindings:HTTP-Redirect" Location="https://wayf.surfnet.nl/federate/saml20/http%253A%252F%252Fauthentigate.surfmarket.nl%252Fadfs%252Fservices%252Ftrust"/>
      <SingleSignOnService Binding="urn:oasis:names:tc:SAML:2.0:bindings:HTTP-POST" Location="https://wayf.surfnet.nl/federate/saml20/http%253A%252F%252Fauthentigate.surfmarket.nl%252Fadfs%252Fservices%252Ftrust"/>
    </IDPSSODescriptor>
    <Organization>
      <OrganizationName xml:lang="en">SURFmarket</OrganizationName>
      <OrganizationDisplayName xml:lang="en">SURFmarket</OrganizationDisplayName>
      <OrganizationURL xml:lang="en">http://www.surffederatie.nl</OrganizationURL>
    </Organization>
    <ContactPerson contactType="technical">
      <SurName>AAI Beheer</SurName>
      <EmailAddress>aai-beheer@surfnet.nl</EmailAddress>
    </ContactPerson>
    <ContactPerson contactType="administrative">
      <GivenName>SURFfederatie Beheer</GivenName>
      <EmailAddress>federatie-beheer@surfnet.nl</EmailAddress>
    </ContactPerson>
  </EntityDescriptor>
  <EntityDescriptor xmlns="urn:oasis:names:tc:SAML:2.0:metadata" entityID="SURFnet%20BV">
    <IDPSSODescriptor protocolSupportEnumeration="urn:oasis:names:tc:SAML:2.0:protocol">
      <KeyDescriptor use="signing">
        <ds:KeyInfo xmlns:ds="http://www.w3.org/2000/09/xmldsig#">
          <ds:X509Data>
            <ds:X509Certificate>
MIIEVDCCAzygAwIBAgIJANm7yUGYaeG1MA0GCSqGSIb3DQEBBQUAMHkxCzAJBgNV
BAYTAk5MMRAwDgYDVQQKEwdTVVJGbmV0MREwDwYDVQQLEwhTZXJ2aWNlczEZMBcG
A1UEAxMQRmVkZXJhdGllIEJlaGVlcjEqMCgGCSqGSIb3DQEJARYbZmVkZXJhdGll
LWJlaGVlckBzdXJmbmV0Lm5sMB4XDTA4MDYwNTE1MDgyMVoXDTIzMDYwMjE1MDgy
MVoweTELMAkGA1UEBhMCTkwxEDAOBgNVBAoTB1NVUkZuZXQxETAPBgNVBAsTCFNl
cnZpY2VzMRkwFwYDVQQDExBGZWRlcmF0aWUgQmVoZWVyMSowKAYJKoZIhvcNAQkB
FhtmZWRlcmF0aWUtYmVoZWVyQHN1cmZuZXQubmwwggEiMA0GCSqGSIb3DQEBAQUA
A4IBDwAwggEKAoIBAQC/x+YuMaHyS3xeogfBB6hWrL4Frp+KzOuu4IixfhMHz3xI
G5l7p2aNV8UrEXevOwMWCgMNxjfSLdZBgNhR14GBh2cVGCx9f/wUtB86scmkP3Pr
RLoZWu/EIY6MEbgET3D3tkdGuVejQwwhJTlK2xxWHtEdEL5abjYLveDg6Lb6z9od
ljFevylBMZO+5LwTjpa3+B+07oMZr2sV1yjsG2BEBwTFz4XZzJAabeK9UO836qhN
ptktjffoCNen33tNCjzqci4wzgQef3CNA/Ef0tMKGotdldKC6FtHvXixmVY5RKUK
Iutm8sRwne8XYqrD54BAgXZQ0ZovxFbvGhA77YXxAgMBAAGjgd4wgdswHQYDVR0O
BBYEFJNoYjIYUrDN/h1+9BZYOTk7jQBNMIGrBgNVHSMEgaMwgaCAFJNoYjIYUrDN
/h1+9BZYOTk7jQBNoX2kezB5MQswCQYDVQQGEwJOTDEQMA4GA1UEChMHU1VSRm5l
dDERMA8GA1UECxMIU2VydmljZXMxGTAXBgNVBAMTEEZlZGVyYXRpZSBCZWhlZXIx
KjAoBgkqhkiG9w0BCQEWG2ZlZGVyYXRpZS1iZWhlZXJAc3VyZm5ldC5ubIIJANm7
yUGYaeG1MAwGA1UdEwQFMAMBAf8wDQYJKoZIhvcNAQEFBQADggEBAI4IxrYPwwjJ
D9gO1Vzt8ByeQaRe+V0Mv5Ox9RlcXV33WX8Ny8hqUS4/kjs9v7JOuOw7TRop/4QJ
IAv/LEXH9B+hQ96zdLGMCcHI2crWF8l0yZ/DtgkpdlcyS7dNbjLtedtmgrOMSQub
LE02tqoSUR491mQbRuXD49+kJsHXZH8I1YZqOShzPZ7+ksvnBd64txhef8OBlCzE
elT60nOC3Jm8k3i0HwPcCYfDrh6+MJfC2dvfgktAcyu8rm1Q/ZelxaaXok17wUKg
D8nDrVCOfTND1RCGcqJ3YVjYDhBrMdK+5NSuC5KOJUpVZbKgTOilnOM7B/Os8HJC
fxLkDyGV/oQ=
     	                  </ds:X509Certificate>
          </ds:X509Data>
        </ds:KeyInfo>
      </KeyDescriptor>
      <SingleLogoutService Binding="urn:oasis:names:tc:SAML:2.0:bindings:HTTP-Redirect" Location="https://wayf.surfnet.nl/federate/saml20"/>
      <NameIDFormat>urn:oasis:names:tc:SAML:2.0:nameid-format:persistent</NameIDFormat>
      <NameIDFormat>urn:oasis:names:tc:SAML:2.0:nameid-format:transient</NameIDFormat>
      <SingleSignOnService Binding="urn:oasis:names:tc:SAML:2.0:bindings:HTTP-Redirect" Location="https://wayf.surfnet.nl/federate/saml20/SURFnet%2BBV"/>
      <SingleSignOnService Binding="urn:oasis:names:tc:SAML:2.0:bindings:HTTP-POST" Location="https://wayf.surfnet.nl/federate/saml20/SURFnet%2BBV"/>
    </IDPSSODescriptor>
    <Organization>
      <OrganizationName xml:lang="en">SURFnet BV</OrganizationName>
      <OrganizationDisplayName xml:lang="en">SURFnet BV</OrganizationDisplayName>
      <OrganizationURL xml:lang="en">http://www.surffederatie.nl</OrganizationURL>
    </Organization>
    <ContactPerson contactType="technical">
      <SurName>AAI Beheer</SurName>
      <EmailAddress>aai-beheer@surfnet.nl</EmailAddress>
    </ContactPerson>
    <ContactPerson contactType="administrative">
      <GivenName>SURFfederatie Beheer</GivenName>
      <EmailAddress>federatie-beheer@surfnet.nl</EmailAddress>
    </ContactPerson>
  </EntityDescriptor>
  <EntityDescriptor xmlns="urn:oasis:names:tc:SAML:2.0:metadata" entityID="idp.showcase.surfnet.nl">
    <IDPSSODescriptor protocolSupportEnumeration="urn:oasis:names:tc:SAML:2.0:protocol">
      <KeyDescriptor use="signing">
        <ds:KeyInfo xmlns:ds="http://www.w3.org/2000/09/xmldsig#">
          <ds:X509Data>
            <ds:X509Certificate>
MIIEVDCCAzygAwIBAgIJANm7yUGYaeG1MA0GCSqGSIb3DQEBBQUAMHkxCzAJBgNV
BAYTAk5MMRAwDgYDVQQKEwdTVVJGbmV0MREwDwYDVQQLEwhTZXJ2aWNlczEZMBcG
A1UEAxMQRmVkZXJhdGllIEJlaGVlcjEqMCgGCSqGSIb3DQEJARYbZmVkZXJhdGll
LWJlaGVlckBzdXJmbmV0Lm5sMB4XDTA4MDYwNTE1MDgyMVoXDTIzMDYwMjE1MDgy
MVoweTELMAkGA1UEBhMCTkwxEDAOBgNVBAoTB1NVUkZuZXQxETAPBgNVBAsTCFNl
cnZpY2VzMRkwFwYDVQQDExBGZWRlcmF0aWUgQmVoZWVyMSowKAYJKoZIhvcNAQkB
FhtmZWRlcmF0aWUtYmVoZWVyQHN1cmZuZXQubmwwggEiMA0GCSqGSIb3DQEBAQUA
A4IBDwAwggEKAoIBAQC/x+YuMaHyS3xeogfBB6hWrL4Frp+KzOuu4IixfhMHz3xI
G5l7p2aNV8UrEXevOwMWCgMNxjfSLdZBgNhR14GBh2cVGCx9f/wUtB86scmkP3Pr
RLoZWu/EIY6MEbgET3D3tkdGuVejQwwhJTlK2xxWHtEdEL5abjYLveDg6Lb6z9od
ljFevylBMZO+5LwTjpa3+B+07oMZr2sV1yjsG2BEBwTFz4XZzJAabeK9UO836qhN
ptktjffoCNen33tNCjzqci4wzgQef3CNA/Ef0tMKGotdldKC6FtHvXixmVY5RKUK
Iutm8sRwne8XYqrD54BAgXZQ0ZovxFbvGhA77YXxAgMBAAGjgd4wgdswHQYDVR0O
BBYEFJNoYjIYUrDN/h1+9BZYOTk7jQBNMIGrBgNVHSMEgaMwgaCAFJNoYjIYUrDN
/h1+9BZYOTk7jQBNoX2kezB5MQswCQYDVQQGEwJOTDEQMA4GA1UEChMHU1VSRm5l
dDERMA8GA1UECxMIU2VydmljZXMxGTAXBgNVBAMTEEZlZGVyYXRpZSBCZWhlZXIx
KjAoBgkqhkiG9w0BCQEWG2ZlZGVyYXRpZS1iZWhlZXJAc3VyZm5ldC5ubIIJANm7
yUGYaeG1MAwGA1UdEwQFMAMBAf8wDQYJKoZIhvcNAQEFBQADggEBAI4IxrYPwwjJ
D9gO1Vzt8ByeQaRe+V0Mv5Ox9RlcXV33WX8Ny8hqUS4/kjs9v7JOuOw7TRop/4QJ
IAv/LEXH9B+hQ96zdLGMCcHI2crWF8l0yZ/DtgkpdlcyS7dNbjLtedtmgrOMSQub
LE02tqoSUR491mQbRuXD49+kJsHXZH8I1YZqOShzPZ7+ksvnBd64txhef8OBlCzE
elT60nOC3Jm8k3i0HwPcCYfDrh6+MJfC2dvfgktAcyu8rm1Q/ZelxaaXok17wUKg
D8nDrVCOfTND1RCGcqJ3YVjYDhBrMdK+5NSuC5KOJUpVZbKgTOilnOM7B/Os8HJC
fxLkDyGV/oQ=
     	                  </ds:X509Certificate>
          </ds:X509Data>
        </ds:KeyInfo>
      </KeyDescriptor>
      <SingleLogoutService Binding="urn:oasis:names:tc:SAML:2.0:bindings:HTTP-Redirect" Location="https://wayf.surfnet.nl/federate/saml20"/>
      <NameIDFormat>urn:oasis:names:tc:SAML:2.0:nameid-format:persistent</NameIDFormat>
      <NameIDFormat>urn:oasis:names:tc:SAML:2.0:nameid-format:transient</NameIDFormat>
      <SingleSignOnService Binding="urn:oasis:names:tc:SAML:2.0:bindings:HTTP-Redirect" Location="https://wayf.surfnet.nl/federate/saml20/idp.showcase.surfnet.nl"/>
      <SingleSignOnService Binding="urn:oasis:names:tc:SAML:2.0:bindings:HTTP-POST" Location="https://wayf.surfnet.nl/federate/saml20/idp.showcase.surfnet.nl"/>
    </IDPSSODescriptor>
    <Organization>
      <OrganizationName xml:lang="en">SURFnet Showcase</OrganizationName>
      <OrganizationDisplayName xml:lang="en">SURFnet Showcase</OrganizationDisplayName>
      <OrganizationURL xml:lang="en">http://www.surffederatie.nl</OrganizationURL>
    </Organization>
    <ContactPerson contactType="technical">
      <SurName>AAI Beheer</SurName>
      <EmailAddress>aai-beheer@surfnet.nl</EmailAddress>
    </ContactPerson>
    <ContactPerson contactType="administrative">
      <GivenName>SURFfederatie Beheer</GivenName>
      <EmailAddress>federatie-beheer@surfnet.nl</EmailAddress>
    </ContactPerson>
  </EntityDescriptor>
  <EntityDescriptor xmlns="urn:oasis:names:tc:SAML:2.0:metadata" entityID="https://gatekeeper2.tudelft.nl/openaselect/profiles/saml2/">
    <IDPSSODescriptor protocolSupportEnumeration="urn:oasis:names:tc:SAML:2.0:protocol">
      <KeyDescriptor use="signing">
        <ds:KeyInfo xmlns:ds="http://www.w3.org/2000/09/xmldsig#">
          <ds:X509Data>
            <ds:X509Certificate>
MIIEVDCCAzygAwIBAgIJANm7yUGYaeG1MA0GCSqGSIb3DQEBBQUAMHkxCzAJBgNV
BAYTAk5MMRAwDgYDVQQKEwdTVVJGbmV0MREwDwYDVQQLEwhTZXJ2aWNlczEZMBcG
A1UEAxMQRmVkZXJhdGllIEJlaGVlcjEqMCgGCSqGSIb3DQEJARYbZmVkZXJhdGll
LWJlaGVlckBzdXJmbmV0Lm5sMB4XDTA4MDYwNTE1MDgyMVoXDTIzMDYwMjE1MDgy
MVoweTELMAkGA1UEBhMCTkwxEDAOBgNVBAoTB1NVUkZuZXQxETAPBgNVBAsTCFNl
cnZpY2VzMRkwFwYDVQQDExBGZWRlcmF0aWUgQmVoZWVyMSowKAYJKoZIhvcNAQkB
FhtmZWRlcmF0aWUtYmVoZWVyQHN1cmZuZXQubmwwggEiMA0GCSqGSIb3DQEBAQUA
A4IBDwAwggEKAoIBAQC/x+YuMaHyS3xeogfBB6hWrL4Frp+KzOuu4IixfhMHz3xI
G5l7p2aNV8UrEXevOwMWCgMNxjfSLdZBgNhR14GBh2cVGCx9f/wUtB86scmkP3Pr
RLoZWu/EIY6MEbgET3D3tkdGuVejQwwhJTlK2xxWHtEdEL5abjYLveDg6Lb6z9od
ljFevylBMZO+5LwTjpa3+B+07oMZr2sV1yjsG2BEBwTFz4XZzJAabeK9UO836qhN
ptktjffoCNen33tNCjzqci4wzgQef3CNA/Ef0tMKGotdldKC6FtHvXixmVY5RKUK
Iutm8sRwne8XYqrD54BAgXZQ0ZovxFbvGhA77YXxAgMBAAGjgd4wgdswHQYDVR0O
BBYEFJNoYjIYUrDN/h1+9BZYOTk7jQBNMIGrBgNVHSMEgaMwgaCAFJNoYjIYUrDN
/h1+9BZYOTk7jQBNoX2kezB5MQswCQYDVQQGEwJOTDEQMA4GA1UEChMHU1VSRm5l
dDERMA8GA1UECxMIU2VydmljZXMxGTAXBgNVBAMTEEZlZGVyYXRpZSBCZWhlZXIx
KjAoBgkqhkiG9w0BCQEWG2ZlZGVyYXRpZS1iZWhlZXJAc3VyZm5ldC5ubIIJANm7
yUGYaeG1MAwGA1UdEwQFMAMBAf8wDQYJKoZIhvcNAQEFBQADggEBAI4IxrYPwwjJ
D9gO1Vzt8ByeQaRe+V0Mv5Ox9RlcXV33WX8Ny8hqUS4/kjs9v7JOuOw7TRop/4QJ
IAv/LEXH9B+hQ96zdLGMCcHI2crWF8l0yZ/DtgkpdlcyS7dNbjLtedtmgrOMSQub
LE02tqoSUR491mQbRuXD49+kJsHXZH8I1YZqOShzPZ7+ksvnBd64txhef8OBlCzE
elT60nOC3Jm8k3i0HwPcCYfDrh6+MJfC2dvfgktAcyu8rm1Q/ZelxaaXok17wUKg
D8nDrVCOfTND1RCGcqJ3YVjYDhBrMdK+5NSuC5KOJUpVZbKgTOilnOM7B/Os8HJC
fxLkDyGV/oQ=
     	                  </ds:X509Certificate>
          </ds:X509Data>
        </ds:KeyInfo>
      </KeyDescriptor>
      <SingleLogoutService Binding="urn:oasis:names:tc:SAML:2.0:bindings:HTTP-Redirect" Location="https://wayf.surfnet.nl/federate/saml20"/>
      <NameIDFormat>urn:oasis:names:tc:SAML:2.0:nameid-format:persistent</NameIDFormat>
      <NameIDFormat>urn:oasis:names:tc:SAML:2.0:nameid-format:transient</NameIDFormat>
      <SingleSignOnService Binding="urn:oasis:names:tc:SAML:2.0:bindings:HTTP-Redirect" Location="https://wayf.surfnet.nl/federate/saml20/https%253A%252F%252Fgatekeeper2.tudelft.nl%252Fopenaselect%252Fprofiles%252Fsaml2%252F"/>
      <SingleSignOnService Binding="urn:oasis:names:tc:SAML:2.0:bindings:HTTP-POST" Location="https://wayf.surfnet.nl/federate/saml20/https%253A%252F%252Fgatekeeper2.tudelft.nl%252Fopenaselect%252Fprofiles%252Fsaml2%252F"/>
    </IDPSSODescriptor>
    <Organization>
      <OrganizationName xml:lang="en">Technische Universiteit Delft</OrganizationName>
      <OrganizationDisplayName xml:lang="en">Technische Universiteit Delft</OrganizationDisplayName>
      <OrganizationURL xml:lang="en">http://www.surffederatie.nl</OrganizationURL>
    </Organization>
    <ContactPerson contactType="technical">
      <SurName>AAI Beheer</SurName>
      <EmailAddress>aai-beheer@surfnet.nl</EmailAddress>
    </ContactPerson>
    <ContactPerson contactType="administrative">
      <GivenName>SURFfederatie Beheer</GivenName>
      <EmailAddress>federatie-beheer@surfnet.nl</EmailAddress>
    </ContactPerson>
  </EntityDescriptor>
  <EntityDescriptor xmlns="urn:oasis:names:tc:SAML:2.0:metadata" entityID="http://adfs.tue.nl/adfs/services/trust">
    <IDPSSODescriptor protocolSupportEnumeration="urn:oasis:names:tc:SAML:2.0:protocol">
      <KeyDescriptor use="signing">
        <ds:KeyInfo xmlns:ds="http://www.w3.org/2000/09/xmldsig#">
          <ds:X509Data>
            <ds:X509Certificate>
MIIEVDCCAzygAwIBAgIJANm7yUGYaeG1MA0GCSqGSIb3DQEBBQUAMHkxCzAJBgNV
BAYTAk5MMRAwDgYDVQQKEwdTVVJGbmV0MREwDwYDVQQLEwhTZXJ2aWNlczEZMBcG
A1UEAxMQRmVkZXJhdGllIEJlaGVlcjEqMCgGCSqGSIb3DQEJARYbZmVkZXJhdGll
LWJlaGVlckBzdXJmbmV0Lm5sMB4XDTA4MDYwNTE1MDgyMVoXDTIzMDYwMjE1MDgy
MVoweTELMAkGA1UEBhMCTkwxEDAOBgNVBAoTB1NVUkZuZXQxETAPBgNVBAsTCFNl
cnZpY2VzMRkwFwYDVQQDExBGZWRlcmF0aWUgQmVoZWVyMSowKAYJKoZIhvcNAQkB
FhtmZWRlcmF0aWUtYmVoZWVyQHN1cmZuZXQubmwwggEiMA0GCSqGSIb3DQEBAQUA
A4IBDwAwggEKAoIBAQC/x+YuMaHyS3xeogfBB6hWrL4Frp+KzOuu4IixfhMHz3xI
G5l7p2aNV8UrEXevOwMWCgMNxjfSLdZBgNhR14GBh2cVGCx9f/wUtB86scmkP3Pr
RLoZWu/EIY6MEbgET3D3tkdGuVejQwwhJTlK2xxWHtEdEL5abjYLveDg6Lb6z9od
ljFevylBMZO+5LwTjpa3+B+07oMZr2sV1yjsG2BEBwTFz4XZzJAabeK9UO836qhN
ptktjffoCNen33tNCjzqci4wzgQef3CNA/Ef0tMKGotdldKC6FtHvXixmVY5RKUK
Iutm8sRwne8XYqrD54BAgXZQ0ZovxFbvGhA77YXxAgMBAAGjgd4wgdswHQYDVR0O
BBYEFJNoYjIYUrDN/h1+9BZYOTk7jQBNMIGrBgNVHSMEgaMwgaCAFJNoYjIYUrDN
/h1+9BZYOTk7jQBNoX2kezB5MQswCQYDVQQGEwJOTDEQMA4GA1UEChMHU1VSRm5l
dDERMA8GA1UECxMIU2VydmljZXMxGTAXBgNVBAMTEEZlZGVyYXRpZSBCZWhlZXIx
KjAoBgkqhkiG9w0BCQEWG2ZlZGVyYXRpZS1iZWhlZXJAc3VyZm5ldC5ubIIJANm7
yUGYaeG1MAwGA1UdEwQFMAMBAf8wDQYJKoZIhvcNAQEFBQADggEBAI4IxrYPwwjJ
D9gO1Vzt8ByeQaRe+V0Mv5Ox9RlcXV33WX8Ny8hqUS4/kjs9v7JOuOw7TRop/4QJ
IAv/LEXH9B+hQ96zdLGMCcHI2crWF8l0yZ/DtgkpdlcyS7dNbjLtedtmgrOMSQub
LE02tqoSUR491mQbRuXD49+kJsHXZH8I1YZqOShzPZ7+ksvnBd64txhef8OBlCzE
elT60nOC3Jm8k3i0HwPcCYfDrh6+MJfC2dvfgktAcyu8rm1Q/ZelxaaXok17wUKg
D8nDrVCOfTND1RCGcqJ3YVjYDhBrMdK+5NSuC5KOJUpVZbKgTOilnOM7B/Os8HJC
fxLkDyGV/oQ=
     	                  </ds:X509Certificate>
          </ds:X509Data>
        </ds:KeyInfo>
      </KeyDescriptor>
      <SingleLogoutService Binding="urn:oasis:names:tc:SAML:2.0:bindings:HTTP-Redirect" Location="https://wayf.surfnet.nl/federate/saml20"/>
      <NameIDFormat>urn:oasis:names:tc:SAML:2.0:nameid-format:persistent</NameIDFormat>
      <NameIDFormat>urn:oasis:names:tc:SAML:2.0:nameid-format:transient</NameIDFormat>
      <SingleSignOnService Binding="urn:oasis:names:tc:SAML:2.0:bindings:HTTP-Redirect" Location="https://wayf.surfnet.nl/federate/saml20/http%253A%252F%252Fadfs.tue.nl%252Fadfs%252Fservices%252Ftrust"/>
      <SingleSignOnService Binding="urn:oasis:names:tc:SAML:2.0:bindings:HTTP-POST" Location="https://wayf.surfnet.nl/federate/saml20/http%253A%252F%252Fadfs.tue.nl%252Fadfs%252Fservices%252Ftrust"/>
    </IDPSSODescriptor>
    <Organization>
      <OrganizationName xml:lang="en">Technische Universiteit Eindhoven</OrganizationName>
      <OrganizationDisplayName xml:lang="en">Technische Universiteit Eindhoven</OrganizationDisplayName>
      <OrganizationURL xml:lang="en">http://www.surffederatie.nl</OrganizationURL>
    </Organization>
    <ContactPerson contactType="technical">
      <SurName>AAI Beheer</SurName>
      <EmailAddress>aai-beheer@surfnet.nl</EmailAddress>
    </ContactPerson>
    <ContactPerson contactType="administrative">
      <GivenName>SURFfederatie Beheer</GivenName>
      <EmailAddress>federatie-beheer@surfnet.nl</EmailAddress>
    </ContactPerson>
  </EntityDescriptor>
  <EntityDescriptor xmlns="urn:oasis:names:tc:SAML:2.0:metadata" entityID="https://login.terena.org/idp/saml2/idp/metadata.php">
    <IDPSSODescriptor protocolSupportEnumeration="urn:oasis:names:tc:SAML:2.0:protocol">
      <KeyDescriptor use="signing">
        <ds:KeyInfo xmlns:ds="http://www.w3.org/2000/09/xmldsig#">
          <ds:X509Data>
            <ds:X509Certificate>
MIIEVDCCAzygAwIBAgIJANm7yUGYaeG1MA0GCSqGSIb3DQEBBQUAMHkxCzAJBgNV
BAYTAk5MMRAwDgYDVQQKEwdTVVJGbmV0MREwDwYDVQQLEwhTZXJ2aWNlczEZMBcG
A1UEAxMQRmVkZXJhdGllIEJlaGVlcjEqMCgGCSqGSIb3DQEJARYbZmVkZXJhdGll
LWJlaGVlckBzdXJmbmV0Lm5sMB4XDTA4MDYwNTE1MDgyMVoXDTIzMDYwMjE1MDgy
MVoweTELMAkGA1UEBhMCTkwxEDAOBgNVBAoTB1NVUkZuZXQxETAPBgNVBAsTCFNl
cnZpY2VzMRkwFwYDVQQDExBGZWRlcmF0aWUgQmVoZWVyMSowKAYJKoZIhvcNAQkB
FhtmZWRlcmF0aWUtYmVoZWVyQHN1cmZuZXQubmwwggEiMA0GCSqGSIb3DQEBAQUA
A4IBDwAwggEKAoIBAQC/x+YuMaHyS3xeogfBB6hWrL4Frp+KzOuu4IixfhMHz3xI
G5l7p2aNV8UrEXevOwMWCgMNxjfSLdZBgNhR14GBh2cVGCx9f/wUtB86scmkP3Pr
RLoZWu/EIY6MEbgET3D3tkdGuVejQwwhJTlK2xxWHtEdEL5abjYLveDg6Lb6z9od
ljFevylBMZO+5LwTjpa3+B+07oMZr2sV1yjsG2BEBwTFz4XZzJAabeK9UO836qhN
ptktjffoCNen33tNCjzqci4wzgQef3CNA/Ef0tMKGotdldKC6FtHvXixmVY5RKUK
Iutm8sRwne8XYqrD54BAgXZQ0ZovxFbvGhA77YXxAgMBAAGjgd4wgdswHQYDVR0O
BBYEFJNoYjIYUrDN/h1+9BZYOTk7jQBNMIGrBgNVHSMEgaMwgaCAFJNoYjIYUrDN
/h1+9BZYOTk7jQBNoX2kezB5MQswCQYDVQQGEwJOTDEQMA4GA1UEChMHU1VSRm5l
dDERMA8GA1UECxMIU2VydmljZXMxGTAXBgNVBAMTEEZlZGVyYXRpZSBCZWhlZXIx
KjAoBgkqhkiG9w0BCQEWG2ZlZGVyYXRpZS1iZWhlZXJAc3VyZm5ldC5ubIIJANm7
yUGYaeG1MAwGA1UdEwQFMAMBAf8wDQYJKoZIhvcNAQEFBQADggEBAI4IxrYPwwjJ
D9gO1Vzt8ByeQaRe+V0Mv5Ox9RlcXV33WX8Ny8hqUS4/kjs9v7JOuOw7TRop/4QJ
IAv/LEXH9B+hQ96zdLGMCcHI2crWF8l0yZ/DtgkpdlcyS7dNbjLtedtmgrOMSQub
LE02tqoSUR491mQbRuXD49+kJsHXZH8I1YZqOShzPZ7+ksvnBd64txhef8OBlCzE
elT60nOC3Jm8k3i0HwPcCYfDrh6+MJfC2dvfgktAcyu8rm1Q/ZelxaaXok17wUKg
D8nDrVCOfTND1RCGcqJ3YVjYDhBrMdK+5NSuC5KOJUpVZbKgTOilnOM7B/Os8HJC
fxLkDyGV/oQ=
     	                  </ds:X509Certificate>
          </ds:X509Data>
        </ds:KeyInfo>
      </KeyDescriptor>
      <SingleLogoutService Binding="urn:oasis:names:tc:SAML:2.0:bindings:HTTP-Redirect" Location="https://wayf.surfnet.nl/federate/saml20"/>
      <NameIDFormat>urn:oasis:names:tc:SAML:2.0:nameid-format:persistent</NameIDFormat>
      <NameIDFormat>urn:oasis:names:tc:SAML:2.0:nameid-format:transient</NameIDFormat>
      <SingleSignOnService Binding="urn:oasis:names:tc:SAML:2.0:bindings:HTTP-Redirect" Location="https://wayf.surfnet.nl/federate/saml20/https%253A%252F%252Flogin.terena.org%252Fidp%252Fsaml2%252Fidp%252Fmetadata.php"/>
      <SingleSignOnService Binding="urn:oasis:names:tc:SAML:2.0:bindings:HTTP-POST" Location="https://wayf.surfnet.nl/federate/saml20/https%253A%252F%252Flogin.terena.org%252Fidp%252Fsaml2%252Fidp%252Fmetadata.php"/>
    </IDPSSODescriptor>
    <Organization>
      <OrganizationName xml:lang="en">TERENA Secretariat</OrganizationName>
      <OrganizationDisplayName xml:lang="en">TERENA Secretariat</OrganizationDisplayName>
      <OrganizationURL xml:lang="en">http://www.surffederatie.nl</OrganizationURL>
    </Organization>
    <ContactPerson contactType="technical">
      <SurName>AAI Beheer</SurName>
      <EmailAddress>aai-beheer@surfnet.nl</EmailAddress>
    </ContactPerson>
    <ContactPerson contactType="administrative">
      <GivenName>SURFfederatie Beheer</GivenName>
      <EmailAddress>federatie-beheer@surfnet.nl</EmailAddress>
    </ContactPerson>
  </EntityDescriptor>
  <EntityDescriptor xmlns="urn:oasis:names:tc:SAML:2.0:metadata" entityID="urn:federation:Trimbos">
    <IDPSSODescriptor protocolSupportEnumeration="urn:oasis:names:tc:SAML:2.0:protocol">
      <KeyDescriptor use="signing">
        <ds:KeyInfo xmlns:ds="http://www.w3.org/2000/09/xmldsig#">
          <ds:X509Data>
            <ds:X509Certificate>
MIIEVDCCAzygAwIBAgIJANm7yUGYaeG1MA0GCSqGSIb3DQEBBQUAMHkxCzAJBgNV
BAYTAk5MMRAwDgYDVQQKEwdTVVJGbmV0MREwDwYDVQQLEwhTZXJ2aWNlczEZMBcG
A1UEAxMQRmVkZXJhdGllIEJlaGVlcjEqMCgGCSqGSIb3DQEJARYbZmVkZXJhdGll
LWJlaGVlckBzdXJmbmV0Lm5sMB4XDTA4MDYwNTE1MDgyMVoXDTIzMDYwMjE1MDgy
MVoweTELMAkGA1UEBhMCTkwxEDAOBgNVBAoTB1NVUkZuZXQxETAPBgNVBAsTCFNl
cnZpY2VzMRkwFwYDVQQDExBGZWRlcmF0aWUgQmVoZWVyMSowKAYJKoZIhvcNAQkB
FhtmZWRlcmF0aWUtYmVoZWVyQHN1cmZuZXQubmwwggEiMA0GCSqGSIb3DQEBAQUA
A4IBDwAwggEKAoIBAQC/x+YuMaHyS3xeogfBB6hWrL4Frp+KzOuu4IixfhMHz3xI
G5l7p2aNV8UrEXevOwMWCgMNxjfSLdZBgNhR14GBh2cVGCx9f/wUtB86scmkP3Pr
RLoZWu/EIY6MEbgET3D3tkdGuVejQwwhJTlK2xxWHtEdEL5abjYLveDg6Lb6z9od
ljFevylBMZO+5LwTjpa3+B+07oMZr2sV1yjsG2BEBwTFz4XZzJAabeK9UO836qhN
ptktjffoCNen33tNCjzqci4wzgQef3CNA/Ef0tMKGotdldKC6FtHvXixmVY5RKUK
Iutm8sRwne8XYqrD54BAgXZQ0ZovxFbvGhA77YXxAgMBAAGjgd4wgdswHQYDVR0O
BBYEFJNoYjIYUrDN/h1+9BZYOTk7jQBNMIGrBgNVHSMEgaMwgaCAFJNoYjIYUrDN
/h1+9BZYOTk7jQBNoX2kezB5MQswCQYDVQQGEwJOTDEQMA4GA1UEChMHU1VSRm5l
dDERMA8GA1UECxMIU2VydmljZXMxGTAXBgNVBAMTEEZlZGVyYXRpZSBCZWhlZXIx
KjAoBgkqhkiG9w0BCQEWG2ZlZGVyYXRpZS1iZWhlZXJAc3VyZm5ldC5ubIIJANm7
yUGYaeG1MAwGA1UdEwQFMAMBAf8wDQYJKoZIhvcNAQEFBQADggEBAI4IxrYPwwjJ
D9gO1Vzt8ByeQaRe+V0Mv5Ox9RlcXV33WX8Ny8hqUS4/kjs9v7JOuOw7TRop/4QJ
IAv/LEXH9B+hQ96zdLGMCcHI2crWF8l0yZ/DtgkpdlcyS7dNbjLtedtmgrOMSQub
LE02tqoSUR491mQbRuXD49+kJsHXZH8I1YZqOShzPZ7+ksvnBd64txhef8OBlCzE
elT60nOC3Jm8k3i0HwPcCYfDrh6+MJfC2dvfgktAcyu8rm1Q/ZelxaaXok17wUKg
D8nDrVCOfTND1RCGcqJ3YVjYDhBrMdK+5NSuC5KOJUpVZbKgTOilnOM7B/Os8HJC
fxLkDyGV/oQ=
     	                  </ds:X509Certificate>
          </ds:X509Data>
        </ds:KeyInfo>
      </KeyDescriptor>
      <SingleLogoutService Binding="urn:oasis:names:tc:SAML:2.0:bindings:HTTP-Redirect" Location="https://wayf.surfnet.nl/federate/saml20"/>
      <NameIDFormat>urn:oasis:names:tc:SAML:2.0:nameid-format:persistent</NameIDFormat>
      <NameIDFormat>urn:oasis:names:tc:SAML:2.0:nameid-format:transient</NameIDFormat>
      <SingleSignOnService Binding="urn:oasis:names:tc:SAML:2.0:bindings:HTTP-Redirect" Location="https://wayf.surfnet.nl/federate/saml20/urn%253Afederation%253ATrimbos"/>
      <SingleSignOnService Binding="urn:oasis:names:tc:SAML:2.0:bindings:HTTP-POST" Location="https://wayf.surfnet.nl/federate/saml20/urn%253Afederation%253ATrimbos"/>
    </IDPSSODescriptor>
    <Organization>
      <OrganizationName xml:lang="en">Trimbos Instituut</OrganizationName>
      <OrganizationDisplayName xml:lang="en">Trimbos Instituut</OrganizationDisplayName>
      <OrganizationURL xml:lang="en">https://federatie.trimbos.nl/adfs/ls/</OrganizationURL>
    </Organization>
    <ContactPerson contactType="technical">
      <SurName>AAI Beheer</SurName>
      <EmailAddress>aai-beheer@surfnet.nl</EmailAddress>
    </ContactPerson>
    <ContactPerson contactType="administrative">
      <GivenName>SURFfederatie Beheer</GivenName>
      <EmailAddress>federatie-beheer@surfnet.nl</EmailAddress>
    </ContactPerson>
  </EntityDescriptor>
  <EntityDescriptor xmlns="urn:oasis:names:tc:SAML:2.0:metadata" entityID="http://federatie.umcn.nl/adfs/services/trust">
    <IDPSSODescriptor protocolSupportEnumeration="urn:oasis:names:tc:SAML:2.0:protocol">
      <KeyDescriptor use="signing">
        <ds:KeyInfo xmlns:ds="http://www.w3.org/2000/09/xmldsig#">
          <ds:X509Data>
            <ds:X509Certificate>
MIIEVDCCAzygAwIBAgIJANm7yUGYaeG1MA0GCSqGSIb3DQEBBQUAMHkxCzAJBgNV
BAYTAk5MMRAwDgYDVQQKEwdTVVJGbmV0MREwDwYDVQQLEwhTZXJ2aWNlczEZMBcG
A1UEAxMQRmVkZXJhdGllIEJlaGVlcjEqMCgGCSqGSIb3DQEJARYbZmVkZXJhdGll
LWJlaGVlckBzdXJmbmV0Lm5sMB4XDTA4MDYwNTE1MDgyMVoXDTIzMDYwMjE1MDgy
MVoweTELMAkGA1UEBhMCTkwxEDAOBgNVBAoTB1NVUkZuZXQxETAPBgNVBAsTCFNl
cnZpY2VzMRkwFwYDVQQDExBGZWRlcmF0aWUgQmVoZWVyMSowKAYJKoZIhvcNAQkB
FhtmZWRlcmF0aWUtYmVoZWVyQHN1cmZuZXQubmwwggEiMA0GCSqGSIb3DQEBAQUA
A4IBDwAwggEKAoIBAQC/x+YuMaHyS3xeogfBB6hWrL4Frp+KzOuu4IixfhMHz3xI
G5l7p2aNV8UrEXevOwMWCgMNxjfSLdZBgNhR14GBh2cVGCx9f/wUtB86scmkP3Pr
RLoZWu/EIY6MEbgET3D3tkdGuVejQwwhJTlK2xxWHtEdEL5abjYLveDg6Lb6z9od
ljFevylBMZO+5LwTjpa3+B+07oMZr2sV1yjsG2BEBwTFz4XZzJAabeK9UO836qhN
ptktjffoCNen33tNCjzqci4wzgQef3CNA/Ef0tMKGotdldKC6FtHvXixmVY5RKUK
Iutm8sRwne8XYqrD54BAgXZQ0ZovxFbvGhA77YXxAgMBAAGjgd4wgdswHQYDVR0O
BBYEFJNoYjIYUrDN/h1+9BZYOTk7jQBNMIGrBgNVHSMEgaMwgaCAFJNoYjIYUrDN
/h1+9BZYOTk7jQBNoX2kezB5MQswCQYDVQQGEwJOTDEQMA4GA1UEChMHU1VSRm5l
dDERMA8GA1UECxMIU2VydmljZXMxGTAXBgNVBAMTEEZlZGVyYXRpZSBCZWhlZXIx
KjAoBgkqhkiG9w0BCQEWG2ZlZGVyYXRpZS1iZWhlZXJAc3VyZm5ldC5ubIIJANm7
yUGYaeG1MAwGA1UdEwQFMAMBAf8wDQYJKoZIhvcNAQEFBQADggEBAI4IxrYPwwjJ
D9gO1Vzt8ByeQaRe+V0Mv5Ox9RlcXV33WX8Ny8hqUS4/kjs9v7JOuOw7TRop/4QJ
IAv/LEXH9B+hQ96zdLGMCcHI2crWF8l0yZ/DtgkpdlcyS7dNbjLtedtmgrOMSQub
LE02tqoSUR491mQbRuXD49+kJsHXZH8I1YZqOShzPZ7+ksvnBd64txhef8OBlCzE
elT60nOC3Jm8k3i0HwPcCYfDrh6+MJfC2dvfgktAcyu8rm1Q/ZelxaaXok17wUKg
D8nDrVCOfTND1RCGcqJ3YVjYDhBrMdK+5NSuC5KOJUpVZbKgTOilnOM7B/Os8HJC
fxLkDyGV/oQ=
     	                  </ds:X509Certificate>
          </ds:X509Data>
        </ds:KeyInfo>
      </KeyDescriptor>
      <SingleLogoutService Binding="urn:oasis:names:tc:SAML:2.0:bindings:HTTP-Redirect" Location="https://wayf.surfnet.nl/federate/saml20"/>
      <NameIDFormat>urn:oasis:names:tc:SAML:2.0:nameid-format:persistent</NameIDFormat>
      <NameIDFormat>urn:oasis:names:tc:SAML:2.0:nameid-format:transient</NameIDFormat>
      <SingleSignOnService Binding="urn:oasis:names:tc:SAML:2.0:bindings:HTTP-Redirect" Location="https://wayf.surfnet.nl/federate/saml20/http%253A%252F%252Ffederatie.umcn.nl%252Fadfs%252Fservices%252Ftrust"/>
      <SingleSignOnService Binding="urn:oasis:names:tc:SAML:2.0:bindings:HTTP-POST" Location="https://wayf.surfnet.nl/federate/saml20/http%253A%252F%252Ffederatie.umcn.nl%252Fadfs%252Fservices%252Ftrust"/>
    </IDPSSODescriptor>
    <Organization>
      <OrganizationName xml:lang="en">UMC St Radboud</OrganizationName>
      <OrganizationDisplayName xml:lang="en">UMC St Radboud</OrganizationDisplayName>
      <OrganizationURL xml:lang="en">http://www.surffederatie.nl</OrganizationURL>
    </Organization>
    <ContactPerson contactType="technical">
      <SurName>AAI Beheer</SurName>
      <EmailAddress>aai-beheer@surfnet.nl</EmailAddress>
    </ContactPerson>
    <ContactPerson contactType="administrative">
      <GivenName>SURFfederatie Beheer</GivenName>
      <EmailAddress>federatie-beheer@surfnet.nl</EmailAddress>
    </ContactPerson>
  </EntityDescriptor>
  <EntityDescriptor xmlns="urn:oasis:names:tc:SAML:2.0:metadata" entityID="http://idp.ihe.nl/adfs/services/trust">
    <IDPSSODescriptor protocolSupportEnumeration="urn:oasis:names:tc:SAML:2.0:protocol">
      <KeyDescriptor use="signing">
        <ds:KeyInfo xmlns:ds="http://www.w3.org/2000/09/xmldsig#">
          <ds:X509Data>
            <ds:X509Certificate>
MIIEVDCCAzygAwIBAgIJANm7yUGYaeG1MA0GCSqGSIb3DQEBBQUAMHkxCzAJBgNV
BAYTAk5MMRAwDgYDVQQKEwdTVVJGbmV0MREwDwYDVQQLEwhTZXJ2aWNlczEZMBcG
A1UEAxMQRmVkZXJhdGllIEJlaGVlcjEqMCgGCSqGSIb3DQEJARYbZmVkZXJhdGll
LWJlaGVlckBzdXJmbmV0Lm5sMB4XDTA4MDYwNTE1MDgyMVoXDTIzMDYwMjE1MDgy
MVoweTELMAkGA1UEBhMCTkwxEDAOBgNVBAoTB1NVUkZuZXQxETAPBgNVBAsTCFNl
cnZpY2VzMRkwFwYDVQQDExBGZWRlcmF0aWUgQmVoZWVyMSowKAYJKoZIhvcNAQkB
FhtmZWRlcmF0aWUtYmVoZWVyQHN1cmZuZXQubmwwggEiMA0GCSqGSIb3DQEBAQUA
A4IBDwAwggEKAoIBAQC/x+YuMaHyS3xeogfBB6hWrL4Frp+KzOuu4IixfhMHz3xI
G5l7p2aNV8UrEXevOwMWCgMNxjfSLdZBgNhR14GBh2cVGCx9f/wUtB86scmkP3Pr
RLoZWu/EIY6MEbgET3D3tkdGuVejQwwhJTlK2xxWHtEdEL5abjYLveDg6Lb6z9od
ljFevylBMZO+5LwTjpa3+B+07oMZr2sV1yjsG2BEBwTFz4XZzJAabeK9UO836qhN
ptktjffoCNen33tNCjzqci4wzgQef3CNA/Ef0tMKGotdldKC6FtHvXixmVY5RKUK
Iutm8sRwne8XYqrD54BAgXZQ0ZovxFbvGhA77YXxAgMBAAGjgd4wgdswHQYDVR0O
BBYEFJNoYjIYUrDN/h1+9BZYOTk7jQBNMIGrBgNVHSMEgaMwgaCAFJNoYjIYUrDN
/h1+9BZYOTk7jQBNoX2kezB5MQswCQYDVQQGEwJOTDEQMA4GA1UEChMHU1VSRm5l
dDERMA8GA1UECxMIU2VydmljZXMxGTAXBgNVBAMTEEZlZGVyYXRpZSBCZWhlZXIx
KjAoBgkqhkiG9w0BCQEWG2ZlZGVyYXRpZS1iZWhlZXJAc3VyZm5ldC5ubIIJANm7
yUGYaeG1MAwGA1UdEwQFMAMBAf8wDQYJKoZIhvcNAQEFBQADggEBAI4IxrYPwwjJ
D9gO1Vzt8ByeQaRe+V0Mv5Ox9RlcXV33WX8Ny8hqUS4/kjs9v7JOuOw7TRop/4QJ
IAv/LEXH9B+hQ96zdLGMCcHI2crWF8l0yZ/DtgkpdlcyS7dNbjLtedtmgrOMSQub
LE02tqoSUR491mQbRuXD49+kJsHXZH8I1YZqOShzPZ7+ksvnBd64txhef8OBlCzE
elT60nOC3Jm8k3i0HwPcCYfDrh6+MJfC2dvfgktAcyu8rm1Q/ZelxaaXok17wUKg
D8nDrVCOfTND1RCGcqJ3YVjYDhBrMdK+5NSuC5KOJUpVZbKgTOilnOM7B/Os8HJC
fxLkDyGV/oQ=
     	                  </ds:X509Certificate>
          </ds:X509Data>
        </ds:KeyInfo>
      </KeyDescriptor>
      <SingleLogoutService Binding="urn:oasis:names:tc:SAML:2.0:bindings:HTTP-Redirect" Location="https://wayf.surfnet.nl/federate/saml20"/>
      <NameIDFormat>urn:oasis:names:tc:SAML:2.0:nameid-format:persistent</NameIDFormat>
      <NameIDFormat>urn:oasis:names:tc:SAML:2.0:nameid-format:transient</NameIDFormat>
      <SingleSignOnService Binding="urn:oasis:names:tc:SAML:2.0:bindings:HTTP-Redirect" Location="https://wayf.surfnet.nl/federate/saml20/http%253A%252F%252Fidp.ihe.nl%252Fadfs%252Fservices%252Ftrust"/>
      <SingleSignOnService Binding="urn:oasis:names:tc:SAML:2.0:bindings:HTTP-POST" Location="https://wayf.surfnet.nl/federate/saml20/http%253A%252F%252Fidp.ihe.nl%252Fadfs%252Fservices%252Ftrust"/>
    </IDPSSODescriptor>
    <Organization>
      <OrganizationName xml:lang="en">UNESCO-IHE Institute for Water Education</OrganizationName>
      <OrganizationDisplayName xml:lang="en">UNESCO-IHE Institute for Water Education</OrganizationDisplayName>
      <OrganizationURL xml:lang="en">http://www.surffederatie.nl</OrganizationURL>
    </Organization>
    <ContactPerson contactType="technical">
      <SurName>AAI Beheer</SurName>
      <EmailAddress>aai-beheer@surfnet.nl</EmailAddress>
    </ContactPerson>
    <ContactPerson contactType="administrative">
      <GivenName>SURFfederatie Beheer</GivenName>
      <EmailAddress>federatie-beheer@surfnet.nl</EmailAddress>
    </ContactPerson>
  </EntityDescriptor>
  <EntityDescriptor xmlns="urn:oasis:names:tc:SAML:2.0:metadata" entityID="http://federatie.umcg.nl/adfs/services/trust">
    <IDPSSODescriptor protocolSupportEnumeration="urn:oasis:names:tc:SAML:2.0:protocol">
      <KeyDescriptor use="signing">
        <ds:KeyInfo xmlns:ds="http://www.w3.org/2000/09/xmldsig#">
          <ds:X509Data>
            <ds:X509Certificate>
MIIEVDCCAzygAwIBAgIJANm7yUGYaeG1MA0GCSqGSIb3DQEBBQUAMHkxCzAJBgNV
BAYTAk5MMRAwDgYDVQQKEwdTVVJGbmV0MREwDwYDVQQLEwhTZXJ2aWNlczEZMBcG
A1UEAxMQRmVkZXJhdGllIEJlaGVlcjEqMCgGCSqGSIb3DQEJARYbZmVkZXJhdGll
LWJlaGVlckBzdXJmbmV0Lm5sMB4XDTA4MDYwNTE1MDgyMVoXDTIzMDYwMjE1MDgy
MVoweTELMAkGA1UEBhMCTkwxEDAOBgNVBAoTB1NVUkZuZXQxETAPBgNVBAsTCFNl
cnZpY2VzMRkwFwYDVQQDExBGZWRlcmF0aWUgQmVoZWVyMSowKAYJKoZIhvcNAQkB
FhtmZWRlcmF0aWUtYmVoZWVyQHN1cmZuZXQubmwwggEiMA0GCSqGSIb3DQEBAQUA
A4IBDwAwggEKAoIBAQC/x+YuMaHyS3xeogfBB6hWrL4Frp+KzOuu4IixfhMHz3xI
G5l7p2aNV8UrEXevOwMWCgMNxjfSLdZBgNhR14GBh2cVGCx9f/wUtB86scmkP3Pr
RLoZWu/EIY6MEbgET3D3tkdGuVejQwwhJTlK2xxWHtEdEL5abjYLveDg6Lb6z9od
ljFevylBMZO+5LwTjpa3+B+07oMZr2sV1yjsG2BEBwTFz4XZzJAabeK9UO836qhN
ptktjffoCNen33tNCjzqci4wzgQef3CNA/Ef0tMKGotdldKC6FtHvXixmVY5RKUK
Iutm8sRwne8XYqrD54BAgXZQ0ZovxFbvGhA77YXxAgMBAAGjgd4wgdswHQYDVR0O
BBYEFJNoYjIYUrDN/h1+9BZYOTk7jQBNMIGrBgNVHSMEgaMwgaCAFJNoYjIYUrDN
/h1+9BZYOTk7jQBNoX2kezB5MQswCQYDVQQGEwJOTDEQMA4GA1UEChMHU1VSRm5l
dDERMA8GA1UECxMIU2VydmljZXMxGTAXBgNVBAMTEEZlZGVyYXRpZSBCZWhlZXIx
KjAoBgkqhkiG9w0BCQEWG2ZlZGVyYXRpZS1iZWhlZXJAc3VyZm5ldC5ubIIJANm7
yUGYaeG1MAwGA1UdEwQFMAMBAf8wDQYJKoZIhvcNAQEFBQADggEBAI4IxrYPwwjJ
D9gO1Vzt8ByeQaRe+V0Mv5Ox9RlcXV33WX8Ny8hqUS4/kjs9v7JOuOw7TRop/4QJ
IAv/LEXH9B+hQ96zdLGMCcHI2crWF8l0yZ/DtgkpdlcyS7dNbjLtedtmgrOMSQub
LE02tqoSUR491mQbRuXD49+kJsHXZH8I1YZqOShzPZ7+ksvnBd64txhef8OBlCzE
elT60nOC3Jm8k3i0HwPcCYfDrh6+MJfC2dvfgktAcyu8rm1Q/ZelxaaXok17wUKg
D8nDrVCOfTND1RCGcqJ3YVjYDhBrMdK+5NSuC5KOJUpVZbKgTOilnOM7B/Os8HJC
fxLkDyGV/oQ=
     	                  </ds:X509Certificate>
          </ds:X509Data>
        </ds:KeyInfo>
      </KeyDescriptor>
      <SingleLogoutService Binding="urn:oasis:names:tc:SAML:2.0:bindings:HTTP-Redirect" Location="https://wayf.surfnet.nl/federate/saml20"/>
      <NameIDFormat>urn:oasis:names:tc:SAML:2.0:nameid-format:persistent</NameIDFormat>
      <NameIDFormat>urn:oasis:names:tc:SAML:2.0:nameid-format:transient</NameIDFormat>
      <SingleSignOnService Binding="urn:oasis:names:tc:SAML:2.0:bindings:HTTP-Redirect" Location="https://wayf.surfnet.nl/federate/saml20/http%253A%252F%252Ffederatie.umcg.nl%252Fadfs%252Fservices%252Ftrust"/>
      <SingleSignOnService Binding="urn:oasis:names:tc:SAML:2.0:bindings:HTTP-POST" Location="https://wayf.surfnet.nl/federate/saml20/http%253A%252F%252Ffederatie.umcg.nl%252Fadfs%252Fservices%252Ftrust"/>
    </IDPSSODescriptor>
    <Organization>
      <OrganizationName xml:lang="en">Universitair Medisch Centrum Groningen (UMCG)</OrganizationName>
      <OrganizationDisplayName xml:lang="en">Universitair Medisch Centrum Groningen (UMCG)</OrganizationDisplayName>
      <OrganizationURL xml:lang="en">http://www.surffederatie.nl</OrganizationURL>
    </Organization>
    <ContactPerson contactType="technical">
      <SurName>AAI Beheer</SurName>
      <EmailAddress>aai-beheer@surfnet.nl</EmailAddress>
    </ContactPerson>
    <ContactPerson contactType="administrative">
      <GivenName>SURFfederatie Beheer</GivenName>
      <EmailAddress>federatie-beheer@surfnet.nl</EmailAddress>
    </ContactPerson>
  </EntityDescriptor>
  <EntityDescriptor xmlns="urn:oasis:names:tc:SAML:2.0:metadata" entityID="http://fshub.umcutrecht.nl/adfs/services/trust">
    <IDPSSODescriptor protocolSupportEnumeration="urn:oasis:names:tc:SAML:2.0:protocol">
      <KeyDescriptor use="signing">
        <ds:KeyInfo xmlns:ds="http://www.w3.org/2000/09/xmldsig#">
          <ds:X509Data>
            <ds:X509Certificate>
MIIEVDCCAzygAwIBAgIJANm7yUGYaeG1MA0GCSqGSIb3DQEBBQUAMHkxCzAJBgNV
BAYTAk5MMRAwDgYDVQQKEwdTVVJGbmV0MREwDwYDVQQLEwhTZXJ2aWNlczEZMBcG
A1UEAxMQRmVkZXJhdGllIEJlaGVlcjEqMCgGCSqGSIb3DQEJARYbZmVkZXJhdGll
LWJlaGVlckBzdXJmbmV0Lm5sMB4XDTA4MDYwNTE1MDgyMVoXDTIzMDYwMjE1MDgy
MVoweTELMAkGA1UEBhMCTkwxEDAOBgNVBAoTB1NVUkZuZXQxETAPBgNVBAsTCFNl
cnZpY2VzMRkwFwYDVQQDExBGZWRlcmF0aWUgQmVoZWVyMSowKAYJKoZIhvcNAQkB
FhtmZWRlcmF0aWUtYmVoZWVyQHN1cmZuZXQubmwwggEiMA0GCSqGSIb3DQEBAQUA
A4IBDwAwggEKAoIBAQC/x+YuMaHyS3xeogfBB6hWrL4Frp+KzOuu4IixfhMHz3xI
G5l7p2aNV8UrEXevOwMWCgMNxjfSLdZBgNhR14GBh2cVGCx9f/wUtB86scmkP3Pr
RLoZWu/EIY6MEbgET3D3tkdGuVejQwwhJTlK2xxWHtEdEL5abjYLveDg6Lb6z9od
ljFevylBMZO+5LwTjpa3+B+07oMZr2sV1yjsG2BEBwTFz4XZzJAabeK9UO836qhN
ptktjffoCNen33tNCjzqci4wzgQef3CNA/Ef0tMKGotdldKC6FtHvXixmVY5RKUK
Iutm8sRwne8XYqrD54BAgXZQ0ZovxFbvGhA77YXxAgMBAAGjgd4wgdswHQYDVR0O
BBYEFJNoYjIYUrDN/h1+9BZYOTk7jQBNMIGrBgNVHSMEgaMwgaCAFJNoYjIYUrDN
/h1+9BZYOTk7jQBNoX2kezB5MQswCQYDVQQGEwJOTDEQMA4GA1UEChMHU1VSRm5l
dDERMA8GA1UECxMIU2VydmljZXMxGTAXBgNVBAMTEEZlZGVyYXRpZSBCZWhlZXIx
KjAoBgkqhkiG9w0BCQEWG2ZlZGVyYXRpZS1iZWhlZXJAc3VyZm5ldC5ubIIJANm7
yUGYaeG1MAwGA1UdEwQFMAMBAf8wDQYJKoZIhvcNAQEFBQADggEBAI4IxrYPwwjJ
D9gO1Vzt8ByeQaRe+V0Mv5Ox9RlcXV33WX8Ny8hqUS4/kjs9v7JOuOw7TRop/4QJ
IAv/LEXH9B+hQ96zdLGMCcHI2crWF8l0yZ/DtgkpdlcyS7dNbjLtedtmgrOMSQub
LE02tqoSUR491mQbRuXD49+kJsHXZH8I1YZqOShzPZ7+ksvnBd64txhef8OBlCzE
elT60nOC3Jm8k3i0HwPcCYfDrh6+MJfC2dvfgktAcyu8rm1Q/ZelxaaXok17wUKg
D8nDrVCOfTND1RCGcqJ3YVjYDhBrMdK+5NSuC5KOJUpVZbKgTOilnOM7B/Os8HJC
fxLkDyGV/oQ=
     	                  </ds:X509Certificate>
          </ds:X509Data>
        </ds:KeyInfo>
      </KeyDescriptor>
      <SingleLogoutService Binding="urn:oasis:names:tc:SAML:2.0:bindings:HTTP-Redirect" Location="https://wayf.surfnet.nl/federate/saml20"/>
      <NameIDFormat>urn:oasis:names:tc:SAML:2.0:nameid-format:persistent</NameIDFormat>
      <NameIDFormat>urn:oasis:names:tc:SAML:2.0:nameid-format:transient</NameIDFormat>
      <SingleSignOnService Binding="urn:oasis:names:tc:SAML:2.0:bindings:HTTP-Redirect" Location="https://wayf.surfnet.nl/federate/saml20/http%253A%252F%252Ffshub.umcutrecht.nl%252Fadfs%252Fservices%252Ftrust"/>
      <SingleSignOnService Binding="urn:oasis:names:tc:SAML:2.0:bindings:HTTP-POST" Location="https://wayf.surfnet.nl/federate/saml20/http%253A%252F%252Ffshub.umcutrecht.nl%252Fadfs%252Fservices%252Ftrust"/>
    </IDPSSODescriptor>
    <Organization>
      <OrganizationName xml:lang="en">Universitair Medisch Centrum Utrecht</OrganizationName>
      <OrganizationDisplayName xml:lang="en">Universitair Medisch Centrum Utrecht</OrganizationDisplayName>
      <OrganizationURL xml:lang="en">http://www.surffederatie.nl</OrganizationURL>
    </Organization>
    <ContactPerson contactType="technical">
      <SurName>AAI Beheer</SurName>
      <EmailAddress>aai-beheer@surfnet.nl</EmailAddress>
    </ContactPerson>
    <ContactPerson contactType="administrative">
      <GivenName>SURFfederatie Beheer</GivenName>
      <EmailAddress>federatie-beheer@surfnet.nl</EmailAddress>
    </ContactPerson>
  </EntityDescriptor>
  <EntityDescriptor xmlns="urn:oasis:names:tc:SAML:2.0:metadata" entityID="https://login.uaccess.leidenuniv.nl/nidp/saml2/metadata">
    <IDPSSODescriptor protocolSupportEnumeration="urn:oasis:names:tc:SAML:2.0:protocol">
      <KeyDescriptor use="signing">
        <ds:KeyInfo xmlns:ds="http://www.w3.org/2000/09/xmldsig#">
          <ds:X509Data>
            <ds:X509Certificate>
MIIEVDCCAzygAwIBAgIJANm7yUGYaeG1MA0GCSqGSIb3DQEBBQUAMHkxCzAJBgNV
BAYTAk5MMRAwDgYDVQQKEwdTVVJGbmV0MREwDwYDVQQLEwhTZXJ2aWNlczEZMBcG
A1UEAxMQRmVkZXJhdGllIEJlaGVlcjEqMCgGCSqGSIb3DQEJARYbZmVkZXJhdGll
LWJlaGVlckBzdXJmbmV0Lm5sMB4XDTA4MDYwNTE1MDgyMVoXDTIzMDYwMjE1MDgy
MVoweTELMAkGA1UEBhMCTkwxEDAOBgNVBAoTB1NVUkZuZXQxETAPBgNVBAsTCFNl
cnZpY2VzMRkwFwYDVQQDExBGZWRlcmF0aWUgQmVoZWVyMSowKAYJKoZIhvcNAQkB
FhtmZWRlcmF0aWUtYmVoZWVyQHN1cmZuZXQubmwwggEiMA0GCSqGSIb3DQEBAQUA
A4IBDwAwggEKAoIBAQC/x+YuMaHyS3xeogfBB6hWrL4Frp+KzOuu4IixfhMHz3xI
G5l7p2aNV8UrEXevOwMWCgMNxjfSLdZBgNhR14GBh2cVGCx9f/wUtB86scmkP3Pr
RLoZWu/EIY6MEbgET3D3tkdGuVejQwwhJTlK2xxWHtEdEL5abjYLveDg6Lb6z9od
ljFevylBMZO+5LwTjpa3+B+07oMZr2sV1yjsG2BEBwTFz4XZzJAabeK9UO836qhN
ptktjffoCNen33tNCjzqci4wzgQef3CNA/Ef0tMKGotdldKC6FtHvXixmVY5RKUK
Iutm8sRwne8XYqrD54BAgXZQ0ZovxFbvGhA77YXxAgMBAAGjgd4wgdswHQYDVR0O
BBYEFJNoYjIYUrDN/h1+9BZYOTk7jQBNMIGrBgNVHSMEgaMwgaCAFJNoYjIYUrDN
/h1+9BZYOTk7jQBNoX2kezB5MQswCQYDVQQGEwJOTDEQMA4GA1UEChMHU1VSRm5l
dDERMA8GA1UECxMIU2VydmljZXMxGTAXBgNVBAMTEEZlZGVyYXRpZSBCZWhlZXIx
KjAoBgkqhkiG9w0BCQEWG2ZlZGVyYXRpZS1iZWhlZXJAc3VyZm5ldC5ubIIJANm7
yUGYaeG1MAwGA1UdEwQFMAMBAf8wDQYJKoZIhvcNAQEFBQADggEBAI4IxrYPwwjJ
D9gO1Vzt8ByeQaRe+V0Mv5Ox9RlcXV33WX8Ny8hqUS4/kjs9v7JOuOw7TRop/4QJ
IAv/LEXH9B+hQ96zdLGMCcHI2crWF8l0yZ/DtgkpdlcyS7dNbjLtedtmgrOMSQub
LE02tqoSUR491mQbRuXD49+kJsHXZH8I1YZqOShzPZ7+ksvnBd64txhef8OBlCzE
elT60nOC3Jm8k3i0HwPcCYfDrh6+MJfC2dvfgktAcyu8rm1Q/ZelxaaXok17wUKg
D8nDrVCOfTND1RCGcqJ3YVjYDhBrMdK+5NSuC5KOJUpVZbKgTOilnOM7B/Os8HJC
fxLkDyGV/oQ=
     	                  </ds:X509Certificate>
          </ds:X509Data>
        </ds:KeyInfo>
      </KeyDescriptor>
      <SingleLogoutService Binding="urn:oasis:names:tc:SAML:2.0:bindings:HTTP-Redirect" Location="https://wayf.surfnet.nl/federate/saml20"/>
      <NameIDFormat>urn:oasis:names:tc:SAML:2.0:nameid-format:persistent</NameIDFormat>
      <NameIDFormat>urn:oasis:names:tc:SAML:2.0:nameid-format:transient</NameIDFormat>
      <SingleSignOnService Binding="urn:oasis:names:tc:SAML:2.0:bindings:HTTP-Redirect" Location="https://wayf.surfnet.nl/federate/saml20/https%253A%252F%252Flogin.uaccess.leidenuniv.nl%252Fnidp%252Fsaml2%252Fmetadata"/>
      <SingleSignOnService Binding="urn:oasis:names:tc:SAML:2.0:bindings:HTTP-POST" Location="https://wayf.surfnet.nl/federate/saml20/https%253A%252F%252Flogin.uaccess.leidenuniv.nl%252Fnidp%252Fsaml2%252Fmetadata"/>
    </IDPSSODescriptor>
    <Organization>
      <OrganizationName xml:lang="en">Universiteit Leiden</OrganizationName>
      <OrganizationDisplayName xml:lang="en">Universiteit Leiden</OrganizationDisplayName>
      <OrganizationURL xml:lang="en">http://www.surffederatie.nl</OrganizationURL>
    </Organization>
    <ContactPerson contactType="technical">
      <SurName>AAI Beheer</SurName>
      <EmailAddress>aai-beheer@surfnet.nl</EmailAddress>
    </ContactPerson>
    <ContactPerson contactType="administrative">
      <GivenName>SURFfederatie Beheer</GivenName>
      <EmailAddress>federatie-beheer@surfnet.nl</EmailAddress>
    </ContactPerson>
  </EntityDescriptor>
  <EntityDescriptor xmlns="urn:oasis:names:tc:SAML:2.0:metadata" entityID="utwente.nl">
    <IDPSSODescriptor protocolSupportEnumeration="urn:oasis:names:tc:SAML:2.0:protocol">
      <KeyDescriptor use="signing">
        <ds:KeyInfo xmlns:ds="http://www.w3.org/2000/09/xmldsig#">
          <ds:X509Data>
            <ds:X509Certificate>
MIIEVDCCAzygAwIBAgIJANm7yUGYaeG1MA0GCSqGSIb3DQEBBQUAMHkxCzAJBgNV
BAYTAk5MMRAwDgYDVQQKEwdTVVJGbmV0MREwDwYDVQQLEwhTZXJ2aWNlczEZMBcG
A1UEAxMQRmVkZXJhdGllIEJlaGVlcjEqMCgGCSqGSIb3DQEJARYbZmVkZXJhdGll
LWJlaGVlckBzdXJmbmV0Lm5sMB4XDTA4MDYwNTE1MDgyMVoXDTIzMDYwMjE1MDgy
MVoweTELMAkGA1UEBhMCTkwxEDAOBgNVBAoTB1NVUkZuZXQxETAPBgNVBAsTCFNl
cnZpY2VzMRkwFwYDVQQDExBGZWRlcmF0aWUgQmVoZWVyMSowKAYJKoZIhvcNAQkB
FhtmZWRlcmF0aWUtYmVoZWVyQHN1cmZuZXQubmwwggEiMA0GCSqGSIb3DQEBAQUA
A4IBDwAwggEKAoIBAQC/x+YuMaHyS3xeogfBB6hWrL4Frp+KzOuu4IixfhMHz3xI
G5l7p2aNV8UrEXevOwMWCgMNxjfSLdZBgNhR14GBh2cVGCx9f/wUtB86scmkP3Pr
RLoZWu/EIY6MEbgET3D3tkdGuVejQwwhJTlK2xxWHtEdEL5abjYLveDg6Lb6z9od
ljFevylBMZO+5LwTjpa3+B+07oMZr2sV1yjsG2BEBwTFz4XZzJAabeK9UO836qhN
ptktjffoCNen33tNCjzqci4wzgQef3CNA/Ef0tMKGotdldKC6FtHvXixmVY5RKUK
Iutm8sRwne8XYqrD54BAgXZQ0ZovxFbvGhA77YXxAgMBAAGjgd4wgdswHQYDVR0O
BBYEFJNoYjIYUrDN/h1+9BZYOTk7jQBNMIGrBgNVHSMEgaMwgaCAFJNoYjIYUrDN
/h1+9BZYOTk7jQBNoX2kezB5MQswCQYDVQQGEwJOTDEQMA4GA1UEChMHU1VSRm5l
dDERMA8GA1UECxMIU2VydmljZXMxGTAXBgNVBAMTEEZlZGVyYXRpZSBCZWhlZXIx
KjAoBgkqhkiG9w0BCQEWG2ZlZGVyYXRpZS1iZWhlZXJAc3VyZm5ldC5ubIIJANm7
yUGYaeG1MAwGA1UdEwQFMAMBAf8wDQYJKoZIhvcNAQEFBQADggEBAI4IxrYPwwjJ
D9gO1Vzt8ByeQaRe+V0Mv5Ox9RlcXV33WX8Ny8hqUS4/kjs9v7JOuOw7TRop/4QJ
IAv/LEXH9B+hQ96zdLGMCcHI2crWF8l0yZ/DtgkpdlcyS7dNbjLtedtmgrOMSQub
LE02tqoSUR491mQbRuXD49+kJsHXZH8I1YZqOShzPZ7+ksvnBd64txhef8OBlCzE
elT60nOC3Jm8k3i0HwPcCYfDrh6+MJfC2dvfgktAcyu8rm1Q/ZelxaaXok17wUKg
D8nDrVCOfTND1RCGcqJ3YVjYDhBrMdK+5NSuC5KOJUpVZbKgTOilnOM7B/Os8HJC
fxLkDyGV/oQ=
     	                  </ds:X509Certificate>
          </ds:X509Data>
        </ds:KeyInfo>
      </KeyDescriptor>
      <SingleLogoutService Binding="urn:oasis:names:tc:SAML:2.0:bindings:HTTP-Redirect" Location="https://wayf.surfnet.nl/federate/saml20"/>
      <NameIDFormat>urn:oasis:names:tc:SAML:2.0:nameid-format:persistent</NameIDFormat>
      <NameIDFormat>urn:oasis:names:tc:SAML:2.0:nameid-format:transient</NameIDFormat>
      <SingleSignOnService Binding="urn:oasis:names:tc:SAML:2.0:bindings:HTTP-Redirect" Location="https://wayf.surfnet.nl/federate/saml20/utwente.nl"/>
      <SingleSignOnService Binding="urn:oasis:names:tc:SAML:2.0:bindings:HTTP-POST" Location="https://wayf.surfnet.nl/federate/saml20/utwente.nl"/>
    </IDPSSODescriptor>
    <Organization>
      <OrganizationName xml:lang="en">Universiteit Twente</OrganizationName>
      <OrganizationDisplayName xml:lang="en">Universiteit Twente</OrganizationDisplayName>
      <OrganizationURL xml:lang="en">http://www.surffederatie.nl</OrganizationURL>
    </Organization>
    <ContactPerson contactType="technical">
      <SurName>AAI Beheer</SurName>
      <EmailAddress>aai-beheer@surfnet.nl</EmailAddress>
    </ContactPerson>
    <ContactPerson contactType="administrative">
      <GivenName>SURFfederatie Beheer</GivenName>
      <EmailAddress>federatie-beheer@surfnet.nl</EmailAddress>
    </ContactPerson>
  </EntityDescriptor>
  <EntityDescriptor xmlns="urn:oasis:names:tc:SAML:2.0:metadata" entityID="https://login.atos.uu.nl:8443/nidp/saml2/metadata">
    <IDPSSODescriptor protocolSupportEnumeration="urn:oasis:names:tc:SAML:2.0:protocol">
      <KeyDescriptor use="signing">
        <ds:KeyInfo xmlns:ds="http://www.w3.org/2000/09/xmldsig#">
          <ds:X509Data>
            <ds:X509Certificate>
MIIEVDCCAzygAwIBAgIJANm7yUGYaeG1MA0GCSqGSIb3DQEBBQUAMHkxCzAJBgNV
BAYTAk5MMRAwDgYDVQQKEwdTVVJGbmV0MREwDwYDVQQLEwhTZXJ2aWNlczEZMBcG
A1UEAxMQRmVkZXJhdGllIEJlaGVlcjEqMCgGCSqGSIb3DQEJARYbZmVkZXJhdGll
LWJlaGVlckBzdXJmbmV0Lm5sMB4XDTA4MDYwNTE1MDgyMVoXDTIzMDYwMjE1MDgy
MVoweTELMAkGA1UEBhMCTkwxEDAOBgNVBAoTB1NVUkZuZXQxETAPBgNVBAsTCFNl
cnZpY2VzMRkwFwYDVQQDExBGZWRlcmF0aWUgQmVoZWVyMSowKAYJKoZIhvcNAQkB
FhtmZWRlcmF0aWUtYmVoZWVyQHN1cmZuZXQubmwwggEiMA0GCSqGSIb3DQEBAQUA
A4IBDwAwggEKAoIBAQC/x+YuMaHyS3xeogfBB6hWrL4Frp+KzOuu4IixfhMHz3xI
G5l7p2aNV8UrEXevOwMWCgMNxjfSLdZBgNhR14GBh2cVGCx9f/wUtB86scmkP3Pr
RLoZWu/EIY6MEbgET3D3tkdGuVejQwwhJTlK2xxWHtEdEL5abjYLveDg6Lb6z9od
ljFevylBMZO+5LwTjpa3+B+07oMZr2sV1yjsG2BEBwTFz4XZzJAabeK9UO836qhN
ptktjffoCNen33tNCjzqci4wzgQef3CNA/Ef0tMKGotdldKC6FtHvXixmVY5RKUK
Iutm8sRwne8XYqrD54BAgXZQ0ZovxFbvGhA77YXxAgMBAAGjgd4wgdswHQYDVR0O
BBYEFJNoYjIYUrDN/h1+9BZYOTk7jQBNMIGrBgNVHSMEgaMwgaCAFJNoYjIYUrDN
/h1+9BZYOTk7jQBNoX2kezB5MQswCQYDVQQGEwJOTDEQMA4GA1UEChMHU1VSRm5l
dDERMA8GA1UECxMIU2VydmljZXMxGTAXBgNVBAMTEEZlZGVyYXRpZSBCZWhlZXIx
KjAoBgkqhkiG9w0BCQEWG2ZlZGVyYXRpZS1iZWhlZXJAc3VyZm5ldC5ubIIJANm7
yUGYaeG1MAwGA1UdEwQFMAMBAf8wDQYJKoZIhvcNAQEFBQADggEBAI4IxrYPwwjJ
D9gO1Vzt8ByeQaRe+V0Mv5Ox9RlcXV33WX8Ny8hqUS4/kjs9v7JOuOw7TRop/4QJ
IAv/LEXH9B+hQ96zdLGMCcHI2crWF8l0yZ/DtgkpdlcyS7dNbjLtedtmgrOMSQub
LE02tqoSUR491mQbRuXD49+kJsHXZH8I1YZqOShzPZ7+ksvnBd64txhef8OBlCzE
elT60nOC3Jm8k3i0HwPcCYfDrh6+MJfC2dvfgktAcyu8rm1Q/ZelxaaXok17wUKg
D8nDrVCOfTND1RCGcqJ3YVjYDhBrMdK+5NSuC5KOJUpVZbKgTOilnOM7B/Os8HJC
fxLkDyGV/oQ=
     	                  </ds:X509Certificate>
          </ds:X509Data>
        </ds:KeyInfo>
      </KeyDescriptor>
      <SingleLogoutService Binding="urn:oasis:names:tc:SAML:2.0:bindings:HTTP-Redirect" Location="https://wayf.surfnet.nl/federate/saml20"/>
      <NameIDFormat>urn:oasis:names:tc:SAML:2.0:nameid-format:persistent</NameIDFormat>
      <NameIDFormat>urn:oasis:names:tc:SAML:2.0:nameid-format:transient</NameIDFormat>
      <SingleSignOnService Binding="urn:oasis:names:tc:SAML:2.0:bindings:HTTP-Redirect" Location="https://wayf.surfnet.nl/federate/saml20/https%253A%252F%252Flogin.atos.uu.nl%253A8443%252Fnidp%252Fsaml2%252Fmetadata"/>
      <SingleSignOnService Binding="urn:oasis:names:tc:SAML:2.0:bindings:HTTP-POST" Location="https://wayf.surfnet.nl/federate/saml20/https%253A%252F%252Flogin.atos.uu.nl%253A8443%252Fnidp%252Fsaml2%252Fmetadata"/>
    </IDPSSODescriptor>
    <Organization>
      <OrganizationName xml:lang="en">Universiteit Utrecht</OrganizationName>
      <OrganizationDisplayName xml:lang="en">Universiteit Utrecht</OrganizationDisplayName>
      <OrganizationURL xml:lang="en">http://www.surffederatie.nl</OrganizationURL>
    </Organization>
    <ContactPerson contactType="technical">
      <SurName>AAI Beheer</SurName>
      <EmailAddress>aai-beheer@surfnet.nl</EmailAddress>
    </ContactPerson>
    <ContactPerson contactType="administrative">
      <GivenName>SURFfederatie Beheer</GivenName>
      <EmailAddress>federatie-beheer@surfnet.nl</EmailAddress>
    </ContactPerson>
  </EntityDescriptor>
  <EntityDescriptor xmlns="urn:oasis:names:tc:SAML:2.0:metadata" entityID="Universiteit%20Utrecht">
    <IDPSSODescriptor protocolSupportEnumeration="urn:oasis:names:tc:SAML:2.0:protocol">
      <KeyDescriptor use="signing">
        <ds:KeyInfo xmlns:ds="http://www.w3.org/2000/09/xmldsig#">
          <ds:X509Data>
            <ds:X509Certificate>
MIIEVDCCAzygAwIBAgIJANm7yUGYaeG1MA0GCSqGSIb3DQEBBQUAMHkxCzAJBgNV
BAYTAk5MMRAwDgYDVQQKEwdTVVJGbmV0MREwDwYDVQQLEwhTZXJ2aWNlczEZMBcG
A1UEAxMQRmVkZXJhdGllIEJlaGVlcjEqMCgGCSqGSIb3DQEJARYbZmVkZXJhdGll
LWJlaGVlckBzdXJmbmV0Lm5sMB4XDTA4MDYwNTE1MDgyMVoXDTIzMDYwMjE1MDgy
MVoweTELMAkGA1UEBhMCTkwxEDAOBgNVBAoTB1NVUkZuZXQxETAPBgNVBAsTCFNl
cnZpY2VzMRkwFwYDVQQDExBGZWRlcmF0aWUgQmVoZWVyMSowKAYJKoZIhvcNAQkB
FhtmZWRlcmF0aWUtYmVoZWVyQHN1cmZuZXQubmwwggEiMA0GCSqGSIb3DQEBAQUA
A4IBDwAwggEKAoIBAQC/x+YuMaHyS3xeogfBB6hWrL4Frp+KzOuu4IixfhMHz3xI
G5l7p2aNV8UrEXevOwMWCgMNxjfSLdZBgNhR14GBh2cVGCx9f/wUtB86scmkP3Pr
RLoZWu/EIY6MEbgET3D3tkdGuVejQwwhJTlK2xxWHtEdEL5abjYLveDg6Lb6z9od
ljFevylBMZO+5LwTjpa3+B+07oMZr2sV1yjsG2BEBwTFz4XZzJAabeK9UO836qhN
ptktjffoCNen33tNCjzqci4wzgQef3CNA/Ef0tMKGotdldKC6FtHvXixmVY5RKUK
Iutm8sRwne8XYqrD54BAgXZQ0ZovxFbvGhA77YXxAgMBAAGjgd4wgdswHQYDVR0O
BBYEFJNoYjIYUrDN/h1+9BZYOTk7jQBNMIGrBgNVHSMEgaMwgaCAFJNoYjIYUrDN
/h1+9BZYOTk7jQBNoX2kezB5MQswCQYDVQQGEwJOTDEQMA4GA1UEChMHU1VSRm5l
dDERMA8GA1UECxMIU2VydmljZXMxGTAXBgNVBAMTEEZlZGVyYXRpZSBCZWhlZXIx
KjAoBgkqhkiG9w0BCQEWG2ZlZGVyYXRpZS1iZWhlZXJAc3VyZm5ldC5ubIIJANm7
yUGYaeG1MAwGA1UdEwQFMAMBAf8wDQYJKoZIhvcNAQEFBQADggEBAI4IxrYPwwjJ
D9gO1Vzt8ByeQaRe+V0Mv5Ox9RlcXV33WX8Ny8hqUS4/kjs9v7JOuOw7TRop/4QJ
IAv/LEXH9B+hQ96zdLGMCcHI2crWF8l0yZ/DtgkpdlcyS7dNbjLtedtmgrOMSQub
LE02tqoSUR491mQbRuXD49+kJsHXZH8I1YZqOShzPZ7+ksvnBd64txhef8OBlCzE
elT60nOC3Jm8k3i0HwPcCYfDrh6+MJfC2dvfgktAcyu8rm1Q/ZelxaaXok17wUKg
D8nDrVCOfTND1RCGcqJ3YVjYDhBrMdK+5NSuC5KOJUpVZbKgTOilnOM7B/Os8HJC
fxLkDyGV/oQ=
     	                  </ds:X509Certificate>
          </ds:X509Data>
        </ds:KeyInfo>
      </KeyDescriptor>
      <SingleLogoutService Binding="urn:oasis:names:tc:SAML:2.0:bindings:HTTP-Redirect" Location="https://wayf.surfnet.nl/federate/saml20"/>
      <NameIDFormat>urn:oasis:names:tc:SAML:2.0:nameid-format:persistent</NameIDFormat>
      <NameIDFormat>urn:oasis:names:tc:SAML:2.0:nameid-format:transient</NameIDFormat>
      <SingleSignOnService Binding="urn:oasis:names:tc:SAML:2.0:bindings:HTTP-Redirect" Location="https://wayf.surfnet.nl/federate/saml20/Universiteit%2BUtrecht"/>
      <SingleSignOnService Binding="urn:oasis:names:tc:SAML:2.0:bindings:HTTP-POST" Location="https://wayf.surfnet.nl/federate/saml20/Universiteit%2BUtrecht"/>
    </IDPSSODescriptor>
    <Organization>
      <OrganizationName xml:lang="en">Universiteit Utrecht (A-Select)</OrganizationName>
      <OrganizationDisplayName xml:lang="en">Universiteit Utrecht (A-Select)</OrganizationDisplayName>
      <OrganizationURL xml:lang="en">http://www.surffederatie.nl</OrganizationURL>
    </Organization>
    <ContactPerson contactType="technical">
      <SurName>AAI Beheer</SurName>
      <EmailAddress>aai-beheer@surfnet.nl</EmailAddress>
    </ContactPerson>
    <ContactPerson contactType="administrative">
      <GivenName>SURFfederatie Beheer</GivenName>
      <EmailAddress>federatie-beheer@surfnet.nl</EmailAddress>
    </ContactPerson>
  </EntityDescriptor>
  <EntityDescriptor xmlns="urn:oasis:names:tc:SAML:2.0:metadata" entityID="https://secure.uva.nl/cas">
    <IDPSSODescriptor protocolSupportEnumeration="urn:oasis:names:tc:SAML:2.0:protocol">
      <KeyDescriptor use="signing">
        <ds:KeyInfo xmlns:ds="http://www.w3.org/2000/09/xmldsig#">
          <ds:X509Data>
            <ds:X509Certificate>
MIIEVDCCAzygAwIBAgIJANm7yUGYaeG1MA0GCSqGSIb3DQEBBQUAMHkxCzAJBgNV
BAYTAk5MMRAwDgYDVQQKEwdTVVJGbmV0MREwDwYDVQQLEwhTZXJ2aWNlczEZMBcG
A1UEAxMQRmVkZXJhdGllIEJlaGVlcjEqMCgGCSqGSIb3DQEJARYbZmVkZXJhdGll
LWJlaGVlckBzdXJmbmV0Lm5sMB4XDTA4MDYwNTE1MDgyMVoXDTIzMDYwMjE1MDgy
MVoweTELMAkGA1UEBhMCTkwxEDAOBgNVBAoTB1NVUkZuZXQxETAPBgNVBAsTCFNl
cnZpY2VzMRkwFwYDVQQDExBGZWRlcmF0aWUgQmVoZWVyMSowKAYJKoZIhvcNAQkB
FhtmZWRlcmF0aWUtYmVoZWVyQHN1cmZuZXQubmwwggEiMA0GCSqGSIb3DQEBAQUA
A4IBDwAwggEKAoIBAQC/x+YuMaHyS3xeogfBB6hWrL4Frp+KzOuu4IixfhMHz3xI
G5l7p2aNV8UrEXevOwMWCgMNxjfSLdZBgNhR14GBh2cVGCx9f/wUtB86scmkP3Pr
RLoZWu/EIY6MEbgET3D3tkdGuVejQwwhJTlK2xxWHtEdEL5abjYLveDg6Lb6z9od
ljFevylBMZO+5LwTjpa3+B+07oMZr2sV1yjsG2BEBwTFz4XZzJAabeK9UO836qhN
ptktjffoCNen33tNCjzqci4wzgQef3CNA/Ef0tMKGotdldKC6FtHvXixmVY5RKUK
Iutm8sRwne8XYqrD54BAgXZQ0ZovxFbvGhA77YXxAgMBAAGjgd4wgdswHQYDVR0O
BBYEFJNoYjIYUrDN/h1+9BZYOTk7jQBNMIGrBgNVHSMEgaMwgaCAFJNoYjIYUrDN
/h1+9BZYOTk7jQBNoX2kezB5MQswCQYDVQQGEwJOTDEQMA4GA1UEChMHU1VSRm5l
dDERMA8GA1UECxMIU2VydmljZXMxGTAXBgNVBAMTEEZlZGVyYXRpZSBCZWhlZXIx
KjAoBgkqhkiG9w0BCQEWG2ZlZGVyYXRpZS1iZWhlZXJAc3VyZm5ldC5ubIIJANm7
yUGYaeG1MAwGA1UdEwQFMAMBAf8wDQYJKoZIhvcNAQEFBQADggEBAI4IxrYPwwjJ
D9gO1Vzt8ByeQaRe+V0Mv5Ox9RlcXV33WX8Ny8hqUS4/kjs9v7JOuOw7TRop/4QJ
IAv/LEXH9B+hQ96zdLGMCcHI2crWF8l0yZ/DtgkpdlcyS7dNbjLtedtmgrOMSQub
LE02tqoSUR491mQbRuXD49+kJsHXZH8I1YZqOShzPZ7+ksvnBd64txhef8OBlCzE
elT60nOC3Jm8k3i0HwPcCYfDrh6+MJfC2dvfgktAcyu8rm1Q/ZelxaaXok17wUKg
D8nDrVCOfTND1RCGcqJ3YVjYDhBrMdK+5NSuC5KOJUpVZbKgTOilnOM7B/Os8HJC
fxLkDyGV/oQ=
     	                  </ds:X509Certificate>
          </ds:X509Data>
        </ds:KeyInfo>
      </KeyDescriptor>
      <SingleLogoutService Binding="urn:oasis:names:tc:SAML:2.0:bindings:HTTP-Redirect" Location="https://wayf.surfnet.nl/federate/saml20"/>
      <NameIDFormat>urn:oasis:names:tc:SAML:2.0:nameid-format:persistent</NameIDFormat>
      <NameIDFormat>urn:oasis:names:tc:SAML:2.0:nameid-format:transient</NameIDFormat>
      <SingleSignOnService Binding="urn:oasis:names:tc:SAML:2.0:bindings:HTTP-Redirect" Location="https://wayf.surfnet.nl/federate/saml20/https%253A%252F%252Fsecure.uva.nl%252Fcas"/>
      <SingleSignOnService Binding="urn:oasis:names:tc:SAML:2.0:bindings:HTTP-POST" Location="https://wayf.surfnet.nl/federate/saml20/https%253A%252F%252Fsecure.uva.nl%252Fcas"/>
    </IDPSSODescriptor>
    <Organization>
      <OrganizationName xml:lang="en">Universiteit van Amsterdam</OrganizationName>
      <OrganizationDisplayName xml:lang="en">Universiteit van Amsterdam</OrganizationDisplayName>
      <OrganizationURL xml:lang="en">http://www.surffederatie.nl</OrganizationURL>
    </Organization>
    <ContactPerson contactType="technical">
      <SurName>AAI Beheer</SurName>
      <EmailAddress>aai-beheer@surfnet.nl</EmailAddress>
    </ContactPerson>
    <ContactPerson contactType="administrative">
      <GivenName>SURFfederatie Beheer</GivenName>
      <EmailAddress>federatie-beheer@surfnet.nl</EmailAddress>
    </ContactPerson>
  </EntityDescriptor>
  <EntityDescriptor xmlns="urn:oasis:names:tc:SAML:2.0:metadata" entityID="https://saml.uvt.nl/saml2/idp/metadata.php">
    <IDPSSODescriptor protocolSupportEnumeration="urn:oasis:names:tc:SAML:2.0:protocol">
      <KeyDescriptor use="signing">
        <ds:KeyInfo xmlns:ds="http://www.w3.org/2000/09/xmldsig#">
          <ds:X509Data>
            <ds:X509Certificate>
MIIEVDCCAzygAwIBAgIJANm7yUGYaeG1MA0GCSqGSIb3DQEBBQUAMHkxCzAJBgNV
BAYTAk5MMRAwDgYDVQQKEwdTVVJGbmV0MREwDwYDVQQLEwhTZXJ2aWNlczEZMBcG
A1UEAxMQRmVkZXJhdGllIEJlaGVlcjEqMCgGCSqGSIb3DQEJARYbZmVkZXJhdGll
LWJlaGVlckBzdXJmbmV0Lm5sMB4XDTA4MDYwNTE1MDgyMVoXDTIzMDYwMjE1MDgy
MVoweTELMAkGA1UEBhMCTkwxEDAOBgNVBAoTB1NVUkZuZXQxETAPBgNVBAsTCFNl
cnZpY2VzMRkwFwYDVQQDExBGZWRlcmF0aWUgQmVoZWVyMSowKAYJKoZIhvcNAQkB
FhtmZWRlcmF0aWUtYmVoZWVyQHN1cmZuZXQubmwwggEiMA0GCSqGSIb3DQEBAQUA
A4IBDwAwggEKAoIBAQC/x+YuMaHyS3xeogfBB6hWrL4Frp+KzOuu4IixfhMHz3xI
G5l7p2aNV8UrEXevOwMWCgMNxjfSLdZBgNhR14GBh2cVGCx9f/wUtB86scmkP3Pr
RLoZWu/EIY6MEbgET3D3tkdGuVejQwwhJTlK2xxWHtEdEL5abjYLveDg6Lb6z9od
ljFevylBMZO+5LwTjpa3+B+07oMZr2sV1yjsG2BEBwTFz4XZzJAabeK9UO836qhN
ptktjffoCNen33tNCjzqci4wzgQef3CNA/Ef0tMKGotdldKC6FtHvXixmVY5RKUK
Iutm8sRwne8XYqrD54BAgXZQ0ZovxFbvGhA77YXxAgMBAAGjgd4wgdswHQYDVR0O
BBYEFJNoYjIYUrDN/h1+9BZYOTk7jQBNMIGrBgNVHSMEgaMwgaCAFJNoYjIYUrDN
/h1+9BZYOTk7jQBNoX2kezB5MQswCQYDVQQGEwJOTDEQMA4GA1UEChMHU1VSRm5l
dDERMA8GA1UECxMIU2VydmljZXMxGTAXBgNVBAMTEEZlZGVyYXRpZSBCZWhlZXIx
KjAoBgkqhkiG9w0BCQEWG2ZlZGVyYXRpZS1iZWhlZXJAc3VyZm5ldC5ubIIJANm7
yUGYaeG1MAwGA1UdEwQFMAMBAf8wDQYJKoZIhvcNAQEFBQADggEBAI4IxrYPwwjJ
D9gO1Vzt8ByeQaRe+V0Mv5Ox9RlcXV33WX8Ny8hqUS4/kjs9v7JOuOw7TRop/4QJ
IAv/LEXH9B+hQ96zdLGMCcHI2crWF8l0yZ/DtgkpdlcyS7dNbjLtedtmgrOMSQub
LE02tqoSUR491mQbRuXD49+kJsHXZH8I1YZqOShzPZ7+ksvnBd64txhef8OBlCzE
elT60nOC3Jm8k3i0HwPcCYfDrh6+MJfC2dvfgktAcyu8rm1Q/ZelxaaXok17wUKg
D8nDrVCOfTND1RCGcqJ3YVjYDhBrMdK+5NSuC5KOJUpVZbKgTOilnOM7B/Os8HJC
fxLkDyGV/oQ=
     	                  </ds:X509Certificate>
          </ds:X509Data>
        </ds:KeyInfo>
      </KeyDescriptor>
      <SingleLogoutService Binding="urn:oasis:names:tc:SAML:2.0:bindings:HTTP-Redirect" Location="https://wayf.surfnet.nl/federate/saml20"/>
      <NameIDFormat>urn:oasis:names:tc:SAML:2.0:nameid-format:persistent</NameIDFormat>
      <NameIDFormat>urn:oasis:names:tc:SAML:2.0:nameid-format:transient</NameIDFormat>
      <SingleSignOnService Binding="urn:oasis:names:tc:SAML:2.0:bindings:HTTP-Redirect" Location="https://wayf.surfnet.nl/federate/saml20/https%253A%252F%252Fsaml.uvt.nl%252Fsaml2%252Fidp%252Fmetadata.php"/>
      <SingleSignOnService Binding="urn:oasis:names:tc:SAML:2.0:bindings:HTTP-POST" Location="https://wayf.surfnet.nl/federate/saml20/https%253A%252F%252Fsaml.uvt.nl%252Fsaml2%252Fidp%252Fmetadata.php"/>
    </IDPSSODescriptor>
    <Organization>
      <OrganizationName xml:lang="en">Universiteit van Tilburg</OrganizationName>
      <OrganizationDisplayName xml:lang="en">Universiteit van Tilburg</OrganizationDisplayName>
      <OrganizationURL xml:lang="en">http://www.surffederatie.nl</OrganizationURL>
    </Organization>
    <ContactPerson contactType="technical">
      <SurName>AAI Beheer</SurName>
      <EmailAddress>aai-beheer@surfnet.nl</EmailAddress>
    </ContactPerson>
    <ContactPerson contactType="administrative">
      <GivenName>SURFfederatie Beheer</GivenName>
      <EmailAddress>federatie-beheer@surfnet.nl</EmailAddress>
    </ContactPerson>
  </EntityDescriptor>
  <EntityDescriptor xmlns="urn:oasis:names:tc:SAML:2.0:metadata" entityID="https://surf-sso.ubvu.vu.nl/simplesaml/saml2/idp/metadata.php">
    <IDPSSODescriptor protocolSupportEnumeration="urn:oasis:names:tc:SAML:2.0:protocol">
      <KeyDescriptor use="signing">
        <ds:KeyInfo xmlns:ds="http://www.w3.org/2000/09/xmldsig#">
          <ds:X509Data>
            <ds:X509Certificate>
MIIEVDCCAzygAwIBAgIJANm7yUGYaeG1MA0GCSqGSIb3DQEBBQUAMHkxCzAJBgNV
BAYTAk5MMRAwDgYDVQQKEwdTVVJGbmV0MREwDwYDVQQLEwhTZXJ2aWNlczEZMBcG
A1UEAxMQRmVkZXJhdGllIEJlaGVlcjEqMCgGCSqGSIb3DQEJARYbZmVkZXJhdGll
LWJlaGVlckBzdXJmbmV0Lm5sMB4XDTA4MDYwNTE1MDgyMVoXDTIzMDYwMjE1MDgy
MVoweTELMAkGA1UEBhMCTkwxEDAOBgNVBAoTB1NVUkZuZXQxETAPBgNVBAsTCFNl
cnZpY2VzMRkwFwYDVQQDExBGZWRlcmF0aWUgQmVoZWVyMSowKAYJKoZIhvcNAQkB
FhtmZWRlcmF0aWUtYmVoZWVyQHN1cmZuZXQubmwwggEiMA0GCSqGSIb3DQEBAQUA
A4IBDwAwggEKAoIBAQC/x+YuMaHyS3xeogfBB6hWrL4Frp+KzOuu4IixfhMHz3xI
G5l7p2aNV8UrEXevOwMWCgMNxjfSLdZBgNhR14GBh2cVGCx9f/wUtB86scmkP3Pr
RLoZWu/EIY6MEbgET3D3tkdGuVejQwwhJTlK2xxWHtEdEL5abjYLveDg6Lb6z9od
ljFevylBMZO+5LwTjpa3+B+07oMZr2sV1yjsG2BEBwTFz4XZzJAabeK9UO836qhN
ptktjffoCNen33tNCjzqci4wzgQef3CNA/Ef0tMKGotdldKC6FtHvXixmVY5RKUK
Iutm8sRwne8XYqrD54BAgXZQ0ZovxFbvGhA77YXxAgMBAAGjgd4wgdswHQYDVR0O
BBYEFJNoYjIYUrDN/h1+9BZYOTk7jQBNMIGrBgNVHSMEgaMwgaCAFJNoYjIYUrDN
/h1+9BZYOTk7jQBNoX2kezB5MQswCQYDVQQGEwJOTDEQMA4GA1UEChMHU1VSRm5l
dDERMA8GA1UECxMIU2VydmljZXMxGTAXBgNVBAMTEEZlZGVyYXRpZSBCZWhlZXIx
KjAoBgkqhkiG9w0BCQEWG2ZlZGVyYXRpZS1iZWhlZXJAc3VyZm5ldC5ubIIJANm7
yUGYaeG1MAwGA1UdEwQFMAMBAf8wDQYJKoZIhvcNAQEFBQADggEBAI4IxrYPwwjJ
D9gO1Vzt8ByeQaRe+V0Mv5Ox9RlcXV33WX8Ny8hqUS4/kjs9v7JOuOw7TRop/4QJ
IAv/LEXH9B+hQ96zdLGMCcHI2crWF8l0yZ/DtgkpdlcyS7dNbjLtedtmgrOMSQub
LE02tqoSUR491mQbRuXD49+kJsHXZH8I1YZqOShzPZ7+ksvnBd64txhef8OBlCzE
elT60nOC3Jm8k3i0HwPcCYfDrh6+MJfC2dvfgktAcyu8rm1Q/ZelxaaXok17wUKg
D8nDrVCOfTND1RCGcqJ3YVjYDhBrMdK+5NSuC5KOJUpVZbKgTOilnOM7B/Os8HJC
fxLkDyGV/oQ=
     	                  </ds:X509Certificate>
          </ds:X509Data>
        </ds:KeyInfo>
      </KeyDescriptor>
      <SingleLogoutService Binding="urn:oasis:names:tc:SAML:2.0:bindings:HTTP-Redirect" Location="https://wayf.surfnet.nl/federate/saml20"/>
      <NameIDFormat>urn:oasis:names:tc:SAML:2.0:nameid-format:persistent</NameIDFormat>
      <NameIDFormat>urn:oasis:names:tc:SAML:2.0:nameid-format:transient</NameIDFormat>
      <SingleSignOnService Binding="urn:oasis:names:tc:SAML:2.0:bindings:HTTP-Redirect" Location="https://wayf.surfnet.nl/federate/saml20/https%253A%252F%252Fsurf-sso.ubvu.vu.nl%252Fsimplesaml%252Fsaml2%252Fidp%252Fmetadata.php"/>
      <SingleSignOnService Binding="urn:oasis:names:tc:SAML:2.0:bindings:HTTP-POST" Location="https://wayf.surfnet.nl/federate/saml20/https%253A%252F%252Fsurf-sso.ubvu.vu.nl%252Fsimplesaml%252Fsaml2%252Fidp%252Fmetadata.php"/>
    </IDPSSODescriptor>
    <Organization>
      <OrganizationName xml:lang="en">Vrije Universiteit</OrganizationName>
      <OrganizationDisplayName xml:lang="en">Vrije Universiteit</OrganizationDisplayName>
      <OrganizationURL xml:lang="en">http://www.surffederatie.nl</OrganizationURL>
    </Organization>
    <ContactPerson contactType="technical">
      <SurName>AAI Beheer</SurName>
      <EmailAddress>aai-beheer@surfnet.nl</EmailAddress>
    </ContactPerson>
    <ContactPerson contactType="administrative">
      <GivenName>SURFfederatie Beheer</GivenName>
      <EmailAddress>federatie-beheer@surfnet.nl</EmailAddress>
    </ContactPerson>
  </EntityDescriptor>
  <EntityDescriptor xmlns="urn:oasis:names:tc:SAML:2.0:metadata" entityID="http://teamwerk.fed.vumc.nl/adfs/services/trust">
    <IDPSSODescriptor protocolSupportEnumeration="urn:oasis:names:tc:SAML:2.0:protocol">
      <KeyDescriptor use="signing">
        <ds:KeyInfo xmlns:ds="http://www.w3.org/2000/09/xmldsig#">
          <ds:X509Data>
            <ds:X509Certificate>
MIIEVDCCAzygAwIBAgIJANm7yUGYaeG1MA0GCSqGSIb3DQEBBQUAMHkxCzAJBgNV
BAYTAk5MMRAwDgYDVQQKEwdTVVJGbmV0MREwDwYDVQQLEwhTZXJ2aWNlczEZMBcG
A1UEAxMQRmVkZXJhdGllIEJlaGVlcjEqMCgGCSqGSIb3DQEJARYbZmVkZXJhdGll
LWJlaGVlckBzdXJmbmV0Lm5sMB4XDTA4MDYwNTE1MDgyMVoXDTIzMDYwMjE1MDgy
MVoweTELMAkGA1UEBhMCTkwxEDAOBgNVBAoTB1NVUkZuZXQxETAPBgNVBAsTCFNl
cnZpY2VzMRkwFwYDVQQDExBGZWRlcmF0aWUgQmVoZWVyMSowKAYJKoZIhvcNAQkB
FhtmZWRlcmF0aWUtYmVoZWVyQHN1cmZuZXQubmwwggEiMA0GCSqGSIb3DQEBAQUA
A4IBDwAwggEKAoIBAQC/x+YuMaHyS3xeogfBB6hWrL4Frp+KzOuu4IixfhMHz3xI
G5l7p2aNV8UrEXevOwMWCgMNxjfSLdZBgNhR14GBh2cVGCx9f/wUtB86scmkP3Pr
RLoZWu/EIY6MEbgET3D3tkdGuVejQwwhJTlK2xxWHtEdEL5abjYLveDg6Lb6z9od
ljFevylBMZO+5LwTjpa3+B+07oMZr2sV1yjsG2BEBwTFz4XZzJAabeK9UO836qhN
ptktjffoCNen33tNCjzqci4wzgQef3CNA/Ef0tMKGotdldKC6FtHvXixmVY5RKUK
Iutm8sRwne8XYqrD54BAgXZQ0ZovxFbvGhA77YXxAgMBAAGjgd4wgdswHQYDVR0O
BBYEFJNoYjIYUrDN/h1+9BZYOTk7jQBNMIGrBgNVHSMEgaMwgaCAFJNoYjIYUrDN
/h1+9BZYOTk7jQBNoX2kezB5MQswCQYDVQQGEwJOTDEQMA4GA1UEChMHU1VSRm5l
dDERMA8GA1UECxMIU2VydmljZXMxGTAXBgNVBAMTEEZlZGVyYXRpZSBCZWhlZXIx
KjAoBgkqhkiG9w0BCQEWG2ZlZGVyYXRpZS1iZWhlZXJAc3VyZm5ldC5ubIIJANm7
yUGYaeG1MAwGA1UdEwQFMAMBAf8wDQYJKoZIhvcNAQEFBQADggEBAI4IxrYPwwjJ
D9gO1Vzt8ByeQaRe+V0Mv5Ox9RlcXV33WX8Ny8hqUS4/kjs9v7JOuOw7TRop/4QJ
IAv/LEXH9B+hQ96zdLGMCcHI2crWF8l0yZ/DtgkpdlcyS7dNbjLtedtmgrOMSQub
LE02tqoSUR491mQbRuXD49+kJsHXZH8I1YZqOShzPZ7+ksvnBd64txhef8OBlCzE
elT60nOC3Jm8k3i0HwPcCYfDrh6+MJfC2dvfgktAcyu8rm1Q/ZelxaaXok17wUKg
D8nDrVCOfTND1RCGcqJ3YVjYDhBrMdK+5NSuC5KOJUpVZbKgTOilnOM7B/Os8HJC
fxLkDyGV/oQ=
     	                  </ds:X509Certificate>
          </ds:X509Data>
        </ds:KeyInfo>
      </KeyDescriptor>
      <SingleLogoutService Binding="urn:oasis:names:tc:SAML:2.0:bindings:HTTP-Redirect" Location="https://wayf.surfnet.nl/federate/saml20"/>
      <NameIDFormat>urn:oasis:names:tc:SAML:2.0:nameid-format:persistent</NameIDFormat>
      <NameIDFormat>urn:oasis:names:tc:SAML:2.0:nameid-format:transient</NameIDFormat>
      <SingleSignOnService Binding="urn:oasis:names:tc:SAML:2.0:bindings:HTTP-Redirect" Location="https://wayf.surfnet.nl/federate/saml20/http%253A%252F%252Fteamwerk.fed.vumc.nl%252Fadfs%252Fservices%252Ftrust"/>
      <SingleSignOnService Binding="urn:oasis:names:tc:SAML:2.0:bindings:HTTP-POST" Location="https://wayf.surfnet.nl/federate/saml20/http%253A%252F%252Fteamwerk.fed.vumc.nl%252Fadfs%252Fservices%252Ftrust"/>
    </IDPSSODescriptor>
    <Organization>
      <OrganizationName xml:lang="en">VUmc</OrganizationName>
      <OrganizationDisplayName xml:lang="en">VUmc</OrganizationDisplayName>
      <OrganizationURL xml:lang="en">http://www.surffederatie.nl</OrganizationURL>
    </Organization>
    <ContactPerson contactType="technical">
      <SurName>AAI Beheer</SurName>
      <EmailAddress>aai-beheer@surfnet.nl</EmailAddress>
    </ContactPerson>
    <ContactPerson contactType="administrative">
      <GivenName>SURFfederatie Beheer</GivenName>
      <EmailAddress>federatie-beheer@surfnet.nl</EmailAddress>
    </ContactPerson>
  </EntityDescriptor>
  <EntityDescriptor xmlns="urn:oasis:names:tc:SAML:2.0:metadata" entityID="urn:federation:WUR">
    <IDPSSODescriptor protocolSupportEnumeration="urn:oasis:names:tc:SAML:2.0:protocol">
      <KeyDescriptor use="signing">
        <ds:KeyInfo xmlns:ds="http://www.w3.org/2000/09/xmldsig#">
          <ds:X509Data>
            <ds:X509Certificate>
MIIEVDCCAzygAwIBAgIJANm7yUGYaeG1MA0GCSqGSIb3DQEBBQUAMHkxCzAJBgNV
BAYTAk5MMRAwDgYDVQQKEwdTVVJGbmV0MREwDwYDVQQLEwhTZXJ2aWNlczEZMBcG
A1UEAxMQRmVkZXJhdGllIEJlaGVlcjEqMCgGCSqGSIb3DQEJARYbZmVkZXJhdGll
LWJlaGVlckBzdXJmbmV0Lm5sMB4XDTA4MDYwNTE1MDgyMVoXDTIzMDYwMjE1MDgy
MVoweTELMAkGA1UEBhMCTkwxEDAOBgNVBAoTB1NVUkZuZXQxETAPBgNVBAsTCFNl
cnZpY2VzMRkwFwYDVQQDExBGZWRlcmF0aWUgQmVoZWVyMSowKAYJKoZIhvcNAQkB
FhtmZWRlcmF0aWUtYmVoZWVyQHN1cmZuZXQubmwwggEiMA0GCSqGSIb3DQEBAQUA
A4IBDwAwggEKAoIBAQC/x+YuMaHyS3xeogfBB6hWrL4Frp+KzOuu4IixfhMHz3xI
G5l7p2aNV8UrEXevOwMWCgMNxjfSLdZBgNhR14GBh2cVGCx9f/wUtB86scmkP3Pr
RLoZWu/EIY6MEbgET3D3tkdGuVejQwwhJTlK2xxWHtEdEL5abjYLveDg6Lb6z9od
ljFevylBMZO+5LwTjpa3+B+07oMZr2sV1yjsG2BEBwTFz4XZzJAabeK9UO836qhN
ptktjffoCNen33tNCjzqci4wzgQef3CNA/Ef0tMKGotdldKC6FtHvXixmVY5RKUK
Iutm8sRwne8XYqrD54BAgXZQ0ZovxFbvGhA77YXxAgMBAAGjgd4wgdswHQYDVR0O
BBYEFJNoYjIYUrDN/h1+9BZYOTk7jQBNMIGrBgNVHSMEgaMwgaCAFJNoYjIYUrDN
/h1+9BZYOTk7jQBNoX2kezB5MQswCQYDVQQGEwJOTDEQMA4GA1UEChMHU1VSRm5l
dDERMA8GA1UECxMIU2VydmljZXMxGTAXBgNVBAMTEEZlZGVyYXRpZSBCZWhlZXIx
KjAoBgkqhkiG9w0BCQEWG2ZlZGVyYXRpZS1iZWhlZXJAc3VyZm5ldC5ubIIJANm7
yUGYaeG1MAwGA1UdEwQFMAMBAf8wDQYJKoZIhvcNAQEFBQADggEBAI4IxrYPwwjJ
D9gO1Vzt8ByeQaRe+V0Mv5Ox9RlcXV33WX8Ny8hqUS4/kjs9v7JOuOw7TRop/4QJ
IAv/LEXH9B+hQ96zdLGMCcHI2crWF8l0yZ/DtgkpdlcyS7dNbjLtedtmgrOMSQub
LE02tqoSUR491mQbRuXD49+kJsHXZH8I1YZqOShzPZ7+ksvnBd64txhef8OBlCzE
elT60nOC3Jm8k3i0HwPcCYfDrh6+MJfC2dvfgktAcyu8rm1Q/ZelxaaXok17wUKg
D8nDrVCOfTND1RCGcqJ3YVjYDhBrMdK+5NSuC5KOJUpVZbKgTOilnOM7B/Os8HJC
fxLkDyGV/oQ=
     	                  </ds:X509Certificate>
          </ds:X509Data>
        </ds:KeyInfo>
      </KeyDescriptor>
      <SingleLogoutService Binding="urn:oasis:names:tc:SAML:2.0:bindings:HTTP-Redirect" Location="https://wayf.surfnet.nl/federate/saml20"/>
      <NameIDFormat>urn:oasis:names:tc:SAML:2.0:nameid-format:persistent</NameIDFormat>
      <NameIDFormat>urn:oasis:names:tc:SAML:2.0:nameid-format:transient</NameIDFormat>
      <SingleSignOnService Binding="urn:oasis:names:tc:SAML:2.0:bindings:HTTP-Redirect" Location="https://wayf.surfnet.nl/federate/saml20/urn%253Afederation%253AWUR"/>
      <SingleSignOnService Binding="urn:oasis:names:tc:SAML:2.0:bindings:HTTP-POST" Location="https://wayf.surfnet.nl/federate/saml20/urn%253Afederation%253AWUR"/>
    </IDPSSODescriptor>
    <Organization>
      <OrganizationName xml:lang="en">Wageningen Universiteit</OrganizationName>
      <OrganizationDisplayName xml:lang="en">Wageningen Universiteit</OrganizationDisplayName>
      <OrganizationURL xml:lang="en">https://adfs.wur.nl/adfs/ls/</OrganizationURL>
    </Organization>
    <ContactPerson contactType="technical">
      <SurName>AAI Beheer</SurName>
      <EmailAddress>aai-beheer@surfnet.nl</EmailAddress>
    </ContactPerson>
    <ContactPerson contactType="administrative">
      <GivenName>SURFfederatie Beheer</GivenName>
      <EmailAddress>federatie-beheer@surfnet.nl</EmailAddress>
    </ContactPerson>
  </EntityDescriptor>
  <EntityDescriptor xmlns="urn:oasis:names:tc:SAML:2.0:metadata" entityID="http://sts.wur.nl/adfs/services/trust">
    <IDPSSODescriptor protocolSupportEnumeration="urn:oasis:names:tc:SAML:2.0:protocol">
      <KeyDescriptor use="signing">
        <ds:KeyInfo xmlns:ds="http://www.w3.org/2000/09/xmldsig#">
          <ds:X509Data>
            <ds:X509Certificate>
MIIEVDCCAzygAwIBAgIJANm7yUGYaeG1MA0GCSqGSIb3DQEBBQUAMHkxCzAJBgNV
BAYTAk5MMRAwDgYDVQQKEwdTVVJGbmV0MREwDwYDVQQLEwhTZXJ2aWNlczEZMBcG
A1UEAxMQRmVkZXJhdGllIEJlaGVlcjEqMCgGCSqGSIb3DQEJARYbZmVkZXJhdGll
LWJlaGVlckBzdXJmbmV0Lm5sMB4XDTA4MDYwNTE1MDgyMVoXDTIzMDYwMjE1MDgy
MVoweTELMAkGA1UEBhMCTkwxEDAOBgNVBAoTB1NVUkZuZXQxETAPBgNVBAsTCFNl
cnZpY2VzMRkwFwYDVQQDExBGZWRlcmF0aWUgQmVoZWVyMSowKAYJKoZIhvcNAQkB
FhtmZWRlcmF0aWUtYmVoZWVyQHN1cmZuZXQubmwwggEiMA0GCSqGSIb3DQEBAQUA
A4IBDwAwggEKAoIBAQC/x+YuMaHyS3xeogfBB6hWrL4Frp+KzOuu4IixfhMHz3xI
G5l7p2aNV8UrEXevOwMWCgMNxjfSLdZBgNhR14GBh2cVGCx9f/wUtB86scmkP3Pr
RLoZWu/EIY6MEbgET3D3tkdGuVejQwwhJTlK2xxWHtEdEL5abjYLveDg6Lb6z9od
ljFevylBMZO+5LwTjpa3+B+07oMZr2sV1yjsG2BEBwTFz4XZzJAabeK9UO836qhN
ptktjffoCNen33tNCjzqci4wzgQef3CNA/Ef0tMKGotdldKC6FtHvXixmVY5RKUK
Iutm8sRwne8XYqrD54BAgXZQ0ZovxFbvGhA77YXxAgMBAAGjgd4wgdswHQYDVR0O
BBYEFJNoYjIYUrDN/h1+9BZYOTk7jQBNMIGrBgNVHSMEgaMwgaCAFJNoYjIYUrDN
/h1+9BZYOTk7jQBNoX2kezB5MQswCQYDVQQGEwJOTDEQMA4GA1UEChMHU1VSRm5l
dDERMA8GA1UECxMIU2VydmljZXMxGTAXBgNVBAMTEEZlZGVyYXRpZSBCZWhlZXIx
KjAoBgkqhkiG9w0BCQEWG2ZlZGVyYXRpZS1iZWhlZXJAc3VyZm5ldC5ubIIJANm7
yUGYaeG1MAwGA1UdEwQFMAMBAf8wDQYJKoZIhvcNAQEFBQADggEBAI4IxrYPwwjJ
D9gO1Vzt8ByeQaRe+V0Mv5Ox9RlcXV33WX8Ny8hqUS4/kjs9v7JOuOw7TRop/4QJ
IAv/LEXH9B+hQ96zdLGMCcHI2crWF8l0yZ/DtgkpdlcyS7dNbjLtedtmgrOMSQub
LE02tqoSUR491mQbRuXD49+kJsHXZH8I1YZqOShzPZ7+ksvnBd64txhef8OBlCzE
elT60nOC3Jm8k3i0HwPcCYfDrh6+MJfC2dvfgktAcyu8rm1Q/ZelxaaXok17wUKg
D8nDrVCOfTND1RCGcqJ3YVjYDhBrMdK+5NSuC5KOJUpVZbKgTOilnOM7B/Os8HJC
fxLkDyGV/oQ=
     	                  </ds:X509Certificate>
          </ds:X509Data>
        </ds:KeyInfo>
      </KeyDescriptor>
      <SingleLogoutService Binding="urn:oasis:names:tc:SAML:2.0:bindings:HTTP-Redirect" Location="https://wayf.surfnet.nl/federate/saml20"/>
      <NameIDFormat>urn:oasis:names:tc:SAML:2.0:nameid-format:persistent</NameIDFormat>
      <NameIDFormat>urn:oasis:names:tc:SAML:2.0:nameid-format:transient</NameIDFormat>
      <SingleSignOnService Binding="urn:oasis:names:tc:SAML:2.0:bindings:HTTP-Redirect" Location="https://wayf.surfnet.nl/federate/saml20/http%253A%252F%252Fsts.wur.nl%252Fadfs%252Fservices%252Ftrust"/>
      <SingleSignOnService Binding="urn:oasis:names:tc:SAML:2.0:bindings:HTTP-POST" Location="https://wayf.surfnet.nl/federate/saml20/http%253A%252F%252Fsts.wur.nl%252Fadfs%252Fservices%252Ftrust"/>
    </IDPSSODescriptor>
    <Organization>
      <OrganizationName xml:lang="en">Wageningen Universiteit (sts.wur.nl)</OrganizationName>
      <OrganizationDisplayName xml:lang="en">Wageningen Universiteit (sts.wur.nl)</OrganizationDisplayName>
      <OrganizationURL xml:lang="en">http://www.surffederatie.nl</OrganizationURL>
    </Organization>
    <ContactPerson contactType="technical">
      <SurName>AAI Beheer</SurName>
      <EmailAddress>aai-beheer@surfnet.nl</EmailAddress>
    </ContactPerson>
    <ContactPerson contactType="administrative">
      <GivenName>SURFfederatie Beheer</GivenName>
      <EmailAddress>federatie-beheer@surfnet.nl</EmailAddress>
    </ContactPerson>
  </EntityDescriptor>
  <EntityDescriptor xmlns="urn:oasis:names:tc:SAML:2.0:metadata" entityID="http://federatie.zadkine.nl/adfs/services/trust">
    <IDPSSODescriptor protocolSupportEnumeration="urn:oasis:names:tc:SAML:2.0:protocol">
      <KeyDescriptor use="signing">
        <ds:KeyInfo xmlns:ds="http://www.w3.org/2000/09/xmldsig#">
          <ds:X509Data>
            <ds:X509Certificate>
MIIEVDCCAzygAwIBAgIJANm7yUGYaeG1MA0GCSqGSIb3DQEBBQUAMHkxCzAJBgNV
BAYTAk5MMRAwDgYDVQQKEwdTVVJGbmV0MREwDwYDVQQLEwhTZXJ2aWNlczEZMBcG
A1UEAxMQRmVkZXJhdGllIEJlaGVlcjEqMCgGCSqGSIb3DQEJARYbZmVkZXJhdGll
LWJlaGVlckBzdXJmbmV0Lm5sMB4XDTA4MDYwNTE1MDgyMVoXDTIzMDYwMjE1MDgy
MVoweTELMAkGA1UEBhMCTkwxEDAOBgNVBAoTB1NVUkZuZXQxETAPBgNVBAsTCFNl
cnZpY2VzMRkwFwYDVQQDExBGZWRlcmF0aWUgQmVoZWVyMSowKAYJKoZIhvcNAQkB
FhtmZWRlcmF0aWUtYmVoZWVyQHN1cmZuZXQubmwwggEiMA0GCSqGSIb3DQEBAQUA
A4IBDwAwggEKAoIBAQC/x+YuMaHyS3xeogfBB6hWrL4Frp+KzOuu4IixfhMHz3xI
G5l7p2aNV8UrEXevOwMWCgMNxjfSLdZBgNhR14GBh2cVGCx9f/wUtB86scmkP3Pr
RLoZWu/EIY6MEbgET3D3tkdGuVejQwwhJTlK2xxWHtEdEL5abjYLveDg6Lb6z9od
ljFevylBMZO+5LwTjpa3+B+07oMZr2sV1yjsG2BEBwTFz4XZzJAabeK9UO836qhN
ptktjffoCNen33tNCjzqci4wzgQef3CNA/Ef0tMKGotdldKC6FtHvXixmVY5RKUK
Iutm8sRwne8XYqrD54BAgXZQ0ZovxFbvGhA77YXxAgMBAAGjgd4wgdswHQYDVR0O
BBYEFJNoYjIYUrDN/h1+9BZYOTk7jQBNMIGrBgNVHSMEgaMwgaCAFJNoYjIYUrDN
/h1+9BZYOTk7jQBNoX2kezB5MQswCQYDVQQGEwJOTDEQMA4GA1UEChMHU1VSRm5l
dDERMA8GA1UECxMIU2VydmljZXMxGTAXBgNVBAMTEEZlZGVyYXRpZSBCZWhlZXIx
KjAoBgkqhkiG9w0BCQEWG2ZlZGVyYXRpZS1iZWhlZXJAc3VyZm5ldC5ubIIJANm7
yUGYaeG1MAwGA1UdEwQFMAMBAf8wDQYJKoZIhvcNAQEFBQADggEBAI4IxrYPwwjJ
D9gO1Vzt8ByeQaRe+V0Mv5Ox9RlcXV33WX8Ny8hqUS4/kjs9v7JOuOw7TRop/4QJ
IAv/LEXH9B+hQ96zdLGMCcHI2crWF8l0yZ/DtgkpdlcyS7dNbjLtedtmgrOMSQub
LE02tqoSUR491mQbRuXD49+kJsHXZH8I1YZqOShzPZ7+ksvnBd64txhef8OBlCzE
elT60nOC3Jm8k3i0HwPcCYfDrh6+MJfC2dvfgktAcyu8rm1Q/ZelxaaXok17wUKg
D8nDrVCOfTND1RCGcqJ3YVjYDhBrMdK+5NSuC5KOJUpVZbKgTOilnOM7B/Os8HJC
fxLkDyGV/oQ=
     	                  </ds:X509Certificate>
          </ds:X509Data>
        </ds:KeyInfo>
      </KeyDescriptor>
      <SingleLogoutService Binding="urn:oasis:names:tc:SAML:2.0:bindings:HTTP-Redirect" Location="https://wayf.surfnet.nl/federate/saml20"/>
      <NameIDFormat>urn:oasis:names:tc:SAML:2.0:nameid-format:persistent</NameIDFormat>
      <NameIDFormat>urn:oasis:names:tc:SAML:2.0:nameid-format:transient</NameIDFormat>
      <SingleSignOnService Binding="urn:oasis:names:tc:SAML:2.0:bindings:HTTP-Redirect" Location="https://wayf.surfnet.nl/federate/saml20/http%253A%252F%252Ffederatie.zadkine.nl%252Fadfs%252Fservices%252Ftrust"/>
      <SingleSignOnService Binding="urn:oasis:names:tc:SAML:2.0:bindings:HTTP-POST" Location="https://wayf.surfnet.nl/federate/saml20/http%253A%252F%252Ffederatie.zadkine.nl%252Fadfs%252Fservices%252Ftrust"/>
    </IDPSSODescriptor>
    <Organization>
      <OrganizationName xml:lang="en">Zadkine</OrganizationName>
      <OrganizationDisplayName xml:lang="en">Zadkine</OrganizationDisplayName>
      <OrganizationURL xml:lang="en">http://www.surffederatie.nl</OrganizationURL>
    </Organization>
    <ContactPerson contactType="technical">
      <SurName>AAI Beheer</SurName>
      <EmailAddress>aai-beheer@surfnet.nl</EmailAddress>
    </ContactPerson>
    <ContactPerson contactType="administrative">
      <GivenName>SURFfederatie Beheer</GivenName>
      <EmailAddress>federatie-beheer@surfnet.nl</EmailAddress>
    </ContactPerson>
  </EntityDescriptor>
  <EntityDescriptor xmlns="urn:oasis:names:tc:SAML:2.0:metadata" entityID="zeeuwsebibliotheek.nl">
    <IDPSSODescriptor protocolSupportEnumeration="urn:oasis:names:tc:SAML:2.0:protocol">
      <KeyDescriptor use="signing">
        <ds:KeyInfo xmlns:ds="http://www.w3.org/2000/09/xmldsig#">
          <ds:X509Data>
            <ds:X509Certificate>
MIIEVDCCAzygAwIBAgIJANm7yUGYaeG1MA0GCSqGSIb3DQEBBQUAMHkxCzAJBgNV
BAYTAk5MMRAwDgYDVQQKEwdTVVJGbmV0MREwDwYDVQQLEwhTZXJ2aWNlczEZMBcG
A1UEAxMQRmVkZXJhdGllIEJlaGVlcjEqMCgGCSqGSIb3DQEJARYbZmVkZXJhdGll
LWJlaGVlckBzdXJmbmV0Lm5sMB4XDTA4MDYwNTE1MDgyMVoXDTIzMDYwMjE1MDgy
MVoweTELMAkGA1UEBhMCTkwxEDAOBgNVBAoTB1NVUkZuZXQxETAPBgNVBAsTCFNl
cnZpY2VzMRkwFwYDVQQDExBGZWRlcmF0aWUgQmVoZWVyMSowKAYJKoZIhvcNAQkB
FhtmZWRlcmF0aWUtYmVoZWVyQHN1cmZuZXQubmwwggEiMA0GCSqGSIb3DQEBAQUA
A4IBDwAwggEKAoIBAQC/x+YuMaHyS3xeogfBB6hWrL4Frp+KzOuu4IixfhMHz3xI
G5l7p2aNV8UrEXevOwMWCgMNxjfSLdZBgNhR14GBh2cVGCx9f/wUtB86scmkP3Pr
RLoZWu/EIY6MEbgET3D3tkdGuVejQwwhJTlK2xxWHtEdEL5abjYLveDg6Lb6z9od
ljFevylBMZO+5LwTjpa3+B+07oMZr2sV1yjsG2BEBwTFz4XZzJAabeK9UO836qhN
ptktjffoCNen33tNCjzqci4wzgQef3CNA/Ef0tMKGotdldKC6FtHvXixmVY5RKUK
Iutm8sRwne8XYqrD54BAgXZQ0ZovxFbvGhA77YXxAgMBAAGjgd4wgdswHQYDVR0O
BBYEFJNoYjIYUrDN/h1+9BZYOTk7jQBNMIGrBgNVHSMEgaMwgaCAFJNoYjIYUrDN
/h1+9BZYOTk7jQBNoX2kezB5MQswCQYDVQQGEwJOTDEQMA4GA1UEChMHU1VSRm5l
dDERMA8GA1UECxMIU2VydmljZXMxGTAXBgNVBAMTEEZlZGVyYXRpZSBCZWhlZXIx
KjAoBgkqhkiG9w0BCQEWG2ZlZGVyYXRpZS1iZWhlZXJAc3VyZm5ldC5ubIIJANm7
yUGYaeG1MAwGA1UdEwQFMAMBAf8wDQYJKoZIhvcNAQEFBQADggEBAI4IxrYPwwjJ
D9gO1Vzt8ByeQaRe+V0Mv5Ox9RlcXV33WX8Ny8hqUS4/kjs9v7JOuOw7TRop/4QJ
IAv/LEXH9B+hQ96zdLGMCcHI2crWF8l0yZ/DtgkpdlcyS7dNbjLtedtmgrOMSQub
LE02tqoSUR491mQbRuXD49+kJsHXZH8I1YZqOShzPZ7+ksvnBd64txhef8OBlCzE
elT60nOC3Jm8k3i0HwPcCYfDrh6+MJfC2dvfgktAcyu8rm1Q/ZelxaaXok17wUKg
D8nDrVCOfTND1RCGcqJ3YVjYDhBrMdK+5NSuC5KOJUpVZbKgTOilnOM7B/Os8HJC
fxLkDyGV/oQ=
     	                  </ds:X509Certificate>
          </ds:X509Data>
        </ds:KeyInfo>
      </KeyDescriptor>
      <SingleLogoutService Binding="urn:oasis:names:tc:SAML:2.0:bindings:HTTP-Redirect" Location="https://wayf.surfnet.nl/federate/saml20"/>
      <NameIDFormat>urn:oasis:names:tc:SAML:2.0:nameid-format:persistent</NameIDFormat>
      <NameIDFormat>urn:oasis:names:tc:SAML:2.0:nameid-format:transient</NameIDFormat>
      <SingleSignOnService Binding="urn:oasis:names:tc:SAML:2.0:bindings:HTTP-Redirect" Location="https://wayf.surfnet.nl/federate/saml20/zeeuwsebibliotheek.nl"/>
      <SingleSignOnService Binding="urn:oasis:names:tc:SAML:2.0:bindings:HTTP-POST" Location="https://wayf.surfnet.nl/federate/saml20/zeeuwsebibliotheek.nl"/>
    </IDPSSODescriptor>
    <Organization>
      <OrganizationName xml:lang="en">Zeeuwse Bibliotheek</OrganizationName>
      <OrganizationDisplayName xml:lang="en">Zeeuwse Bibliotheek</OrganizationDisplayName>
      <OrganizationURL xml:lang="en">http://www.surffederatie.nl</OrganizationURL>
    </Organization>
    <ContactPerson contactType="technical">
      <SurName>AAI Beheer</SurName>
      <EmailAddress>aai-beheer@surfnet.nl</EmailAddress>
    </ContactPerson>
    <ContactPerson contactType="administrative">
      <GivenName>SURFfederatie Beheer</GivenName>
      <EmailAddress>federatie-beheer@surfnet.nl</EmailAddress>
    </ContactPerson>
  </EntityDescriptor>
  <EntityDescriptor xmlns="urn:oasis:names:tc:SAML:2.0:metadata" entityID="urn:federation:HSZuydADFS">
    <IDPSSODescriptor protocolSupportEnumeration="urn:oasis:names:tc:SAML:2.0:protocol">
      <KeyDescriptor use="signing">
        <ds:KeyInfo xmlns:ds="http://www.w3.org/2000/09/xmldsig#">
          <ds:X509Data>
            <ds:X509Certificate>
MIIEVDCCAzygAwIBAgIJANm7yUGYaeG1MA0GCSqGSIb3DQEBBQUAMHkxCzAJBgNV
BAYTAk5MMRAwDgYDVQQKEwdTVVJGbmV0MREwDwYDVQQLEwhTZXJ2aWNlczEZMBcG
A1UEAxMQRmVkZXJhdGllIEJlaGVlcjEqMCgGCSqGSIb3DQEJARYbZmVkZXJhdGll
LWJlaGVlckBzdXJmbmV0Lm5sMB4XDTA4MDYwNTE1MDgyMVoXDTIzMDYwMjE1MDgy
MVoweTELMAkGA1UEBhMCTkwxEDAOBgNVBAoTB1NVUkZuZXQxETAPBgNVBAsTCFNl
cnZpY2VzMRkwFwYDVQQDExBGZWRlcmF0aWUgQmVoZWVyMSowKAYJKoZIhvcNAQkB
FhtmZWRlcmF0aWUtYmVoZWVyQHN1cmZuZXQubmwwggEiMA0GCSqGSIb3DQEBAQUA
A4IBDwAwggEKAoIBAQC/x+YuMaHyS3xeogfBB6hWrL4Frp+KzOuu4IixfhMHz3xI
G5l7p2aNV8UrEXevOwMWCgMNxjfSLdZBgNhR14GBh2cVGCx9f/wUtB86scmkP3Pr
RLoZWu/EIY6MEbgET3D3tkdGuVejQwwhJTlK2xxWHtEdEL5abjYLveDg6Lb6z9od
ljFevylBMZO+5LwTjpa3+B+07oMZr2sV1yjsG2BEBwTFz4XZzJAabeK9UO836qhN
ptktjffoCNen33tNCjzqci4wzgQef3CNA/Ef0tMKGotdldKC6FtHvXixmVY5RKUK
Iutm8sRwne8XYqrD54BAgXZQ0ZovxFbvGhA77YXxAgMBAAGjgd4wgdswHQYDVR0O
BBYEFJNoYjIYUrDN/h1+9BZYOTk7jQBNMIGrBgNVHSMEgaMwgaCAFJNoYjIYUrDN
/h1+9BZYOTk7jQBNoX2kezB5MQswCQYDVQQGEwJOTDEQMA4GA1UEChMHU1VSRm5l
dDERMA8GA1UECxMIU2VydmljZXMxGTAXBgNVBAMTEEZlZGVyYXRpZSBCZWhlZXIx
KjAoBgkqhkiG9w0BCQEWG2ZlZGVyYXRpZS1iZWhlZXJAc3VyZm5ldC5ubIIJANm7
yUGYaeG1MAwGA1UdEwQFMAMBAf8wDQYJKoZIhvcNAQEFBQADggEBAI4IxrYPwwjJ
D9gO1Vzt8ByeQaRe+V0Mv5Ox9RlcXV33WX8Ny8hqUS4/kjs9v7JOuOw7TRop/4QJ
IAv/LEXH9B+hQ96zdLGMCcHI2crWF8l0yZ/DtgkpdlcyS7dNbjLtedtmgrOMSQub
LE02tqoSUR491mQbRuXD49+kJsHXZH8I1YZqOShzPZ7+ksvnBd64txhef8OBlCzE
elT60nOC3Jm8k3i0HwPcCYfDrh6+MJfC2dvfgktAcyu8rm1Q/ZelxaaXok17wUKg
D8nDrVCOfTND1RCGcqJ3YVjYDhBrMdK+5NSuC5KOJUpVZbKgTOilnOM7B/Os8HJC
fxLkDyGV/oQ=
     	                  </ds:X509Certificate>
          </ds:X509Data>
        </ds:KeyInfo>
      </KeyDescriptor>
      <SingleLogoutService Binding="urn:oasis:names:tc:SAML:2.0:bindings:HTTP-Redirect" Location="https://wayf.surfnet.nl/federate/saml20"/>
      <NameIDFormat>urn:oasis:names:tc:SAML:2.0:nameid-format:persistent</NameIDFormat>
      <NameIDFormat>urn:oasis:names:tc:SAML:2.0:nameid-format:transient</NameIDFormat>
      <SingleSignOnService Binding="urn:oasis:names:tc:SAML:2.0:bindings:HTTP-Redirect" Location="https://wayf.surfnet.nl/federate/saml20/urn%253Afederation%253AHSZuydADFS"/>
      <SingleSignOnService Binding="urn:oasis:names:tc:SAML:2.0:bindings:HTTP-POST" Location="https://wayf.surfnet.nl/federate/saml20/urn%253Afederation%253AHSZuydADFS"/>
    </IDPSSODescriptor>
    <Organization>
      <OrganizationName xml:lang="en">Zuyd Hogeschool</OrganizationName>
      <OrganizationDisplayName xml:lang="en">Zuyd Hogeschool</OrganizationDisplayName>
      <OrganizationURL xml:lang="en">https://sflogin.hszuyd.nl/adfs/ls/</OrganizationURL>
    </Organization>
    <ContactPerson contactType="technical">
      <SurName>AAI Beheer</SurName>
      <EmailAddress>aai-beheer@surfnet.nl</EmailAddress>
    </ContactPerson>
    <ContactPerson contactType="administrative">
      <GivenName>SURFfederatie Beheer</GivenName>
      <EmailAddress>federatie-beheer@surfnet.nl</EmailAddress>
    </ContactPerson>
  </EntityDescriptor>
</EntitiesDescriptor>