<?xml version="1.0" encoding="UTF-8"?>

<md:EntitiesDescriptor 
    xmlns:md="urn:oasis:names:tc:SAML:2.0:metadata" 
    xmlns="urn:oasis:names:tc:SAML:2.0:metadata" 
    xmlns:alg="urn:oasis:names:tc:SAML:metadata:algsupport" 
    xmlns:algsupport="urn:oasis:names:tc:SAML:metadata:algsupport" 
    xmlns:disco="urn:oasis:names:tc:SAML:profiles:SSO:idp-discovery-protocol" 
    xmlns:ds="http://www.w3.org/2000/09/xmldsig#" 
    xmlns:eduidmd="http://eduid.cz/schema/metadata/1.0" 
    xmlns:eidas="http://eidas.europa.eu/saml-extensions" 
    xmlns:elab="http://eduserv.org.uk/labels" 
    xmlns:hoksso="urn:oasis:names:tc:SAML:2.0:profiles:holder-of-key:SSO:browser" 
    xmlns:idpdisc="urn:oasis:names:tc:SAML:profiles:SSO:idp-discovery-protocol" 
    xmlns:init="urn:oasis:names:tc:SAML:profiles:SSO:request-init" 
    xmlns:mdattr="urn:oasis:names:tc:SAML:metadata:attribute" 
    xmlns:mdrpi="urn:oasis:names:tc:SAML:metadata:rpi" 
    xmlns:mdui="urn:oasis:names:tc:SAML:metadata:ui" 
    xmlns:ns0="urn:oasis:names:tc:SAML:2.0:metadata" 
    xmlns:ns1="http://www.w3.org/2000/09/xmldsig#" 
    xmlns:ns2="urn:oasis:names:tc:SAML:metadata:algsupport" 
    xmlns:ns3="urn:mace:shibboleth:metadata:1.0" 
    xmlns:ns4="urn:oasis:names:tc:SAML:metadata:ui" 
    xmlns:ns5="urn:oasis:names:tc:SAML:profiles:SSO:idp-discovery-protocol" 
    xmlns:pyff="http://pyff-project.org/NS" 
    xmlns:q1="urn:oasis:names:tc:SAML:2.0:metadata" 
    xmlns:refeds="http://refeds.org/metadata" 
    xmlns:remd="http://refeds.org/metadata" 
    xmlns:req="urn:oasis:names:tc:SAML:profiles:SSO:request-init" 
    xmlns:req-attr="urn:oasis:names:tc:SAML:protocol:ext:req-attr" 
    xmlns:saml="urn:oasis:names:tc:SAML:2.0:assertion" 
    xmlns:saml1md="urn:mace:shibboleth:metadata:1.0" 
    xmlns:ser="http://eidas.europa.eu/metadata/servicelist" 
    xmlns:shibmd="urn:mace:shibboleth:metadata:1.0" 
    xmlns:taat="http://www.eenet.ee/EENet/urn" 
    xmlns:ui="urn:oasis:names:tc:SAML:metadata:ui" 
    xmlns:ukfedlabel="http://ukfederation.org.uk/2006/11/label" 
    xmlns:wayf="http://wayf.dk/2014/08/wayf" 
    xmlns:xenc="http://www.w3.org/2001/04/xmlenc#" 
    xmlns:xi="http://www.w3.org/2001/XInclude" 
    xmlns:xrd="http://docs.oasis-open.org/ns/xri/xrd-1.0" 
    xmlns:xs="http://www.w3.org/2001/XMLSchema" 
    xmlns:xsd="http://www.w3.org/2001/XMLSchema" 
    xmlns:xsi="http://www.w3.org/2001/XMLSchema-instance" 
    ID="_20191007T192723Z" 
    Name="http://www.clarin.eu/edugain" 
    cacheDuration="PT5H" 
    validUntil="2019-10-17T19:27:23Z">

    <EntityDescriptor entityID="https://idp.clarin.eu" xmlns="urn:oasis:names:tc:SAML:2.0:metadata" xmlns:ds="http://www.w3.org/2000/09/xmldsig#" xmlns:shibmd="urn:mace:shibboleth:metadata:1.0" xmlns:xsi="http://www.w3.org/2001/XMLSchema-instance">
     <md:Extensions>
      <mdattr:EntityAttributes>
        <saml:Attribute Name="http://macedir.org/entity-category" NameFormat="urn:oasis:names:tc:SAML:2.0:attrname-format:uri">
          <saml:AttributeValue>http://refeds.org/category/hide-from-discovery</saml:AttributeValue>
        </saml:Attribute>
      </mdattr:EntityAttributes>
      <mdrpi:RegistrationInfo registrationAuthority="http://aai.grnet.gr/">
        <mdrpi:RegistrationPolicy xml:lang="en">http://aai.grnet.gr/static/policy/policy-en-1.1.0.pdf</mdrpi:RegistrationPolicy>
        <mdrpi:RegistrationPolicy xml:lang="el">http://aai.grnet.gr/static/policy/policy-el-1.1.0.pdf</mdrpi:RegistrationPolicy>
      </mdrpi:RegistrationInfo>
    </md:Extensions>
    <IDPSSODescriptor protocolSupportEnumeration="urn:mace:shibboleth:1.0 urn:oasis:names:tc:SAML:1.1:protocol urn:oasis:names:tc:SAML:2.0:protocol">

        <Extensions>
            <shibmd:Scope regexp="false">clarin.eu</shibmd:Scope>
        </Extensions>

        <KeyDescriptor>
            <ds:KeyInfo>
                <ds:X509Data>
                    <ds:X509Certificate>
MIIE3DCCA8SgAwIBAgIED+aV9jANBgkqhkiG9w0BAQUFADBeMQswCQYDVQQGEwJE
RTEgMB4GA1UEChMXTWF4LVBsYW5jay1HZXNlbGxzY2hhZnQxDzANBgNVBAMTBk1Q
RyBDQTEcMBoGCSqGSIb3DQEJARYNbXBnLWNhQG1wZy5kZTAeFw0xMDA0MTUxMzQ1
MTFaFw0xNTA0MTQxMzQ1MTFaMH8xCzAJBgNVBAYTAk5MMSAwHgYDVQQKExdNYXgt
UGxhbmNrLUdlc2VsbHNjaGFmdDEyMDAGA1UECxMpTWF4LVBsYW5jay1JbnN0aXR1
dCBmdWVyIFBzeWNob2xpbmd1aXN0aWsxGjAYBgNVBAMTEWNhdGFsb2cuY2xhcmlu
LmV1MIIBIjANBgkqhkiG9w0BAQEFAAOCAQ8AMIIBCgKCAQEA0SxoF+pHBBTzECbn
IK3k+WuiRpZCv/ECHgUqSq5mw+5x1ZOrP3qW1c/BL+mh8rPM3twPw1zh7faycCzb
Wg6xjkzbvfnidFq394JdJ8OYHHd4629vF/QQlDiPU/WXNL1PWqh+JNoVbBeZI8Uz
+xglMyPaLn2rOTcVm5fqk6Do8DrubkZ7fxZ/4CkzJ8rTlFNOCcN8x5G2rWtcJYHa
xS0ZBhmMt1AmqzWh7ZJCvgS9Wma4ZOhuh3xZSlaEB8o3HWAYprR6g7L+HFvmKdfK
8oGbBViHUqsslr80Mtli15ZzxkkBH95fzYPdJTCAMccaqLhvQfjuChy7FsDYI5cV
fvhaJQIDAQABo4IBfzCCAXswCQYDVR0TBAIwADALBgNVHQ8EBAMCBPAwEwYDVR0l
BAwwCgYIKwYBBQUHAwEwHQYDVR0OBBYEFPV/s0egKEIbVq/6uW/GqGNX3RInMB8G
A1UdIwQYMBaAFALWHm4Jq79YZacKPEgzYdHOfcNbMHcGA1UdHwRwMG4wNaAzoDGG
L2h0dHA6Ly9jZHAxLnBjYS5kZm4uZGUvbXBnLWNhL3B1Yi9jcmwvY2FjcmwuY3Js
MDWgM6Axhi9odHRwOi8vY2RwMi5wY2EuZGZuLmRlL21wZy1jYS9wdWIvY3JsL2Nh
Y3JsLmNybDCBkgYIKwYBBQUHAQEEgYUwgYIwPwYIKwYBBQUHMAKGM2h0dHA6Ly9j
ZHAxLnBjYS5kZm4uZGUvbXBnLWNhL3B1Yi9jYWNlcnQvY2FjZXJ0LmNydDA/Bggr
BgEFBQcwAoYzaHR0cDovL2NkcDIucGNhLmRmbi5kZS9tcGctY2EvcHViL2NhY2Vy
dC9jYWNlcnQuY3J0MA0GCSqGSIb3DQEBBQUAA4IBAQCyMBGsYojEQdaSJnym2OQQ
s6fNqdPrhNcEN8KweZh9HyOgNpTEJPJpfwb4XR3pzfSRyPotr2GL80NVXTDA+YQs
fPO0WLU0KduZtyfl1QGnYZcIpBAN53M+EvMk0Q9ruOP3FZazLPscULJnqW8Ks8/v
ijthUt3XZFCR66qbNf7HeyS7zzYYMkyRDJN9PixRyiEAWHifqXJQzNI9dlqcy+Aq
nnDbttGYLUyhuuT+CqcBRWJButW9x4BFUDNHrgfcPWwFhUGx3hqI2U6zqrTgesWg
hSpV3QIescvTSt7Z39lTi6xXr6rXJMxwwpfBn292RbTvgwtTd+yxU0eOLu+3J8tI
                    </ds:X509Certificate>
                </ds:X509Data>
            </ds:KeyInfo>
        </KeyDescriptor>
        
        <ArtifactResolutionService Binding="urn:oasis:names:tc:SAML:1.0:bindings:SOAP-binding" Location="https://catalog.clarin.eu/mw/shibboleth-idp/profile/SAML1/SOAP/ArtifactResolution" index="1"/>

        <ArtifactResolutionService Binding="urn:oasis:names:tc:SAML:2.0:bindings:SOAP" Location="https://catalog.clarin.eu/mw/shibboleth-idp/profile/SAML2/SOAP/ArtifactResolution" index="2"/>
                                   
        <NameIDFormat>urn:mace:shibboleth:1.0:nameIdentifier</NameIDFormat>
        <NameIDFormat>urn:oasis:names:tc:SAML:2.0:nameid-format:transient</NameIDFormat>

        <SingleSignOnService Binding="urn:mace:shibboleth:1.0:profiles:AuthnRequest" Location="https://catalog.clarin.eu/mw/shibboleth-idp/profile/Shibboleth/SSO"/>
        
        <SingleSignOnService Binding="urn:oasis:names:tc:SAML:2.0:bindings:HTTP-POST" Location="https://catalog.clarin.eu/mw/shibboleth-idp/profile/SAML2/POST/SSO"/>

        <SingleSignOnService Binding="urn:oasis:names:tc:SAML:2.0:bindings:HTTP-POST-SimpleSign" Location="https://catalog.clarin.eu/mw/shibboleth-idp/profile/SAML2/POST-SimpleSign/SSO"/>
        
        <SingleSignOnService Binding="urn:oasis:names:tc:SAML:2.0:bindings:HTTP-Redirect" Location="https://catalog.clarin.eu/mw/shibboleth-idp/profile/SAML2/Redirect/SSO"/>
    </IDPSSODescriptor>

    <AttributeAuthorityDescriptor protocolSupportEnumeration="urn:oasis:names:tc:SAML:1.1:protocol urn:oasis:names:tc:SAML:2.0:protocol">

        <Extensions>
            <shibmd:Scope regexp="false">clarin.eu</shibmd:Scope>
        </Extensions>

        <KeyDescriptor>
            <ds:KeyInfo>
                <ds:X509Data>
                    <ds:X509Certificate>
MIIE3DCCA8SgAwIBAgIED+aV9jANBgkqhkiG9w0BAQUFADBeMQswCQYDVQQGEwJE
RTEgMB4GA1UEChMXTWF4LVBsYW5jay1HZXNlbGxzY2hhZnQxDzANBgNVBAMTBk1Q
RyBDQTEcMBoGCSqGSIb3DQEJARYNbXBnLWNhQG1wZy5kZTAeFw0xMDA0MTUxMzQ1
MTFaFw0xNTA0MTQxMzQ1MTFaMH8xCzAJBgNVBAYTAk5MMSAwHgYDVQQKExdNYXgt
UGxhbmNrLUdlc2VsbHNjaGFmdDEyMDAGA1UECxMpTWF4LVBsYW5jay1JbnN0aXR1
dCBmdWVyIFBzeWNob2xpbmd1aXN0aWsxGjAYBgNVBAMTEWNhdGFsb2cuY2xhcmlu
LmV1MIIBIjANBgkqhkiG9w0BAQEFAAOCAQ8AMIIBCgKCAQEA0SxoF+pHBBTzECbn
IK3k+WuiRpZCv/ECHgUqSq5mw+5x1ZOrP3qW1c/BL+mh8rPM3twPw1zh7faycCzb
Wg6xjkzbvfnidFq394JdJ8OYHHd4629vF/QQlDiPU/WXNL1PWqh+JNoVbBeZI8Uz
+xglMyPaLn2rOTcVm5fqk6Do8DrubkZ7fxZ/4CkzJ8rTlFNOCcN8x5G2rWtcJYHa
xS0ZBhmMt1AmqzWh7ZJCvgS9Wma4ZOhuh3xZSlaEB8o3HWAYprR6g7L+HFvmKdfK
8oGbBViHUqsslr80Mtli15ZzxkkBH95fzYPdJTCAMccaqLhvQfjuChy7FsDYI5cV
fvhaJQIDAQABo4IBfzCCAXswCQYDVR0TBAIwADALBgNVHQ8EBAMCBPAwEwYDVR0l
BAwwCgYIKwYBBQUHAwEwHQYDVR0OBBYEFPV/s0egKEIbVq/6uW/GqGNX3RInMB8G
A1UdIwQYMBaAFALWHm4Jq79YZacKPEgzYdHOfcNbMHcGA1UdHwRwMG4wNaAzoDGG
L2h0dHA6Ly9jZHAxLnBjYS5kZm4uZGUvbXBnLWNhL3B1Yi9jcmwvY2FjcmwuY3Js
MDWgM6Axhi9odHRwOi8vY2RwMi5wY2EuZGZuLmRlL21wZy1jYS9wdWIvY3JsL2Nh
Y3JsLmNybDCBkgYIKwYBBQUHAQEEgYUwgYIwPwYIKwYBBQUHMAKGM2h0dHA6Ly9j
ZHAxLnBjYS5kZm4uZGUvbXBnLWNhL3B1Yi9jYWNlcnQvY2FjZXJ0LmNydDA/Bggr
BgEFBQcwAoYzaHR0cDovL2NkcDIucGNhLmRmbi5kZS9tcGctY2EvcHViL2NhY2Vy
dC9jYWNlcnQuY3J0MA0GCSqGSIb3DQEBBQUAA4IBAQCyMBGsYojEQdaSJnym2OQQ
s6fNqdPrhNcEN8KweZh9HyOgNpTEJPJpfwb4XR3pzfSRyPotr2GL80NVXTDA+YQs
fPO0WLU0KduZtyfl1QGnYZcIpBAN53M+EvMk0Q9ruOP3FZazLPscULJnqW8Ks8/v
ijthUt3XZFCR66qbNf7HeyS7zzYYMkyRDJN9PixRyiEAWHifqXJQzNI9dlqcy+Aq
nnDbttGYLUyhuuT+CqcBRWJButW9x4BFUDNHrgfcPWwFhUGx3hqI2U6zqrTgesWg
hSpV3QIescvTSt7Z39lTi6xXr6rXJMxwwpfBn292RbTvgwtTd+yxU0eOLu+3J8tI
                    </ds:X509Certificate>
                </ds:X509Data>
            </ds:KeyInfo>
        </KeyDescriptor>

        <AttributeService Binding="urn:oasis:names:tc:SAML:1.0:bindings:SOAP-binding" Location="https://catalog.clarin.eu/mw/shibboleth-idp/profile/SAML1/SOAP/AttributeQuery"/>
        
        <AttributeService Binding="urn:oasis:names:tc:SAML:2.0:bindings:SOAP" Location="https://catalog.clarin.eu/mw/shibboleth-idp/profile/SAML2/SOAP/AttributeQuery"/>
        
        <NameIDFormat>urn:mace:shibboleth:1.0:nameIdentifier</NameIDFormat>
        <NameIDFormat>urn:oasis:names:tc:SAML:2.0:nameid-format:transient</NameIDFormat>

        
    </AttributeAuthorityDescriptor>

       <Organization>
                <OrganizationName xml:lang="en" xmlns:xml="http://www.w3.org/XML/1998/namespace">{institut}</OrganizationName>
                <OrganizationDisplayName xml:lang="en" xmlns:xml="http://www.w3.org/XML/1998/namespace">Clarin.eu website account</OrganizationDisplayName>
                <OrganizationURL xml:lang="en" xmlns:xml="http://www.w3.org/XML/1998/namespace">{url}</OrganizationURL>
        </Organization>
        <ContactPerson contactType="technical">
                <GivenName>Tobias</GivenName>
                <SurName>van Valkenhoef</SurName>
                <EmailAddress>tobias.vanvalkenhoef@mpi.nl</EmailAddress>
        </ContactPerson>

        <ContactPerson contactType="administrative">
                <GivenName>Daan</GivenName>
                <SurName>Broeder</SurName>
                <EmailAddress>daan.broeder@mpi.nl</EmailAddress>
        </ContactPerson>
    
</EntityDescriptor>    








    <EntityDescriptor entityID="https://sp.catalog.clarin.eu">

        <SPSSODescriptor protocolSupportEnumeration="urn:oasis:names:tc:SAML:2.0:protocol urn:oasis:names:tc:SAML:1.1:protocol urn:oasis:names:tc:SAML:1.0: protocol">
            <Extensions>
                <idpdisc:DiscoveryResponse xmlns:idpdisc="urn:oasis:names:tc:SAML:profiles:SSO:idp-discovery-protocol" Binding="urn:oasis:names:tc:SAML:profiles:SSO:idp-discovery-protocol" Location="https://catalog.clarin.eu/Shibboleth.sso/DS" index="1"/>
                <idpdisc:DiscoveryResponse xmlns:idpdisc="urn:oasis:names:tc:SAML:profiles:SSO:idp-discovery-protocol" Binding="urn:oasis:names:tc:SAML:profiles:SSO:idp-discovery-protocol" Location="https://catalog.clarin.eu/Shibboleth.sso/DS" index="2"/>
            </Extensions>
            <KeyDescriptor>
                <ds:KeyInfo xmlns:ds="http://www.w3.org/2000/09/xmldsig#">
                    <ds:X509Data>
                        <ds:X509Certificate>
MIIE3DCCA8SgAwIBAgIED+aV9jANBgkqhkiG9w0BAQUFADBeMQswCQYDVQQGEwJE
RTEgMB4GA1UEChMXTWF4LVBsYW5jay1HZXNlbGxzY2hhZnQxDzANBgNVBAMTBk1Q
RyBDQTEcMBoGCSqGSIb3DQEJARYNbXBnLWNhQG1wZy5kZTAeFw0xMDA0MTUxMzQ1
MTFaFw0xNTA0MTQxMzQ1MTFaMH8xCzAJBgNVBAYTAk5MMSAwHgYDVQQKExdNYXgt
UGxhbmNrLUdlc2VsbHNjaGFmdDEyMDAGA1UECxMpTWF4LVBsYW5jay1JbnN0aXR1
dCBmdWVyIFBzeWNob2xpbmd1aXN0aWsxGjAYBgNVBAMTEWNhdGFsb2cuY2xhcmlu
LmV1MIIBIjANBgkqhkiG9w0BAQEFAAOCAQ8AMIIBCgKCAQEA0SxoF+pHBBTzECbn
IK3k+WuiRpZCv/ECHgUqSq5mw+5x1ZOrP3qW1c/BL+mh8rPM3twPw1zh7faycCzb
Wg6xjkzbvfnidFq394JdJ8OYHHd4629vF/QQlDiPU/WXNL1PWqh+JNoVbBeZI8Uz
+xglMyPaLn2rOTcVm5fqk6Do8DrubkZ7fxZ/4CkzJ8rTlFNOCcN8x5G2rWtcJYHa
xS0ZBhmMt1AmqzWh7ZJCvgS9Wma4ZOhuh3xZSlaEB8o3HWAYprR6g7L+HFvmKdfK
8oGbBViHUqsslr80Mtli15ZzxkkBH95fzYPdJTCAMccaqLhvQfjuChy7FsDYI5cV
fvhaJQIDAQABo4IBfzCCAXswCQYDVR0TBAIwADALBgNVHQ8EBAMCBPAwEwYDVR0l
BAwwCgYIKwYBBQUHAwEwHQYDVR0OBBYEFPV/s0egKEIbVq/6uW/GqGNX3RInMB8G
A1UdIwQYMBaAFALWHm4Jq79YZacKPEgzYdHOfcNbMHcGA1UdHwRwMG4wNaAzoDGG
L2h0dHA6Ly9jZHAxLnBjYS5kZm4uZGUvbXBnLWNhL3B1Yi9jcmwvY2FjcmwuY3Js
MDWgM6Axhi9odHRwOi8vY2RwMi5wY2EuZGZuLmRlL21wZy1jYS9wdWIvY3JsL2Nh
Y3JsLmNybDCBkgYIKwYBBQUHAQEEgYUwgYIwPwYIKwYBBQUHMAKGM2h0dHA6Ly9j
ZHAxLnBjYS5kZm4uZGUvbXBnLWNhL3B1Yi9jYWNlcnQvY2FjZXJ0LmNydDA/Bggr
BgEFBQcwAoYzaHR0cDovL2NkcDIucGNhLmRmbi5kZS9tcGctY2EvcHViL2NhY2Vy
dC9jYWNlcnQuY3J0MA0GCSqGSIb3DQEBBQUAA4IBAQCyMBGsYojEQdaSJnym2OQQ
s6fNqdPrhNcEN8KweZh9HyOgNpTEJPJpfwb4XR3pzfSRyPotr2GL80NVXTDA+YQs
fPO0WLU0KduZtyfl1QGnYZcIpBAN53M+EvMk0Q9ruOP3FZazLPscULJnqW8Ks8/v
ijthUt3XZFCR66qbNf7HeyS7zzYYMkyRDJN9PixRyiEAWHifqXJQzNI9dlqcy+Aq
nnDbttGYLUyhuuT+CqcBRWJButW9x4BFUDNHrgfcPWwFhUGx3hqI2U6zqrTgesWg
hSpV3QIescvTSt7Z39lTi6xXr6rXJMxwwpfBn292RbTvgwtTd+yxU0eOLu+3J8tI                        
                        </ds:X509Certificate>
                    </ds:X509Data>
                </ds:KeyInfo>
            </KeyDescriptor>
            <SingleLogoutService Binding="urn:oasis:names:tc:SAML:2.0:bindings:SOAP" Location="https://catalog.clarin.eu/Shibboleth.sso/SLO/SOAP"/>
            <SingleLogoutService Binding="urn:oasis:names:tc:SAML:2.0:bindings:HTTP-Redirect" Location="https://catalog.clarin.eu/Shibboleth.sso/SLO/Redirect"/>
            <SingleLogoutService Binding="urn:oasis:names:tc:SAML:2.0:bindings:HTTP-POST" Location="https://catalog.clarin.eu/Shibboleth.sso/SLO/POST"/>
            <SingleLogoutService Binding="urn:oasis:names:tc:SAML:2.0:bindings:HTTP-Artifact" Location="https://catalog.clarin.eu/Shibboleth.sso/SLO/Artifact"/>

            <NameIDFormat>urn:oasis:names:tc:SAML:2.0:nameid-format:transient</NameIDFormat>
            <NameIDFormat>urn:mace:shibboleth:1.0:nameIdentifier</NameIDFormat>

            <ManageNameIDService Binding="urn:oasis:names:tc:SAML:2.0:bindings:SOAP" Location="https://catalog.clarin.eu/Shibboleth.sso/NIM/SOAP"/>
            <ManageNameIDService Binding="urn:oasis:names:tc:SAML:2.0:bindings:HTTP-Redirect" Location="https://catalog.clarin.eu/Shibboleth.sso/NIM/Redirect"/>
            <ManageNameIDService Binding="urn:oasis:names:tc:SAML:2.0:bindings:HTTP-POST" Location="https://catalog.clarin.eu/Shibboleth.sso/NIM/POST"/>
            <ManageNameIDService Binding="urn:oasis:names:tc:SAML:2.0:bindings:HTTP-Artifact" Location="https://catalog.clarin.eu/Shibboleth.sso/NIM/Artifact"/>

            <AssertionConsumerService Binding="urn:oasis:names:tc:SAML:2.0:bindings:HTTP-POST" Location="https://catalog.clarin.eu/Shibboleth.sso/SAML2/POST" index="1"/>
            <AssertionConsumerService Binding="urn:oasis:names:tc:SAML:2.0:bindings:HTTP-POST-SimpleSign" Location="https://catalog.clarin.eu/Shibboleth.sso/SAML2/POST-SimpleSign" index="2"/>
            <AssertionConsumerService Binding="urn:oasis:names:tc:SAML:2.0:bindings:HTTP-Artifact" Location="https://catalog.clarin.eu/Shibboleth.sso/SAML2/Artifact" index="3"/>
            <AssertionConsumerService Binding="urn:oasis:names:tc:SAML:2.0:bindings:PAOS" Location="https://catalog.clarin.eu/Shibboleth.sso/SAML2/ECP" index="4"/>
            <AssertionConsumerService Binding="urn:oasis:names:tc:SAML:1.0:profiles:browser-post" Location="https://catalog.clarin.eu/Shibboleth.sso/SAML/POST" index="5"/>
            <AssertionConsumerService Binding="urn:oasis:names:tc:SAML:1.0:profiles:artifact-01" Location="https://catalog.clarin.eu/Shibboleth.sso/SAML/Artifact" index="6"/>

            <Organization>
                <OrganizationName xml:lang="en" xmlns:xml="http://www.w3.org/XML/1998/namespace">MPI</OrganizationName>
                <OrganizationDisplayName xml:lang="en" xmlns:xml="http://www.w3.org/XML/1998/namespace">CATALOG CLARIN SP</OrganizationDisplayName>
                <OrganizationURL xml:lang="en" xmlns:xml="http://www.w3.org/XML/1998/namespace">http://www.clarin.eu</OrganizationURL>
            </Organization>

            <ContactPerson contactType="technical">
                <SurName>Technical Support</SurName>
                <EmailAddress>tobias.vanvalkenhoef@mpi.nl</EmailAddress>
            </ContactPerson>

        </SPSSODescriptor>

    </EntityDescriptor>




  <EntityDescriptor entityID="https://sp.lux17.mpi.nl">

        <SPSSODescriptor protocolSupportEnumeration="urn:oasis:names:tc:SAML:2.0:protocol urn:oasis:names:tc:SAML:1.1:protocol urn:oasis:names:tc:SAML:1.0: protocol">
            <Extensions>
                <idpdisc:DiscoveryResponse xmlns:idpdisc="urn:oasis:names:tc:SAML:profiles:SSO:idp-discovery-protocol" Binding="urn:oasis:names:tc:SAML:profiles:SSO:idp-discovery-protocol" Location="http://lux17.mpi.nl/Shibboleth.sso/DS" index="1"/>
                <idpdisc:DiscoveryResponse xmlns:idpdisc="urn:oasis:names:tc:SAML:profiles:SSO:idp-discovery-protocol" Binding="urn:oasis:names:tc:SAML:profiles:SSO:idp-discovery-protocol" Location="https://lux17.mpi.nl/Shibboleth.sso/DS" index="2"/>
            </Extensions>
            <KeyDescriptor>
                <ds:KeyInfo xmlns:ds="http://www.w3.org/2000/09/xmldsig#">
                    <ds:X509Data>
                        <ds:X509Certificate>
MIIE1zCCA7+gAwIBAgIEDeB5KTANBgkqhkiG9w0BAQUFADBeMQswCQYDVQQGEwJE
RTEgMB4GA1UEChMXTWF4LVBsYW5jay1HZXNlbGxzY2hhZnQxDzANBgNVBAMTBk1Q
RyBDQTEcMBoGCSqGSIb3DQEJARYNbXBnLWNhQG1wZy5kZTAeFw0wOTAzMTgxMzQ4
MTBaFw0xNDAzMTcxMzQ4MTBaMHoxCzAJBgNVBAYTAk5MMSAwHgYDVQQKExdNYXgt
UGxhbmNrLUdlc2VsbHNjaGFmdDEyMDAGA1UECxMpTWF4LVBsYW5jay1JbnN0aXR1
dCBmdWVyIFBzeWNob2xpbmd1aXN0aWsxFTATBgNVBAMTDGx1eDE3Lm1waS5ubDCC
ASIwDQYJKoZIhvcNAQEBBQADggEPADCCAQoCggEBAL0wTdnMTgPC8/x6+0reirYB
bifyQwbOLHE0bOtHD6et5oT9WPRosJFpFxnxs2aF/SqR7Kar4Z/7lMBFbL3vdgrJ
h6fCNVofBI/Zs7d8aCwfcc6aMJORJPlTtFElmNvZD8TE035qzRNfkwqPOYkmwqlC
CP9pJwebt3kEJSHHOVngydBJaVzSDayJLp1WzQ2FyEVfbPyUaQ2z2RyPGG0C1yX4
Thin64YaRlBH78INIlCf8NpQwc+CCG7SgVSuDq1DEZXbm7z789kUJtqnlNe2Nahj
inYfMr4Jtc27TwD+We9cs14LjSst4L3gd0kT511Wycs53+BpMWRWVKD4tFMva+EC
AwEAAaOCAX8wggF7MAkGA1UdEwQCMAAwCwYDVR0PBAQDAgTwMBMGA1UdJQQMMAoG
CCsGAQUFBwMBMB0GA1UdDgQWBBRY3hAzheVZXJug0vL3ndQWl8CAjTAfBgNVHSME
GDAWgBQC1h5uCau/WGWnCjxIM2HRzn3DWzB3BgNVHR8EcDBuMDWgM6Axhi9odHRw
Oi8vY2RwMS5wY2EuZGZuLmRlL21wZy1jYS9wdWIvY3JsL2NhY3JsLmNybDA1oDOg
MYYvaHR0cDovL2NkcDIucGNhLmRmbi5kZS9tcGctY2EvcHViL2NybC9jYWNybC5j
cmwwgZIGCCsGAQUFBwEBBIGFMIGCMD8GCCsGAQUFBzAChjNodHRwOi8vY2RwMS5w
Y2EuZGZuLmRlL21wZy1jYS9wdWIvY2FjZXJ0L2NhY2VydC5jcnQwPwYIKwYBBQUH
MAKGM2h0dHA6Ly9jZHAyLnBjYS5kZm4uZGUvbXBnLWNhL3B1Yi9jYWNlcnQvY2Fj
ZXJ0LmNydDANBgkqhkiG9w0BAQUFAAOCAQEAbTiXJjoL5ulDq6yP3g2cBE4tpXN/
LMe2gNgvBmzWIuvoMtI/qf5CWZI2Z/3T8uPHrzcrhWxjazhcrdMsdCrFEp1YCdUv
3+ielpse2O+k7ZF/OKZtP2yBBrPqfn46K2luYs7omROhkzfKU76inhSn7aMDH8sp
A483fjEFPdYorFjq087bpHkXqJuDKHm7Jz91+vjMZMJ5v5IH5oec84pT6yPO1f0k
7v7NeAtHCybR2fYZnSGrjUOEOPCJx5ufyE5EOzATp5BVLXSLa2H4B0Ws2IOv9ORw
0cYjl0hBJw+lYT0LPIUaE0SU1jtoOKUHevuygdjyiG0JPNgUks8Ow3+v/A==
                        </ds:X509Certificate>
                    </ds:X509Data>
                </ds:KeyInfo>
            </KeyDescriptor>
            <SingleLogoutService Binding="urn:oasis:names:tc:SAML:2.0:bindings:SOAP" Location="https://lux17.mpi.nl/Shibboleth.sso/SLO/SOAP"/>
            <SingleLogoutService Binding="urn:oasis:names:tc:SAML:2.0:bindings:HTTP-Redirect" Location="https://lux17.mpi.nl/Shibboleth.sso/SLO/Redirect"/>
            <SingleLogoutService Binding="urn:oasis:names:tc:SAML:2.0:bindings:HTTP-POST" Location="https://lux17.mpi.nl/Shibboleth.sso/SLO/POST"/>
            <SingleLogoutService Binding="urn:oasis:names:tc:SAML:2.0:bindings:HTTP-Artifact" Location="https://lux17.mpi.nl/Shibboleth.sso/SLO/Artifact"/>

            <NameIDFormat>urn:oasis:names:tc:SAML:2.0:nameid-format:transient</NameIDFormat>
            <NameIDFormat>urn:mace:shibboleth:1.0:nameIdentifier</NameIDFormat>

            <ManageNameIDService Binding="urn:oasis:names:tc:SAML:2.0:bindings:SOAP" Location="https://lux17.mpi.nl/Shibboleth.sso/NIM/SOAP"/>
            <ManageNameIDService Binding="urn:oasis:names:tc:SAML:2.0:bindings:HTTP-Redirect" Location="https://lux17.mpi.nl/Shibboleth.sso/NIM/Redirect"/>
            <ManageNameIDService Binding="urn:oasis:names:tc:SAML:2.0:bindings:HTTP-POST" Location="https://lux17.mpi.nl/Shibboleth.sso/NIM/POST"/>
            <ManageNameIDService Binding="urn:oasis:names:tc:SAML:2.0:bindings:HTTP-Artifact" Location="https://lux17.mpi.nl/Shibboleth.sso/NIM/Artifact"/>

            <AssertionConsumerService Binding="urn:oasis:names:tc:SAML:2.0:bindings:HTTP-POST" Location="https://lux17.mpi.nl/Shibboleth.sso/SAML2/POST" index="1"/>
            <AssertionConsumerService Binding="urn:oasis:names:tc:SAML:2.0:bindings:HTTP-POST-SimpleSign" Location="https://lux17.mpi.nl/Shibboleth.sso/SAML2/POST-SimpleSign" index="2"/>
            <AssertionConsumerService Binding="urn:oasis:names:tc:SAML:2.0:bindings:HTTP-Artifact" Location="https://lux17.mpi.nl/Shibboleth.sso/SAML2/Artifact" index="3"/>
            <AssertionConsumerService Binding="urn:oasis:names:tc:SAML:2.0:bindings:PAOS" Location="https://lux17.mpi.nl/Shibboleth.sso/SAML2/ECP" index="4"/>
            <AssertionConsumerService Binding="urn:oasis:names:tc:SAML:1.0:profiles:browser-post" Location="https://lux17.mpi.nl/Shibboleth.sso/SAML/POST" index="5"/>
            <AssertionConsumerService Binding="urn:oasis:names:tc:SAML:1.0:profiles:artifact-01" Location="https://lux17.mpi.nl/Shibboleth.sso/SAML/Artifact" index="6"/>

            <Organization>
                <OrganizationName xml:lang="en" xmlns:xml="http://www.w3.org/XML/1998/namespace">MPI</OrganizationName>
                <OrganizationDisplayName xml:lang="en" xmlns:xml="http://www.w3.org/XML/1998/namespace">Homeless Clarin SP</OrganizationDisplayName>
                <OrganizationURL xml:lang="en" xmlns:xml="http://www.w3.org/XML/1998/namespace">http://www.mpi.nl</OrganizationURL>
            </Organization>

            <ContactPerson contactType="technical">
                <SurName>Technical Support</SurName>
                <EmailAddress>tobias.vanvalkenhoef@mpi.nl</EmailAddress>
            </ContactPerson>

        </SPSSODescriptor>

    </EntityDescriptor>
    
</md:EntitiesDescriptor>