<?xml version="1.0" encoding="UTF-8"?>
<md:EntitiesDescriptor 
    xmlns:md="urn:oasis:names:tc:SAML:2.0:metadata" 
    xmlns:ds="http://www.w3.org/2000/09/xmldsig#" 
    xmlns:mdattr="urn:oasis:names:tc:SAML:metadata:attribute" 
    xmlns:mdrpi="urn:oasis:names:tc:SAML:metadata:rpi" 
    xmlns:mdui="urn:oasis:names:tc:SAML:metadata:ui" 
    xmlns:pyff="http://pyff-project.org/NS" 
    xmlns:saml="urn:oasis:names:tc:SAML:2.0:assertion" 
    xmlns:shibmd="urn:mace:shibboleth:metadata:1.0" 
    xmlns:xrd="http://docs.oasis-open.org/ns/xri/xrd-1.0" 
    ID="_20150727T122619Z" 
    Name="http://www.clarin.eu/spf" 
    cacheDuration="PT5H" 
    validUntil="2015-08-06T12:26:19Z">

    <md:EntityDescriptor entityID="https://idp.scptuj.si/idp/20111102">
        <md:Extensions>
            <mdrpi:RegistrationInfo registrationAuthority="http://aai.arnes.si" registrationInstant="2015-01-13T08:01:14Z">
                <mdrpi:RegistrationPolicy xml:lang="en">https://aai.arnes.si/static/doc/ArnesAAI_general.pdf</mdrpi:RegistrationPolicy>
                <mdrpi:RegistrationPolicy xml:lang="sl">https://aai.arnes.si/static/doc/ArnesAAI_splosni_pogoji.pdf</mdrpi:RegistrationPolicy>
            </mdrpi:RegistrationInfo>
        </md:Extensions>
        <md:IDPSSODescriptor WantAuthnRequestsSigned="false" protocolSupportEnumeration="urn:oasis:names:tc:SAML:2.0:protocol">
            <md:Extensions>
                <shibmd:Scope regexp="false">scptuj.si</shibmd:Scope>
                <mdui:UIInfo>
                    <mdui:DisplayName xml:lang="en">ŠC Ptuj</mdui:DisplayName>
                    <mdui:DisplayName xml:lang="sl">ŠC Ptuj</mdui:DisplayName>
                    <mdui:Description xml:lang="en">Identity provider for organization ŠC Ptuj</mdui:Description>
                    <mdui:Description xml:lang="sl">Ponudnik identitet organizacije ŠC Ptuj</mdui:Description>
                    <mdui:Keywords xml:lang="en">Identity provider for organization ŠC Ptuj</mdui:Keywords>
                    <mdui:Keywords xml:lang="sl">Ponudnik identitet organizacije ŠC Ptuj</mdui:Keywords>
                    <mdui:Logo height="70" width="298">data:image/png;base64,iVBORw0KGgoAAAANSUhEUgAAASoAAABGCAYAAAB7e9m6AAAABmJLR0QA/wD/AP+gvaeTAAAACXBIWXMAAAsTAAALEwEAmpwYAAAAB3RJTUUH3wEMEwwc/t6cOAAAABl0RVh0Q29tbWVudABDcmVhdGVkIHdpdGggR0lNUFeBDhcAACAASURBVHja7L15kGXZXd/5+Z1z733v5Xu515K1V3VV9b5J3RICLWgXCDAjtvEYs40Mlpgh7GA8xmMgPGaCMGYcM54hZmLCYRsvMAaPBhBCwCAhkARCSE2rW2p1VXd1d1VX15ZL5f7yvXfvPec3f5zzlszKzMrqrhaCzhPR0VV1393OPed3fr/v7/v7Hkk/+P8qr1LzgMT/dttu22277eW2pCzL23axrsWTl3VW/8yXd53dttt2219bQ5Vl2W31oBSwt2Sk/MDfbe86AGb3++y23bbbXi2PSl/WWSBo/JuiyDoTttt22257DRsqY74+/BYFjILiB2K+XZ9qt+223QZJlthXcHoXKtdb8KPMQKC4WVv/PBqNlujux9ptu+01a6jyPH/ZJurWw7ybXTQaLzW7hmq37bbdNuBRVZKvfZiniohsaQJFDYiPiJWym//bbbvtNW6obh9GtXODIus8MV0XQgogKqiYHrS+23bbbnuNGypfupdnlrYLyYwEr2mHdkZVoofVxa0cSDRhu7Zqt+22XUP1snlUG0Eq4UamZnSWNHpJgz83Pf+p71Mpfp1PphIygcCub7Xbdttr2VA55175VSQYFdmQ/DNdE6OBFWVwgGKiUVPASwj7VAyoQZH438DlFdwuTLXbdttr11BZexu5StL3kIyC8ZCqp0JJJmukNBHfxmgO6nGANyneVClliA51Cq3gJMMbxYuPoZ9id7/Vbtttr11DlSS3J+snCoJgtcT6NjXTppo0cStXmLn4JFdnn6GaLHPi6AQHpsYZqqWUTrm+ssb5i9dZaBrGD9zPvqn78ZW9rPk6uQ7hbAUlBTX4Xa9qt+2212ST0R//LQUwKqgQM20hNuuGcwKggopiNKJJAojH+OCRGVVSX9CgTdq8RDH/Rdzyn3H/qQ7v+eZDvO/d93PyyBieFaCFUiBYICNlnKsrLT77hRf4oz+5xNnzVWbz07jGozTNATp2jFJt9KsiUC8x5gR8RNyNhpCx/5y395ioIBuOdX/7tT62ESQ0KtGQh2NGb/OzIIi+OsdUNHrh2x8bfL/Bd9/4voOA6fprdjPKm93v5R37Wt/v1TrWnd8b+3Nn1wx243Yc22iLusdk6u//3jqcumucuoZIEGTAlREB1XBMVbEIFe/I8kXs2vPk1x9jTM7y9jcO8dM/+V7G6tOg51A3B6ygtBFT9geZJuAzkCGwY3g5jONOfv/zc/zrXzvDot7FfHGcIjtFSybxmuIw4Tleo6tLbymRG7OifnBx+Xp/j4Hn9wOJk+2al/BuJo7RLswweM2uh7/d/W7nO2x1v9vRL1+Ldxi89sb+/HoZH3Lg739cB3NvKtxIier+OFqp7sexqlR8SXV1mrUX/4R96Z/zPe+v8eG/exf17CWcu4TICoYCpYwzKADqvTVRATWIGBSLaoKjSmL2UnKMTz/m+ZWPLnDm+kMsmwfIs4N0dAiVCLjra7B0eZNv0/33dZ9Ov36ff3AQKrcw2QcMg26WeWaTvtki2SMbJiib/GbH3yHer+dbbTBguoNLKWxd8jH4bfXVG1Ov6j1uZXxs+B4y9fc+poN0Sx2o3ZMefWCgnk+CS269MkyOu/ZVVi78Jh94l+VDP3CUB+5tou4pMDNI1zi9zKf1OoyR08w0j/PRT3X4T7+3ypX8TTDyEKu+gY8kh/WU0Zt88NeiAfs6ftZNDc5OJvQWf79p32zISt8wXl5h3xn6gpF6C8Owe962L/Vqj+mvpzmz4XvIsX/4/8V1wAw8ZbfL7EB3+2jGhESVYS1ZfeHP4Mrv8uEfaPAjf3uI0ZHzqL+EmA7gbvmtVUFk8JMZVC2q44i5k08/0eCXf6fBZ8/uo3HkXbRcHY9FJUjC2Djo/V+lCbvb/vIng97ma+rX8LzXSEvKotjmcHGDa5t6YcgUrJ3/AsXlX+d//R/v5lve5UjTp1A/i5h8nc8djM/AV9hGvjMA5IOhnEdEEebx/iu86cETHNx/J//8X5/hU2c6VA+8nVUdC/d5Wabxa48tbfHqu2237bbtDFWlUtkwlTyC6U3+QbzDes8o0Lz4ONef/o/8/E/dyXe+v4P3X0LMEiK3Q4RP1i8vETQzZpmKnuOOfU3+8YcfRf7NLI9fPoutPUIuQzjZZVrttt3219ZQZT3CZz9i18gWD/CSB7GI99SMpzp/lfNPfIR/8GNj/OgHR3HuT7BmsS/RMmBwFBmwdLKNOyH9UA8JqUsFxQQWO11BvRwrVzm+5ww/9C1jzP7qY8wwRdMcI5chROwA6iC9kPVGRGKrYz7++XYee7nPsnvs1o7B+u1EbuexjSjSX+Vj3T58NY69et86yfPOFtBe/2FEoeoN0p7n7Of+Pe96/Ro/9Q++EV/8ATZZAHGoGqAKJKAWSAnkBYNiIt6VIGrDn8XG39lwP28oveC9wTuLK8F58F7wriTNPI2RFnAJ487z1ofu5fnLKf/h9z5Np/ou2hzBi4mZwN34arfttr9WHtVQtXrTHxlVRkvl8pcfY2/2GP/yF78Pl/8JJp0LHphWERkHP0aZ13A+Q10F51JKJ+S50G4reUfIO0qnDXlu6HSUdjuh7FgKp6y1ClotR2tNaa2VtFtKc60k77SY2CM8+sY9vPPdFptepHDn+OH3v4uvPPVlvjR/F5IcpjApXoNXJX3Qa7fttt32V7zJPT/zSe16TTcclMBQreAxVy9w4bP/il/8mWG+//tykuyrYBZQ30DkAT73xyV/8YUl2q0RXGEpncU7Syf3NJslq80OzWZOu+VZXc1Za5Y0WyWrTaXdElQEMTbQH6iAsQgZQoo1IH6JtHKNf/TTx/jhvzuO+idwjDPffgvv/ZGnGTv9Eyywn5Ih2N0WYrfttr9eHpURw0bnYzA7ZdWT5h1mX3yM+483eedbpkiSp0GaqFYQs5/PfAL+yU+/yOVLkzjfQCVBfTfkM7H0xSImwatEYqfgsUE9oWJwGmB8r4o1CSa1JFlKNa3QWVmlbgWrT/Nrv/IU7/2W/Rw8ZrF6hYmhF/nQf3U3v/rJL1KZeC9OGxGLX68iuhmHVV6FY5shb7d6jC3ucQt8yE2j363+7Wb3u51Z/M2utdN/e6X32erYdvdnh/1yK9fcyXdgh+e/0u+3035+ufd7pcd6hqqaZn3CXfeEgaeuOaWcu8K15z/FP/6ZuzlwaBXMIkiJ6DizV2t85CMvcP7SYXJzmrI6CmmGsQlYi0kSxCa9/9s0I8sqpGlKkmXYLCNJK6RZBZMKNktJTYo3IYBLEJJmmyc//glGGAatcH2uw8FjFpES7y7xgfc9yL/99U8yeeQ9+E6CGg1Md9V179Qj9mm/BOV2H7thkN2GYzst09jqvHV9sMW31m3up1s858tpm73Lpv+2Tf+83PtsdWy7Z9qs7zY771auuW7csPl53U6QLZ77lT7LTvppp322jkV+m4/1DNXg5g4b64gEqBQ5xdw0950wPPxwSZLOgClCeKUpy0uey1cKSpni/m9+P3bPXnIDGMHF4kJP0J3S6LqpBKUFH8F+xVCI4glekKqiUSI5dcKeygg5DqVDVulw4vhe4CsAWFmhkTzLN79hiE9f+DIy+k3kGDTSFV5RXZT4sNHEZjP8FibMzkpDNmxscZvcmM3u3/u33vt5FPOXVjrxl7KBx8C7D24mslXfbcXH1HVFvTt7h+6n9XJrNYmb9tMmG6K8amN0q2fp1rmouc3jok82TypZsuXEsArVssP0pef45ocyjhxeAp3rYUBKm8aoZ99USm3UkOxp0BqpkdtuLNktwVGQfiZRux1ruqJ6MfyM4ZqRWGXtYchbZp57EauOam2Jb3xrjcZkC/UdxIDQIpWL/J0ffDe/+oOf5Z63vJFVP0SJjVXa23f09hOkSzvoO6Pbb0yxxfUH+lVVMWa9t9e/FyFUlhvP28mA2ey8TQdhV7hQuu8X/t8/b+stzW67UZH+Xfrfa11xy7bnvny56vXvvvGaNxsb/b7WgWkjm3tQtxp3bbCKuq4OT6Jabrd/BlP6N25f1x1nm43ZWxlnG88bJBXEgt1eP3adjVcyJnRdEOhJZKNUhYSXtqKBH9Be5dr5Jzj+bYY9+9uorvT1N6XD/gMJ3/mB0/zhnz7BwsxTNEbeQidJKQyIH7y2bPg6g70UpVuMiY/me1vD103C8y++QDVbpT68wA/8wOvBP4OIQxWMKUn1OqO1ee47XifVFdakgiXZJNjtd2gIcYIwn4hB6Hp0JvT7uoqtgaEoZpOAaxMuiPQnm6j0QEDp/X/wQ6yP2AUTnm0n3BPx4Zo+VmaKBxUMEoQHe8+y4ZmjlEp/1dKB+21EDfy6+4Ujm3GQbmYYNhrBcJ4VHw2OAQlZ5jAZbsJ5uuFZdna/G6vxBvtzg4ESv4kBGBg/60K09Qty6F9BVOMFzebjZp0R8Tf+W2+q+A29rJvMK13/nAN7EQzCIf2v7Aecis24Uhut6eC7D1ZKy8C5Pj7+Rv6V38Ia38jNkigrI0GqZYMU8cDkUYW09KwtzTBW63DsUAVYBO0MdFwH9S/xvvcc5UMf3Mf/8sv/D6cah0kOHiU3Ngw2lTi5yw1W1m3x5/A3ETDe0FpYoD19mWG5yr6pZQ6f9KifQcTFxy3BLGN0lnuPT3F2aRafjeElCd6bboXmyMB9Xa/a0eFuXFxkIFTQnUo3b/277orTNVo3rj4u6kJ1deO7K5SLXn4c/OtOs0h0wVV1kx693cj4K5GwVjbPzLqbXHn78wb7N/TDK33Onb97v1vdbe8zWefFSAyxdMOiNWCkJGrJ+a3vZ2NPau9PfvvnlAEvVHfaN5v8uXsdtdF4b3bNG++fVNfxqLS3pluFqilZbC1w9FCFe+/aC1xGBsVqxCOsoear/NiPPsyffeFxvvgX/5l7936IpD5Fbj1eJK7Um79dVwRP1umkK0ahQcKLz3yFSrmC8Wf58R9/G/ACKitxxQpLn2pJZtc4OpXwxKUrDB2+j45WNiivs6V/3TUaotrD0daHeXqTfJ1sW8en/Zdd54LfrA5Vt7xjX9li0A9btwnZliHqxlXza91erqXc7rztev9rJwnwatcV99/yRk+/773srKZ0q3Fza6Nx+9/363y3us7Or5k4t8kKJYrxgPM0l2Y5PakcOTIG5BsmA6G+z1ymMVLlF/7p2/jA93+MZz93gAfe/UGulx5vLGEr0a0Tr4IgAn7ALTUKmuc05xfBrTGxv8U73ncKV/45JvHrnsEIWMmZHHYszp1n4lCJdlcT1R4C47d0m4N8TRfvWOcWbzoU47MbH5c6c9MccFeMRnQQ94ge0C18/J6Z6oG4XUPp2D65vVVo9DWHzncwOHXbRWFdKN4DXU3MFn09blp7u8vRB95PXIxm7cBwi5pxKjdGuNsSbvomz9/0XbjxfhtFrXRj+LjVdW5uKJPUbn6JBMiMpWit0tjnGRlJUQ3KnLIB9xEp8f4KJ++8yC/+/Bv5Wz/6UZ4fOcIdb/tW5gtdlwzwUSHUxu0alJgdREhjpk61oG4t8xdeZHWtAJvwhve/g2vtefY2/KYbPVhR6hWlWFumYhJK7fPDQnbF9+oGu8bRdbOMsaRHxPZz8Sj4kq68zTpZ5t4TyI7HnsegJgUxfVVLdYg6LNqTgd1MXbEnW6M27NYjac9IKR5USSgHkhxseN5Xf+rsGMKOg2c7FclQeqU3eLLr5XtMRG3AmjSGD3EV0BLFY1Rv+f187JRbVbnc/ryNdaA3ntf75S2Jaw2MRTsQHItBxCLYXjY32IyiOxK3jAG6Cp/+JkPb97C8sL8UIohJgghm16PHoeoxcQ7dqikeHMNbbu5gnFJRoczbpKkQfqY9KeIAZA+e0UT1Sd777rfwP/3Dd/Nzv/T7jB89xfDxe2nJjbiPREOiCqnNmLk2y+ylOUaHhzl15zHSTsm1C9cY33uAyTHh7MVfx6WPIsZvwCOi4Qu8UawrGak2MHkF7x3Oe1RcqC0U7cX6KkGhVE0wVK3VnObiSjCgqqh17Dk4iWiBEn5nbsCFdh4+iRgWltborBYkzuKMkjRSRkdrWPyAXvRmg8JHXMtQ5ob52UXS+JyFeMYmGySVBLwDIzuabJvydr4mhurmE1L0xuzbur6I4LZq0Cu7fm0pYN4Kahz1iSGGakkEYm8t7H25crw7O89sed6tGaqbPIcYmqttWksFxtkwdhJHY7JOliUY77cdExuzgpt54l5ML0vrjaXVKmgurGBdsJjOemojFer1CkbLWw6KN/ZnkuftTQdT6iAvwBXFDTcRubGMzhgPNHGdc/zQ3/4e/u1/+jOef+xzPDJ1J87kOOmnScUrRm3MLlqsKkcnDrL6whLtK03mzTx7x0do1CfQXGm2zvKed00wWptDtB0GsfafQaKbWxZCoilVUpQs8CtseJ+yLMh9QcfneF8GhQjxlAhKglvJWXluDptHbatRGJsYQSVHxd00Bb49EiJYk6Gryvwz09RdSsc4KodGGa5lODo7+pBGEtwKrF5cRFZLjCqtmmNi+DQFnWCQXxE6c/OQaaf0jNvXNhTIxwxV9HOxPmPt8hLlYkGiimsYqpUKpRVU8x4uqLfw7USEUv/yVc1Eu3te3kqYLqgkJGXC4rNXSHKDQdFRw9BojY6W2C0SQi+HVqAIahMoLUvPzpB1Urx6yrpSvecAZZqD5q8YvdugRzVwwEMmSpLWyHNLpwNJ3WwNGWoCOkxiDzA3U5IxArni2h1qo7UYqUalKytUbIY1FtFAB0hMjQN79nH1wlUWLs+hSx0oFNU5Jvcs8EN/62Gs/yRGOgzg3b1WqmGtBZXqOOIFo9JjuBrAmJTUJtTNEA5HXuQ4LSlFUZOgOKouJXMJDkcbz1A2hBO5wQC8HEOVUqWjORWfMlRWsLYkSypU02pIJu7kQ6rFpkJFExJnMKqUriSxlqQyhEr+6sLIr4T4+rINnGwSNkkvFLRlQuosmQrGCaVXUptRydKBlAO3ZKi+XtrLNVQiKZ1WSeYThnyCquJVqCQZUkmwWkZY9hXynbqhpslwhVL1CbUyxYvScZ7UWKqVjNth85OtYtXuTjTVoTEWFoSrV1c5PZltAnIIaAqM48u7eOIvJvn5n/skFy/uZ/jUIUZHxlgVxZiEJMbLvZ1t/ACR0hccODbF9bk5dKlkublEYjuofJXv/sAk+8fOUpXLGDqbvkjpEmbmlay+j9y5HkTdU7rSqHPlFUNCalM8jlwLchGEdgjxvA8gOaDeYSJstdPOXt+f0pvY3e29vA+79/hII9gOuOzRGLB4rxgxeFG8epx6jASvwhiDwUX22Y0AtNwuJEr7tIpbHeQbjdTOz9+M+Nl/L4PB4HHqELXhu8uN2JTsAKCX7UyZyiaaa6+6pUJ2kJS7MS8d0v5KGTxP9agmvdCyFx3sEMPb9ltpF0z3qHicFngjPY7Z7SIGJ977TQ2VUyi8Z2hkP5fOlJw9O8vp+xugcyhlb+KpryLmFKsLJ/m1X5nl3/zyn3P+8nFGDj/KPa9/M8ZUqIgPmFR3VVUGNo7o3ZGsUuHYicO8+NQ5MmsRneHUsUu8882HSfU5EtPcYhClOD/Ehatt6uMHabuSxOgAMB73I+sBgL39wMhMBREliZ5d2AYsZPO8BtKrqt9+RV7naGyYEPGAEx8MiRBNSuQ7uRIfGS3buCO9b1KqsmYLJHUkCB1TkmsZ+F3qb5Ipuz2ez3YGZtPzY5ze34/xlT9T11R5Fw20gmpYoLz6sCB0kwvrzl+fbdo8hb7jhNcO0hTbhdM33n+n+UqNfSob7xt5iyG73O0XxWsAtr33A0zyV55WURTvBK+eps3JK0GEwCXBCahqclt2ikqybPPQzyqkFkYmD/DlGeHM2UW+QxsoaWSOJ+BGEHuKc09P8Ev/+9N84hMJ88uPcuqRd3L0/tczNLWfjnPUjAEjlL67oWR/s0MdAJu8LxmfHGZhrMrFF54kM0/x3/zYGFN7LiC2g9Na/DglQhFWDk3AN3C6ly8/e5Xjb7ibxSigp67LuN7wMaUbXQvGQyKW1KZx5TGoCZmCLMtQS9jq6wbrZNZdTjf5gIPbkKWSItbgIlXBq8dYyCpZL/Trr1yyhcExiDHsP32IpAyhbZGU2FpClnWFCG/LUs7WPBe//Xky6H5uMC7qBibl5mz27mHVzb2p/p6GgfVtizTWkyrdKoskSUK/qrnpM3dJlLqp5zlQirLO75ItAHHFqB8IwdatMzvCBAdB6s05R6x7JtMbM3EeqcFIirNtVEJm24iCgSRNsBUJGJVu7Bez4Xn8ln218Tm8CaTRg/ccwzgbes06aiNV0iyIZ77S+C8py803d/AK3sPQ+B5yGebCxevMTtfZu284rFRuAniET3ws4Rd+4YtcuHSINTnJm7/zexk7dhKqGXiYyCosTE+TdzocOHqEhTKnlD7HWExkyIqCVXxRcvYrT7C2+FW+49vGedObjkLyJdqcoCNTGApS5kmYwdIBEpybYHauynOXcg6+aZTcGUyakiRJKH5Wj3Meo25gIA0wfrvOlroY5jmcV8qywLk2YrRnQMQIrrv/4U2oQKKKqA9JdBXUh9QwOBSH846yLPGmWDcoPQYVw8A+ZjFNW6DGMDJZx0r4+CFbWFAU5ZYp4O3UD4x2U9px8iNBnkekP3h7pSoSMkbqBxT1tae0rxIzTIPnDfDSpJuyjvn0kNDY3DZod19s7wcWG+1t5OZNSL0nrsuBc5EzZylVaXuCZ0ykpkQAed1+kqabWrfrDF0/pIljQmOZEjY6yBtWqF7Nocd61+cBdsf1ph7LugrH8E7xm/fHYx+fExHUE8NaD/E+siHbpxrKwUqEUj2JOkQV55XcK6ZURF00cC5+RxPlxyPhw4PB9SgiokSsVmKxfyhxwTuM96hxiLE09jaiom/oC6SgKHLMbeDsbU1PiJOj0hjl6J2v48yzH+fqpTuYmEhwuojV+/jnv/BF/t0vr9J2r2N4/+t567vfTzI6QmkTrCtwy4v8wac+ysK1szjXoTF5iPd874cgG6Ywkc0hgjGW0nnayx1aC0vsndhDNnaSu+88xrPPL/PMCw2EKmiOyhLH9xU8dBKMXkW0hvfH+Hf/9xfZd+TdOB2hbBfMTM/QXG6C81SGaoyPjdGoVzHWhoG3caVW3yNmhtI8IUkTRFLAgQhJ3CC10y5wzlOq7yUIbnDLbajXyypCYhNS0uhs6LrY31qDMbYfloqhLIT2WoGJBtGJ4CgwxlOr1sjXOgFvA0o8adVEo3zrhipgcZBGvbCi8BSFC1hdDE+7npAXcMZRGUqw0WNQDVXzYlJcKXTaOd75yPT30egE2lOuBcMjNbwqnVYJLhBxt8QxrCGr1jBGcVr2DGbphU7HI86TejBeCYG1YJxCy6NZiY90FI+j0aigvkC6OKk3JKZCu51TOh+qEga+TXf7eGcc9XqNIs8pc9ej1fSM/AC9IE0TKrUq3hVhEluJYb1s4pWagajY4BVULWWr7G+62as7DaU5Eik2NklI0wwvni4vQwXKUmi3ShLAFEpCoNQoYLxg26BFgDHalFRqGTaBzloOZYxqcEhiqA2lveygiRhdq+OgcKEOTxQ1nno9gOVFXkKpaEEcKw6bCVkliYv1KzRUxiYbwMb1xipp1Dhy9wN84WO/xZmnDnHq5OtYXlnlx/7Or/PVs8OU9mGm7vpGHnjzO9FqFQ8kRcHa9CX++Ld/hUbyFI/evcIjr7+L3/mDT/CJjxR86/f/DyxQUCSBqDf90jRzL12judgkKT2VZBxDxkc/fp3f+b1ZxGRAGsDFpOD7v7vBgyfHUVnE+wbt8h5+5/cf5853vJVzX73K9EtXoYDEZNgIKV5CaUyOcOKuO2iM1oN3ta5op89GD5PTI4klkUBfEBLy1ZLZC5e5fmkO1yn7/dbFYOKkU4HCKNlYyoNvegBjlcQkvcHqxOM1bAVmrUWtHRi0KWvXl3j2sWfINHg2TVvQODDGw2+8n+ZCk+ceewZWCwywljkeeeujJJmJu1DfYpAnBnWGsgXzV64zd2ma1vLaOgPSXeHXyjYn33gP1eEGJhI7FIOUCbMvzjF3aZbWUhNK39Vi6IF4uZbU9jW4/y2vo3QFC5fnuPT0C9RNtVeEHjLAfYuqBuoTI4xOjTF1fD/eOIyE3z175lnWri4x5FNSb8kwGKBollx5/Dk8ihdHnihH7z3G+PgIpQPrA/fKF8rFF15i/sp1ylYH09Nckd4u3EXqOHzvMcbH91C2POefOEux2CFRWYdLdg2cqaWMH93HiTuP4pLgidvN6cnr8U1AjcW2hSc/+zhJYUhEonSMDnwHh1eoNIbYc3g/E4cmSYcSsKEqoSwcL37lPPl8k5q3VMlCf3nFL+c8/8dfQaxSGker4nnd296AMZblmTkuPnmeisnoSMHp19/F8PAkRouey1gh45nHv0rr6hIWwWWW4w+cYHxshBJF2sqZz32ZtB286aIqnHz0NMP1KvhyW82xnQDuA/v6bf5r6wxuaJh0/CF+9p9+mj/+9DE+/ZnPs9Z5kMrYg9xx/xu5543fwHKRk2Jwa4s89+TnOfuF3+DQxCX+5n+5j5/4e++kOgLf9V0H+b4f/BRP/Ml/5vg3vR9Pg4uXrnDl2UskHaVC2it1cdoAM4TqYcRpJGGuIP4lOnqZkiXU10jMEf7wT9u09CEuXWhy7UqTGmlYOWNVicXigebsEl9eeZK77r+LyX3jG+D8mE3z4ClxJJRliVKAGPK1ghe+9DzlYpuaTzFk6/a/VpVe/O414AKppJSlQ3DQrVwXj/dhNfLeh9DPFfGDJbh2h2svXKXmEiqk5FLSqA9x952nabfbqPOhn6I34rRES6Uo8ljSs3MYKhSMJ5SrBRfPXGTp6gJDUqVBBePBmJBQ6JZHePXghaIMoavxSt7MuXDmImszK1Q0oy5Zr2ayX7WhWEmpUKEoC1zpsWqpaYWGy/rETOkJlAU4RdRurQAAIABJREFUQD3FXJNL15dYmF/gjntPYisBe0xIyXxK1SUhOHLhYxsj1CSElSUWTTxWDWVeUniHemHh8iwXzr5IVhgSZ6hotT+hJRTkewGjDvWGIi8oS09FUzKvJBokut26yFXI1xxXz10mzVKmTkxQlPkOtciEQj2mTKhpSsUnYYHs0WviEhovVq54rpy9yKWLL3H36+6mMpKB9bjSk6hFfULF24DdRBck9eFbi4NCbUjolEKZO4wThnxGVSohM++hzAuEvqEyajHeMESVVKGjBuuCJ1XgEK/UfErmgndovUIJRVEGRvwWkqeDpE7dPvTbHoBVAyPHjnDqkW/l4hcn+a3fvU6t/m0MHzvJw29+O42DU6wUOSmOlcsX+fJnPs71S5/l0YeX+fCH9/HtHxjD62/jyhYPP/oQH/qvp/hn/+e/p3HoOMMHHmHhpVmSDgxpGjGGApUCpwXgYsFyV7eqhWoT1Q5g8LqXpbVj/NTPfZL9h3+Ca5fWqNtRUKXEoQa88yQYLEJVUop2yfNnnqNae4Dh4UqPpd7zphDUhH+wRhCbIj7h2uUruMUOQ2UaQzLFqV9HXehOSjWBMChYbGKxiSGRBBFwAz8WEZIkRU2gKyQ+48UXXmRteom6qVLiKa3nzgfvotJIgBIxth8aRADemBD6IeUN4eV2zF/U4HLL+aefJ7+6wpipIT6klsM7hOwk0Xtw6hAjJEmCFYNpea6cu0g+3WSYatCjiNk236tECoYuF4/FkyYpUGJEuhuq0RP20VhKpNJFysi8wZoKzaurzA3Pcey+o3Q6DidKaUpyhcSFENprmMyhgMbjhPCNUJIkwahl6eoiV569xFAnIdFuuOMpuwXpA+FcqaE/0ySlMKESAK9R9FEpNFIhFBIMmRjqmrF0dY6DJ/ZikhSrN+cWeCR43CYYZ9NzsxRFYwKmi1MG1dsGGflayTOPn+X+Nz1EZaxCadu4uMzmQCa2dx0nSh5VCQr15N4F2MGCMaaH5UGJNZbEpkGAIEIiRk3Ek+OirIqVMO5UJCSgdMBNFMWKkNqguLstpVcHw+0tDNWgzMsgX6JLlCy8YE3CiYfewPjYIVqLqyRpypE7TyGVjLJU0rzk4lOPc+YLv41b/Rwf+rEjfOd3Huf13wC+/ALGLoGUuNLwkz/5Hp4+P8NH/ug/ctejGdr0ZGrxzoP1VKsrNOovkWUzSLIa5Fx8qGkTyVGZZnSowHCQqv0Gfv6XvsDE1PuYvV4htUOoKrnPSRpVhhp1RKBod1idX6ZqKyRY1lY7XHz+Anc/eDcm6dcTefV4Y4IXASGVi6dc69BcWsP4yFrG0TGO2tgwJLJe/UE93oS/VYZT8rKgIoKXAsXFlHkSDZxSeoeqw0jC9avzXH9plpqpoHhy69h/+jCVkYyibGMMOOcityrqSfVoDgUYNyjVsDXaL0FIw2KYuzDNyrUFxqSG+DCYOxSQWrIssvu7p/mUQgqcK1GFxSvXWbm2RJUUUaVDidYslXoVawczgIIRj22klK7ElaFoXGMywBmFzFCK72FDWjooPDVJMapU1bIwfZ39J6co8AyNVrA6Ql0zWtebuFYIxbViqY43IBWceFLjoWIovcOvOeYuzkKrJPEZTpS25mQjNZJKgol7XPrYfcY6vHE4XxDmSZRQUaVIPONHplCrtJeadOZXsS5kkTsra6y1cmw1cPG2ZT9I8Fq9kV7k3i3O16rFZ2Hh8KJo4Sg6Jak3pBr+y9dKXjp3kTsePoUXGJqskVUThjRj9cpCxAENrmqo7x3D4cgoSROP0xzVZB0eiUgsPSuDR9mzBxESIcgdqSheFeccDhfpIDqQeAicROddXyBgC/KX3wH7IzHGbFm4YFSwIlhJcVnCxJ2nsAJ4T+EgweOWFnny07/P9HOf4djUS/zEz76ev/HdSn34Gby7hknavUcxdoGy/DQ/9d+/jgszMzz/wufJhh+JksUl9eGUhbnH+MbXLfAjP3w/neJ80LLqpV8Nwh72jKxQY5jf/qNFPvYJ8NUDeD8EKrS1TX3vCCfuOkmtUQc8Radk+qWrXHr+RYZMRiYJM5enOXLyKI2xeqhZlO5q3vVUNO6Kk+LKNmU7BxWcOlYl58T9pxneN4ra9aRKHeCYi1FsrJft7T4dV3jtppPFYG1Ke7ngwjMXSMtw/7YvqB8cZ8+xvZDEgmoBMcE4eTR4EFH9wloT6uB6WItuSQFQFCMW33Jce+ESDSqoeto4zHCVg0cPko3UyLIE4v26/qapClZC+DV9eSaoUqO0yKlPjbP/5EHSWgbJekMZcp0hZEyiAVP1ODxrFBw5eZLqeK3HfTJemLsyx+rl69giYMZlO2d1bY2h0SEOHtuPHhWqPuXZPz9D0c7D2K9Ypu6Yoj5ex4kbELcTVuZXWJ1dInUGJyXLZZsTD56mvncYm1lMlybTm0zxfHUY0yVOehxKYZU9dx3EVi2dxRYvPXmOcr4VoItI6jU2CQXAcrMilFjU2w071VPiqQzXOHTXEUwaQ3Dv6TQ7zL80S2t2mYyEihqWpq/TWj1ENlrj8KkjGAzFcs7izHWsCqUrMbUqU/cdRZJA79FIWeiKf3gCbuqjBxXGrPQE8EwP/Nf42zB+jTFIVK3tq53GbKsxgdM1aGN0INOu6yNCsy0zfRPGcNcdsx4ySUl9Ahri6DK8H1Y9+eI8n/mNX6Gz8Ie87RvX+OmfeZS7710kyc7h/RzGlDDAlxY62GSGw4dn+In/9hQ//c/O0fan8TKCaAfLItL5PD/5o2/kjmN/jmdmHcwtMftgOcBXnxF+/l88zuihH+bK9EjUZS8x9YSp04cZ2zuC8aEzK5UEc/wgS4sLtK6vkJiEBLj44kvcN3lftPgaB2IofO0aEhWhdB6XF4iGHE5Sz5g8vA+pBEdbZEOuerB0Q/sfTQmhiFdHGO7BGCYm4cWnz6ErHYSEtpaYsQpHTh8irQ7iSSaENQKCw0vQczcmbm2GCQNM4u4/upVDZcAkzM9fp1zrUJUQZrohw/EHTjCyp9EzwOEZ+/GtjxnQ1ZU2a8urNIylwOGrlqP3HCEbq4S+Mxt48ipBOUFAbJCh9hIwuxxHUq8ytncYHzlrRiz1kRpnFpZwyzmW0Aeu9FgjpJnBi2AclLjoIYZJRKrYSlDU6C673itrK2u4jiPFUGjJxPF9TJ0+hEqOJ6bs13Hgkt6c6HrMGrX9FUWtx1tLpZFhskBxMEKgoYSPgjFyU7BQRPDWgukuQcFwOOOojNZIKwJxgRvZM0x9bIjn/+Is+VLAhU2pTF+e5o6JOwKlw1hy4yM3PS4x4pEUkiyE1AEeMZH3HKgKatKQo5RIGu1xq0x4f42M9x6NwmOswXil1AANJCo4oaeoYIygfRwANaZH3+BGEdOdMNM3NAeZybDehItqX1lSFFIVfv/jv4FdPscHv/8U/90/2sfI6OPY5DxKCzHuRlqbOIQWxl7lgYeP8s53H+Y3f3ceKw3EeIx1PPKGhzl+7E5yP4/IPkQ8UKC6hmib1FdZae7jX/4fX4LqOyjSuyj9cgjxjKcxOUZ9zzAOF6IW9Rgx1BoZB44d5PnFc2G1E2G12Qxck0FIXXwI0TTB+TK43b3wLLxH0clxeU6Sdsl5AzlDCSyWQUk91ViELYGDFEp0FPWKVcNLz79Ia2GZVJPgKVWUvcf2k41Ucb5gnfaSBgxIYspa0bCCuyg9rNvH+j2PWTKuT18nxaA+eAjjByeoTlQpTB7xiv5YWIdtOaXdbOPyEsFQ+pLhyb2YahJwnQEhTh3wTlxPQim8p4rGkiDw4vC+wEkeE/oGEgPVBNfMewmVsiiix1LEkqQ4rY1HnMSQxKGahzS6CxtXdHKludrERg/HKzRGR0IG1keu0YB2kg4AKCo+GMBopEycC86VQazSe0qjFKlHPTgTS5y84Jy/6T64gV3mAiUo4oOqijeK1xIXIYiAoJZkoxljBya53pqGPNAzlpeX0dJHdn64TkgJJVHs0uN8EZIk3sXFzgcl3DgfQgpSY9LEB6qCupAZjrMkhHcuYsT90K+7IAfXP34TdfhY2UHPYN6Y/evhVAMlSjqAYG4I/fpOmNHg0mURhtau7pKG1RxfUrTaXJ9+jvc81ODDH3qIkbE/wJgrIO1oXPoqmWbdnoEeZQ1bmacxPIFIE9U2DsNCy3LH5Hv4mX91DWvuBClAS+rVgjtPVXjjAwfxK6v8i//5s/zxEyd4+L3fy2NfmQnsW8JESIcqJJlFnY9eRfBuEoGhWjXsIdgqsAittTXyPA+/p4welcZyl5LEJnhRktQiicGRY9SQlPDck+fYf3wKb2I2LIrZpVlKbbQWXGyJWjyqJKbvYXkNYLAYQ9HMmX7+MtJxKEJulOG9Yxw5fRinnV5hatcTCvykEEIR9bCtEawoxgR9di+yvRifGiwJrbVWmLQ4TCKMjtdJKyH8MN1MygDIKSJ4BWNTOs01bMwMqvdUkoyyE5VmYtmGmH4opWJw4qnVs3UlNaHg20VSY7duERCLSS3GhpAxldDPXW9FfAyX4u4vdMMRDeCwMUE2Wky4N8aTdzp9AyxQr9XorHQGtK+Cd9OlpDqCF1Ibsv3dkXAxM2iw8T6SQJF61hIfUvcmJB1sNzSSjSRPc2PwZ4J37FCSGGJqTF5056iNeFZqDdV6BWd8PyPoHN4r1pqI20Q4Q/uYJkYwNhgk072vRF0v7/AUlJQYYzEGUo3VGyJdEeyI2wY4JpHY1+ojeTbw3ZwQiKciGJNEQ7UhuJN+aVOYI5AOLBIu3jP6fyQbM0QmrvTio/vn6dPzu78xlrRapVod4dr0NT73+fN8+4EDVCvLYdCZVZBynRTL+vByjdHqMgf3T2DMciTi1Sk6KZ/502uIXQpa6AKoRbRNJbvA/okLHNk3yac/V+Ob3vdh8soUzfwKSTczZYS0koUYubeJgiJakhnDUFVIUkOxFgp68yKoKAw36iAeJz7iFPHja/CukjQlqVVoLa2RqJAINKfnOTs7h1+vxocaJallTB3Zz7ETB0mMJ0sgNWDpr64SSM9cePY8fq2kolCIIxmtceLeO3C+g9fyBlkzVe3xs4OMeklFYCiC1wWG3HUDiBuLS70PJNUyz3FOSUUC4GkstcxSzyx56SlK7S9M2gd5vQh4T7u5FrJ8zpEay+xLV7hy+TLeDGybJP2nKEWpjw/z8Dc9HFfg4Pl4HxYD1f5/XdlWH0PZULsXddDoh6ReB7zMyEtDutfVdeJ73kWgt8t6N/Dsl56m7BagSz+Z1AWVXaIcves4R08e66KCfXC5CzT7MDmPnTqCnAi4rheNiY1B7XbWA82Dmvn037uHATFgzFUHyLeKF4/JUrw1qAa8yeeeMs+RalBd6J0jPhpn33uWwYRZ1yA69bg4/43LqahnvFZh/55JnFraPuXp5Bk6IfjHa0w6RbikGxauQ8l7x3XTbLTgMV5JvVJLhKOHj2ATgxfLYqvFldk58jJ4dEn34wQqfF9KNEksUoY4XyMRryv5qmJwRnnLe76LL3781/nZf/IlzpwZ5/v+5lHuvm8UuIj66yBlr4MGK7sTOtSY4+D+fQyPtFhanEH0AAahwgj4Edbv9+TRPOfytZy51Rqv+5YfJJk6yPJqTqmulwIWa6hUomBaPM+oI02Uu08eZnWt4CtfOUseXV7vS7Is4dDRAyzOLeDVxYyGj+5tIC6mWULWqLBqwiAShUyERKPYFdpnfgsUec6V5kvUVHnkDfdweO8o4yMTLEx/PmANkXO1NL8I7Q6m9GEFMZ4DR6aojTYo8tWo+zVQuS6D63LkfbmC44cOcPLYJM12kyvzS1ydX6Asyhtq17pbdXULrr0rcXgSCZ7uieNHOHrnQa7OXOely1cGwuEb+S9lXmAjKG41fOpkYID2RQcCL65AqfjAC3cbaRISFxQZLPjrG6QQIprgXQ5U/EtPnEJ7GadBXfogdmhj4kGDAkW8qvVQ9YMVbQPAf8z8liqRVySxqL1fo4qRiOV4MguV0Vq8io1GzN9Q3xZ2Roo1neu2CVu/b9W6gqH12tihigHBxs1Tukbee0dZOLJqMpD8CGFvgB4GqhUHxpTpKrCb8A1Qz5AVTk7t5fTBvZRFznyrw8LsCkXZCTbCh/v63s5M9DS/umFemD/9SKxPlevjncZ7RqoV9g3VOHn0IFYMq60WlxeWuTY7R8crYoJMTdI72XRBQ3pb/ujApCBKZ0jsGGdg38lTPPLe7+HCU3v43/6vP+Cxxw3f8f5J3vb2+7nrwSr4syjXgGbQVu99sA7KNK+75zDf8+0Zv/GxzzM7fxBlBK8NROJ/1FAJA8XSQAWWm56LV5rcsZcoMRo+ZMiKOPBgxWI0Uv+94/DhQ4w06swtzARjFL0lDCw1V3nq3DkWV1fAmDhMYvgTd88xmWXq6BTtlSZLM/MBtI5uMQOyGakYUi9kCJTCzKVp7Dc8SFId4srMHM219sDeIYpNDKQJ3nQQr4hXlq5fxxUHY6bE9waAdEsZRHu1b9IjCyoXr0wzuzDLQrONZClWzOby7TGzVKsNRUwiDGaM4drcAvNulVarTWICaVIGCoX7NW1hvETkBhOF5pzRPkwwwPf3CIWECoEe0LfOS3S9TTVMnMTaxffw/Qks4ZtLVG7sUmx9XLUHpbKsMZHSIusysh6PxeBiYkMlTCLfTasOlNJ0IgrYy45Fz81IwPVCpo6BL0oPDDfSN0LdPhHfL1bWDXWHXaPrvcdpwL008vSkt32WDNR9a88bUqKsNQFr8kIvieVFe7sTSfd54z4DPZX9mABQCbDEyHCdwwcPcm1umrmFea4trdChEjmAuq7m3MSt5sI11u9x2LMZAyIE3WBOVEmtZWxkhFqtyuW5efKyYPb6IkutDppmmGiMBemHfhodP6MmcIG8xI84eMP+alkGt4sD9z/AnoOHePGr9/HYFz/BU0+d57c+do23v2OI93/bIe574A4wS6AzqLYQStASI5ap0WU++H13c+RAnSfOjrLcHMXpFGtrDZ5/YZHlZaXlYjlDOw/egCtZXVqitdamklawxlBqThK5WGW7g/WxSME7UgtF3ubSpavMzCzSbhfRG3GBiJZaNEkC1uQ9XsH5kEPyZWDnKgXDjYxT959k/vokRe4pOnkEYcOGqRZhdX6R9sIqqYbCiU6z4Oyz51kr2qyuNOnE+kCvgvOesfFhqsZyeWUZI2GFWb62yMVnz3P0riM4DcCtjaAwvmQoTSNW4KLksOHSzAyZdRQu6MtrGcMUWT+g8PTwNG/KyDwPK796YW5xhdHhCcQmuMHat4FNAYKh8ySVNHCTNAz4pD6ETUIaoWvuNQ7gsBAKdigLE707wdSFRAXRYMZKAEXxYkNI4R3qC7y3Qb7MhxDHuiLSSbJorDQWPfv+JO9OrIi0mmicIsLH0ESDQsuQTXVBttoh2DTQMqo2cPu6hcnda2oEm13eDt6EC76LWok1l0AZPNZQlRNmjxtgDGnglGBMEu2jH6jI1l7tae/Xg0RhC2WRo5FTh4RKiMQo4kqMF4zXWFwfXyHSG0LZhwMfiJ3Bs3HxHW2c+57nzr/I/PwsbV+iSSXwrdB4T9PDoPpha8DEyhiZhX05hdQYNCZcUA+lo7vpcWot8wuLTM85nBIxLkWz6rphp2iUbYJQFR1/bAyU3pEN2v0NgJNEsKvjPenEBCfe+GZOPvAgT37+D3ns3J9y5oVpPvqxKwzX5nj7W0/yN77jPRw8bKnVW2SVAiOOKkPsSaZ4/6NHedNdh/nKmYKP/OaX+Oyfnif3o/jKMG94+zuojY3x2Bf+grITJIHLvKBYy2mM16nVarSWO0EF0Sllu0XVgvEliSmx3jE/O02ZZMzOL1B0ipDqFo+pZKSVWMIRK9O77rbFs69Rp5YMIaIUhWPVCEO1SRw2ri5BTcCoo4rh8L438LnPfJEXz18KYjiqzC0sUR9vBP6ZaECanUdwpOI5dfoOFq9doj2/isGSFI65i1fZe2Afw+NDlEUbKUtSlDsOHaHd9DzmypAlQ1ALrXYHWxUS9VREGKoNBW8zCWFX6ZWVxSXqWUp9qIHHYGojWCu4sJkhrijptDshHdYjRut6WZaeIoRSr9e5qiUYIXcle/cd5HUP30tWoVeZj7U4Y+g4z9zSYljdO2sYB1bDwoANnvBQknDH3j0YKaI6QkpJwgX7LGsasobGKePVjHsPTiFFCEPK0vKUd7HwShHvaGQZiQiFdyExhGc4TagkhtWIsZSU3HXfgzz08L34TiuqWKT4JOXq3BxLq8soDmuULM9xGiZeGRd1A5w+cICxsRqmLNHE0MwLLl2+DM4zWqtxeP/R3kYKPa8p4n5OYGGtxczCEp1euBQDexmUu+lrSvVwHq/4vAgGhpAwaFQy7r/jDuoZYBPOvfASxpUIScSwYwavdAxbw4nDR8myjDW1PDGzzHnv0GDRKPKC8dEJRkcaNPM2Fy9fwWDju8TsZyzP8b67xZzipSQxJsAjCHvHRjlw4ABXLl3E5gWJwMlDB6nVaqgRVvOCl67N0PFlVOwweHMTwufGlLaIUPoSk2ShIj1mJm4ozzCx8LqSQWWCh971X/DQm9/LC09/maef+DO0dY1nLq7wHz7yKaqVBWqVFdJKpxe1lS6lXQzTbI3Syvez0p6kOnySt731fYwdOEi7kkElY2LfHqYvXQnlK6XDOE8tTRkbHaY9sxAHKeRrLcYaI+wZHcL4MlTWW6GZw7PPXw6rsSQonlolpV7JUNcJnoqPcKI4Emc4MDlJRXOMhq4v9yU8d+ky7ajMaQIxionhYQ5M7KFma9xx9ymee+4FUlvB4ylKx8TYOPv3TLC02I5JggSPo1ZJOXnyKInmfOr3Po2WgQjeWWnzwplz3PPQPSQJHJiYYM/YGBmGorka8Y9IpYi7Iu+f3MPkcC2qMRi8emauz7HcbOKd58jkHibHRkNmyVguTM8zsWecq9OLZJLhS8/y9UX2HdmPZEnMWPZpESFKVNSX1CtVRsbqoXo/FvG2Oy3GJocZrple/tkD11dWWFpdopoE7Gd0ZIRapc7ClYXeoBfxZIlhrFFHfBGTAsLV64uBBS9hB2sjnsxYhms1rA3XywsJm3TEELIsPCP1OkP1Gkur4fufPHocXyjXzr7Iss6FsiWvLK0uUqtneFsgJqXZLrgye4Wy6DBcs4xPTDA8NIRJq1y7ep1nxeMleNEWITFQiVm96ZlZlppNMlWOHj5MLbGkcds526WsxJhWRSiMjZ5libFJMAMmhJpWAzVA1cfMYswvKGRpxkh9lGfnn8a1cyyGUj311DBWryLtVTAG64KwIqLRwwze+ZGpA+wfGiLzJeo9qVcq1vbwCwVWVlsYm3L58mVWV5cYHmowse8wZ554ho7VoPMWd3bKrO2Fq0TPsmt0V1YWSa44tNPm0J49TI6MkEkIU2fmlpleXqIwBrFpz/s3W5bQRGiz51nR3dfLENa2DqlNMV56pSWDF9QojSI26FVTtWhliMNvfhNHvukRlq/PMH/lAstz0yzOXeHi/DV8WcbwwJJmQ4xO7Gfs5AGOHTjB5L4jNMb20yodbYTSCt6VrK2tolqGFKwKEyN1Th47hG+ucOWZ50PcjWHm6jTPnnuexsP3kki0/mq5vrjEM2eexWqQRsl9wR37Jzi+f5IssZxrPo/TMuJTcaeNskR9GfAMDB2NHJ6g8kdFEg5O7WOokiEelturzM7OolbwPmTsRuoNJoeHydRgXAB1S18EwiOOTmeN4yf+/9LOrMmy6kzPzxr2cMacax5UoAkQgpaE1HJ3hH3hCP8T/yL/BUfYF7633Q61HdGyjYUbIRBCiIaigKrKrJzPsIc1+WKtfc4+WYnUEb6hIMms3GcPa3/r+973eR9w59F9Hn/6JYUXaODy6RFn+zv89OdvsVPmBGuZuZbHR8/xMgkvkxXr9s0DDranWFNzOrtktphTVzVKCsaDAbdu7JPnOc4Hzhcznp2e0ijNzo1dHn/4GVrF6d/R108Zbk+49937OBURITK95GM/YcR0WJLnBYN8yO+KDFO3KATHL15w+OIUcW8PFcDYlqOzE+q6YVgOOZhOGY1iw9mYiNnxRD1UFIMEKhO3ecum5fjsPKbuOE/w0aLhFDTeMjcG2SQjtywJmUrb5IBpHc+PXnCgDyBIdrenzM7O2RlPuLG/w2d8gfSxd/X1V8/5/OtDhDS0xrCYL+P5OrjBqBxEnVHwOOcw1ibldtROOa9Z1A3m3DI7PcEbw+72NnvTaVxored0PqdtGrQI7E+nKBlbDK0PHB6fclYtU8shEFa6Q5/oDR0oLBC8RAbB9mTK7nSbj377MSfPjtAiSmksju2DbS7mM0bBJcpn7CM6EzVivm1p5kuWlxUz45gUJV5Di8CpOLns+rdffnPIB3/4EzoL3Lhxl8lwjPHRBeGcQyTApPAOYQxbgxw30igBPti0C9S0TUshFQ/v3aPUGd4Fztuap6fHVMbhtVwJQUTYFG9czQvS16lCO8GYl5LGWxCCTGrwafKyQdRhpTkJKmBwOOFogkNJgdy/yY0bt7hPRi40hdCYxkTZAYqqqnAu0PgW4z0vWs/zo+OVzB4pOXlxzOnhc4q8wIfAoMiZDAvq+QU3DvbIhxn1siFLAs//++5vqJYzDg72ETJQVQ3vv/chtjFkUkUVtoI33ngN4wx1vWBZVyShd2KDg/cROFYby+HZJefzBcu2iXmAUjDe2ePw6RESqKqay8sFH//+U3TiSAUFSgtm8znnzQmLapm+LnDBM18u+fKbbxDC8+CHr/D14SH2fIFGoLzg8z/+E6+++oh8Z8JifsHZbL66jB0RFAJVXfPk2ZLF4iJmMirFIC/YnkzZmo7xxnExn3Myu+RyuSRksd8w3pmwc+eA2fMzSiHIheSrTz9nsZixe2sfLWL/LdcZW8Mhp8sz6lHJaDomKMlkb8Ll1ydkSiOLgm1RAAAYeUlEQVSs5+//7lc8fPUhxaBAKInOM4ajEcbCixfnnJyeMRgOmC9qFlUVe22peb6ol/zpyWOEsyilGIxGTMbb5HnUMEWBqOCyWvDZl0/QpiETcOvWA/KywHFOLuPW9LPff4p1luEop7pYcP/ObdCKcmuMnhTYypB5OH1xyq/+7lfcf+UhOldsjae0beDk8IwX4YS6qWmxFIOSxaKNRnMhovpCwuHJCWWhGGea/f19BlmOcZaqbTk5P6c2lnFZMt3ZxipN4z113fD84pzKOtCd0TT6WHwyGak00Q3Gcnl0htSC7dGI08sj3v1v/8DJ85MEyogAQbTk4OYBZ6cnDLe3cC4wGA1j/7VtUSKKlL/+05fslUOyrRHn85psVHC6mHNRV4gyx7toNL44OeOD937H/Qe3mR1fgnO4IKlmi7XSSQS0FBxsbzOcjDl8/mJdlSVi7XQy4c7N22Bq5lXF+XzOyWIGuV7dg38JhNw1n7QMckV4fInNlLxldbC44FFSkwWdpl3Jo+TjFsSJgBOWOpjVw2hTDWgIVKFB+AbhY+yTzgu+evyE93/zXlz8Unffb0hPYxNfIxloncbp8SIUWc7l6TneO9766dv8+tf/C2GjuFQ4+O0/fogqcpRStFVFJjKUlHgCjXB854evIgrFV0eHOB+4aBtsUuYKH0NTjY+6qhezBf/11+9GJbfUidiZFLydNEEkQoPKUfFdjMpz8jxnXlVxCpdAaj5EoqITEtOR66TgzZ+8yXv//X/GNmTw1IuGX//Du7zzi7cZj0ru3rvP2fk8NtJFbAh7KTiZzRgPFFJpCi2YFiW7422kECznFXNjeXF5gVeCkOcrtKmUghsP73F6cooyDoWA1nP8+dc8+/zJqpHZ3RFt2/Dm3/48bg+D4P53H/HB4SnKRxmHqVr+8MEfMMiEnPZJ7xS3gfs39/hX//pf4nSGVGrFjLI+EifQGcNBwTgvmU63aY0nuMTuCgFPtM2oLGeYZexPpwwGA7b3t3ny5Am5zNAB7MWc37/7PnIQK5jLH73OT37yYxgWTG/scvLl03itZMbs8Jz3n0U9nOvEWl28Vi55/a03eP2Nu7T2NCJ60qxMBCiLnL3tCbtlSfCeWbXkbLHksl6ilGY4HjIZTqito3aO89mMWV3jsywtUqLr+mzILHwSSc9OTvngxVGkb7rYNy2kRou43XQisGgbXv/h69ze32d3NMA6R+0MsiwZTIacVRXKCZSDs6eH/P2zI0SusIXinb/5BcVYM9rdYrC3zfzolAGSzMLlsyM+ePY8DVtihZZJFXuvIvbJiixjbzLhvFpSNTU2uCQyBSUkSkiqtmW+mHN6eYmT4POspytJU9sr2Yb+Ghi07vQc3xa63Anh2hCQwURFtY8NU5XQJT54HBaLiw97d6G7iWqaHCqfTM5SgdIIJckyHakEawj0evwe1jHoLrgo2deCOw/usDUeEoyNK/fWNscnx3z4248odYaMzTdCa5KNQCJ8wAnH0lv27t3k1qO7HF+exwVa6yRiC8kuE21CTfDMFwvO5kuUzslVBLQpOkhdFgfY6TNGNnS8lY0IHGyPePXhPUZlgdaaL796FqdYEBEqPuJzFYIyV9z9zj2Ov/sKn338RwZaoaXk6Okzvvr6Jm/97C3Oq5qTy4u4FfUupj2HWHFoIRmXBZOyZFDkNNYxryoulgvqQPKSbZhxCMGzf3efm6d3+ObTzymDjohAETnyoa+9ECImoimNVxkqeCa7U+5//xGPP/mMPF3bTMYtQOg/8AiMDGgh2d89oK4blFY4b+J02VsUkp3RhMkgQyvNvKmZLVsa7yLvKE3scqHYGU+YZnG6djafsX/nJnysaFtLlhAxuQDbWKyIRNCnJyfY4HjwykOWFxfMjs/JpUYChcriva47tEp8eLyMEVN7u3uYqiUQsMEiQ0TtTKdbjMYjlsuKebVgVleYEAhZhkWytI7q9DRep0Qb8JmOSvmXcmO6V4JN/baYczxIAblCB0RQq4QZi2DR1hzcucVfvf0mk2FJ6x1ta7iollTGcvPubZ4/fYaUGcLHSi0AtnE0BFDx60VecOv2Df54/ILa+3iPCx81YSJqwyKSOPZqfZrKmhA4XSx4cX7GvFpifUR9h3TvzI3h2dkZdb2I4lQp1iz8K/E6gj8fNq/9S2kw375gRSaRRUjQKNqQHOsyqmXjyiivh9A7yJUiCzE6PaK3Yy6dcm69UAmxCl5YjXE7W4OS3H/0iPuP7uOdRQYf7ToB3n7rDYKU/O79D8giunSttBeBxlusgt37t/juj35AlpJ0ZYi2k1wrjDerBTHgODo7R3tLVhY4b7HWoLFroVt3U6VqUKSpqZegy5I3fvQa46JAGBMZ595hvKXyBidiH6vUmukgZ6gzlFS88eYbHD0/ZH56EplNSvCbf3wftTVid2+PC9PSiOjbcsSYsEIp9re2KJOl43y+YFbX1N5hZRwhdW/ttWM9/VN6XvneQ5QPPP3iK0xTr/U2fZ2xiH0nElZWhdiX/M6rD9ECHn/6T7R1HYcMQq6vXVhjZXy6kfEOH+K5aLzEuxatJdPhiOBaThczZm2LCWBwmBBH28FJyixnMhhiqgWz5ZKFtQgFb771Yz743/8H42WcsBJwAZyUOB8rcR88B/vb7PztX/PJR5/w5edf4K2PNIergQUiSj9EcCznC2azOa01NM4gsUiv8SFwdnlJtVjQeo+XamXBj8r7JM1IBAKv+qA4seFz6wwgIdmEfLLLRK+g3RDtBqANnoevPuSdd95hOCqpm4bLxZzW2rTtHfGjN1/n9PiYJ58/jjKXpOpyCLxVSO/IvWJ7MuXWj3cQzvHJHz7BtE28vuk6ymCTFix2FoOMk+TKtbw4OwetGQyHaYCSDP1o5qYldxaU6omGBddZkcO3wInCqke1wQa93jG4Yi2J9bjUsMk+ujbsoNvSJaSEB0xiJnlAjDTTezdXeI3VOLwjRPa+nuWKnZ0dHty9w7yaIxrNuCyjTMJbdJHz6PuPyIYlR88OOXx2yHKxjNqWPGfv3gEHN/e5ffsmWZERrEcHwWQ4Js9zmss5W7f3UVITXISKjfKcUT7ifLFgsDWGXMXtUTom1RMSdu5yqSTDsuTBg3uMx0NcG32FBvBas3v/DjrZOfZ2t9kejih0fEudnp8ikPz0nbf53YcfIZQiKEktAl88+wZfZGSDgsmNPcRkC5U0QYM8hqs21nB2cUHrXdxiSrHaUoieuG91iX2ELI/Lkvs//xmL117j8ZMnnMwvaa3F+bXVIwCFN6BEYmAHtA/sTCbc+6u3efN73+NPT55wfHGBtTZp0dYqZCckapDz9PQY07QYBfsP7pFpxdBbnAxc1EuWiwVNsDgZiQeDyZgdocjS9sAIz8liRjW7xPs4Jt8ajLj9g+9xc2uLzx9/ybyusd7j00Taq4D2nklesFUOUOWI3V++w+37d/n62XNa00ZqqfNIGfuHQUYYXI3j7OIcZ1u293coJgOCjN7Pw4tTyiKLD69iQ9TYjwVbR1JsXgPSJC/4wCgfUI5zQmpvBA/l9pTxeLLiF0CgzDOGZcmde3e5desGUisOz04w3hKMo5QZO+NtiqS3++tf/ozd2wd8c3iItVEQLQKMvGeS59wcj8nT5O21H7zKdH+Lw6Nj6rqN6JwQVqDIaGuK5yduHgI7gzEyzzgzZ3F7HrqCxcWwFhEIsl++/DOgjtcJlf/Nv3vvpa/3WdnfCqcI6zf01e976f/FgBmC82mVjvYGi4ofykdtThf9I/rS3tQnESEai3UIjPOCYZ5HgqEILF3LvKoxzjEaTchURr2sMdZSO0ttWrJhGYmdzqClZFSUDPIiWgikYlZXXJgGZz2lzhkVBaWWZAHm1nDWNnEC1Q9n6E5/SIzKpJAvtWJSFoyUJkvCuIVpOK4rTICBzhkOBuQiTtvatmbeLPFesD2coLTGhGgA9kpwsphhMClIIpYno3zAMMsj80oGbFWxaKoYmtElL199AVy5vsrDWGVslaPYV0sVyHlbMa8rfBArW1WsqOMGJROgbWB3NGIk81gRCMFJVbGwZuVT82KtzHYp3SeXHulgMBiR6wIhoA2WZT1HGLs+Zh/QOmNYDFAyJ0iP9Y75cray0WgE08GQocrTmD4wd47jxSxKZmJpReY9e8MBE52hXAIOWcuFaTFSxmo9iJREE++92rTJ2+vZHo4plcaGSEmYLWsaZ1IiTFi9aF9igotrwkF7/yF8IEcyKoaovMA1Lf/pP/6HiE3xnp27d/nZv/glRV6QpxCWTGskHmMamrrGhLhYSwnDrGCaD6MzIsQwiPO24twbrIifWRERR1vlkKHWDDsyQwgsrKUR4IRa3Td5liGRBBVY1hVVa2JgSpYzKQsGaSv77OiI//Gf/wvCOqwANRry47/5BZOtSTyW/99wB3FNOGC3+jm/eYNHJlKS4idTqLzm+2SK2+r+XCnqdT9pKKCJxuXMS4blABX8moPTwd96yvgAlDpPyGLP3LUs6oo29Xom5YCR0kjnGOU5FAOa4Fg2DV4GtJIUgyFaKGyIUVUuWJZVg3GOTAp2ywmFViAE1hou6wpjDLlU7JQlmVozioJPY+DOrJrc5F1V6H1gbmuWTYVznlxpdgaDOKpNacen1RzrLEIocqUopEa46KD3SrJoKrRvEAKUC5QqYzwYkGfxTV5bw/lsHt9cqtNWbcL8xEa4XCQORKimYqucIF0K6wwB6Rw7OmN7mtPFpvuUdjOrFzTOInxgbzSlFDKqslO5vVuWbFPgQowVCzJuYWpr4sQzOEoytqZjgo+j7GXTsDQ1Hht7nilTclQMGGYFAoEJlnkdF3OVFh8tNLvliByJsF1SDgyk4Pb2lJmpqdoaPEzykrEuwKwplJmU7A6Gqd/SbU8DbfBcLmYMPORaszWYxjmr89S25rJaxtCP1RAlbHj6ZPLFxoi1zYRl76MuSvj4fQOVM8oHkaTrfHJGJPy2AOEdgzxjnMXhiguCpp5TtTUuha1KESeHI10wKYYoF/u5cVdiKbOcKZLzakEhApiavckWAyFQzmF9SjQW8XiKTvqe9E6BQOsbFosl1jkGUjEexvsPIajbhoUxfPH06xjyEKJbQRGiXzh4xLcFkH4btaC/0IeePOFqxOEK/9btUbvCtfN+rQyNnT9T8OdiM/t/p08XTSYUbqFyhoMCFUS071wNwEz8cpsYTI01tM5QmyZWHFLgZdRQZTrDW5dWx+TTkzAos1i5JfRv6y2taamtiddECgqdMSyG6BDTdxtnWDZ1DCItC0ZF2WGkVhlTArm6CCFVAS5pvYyz1G2NlwEhFMVgwCDPkR6sib2ORdvgVSBoEeH4wzi16SKOnPe0bRMd7UJQ5iWjokQ4hzENy7pKFgeZelBiXcn68NLLx/c53T6QZzltqhxEL2DSOx8TopE4ETDWsjAVTgSkjHWdw9Nav9r++j63Korv8SJQtU2sTqRkPBiRSYUxFu89VVvTpJ6nTNFQmdQM8ggYsi6+TBZthZUky4dHScUwL7ERH7GRtN5az2JZU2Mi1iTdvXXbIhPyp1u4o00sbd6loG5balODCAyHIwqpcdbSek/d1rQh4nCC8LG32QUw9DA4orMZ4TaCHwRxmCCcJBOSMi/Isxxv4wDKekEbUoZ2Im164WhNw9IZbGtiHqaIPdDOm+gD5Eqj8pzGtOkllJ4bKZjXSyrXnYuA1JLgHQZSIHAiOvQS07sMRC8CbWOomhqlNINiQJFlUV1pDbP5gkUd74sXz58SnEXIeN+oQpOlxUz2XO1rrdTa0ymvSToMvepTxoVKXruohJ7L2l9h57zMOhL0B9nXOe6vhkh7INc5Uija1vT29WI9ZQodAydCzYyPal0bfDTt9tzmPsCsbSikjpTDVOV4F/fJ1jtMiv/uNDmo+BlzpZFSU5kWfHwwWxxCxymWkIplY1bdhvhx/WrrF5I73HqHI0o1vA8J+ypjCrMQLJs2PkymxeHxWTqXId7Ey7ZFuLX/1LlAm+gVOnnC5k1N8B7jLE5Ef9nK6tk7wTFbTWw2a3s3hFKSWb2kEopMqbXAsPfKCiJOF6N/S9Kfd5xXUe/V8YxEz/1PF7IQfLQaaYlUiqptqdIVsy7m7qHWk8FuMV00dcSlhIANDq/6seexYrlsKlRaIVa9QhHiwy4iz8qnKnfWVlRCIFAr2VJ334QE33Ih2YnTQKJqG5ahSbuCRCNNlNbQM2jT70WFsGJZdccZdZcS4QKZUGRCUuQFBEHbWhrb0uKwQmNMHVFDPg5snPDMTI3RGqHFmjrbS2L2RBGsqeYrcqZIB+ZF9OQKJVKqjsQFOGuWyVq0Nil3wSQigYf77YIsLyl0HtFIztF4x0Xb8NHHH3H8zTcEa3BtTRYCTgis0oy2pmRFGcW6q1TxHk5SsPJ4+pf4XC9HtWpSjqlI0zHRW8l8EKvRO4keycaFiqXt1Xy87iL2e/NrrCkrB3ttLI03iQSxuX1cA+XTG0pEkWVU7abeViq9IydcUDlLY210dCdDqhNduono3Vxi9SdAbS11fx8tY89FpJugsfal+URIrOsNwZoU68+tVKKFgneW1ti1r1wm1EmvErWIFFHUG050ok4l4nH4Xqh2OhfdhEp27KiN9N1ugiU3+mik3ydUrGJab9ZJ0CJKOVLjKepiEvHAp0w9hMelqkr0ZqBxzBWQQSYiZqzyhIiMLNGbAqPkhtyvQwiZtI1PJ4ogVSKXRia8Ct1MOE6CBdB2D1mIkLzoF4vXPIT4u0zy0a3vsbBqIoUOx5sWaR/d2+vvld3vjMdAOgekXAFWP5fkuGFtBJc+7hxyKclkHntyzmG8Ty+2gJHgZUjSni5huqNFCLySVxj4YkWO7YJhQ6/66N503f3Q/RlE91lkAkSK1RRYBsikQhMDcbskaSkjINA4h3UG4y0tkZ7ig8HOzhEqSilC8jAGNLcfPEAk1f2KG5bqW9/tynrSh6s2Ptlz1Hvh0UGo9V5QXOFcd5CvHmLi5UpKJhRH+PPRTL039eoBDzKC1hC92O6NJ78TcqXbR6xvsG4qKPz6rSyJI+l+ASn6uqGXt8QhJP2M7721k2hthdhQa2ib6Hm0pZAbELIV27y38AZErAjkZic1BLn2e3fH2C3+PeCc6NkqRJJchOvkI+lhF70m7pq2olJ4hdjAcISVnMStulldqnF3Dl5qIQiBT5UJKwbR+g0fZQFihYgJ3fep9QkXQlzTbGBtHekzZdbAo4QL6R1nj6UfwpWJGutzsaaNih54j5XLoqeNSdftyoutR0YNYo1cEemYr0pxVutsAKU0eZDRd4egcRaDx+AIukPAdAty1+/sCoWEMuqQPaEzfCeEjVxTKrrdiOvwQ6LHctuQmYhVRqMQAuFJVb8iFxKV9IBCCkyI1XTjXIxuS8fsuwdNBLrwzFVXxAcevvZ99m/eJDi3QvKsq07RG775dXz9lRZR6DG6AgK9qJoV+6d7k3eMdL9qnItVaXh97o3vTaLFP6/DL1Yqp/QB3Ea6bl+e0N0xQWyixrqtYTct7O7UdXW2zqTrpoeymzqmOHYhZcRfdBPH7sZG9BbwdXksrhzbJr1wHfAeErurN7rcSIERCUr0cqhVfFsH0SUV978pHeMVnGtE8spEc/zLpz5s/LxEdEktPTnBJuu+o4OG1ZuR7uEPvUW1B0VjJTNZn7XQe4PTq7BXF3PjOvZqh/59JzbmAhsBln/284rNZOKNY6UPZgprg9jGwtm9OP1LP3LdPF0IQZnliTTgCN5T2WalMvK9HUcE4EmstTAYE7yNl70csKgtRqVqMPTO6zWT9s1ncO3avWpT8d1zkJ6TQpf44GIvy4dV2pLzJmGt47a6s46FIOMWW+bxeJVEZjnD8ZC7d+6zd3CLRVXHyvyaUV1YHXC4lp9+FY0eBIiDf/vvQ1/x8XJ7Kz58ISWziNQLWReiKYQTjySm1YQ+w1Gswy77uivZS4LtmmrqynQg3gOJ2Y7/1o/SfVKR8sZC2iqIcP1Pdet/EOkN5cM1M09eqmr+YprIanPDansgRI96uCpS5QqTvH4I5cYCQrfFCOsOoBQ9aNn6q99+XvqdwX5EUUjl/5Xf17t31ot9d/38eoFZsyH9lbAjf81TK9aLLyFuHV86t2GjLxbSv6iuWu/dk+GatUGsmhfdMhrW8L3wcg9WpDpkHTzve3dG6MWMX8+eFxv3grjy2dd9yyiyXHvjYgRrqthYFz3xJzXIGJQaK9xo2jcmsq9UguH1dzsuiZW7yXM30eVbzk93Heh6qOkFJ0JME++YWF230KU+UEjXOqTP5wgEoVC5RKcCwjqLc3EAp7vkpV6Y67p9qRISZl0QrcqR4FfJT4T17gIC/w+ZoLI/2ue+GAAAAABJRU5ErkJggg==</mdui:Logo>
                    <mdui:InformationURL xml:lang="en">http://www.scptuj.si</mdui:InformationURL>
                    <mdui:InformationURL xml:lang="sl">http://www.scptuj.si</mdui:InformationURL>
                </mdui:UIInfo>
            </md:Extensions>
            <md:KeyDescriptor use="signing">
                <ds:KeyInfo>
                    <ds:X509Data>
                        <ds:X509Certificate>MIIGPTCCBCWgAwIBAgIJAK6vqafsmOe8MA0GCSqGSIb3DQEBBQUAMIG0MQswCQYDVQQGEwJTSTENMAsGA1UEBwwEUHR1ajFCMEAGA1UECgw5U0MgUHR1aixBcm5lc0FBSSBGZWRlcmF0aW9uIC0gUHJpbWFyeSBJZFAgb2YgT3JnYW5pemF0aW9uMTowOAYDVQQLDDFBcm5lc0FBSSBGZWRlcmF0aW9uIC0gUHJpbWFyeSBJZFAgb2YgT3JnYW5pemF0aW9uMRYwFAYDVQQDDA1pZHAuc2NwdHVqLnNpMB4XDTE1MDEwODA5MjgyMloXDTM1MDEwNzA5MjgyMlowgbQxCzAJBgNVBAYTAlNJMQ0wCwYDVQQHDARQdHVqMUIwQAYDVQQKDDlTQyBQdHVqLEFybmVzQUFJIEZlZGVyYXRpb24gLSBQcmltYXJ5IElkUCBvZiBPcmdhbml6YXRpb24xOjA4BgNVBAsMMUFybmVzQUFJIEZlZGVyYXRpb24gLSBQcmltYXJ5IElkUCBvZiBPcmdhbml6YXRpb24xFjAUBgNVBAMMDWlkcC5zY3B0dWouc2kwggIiMA0GCSqGSIb3DQEBAQUAA4ICDwAwggIKAoICAQDP/Wj/9glEDta/8/Hp6TT4BhedyepX76DqqUa9QXG1wyqRBbAU66KwUUC1E/xr80Z+oPXK5W2AzQQ9wLgJTQbNEVhWh5zFUzOlG/9xT8coKTpsiJ8qo9DC99GvyO1SbJjNDTSaK5JMoMu5Lb1q7+QzD+QWjMbIiqOzGouzVbxtrJ5gTpEJhr34kt3OjAGR0sWBlspKm1Aocdbn6yvgpL0TQ0Ei25+oAXEC/anAXvHzyLzdgYjsMW+mqDks9FuNyV98SCLPytZ0Ef/pIRT3rYx7pgLpnSagIcbVBKBpHSPyssIfMAgknvB+JrIoI2eRZ54zlac5RO6oXrFQyfc3glZRdWbaSWulpynjhxFCBPPJPuUdfO0It62fJrBu5VYuX20SXQhFpb22UqNcom9J8FuIH7pBrgC4j6RNJg7KtwefhG3SZ1Hh/vlZ4OlD3av9eLo4NQz8cgD/KHW52AiDQLc6tW9Ag5Yhyk9PERFzZa4em/poEywz5FsUjPGNmwo7jAmH7RwW8D9c3zt7oiUj89YeK45DlU8BrvMgWggxhXoEQFJ3o0PQpxkgloYkNnHD9M9D/RbANR9rR5u9wuuSi+VwwY5X76JeEpt7yk2Wqdh8IEcSD3ZZp1i8xejLbNEwqX+mAa6pXR+n/6+0vV1hI4DTtSj9LoR+qkpb54AaEGh9YQIDAQABo1AwTjAdBgNVHQ4EFgQUsGFsy7qHbZ5YYUahAVxhvAEFUSwwHwYDVR0jBBgwFoAUsGFsy7qHbZ5YYUahAVxhvAEFUSwwDAYDVR0TBAUwAwEB/zANBgkqhkiG9w0BAQUFAAOCAgEAggstfbPgOhidpE7Q58NY7/r/eO5/aNxjNSD4JB6d2IAia9yhyzMp2jsVMXDRQ8o98mZmHJYgdxicscIKGYD3yFJmfKfXKEx3mwCTbUsTjVNIZMDmuFZgVdnZYVyEx0zCDFwBkFmJfX4DOlxTeihwe6fNFlk8kdQWtsu2eRid44Kd8EWLeqIIraxMEpNgaAO+f2+lLMC6y+/Rdl4sWoUaZ3n7hBMiXAFyScjJpQ4XltO2DC8zKxUH87FEkPkrQRCMbbqbi0q1pzm5ICnPDVfGwn3T9lDdDolvvq3RthIS292ZMaRrqbWRA/jeO8b5qSHP/Afp9QjA6HqbM7EeqYTauJiuFqxNFIWhV+Vu+O6j9MWM7CI39KwinWkW6IpOCJQS5DZo0+J1Q4Tp6gpniEhGrAOUk5c5GN7ZolwMT8GwydoS3fOgNEZU4cDq4mh6SUFjhoYjz50R8JFsl5QPOIOekY/uEuJPtvljNvQEAVQHGtfJ7BCB3oKwMUOHWf4lp+p8/T1/Pxj2MrlE9yiAlGIm3ZjbzLc7oJiFDm+Lk3eLu+i1+221EBgBLiS6zVe6tPv9M1rzsxaGMXvAprDO7ybqJcsUZHrN+Jo5IBgmm2mzJqec01VivezLoRMBEQ+XLL9kog5pLm3wCNFye5PEFHZudV2NQPtiwyi9Jt6Y0s8OwJw=</ds:X509Certificate>
                    </ds:X509Data>
                </ds:KeyInfo>
            </md:KeyDescriptor>
            <md:KeyDescriptor use="encryption">
                <ds:KeyInfo>
                    <ds:X509Data>
                        <ds:X509Certificate>MIIGPTCCBCWgAwIBAgIJAK6vqafsmOe8MA0GCSqGSIb3DQEBBQUAMIG0MQswCQYDVQQGEwJTSTENMAsGA1UEBwwEUHR1ajFCMEAGA1UECgw5U0MgUHR1aixBcm5lc0FBSSBGZWRlcmF0aW9uIC0gUHJpbWFyeSBJZFAgb2YgT3JnYW5pemF0aW9uMTowOAYDVQQLDDFBcm5lc0FBSSBGZWRlcmF0aW9uIC0gUHJpbWFyeSBJZFAgb2YgT3JnYW5pemF0aW9uMRYwFAYDVQQDDA1pZHAuc2NwdHVqLnNpMB4XDTE1MDEwODA5MjgyMloXDTM1MDEwNzA5MjgyMlowgbQxCzAJBgNVBAYTAlNJMQ0wCwYDVQQHDARQdHVqMUIwQAYDVQQKDDlTQyBQdHVqLEFybmVzQUFJIEZlZGVyYXRpb24gLSBQcmltYXJ5IElkUCBvZiBPcmdhbml6YXRpb24xOjA4BgNVBAsMMUFybmVzQUFJIEZlZGVyYXRpb24gLSBQcmltYXJ5IElkUCBvZiBPcmdhbml6YXRpb24xFjAUBgNVBAMMDWlkcC5zY3B0dWouc2kwggIiMA0GCSqGSIb3DQEBAQUAA4ICDwAwggIKAoICAQDP/Wj/9glEDta/8/Hp6TT4BhedyepX76DqqUa9QXG1wyqRBbAU66KwUUC1E/xr80Z+oPXK5W2AzQQ9wLgJTQbNEVhWh5zFUzOlG/9xT8coKTpsiJ8qo9DC99GvyO1SbJjNDTSaK5JMoMu5Lb1q7+QzD+QWjMbIiqOzGouzVbxtrJ5gTpEJhr34kt3OjAGR0sWBlspKm1Aocdbn6yvgpL0TQ0Ei25+oAXEC/anAXvHzyLzdgYjsMW+mqDks9FuNyV98SCLPytZ0Ef/pIRT3rYx7pgLpnSagIcbVBKBpHSPyssIfMAgknvB+JrIoI2eRZ54zlac5RO6oXrFQyfc3glZRdWbaSWulpynjhxFCBPPJPuUdfO0It62fJrBu5VYuX20SXQhFpb22UqNcom9J8FuIH7pBrgC4j6RNJg7KtwefhG3SZ1Hh/vlZ4OlD3av9eLo4NQz8cgD/KHW52AiDQLc6tW9Ag5Yhyk9PERFzZa4em/poEywz5FsUjPGNmwo7jAmH7RwW8D9c3zt7oiUj89YeK45DlU8BrvMgWggxhXoEQFJ3o0PQpxkgloYkNnHD9M9D/RbANR9rR5u9wuuSi+VwwY5X76JeEpt7yk2Wqdh8IEcSD3ZZp1i8xejLbNEwqX+mAa6pXR+n/6+0vV1hI4DTtSj9LoR+qkpb54AaEGh9YQIDAQABo1AwTjAdBgNVHQ4EFgQUsGFsy7qHbZ5YYUahAVxhvAEFUSwwHwYDVR0jBBgwFoAUsGFsy7qHbZ5YYUahAVxhvAEFUSwwDAYDVR0TBAUwAwEB/zANBgkqhkiG9w0BAQUFAAOCAgEAggstfbPgOhidpE7Q58NY7/r/eO5/aNxjNSD4JB6d2IAia9yhyzMp2jsVMXDRQ8o98mZmHJYgdxicscIKGYD3yFJmfKfXKEx3mwCTbUsTjVNIZMDmuFZgVdnZYVyEx0zCDFwBkFmJfX4DOlxTeihwe6fNFlk8kdQWtsu2eRid44Kd8EWLeqIIraxMEpNgaAO+f2+lLMC6y+/Rdl4sWoUaZ3n7hBMiXAFyScjJpQ4XltO2DC8zKxUH87FEkPkrQRCMbbqbi0q1pzm5ICnPDVfGwn3T9lDdDolvvq3RthIS292ZMaRrqbWRA/jeO8b5qSHP/Afp9QjA6HqbM7EeqYTauJiuFqxNFIWhV+Vu+O6j9MWM7CI39KwinWkW6IpOCJQS5DZo0+J1Q4Tp6gpniEhGrAOUk5c5GN7ZolwMT8GwydoS3fOgNEZU4cDq4mh6SUFjhoYjz50R8JFsl5QPOIOekY/uEuJPtvljNvQEAVQHGtfJ7BCB3oKwMUOHWf4lp+p8/T1/Pxj2MrlE9yiAlGIm3ZjbzLc7oJiFDm+Lk3eLu+i1+221EBgBLiS6zVe6tPv9M1rzsxaGMXvAprDO7ybqJcsUZHrN+Jo5IBgmm2mzJqec01VivezLoRMBEQ+XLL9kog5pLm3wCNFye5PEFHZudV2NQPtiwyi9Jt6Y0s8OwJw=</ds:X509Certificate>
                    </ds:X509Data>
                </ds:KeyInfo>
            </md:KeyDescriptor>
            <md:SingleLogoutService Binding="urn:oasis:names:tc:SAML:2.0:bindings:HTTP-Redirect" Location="https://idp.scptuj.si/simplesaml/saml2/idp/SingleLogoutService.php"/>
            <md:NameIDFormat>urn:oasis:names:tc:SAML:2.0:nameid-format:transient</md:NameIDFormat>
            <md:SingleSignOnService Binding="urn:oasis:names:tc:SAML:2.0:bindings:HTTP-Redirect" Location="https://idp.scptuj.si/simplesaml/saml2/idp/SSOService.php"/>
        </md:IDPSSODescriptor>
        <md:Organization>
            <md:OrganizationName xml:lang="en">ŠOLSKI CENTER PTUJ</md:OrganizationName>
            <md:OrganizationName xml:lang="sl">ŠOLSKI CENTER PTUJ</md:OrganizationName>
            <md:OrganizationDisplayName xml:lang="en">ŠOLSKI CENTER PTUJ</md:OrganizationDisplayName>
            <md:OrganizationDisplayName xml:lang="sl">ŠOLSKI CENTER PTUJ</md:OrganizationDisplayName>
            <md:OrganizationURL xml:lang="en">http://www.scptuj.si</md:OrganizationURL>
            <md:OrganizationURL xml:lang="sl">http://www.scptuj.si</md:OrganizationURL>
        </md:Organization>
        <md:ContactPerson contactType="administrative">
            <md:GivenName>Branko</md:GivenName>
            <md:SurName>Kumer</md:SurName>
            <md:EmailAddress>mailto:branko.kumer@scptuj.si</md:EmailAddress>
        </md:ContactPerson>
        <md:ContactPerson contactType="support">
            <md:GivenName>Helpdesk</md:GivenName>
            <md:SurName>Helpdesk</md:SurName>
            <md:EmailAddress>mailto:marjan.ceh@scptuj.si</md:EmailAddress>
        </md:ContactPerson>
        <md:ContactPerson contactType="technical">
            <md:GivenName>Martin</md:GivenName>
            <md:SurName>Terbuc</md:SurName>
            <md:EmailAddress>mailto:martin.terbuc@scptuj.si</md:EmailAddress>
        </md:ContactPerson>
        <md:ContactPerson contactType="technical">
            <md:GivenName>Marjan</md:GivenName>
            <md:SurName>Čeh</md:SurName>
            <md:EmailAddress>mailto:marjan.ceh@scptuj.si</md:EmailAddress>
        </md:ContactPerson>
        <md:ContactPerson contactType="technical">
            <md:GivenName>CEH</md:GivenName>
            <md:SurName>Čeh</md:SurName>
            <md:EmailAddress>mailto:marjan.ceh@scptuj.si</md:EmailAddress>
        </md:ContactPerson>
    </md:EntityDescriptor>
    
</md:EntitiesDescriptor>