<?xml version="1.0" encoding="UTF-8"?>
<md:EntitiesDescriptor 
    xmlns:md="urn:oasis:names:tc:SAML:2.0:metadata" 
    xmlns:ds="http://www.w3.org/2000/09/xmldsig#" 
    xmlns:mdattr="urn:oasis:names:tc:SAML:metadata:attribute" 
    xmlns:mdrpi="urn:oasis:names:tc:SAML:metadata:rpi" 
    xmlns:mdui="urn:oasis:names:tc:SAML:metadata:ui" 
    xmlns:pyff="http://pyff-project.org/NS" 
    xmlns:saml="urn:oasis:names:tc:SAML:2.0:assertion" 
    xmlns:shibmd="urn:mace:shibboleth:metadata:1.0" 
    xmlns:xrd="http://docs.oasis-open.org/ns/xri/xrd-1.0" 
    ID="_20150727T122619Z" 
    Name="http://www.clarin.eu/spf" 
    cacheDuration="PT5H" 
    validUntil="2015-08-06T12:26:19Z">

    <md:EntityDescriptor entityID="https://weblogin.oeaw.ac.at/idp/shibboleth">
        <md:Extensions>
            <mdrpi:RegistrationInfo registrationAuthority="http://eduid.at" registrationInstant="2012-09-08T14:45:48Z"/>
        </md:Extensions>
        <md:IDPSSODescriptor protocolSupportEnumeration="urn:mace:shibboleth:1.0 urn:oasis:names:tc:SAML:1.1:protocol urn:oasis:names:tc:SAML:2.0:protocol">
            <md:Extensions>
                <shibmd:Scope regexp="false">oeaw.ac.at</shibmd:Scope>
                <mdui:UIInfo>
                    <mdui:DisplayName xml:lang="de">Ã–sterreichische Akademie der Wissenschaften</mdui:DisplayName>
                    <mdui:DisplayName xml:lang="en">Austrian Academy of Sciences</mdui:DisplayName>
                    <mdui:Logo height="61" width="64">https://weblogin.oeaw.ac.at/oeaw_logo_blau_small.jpg</mdui:Logo>
                    <mdui:Logo height="16" width="16">https://weblogin.oeaw.ac.at/favicon.ico</mdui:Logo>
                </mdui:UIInfo>
            </md:Extensions>
            <md:KeyDescriptor use="signing">
                <ds:KeyInfo>
                    <ds:X509Data>
                        <ds:X509Certificate>
                            MIIDODCCAiCgAwIBAgIVALf7C6xeEp3hZcWc2q36G5lcl+YGMA0GCSqGSIb3DQEB
                            BQUAMB4xHDAaBgNVBAMTE3dlYmxvZ2luLm9lYXcuYWMuYXQwHhcNMTIwODMwMDc1
                            MzM1WhcNMzIwODMwMDc1MzM1WjAeMRwwGgYDVQQDExN3ZWJsb2dpbi5vZWF3LmFj
                            LmF0MIIBIjANBgkqhkiG9w0BAQEFAAOCAQ8AMIIBCgKCAQEAxhOV1j7Jt12o+MXF
                            UuGM1PwDHCnxixBgTG85ootGbg5iA9xZeKHPaNIkzs/xLW5oKVhTxPRXS9U4XwKT
                            QOlAy/e+HPJegH5vGQMXQj69SOHfmBBjR0AC8zOzbquMyGXQh8sQaGfFoF/SXD0V
                            MF7Nv/9R8HRgzBSLFFP0recOcQ5xWcoY0IYr5ec+bx4GcF25YAyHELWKoYxEZqRF
                            Xg6OLdJX0j9+92eJCfOpLpYZ1mPdJJ0PoBG5l5zifJZAMApEtHHAOGuXBuYdhRIc
                            XYWWhnc0y97ir1uwQJvj/WJkrFzzMSepm3hon+x8lHzyBFkaO5k4I23lPCTd6W61
                            0y+igQIDAQABo20wazBKBgNVHREEQzBBghN3ZWJsb2dpbi5vZWF3LmFjLmF0hipo
                            dHRwczovL3dlYmxvZ2luLm9lYXcuYWMuYXQvaWRwL3NoaWJib2xldGgwHQYDVR0O
                            BBYEFJOJBkjEzzn5ToMeyeFdVIqmGMEhMA0GCSqGSIb3DQEBBQUAA4IBAQBmB3F4
                            eGtxxuCHTBF85+c+B0uWfvEI1FnK5PHktWiRPzk7BwLhS8Q9a+37wI/vzcNGTfTS
                            JR9nUPdy3YBDJY1b43qkU+kCIg1Ks7HfU3zgL/Fx1c+i0JOcZGCKggZiGYJmX4S/
                            oW+/z9n7h4poUibmEOfe4ntmHSUe+plURXv58sPuNXLTivpQVi7X4xIuOH/4BLzR
                            OXz1n4GCdEcsvMgyi46s/iDjCY0feDvNSO6g1r6KavMHF6w4wJKbHr9P8i5HwX69
                            a7x3bxld0FXan9G9xYl2pkFcxu04jaz9BopLlZMuHLa4BZmxnOBwqfC9ZfGin5ZF
                            4YMnE8tQvIaUjiYE</ds:X509Certificate>
                    </ds:X509Data>
                </ds:KeyInfo>
            </md:KeyDescriptor>
            <md:ArtifactResolutionService Binding="urn:oasis:names:tc:SAML:1.0:bindings:SOAP-binding" Location="https://weblogin.oeaw.ac.at:8443/idp/profile/SAML1/SOAP/ArtifactResolution" index="1"/>
            <md:ArtifactResolutionService Binding="urn:oasis:names:tc:SAML:2.0:bindings:SOAP" Location="https://weblogin.oeaw.ac.at:8443/idp/profile/SAML2/SOAP/ArtifactResolution" index="2"/>
            <md:NameIDFormat>urn:mace:shibboleth:1.0:nameIdentifier</md:NameIDFormat>
            <md:NameIDFormat>urn:oasis:names:tc:SAML:2.0:nameid-format:transient</md:NameIDFormat>
            <md:SingleSignOnService Binding="urn:mace:shibboleth:1.0:profiles:AuthnRequest" Location="https://weblogin.oeaw.ac.at/idp/profile/Shibboleth/SSO"/>
            <md:SingleSignOnService Binding="urn:oasis:names:tc:SAML:2.0:bindings:HTTP-POST" Location="https://weblogin.oeaw.ac.at/idp/profile/SAML2/POST/SSO"/>
            <md:SingleSignOnService Binding="urn:oasis:names:tc:SAML:2.0:bindings:HTTP-POST-SimpleSign" Location="https://weblogin.oeaw.ac.at/idp/profile/SAML2/POST-SimpleSign/SSO"/>
            <md:SingleSignOnService Binding="urn:oasis:names:tc:SAML:2.0:bindings:HTTP-Redirect" Location="https://weblogin.oeaw.ac.at/idp/profile/SAML2/Redirect/SSO"/>
        </md:IDPSSODescriptor>    
    </md:EntityDescriptor>

</md:EntitiesDescriptor>