<?xml version="1.0"?>
<md:EntitiesDescriptor xmlns:md="urn:oasis:names:tc:SAML:2.0:metadata" xmlns:mdui="urn:oasis:names:tc:SAML:metadata:ui" ID="CORTO0e7bc26f45ef446bd9512564e4db3a6ad270b9c6">
    <ds:Signature xmlns:ds="http://www.w3.org/2000/09/xmldsig#">
        <ds:SignedInfo xmlns:ds="http://www.w3.org/2000/09/xmldsig#">
            <ds:CanonicalizationMethod Algorithm="http://www.w3.org/2001/10/xml-exc-c14n#"/>
            <ds:SignatureMethod Algorithm="http://www.w3.org/2000/09/xmldsig#rsa-sha1"/>
            <ds:Reference URI="#CORTO0e7bc26f45ef446bd9512564e4db3a6ad270b9c6">
                <ds:Transforms>
                    <ds:Transform Algorithm="http://www.w3.org/2000/09/xmldsig#enveloped-signature"/>
                    <ds:Transform Algorithm="http://www.w3.org/2001/10/xml-exc-c14n#"/>
                </ds:Transforms>
                <ds:DigestMethod Algorithm="http://www.w3.org/2000/09/xmldsig#sha1"/>
                <ds:DigestValue>1CRpo+ORhbg2APClMHiHkzjqLSw=</ds:DigestValue>
            </ds:Reference>
        </ds:SignedInfo>
        <ds:SignatureValue>DhhBEl11ah1GblAkJRDAu9pDu6zl336URgQkvmDcUh7NG9X4UUOCL+G0zYBZixK/tkceO3dDzDs+MkSe/PNgo+shyjwckc3tZxZS0bLOCLz6VbY3S/zzCnMkNo7NRQtZD84IlzzTA3ReY2QelRwWaQeRyzVCoLs56LohKuBZUgYicHHq3GPArMKyT+vRaDqkbWRa+JmjG9Ehh+BJVRyELUuRKNv6X5HSFX6Tdybio5EAKS4/KLJsev7GtIl+bgXoVDAWHCps7MJSE5L93ZWTj1MUOJCVY50t9f4YcBdWMjuyO178h+lDmU/RJf5G/p4pLs88jMZQt53DQp815V94mQ==</ds:SignatureValue>
        <ds:KeyInfo>
            <ds:X509Data>
                <ds:X509Certificate>MIIDyzCCArOgAwIBAgIJAMzixtXMUH1NMA0GCSqGSIb3DQEBBQUAMHwxCzAJBgNV
                    BAYTAk5MMRAwDgYDVQQIDAdVdHJlY2h0MRAwDgYDVQQHDAdVdHJlY2h0MRUwEwYD
                    VQQKDAxTVVJGbmV0IEIuVi4xEzARBgNVBAsMClNVUkZjb25leHQxHTAbBgNVBAMM
                    FGVuZ2luZS5zdXJmY29uZXh0Lm5sMB4XDTExMDEyNDEwMTg1N1oXDTIxMDEyMzEw
                    MTg1N1owfDELMAkGA1UEBhMCTkwxEDAOBgNVBAgMB1V0cmVjaHQxEDAOBgNVBAcM
                    B1V0cmVjaHQxFTATBgNVBAoMDFNVUkZuZXQgQi5WLjETMBEGA1UECwwKU1VSRmNv
                    bmV4dDEdMBsGA1UEAwwUZW5naW5lLnN1cmZjb25leHQubmwwggEiMA0GCSqGSIb3
                    DQEBAQUAA4IBDwAwggEKAoIBAQDMJ6v+f3owS3KR5IXSil+3XFwGvCVeYx3jDOFK
                    AnwvXlDpTu+t730b8/spHtlopyJVAlb6qBIPN7R4TGTLqiu0zebYsYx/PtqCk5cb
                    u9qs3h+p2BBoTXVwXA/ZYi0tqtxp04hcNrRj1TAgLyC0S+KASTF+zzccAcjTBid5
                    EMioo+YllgSEobWJ4X33XVRqNrikAPDsNmDrdKUi257JSO2xhVIG5lbtmDaL5ORC
                    D56oRmVdp7VQTEQ3Yass8J5Rn+Ub6WmRBYeG+KzFBvtyBput2o0/gvtJn9L+NWeD
                    B0LyUPaUYG/X4GF14FcmFQfz7I5jBCNHtPcLJbPYbZKQNhz/AgMBAAGjUDBOMB0G
                    A1UdDgQWBBS9QqP8gtMM6nm4oYzNbgqhEDP1aDAfBgNVHSMEGDAWgBS9QqP8gtMM
                    6nm4oYzNbgqhEDP1aDAMBgNVHRMEBTADAQH/MA0GCSqGSIb3DQEBBQUAA4IBAQBH
                    2qyYwLwesIOxUTj+NJ0VXRBDH8VecNLiUUs9Np4x8A0pxLvlNnv5TdJAruEg1LSV
                    mAqqPUdAB2m7CKDeUVM9cwOB7vqelV2GNgOfevXi+DZRMffyyE8qyIcnTqvDOgcR
                    8qGTPSVT+SIsOkV9bYrjltrbnal7cJermsA8SC5w/pjLaOHI1xIZHquZzymWoN3Z
                    fz2CQg2r5o+AURYd74GrHhHqVa9VrdWtcimB+vTQQihoLt8YciehpJjOMpx2D66e
                    FfpC8ix31RRdjAVIo1y33h1yU3gEHePDbOthZE+lpXi2WJqO85H85LqJOtgn2WPI
                    3P2Tx32Cq1WXCYkxLaPI
</ds:X509Certificate>
            </ds:X509Data>
        </ds:KeyInfo>
    </ds:Signature>
    <md:EntityDescriptor validUntil="2013-01-30T11:03:12Z" entityID="https://login.demo.surfconext.nl/simplesaml/saml2/idp/metadata.php">
        <md:IDPSSODescriptor protocolSupportEnumeration="urn:oasis:names:tc:SAML:2.0:protocol">
            <md:Extensions>
                <mdui:UIInfo>
                    <mdui:Description xml:lang="nl">An IdP operated by Henny Bekker, for testing purposes. Also known as SURFdrops IdP</mdui:Description>
                    <mdui:Description xml:lang="en">An IdP operated by Henny Bekker, for testing purposes. Also known as SURFdrops IdP</mdui:Description>
                    <mdui:Logo height="74" width="180">https://beta.surfnet.nl/coin/SURFdrops.jpg</mdui:Logo>
                    <mdui:Keywords xml:lang="nl">HeBe Mobile Demo</mdui:Keywords>
                    <mdui:Keywords xml:lang="en">HeBe Mobile Demo IdP</mdui:Keywords>
                </mdui:UIInfo>
            </md:Extensions>
            <md:KeyDescriptor xmlns:ds="http://www.w3.org/2000/09/xmldsig#" use="signing">
                <ds:KeyInfo>
                    <ds:X509Data>
                        <ds:X509Certificate>MIIDyzCCArOgAwIBAgIJAMzixtXMUH1NMA0GCSqGSIb3DQEBBQUAMHwxCzAJBgNV
                            BAYTAk5MMRAwDgYDVQQIDAdVdHJlY2h0MRAwDgYDVQQHDAdVdHJlY2h0MRUwEwYD
                            VQQKDAxTVVJGbmV0IEIuVi4xEzARBgNVBAsMClNVUkZjb25leHQxHTAbBgNVBAMM
                            FGVuZ2luZS5zdXJmY29uZXh0Lm5sMB4XDTExMDEyNDEwMTg1N1oXDTIxMDEyMzEw
                            MTg1N1owfDELMAkGA1UEBhMCTkwxEDAOBgNVBAgMB1V0cmVjaHQxEDAOBgNVBAcM
                            B1V0cmVjaHQxFTATBgNVBAoMDFNVUkZuZXQgQi5WLjETMBEGA1UECwwKU1VSRmNv
                            bmV4dDEdMBsGA1UEAwwUZW5naW5lLnN1cmZjb25leHQubmwwggEiMA0GCSqGSIb3
                            DQEBAQUAA4IBDwAwggEKAoIBAQDMJ6v+f3owS3KR5IXSil+3XFwGvCVeYx3jDOFK
                            AnwvXlDpTu+t730b8/spHtlopyJVAlb6qBIPN7R4TGTLqiu0zebYsYx/PtqCk5cb
                            u9qs3h+p2BBoTXVwXA/ZYi0tqtxp04hcNrRj1TAgLyC0S+KASTF+zzccAcjTBid5
                            EMioo+YllgSEobWJ4X33XVRqNrikAPDsNmDrdKUi257JSO2xhVIG5lbtmDaL5ORC
                            D56oRmVdp7VQTEQ3Yass8J5Rn+Ub6WmRBYeG+KzFBvtyBput2o0/gvtJn9L+NWeD
                            B0LyUPaUYG/X4GF14FcmFQfz7I5jBCNHtPcLJbPYbZKQNhz/AgMBAAGjUDBOMB0G
                            A1UdDgQWBBS9QqP8gtMM6nm4oYzNbgqhEDP1aDAfBgNVHSMEGDAWgBS9QqP8gtMM
                            6nm4oYzNbgqhEDP1aDAMBgNVHRMEBTADAQH/MA0GCSqGSIb3DQEBBQUAA4IBAQBH
                            2qyYwLwesIOxUTj+NJ0VXRBDH8VecNLiUUs9Np4x8A0pxLvlNnv5TdJAruEg1LSV
                            mAqqPUdAB2m7CKDeUVM9cwOB7vqelV2GNgOfevXi+DZRMffyyE8qyIcnTqvDOgcR
                            8qGTPSVT+SIsOkV9bYrjltrbnal7cJermsA8SC5w/pjLaOHI1xIZHquZzymWoN3Z
                            fz2CQg2r5o+AURYd74GrHhHqVa9VrdWtcimB+vTQQihoLt8YciehpJjOMpx2D66e
                            FfpC8ix31RRdjAVIo1y33h1yU3gEHePDbOthZE+lpXi2WJqO85H85LqJOtgn2WPI
                            3P2Tx32Cq1WXCYkxLaPI
</ds:X509Certificate>
                    </ds:X509Data>
                </ds:KeyInfo>
            </md:KeyDescriptor>
            <md:KeyDescriptor xmlns:ds="http://www.w3.org/2000/09/xmldsig#" use="encryption">
                <ds:KeyInfo>
                    <ds:X509Data>
                        <ds:X509Certificate>MIIDyzCCArOgAwIBAgIJAMzixtXMUH1NMA0GCSqGSIb3DQEBBQUAMHwxCzAJBgNV
                            BAYTAk5MMRAwDgYDVQQIDAdVdHJlY2h0MRAwDgYDVQQHDAdVdHJlY2h0MRUwEwYD
                            VQQKDAxTVVJGbmV0IEIuVi4xEzARBgNVBAsMClNVUkZjb25leHQxHTAbBgNVBAMM
                            FGVuZ2luZS5zdXJmY29uZXh0Lm5sMB4XDTExMDEyNDEwMTg1N1oXDTIxMDEyMzEw
                            MTg1N1owfDELMAkGA1UEBhMCTkwxEDAOBgNVBAgMB1V0cmVjaHQxEDAOBgNVBAcM
                            B1V0cmVjaHQxFTATBgNVBAoMDFNVUkZuZXQgQi5WLjETMBEGA1UECwwKU1VSRmNv
                            bmV4dDEdMBsGA1UEAwwUZW5naW5lLnN1cmZjb25leHQubmwwggEiMA0GCSqGSIb3
                            DQEBAQUAA4IBDwAwggEKAoIBAQDMJ6v+f3owS3KR5IXSil+3XFwGvCVeYx3jDOFK
                            AnwvXlDpTu+t730b8/spHtlopyJVAlb6qBIPN7R4TGTLqiu0zebYsYx/PtqCk5cb
                            u9qs3h+p2BBoTXVwXA/ZYi0tqtxp04hcNrRj1TAgLyC0S+KASTF+zzccAcjTBid5
                            EMioo+YllgSEobWJ4X33XVRqNrikAPDsNmDrdKUi257JSO2xhVIG5lbtmDaL5ORC
                            D56oRmVdp7VQTEQ3Yass8J5Rn+Ub6WmRBYeG+KzFBvtyBput2o0/gvtJn9L+NWeD
                            B0LyUPaUYG/X4GF14FcmFQfz7I5jBCNHtPcLJbPYbZKQNhz/AgMBAAGjUDBOMB0G
                            A1UdDgQWBBS9QqP8gtMM6nm4oYzNbgqhEDP1aDAfBgNVHSMEGDAWgBS9QqP8gtMM
                            6nm4oYzNbgqhEDP1aDAMBgNVHRMEBTADAQH/MA0GCSqGSIb3DQEBBQUAA4IBAQBH
                            2qyYwLwesIOxUTj+NJ0VXRBDH8VecNLiUUs9Np4x8A0pxLvlNnv5TdJAruEg1LSV
                            mAqqPUdAB2m7CKDeUVM9cwOB7vqelV2GNgOfevXi+DZRMffyyE8qyIcnTqvDOgcR
                            8qGTPSVT+SIsOkV9bYrjltrbnal7cJermsA8SC5w/pjLaOHI1xIZHquZzymWoN3Z
                            fz2CQg2r5o+AURYd74GrHhHqVa9VrdWtcimB+vTQQihoLt8YciehpJjOMpx2D66e
                            FfpC8ix31RRdjAVIo1y33h1yU3gEHePDbOthZE+lpXi2WJqO85H85LqJOtgn2WPI
                            3P2Tx32Cq1WXCYkxLaPI
</ds:X509Certificate>
                    </ds:X509Data>
                </ds:KeyInfo>
            </md:KeyDescriptor>
            <md:NameIDFormat>urn:oasis:names:tc:SAML:2.0:nameid-format:transient</md:NameIDFormat>
            <md:SingleSignOnService Binding="urn:oasis:names:tc:SAML:2.0:bindings:HTTP-Redirect" Location="https://engine.surfconext.nl/authentication/idp/single-sign-on/5db826deeb5f4d6de0075b4b32c36c6c"/>
        </md:IDPSSODescriptor>
    </md:EntityDescriptor>
    <md:EntityDescriptor validUntil="2013-01-30T11:03:12Z" entityID="http://www.surfnet.nl/test">
        <md:IDPSSODescriptor protocolSupportEnumeration="urn:oasis:names:tc:SAML:2.0:protocol">
            <md:Extensions>
                <mdui:UIInfo>
                    <mdui:DisplayName xml:lang="nl">SURFnet BV - This IdP is for testing only</mdui:DisplayName>
                    <mdui:DisplayName xml:lang="en">SURFnet BV - This IdP is for testing only</mdui:DisplayName>
                    <mdui:Description xml:lang="nl">SURFnet BV - This IdP is for testing only</mdui:Description>
                    <mdui:Description xml:lang="en">SURFnet BV - This IdP is for testing only</mdui:Description>
                    <mdui:Logo height="60" width="120">https://wayf.surfnet.nl/federate/surfnet/img/logo/surfnet.png</mdui:Logo>
                    <mdui:Keywords xml:lang="nl">SURFNET</mdui:Keywords>
                    <mdui:Keywords xml:lang="en">SURFNET</mdui:Keywords>
                </mdui:UIInfo>
            </md:Extensions>
            <md:KeyDescriptor xmlns:ds="http://www.w3.org/2000/09/xmldsig#" use="signing">
                <ds:KeyInfo>
                    <ds:X509Data>
                        <ds:X509Certificate>MIIDyzCCArOgAwIBAgIJAMzixtXMUH1NMA0GCSqGSIb3DQEBBQUAMHwxCzAJBgNV
                            BAYTAk5MMRAwDgYDVQQIDAdVdHJlY2h0MRAwDgYDVQQHDAdVdHJlY2h0MRUwEwYD
                            VQQKDAxTVVJGbmV0IEIuVi4xEzARBgNVBAsMClNVUkZjb25leHQxHTAbBgNVBAMM
                            FGVuZ2luZS5zdXJmY29uZXh0Lm5sMB4XDTExMDEyNDEwMTg1N1oXDTIxMDEyMzEw
                            MTg1N1owfDELMAkGA1UEBhMCTkwxEDAOBgNVBAgMB1V0cmVjaHQxEDAOBgNVBAcM
                            B1V0cmVjaHQxFTATBgNVBAoMDFNVUkZuZXQgQi5WLjETMBEGA1UECwwKU1VSRmNv
                            bmV4dDEdMBsGA1UEAwwUZW5naW5lLnN1cmZjb25leHQubmwwggEiMA0GCSqGSIb3
                            DQEBAQUAA4IBDwAwggEKAoIBAQDMJ6v+f3owS3KR5IXSil+3XFwGvCVeYx3jDOFK
                            AnwvXlDpTu+t730b8/spHtlopyJVAlb6qBIPN7R4TGTLqiu0zebYsYx/PtqCk5cb
                            u9qs3h+p2BBoTXVwXA/ZYi0tqtxp04hcNrRj1TAgLyC0S+KASTF+zzccAcjTBid5
                            EMioo+YllgSEobWJ4X33XVRqNrikAPDsNmDrdKUi257JSO2xhVIG5lbtmDaL5ORC
                            D56oRmVdp7VQTEQ3Yass8J5Rn+Ub6WmRBYeG+KzFBvtyBput2o0/gvtJn9L+NWeD
                            B0LyUPaUYG/X4GF14FcmFQfz7I5jBCNHtPcLJbPYbZKQNhz/AgMBAAGjUDBOMB0G
                            A1UdDgQWBBS9QqP8gtMM6nm4oYzNbgqhEDP1aDAfBgNVHSMEGDAWgBS9QqP8gtMM
                            6nm4oYzNbgqhEDP1aDAMBgNVHRMEBTADAQH/MA0GCSqGSIb3DQEBBQUAA4IBAQBH
                            2qyYwLwesIOxUTj+NJ0VXRBDH8VecNLiUUs9Np4x8A0pxLvlNnv5TdJAruEg1LSV
                            mAqqPUdAB2m7CKDeUVM9cwOB7vqelV2GNgOfevXi+DZRMffyyE8qyIcnTqvDOgcR
                            8qGTPSVT+SIsOkV9bYrjltrbnal7cJermsA8SC5w/pjLaOHI1xIZHquZzymWoN3Z
                            fz2CQg2r5o+AURYd74GrHhHqVa9VrdWtcimB+vTQQihoLt8YciehpJjOMpx2D66e
                            FfpC8ix31RRdjAVIo1y33h1yU3gEHePDbOthZE+lpXi2WJqO85H85LqJOtgn2WPI
                            3P2Tx32Cq1WXCYkxLaPI
</ds:X509Certificate>
                    </ds:X509Data>
                </ds:KeyInfo>
            </md:KeyDescriptor>
            <md:KeyDescriptor xmlns:ds="http://www.w3.org/2000/09/xmldsig#" use="encryption">
                <ds:KeyInfo>
                    <ds:X509Data>
                        <ds:X509Certificate>MIIDyzCCArOgAwIBAgIJAMzixtXMUH1NMA0GCSqGSIb3DQEBBQUAMHwxCzAJBgNV
                            BAYTAk5MMRAwDgYDVQQIDAdVdHJlY2h0MRAwDgYDVQQHDAdVdHJlY2h0MRUwEwYD
                            VQQKDAxTVVJGbmV0IEIuVi4xEzARBgNVBAsMClNVUkZjb25leHQxHTAbBgNVBAMM
                            FGVuZ2luZS5zdXJmY29uZXh0Lm5sMB4XDTExMDEyNDEwMTg1N1oXDTIxMDEyMzEw
                            MTg1N1owfDELMAkGA1UEBhMCTkwxEDAOBgNVBAgMB1V0cmVjaHQxEDAOBgNVBAcM
                            B1V0cmVjaHQxFTATBgNVBAoMDFNVUkZuZXQgQi5WLjETMBEGA1UECwwKU1VSRmNv
                            bmV4dDEdMBsGA1UEAwwUZW5naW5lLnN1cmZjb25leHQubmwwggEiMA0GCSqGSIb3
                            DQEBAQUAA4IBDwAwggEKAoIBAQDMJ6v+f3owS3KR5IXSil+3XFwGvCVeYx3jDOFK
                            AnwvXlDpTu+t730b8/spHtlopyJVAlb6qBIPN7R4TGTLqiu0zebYsYx/PtqCk5cb
                            u9qs3h+p2BBoTXVwXA/ZYi0tqtxp04hcNrRj1TAgLyC0S+KASTF+zzccAcjTBid5
                            EMioo+YllgSEobWJ4X33XVRqNrikAPDsNmDrdKUi257JSO2xhVIG5lbtmDaL5ORC
                            D56oRmVdp7VQTEQ3Yass8J5Rn+Ub6WmRBYeG+KzFBvtyBput2o0/gvtJn9L+NWeD
                            B0LyUPaUYG/X4GF14FcmFQfz7I5jBCNHtPcLJbPYbZKQNhz/AgMBAAGjUDBOMB0G
                            A1UdDgQWBBS9QqP8gtMM6nm4oYzNbgqhEDP1aDAfBgNVHSMEGDAWgBS9QqP8gtMM
                            6nm4oYzNbgqhEDP1aDAMBgNVHRMEBTADAQH/MA0GCSqGSIb3DQEBBQUAA4IBAQBH
                            2qyYwLwesIOxUTj+NJ0VXRBDH8VecNLiUUs9Np4x8A0pxLvlNnv5TdJAruEg1LSV
                            mAqqPUdAB2m7CKDeUVM9cwOB7vqelV2GNgOfevXi+DZRMffyyE8qyIcnTqvDOgcR
                            8qGTPSVT+SIsOkV9bYrjltrbnal7cJermsA8SC5w/pjLaOHI1xIZHquZzymWoN3Z
                            fz2CQg2r5o+AURYd74GrHhHqVa9VrdWtcimB+vTQQihoLt8YciehpJjOMpx2D66e
                            FfpC8ix31RRdjAVIo1y33h1yU3gEHePDbOthZE+lpXi2WJqO85H85LqJOtgn2WPI
                            3P2Tx32Cq1WXCYkxLaPI
</ds:X509Certificate>
                    </ds:X509Data>
                </ds:KeyInfo>
            </md:KeyDescriptor>
            <md:NameIDFormat>urn:oasis:names:tc:SAML:2.0:nameid-format:transient</md:NameIDFormat>
            <md:SingleSignOnService Binding="urn:oasis:names:tc:SAML:2.0:bindings:HTTP-Redirect" Location="https://engine.surfconext.nl/authentication/idp/single-sign-on/dedd75c2157a751113666d7888b2f2cd"/>
        </md:IDPSSODescriptor>
    </md:EntityDescriptor>
    <md:EntityDescriptor validUntil="2013-01-30T11:03:12Z" entityID="http://adfs2.cito.nl/adfs/services/trust">
        <md:IDPSSODescriptor protocolSupportEnumeration="urn:oasis:names:tc:SAML:2.0:protocol">
            <md:Extensions>
                <mdui:UIInfo>
                    <mdui:DisplayName xml:lang="nl">Cito</mdui:DisplayName>
                    <mdui:DisplayName xml:lang="en">Cito</mdui:DisplayName>
                    <mdui:Description xml:lang="nl">Cito</mdui:Description>
                    <mdui:Description xml:lang="en">Cito</mdui:Description>
                    <mdui:Keywords xml:lang="nl">cito</mdui:Keywords>
                    <mdui:Keywords xml:lang="en">cito</mdui:Keywords>
                </mdui:UIInfo>
            </md:Extensions>
            <md:KeyDescriptor xmlns:ds="http://www.w3.org/2000/09/xmldsig#" use="signing">
                <ds:KeyInfo>
                    <ds:X509Data>
                        <ds:X509Certificate>MIIDyzCCArOgAwIBAgIJAMzixtXMUH1NMA0GCSqGSIb3DQEBBQUAMHwxCzAJBgNV
                            BAYTAk5MMRAwDgYDVQQIDAdVdHJlY2h0MRAwDgYDVQQHDAdVdHJlY2h0MRUwEwYD
                            VQQKDAxTVVJGbmV0IEIuVi4xEzARBgNVBAsMClNVUkZjb25leHQxHTAbBgNVBAMM
                            FGVuZ2luZS5zdXJmY29uZXh0Lm5sMB4XDTExMDEyNDEwMTg1N1oXDTIxMDEyMzEw
                            MTg1N1owfDELMAkGA1UEBhMCTkwxEDAOBgNVBAgMB1V0cmVjaHQxEDAOBgNVBAcM
                            B1V0cmVjaHQxFTATBgNVBAoMDFNVUkZuZXQgQi5WLjETMBEGA1UECwwKU1VSRmNv
                            bmV4dDEdMBsGA1UEAwwUZW5naW5lLnN1cmZjb25leHQubmwwggEiMA0GCSqGSIb3
                            DQEBAQUAA4IBDwAwggEKAoIBAQDMJ6v+f3owS3KR5IXSil+3XFwGvCVeYx3jDOFK
                            AnwvXlDpTu+t730b8/spHtlopyJVAlb6qBIPN7R4TGTLqiu0zebYsYx/PtqCk5cb
                            u9qs3h+p2BBoTXVwXA/ZYi0tqtxp04hcNrRj1TAgLyC0S+KASTF+zzccAcjTBid5
                            EMioo+YllgSEobWJ4X33XVRqNrikAPDsNmDrdKUi257JSO2xhVIG5lbtmDaL5ORC
                            D56oRmVdp7VQTEQ3Yass8J5Rn+Ub6WmRBYeG+KzFBvtyBput2o0/gvtJn9L+NWeD
                            B0LyUPaUYG/X4GF14FcmFQfz7I5jBCNHtPcLJbPYbZKQNhz/AgMBAAGjUDBOMB0G
                            A1UdDgQWBBS9QqP8gtMM6nm4oYzNbgqhEDP1aDAfBgNVHSMEGDAWgBS9QqP8gtMM
                            6nm4oYzNbgqhEDP1aDAMBgNVHRMEBTADAQH/MA0GCSqGSIb3DQEBBQUAA4IBAQBH
                            2qyYwLwesIOxUTj+NJ0VXRBDH8VecNLiUUs9Np4x8A0pxLvlNnv5TdJAruEg1LSV
                            mAqqPUdAB2m7CKDeUVM9cwOB7vqelV2GNgOfevXi+DZRMffyyE8qyIcnTqvDOgcR
                            8qGTPSVT+SIsOkV9bYrjltrbnal7cJermsA8SC5w/pjLaOHI1xIZHquZzymWoN3Z
                            fz2CQg2r5o+AURYd74GrHhHqVa9VrdWtcimB+vTQQihoLt8YciehpJjOMpx2D66e
                            FfpC8ix31RRdjAVIo1y33h1yU3gEHePDbOthZE+lpXi2WJqO85H85LqJOtgn2WPI
                            3P2Tx32Cq1WXCYkxLaPI
</ds:X509Certificate>
                    </ds:X509Data>
                </ds:KeyInfo>
            </md:KeyDescriptor>
            <md:KeyDescriptor xmlns:ds="http://www.w3.org/2000/09/xmldsig#" use="encryption">
                <ds:KeyInfo>
                    <ds:X509Data>
                        <ds:X509Certificate>MIIDyzCCArOgAwIBAgIJAMzixtXMUH1NMA0GCSqGSIb3DQEBBQUAMHwxCzAJBgNV
                            BAYTAk5MMRAwDgYDVQQIDAdVdHJlY2h0MRAwDgYDVQQHDAdVdHJlY2h0MRUwEwYD
                            VQQKDAxTVVJGbmV0IEIuVi4xEzARBgNVBAsMClNVUkZjb25leHQxHTAbBgNVBAMM
                            FGVuZ2luZS5zdXJmY29uZXh0Lm5sMB4XDTExMDEyNDEwMTg1N1oXDTIxMDEyMzEw
                            MTg1N1owfDELMAkGA1UEBhMCTkwxEDAOBgNVBAgMB1V0cmVjaHQxEDAOBgNVBAcM
                            B1V0cmVjaHQxFTATBgNVBAoMDFNVUkZuZXQgQi5WLjETMBEGA1UECwwKU1VSRmNv
                            bmV4dDEdMBsGA1UEAwwUZW5naW5lLnN1cmZjb25leHQubmwwggEiMA0GCSqGSIb3
                            DQEBAQUAA4IBDwAwggEKAoIBAQDMJ6v+f3owS3KR5IXSil+3XFwGvCVeYx3jDOFK
                            AnwvXlDpTu+t730b8/spHtlopyJVAlb6qBIPN7R4TGTLqiu0zebYsYx/PtqCk5cb
                            u9qs3h+p2BBoTXVwXA/ZYi0tqtxp04hcNrRj1TAgLyC0S+KASTF+zzccAcjTBid5
                            EMioo+YllgSEobWJ4X33XVRqNrikAPDsNmDrdKUi257JSO2xhVIG5lbtmDaL5ORC
                            D56oRmVdp7VQTEQ3Yass8J5Rn+Ub6WmRBYeG+KzFBvtyBput2o0/gvtJn9L+NWeD
                            B0LyUPaUYG/X4GF14FcmFQfz7I5jBCNHtPcLJbPYbZKQNhz/AgMBAAGjUDBOMB0G
                            A1UdDgQWBBS9QqP8gtMM6nm4oYzNbgqhEDP1aDAfBgNVHSMEGDAWgBS9QqP8gtMM
                            6nm4oYzNbgqhEDP1aDAMBgNVHRMEBTADAQH/MA0GCSqGSIb3DQEBBQUAA4IBAQBH
                            2qyYwLwesIOxUTj+NJ0VXRBDH8VecNLiUUs9Np4x8A0pxLvlNnv5TdJAruEg1LSV
                            mAqqPUdAB2m7CKDeUVM9cwOB7vqelV2GNgOfevXi+DZRMffyyE8qyIcnTqvDOgcR
                            8qGTPSVT+SIsOkV9bYrjltrbnal7cJermsA8SC5w/pjLaOHI1xIZHquZzymWoN3Z
                            fz2CQg2r5o+AURYd74GrHhHqVa9VrdWtcimB+vTQQihoLt8YciehpJjOMpx2D66e
                            FfpC8ix31RRdjAVIo1y33h1yU3gEHePDbOthZE+lpXi2WJqO85H85LqJOtgn2WPI
                            3P2Tx32Cq1WXCYkxLaPI
</ds:X509Certificate>
                    </ds:X509Data>
                </ds:KeyInfo>
            </md:KeyDescriptor>
            <md:NameIDFormat>urn:oasis:names:tc:SAML:2.0:nameid-format:transient</md:NameIDFormat>
            <md:SingleSignOnService Binding="urn:oasis:names:tc:SAML:2.0:bindings:HTTP-Redirect" Location="https://engine.surfconext.nl/authentication/idp/single-sign-on/b6dcca08852d4131ee33fa6e84d2ef65"/>
        </md:IDPSSODescriptor>
    </md:EntityDescriptor>
    <md:EntityDescriptor validUntil="2013-01-30T11:03:12Z" entityID="https://engine.surfconext.nl/authentication/idp/metadata/vo:nmc-dsp">
        <md:IDPSSODescriptor protocolSupportEnumeration="urn:oasis:names:tc:SAML:2.0:protocol">
            <md:Extensions>
                <mdui:UIInfo>
                    <mdui:DisplayName xml:lang="nl">VO Netherlands Metabolomics Centre</mdui:DisplayName>
                    <mdui:DisplayName xml:lang="en">VO Netherlands Metabolomics Centre</mdui:DisplayName>
                    <mdui:Description xml:lang="nl">VO Netherlands Metabolomics Centre</mdui:Description>
                    <mdui:Description xml:lang="en">VO Netherlands Metabolomics Centre</mdui:Description>
                    <mdui:Keywords xml:lang="nl">Netherlands Metabolomics Centre NBIC </mdui:Keywords>
                    <mdui:Keywords xml:lang="en">Netherlands Metabolomics Centre NBIC</mdui:Keywords>
                </mdui:UIInfo>
            </md:Extensions>
            <md:KeyDescriptor xmlns:ds="http://www.w3.org/2000/09/xmldsig#" use="signing">
                <ds:KeyInfo>
                    <ds:X509Data>
                        <ds:X509Certificate>MIIDyzCCArOgAwIBAgIJAMzixtXMUH1NMA0GCSqGSIb3DQEBBQUAMHwxCzAJBgNV
                            BAYTAk5MMRAwDgYDVQQIDAdVdHJlY2h0MRAwDgYDVQQHDAdVdHJlY2h0MRUwEwYD
                            VQQKDAxTVVJGbmV0IEIuVi4xEzARBgNVBAsMClNVUkZjb25leHQxHTAbBgNVBAMM
                            FGVuZ2luZS5zdXJmY29uZXh0Lm5sMB4XDTExMDEyNDEwMTg1N1oXDTIxMDEyMzEw
                            MTg1N1owfDELMAkGA1UEBhMCTkwxEDAOBgNVBAgMB1V0cmVjaHQxEDAOBgNVBAcM
                            B1V0cmVjaHQxFTATBgNVBAoMDFNVUkZuZXQgQi5WLjETMBEGA1UECwwKU1VSRmNv
                            bmV4dDEdMBsGA1UEAwwUZW5naW5lLnN1cmZjb25leHQubmwwggEiMA0GCSqGSIb3
                            DQEBAQUAA4IBDwAwggEKAoIBAQDMJ6v+f3owS3KR5IXSil+3XFwGvCVeYx3jDOFK
                            AnwvXlDpTu+t730b8/spHtlopyJVAlb6qBIPN7R4TGTLqiu0zebYsYx/PtqCk5cb
                            u9qs3h+p2BBoTXVwXA/ZYi0tqtxp04hcNrRj1TAgLyC0S+KASTF+zzccAcjTBid5
                            EMioo+YllgSEobWJ4X33XVRqNrikAPDsNmDrdKUi257JSO2xhVIG5lbtmDaL5ORC
                            D56oRmVdp7VQTEQ3Yass8J5Rn+Ub6WmRBYeG+KzFBvtyBput2o0/gvtJn9L+NWeD
                            B0LyUPaUYG/X4GF14FcmFQfz7I5jBCNHtPcLJbPYbZKQNhz/AgMBAAGjUDBOMB0G
                            A1UdDgQWBBS9QqP8gtMM6nm4oYzNbgqhEDP1aDAfBgNVHSMEGDAWgBS9QqP8gtMM
                            6nm4oYzNbgqhEDP1aDAMBgNVHRMEBTADAQH/MA0GCSqGSIb3DQEBBQUAA4IBAQBH
                            2qyYwLwesIOxUTj+NJ0VXRBDH8VecNLiUUs9Np4x8A0pxLvlNnv5TdJAruEg1LSV
                            mAqqPUdAB2m7CKDeUVM9cwOB7vqelV2GNgOfevXi+DZRMffyyE8qyIcnTqvDOgcR
                            8qGTPSVT+SIsOkV9bYrjltrbnal7cJermsA8SC5w/pjLaOHI1xIZHquZzymWoN3Z
                            fz2CQg2r5o+AURYd74GrHhHqVa9VrdWtcimB+vTQQihoLt8YciehpJjOMpx2D66e
                            FfpC8ix31RRdjAVIo1y33h1yU3gEHePDbOthZE+lpXi2WJqO85H85LqJOtgn2WPI
                            3P2Tx32Cq1WXCYkxLaPI
</ds:X509Certificate>
                    </ds:X509Data>
                </ds:KeyInfo>
            </md:KeyDescriptor>
            <md:KeyDescriptor xmlns:ds="http://www.w3.org/2000/09/xmldsig#" use="encryption">
                <ds:KeyInfo>
                    <ds:X509Data>
                        <ds:X509Certificate>MIIDyzCCArOgAwIBAgIJAMzixtXMUH1NMA0GCSqGSIb3DQEBBQUAMHwxCzAJBgNV
                            BAYTAk5MMRAwDgYDVQQIDAdVdHJlY2h0MRAwDgYDVQQHDAdVdHJlY2h0MRUwEwYD
                            VQQKDAxTVVJGbmV0IEIuVi4xEzARBgNVBAsMClNVUkZjb25leHQxHTAbBgNVBAMM
                            FGVuZ2luZS5zdXJmY29uZXh0Lm5sMB4XDTExMDEyNDEwMTg1N1oXDTIxMDEyMzEw
                            MTg1N1owfDELMAkGA1UEBhMCTkwxEDAOBgNVBAgMB1V0cmVjaHQxEDAOBgNVBAcM
                            B1V0cmVjaHQxFTATBgNVBAoMDFNVUkZuZXQgQi5WLjETMBEGA1UECwwKU1VSRmNv
                            bmV4dDEdMBsGA1UEAwwUZW5naW5lLnN1cmZjb25leHQubmwwggEiMA0GCSqGSIb3
                            DQEBAQUAA4IBDwAwggEKAoIBAQDMJ6v+f3owS3KR5IXSil+3XFwGvCVeYx3jDOFK
                            AnwvXlDpTu+t730b8/spHtlopyJVAlb6qBIPN7R4TGTLqiu0zebYsYx/PtqCk5cb
                            u9qs3h+p2BBoTXVwXA/ZYi0tqtxp04hcNrRj1TAgLyC0S+KASTF+zzccAcjTBid5
                            EMioo+YllgSEobWJ4X33XVRqNrikAPDsNmDrdKUi257JSO2xhVIG5lbtmDaL5ORC
                            D56oRmVdp7VQTEQ3Yass8J5Rn+Ub6WmRBYeG+KzFBvtyBput2o0/gvtJn9L+NWeD
                            B0LyUPaUYG/X4GF14FcmFQfz7I5jBCNHtPcLJbPYbZKQNhz/AgMBAAGjUDBOMB0G
                            A1UdDgQWBBS9QqP8gtMM6nm4oYzNbgqhEDP1aDAfBgNVHSMEGDAWgBS9QqP8gtMM
                            6nm4oYzNbgqhEDP1aDAMBgNVHRMEBTADAQH/MA0GCSqGSIb3DQEBBQUAA4IBAQBH
                            2qyYwLwesIOxUTj+NJ0VXRBDH8VecNLiUUs9Np4x8A0pxLvlNnv5TdJAruEg1LSV
                            mAqqPUdAB2m7CKDeUVM9cwOB7vqelV2GNgOfevXi+DZRMffyyE8qyIcnTqvDOgcR
                            8qGTPSVT+SIsOkV9bYrjltrbnal7cJermsA8SC5w/pjLaOHI1xIZHquZzymWoN3Z
                            fz2CQg2r5o+AURYd74GrHhHqVa9VrdWtcimB+vTQQihoLt8YciehpJjOMpx2D66e
                            FfpC8ix31RRdjAVIo1y33h1yU3gEHePDbOthZE+lpXi2WJqO85H85LqJOtgn2WPI
                            3P2Tx32Cq1WXCYkxLaPI
</ds:X509Certificate>
                    </ds:X509Data>
                </ds:KeyInfo>
            </md:KeyDescriptor>
            <md:NameIDFormat>urn:oasis:names:tc:SAML:2.0:nameid-format:transient</md:NameIDFormat>
            <md:SingleSignOnService Binding="urn:oasis:names:tc:SAML:2.0:bindings:HTTP-Redirect" Location="https://engine.surfconext.nl/authentication/idp/single-sign-on/118c5605599bf269a24f0befe93cfcb1"/>
        </md:IDPSSODescriptor>
    </md:EntityDescriptor>
    <md:EntityDescriptor validUntil="2013-01-30T11:03:12Z" entityID="https://demo.iwelcome.nl:443/am">
        <md:IDPSSODescriptor protocolSupportEnumeration="urn:oasis:names:tc:SAML:2.0:protocol">
            <md:Extensions>
                <mdui:UIInfo>
                    <mdui:Description xml:lang="nl">Lowlands e-University demo environment</mdui:Description>
                    <mdui:Description xml:lang="en">Lowlands e-University demo environment</mdui:Description>
                    <mdui:Logo height="35" width="108">https://wayf-test.surfnet.nl/federate/surfnet/img/logo/lowlands.png</mdui:Logo>
                    <mdui:Keywords xml:lang="en">lowlands e-university demo</mdui:Keywords>
                </mdui:UIInfo>
            </md:Extensions>
            <md:KeyDescriptor xmlns:ds="http://www.w3.org/2000/09/xmldsig#" use="signing">
                <ds:KeyInfo>
                    <ds:X509Data>
                        <ds:X509Certificate>MIIDyzCCArOgAwIBAgIJAMzixtXMUH1NMA0GCSqGSIb3DQEBBQUAMHwxCzAJBgNV
                            BAYTAk5MMRAwDgYDVQQIDAdVdHJlY2h0MRAwDgYDVQQHDAdVdHJlY2h0MRUwEwYD
                            VQQKDAxTVVJGbmV0IEIuVi4xEzARBgNVBAsMClNVUkZjb25leHQxHTAbBgNVBAMM
                            FGVuZ2luZS5zdXJmY29uZXh0Lm5sMB4XDTExMDEyNDEwMTg1N1oXDTIxMDEyMzEw
                            MTg1N1owfDELMAkGA1UEBhMCTkwxEDAOBgNVBAgMB1V0cmVjaHQxEDAOBgNVBAcM
                            B1V0cmVjaHQxFTATBgNVBAoMDFNVUkZuZXQgQi5WLjETMBEGA1UECwwKU1VSRmNv
                            bmV4dDEdMBsGA1UEAwwUZW5naW5lLnN1cmZjb25leHQubmwwggEiMA0GCSqGSIb3
                            DQEBAQUAA4IBDwAwggEKAoIBAQDMJ6v+f3owS3KR5IXSil+3XFwGvCVeYx3jDOFK
                            AnwvXlDpTu+t730b8/spHtlopyJVAlb6qBIPN7R4TGTLqiu0zebYsYx/PtqCk5cb
                            u9qs3h+p2BBoTXVwXA/ZYi0tqtxp04hcNrRj1TAgLyC0S+KASTF+zzccAcjTBid5
                            EMioo+YllgSEobWJ4X33XVRqNrikAPDsNmDrdKUi257JSO2xhVIG5lbtmDaL5ORC
                            D56oRmVdp7VQTEQ3Yass8J5Rn+Ub6WmRBYeG+KzFBvtyBput2o0/gvtJn9L+NWeD
                            B0LyUPaUYG/X4GF14FcmFQfz7I5jBCNHtPcLJbPYbZKQNhz/AgMBAAGjUDBOMB0G
                            A1UdDgQWBBS9QqP8gtMM6nm4oYzNbgqhEDP1aDAfBgNVHSMEGDAWgBS9QqP8gtMM
                            6nm4oYzNbgqhEDP1aDAMBgNVHRMEBTADAQH/MA0GCSqGSIb3DQEBBQUAA4IBAQBH
                            2qyYwLwesIOxUTj+NJ0VXRBDH8VecNLiUUs9Np4x8A0pxLvlNnv5TdJAruEg1LSV
                            mAqqPUdAB2m7CKDeUVM9cwOB7vqelV2GNgOfevXi+DZRMffyyE8qyIcnTqvDOgcR
                            8qGTPSVT+SIsOkV9bYrjltrbnal7cJermsA8SC5w/pjLaOHI1xIZHquZzymWoN3Z
                            fz2CQg2r5o+AURYd74GrHhHqVa9VrdWtcimB+vTQQihoLt8YciehpJjOMpx2D66e
                            FfpC8ix31RRdjAVIo1y33h1yU3gEHePDbOthZE+lpXi2WJqO85H85LqJOtgn2WPI
                            3P2Tx32Cq1WXCYkxLaPI
</ds:X509Certificate>
                    </ds:X509Data>
                </ds:KeyInfo>
            </md:KeyDescriptor>
            <md:KeyDescriptor xmlns:ds="http://www.w3.org/2000/09/xmldsig#" use="encryption">
                <ds:KeyInfo>
                    <ds:X509Data>
                        <ds:X509Certificate>MIIDyzCCArOgAwIBAgIJAMzixtXMUH1NMA0GCSqGSIb3DQEBBQUAMHwxCzAJBgNV
                            BAYTAk5MMRAwDgYDVQQIDAdVdHJlY2h0MRAwDgYDVQQHDAdVdHJlY2h0MRUwEwYD
                            VQQKDAxTVVJGbmV0IEIuVi4xEzARBgNVBAsMClNVUkZjb25leHQxHTAbBgNVBAMM
                            FGVuZ2luZS5zdXJmY29uZXh0Lm5sMB4XDTExMDEyNDEwMTg1N1oXDTIxMDEyMzEw
                            MTg1N1owfDELMAkGA1UEBhMCTkwxEDAOBgNVBAgMB1V0cmVjaHQxEDAOBgNVBAcM
                            B1V0cmVjaHQxFTATBgNVBAoMDFNVUkZuZXQgQi5WLjETMBEGA1UECwwKU1VSRmNv
                            bmV4dDEdMBsGA1UEAwwUZW5naW5lLnN1cmZjb25leHQubmwwggEiMA0GCSqGSIb3
                            DQEBAQUAA4IBDwAwggEKAoIBAQDMJ6v+f3owS3KR5IXSil+3XFwGvCVeYx3jDOFK
                            AnwvXlDpTu+t730b8/spHtlopyJVAlb6qBIPN7R4TGTLqiu0zebYsYx/PtqCk5cb
                            u9qs3h+p2BBoTXVwXA/ZYi0tqtxp04hcNrRj1TAgLyC0S+KASTF+zzccAcjTBid5
                            EMioo+YllgSEobWJ4X33XVRqNrikAPDsNmDrdKUi257JSO2xhVIG5lbtmDaL5ORC
                            D56oRmVdp7VQTEQ3Yass8J5Rn+Ub6WmRBYeG+KzFBvtyBput2o0/gvtJn9L+NWeD
                            B0LyUPaUYG/X4GF14FcmFQfz7I5jBCNHtPcLJbPYbZKQNhz/AgMBAAGjUDBOMB0G
                            A1UdDgQWBBS9QqP8gtMM6nm4oYzNbgqhEDP1aDAfBgNVHSMEGDAWgBS9QqP8gtMM
                            6nm4oYzNbgqhEDP1aDAMBgNVHRMEBTADAQH/MA0GCSqGSIb3DQEBBQUAA4IBAQBH
                            2qyYwLwesIOxUTj+NJ0VXRBDH8VecNLiUUs9Np4x8A0pxLvlNnv5TdJAruEg1LSV
                            mAqqPUdAB2m7CKDeUVM9cwOB7vqelV2GNgOfevXi+DZRMffyyE8qyIcnTqvDOgcR
                            8qGTPSVT+SIsOkV9bYrjltrbnal7cJermsA8SC5w/pjLaOHI1xIZHquZzymWoN3Z
                            fz2CQg2r5o+AURYd74GrHhHqVa9VrdWtcimB+vTQQihoLt8YciehpJjOMpx2D66e
                            FfpC8ix31RRdjAVIo1y33h1yU3gEHePDbOthZE+lpXi2WJqO85H85LqJOtgn2WPI
                            3P2Tx32Cq1WXCYkxLaPI
</ds:X509Certificate>
                    </ds:X509Data>
                </ds:KeyInfo>
            </md:KeyDescriptor>
            <md:NameIDFormat>urn:oasis:names:tc:SAML:2.0:nameid-format:transient</md:NameIDFormat>
            <md:SingleSignOnService Binding="urn:oasis:names:tc:SAML:2.0:bindings:HTTP-Redirect" Location="https://engine.surfconext.nl/authentication/idp/single-sign-on/d34b5b47aa55fe8c74fc815456400c6b"/>
        </md:IDPSSODescriptor>
    </md:EntityDescriptor>
    <md:EntityDescriptor validUntil="2013-01-30T11:03:12Z" entityID="http://federation-test.amc.nl/adfs/services/trust">
        <md:IDPSSODescriptor protocolSupportEnumeration="urn:oasis:names:tc:SAML:2.0:protocol">
            <md:Extensions>
                <mdui:UIInfo>
                    <mdui:Description xml:lang="nl">Academisch Medisch Centrum (acc)</mdui:Description>
                    <mdui:Description xml:lang="en">Academisch Medisch Centrum</mdui:Description>
                    <mdui:Logo height="48" width="101">https://wayf.surfnet.nl/federate/surfnet/img/logo/amc.png</mdui:Logo>
                    <mdui:Keywords xml:lang="nl">Academisch Medisch Centrum (acc)</mdui:Keywords>
                    <mdui:Keywords xml:lang="en">Academisch Medisch Centrum (acc)</mdui:Keywords>
                </mdui:UIInfo>
            </md:Extensions>
            <md:KeyDescriptor xmlns:ds="http://www.w3.org/2000/09/xmldsig#" use="signing">
                <ds:KeyInfo>
                    <ds:X509Data>
                        <ds:X509Certificate>MIIDyzCCArOgAwIBAgIJAMzixtXMUH1NMA0GCSqGSIb3DQEBBQUAMHwxCzAJBgNV
                            BAYTAk5MMRAwDgYDVQQIDAdVdHJlY2h0MRAwDgYDVQQHDAdVdHJlY2h0MRUwEwYD
                            VQQKDAxTVVJGbmV0IEIuVi4xEzARBgNVBAsMClNVUkZjb25leHQxHTAbBgNVBAMM
                            FGVuZ2luZS5zdXJmY29uZXh0Lm5sMB4XDTExMDEyNDEwMTg1N1oXDTIxMDEyMzEw
                            MTg1N1owfDELMAkGA1UEBhMCTkwxEDAOBgNVBAgMB1V0cmVjaHQxEDAOBgNVBAcM
                            B1V0cmVjaHQxFTATBgNVBAoMDFNVUkZuZXQgQi5WLjETMBEGA1UECwwKU1VSRmNv
                            bmV4dDEdMBsGA1UEAwwUZW5naW5lLnN1cmZjb25leHQubmwwggEiMA0GCSqGSIb3
                            DQEBAQUAA4IBDwAwggEKAoIBAQDMJ6v+f3owS3KR5IXSil+3XFwGvCVeYx3jDOFK
                            AnwvXlDpTu+t730b8/spHtlopyJVAlb6qBIPN7R4TGTLqiu0zebYsYx/PtqCk5cb
                            u9qs3h+p2BBoTXVwXA/ZYi0tqtxp04hcNrRj1TAgLyC0S+KASTF+zzccAcjTBid5
                            EMioo+YllgSEobWJ4X33XVRqNrikAPDsNmDrdKUi257JSO2xhVIG5lbtmDaL5ORC
                            D56oRmVdp7VQTEQ3Yass8J5Rn+Ub6WmRBYeG+KzFBvtyBput2o0/gvtJn9L+NWeD
                            B0LyUPaUYG/X4GF14FcmFQfz7I5jBCNHtPcLJbPYbZKQNhz/AgMBAAGjUDBOMB0G
                            A1UdDgQWBBS9QqP8gtMM6nm4oYzNbgqhEDP1aDAfBgNVHSMEGDAWgBS9QqP8gtMM
                            6nm4oYzNbgqhEDP1aDAMBgNVHRMEBTADAQH/MA0GCSqGSIb3DQEBBQUAA4IBAQBH
                            2qyYwLwesIOxUTj+NJ0VXRBDH8VecNLiUUs9Np4x8A0pxLvlNnv5TdJAruEg1LSV
                            mAqqPUdAB2m7CKDeUVM9cwOB7vqelV2GNgOfevXi+DZRMffyyE8qyIcnTqvDOgcR
                            8qGTPSVT+SIsOkV9bYrjltrbnal7cJermsA8SC5w/pjLaOHI1xIZHquZzymWoN3Z
                            fz2CQg2r5o+AURYd74GrHhHqVa9VrdWtcimB+vTQQihoLt8YciehpJjOMpx2D66e
                            FfpC8ix31RRdjAVIo1y33h1yU3gEHePDbOthZE+lpXi2WJqO85H85LqJOtgn2WPI
                            3P2Tx32Cq1WXCYkxLaPI
</ds:X509Certificate>
                    </ds:X509Data>
                </ds:KeyInfo>
            </md:KeyDescriptor>
            <md:KeyDescriptor xmlns:ds="http://www.w3.org/2000/09/xmldsig#" use="encryption">
                <ds:KeyInfo>
                    <ds:X509Data>
                        <ds:X509Certificate>MIIDyzCCArOgAwIBAgIJAMzixtXMUH1NMA0GCSqGSIb3DQEBBQUAMHwxCzAJBgNV
                            BAYTAk5MMRAwDgYDVQQIDAdVdHJlY2h0MRAwDgYDVQQHDAdVdHJlY2h0MRUwEwYD
                            VQQKDAxTVVJGbmV0IEIuVi4xEzARBgNVBAsMClNVUkZjb25leHQxHTAbBgNVBAMM
                            FGVuZ2luZS5zdXJmY29uZXh0Lm5sMB4XDTExMDEyNDEwMTg1N1oXDTIxMDEyMzEw
                            MTg1N1owfDELMAkGA1UEBhMCTkwxEDAOBgNVBAgMB1V0cmVjaHQxEDAOBgNVBAcM
                            B1V0cmVjaHQxFTATBgNVBAoMDFNVUkZuZXQgQi5WLjETMBEGA1UECwwKU1VSRmNv
                            bmV4dDEdMBsGA1UEAwwUZW5naW5lLnN1cmZjb25leHQubmwwggEiMA0GCSqGSIb3
                            DQEBAQUAA4IBDwAwggEKAoIBAQDMJ6v+f3owS3KR5IXSil+3XFwGvCVeYx3jDOFK
                            AnwvXlDpTu+t730b8/spHtlopyJVAlb6qBIPN7R4TGTLqiu0zebYsYx/PtqCk5cb
                            u9qs3h+p2BBoTXVwXA/ZYi0tqtxp04hcNrRj1TAgLyC0S+KASTF+zzccAcjTBid5
                            EMioo+YllgSEobWJ4X33XVRqNrikAPDsNmDrdKUi257JSO2xhVIG5lbtmDaL5ORC
                            D56oRmVdp7VQTEQ3Yass8J5Rn+Ub6WmRBYeG+KzFBvtyBput2o0/gvtJn9L+NWeD
                            B0LyUPaUYG/X4GF14FcmFQfz7I5jBCNHtPcLJbPYbZKQNhz/AgMBAAGjUDBOMB0G
                            A1UdDgQWBBS9QqP8gtMM6nm4oYzNbgqhEDP1aDAfBgNVHSMEGDAWgBS9QqP8gtMM
                            6nm4oYzNbgqhEDP1aDAMBgNVHRMEBTADAQH/MA0GCSqGSIb3DQEBBQUAA4IBAQBH
                            2qyYwLwesIOxUTj+NJ0VXRBDH8VecNLiUUs9Np4x8A0pxLvlNnv5TdJAruEg1LSV
                            mAqqPUdAB2m7CKDeUVM9cwOB7vqelV2GNgOfevXi+DZRMffyyE8qyIcnTqvDOgcR
                            8qGTPSVT+SIsOkV9bYrjltrbnal7cJermsA8SC5w/pjLaOHI1xIZHquZzymWoN3Z
                            fz2CQg2r5o+AURYd74GrHhHqVa9VrdWtcimB+vTQQihoLt8YciehpJjOMpx2D66e
                            FfpC8ix31RRdjAVIo1y33h1yU3gEHePDbOthZE+lpXi2WJqO85H85LqJOtgn2WPI
                            3P2Tx32Cq1WXCYkxLaPI
</ds:X509Certificate>
                    </ds:X509Data>
                </ds:KeyInfo>
            </md:KeyDescriptor>
            <md:NameIDFormat>urn:oasis:names:tc:SAML:2.0:nameid-format:transient</md:NameIDFormat>
            <md:SingleSignOnService Binding="urn:oasis:names:tc:SAML:2.0:bindings:HTTP-Redirect" Location="https://engine.surfconext.nl/authentication/idp/single-sign-on/6e6dde42c91216f5c96b05f19356290f"/>
        </md:IDPSSODescriptor>
    </md:EntityDescriptor>
    <md:EntityDescriptor validUntil="2013-01-30T11:03:12Z" entityID="http://federation.nioo.knaw.nl/adfs/services/trust">
        <md:IDPSSODescriptor protocolSupportEnumeration="urn:oasis:names:tc:SAML:2.0:protocol">
            <md:Extensions>
                <mdui:UIInfo>
                    <mdui:DisplayName xml:lang="nl">Nederlands Instituut voor Ecologie NIOO (KNAW)</mdui:DisplayName>
                    <mdui:DisplayName xml:lang="en">Netherlands Institute of Ecology NIOO (KNAW)</mdui:DisplayName>
                    <mdui:Description xml:lang="nl">Nederlands Instituut voor Ecologie NIOO (KNAW)</mdui:Description>
                    <mdui:Description xml:lang="en">NIOO (KNAW)</mdui:Description>
                    <mdui:Logo height="14" width="108">https://wayf.surfnet.nl/federate/surfnet/img/logo/nioo-knaw.png</mdui:Logo>
                    <mdui:Keywords xml:lang="nl">Nederlands Instituut voor Ecologie NIOO KNAW</mdui:Keywords>
                    <mdui:Keywords xml:lang="en">Netherlands Institute of Ecology NIOO KNAW</mdui:Keywords>
                </mdui:UIInfo>
            </md:Extensions>
            <md:KeyDescriptor xmlns:ds="http://www.w3.org/2000/09/xmldsig#" use="signing">
                <ds:KeyInfo>
                    <ds:X509Data>
                        <ds:X509Certificate>MIIDyzCCArOgAwIBAgIJAMzixtXMUH1NMA0GCSqGSIb3DQEBBQUAMHwxCzAJBgNV
                            BAYTAk5MMRAwDgYDVQQIDAdVdHJlY2h0MRAwDgYDVQQHDAdVdHJlY2h0MRUwEwYD
                            VQQKDAxTVVJGbmV0IEIuVi4xEzARBgNVBAsMClNVUkZjb25leHQxHTAbBgNVBAMM
                            FGVuZ2luZS5zdXJmY29uZXh0Lm5sMB4XDTExMDEyNDEwMTg1N1oXDTIxMDEyMzEw
                            MTg1N1owfDELMAkGA1UEBhMCTkwxEDAOBgNVBAgMB1V0cmVjaHQxEDAOBgNVBAcM
                            B1V0cmVjaHQxFTATBgNVBAoMDFNVUkZuZXQgQi5WLjETMBEGA1UECwwKU1VSRmNv
                            bmV4dDEdMBsGA1UEAwwUZW5naW5lLnN1cmZjb25leHQubmwwggEiMA0GCSqGSIb3
                            DQEBAQUAA4IBDwAwggEKAoIBAQDMJ6v+f3owS3KR5IXSil+3XFwGvCVeYx3jDOFK
                            AnwvXlDpTu+t730b8/spHtlopyJVAlb6qBIPN7R4TGTLqiu0zebYsYx/PtqCk5cb
                            u9qs3h+p2BBoTXVwXA/ZYi0tqtxp04hcNrRj1TAgLyC0S+KASTF+zzccAcjTBid5
                            EMioo+YllgSEobWJ4X33XVRqNrikAPDsNmDrdKUi257JSO2xhVIG5lbtmDaL5ORC
                            D56oRmVdp7VQTEQ3Yass8J5Rn+Ub6WmRBYeG+KzFBvtyBput2o0/gvtJn9L+NWeD
                            B0LyUPaUYG/X4GF14FcmFQfz7I5jBCNHtPcLJbPYbZKQNhz/AgMBAAGjUDBOMB0G
                            A1UdDgQWBBS9QqP8gtMM6nm4oYzNbgqhEDP1aDAfBgNVHSMEGDAWgBS9QqP8gtMM
                            6nm4oYzNbgqhEDP1aDAMBgNVHRMEBTADAQH/MA0GCSqGSIb3DQEBBQUAA4IBAQBH
                            2qyYwLwesIOxUTj+NJ0VXRBDH8VecNLiUUs9Np4x8A0pxLvlNnv5TdJAruEg1LSV
                            mAqqPUdAB2m7CKDeUVM9cwOB7vqelV2GNgOfevXi+DZRMffyyE8qyIcnTqvDOgcR
                            8qGTPSVT+SIsOkV9bYrjltrbnal7cJermsA8SC5w/pjLaOHI1xIZHquZzymWoN3Z
                            fz2CQg2r5o+AURYd74GrHhHqVa9VrdWtcimB+vTQQihoLt8YciehpJjOMpx2D66e
                            FfpC8ix31RRdjAVIo1y33h1yU3gEHePDbOthZE+lpXi2WJqO85H85LqJOtgn2WPI
                            3P2Tx32Cq1WXCYkxLaPI
</ds:X509Certificate>
                    </ds:X509Data>
                </ds:KeyInfo>
            </md:KeyDescriptor>
            <md:KeyDescriptor xmlns:ds="http://www.w3.org/2000/09/xmldsig#" use="encryption">
                <ds:KeyInfo>
                    <ds:X509Data>
                        <ds:X509Certificate>MIIDyzCCArOgAwIBAgIJAMzixtXMUH1NMA0GCSqGSIb3DQEBBQUAMHwxCzAJBgNV
                            BAYTAk5MMRAwDgYDVQQIDAdVdHJlY2h0MRAwDgYDVQQHDAdVdHJlY2h0MRUwEwYD
                            VQQKDAxTVVJGbmV0IEIuVi4xEzARBgNVBAsMClNVUkZjb25leHQxHTAbBgNVBAMM
                            FGVuZ2luZS5zdXJmY29uZXh0Lm5sMB4XDTExMDEyNDEwMTg1N1oXDTIxMDEyMzEw
                            MTg1N1owfDELMAkGA1UEBhMCTkwxEDAOBgNVBAgMB1V0cmVjaHQxEDAOBgNVBAcM
                            B1V0cmVjaHQxFTATBgNVBAoMDFNVUkZuZXQgQi5WLjETMBEGA1UECwwKU1VSRmNv
                            bmV4dDEdMBsGA1UEAwwUZW5naW5lLnN1cmZjb25leHQubmwwggEiMA0GCSqGSIb3
                            DQEBAQUAA4IBDwAwggEKAoIBAQDMJ6v+f3owS3KR5IXSil+3XFwGvCVeYx3jDOFK
                            AnwvXlDpTu+t730b8/spHtlopyJVAlb6qBIPN7R4TGTLqiu0zebYsYx/PtqCk5cb
                            u9qs3h+p2BBoTXVwXA/ZYi0tqtxp04hcNrRj1TAgLyC0S+KASTF+zzccAcjTBid5
                            EMioo+YllgSEobWJ4X33XVRqNrikAPDsNmDrdKUi257JSO2xhVIG5lbtmDaL5ORC
                            D56oRmVdp7VQTEQ3Yass8J5Rn+Ub6WmRBYeG+KzFBvtyBput2o0/gvtJn9L+NWeD
                            B0LyUPaUYG/X4GF14FcmFQfz7I5jBCNHtPcLJbPYbZKQNhz/AgMBAAGjUDBOMB0G
                            A1UdDgQWBBS9QqP8gtMM6nm4oYzNbgqhEDP1aDAfBgNVHSMEGDAWgBS9QqP8gtMM
                            6nm4oYzNbgqhEDP1aDAMBgNVHRMEBTADAQH/MA0GCSqGSIb3DQEBBQUAA4IBAQBH
                            2qyYwLwesIOxUTj+NJ0VXRBDH8VecNLiUUs9Np4x8A0pxLvlNnv5TdJAruEg1LSV
                            mAqqPUdAB2m7CKDeUVM9cwOB7vqelV2GNgOfevXi+DZRMffyyE8qyIcnTqvDOgcR
                            8qGTPSVT+SIsOkV9bYrjltrbnal7cJermsA8SC5w/pjLaOHI1xIZHquZzymWoN3Z
                            fz2CQg2r5o+AURYd74GrHhHqVa9VrdWtcimB+vTQQihoLt8YciehpJjOMpx2D66e
                            FfpC8ix31RRdjAVIo1y33h1yU3gEHePDbOthZE+lpXi2WJqO85H85LqJOtgn2WPI
                            3P2Tx32Cq1WXCYkxLaPI
</ds:X509Certificate>
                    </ds:X509Data>
                </ds:KeyInfo>
            </md:KeyDescriptor>
            <md:NameIDFormat>urn:oasis:names:tc:SAML:2.0:nameid-format:transient</md:NameIDFormat>
            <md:SingleSignOnService Binding="urn:oasis:names:tc:SAML:2.0:bindings:HTTP-Redirect" Location="https://engine.surfconext.nl/authentication/idp/single-sign-on/d239dda7a8d0ea5d41790f519bbe72a1"/>
        </md:IDPSSODescriptor>
    </md:EntityDescriptor>
    <md:EntityDescriptor validUntil="2013-01-30T11:03:12Z" entityID="https://login.ligo.org/idp/shibboleth">
        <md:IDPSSODescriptor protocolSupportEnumeration="urn:oasis:names:tc:SAML:2.0:protocol">
            <md:Extensions>
                <mdui:UIInfo>
                    <mdui:DisplayName xml:lang="nl">LIGO</mdui:DisplayName>
                    <mdui:DisplayName xml:lang="en">LIGO</mdui:DisplayName>
                    <mdui:Description xml:lang="nl">LIGO</mdui:Description>
                    <mdui:Description xml:lang="en">Laser Interferometer Gravitational-Wave Observatory</mdui:Description>
                    <mdui:Keywords xml:lang="nl">Laser Interferometer Gravitational-Wave Observatory LIGO</mdui:Keywords>
                    <mdui:Keywords xml:lang="en">Laser Interferometer Gravitational-Wave Observatory LIGO</mdui:Keywords>
                </mdui:UIInfo>
            </md:Extensions>
            <md:KeyDescriptor xmlns:ds="http://www.w3.org/2000/09/xmldsig#" use="signing">
                <ds:KeyInfo>
                    <ds:X509Data>
                        <ds:X509Certificate>MIIDyzCCArOgAwIBAgIJAMzixtXMUH1NMA0GCSqGSIb3DQEBBQUAMHwxCzAJBgNV
                            BAYTAk5MMRAwDgYDVQQIDAdVdHJlY2h0MRAwDgYDVQQHDAdVdHJlY2h0MRUwEwYD
                            VQQKDAxTVVJGbmV0IEIuVi4xEzARBgNVBAsMClNVUkZjb25leHQxHTAbBgNVBAMM
                            FGVuZ2luZS5zdXJmY29uZXh0Lm5sMB4XDTExMDEyNDEwMTg1N1oXDTIxMDEyMzEw
                            MTg1N1owfDELMAkGA1UEBhMCTkwxEDAOBgNVBAgMB1V0cmVjaHQxEDAOBgNVBAcM
                            B1V0cmVjaHQxFTATBgNVBAoMDFNVUkZuZXQgQi5WLjETMBEGA1UECwwKU1VSRmNv
                            bmV4dDEdMBsGA1UEAwwUZW5naW5lLnN1cmZjb25leHQubmwwggEiMA0GCSqGSIb3
                            DQEBAQUAA4IBDwAwggEKAoIBAQDMJ6v+f3owS3KR5IXSil+3XFwGvCVeYx3jDOFK
                            AnwvXlDpTu+t730b8/spHtlopyJVAlb6qBIPN7R4TGTLqiu0zebYsYx/PtqCk5cb
                            u9qs3h+p2BBoTXVwXA/ZYi0tqtxp04hcNrRj1TAgLyC0S+KASTF+zzccAcjTBid5
                            EMioo+YllgSEobWJ4X33XVRqNrikAPDsNmDrdKUi257JSO2xhVIG5lbtmDaL5ORC
                            D56oRmVdp7VQTEQ3Yass8J5Rn+Ub6WmRBYeG+KzFBvtyBput2o0/gvtJn9L+NWeD
                            B0LyUPaUYG/X4GF14FcmFQfz7I5jBCNHtPcLJbPYbZKQNhz/AgMBAAGjUDBOMB0G
                            A1UdDgQWBBS9QqP8gtMM6nm4oYzNbgqhEDP1aDAfBgNVHSMEGDAWgBS9QqP8gtMM
                            6nm4oYzNbgqhEDP1aDAMBgNVHRMEBTADAQH/MA0GCSqGSIb3DQEBBQUAA4IBAQBH
                            2qyYwLwesIOxUTj+NJ0VXRBDH8VecNLiUUs9Np4x8A0pxLvlNnv5TdJAruEg1LSV
                            mAqqPUdAB2m7CKDeUVM9cwOB7vqelV2GNgOfevXi+DZRMffyyE8qyIcnTqvDOgcR
                            8qGTPSVT+SIsOkV9bYrjltrbnal7cJermsA8SC5w/pjLaOHI1xIZHquZzymWoN3Z
                            fz2CQg2r5o+AURYd74GrHhHqVa9VrdWtcimB+vTQQihoLt8YciehpJjOMpx2D66e
                            FfpC8ix31RRdjAVIo1y33h1yU3gEHePDbOthZE+lpXi2WJqO85H85LqJOtgn2WPI
                            3P2Tx32Cq1WXCYkxLaPI
</ds:X509Certificate>
                    </ds:X509Data>
                </ds:KeyInfo>
            </md:KeyDescriptor>
            <md:KeyDescriptor xmlns:ds="http://www.w3.org/2000/09/xmldsig#" use="encryption">
                <ds:KeyInfo>
                    <ds:X509Data>
                        <ds:X509Certificate>MIIDyzCCArOgAwIBAgIJAMzixtXMUH1NMA0GCSqGSIb3DQEBBQUAMHwxCzAJBgNV
                            BAYTAk5MMRAwDgYDVQQIDAdVdHJlY2h0MRAwDgYDVQQHDAdVdHJlY2h0MRUwEwYD
                            VQQKDAxTVVJGbmV0IEIuVi4xEzARBgNVBAsMClNVUkZjb25leHQxHTAbBgNVBAMM
                            FGVuZ2luZS5zdXJmY29uZXh0Lm5sMB4XDTExMDEyNDEwMTg1N1oXDTIxMDEyMzEw
                            MTg1N1owfDELMAkGA1UEBhMCTkwxEDAOBgNVBAgMB1V0cmVjaHQxEDAOBgNVBAcM
                            B1V0cmVjaHQxFTATBgNVBAoMDFNVUkZuZXQgQi5WLjETMBEGA1UECwwKU1VSRmNv
                            bmV4dDEdMBsGA1UEAwwUZW5naW5lLnN1cmZjb25leHQubmwwggEiMA0GCSqGSIb3
                            DQEBAQUAA4IBDwAwggEKAoIBAQDMJ6v+f3owS3KR5IXSil+3XFwGvCVeYx3jDOFK
                            AnwvXlDpTu+t730b8/spHtlopyJVAlb6qBIPN7R4TGTLqiu0zebYsYx/PtqCk5cb
                            u9qs3h+p2BBoTXVwXA/ZYi0tqtxp04hcNrRj1TAgLyC0S+KASTF+zzccAcjTBid5
                            EMioo+YllgSEobWJ4X33XVRqNrikAPDsNmDrdKUi257JSO2xhVIG5lbtmDaL5ORC
                            D56oRmVdp7VQTEQ3Yass8J5Rn+Ub6WmRBYeG+KzFBvtyBput2o0/gvtJn9L+NWeD
                            B0LyUPaUYG/X4GF14FcmFQfz7I5jBCNHtPcLJbPYbZKQNhz/AgMBAAGjUDBOMB0G
                            A1UdDgQWBBS9QqP8gtMM6nm4oYzNbgqhEDP1aDAfBgNVHSMEGDAWgBS9QqP8gtMM
                            6nm4oYzNbgqhEDP1aDAMBgNVHRMEBTADAQH/MA0GCSqGSIb3DQEBBQUAA4IBAQBH
                            2qyYwLwesIOxUTj+NJ0VXRBDH8VecNLiUUs9Np4x8A0pxLvlNnv5TdJAruEg1LSV
                            mAqqPUdAB2m7CKDeUVM9cwOB7vqelV2GNgOfevXi+DZRMffyyE8qyIcnTqvDOgcR
                            8qGTPSVT+SIsOkV9bYrjltrbnal7cJermsA8SC5w/pjLaOHI1xIZHquZzymWoN3Z
                            fz2CQg2r5o+AURYd74GrHhHqVa9VrdWtcimB+vTQQihoLt8YciehpJjOMpx2D66e
                            FfpC8ix31RRdjAVIo1y33h1yU3gEHePDbOthZE+lpXi2WJqO85H85LqJOtgn2WPI
                            3P2Tx32Cq1WXCYkxLaPI
</ds:X509Certificate>
                    </ds:X509Data>
                </ds:KeyInfo>
            </md:KeyDescriptor>
            <md:NameIDFormat>urn:oasis:names:tc:SAML:2.0:nameid-format:transient</md:NameIDFormat>
            <md:SingleSignOnService Binding="urn:oasis:names:tc:SAML:2.0:bindings:HTTP-Redirect" Location="https://engine.surfconext.nl/authentication/idp/single-sign-on/5871a6cc8d0f16a2dfd468b5c006d1f6"/>
        </md:IDPSSODescriptor>
    </md:EntityDescriptor>
    <md:EntityDescriptor validUntil="2013-01-30T11:03:12Z" entityID="urn:mace:incommon:internet2.edu">
        <md:IDPSSODescriptor protocolSupportEnumeration="urn:oasis:names:tc:SAML:2.0:protocol">
            <md:Extensions>
                <mdui:UIInfo>
                    <mdui:Description xml:lang="nl">Internet2</mdui:Description>
                    <mdui:Description xml:lang="en">Internet2</mdui:Description>
                    <mdui:Logo height="60" width="120">http://www.internet2.edu/styleguide/downloads/internet2_logo_colorpos_gif.gif</mdui:Logo>
                    <mdui:Keywords xml:lang="nl">Internet2 </mdui:Keywords>
                    <mdui:Keywords xml:lang="en">Internet2 </mdui:Keywords>
                </mdui:UIInfo>
            </md:Extensions>
            <md:KeyDescriptor xmlns:ds="http://www.w3.org/2000/09/xmldsig#" use="signing">
                <ds:KeyInfo>
                    <ds:X509Data>
                        <ds:X509Certificate>MIIDyzCCArOgAwIBAgIJAMzixtXMUH1NMA0GCSqGSIb3DQEBBQUAMHwxCzAJBgNV
                            BAYTAk5MMRAwDgYDVQQIDAdVdHJlY2h0MRAwDgYDVQQHDAdVdHJlY2h0MRUwEwYD
                            VQQKDAxTVVJGbmV0IEIuVi4xEzARBgNVBAsMClNVUkZjb25leHQxHTAbBgNVBAMM
                            FGVuZ2luZS5zdXJmY29uZXh0Lm5sMB4XDTExMDEyNDEwMTg1N1oXDTIxMDEyMzEw
                            MTg1N1owfDELMAkGA1UEBhMCTkwxEDAOBgNVBAgMB1V0cmVjaHQxEDAOBgNVBAcM
                            B1V0cmVjaHQxFTATBgNVBAoMDFNVUkZuZXQgQi5WLjETMBEGA1UECwwKU1VSRmNv
                            bmV4dDEdMBsGA1UEAwwUZW5naW5lLnN1cmZjb25leHQubmwwggEiMA0GCSqGSIb3
                            DQEBAQUAA4IBDwAwggEKAoIBAQDMJ6v+f3owS3KR5IXSil+3XFwGvCVeYx3jDOFK
                            AnwvXlDpTu+t730b8/spHtlopyJVAlb6qBIPN7R4TGTLqiu0zebYsYx/PtqCk5cb
                            u9qs3h+p2BBoTXVwXA/ZYi0tqtxp04hcNrRj1TAgLyC0S+KASTF+zzccAcjTBid5
                            EMioo+YllgSEobWJ4X33XVRqNrikAPDsNmDrdKUi257JSO2xhVIG5lbtmDaL5ORC
                            D56oRmVdp7VQTEQ3Yass8J5Rn+Ub6WmRBYeG+KzFBvtyBput2o0/gvtJn9L+NWeD
                            B0LyUPaUYG/X4GF14FcmFQfz7I5jBCNHtPcLJbPYbZKQNhz/AgMBAAGjUDBOMB0G
                            A1UdDgQWBBS9QqP8gtMM6nm4oYzNbgqhEDP1aDAfBgNVHSMEGDAWgBS9QqP8gtMM
                            6nm4oYzNbgqhEDP1aDAMBgNVHRMEBTADAQH/MA0GCSqGSIb3DQEBBQUAA4IBAQBH
                            2qyYwLwesIOxUTj+NJ0VXRBDH8VecNLiUUs9Np4x8A0pxLvlNnv5TdJAruEg1LSV
                            mAqqPUdAB2m7CKDeUVM9cwOB7vqelV2GNgOfevXi+DZRMffyyE8qyIcnTqvDOgcR
                            8qGTPSVT+SIsOkV9bYrjltrbnal7cJermsA8SC5w/pjLaOHI1xIZHquZzymWoN3Z
                            fz2CQg2r5o+AURYd74GrHhHqVa9VrdWtcimB+vTQQihoLt8YciehpJjOMpx2D66e
                            FfpC8ix31RRdjAVIo1y33h1yU3gEHePDbOthZE+lpXi2WJqO85H85LqJOtgn2WPI
                            3P2Tx32Cq1WXCYkxLaPI
</ds:X509Certificate>
                    </ds:X509Data>
                </ds:KeyInfo>
            </md:KeyDescriptor>
            <md:KeyDescriptor xmlns:ds="http://www.w3.org/2000/09/xmldsig#" use="encryption">
                <ds:KeyInfo>
                    <ds:X509Data>
                        <ds:X509Certificate>MIIDyzCCArOgAwIBAgIJAMzixtXMUH1NMA0GCSqGSIb3DQEBBQUAMHwxCzAJBgNV
                            BAYTAk5MMRAwDgYDVQQIDAdVdHJlY2h0MRAwDgYDVQQHDAdVdHJlY2h0MRUwEwYD
                            VQQKDAxTVVJGbmV0IEIuVi4xEzARBgNVBAsMClNVUkZjb25leHQxHTAbBgNVBAMM
                            FGVuZ2luZS5zdXJmY29uZXh0Lm5sMB4XDTExMDEyNDEwMTg1N1oXDTIxMDEyMzEw
                            MTg1N1owfDELMAkGA1UEBhMCTkwxEDAOBgNVBAgMB1V0cmVjaHQxEDAOBgNVBAcM
                            B1V0cmVjaHQxFTATBgNVBAoMDFNVUkZuZXQgQi5WLjETMBEGA1UECwwKU1VSRmNv
                            bmV4dDEdMBsGA1UEAwwUZW5naW5lLnN1cmZjb25leHQubmwwggEiMA0GCSqGSIb3
                            DQEBAQUAA4IBDwAwggEKAoIBAQDMJ6v+f3owS3KR5IXSil+3XFwGvCVeYx3jDOFK
                            AnwvXlDpTu+t730b8/spHtlopyJVAlb6qBIPN7R4TGTLqiu0zebYsYx/PtqCk5cb
                            u9qs3h+p2BBoTXVwXA/ZYi0tqtxp04hcNrRj1TAgLyC0S+KASTF+zzccAcjTBid5
                            EMioo+YllgSEobWJ4X33XVRqNrikAPDsNmDrdKUi257JSO2xhVIG5lbtmDaL5ORC
                            D56oRmVdp7VQTEQ3Yass8J5Rn+Ub6WmRBYeG+KzFBvtyBput2o0/gvtJn9L+NWeD
                            B0LyUPaUYG/X4GF14FcmFQfz7I5jBCNHtPcLJbPYbZKQNhz/AgMBAAGjUDBOMB0G
                            A1UdDgQWBBS9QqP8gtMM6nm4oYzNbgqhEDP1aDAfBgNVHSMEGDAWgBS9QqP8gtMM
                            6nm4oYzNbgqhEDP1aDAMBgNVHRMEBTADAQH/MA0GCSqGSIb3DQEBBQUAA4IBAQBH
                            2qyYwLwesIOxUTj+NJ0VXRBDH8VecNLiUUs9Np4x8A0pxLvlNnv5TdJAruEg1LSV
                            mAqqPUdAB2m7CKDeUVM9cwOB7vqelV2GNgOfevXi+DZRMffyyE8qyIcnTqvDOgcR
                            8qGTPSVT+SIsOkV9bYrjltrbnal7cJermsA8SC5w/pjLaOHI1xIZHquZzymWoN3Z
                            fz2CQg2r5o+AURYd74GrHhHqVa9VrdWtcimB+vTQQihoLt8YciehpJjOMpx2D66e
                            FfpC8ix31RRdjAVIo1y33h1yU3gEHePDbOthZE+lpXi2WJqO85H85LqJOtgn2WPI
                            3P2Tx32Cq1WXCYkxLaPI
</ds:X509Certificate>
                    </ds:X509Data>
                </ds:KeyInfo>
            </md:KeyDescriptor>
            <md:NameIDFormat>urn:oasis:names:tc:SAML:2.0:nameid-format:transient</md:NameIDFormat>
            <md:SingleSignOnService Binding="urn:oasis:names:tc:SAML:2.0:bindings:HTTP-Redirect" Location="https://engine.surfconext.nl/authentication/idp/single-sign-on/444bd5a87cb3d8d570e014c9c9c9123e"/>
        </md:IDPSSODescriptor>
    </md:EntityDescriptor>
    <md:EntityDescriptor validUntil="2013-01-30T11:03:12Z" entityID="http://sts-test.windesheim.nl/adfs/services/trust">
        <md:IDPSSODescriptor protocolSupportEnumeration="urn:oasis:names:tc:SAML:2.0:protocol">
            <md:Extensions>
                <mdui:UIInfo>
                    <mdui:Description xml:lang="nl">Hogeschool Windesheim (Test)</mdui:Description>
                    <mdui:Description xml:lang="en">Hogeschool Windesheim (Test)</mdui:Description>
                    <mdui:Logo height="60" width="120">https://wayf.surfnet.nl/federate/surfnet/img/logo/windesheim.png</mdui:Logo>
                </mdui:UIInfo>
            </md:Extensions>
            <md:KeyDescriptor xmlns:ds="http://www.w3.org/2000/09/xmldsig#" use="signing">
                <ds:KeyInfo>
                    <ds:X509Data>
                        <ds:X509Certificate>MIIDyzCCArOgAwIBAgIJAMzixtXMUH1NMA0GCSqGSIb3DQEBBQUAMHwxCzAJBgNV
                            BAYTAk5MMRAwDgYDVQQIDAdVdHJlY2h0MRAwDgYDVQQHDAdVdHJlY2h0MRUwEwYD
                            VQQKDAxTVVJGbmV0IEIuVi4xEzARBgNVBAsMClNVUkZjb25leHQxHTAbBgNVBAMM
                            FGVuZ2luZS5zdXJmY29uZXh0Lm5sMB4XDTExMDEyNDEwMTg1N1oXDTIxMDEyMzEw
                            MTg1N1owfDELMAkGA1UEBhMCTkwxEDAOBgNVBAgMB1V0cmVjaHQxEDAOBgNVBAcM
                            B1V0cmVjaHQxFTATBgNVBAoMDFNVUkZuZXQgQi5WLjETMBEGA1UECwwKU1VSRmNv
                            bmV4dDEdMBsGA1UEAwwUZW5naW5lLnN1cmZjb25leHQubmwwggEiMA0GCSqGSIb3
                            DQEBAQUAA4IBDwAwggEKAoIBAQDMJ6v+f3owS3KR5IXSil+3XFwGvCVeYx3jDOFK
                            AnwvXlDpTu+t730b8/spHtlopyJVAlb6qBIPN7R4TGTLqiu0zebYsYx/PtqCk5cb
                            u9qs3h+p2BBoTXVwXA/ZYi0tqtxp04hcNrRj1TAgLyC0S+KASTF+zzccAcjTBid5
                            EMioo+YllgSEobWJ4X33XVRqNrikAPDsNmDrdKUi257JSO2xhVIG5lbtmDaL5ORC
                            D56oRmVdp7VQTEQ3Yass8J5Rn+Ub6WmRBYeG+KzFBvtyBput2o0/gvtJn9L+NWeD
                            B0LyUPaUYG/X4GF14FcmFQfz7I5jBCNHtPcLJbPYbZKQNhz/AgMBAAGjUDBOMB0G
                            A1UdDgQWBBS9QqP8gtMM6nm4oYzNbgqhEDP1aDAfBgNVHSMEGDAWgBS9QqP8gtMM
                            6nm4oYzNbgqhEDP1aDAMBgNVHRMEBTADAQH/MA0GCSqGSIb3DQEBBQUAA4IBAQBH
                            2qyYwLwesIOxUTj+NJ0VXRBDH8VecNLiUUs9Np4x8A0pxLvlNnv5TdJAruEg1LSV
                            mAqqPUdAB2m7CKDeUVM9cwOB7vqelV2GNgOfevXi+DZRMffyyE8qyIcnTqvDOgcR
                            8qGTPSVT+SIsOkV9bYrjltrbnal7cJermsA8SC5w/pjLaOHI1xIZHquZzymWoN3Z
                            fz2CQg2r5o+AURYd74GrHhHqVa9VrdWtcimB+vTQQihoLt8YciehpJjOMpx2D66e
                            FfpC8ix31RRdjAVIo1y33h1yU3gEHePDbOthZE+lpXi2WJqO85H85LqJOtgn2WPI
                            3P2Tx32Cq1WXCYkxLaPI
</ds:X509Certificate>
                    </ds:X509Data>
                </ds:KeyInfo>
            </md:KeyDescriptor>
            <md:KeyDescriptor xmlns:ds="http://www.w3.org/2000/09/xmldsig#" use="encryption">
                <ds:KeyInfo>
                    <ds:X509Data>
                        <ds:X509Certificate>MIIDyzCCArOgAwIBAgIJAMzixtXMUH1NMA0GCSqGSIb3DQEBBQUAMHwxCzAJBgNV
                            BAYTAk5MMRAwDgYDVQQIDAdVdHJlY2h0MRAwDgYDVQQHDAdVdHJlY2h0MRUwEwYD
                            VQQKDAxTVVJGbmV0IEIuVi4xEzARBgNVBAsMClNVUkZjb25leHQxHTAbBgNVBAMM
                            FGVuZ2luZS5zdXJmY29uZXh0Lm5sMB4XDTExMDEyNDEwMTg1N1oXDTIxMDEyMzEw
                            MTg1N1owfDELMAkGA1UEBhMCTkwxEDAOBgNVBAgMB1V0cmVjaHQxEDAOBgNVBAcM
                            B1V0cmVjaHQxFTATBgNVBAoMDFNVUkZuZXQgQi5WLjETMBEGA1UECwwKU1VSRmNv
                            bmV4dDEdMBsGA1UEAwwUZW5naW5lLnN1cmZjb25leHQubmwwggEiMA0GCSqGSIb3
                            DQEBAQUAA4IBDwAwggEKAoIBAQDMJ6v+f3owS3KR5IXSil+3XFwGvCVeYx3jDOFK
                            AnwvXlDpTu+t730b8/spHtlopyJVAlb6qBIPN7R4TGTLqiu0zebYsYx/PtqCk5cb
                            u9qs3h+p2BBoTXVwXA/ZYi0tqtxp04hcNrRj1TAgLyC0S+KASTF+zzccAcjTBid5
                            EMioo+YllgSEobWJ4X33XVRqNrikAPDsNmDrdKUi257JSO2xhVIG5lbtmDaL5ORC
                            D56oRmVdp7VQTEQ3Yass8J5Rn+Ub6WmRBYeG+KzFBvtyBput2o0/gvtJn9L+NWeD
                            B0LyUPaUYG/X4GF14FcmFQfz7I5jBCNHtPcLJbPYbZKQNhz/AgMBAAGjUDBOMB0G
                            A1UdDgQWBBS9QqP8gtMM6nm4oYzNbgqhEDP1aDAfBgNVHSMEGDAWgBS9QqP8gtMM
                            6nm4oYzNbgqhEDP1aDAMBgNVHRMEBTADAQH/MA0GCSqGSIb3DQEBBQUAA4IBAQBH
                            2qyYwLwesIOxUTj+NJ0VXRBDH8VecNLiUUs9Np4x8A0pxLvlNnv5TdJAruEg1LSV
                            mAqqPUdAB2m7CKDeUVM9cwOB7vqelV2GNgOfevXi+DZRMffyyE8qyIcnTqvDOgcR
                            8qGTPSVT+SIsOkV9bYrjltrbnal7cJermsA8SC5w/pjLaOHI1xIZHquZzymWoN3Z
                            fz2CQg2r5o+AURYd74GrHhHqVa9VrdWtcimB+vTQQihoLt8YciehpJjOMpx2D66e
                            FfpC8ix31RRdjAVIo1y33h1yU3gEHePDbOthZE+lpXi2WJqO85H85LqJOtgn2WPI
                            3P2Tx32Cq1WXCYkxLaPI
</ds:X509Certificate>
                    </ds:X509Data>
                </ds:KeyInfo>
            </md:KeyDescriptor>
            <md:NameIDFormat>urn:oasis:names:tc:SAML:2.0:nameid-format:transient</md:NameIDFormat>
            <md:SingleSignOnService Binding="urn:oasis:names:tc:SAML:2.0:bindings:HTTP-Redirect" Location="https://engine.surfconext.nl/authentication/idp/single-sign-on/e315a5c0d9555d2edac5f1ef524fd944"/>
        </md:IDPSSODescriptor>
    </md:EntityDescriptor>
    <md:EntityDescriptor validUntil="2013-01-30T11:03:12Z" entityID="urn:federation:che">
        <md:IDPSSODescriptor protocolSupportEnumeration="urn:oasis:names:tc:SAML:2.0:protocol">
            <md:Extensions>
                <mdui:UIInfo>
                    <mdui:DisplayName xml:lang="nl">Christelijke Hogeschool Ede (CHE)</mdui:DisplayName>
                    <mdui:DisplayName xml:lang="en">Christian University of Applied Sciences (CHE)</mdui:DisplayName>
                    <mdui:Description xml:lang="nl">Christelijke Hogeschool Ede (CHE)</mdui:Description>
                    <mdui:Description xml:lang="en">Christelijke Hogeschool Ede</mdui:Description>
                    <mdui:Logo height="60" width="120">https://wayf.surfnet.nl/federate/surfnet/img/logo/che.png</mdui:Logo>
                    <mdui:Keywords xml:lang="nl">Christelijke Hogeschool Ede (CHE)  Christian University of Applied Sciences</mdui:Keywords>
                    <mdui:Keywords xml:lang="en">Christelijke Hogeschool Ede (CHE) Christian University of Applied Sciences</mdui:Keywords>
                </mdui:UIInfo>
            </md:Extensions>
            <md:KeyDescriptor xmlns:ds="http://www.w3.org/2000/09/xmldsig#" use="signing">
                <ds:KeyInfo>
                    <ds:X509Data>
                        <ds:X509Certificate>MIIDyzCCArOgAwIBAgIJAMzixtXMUH1NMA0GCSqGSIb3DQEBBQUAMHwxCzAJBgNV
                            BAYTAk5MMRAwDgYDVQQIDAdVdHJlY2h0MRAwDgYDVQQHDAdVdHJlY2h0MRUwEwYD
                            VQQKDAxTVVJGbmV0IEIuVi4xEzARBgNVBAsMClNVUkZjb25leHQxHTAbBgNVBAMM
                            FGVuZ2luZS5zdXJmY29uZXh0Lm5sMB4XDTExMDEyNDEwMTg1N1oXDTIxMDEyMzEw
                            MTg1N1owfDELMAkGA1UEBhMCTkwxEDAOBgNVBAgMB1V0cmVjaHQxEDAOBgNVBAcM
                            B1V0cmVjaHQxFTATBgNVBAoMDFNVUkZuZXQgQi5WLjETMBEGA1UECwwKU1VSRmNv
                            bmV4dDEdMBsGA1UEAwwUZW5naW5lLnN1cmZjb25leHQubmwwggEiMA0GCSqGSIb3
                            DQEBAQUAA4IBDwAwggEKAoIBAQDMJ6v+f3owS3KR5IXSil+3XFwGvCVeYx3jDOFK
                            AnwvXlDpTu+t730b8/spHtlopyJVAlb6qBIPN7R4TGTLqiu0zebYsYx/PtqCk5cb
                            u9qs3h+p2BBoTXVwXA/ZYi0tqtxp04hcNrRj1TAgLyC0S+KASTF+zzccAcjTBid5
                            EMioo+YllgSEobWJ4X33XVRqNrikAPDsNmDrdKUi257JSO2xhVIG5lbtmDaL5ORC
                            D56oRmVdp7VQTEQ3Yass8J5Rn+Ub6WmRBYeG+KzFBvtyBput2o0/gvtJn9L+NWeD
                            B0LyUPaUYG/X4GF14FcmFQfz7I5jBCNHtPcLJbPYbZKQNhz/AgMBAAGjUDBOMB0G
                            A1UdDgQWBBS9QqP8gtMM6nm4oYzNbgqhEDP1aDAfBgNVHSMEGDAWgBS9QqP8gtMM
                            6nm4oYzNbgqhEDP1aDAMBgNVHRMEBTADAQH/MA0GCSqGSIb3DQEBBQUAA4IBAQBH
                            2qyYwLwesIOxUTj+NJ0VXRBDH8VecNLiUUs9Np4x8A0pxLvlNnv5TdJAruEg1LSV
                            mAqqPUdAB2m7CKDeUVM9cwOB7vqelV2GNgOfevXi+DZRMffyyE8qyIcnTqvDOgcR
                            8qGTPSVT+SIsOkV9bYrjltrbnal7cJermsA8SC5w/pjLaOHI1xIZHquZzymWoN3Z
                            fz2CQg2r5o+AURYd74GrHhHqVa9VrdWtcimB+vTQQihoLt8YciehpJjOMpx2D66e
                            FfpC8ix31RRdjAVIo1y33h1yU3gEHePDbOthZE+lpXi2WJqO85H85LqJOtgn2WPI
                            3P2Tx32Cq1WXCYkxLaPI
</ds:X509Certificate>
                    </ds:X509Data>
                </ds:KeyInfo>
            </md:KeyDescriptor>
            <md:KeyDescriptor xmlns:ds="http://www.w3.org/2000/09/xmldsig#" use="encryption">
                <ds:KeyInfo>
                    <ds:X509Data>
                        <ds:X509Certificate>MIIDyzCCArOgAwIBAgIJAMzixtXMUH1NMA0GCSqGSIb3DQEBBQUAMHwxCzAJBgNV
                            BAYTAk5MMRAwDgYDVQQIDAdVdHJlY2h0MRAwDgYDVQQHDAdVdHJlY2h0MRUwEwYD
                            VQQKDAxTVVJGbmV0IEIuVi4xEzARBgNVBAsMClNVUkZjb25leHQxHTAbBgNVBAMM
                            FGVuZ2luZS5zdXJmY29uZXh0Lm5sMB4XDTExMDEyNDEwMTg1N1oXDTIxMDEyMzEw
                            MTg1N1owfDELMAkGA1UEBhMCTkwxEDAOBgNVBAgMB1V0cmVjaHQxEDAOBgNVBAcM
                            B1V0cmVjaHQxFTATBgNVBAoMDFNVUkZuZXQgQi5WLjETMBEGA1UECwwKU1VSRmNv
                            bmV4dDEdMBsGA1UEAwwUZW5naW5lLnN1cmZjb25leHQubmwwggEiMA0GCSqGSIb3
                            DQEBAQUAA4IBDwAwggEKAoIBAQDMJ6v+f3owS3KR5IXSil+3XFwGvCVeYx3jDOFK
                            AnwvXlDpTu+t730b8/spHtlopyJVAlb6qBIPN7R4TGTLqiu0zebYsYx/PtqCk5cb
                            u9qs3h+p2BBoTXVwXA/ZYi0tqtxp04hcNrRj1TAgLyC0S+KASTF+zzccAcjTBid5
                            EMioo+YllgSEobWJ4X33XVRqNrikAPDsNmDrdKUi257JSO2xhVIG5lbtmDaL5ORC
                            D56oRmVdp7VQTEQ3Yass8J5Rn+Ub6WmRBYeG+KzFBvtyBput2o0/gvtJn9L+NWeD
                            B0LyUPaUYG/X4GF14FcmFQfz7I5jBCNHtPcLJbPYbZKQNhz/AgMBAAGjUDBOMB0G
                            A1UdDgQWBBS9QqP8gtMM6nm4oYzNbgqhEDP1aDAfBgNVHSMEGDAWgBS9QqP8gtMM
                            6nm4oYzNbgqhEDP1aDAMBgNVHRMEBTADAQH/MA0GCSqGSIb3DQEBBQUAA4IBAQBH
                            2qyYwLwesIOxUTj+NJ0VXRBDH8VecNLiUUs9Np4x8A0pxLvlNnv5TdJAruEg1LSV
                            mAqqPUdAB2m7CKDeUVM9cwOB7vqelV2GNgOfevXi+DZRMffyyE8qyIcnTqvDOgcR
                            8qGTPSVT+SIsOkV9bYrjltrbnal7cJermsA8SC5w/pjLaOHI1xIZHquZzymWoN3Z
                            fz2CQg2r5o+AURYd74GrHhHqVa9VrdWtcimB+vTQQihoLt8YciehpJjOMpx2D66e
                            FfpC8ix31RRdjAVIo1y33h1yU3gEHePDbOthZE+lpXi2WJqO85H85LqJOtgn2WPI
                            3P2Tx32Cq1WXCYkxLaPI
</ds:X509Certificate>
                    </ds:X509Data>
                </ds:KeyInfo>
            </md:KeyDescriptor>
            <md:NameIDFormat>urn:oasis:names:tc:SAML:2.0:nameid-format:transient</md:NameIDFormat>
            <md:SingleSignOnService Binding="urn:oasis:names:tc:SAML:2.0:bindings:HTTP-Redirect" Location="https://engine.surfconext.nl/authentication/idp/single-sign-on/daf843ea63557c3f64a419af87b0a4a5"/>
        </md:IDPSSODescriptor>
    </md:EntityDescriptor>
    <md:EntityDescriptor validUntil="2013-01-30T11:03:12Z" entityID="urn:federation:HvA">
        <md:IDPSSODescriptor protocolSupportEnumeration="urn:oasis:names:tc:SAML:2.0:protocol">
            <md:Extensions>
                <mdui:UIInfo>
                    <mdui:DisplayName xml:lang="nl">Hogeschool van Amsterdam - OLD</mdui:DisplayName>
                    <mdui:DisplayName xml:lang="en">Hogeschool van Amsterdam - OLD</mdui:DisplayName>
                    <mdui:Description xml:lang="nl">Hogeschool van Amsterdam - OLD</mdui:Description>
                    <mdui:Description xml:lang="en">Hogeschool van Amsterdam - OLD</mdui:Description>
                    <mdui:Logo height="60" width="120">https://wayf.surfnet.nl/federate/surfnet/img/logo/hva.png</mdui:Logo>
                    <mdui:Keywords xml:lang="nl">Hogeschool van Amsterdam  University of Applied Sciences HvA</mdui:Keywords>
                    <mdui:Keywords xml:lang="en">Hogeschool van Amsterdam University of Applied Sciences HvA</mdui:Keywords>
                </mdui:UIInfo>
            </md:Extensions>
            <md:KeyDescriptor xmlns:ds="http://www.w3.org/2000/09/xmldsig#" use="signing">
                <ds:KeyInfo>
                    <ds:X509Data>
                        <ds:X509Certificate>MIIDyzCCArOgAwIBAgIJAMzixtXMUH1NMA0GCSqGSIb3DQEBBQUAMHwxCzAJBgNV
                            BAYTAk5MMRAwDgYDVQQIDAdVdHJlY2h0MRAwDgYDVQQHDAdVdHJlY2h0MRUwEwYD
                            VQQKDAxTVVJGbmV0IEIuVi4xEzARBgNVBAsMClNVUkZjb25leHQxHTAbBgNVBAMM
                            FGVuZ2luZS5zdXJmY29uZXh0Lm5sMB4XDTExMDEyNDEwMTg1N1oXDTIxMDEyMzEw
                            MTg1N1owfDELMAkGA1UEBhMCTkwxEDAOBgNVBAgMB1V0cmVjaHQxEDAOBgNVBAcM
                            B1V0cmVjaHQxFTATBgNVBAoMDFNVUkZuZXQgQi5WLjETMBEGA1UECwwKU1VSRmNv
                            bmV4dDEdMBsGA1UEAwwUZW5naW5lLnN1cmZjb25leHQubmwwggEiMA0GCSqGSIb3
                            DQEBAQUAA4IBDwAwggEKAoIBAQDMJ6v+f3owS3KR5IXSil+3XFwGvCVeYx3jDOFK
                            AnwvXlDpTu+t730b8/spHtlopyJVAlb6qBIPN7R4TGTLqiu0zebYsYx/PtqCk5cb
                            u9qs3h+p2BBoTXVwXA/ZYi0tqtxp04hcNrRj1TAgLyC0S+KASTF+zzccAcjTBid5
                            EMioo+YllgSEobWJ4X33XVRqNrikAPDsNmDrdKUi257JSO2xhVIG5lbtmDaL5ORC
                            D56oRmVdp7VQTEQ3Yass8J5Rn+Ub6WmRBYeG+KzFBvtyBput2o0/gvtJn9L+NWeD
                            B0LyUPaUYG/X4GF14FcmFQfz7I5jBCNHtPcLJbPYbZKQNhz/AgMBAAGjUDBOMB0G
                            A1UdDgQWBBS9QqP8gtMM6nm4oYzNbgqhEDP1aDAfBgNVHSMEGDAWgBS9QqP8gtMM
                            6nm4oYzNbgqhEDP1aDAMBgNVHRMEBTADAQH/MA0GCSqGSIb3DQEBBQUAA4IBAQBH
                            2qyYwLwesIOxUTj+NJ0VXRBDH8VecNLiUUs9Np4x8A0pxLvlNnv5TdJAruEg1LSV
                            mAqqPUdAB2m7CKDeUVM9cwOB7vqelV2GNgOfevXi+DZRMffyyE8qyIcnTqvDOgcR
                            8qGTPSVT+SIsOkV9bYrjltrbnal7cJermsA8SC5w/pjLaOHI1xIZHquZzymWoN3Z
                            fz2CQg2r5o+AURYd74GrHhHqVa9VrdWtcimB+vTQQihoLt8YciehpJjOMpx2D66e
                            FfpC8ix31RRdjAVIo1y33h1yU3gEHePDbOthZE+lpXi2WJqO85H85LqJOtgn2WPI
                            3P2Tx32Cq1WXCYkxLaPI
</ds:X509Certificate>
                    </ds:X509Data>
                </ds:KeyInfo>
            </md:KeyDescriptor>
            <md:KeyDescriptor xmlns:ds="http://www.w3.org/2000/09/xmldsig#" use="encryption">
                <ds:KeyInfo>
                    <ds:X509Data>
                        <ds:X509Certificate>MIIDyzCCArOgAwIBAgIJAMzixtXMUH1NMA0GCSqGSIb3DQEBBQUAMHwxCzAJBgNV
                            BAYTAk5MMRAwDgYDVQQIDAdVdHJlY2h0MRAwDgYDVQQHDAdVdHJlY2h0MRUwEwYD
                            VQQKDAxTVVJGbmV0IEIuVi4xEzARBgNVBAsMClNVUkZjb25leHQxHTAbBgNVBAMM
                            FGVuZ2luZS5zdXJmY29uZXh0Lm5sMB4XDTExMDEyNDEwMTg1N1oXDTIxMDEyMzEw
                            MTg1N1owfDELMAkGA1UEBhMCTkwxEDAOBgNVBAgMB1V0cmVjaHQxEDAOBgNVBAcM
                            B1V0cmVjaHQxFTATBgNVBAoMDFNVUkZuZXQgQi5WLjETMBEGA1UECwwKU1VSRmNv
                            bmV4dDEdMBsGA1UEAwwUZW5naW5lLnN1cmZjb25leHQubmwwggEiMA0GCSqGSIb3
                            DQEBAQUAA4IBDwAwggEKAoIBAQDMJ6v+f3owS3KR5IXSil+3XFwGvCVeYx3jDOFK
                            AnwvXlDpTu+t730b8/spHtlopyJVAlb6qBIPN7R4TGTLqiu0zebYsYx/PtqCk5cb
                            u9qs3h+p2BBoTXVwXA/ZYi0tqtxp04hcNrRj1TAgLyC0S+KASTF+zzccAcjTBid5
                            EMioo+YllgSEobWJ4X33XVRqNrikAPDsNmDrdKUi257JSO2xhVIG5lbtmDaL5ORC
                            D56oRmVdp7VQTEQ3Yass8J5Rn+Ub6WmRBYeG+KzFBvtyBput2o0/gvtJn9L+NWeD
                            B0LyUPaUYG/X4GF14FcmFQfz7I5jBCNHtPcLJbPYbZKQNhz/AgMBAAGjUDBOMB0G
                            A1UdDgQWBBS9QqP8gtMM6nm4oYzNbgqhEDP1aDAfBgNVHSMEGDAWgBS9QqP8gtMM
                            6nm4oYzNbgqhEDP1aDAMBgNVHRMEBTADAQH/MA0GCSqGSIb3DQEBBQUAA4IBAQBH
                            2qyYwLwesIOxUTj+NJ0VXRBDH8VecNLiUUs9Np4x8A0pxLvlNnv5TdJAruEg1LSV
                            mAqqPUdAB2m7CKDeUVM9cwOB7vqelV2GNgOfevXi+DZRMffyyE8qyIcnTqvDOgcR
                            8qGTPSVT+SIsOkV9bYrjltrbnal7cJermsA8SC5w/pjLaOHI1xIZHquZzymWoN3Z
                            fz2CQg2r5o+AURYd74GrHhHqVa9VrdWtcimB+vTQQihoLt8YciehpJjOMpx2D66e
                            FfpC8ix31RRdjAVIo1y33h1yU3gEHePDbOthZE+lpXi2WJqO85H85LqJOtgn2WPI
                            3P2Tx32Cq1WXCYkxLaPI
</ds:X509Certificate>
                    </ds:X509Data>
                </ds:KeyInfo>
            </md:KeyDescriptor>
            <md:NameIDFormat>urn:oasis:names:tc:SAML:2.0:nameid-format:transient</md:NameIDFormat>
            <md:SingleSignOnService Binding="urn:oasis:names:tc:SAML:2.0:bindings:HTTP-Redirect" Location="https://engine.surfconext.nl/authentication/idp/single-sign-on/2922b8f2adf2533f106f0af480d9b546"/>
        </md:IDPSSODescriptor>
    </md:EntityDescriptor>
    <md:EntityDescriptor validUntil="2013-01-30T11:03:12Z" entityID="https://idp.diy.surfconext.nl/simplesaml/saml2/idp/metadata.php">
        <md:IDPSSODescriptor protocolSupportEnumeration="urn:oasis:names:tc:SAML:2.0:protocol">
            <md:Extensions>
                <mdui:UIInfo>
                    <mdui:Description xml:lang="nl">SURFconext DIY IdP - This IdP is for testing only</mdui:Description>
                    <mdui:Description xml:lang="en">SURFconext DIY IdP - This IdP is for testing only</mdui:Description>
                    <mdui:Logo height="128" width="128">https://idp.diy.surfconext.nl/keyserver.png</mdui:Logo>
                    <mdui:Keywords xml:lang="nl">DIY test testing</mdui:Keywords>
                    <mdui:Keywords xml:lang="en">DIY test testing</mdui:Keywords>
                </mdui:UIInfo>
            </md:Extensions>
            <md:KeyDescriptor xmlns:ds="http://www.w3.org/2000/09/xmldsig#" use="signing">
                <ds:KeyInfo>
                    <ds:X509Data>
                        <ds:X509Certificate>MIIDyzCCArOgAwIBAgIJAMzixtXMUH1NMA0GCSqGSIb3DQEBBQUAMHwxCzAJBgNV
                            BAYTAk5MMRAwDgYDVQQIDAdVdHJlY2h0MRAwDgYDVQQHDAdVdHJlY2h0MRUwEwYD
                            VQQKDAxTVVJGbmV0IEIuVi4xEzARBgNVBAsMClNVUkZjb25leHQxHTAbBgNVBAMM
                            FGVuZ2luZS5zdXJmY29uZXh0Lm5sMB4XDTExMDEyNDEwMTg1N1oXDTIxMDEyMzEw
                            MTg1N1owfDELMAkGA1UEBhMCTkwxEDAOBgNVBAgMB1V0cmVjaHQxEDAOBgNVBAcM
                            B1V0cmVjaHQxFTATBgNVBAoMDFNVUkZuZXQgQi5WLjETMBEGA1UECwwKU1VSRmNv
                            bmV4dDEdMBsGA1UEAwwUZW5naW5lLnN1cmZjb25leHQubmwwggEiMA0GCSqGSIb3
                            DQEBAQUAA4IBDwAwggEKAoIBAQDMJ6v+f3owS3KR5IXSil+3XFwGvCVeYx3jDOFK
                            AnwvXlDpTu+t730b8/spHtlopyJVAlb6qBIPN7R4TGTLqiu0zebYsYx/PtqCk5cb
                            u9qs3h+p2BBoTXVwXA/ZYi0tqtxp04hcNrRj1TAgLyC0S+KASTF+zzccAcjTBid5
                            EMioo+YllgSEobWJ4X33XVRqNrikAPDsNmDrdKUi257JSO2xhVIG5lbtmDaL5ORC
                            D56oRmVdp7VQTEQ3Yass8J5Rn+Ub6WmRBYeG+KzFBvtyBput2o0/gvtJn9L+NWeD
                            B0LyUPaUYG/X4GF14FcmFQfz7I5jBCNHtPcLJbPYbZKQNhz/AgMBAAGjUDBOMB0G
                            A1UdDgQWBBS9QqP8gtMM6nm4oYzNbgqhEDP1aDAfBgNVHSMEGDAWgBS9QqP8gtMM
                            6nm4oYzNbgqhEDP1aDAMBgNVHRMEBTADAQH/MA0GCSqGSIb3DQEBBQUAA4IBAQBH
                            2qyYwLwesIOxUTj+NJ0VXRBDH8VecNLiUUs9Np4x8A0pxLvlNnv5TdJAruEg1LSV
                            mAqqPUdAB2m7CKDeUVM9cwOB7vqelV2GNgOfevXi+DZRMffyyE8qyIcnTqvDOgcR
                            8qGTPSVT+SIsOkV9bYrjltrbnal7cJermsA8SC5w/pjLaOHI1xIZHquZzymWoN3Z
                            fz2CQg2r5o+AURYd74GrHhHqVa9VrdWtcimB+vTQQihoLt8YciehpJjOMpx2D66e
                            FfpC8ix31RRdjAVIo1y33h1yU3gEHePDbOthZE+lpXi2WJqO85H85LqJOtgn2WPI
                            3P2Tx32Cq1WXCYkxLaPI
</ds:X509Certificate>
                    </ds:X509Data>
                </ds:KeyInfo>
            </md:KeyDescriptor>
            <md:KeyDescriptor xmlns:ds="http://www.w3.org/2000/09/xmldsig#" use="encryption">
                <ds:KeyInfo>
                    <ds:X509Data>
                        <ds:X509Certificate>MIIDyzCCArOgAwIBAgIJAMzixtXMUH1NMA0GCSqGSIb3DQEBBQUAMHwxCzAJBgNV
                            BAYTAk5MMRAwDgYDVQQIDAdVdHJlY2h0MRAwDgYDVQQHDAdVdHJlY2h0MRUwEwYD
                            VQQKDAxTVVJGbmV0IEIuVi4xEzARBgNVBAsMClNVUkZjb25leHQxHTAbBgNVBAMM
                            FGVuZ2luZS5zdXJmY29uZXh0Lm5sMB4XDTExMDEyNDEwMTg1N1oXDTIxMDEyMzEw
                            MTg1N1owfDELMAkGA1UEBhMCTkwxEDAOBgNVBAgMB1V0cmVjaHQxEDAOBgNVBAcM
                            B1V0cmVjaHQxFTATBgNVBAoMDFNVUkZuZXQgQi5WLjETMBEGA1UECwwKU1VSRmNv
                            bmV4dDEdMBsGA1UEAwwUZW5naW5lLnN1cmZjb25leHQubmwwggEiMA0GCSqGSIb3
                            DQEBAQUAA4IBDwAwggEKAoIBAQDMJ6v+f3owS3KR5IXSil+3XFwGvCVeYx3jDOFK
                            AnwvXlDpTu+t730b8/spHtlopyJVAlb6qBIPN7R4TGTLqiu0zebYsYx/PtqCk5cb
                            u9qs3h+p2BBoTXVwXA/ZYi0tqtxp04hcNrRj1TAgLyC0S+KASTF+zzccAcjTBid5
                            EMioo+YllgSEobWJ4X33XVRqNrikAPDsNmDrdKUi257JSO2xhVIG5lbtmDaL5ORC
                            D56oRmVdp7VQTEQ3Yass8J5Rn+Ub6WmRBYeG+KzFBvtyBput2o0/gvtJn9L+NWeD
                            B0LyUPaUYG/X4GF14FcmFQfz7I5jBCNHtPcLJbPYbZKQNhz/AgMBAAGjUDBOMB0G
                            A1UdDgQWBBS9QqP8gtMM6nm4oYzNbgqhEDP1aDAfBgNVHSMEGDAWgBS9QqP8gtMM
                            6nm4oYzNbgqhEDP1aDAMBgNVHRMEBTADAQH/MA0GCSqGSIb3DQEBBQUAA4IBAQBH
                            2qyYwLwesIOxUTj+NJ0VXRBDH8VecNLiUUs9Np4x8A0pxLvlNnv5TdJAruEg1LSV
                            mAqqPUdAB2m7CKDeUVM9cwOB7vqelV2GNgOfevXi+DZRMffyyE8qyIcnTqvDOgcR
                            8qGTPSVT+SIsOkV9bYrjltrbnal7cJermsA8SC5w/pjLaOHI1xIZHquZzymWoN3Z
                            fz2CQg2r5o+AURYd74GrHhHqVa9VrdWtcimB+vTQQihoLt8YciehpJjOMpx2D66e
                            FfpC8ix31RRdjAVIo1y33h1yU3gEHePDbOthZE+lpXi2WJqO85H85LqJOtgn2WPI
                            3P2Tx32Cq1WXCYkxLaPI
</ds:X509Certificate>
                    </ds:X509Data>
                </ds:KeyInfo>
            </md:KeyDescriptor>
            <md:NameIDFormat>urn:oasis:names:tc:SAML:2.0:nameid-format:transient</md:NameIDFormat>
            <md:SingleSignOnService Binding="urn:oasis:names:tc:SAML:2.0:bindings:HTTP-Redirect" Location="https://engine.surfconext.nl/authentication/idp/single-sign-on/982266d6a7313315b5dd9b12f47d1ad3"/>
        </md:IDPSSODescriptor>
    </md:EntityDescriptor>
    <md:EntityDescriptor validUntil="2013-01-30T11:03:12Z" entityID="SURFnet%20BV">
        <md:IDPSSODescriptor protocolSupportEnumeration="urn:oasis:names:tc:SAML:2.0:protocol">
            <md:Extensions>
                <mdui:UIInfo>
                    <mdui:DisplayName xml:lang="nl">SURFnet BV (old)</mdui:DisplayName>
                    <mdui:DisplayName xml:lang="en">SURFnet BV (old)</mdui:DisplayName>
                    <mdui:Description xml:lang="nl">SURFnet BV (old)</mdui:Description>
                    <mdui:Description xml:lang="en">SURFnet BV (old)</mdui:Description>
                    <mdui:Keywords xml:lang="nl">SURFnet BV SURF we make innovation work creators of surfconext konijn</mdui:Keywords>
                    <mdui:Keywords xml:lang="en">SURFnet BV SURF we make innovation work creators of surfconext konijn</mdui:Keywords>
                </mdui:UIInfo>
            </md:Extensions>
            <md:KeyDescriptor xmlns:ds="http://www.w3.org/2000/09/xmldsig#" use="signing">
                <ds:KeyInfo>
                    <ds:X509Data>
                        <ds:X509Certificate>MIIDyzCCArOgAwIBAgIJAMzixtXMUH1NMA0GCSqGSIb3DQEBBQUAMHwxCzAJBgNV
                            BAYTAk5MMRAwDgYDVQQIDAdVdHJlY2h0MRAwDgYDVQQHDAdVdHJlY2h0MRUwEwYD
                            VQQKDAxTVVJGbmV0IEIuVi4xEzARBgNVBAsMClNVUkZjb25leHQxHTAbBgNVBAMM
                            FGVuZ2luZS5zdXJmY29uZXh0Lm5sMB4XDTExMDEyNDEwMTg1N1oXDTIxMDEyMzEw
                            MTg1N1owfDELMAkGA1UEBhMCTkwxEDAOBgNVBAgMB1V0cmVjaHQxEDAOBgNVBAcM
                            B1V0cmVjaHQxFTATBgNVBAoMDFNVUkZuZXQgQi5WLjETMBEGA1UECwwKU1VSRmNv
                            bmV4dDEdMBsGA1UEAwwUZW5naW5lLnN1cmZjb25leHQubmwwggEiMA0GCSqGSIb3
                            DQEBAQUAA4IBDwAwggEKAoIBAQDMJ6v+f3owS3KR5IXSil+3XFwGvCVeYx3jDOFK
                            AnwvXlDpTu+t730b8/spHtlopyJVAlb6qBIPN7R4TGTLqiu0zebYsYx/PtqCk5cb
                            u9qs3h+p2BBoTXVwXA/ZYi0tqtxp04hcNrRj1TAgLyC0S+KASTF+zzccAcjTBid5
                            EMioo+YllgSEobWJ4X33XVRqNrikAPDsNmDrdKUi257JSO2xhVIG5lbtmDaL5ORC
                            D56oRmVdp7VQTEQ3Yass8J5Rn+Ub6WmRBYeG+KzFBvtyBput2o0/gvtJn9L+NWeD
                            B0LyUPaUYG/X4GF14FcmFQfz7I5jBCNHtPcLJbPYbZKQNhz/AgMBAAGjUDBOMB0G
                            A1UdDgQWBBS9QqP8gtMM6nm4oYzNbgqhEDP1aDAfBgNVHSMEGDAWgBS9QqP8gtMM
                            6nm4oYzNbgqhEDP1aDAMBgNVHRMEBTADAQH/MA0GCSqGSIb3DQEBBQUAA4IBAQBH
                            2qyYwLwesIOxUTj+NJ0VXRBDH8VecNLiUUs9Np4x8A0pxLvlNnv5TdJAruEg1LSV
                            mAqqPUdAB2m7CKDeUVM9cwOB7vqelV2GNgOfevXi+DZRMffyyE8qyIcnTqvDOgcR
                            8qGTPSVT+SIsOkV9bYrjltrbnal7cJermsA8SC5w/pjLaOHI1xIZHquZzymWoN3Z
                            fz2CQg2r5o+AURYd74GrHhHqVa9VrdWtcimB+vTQQihoLt8YciehpJjOMpx2D66e
                            FfpC8ix31RRdjAVIo1y33h1yU3gEHePDbOthZE+lpXi2WJqO85H85LqJOtgn2WPI
                            3P2Tx32Cq1WXCYkxLaPI
</ds:X509Certificate>
                    </ds:X509Data>
                </ds:KeyInfo>
            </md:KeyDescriptor>
            <md:KeyDescriptor xmlns:ds="http://www.w3.org/2000/09/xmldsig#" use="encryption">
                <ds:KeyInfo>
                    <ds:X509Data>
                        <ds:X509Certificate>MIIDyzCCArOgAwIBAgIJAMzixtXMUH1NMA0GCSqGSIb3DQEBBQUAMHwxCzAJBgNV
                            BAYTAk5MMRAwDgYDVQQIDAdVdHJlY2h0MRAwDgYDVQQHDAdVdHJlY2h0MRUwEwYD
                            VQQKDAxTVVJGbmV0IEIuVi4xEzARBgNVBAsMClNVUkZjb25leHQxHTAbBgNVBAMM
                            FGVuZ2luZS5zdXJmY29uZXh0Lm5sMB4XDTExMDEyNDEwMTg1N1oXDTIxMDEyMzEw
                            MTg1N1owfDELMAkGA1UEBhMCTkwxEDAOBgNVBAgMB1V0cmVjaHQxEDAOBgNVBAcM
                            B1V0cmVjaHQxFTATBgNVBAoMDFNVUkZuZXQgQi5WLjETMBEGA1UECwwKU1VSRmNv
                            bmV4dDEdMBsGA1UEAwwUZW5naW5lLnN1cmZjb25leHQubmwwggEiMA0GCSqGSIb3
                            DQEBAQUAA4IBDwAwggEKAoIBAQDMJ6v+f3owS3KR5IXSil+3XFwGvCVeYx3jDOFK
                            AnwvXlDpTu+t730b8/spHtlopyJVAlb6qBIPN7R4TGTLqiu0zebYsYx/PtqCk5cb
                            u9qs3h+p2BBoTXVwXA/ZYi0tqtxp04hcNrRj1TAgLyC0S+KASTF+zzccAcjTBid5
                            EMioo+YllgSEobWJ4X33XVRqNrikAPDsNmDrdKUi257JSO2xhVIG5lbtmDaL5ORC
                            D56oRmVdp7VQTEQ3Yass8J5Rn+Ub6WmRBYeG+KzFBvtyBput2o0/gvtJn9L+NWeD
                            B0LyUPaUYG/X4GF14FcmFQfz7I5jBCNHtPcLJbPYbZKQNhz/AgMBAAGjUDBOMB0G
                            A1UdDgQWBBS9QqP8gtMM6nm4oYzNbgqhEDP1aDAfBgNVHSMEGDAWgBS9QqP8gtMM
                            6nm4oYzNbgqhEDP1aDAMBgNVHRMEBTADAQH/MA0GCSqGSIb3DQEBBQUAA4IBAQBH
                            2qyYwLwesIOxUTj+NJ0VXRBDH8VecNLiUUs9Np4x8A0pxLvlNnv5TdJAruEg1LSV
                            mAqqPUdAB2m7CKDeUVM9cwOB7vqelV2GNgOfevXi+DZRMffyyE8qyIcnTqvDOgcR
                            8qGTPSVT+SIsOkV9bYrjltrbnal7cJermsA8SC5w/pjLaOHI1xIZHquZzymWoN3Z
                            fz2CQg2r5o+AURYd74GrHhHqVa9VrdWtcimB+vTQQihoLt8YciehpJjOMpx2D66e
                            FfpC8ix31RRdjAVIo1y33h1yU3gEHePDbOthZE+lpXi2WJqO85H85LqJOtgn2WPI
                            3P2Tx32Cq1WXCYkxLaPI
</ds:X509Certificate>
                    </ds:X509Data>
                </ds:KeyInfo>
            </md:KeyDescriptor>
            <md:NameIDFormat>urn:oasis:names:tc:SAML:2.0:nameid-format:transient</md:NameIDFormat>
            <md:SingleSignOnService Binding="urn:oasis:names:tc:SAML:2.0:bindings:HTTP-Redirect" Location="https://engine.surfconext.nl/authentication/idp/single-sign-on/d61505e6a7c687788287ffbe4fcf5fc0"/>
        </md:IDPSSODescriptor>
    </md:EntityDescriptor>
    <md:EntityDescriptor validUntil="2013-01-30T11:03:12Z" entityID="https://frko.surfnetlabs.nl/simplesamlphp/saml2/idp/metadata.php">
        <md:IDPSSODescriptor protocolSupportEnumeration="urn:oasis:names:tc:SAML:2.0:protocol">
            <md:Extensions>
                <mdui:UIInfo>
                    <mdui:Description xml:lang="en">A Test IdP for the SURFnet Summerschool</mdui:Description>
                    <mdui:Logo height="100" width="108">https://wiki.surfnetlabs.nl/download/attachments/18383385/hu.groot.png</mdui:Logo>
                    <mdui:Keywords xml:lang="en">surfnet summer summerschool apps school harderwijk university</mdui:Keywords>
                </mdui:UIInfo>
            </md:Extensions>
            <md:KeyDescriptor xmlns:ds="http://www.w3.org/2000/09/xmldsig#" use="signing">
                <ds:KeyInfo>
                    <ds:X509Data>
                        <ds:X509Certificate>MIIDyzCCArOgAwIBAgIJAMzixtXMUH1NMA0GCSqGSIb3DQEBBQUAMHwxCzAJBgNV
                            BAYTAk5MMRAwDgYDVQQIDAdVdHJlY2h0MRAwDgYDVQQHDAdVdHJlY2h0MRUwEwYD
                            VQQKDAxTVVJGbmV0IEIuVi4xEzARBgNVBAsMClNVUkZjb25leHQxHTAbBgNVBAMM
                            FGVuZ2luZS5zdXJmY29uZXh0Lm5sMB4XDTExMDEyNDEwMTg1N1oXDTIxMDEyMzEw
                            MTg1N1owfDELMAkGA1UEBhMCTkwxEDAOBgNVBAgMB1V0cmVjaHQxEDAOBgNVBAcM
                            B1V0cmVjaHQxFTATBgNVBAoMDFNVUkZuZXQgQi5WLjETMBEGA1UECwwKU1VSRmNv
                            bmV4dDEdMBsGA1UEAwwUZW5naW5lLnN1cmZjb25leHQubmwwggEiMA0GCSqGSIb3
                            DQEBAQUAA4IBDwAwggEKAoIBAQDMJ6v+f3owS3KR5IXSil+3XFwGvCVeYx3jDOFK
                            AnwvXlDpTu+t730b8/spHtlopyJVAlb6qBIPN7R4TGTLqiu0zebYsYx/PtqCk5cb
                            u9qs3h+p2BBoTXVwXA/ZYi0tqtxp04hcNrRj1TAgLyC0S+KASTF+zzccAcjTBid5
                            EMioo+YllgSEobWJ4X33XVRqNrikAPDsNmDrdKUi257JSO2xhVIG5lbtmDaL5ORC
                            D56oRmVdp7VQTEQ3Yass8J5Rn+Ub6WmRBYeG+KzFBvtyBput2o0/gvtJn9L+NWeD
                            B0LyUPaUYG/X4GF14FcmFQfz7I5jBCNHtPcLJbPYbZKQNhz/AgMBAAGjUDBOMB0G
                            A1UdDgQWBBS9QqP8gtMM6nm4oYzNbgqhEDP1aDAfBgNVHSMEGDAWgBS9QqP8gtMM
                            6nm4oYzNbgqhEDP1aDAMBgNVHRMEBTADAQH/MA0GCSqGSIb3DQEBBQUAA4IBAQBH
                            2qyYwLwesIOxUTj+NJ0VXRBDH8VecNLiUUs9Np4x8A0pxLvlNnv5TdJAruEg1LSV
                            mAqqPUdAB2m7CKDeUVM9cwOB7vqelV2GNgOfevXi+DZRMffyyE8qyIcnTqvDOgcR
                            8qGTPSVT+SIsOkV9bYrjltrbnal7cJermsA8SC5w/pjLaOHI1xIZHquZzymWoN3Z
                            fz2CQg2r5o+AURYd74GrHhHqVa9VrdWtcimB+vTQQihoLt8YciehpJjOMpx2D66e
                            FfpC8ix31RRdjAVIo1y33h1yU3gEHePDbOthZE+lpXi2WJqO85H85LqJOtgn2WPI
                            3P2Tx32Cq1WXCYkxLaPI
</ds:X509Certificate>
                    </ds:X509Data>
                </ds:KeyInfo>
            </md:KeyDescriptor>
            <md:KeyDescriptor xmlns:ds="http://www.w3.org/2000/09/xmldsig#" use="encryption">
                <ds:KeyInfo>
                    <ds:X509Data>
                        <ds:X509Certificate>MIIDyzCCArOgAwIBAgIJAMzixtXMUH1NMA0GCSqGSIb3DQEBBQUAMHwxCzAJBgNV
                            BAYTAk5MMRAwDgYDVQQIDAdVdHJlY2h0MRAwDgYDVQQHDAdVdHJlY2h0MRUwEwYD
                            VQQKDAxTVVJGbmV0IEIuVi4xEzARBgNVBAsMClNVUkZjb25leHQxHTAbBgNVBAMM
                            FGVuZ2luZS5zdXJmY29uZXh0Lm5sMB4XDTExMDEyNDEwMTg1N1oXDTIxMDEyMzEw
                            MTg1N1owfDELMAkGA1UEBhMCTkwxEDAOBgNVBAgMB1V0cmVjaHQxEDAOBgNVBAcM
                            B1V0cmVjaHQxFTATBgNVBAoMDFNVUkZuZXQgQi5WLjETMBEGA1UECwwKU1VSRmNv
                            bmV4dDEdMBsGA1UEAwwUZW5naW5lLnN1cmZjb25leHQubmwwggEiMA0GCSqGSIb3
                            DQEBAQUAA4IBDwAwggEKAoIBAQDMJ6v+f3owS3KR5IXSil+3XFwGvCVeYx3jDOFK
                            AnwvXlDpTu+t730b8/spHtlopyJVAlb6qBIPN7R4TGTLqiu0zebYsYx/PtqCk5cb
                            u9qs3h+p2BBoTXVwXA/ZYi0tqtxp04hcNrRj1TAgLyC0S+KASTF+zzccAcjTBid5
                            EMioo+YllgSEobWJ4X33XVRqNrikAPDsNmDrdKUi257JSO2xhVIG5lbtmDaL5ORC
                            D56oRmVdp7VQTEQ3Yass8J5Rn+Ub6WmRBYeG+KzFBvtyBput2o0/gvtJn9L+NWeD
                            B0LyUPaUYG/X4GF14FcmFQfz7I5jBCNHtPcLJbPYbZKQNhz/AgMBAAGjUDBOMB0G
                            A1UdDgQWBBS9QqP8gtMM6nm4oYzNbgqhEDP1aDAfBgNVHSMEGDAWgBS9QqP8gtMM
                            6nm4oYzNbgqhEDP1aDAMBgNVHRMEBTADAQH/MA0GCSqGSIb3DQEBBQUAA4IBAQBH
                            2qyYwLwesIOxUTj+NJ0VXRBDH8VecNLiUUs9Np4x8A0pxLvlNnv5TdJAruEg1LSV
                            mAqqPUdAB2m7CKDeUVM9cwOB7vqelV2GNgOfevXi+DZRMffyyE8qyIcnTqvDOgcR
                            8qGTPSVT+SIsOkV9bYrjltrbnal7cJermsA8SC5w/pjLaOHI1xIZHquZzymWoN3Z
                            fz2CQg2r5o+AURYd74GrHhHqVa9VrdWtcimB+vTQQihoLt8YciehpJjOMpx2D66e
                            FfpC8ix31RRdjAVIo1y33h1yU3gEHePDbOthZE+lpXi2WJqO85H85LqJOtgn2WPI
                            3P2Tx32Cq1WXCYkxLaPI
</ds:X509Certificate>
                    </ds:X509Data>
                </ds:KeyInfo>
            </md:KeyDescriptor>
            <md:NameIDFormat>urn:oasis:names:tc:SAML:2.0:nameid-format:transient</md:NameIDFormat>
            <md:SingleSignOnService Binding="urn:oasis:names:tc:SAML:2.0:bindings:HTTP-Redirect" Location="https://engine.surfconext.nl/authentication/idp/single-sign-on/0dd05616c3993316ca6805540765681d"/>
        </md:IDPSSODescriptor>
    </md:EntityDescriptor>
    <md:EntityDescriptor validUntil="2013-01-30T11:03:12Z" entityID="urn:federation:Trimbos">
        <md:IDPSSODescriptor protocolSupportEnumeration="urn:oasis:names:tc:SAML:2.0:protocol">
            <md:Extensions>
                <mdui:UIInfo>
                    <mdui:DisplayName xml:lang="nl">Trimbos Instituut</mdui:DisplayName>
                    <mdui:DisplayName xml:lang="en">Trimbos Instituut</mdui:DisplayName>
                    <mdui:Description xml:lang="nl">Trimbos Instituut</mdui:Description>
                    <mdui:Description xml:lang="en">Trimbos Instituut</mdui:Description>
                    <mdui:Logo height="34" width="108">https://wayf.surfnet.nl/federate/surfnet/img/logo/trimbos.png</mdui:Logo>
                    <mdui:Keywords xml:lang="nl">Trimbos Instituut</mdui:Keywords>
                    <mdui:Keywords xml:lang="en">Trimbos Instituut</mdui:Keywords>
                </mdui:UIInfo>
            </md:Extensions>
            <md:KeyDescriptor xmlns:ds="http://www.w3.org/2000/09/xmldsig#" use="signing">
                <ds:KeyInfo>
                    <ds:X509Data>
                        <ds:X509Certificate>MIIDyzCCArOgAwIBAgIJAMzixtXMUH1NMA0GCSqGSIb3DQEBBQUAMHwxCzAJBgNV
                            BAYTAk5MMRAwDgYDVQQIDAdVdHJlY2h0MRAwDgYDVQQHDAdVdHJlY2h0MRUwEwYD
                            VQQKDAxTVVJGbmV0IEIuVi4xEzARBgNVBAsMClNVUkZjb25leHQxHTAbBgNVBAMM
                            FGVuZ2luZS5zdXJmY29uZXh0Lm5sMB4XDTExMDEyNDEwMTg1N1oXDTIxMDEyMzEw
                            MTg1N1owfDELMAkGA1UEBhMCTkwxEDAOBgNVBAgMB1V0cmVjaHQxEDAOBgNVBAcM
                            B1V0cmVjaHQxFTATBgNVBAoMDFNVUkZuZXQgQi5WLjETMBEGA1UECwwKU1VSRmNv
                            bmV4dDEdMBsGA1UEAwwUZW5naW5lLnN1cmZjb25leHQubmwwggEiMA0GCSqGSIb3
                            DQEBAQUAA4IBDwAwggEKAoIBAQDMJ6v+f3owS3KR5IXSil+3XFwGvCVeYx3jDOFK
                            AnwvXlDpTu+t730b8/spHtlopyJVAlb6qBIPN7R4TGTLqiu0zebYsYx/PtqCk5cb
                            u9qs3h+p2BBoTXVwXA/ZYi0tqtxp04hcNrRj1TAgLyC0S+KASTF+zzccAcjTBid5
                            EMioo+YllgSEobWJ4X33XVRqNrikAPDsNmDrdKUi257JSO2xhVIG5lbtmDaL5ORC
                            D56oRmVdp7VQTEQ3Yass8J5Rn+Ub6WmRBYeG+KzFBvtyBput2o0/gvtJn9L+NWeD
                            B0LyUPaUYG/X4GF14FcmFQfz7I5jBCNHtPcLJbPYbZKQNhz/AgMBAAGjUDBOMB0G
                            A1UdDgQWBBS9QqP8gtMM6nm4oYzNbgqhEDP1aDAfBgNVHSMEGDAWgBS9QqP8gtMM
                            6nm4oYzNbgqhEDP1aDAMBgNVHRMEBTADAQH/MA0GCSqGSIb3DQEBBQUAA4IBAQBH
                            2qyYwLwesIOxUTj+NJ0VXRBDH8VecNLiUUs9Np4x8A0pxLvlNnv5TdJAruEg1LSV
                            mAqqPUdAB2m7CKDeUVM9cwOB7vqelV2GNgOfevXi+DZRMffyyE8qyIcnTqvDOgcR
                            8qGTPSVT+SIsOkV9bYrjltrbnal7cJermsA8SC5w/pjLaOHI1xIZHquZzymWoN3Z
                            fz2CQg2r5o+AURYd74GrHhHqVa9VrdWtcimB+vTQQihoLt8YciehpJjOMpx2D66e
                            FfpC8ix31RRdjAVIo1y33h1yU3gEHePDbOthZE+lpXi2WJqO85H85LqJOtgn2WPI
                            3P2Tx32Cq1WXCYkxLaPI
</ds:X509Certificate>
                    </ds:X509Data>
                </ds:KeyInfo>
            </md:KeyDescriptor>
            <md:KeyDescriptor xmlns:ds="http://www.w3.org/2000/09/xmldsig#" use="encryption">
                <ds:KeyInfo>
                    <ds:X509Data>
                        <ds:X509Certificate>MIIDyzCCArOgAwIBAgIJAMzixtXMUH1NMA0GCSqGSIb3DQEBBQUAMHwxCzAJBgNV
                            BAYTAk5MMRAwDgYDVQQIDAdVdHJlY2h0MRAwDgYDVQQHDAdVdHJlY2h0MRUwEwYD
                            VQQKDAxTVVJGbmV0IEIuVi4xEzARBgNVBAsMClNVUkZjb25leHQxHTAbBgNVBAMM
                            FGVuZ2luZS5zdXJmY29uZXh0Lm5sMB4XDTExMDEyNDEwMTg1N1oXDTIxMDEyMzEw
                            MTg1N1owfDELMAkGA1UEBhMCTkwxEDAOBgNVBAgMB1V0cmVjaHQxEDAOBgNVBAcM
                            B1V0cmVjaHQxFTATBgNVBAoMDFNVUkZuZXQgQi5WLjETMBEGA1UECwwKU1VSRmNv
                            bmV4dDEdMBsGA1UEAwwUZW5naW5lLnN1cmZjb25leHQubmwwggEiMA0GCSqGSIb3
                            DQEBAQUAA4IBDwAwggEKAoIBAQDMJ6v+f3owS3KR5IXSil+3XFwGvCVeYx3jDOFK
                            AnwvXlDpTu+t730b8/spHtlopyJVAlb6qBIPN7R4TGTLqiu0zebYsYx/PtqCk5cb
                            u9qs3h+p2BBoTXVwXA/ZYi0tqtxp04hcNrRj1TAgLyC0S+KASTF+zzccAcjTBid5
                            EMioo+YllgSEobWJ4X33XVRqNrikAPDsNmDrdKUi257JSO2xhVIG5lbtmDaL5ORC
                            D56oRmVdp7VQTEQ3Yass8J5Rn+Ub6WmRBYeG+KzFBvtyBput2o0/gvtJn9L+NWeD
                            B0LyUPaUYG/X4GF14FcmFQfz7I5jBCNHtPcLJbPYbZKQNhz/AgMBAAGjUDBOMB0G
                            A1UdDgQWBBS9QqP8gtMM6nm4oYzNbgqhEDP1aDAfBgNVHSMEGDAWgBS9QqP8gtMM
                            6nm4oYzNbgqhEDP1aDAMBgNVHRMEBTADAQH/MA0GCSqGSIb3DQEBBQUAA4IBAQBH
                            2qyYwLwesIOxUTj+NJ0VXRBDH8VecNLiUUs9Np4x8A0pxLvlNnv5TdJAruEg1LSV
                            mAqqPUdAB2m7CKDeUVM9cwOB7vqelV2GNgOfevXi+DZRMffyyE8qyIcnTqvDOgcR
                            8qGTPSVT+SIsOkV9bYrjltrbnal7cJermsA8SC5w/pjLaOHI1xIZHquZzymWoN3Z
                            fz2CQg2r5o+AURYd74GrHhHqVa9VrdWtcimB+vTQQihoLt8YciehpJjOMpx2D66e
                            FfpC8ix31RRdjAVIo1y33h1yU3gEHePDbOthZE+lpXi2WJqO85H85LqJOtgn2WPI
                            3P2Tx32Cq1WXCYkxLaPI
</ds:X509Certificate>
                    </ds:X509Data>
                </ds:KeyInfo>
            </md:KeyDescriptor>
            <md:NameIDFormat>urn:oasis:names:tc:SAML:2.0:nameid-format:transient</md:NameIDFormat>
            <md:SingleSignOnService Binding="urn:oasis:names:tc:SAML:2.0:bindings:HTTP-Redirect" Location="https://engine.surfconext.nl/authentication/idp/single-sign-on/9e0d0f66d364b4910fb3ca3a8b19af48"/>
        </md:IDPSSODescriptor>
    </md:EntityDescriptor>
    <md:EntityDescriptor validUntil="2013-01-30T11:03:12Z" entityID="urn:federation:ArtEZ">
        <md:IDPSSODescriptor protocolSupportEnumeration="urn:oasis:names:tc:SAML:2.0:protocol">
            <md:Extensions>
                <mdui:UIInfo>
                    <mdui:DisplayName xml:lang="nl">ArtEZ Hogeschool voor de Kunsten</mdui:DisplayName>
                    <mdui:DisplayName xml:lang="en">ArtEZ Institute of the Arts</mdui:DisplayName>
                    <mdui:Description xml:lang="nl">ArtEZ Hogeschool voor de Kunsten</mdui:Description>
                    <mdui:Description xml:lang="en">ArtEZ Hogeschool voor de Kunsten</mdui:Description>
                    <mdui:Keywords xml:lang="nl">ArtEZ Institute of the Arts ArtEZ Hogeschool voor de Kunsten</mdui:Keywords>
                    <mdui:Keywords xml:lang="en">ArtEZ Institute of the Arts ArtEZ Hogeschool voor de Kunsten</mdui:Keywords>
                </mdui:UIInfo>
            </md:Extensions>
            <md:KeyDescriptor xmlns:ds="http://www.w3.org/2000/09/xmldsig#" use="signing">
                <ds:KeyInfo>
                    <ds:X509Data>
                        <ds:X509Certificate>MIIDyzCCArOgAwIBAgIJAMzixtXMUH1NMA0GCSqGSIb3DQEBBQUAMHwxCzAJBgNV
                            BAYTAk5MMRAwDgYDVQQIDAdVdHJlY2h0MRAwDgYDVQQHDAdVdHJlY2h0MRUwEwYD
                            VQQKDAxTVVJGbmV0IEIuVi4xEzARBgNVBAsMClNVUkZjb25leHQxHTAbBgNVBAMM
                            FGVuZ2luZS5zdXJmY29uZXh0Lm5sMB4XDTExMDEyNDEwMTg1N1oXDTIxMDEyMzEw
                            MTg1N1owfDELMAkGA1UEBhMCTkwxEDAOBgNVBAgMB1V0cmVjaHQxEDAOBgNVBAcM
                            B1V0cmVjaHQxFTATBgNVBAoMDFNVUkZuZXQgQi5WLjETMBEGA1UECwwKU1VSRmNv
                            bmV4dDEdMBsGA1UEAwwUZW5naW5lLnN1cmZjb25leHQubmwwggEiMA0GCSqGSIb3
                            DQEBAQUAA4IBDwAwggEKAoIBAQDMJ6v+f3owS3KR5IXSil+3XFwGvCVeYx3jDOFK
                            AnwvXlDpTu+t730b8/spHtlopyJVAlb6qBIPN7R4TGTLqiu0zebYsYx/PtqCk5cb
                            u9qs3h+p2BBoTXVwXA/ZYi0tqtxp04hcNrRj1TAgLyC0S+KASTF+zzccAcjTBid5
                            EMioo+YllgSEobWJ4X33XVRqNrikAPDsNmDrdKUi257JSO2xhVIG5lbtmDaL5ORC
                            D56oRmVdp7VQTEQ3Yass8J5Rn+Ub6WmRBYeG+KzFBvtyBput2o0/gvtJn9L+NWeD
                            B0LyUPaUYG/X4GF14FcmFQfz7I5jBCNHtPcLJbPYbZKQNhz/AgMBAAGjUDBOMB0G
                            A1UdDgQWBBS9QqP8gtMM6nm4oYzNbgqhEDP1aDAfBgNVHSMEGDAWgBS9QqP8gtMM
                            6nm4oYzNbgqhEDP1aDAMBgNVHRMEBTADAQH/MA0GCSqGSIb3DQEBBQUAA4IBAQBH
                            2qyYwLwesIOxUTj+NJ0VXRBDH8VecNLiUUs9Np4x8A0pxLvlNnv5TdJAruEg1LSV
                            mAqqPUdAB2m7CKDeUVM9cwOB7vqelV2GNgOfevXi+DZRMffyyE8qyIcnTqvDOgcR
                            8qGTPSVT+SIsOkV9bYrjltrbnal7cJermsA8SC5w/pjLaOHI1xIZHquZzymWoN3Z
                            fz2CQg2r5o+AURYd74GrHhHqVa9VrdWtcimB+vTQQihoLt8YciehpJjOMpx2D66e
                            FfpC8ix31RRdjAVIo1y33h1yU3gEHePDbOthZE+lpXi2WJqO85H85LqJOtgn2WPI
                            3P2Tx32Cq1WXCYkxLaPI
</ds:X509Certificate>
                    </ds:X509Data>
                </ds:KeyInfo>
            </md:KeyDescriptor>
            <md:KeyDescriptor xmlns:ds="http://www.w3.org/2000/09/xmldsig#" use="encryption">
                <ds:KeyInfo>
                    <ds:X509Data>
                        <ds:X509Certificate>MIIDyzCCArOgAwIBAgIJAMzixtXMUH1NMA0GCSqGSIb3DQEBBQUAMHwxCzAJBgNV
                            BAYTAk5MMRAwDgYDVQQIDAdVdHJlY2h0MRAwDgYDVQQHDAdVdHJlY2h0MRUwEwYD
                            VQQKDAxTVVJGbmV0IEIuVi4xEzARBgNVBAsMClNVUkZjb25leHQxHTAbBgNVBAMM
                            FGVuZ2luZS5zdXJmY29uZXh0Lm5sMB4XDTExMDEyNDEwMTg1N1oXDTIxMDEyMzEw
                            MTg1N1owfDELMAkGA1UEBhMCTkwxEDAOBgNVBAgMB1V0cmVjaHQxEDAOBgNVBAcM
                            B1V0cmVjaHQxFTATBgNVBAoMDFNVUkZuZXQgQi5WLjETMBEGA1UECwwKU1VSRmNv
                            bmV4dDEdMBsGA1UEAwwUZW5naW5lLnN1cmZjb25leHQubmwwggEiMA0GCSqGSIb3
                            DQEBAQUAA4IBDwAwggEKAoIBAQDMJ6v+f3owS3KR5IXSil+3XFwGvCVeYx3jDOFK
                            AnwvXlDpTu+t730b8/spHtlopyJVAlb6qBIPN7R4TGTLqiu0zebYsYx/PtqCk5cb
                            u9qs3h+p2BBoTXVwXA/ZYi0tqtxp04hcNrRj1TAgLyC0S+KASTF+zzccAcjTBid5
                            EMioo+YllgSEobWJ4X33XVRqNrikAPDsNmDrdKUi257JSO2xhVIG5lbtmDaL5ORC
                            D56oRmVdp7VQTEQ3Yass8J5Rn+Ub6WmRBYeG+KzFBvtyBput2o0/gvtJn9L+NWeD
                            B0LyUPaUYG/X4GF14FcmFQfz7I5jBCNHtPcLJbPYbZKQNhz/AgMBAAGjUDBOMB0G
                            A1UdDgQWBBS9QqP8gtMM6nm4oYzNbgqhEDP1aDAfBgNVHSMEGDAWgBS9QqP8gtMM
                            6nm4oYzNbgqhEDP1aDAMBgNVHRMEBTADAQH/MA0GCSqGSIb3DQEBBQUAA4IBAQBH
                            2qyYwLwesIOxUTj+NJ0VXRBDH8VecNLiUUs9Np4x8A0pxLvlNnv5TdJAruEg1LSV
                            mAqqPUdAB2m7CKDeUVM9cwOB7vqelV2GNgOfevXi+DZRMffyyE8qyIcnTqvDOgcR
                            8qGTPSVT+SIsOkV9bYrjltrbnal7cJermsA8SC5w/pjLaOHI1xIZHquZzymWoN3Z
                            fz2CQg2r5o+AURYd74GrHhHqVa9VrdWtcimB+vTQQihoLt8YciehpJjOMpx2D66e
                            FfpC8ix31RRdjAVIo1y33h1yU3gEHePDbOthZE+lpXi2WJqO85H85LqJOtgn2WPI
                            3P2Tx32Cq1WXCYkxLaPI
</ds:X509Certificate>
                    </ds:X509Data>
                </ds:KeyInfo>
            </md:KeyDescriptor>
            <md:NameIDFormat>urn:oasis:names:tc:SAML:2.0:nameid-format:transient</md:NameIDFormat>
            <md:SingleSignOnService Binding="urn:oasis:names:tc:SAML:2.0:bindings:HTTP-Redirect" Location="https://engine.surfconext.nl/authentication/idp/single-sign-on/9fdfbbcfe29540da529956fe7910a9e4"/>
        </md:IDPSSODescriptor>
    </md:EntityDescriptor>
    <md:EntityDescriptor validUntil="2013-01-30T11:03:12Z" entityID="https://idp.catharijnecollege.nl/simplesaml/saml2/idp/metadata.php">
        <md:IDPSSODescriptor protocolSupportEnumeration="urn:oasis:names:tc:SAML:2.0:protocol">
            <md:Extensions>
                <mdui:UIInfo>
                    <mdui:DisplayName xml:lang="nl">Catharijne College</mdui:DisplayName>
                    <mdui:DisplayName xml:lang="en">Catharijne College</mdui:DisplayName>
                    <mdui:Description xml:lang="nl">Catharijne College test IdP</mdui:Description>
                    <mdui:Description xml:lang="en">Catharijne College test IdP</mdui:Description>
                    <mdui:Logo height="28" width="108">https://wayf-test.surfnet.nl/federate/surfnet/img/logo/catharijne.gif</mdui:Logo>
                </mdui:UIInfo>
            </md:Extensions>
            <md:KeyDescriptor xmlns:ds="http://www.w3.org/2000/09/xmldsig#" use="signing">
                <ds:KeyInfo>
                    <ds:X509Data>
                        <ds:X509Certificate>MIIDyzCCArOgAwIBAgIJAMzixtXMUH1NMA0GCSqGSIb3DQEBBQUAMHwxCzAJBgNV
                            BAYTAk5MMRAwDgYDVQQIDAdVdHJlY2h0MRAwDgYDVQQHDAdVdHJlY2h0MRUwEwYD
                            VQQKDAxTVVJGbmV0IEIuVi4xEzARBgNVBAsMClNVUkZjb25leHQxHTAbBgNVBAMM
                            FGVuZ2luZS5zdXJmY29uZXh0Lm5sMB4XDTExMDEyNDEwMTg1N1oXDTIxMDEyMzEw
                            MTg1N1owfDELMAkGA1UEBhMCTkwxEDAOBgNVBAgMB1V0cmVjaHQxEDAOBgNVBAcM
                            B1V0cmVjaHQxFTATBgNVBAoMDFNVUkZuZXQgQi5WLjETMBEGA1UECwwKU1VSRmNv
                            bmV4dDEdMBsGA1UEAwwUZW5naW5lLnN1cmZjb25leHQubmwwggEiMA0GCSqGSIb3
                            DQEBAQUAA4IBDwAwggEKAoIBAQDMJ6v+f3owS3KR5IXSil+3XFwGvCVeYx3jDOFK
                            AnwvXlDpTu+t730b8/spHtlopyJVAlb6qBIPN7R4TGTLqiu0zebYsYx/PtqCk5cb
                            u9qs3h+p2BBoTXVwXA/ZYi0tqtxp04hcNrRj1TAgLyC0S+KASTF+zzccAcjTBid5
                            EMioo+YllgSEobWJ4X33XVRqNrikAPDsNmDrdKUi257JSO2xhVIG5lbtmDaL5ORC
                            D56oRmVdp7VQTEQ3Yass8J5Rn+Ub6WmRBYeG+KzFBvtyBput2o0/gvtJn9L+NWeD
                            B0LyUPaUYG/X4GF14FcmFQfz7I5jBCNHtPcLJbPYbZKQNhz/AgMBAAGjUDBOMB0G
                            A1UdDgQWBBS9QqP8gtMM6nm4oYzNbgqhEDP1aDAfBgNVHSMEGDAWgBS9QqP8gtMM
                            6nm4oYzNbgqhEDP1aDAMBgNVHRMEBTADAQH/MA0GCSqGSIb3DQEBBQUAA4IBAQBH
                            2qyYwLwesIOxUTj+NJ0VXRBDH8VecNLiUUs9Np4x8A0pxLvlNnv5TdJAruEg1LSV
                            mAqqPUdAB2m7CKDeUVM9cwOB7vqelV2GNgOfevXi+DZRMffyyE8qyIcnTqvDOgcR
                            8qGTPSVT+SIsOkV9bYrjltrbnal7cJermsA8SC5w/pjLaOHI1xIZHquZzymWoN3Z
                            fz2CQg2r5o+AURYd74GrHhHqVa9VrdWtcimB+vTQQihoLt8YciehpJjOMpx2D66e
                            FfpC8ix31RRdjAVIo1y33h1yU3gEHePDbOthZE+lpXi2WJqO85H85LqJOtgn2WPI
                            3P2Tx32Cq1WXCYkxLaPI
</ds:X509Certificate>
                    </ds:X509Data>
                </ds:KeyInfo>
            </md:KeyDescriptor>
            <md:KeyDescriptor xmlns:ds="http://www.w3.org/2000/09/xmldsig#" use="encryption">
                <ds:KeyInfo>
                    <ds:X509Data>
                        <ds:X509Certificate>MIIDyzCCArOgAwIBAgIJAMzixtXMUH1NMA0GCSqGSIb3DQEBBQUAMHwxCzAJBgNV
                            BAYTAk5MMRAwDgYDVQQIDAdVdHJlY2h0MRAwDgYDVQQHDAdVdHJlY2h0MRUwEwYD
                            VQQKDAxTVVJGbmV0IEIuVi4xEzARBgNVBAsMClNVUkZjb25leHQxHTAbBgNVBAMM
                            FGVuZ2luZS5zdXJmY29uZXh0Lm5sMB4XDTExMDEyNDEwMTg1N1oXDTIxMDEyMzEw
                            MTg1N1owfDELMAkGA1UEBhMCTkwxEDAOBgNVBAgMB1V0cmVjaHQxEDAOBgNVBAcM
                            B1V0cmVjaHQxFTATBgNVBAoMDFNVUkZuZXQgQi5WLjETMBEGA1UECwwKU1VSRmNv
                            bmV4dDEdMBsGA1UEAwwUZW5naW5lLnN1cmZjb25leHQubmwwggEiMA0GCSqGSIb3
                            DQEBAQUAA4IBDwAwggEKAoIBAQDMJ6v+f3owS3KR5IXSil+3XFwGvCVeYx3jDOFK
                            AnwvXlDpTu+t730b8/spHtlopyJVAlb6qBIPN7R4TGTLqiu0zebYsYx/PtqCk5cb
                            u9qs3h+p2BBoTXVwXA/ZYi0tqtxp04hcNrRj1TAgLyC0S+KASTF+zzccAcjTBid5
                            EMioo+YllgSEobWJ4X33XVRqNrikAPDsNmDrdKUi257JSO2xhVIG5lbtmDaL5ORC
                            D56oRmVdp7VQTEQ3Yass8J5Rn+Ub6WmRBYeG+KzFBvtyBput2o0/gvtJn9L+NWeD
                            B0LyUPaUYG/X4GF14FcmFQfz7I5jBCNHtPcLJbPYbZKQNhz/AgMBAAGjUDBOMB0G
                            A1UdDgQWBBS9QqP8gtMM6nm4oYzNbgqhEDP1aDAfBgNVHSMEGDAWgBS9QqP8gtMM
                            6nm4oYzNbgqhEDP1aDAMBgNVHRMEBTADAQH/MA0GCSqGSIb3DQEBBQUAA4IBAQBH
                            2qyYwLwesIOxUTj+NJ0VXRBDH8VecNLiUUs9Np4x8A0pxLvlNnv5TdJAruEg1LSV
                            mAqqPUdAB2m7CKDeUVM9cwOB7vqelV2GNgOfevXi+DZRMffyyE8qyIcnTqvDOgcR
                            8qGTPSVT+SIsOkV9bYrjltrbnal7cJermsA8SC5w/pjLaOHI1xIZHquZzymWoN3Z
                            fz2CQg2r5o+AURYd74GrHhHqVa9VrdWtcimB+vTQQihoLt8YciehpJjOMpx2D66e
                            FfpC8ix31RRdjAVIo1y33h1yU3gEHePDbOthZE+lpXi2WJqO85H85LqJOtgn2WPI
                            3P2Tx32Cq1WXCYkxLaPI
</ds:X509Certificate>
                    </ds:X509Data>
                </ds:KeyInfo>
            </md:KeyDescriptor>
            <md:NameIDFormat>urn:oasis:names:tc:SAML:2.0:nameid-format:transient</md:NameIDFormat>
            <md:SingleSignOnService Binding="urn:oasis:names:tc:SAML:2.0:bindings:HTTP-Redirect" Location="https://engine.surfconext.nl/authentication/idp/single-sign-on/77c585a1c175de009f90f3fa21b6e339"/>
        </md:IDPSSODescriptor>
    </md:EntityDescriptor>
    <md:EntityDescriptor validUntil="2013-01-30T11:03:12Z" entityID="http://ad.w2k8.test.localdomain/adfs/services/trust">
        <md:IDPSSODescriptor protocolSupportEnumeration="urn:oasis:names:tc:SAML:2.0:protocol">
            <md:Extensions>
                <mdui:UIInfo>
                    <mdui:Description xml:lang="nl">Remold - ADFS Test</mdui:Description>
                    <mdui:Description xml:lang="en">Remold - ADFS Test</mdui:Description>
                    <mdui:Logo height="60" width="120">https://.png</mdui:Logo>
                </mdui:UIInfo>
            </md:Extensions>
            <md:KeyDescriptor xmlns:ds="http://www.w3.org/2000/09/xmldsig#" use="signing">
                <ds:KeyInfo>
                    <ds:X509Data>
                        <ds:X509Certificate>MIIDyzCCArOgAwIBAgIJAMzixtXMUH1NMA0GCSqGSIb3DQEBBQUAMHwxCzAJBgNV
                            BAYTAk5MMRAwDgYDVQQIDAdVdHJlY2h0MRAwDgYDVQQHDAdVdHJlY2h0MRUwEwYD
                            VQQKDAxTVVJGbmV0IEIuVi4xEzARBgNVBAsMClNVUkZjb25leHQxHTAbBgNVBAMM
                            FGVuZ2luZS5zdXJmY29uZXh0Lm5sMB4XDTExMDEyNDEwMTg1N1oXDTIxMDEyMzEw
                            MTg1N1owfDELMAkGA1UEBhMCTkwxEDAOBgNVBAgMB1V0cmVjaHQxEDAOBgNVBAcM
                            B1V0cmVjaHQxFTATBgNVBAoMDFNVUkZuZXQgQi5WLjETMBEGA1UECwwKU1VSRmNv
                            bmV4dDEdMBsGA1UEAwwUZW5naW5lLnN1cmZjb25leHQubmwwggEiMA0GCSqGSIb3
                            DQEBAQUAA4IBDwAwggEKAoIBAQDMJ6v+f3owS3KR5IXSil+3XFwGvCVeYx3jDOFK
                            AnwvXlDpTu+t730b8/spHtlopyJVAlb6qBIPN7R4TGTLqiu0zebYsYx/PtqCk5cb
                            u9qs3h+p2BBoTXVwXA/ZYi0tqtxp04hcNrRj1TAgLyC0S+KASTF+zzccAcjTBid5
                            EMioo+YllgSEobWJ4X33XVRqNrikAPDsNmDrdKUi257JSO2xhVIG5lbtmDaL5ORC
                            D56oRmVdp7VQTEQ3Yass8J5Rn+Ub6WmRBYeG+KzFBvtyBput2o0/gvtJn9L+NWeD
                            B0LyUPaUYG/X4GF14FcmFQfz7I5jBCNHtPcLJbPYbZKQNhz/AgMBAAGjUDBOMB0G
                            A1UdDgQWBBS9QqP8gtMM6nm4oYzNbgqhEDP1aDAfBgNVHSMEGDAWgBS9QqP8gtMM
                            6nm4oYzNbgqhEDP1aDAMBgNVHRMEBTADAQH/MA0GCSqGSIb3DQEBBQUAA4IBAQBH
                            2qyYwLwesIOxUTj+NJ0VXRBDH8VecNLiUUs9Np4x8A0pxLvlNnv5TdJAruEg1LSV
                            mAqqPUdAB2m7CKDeUVM9cwOB7vqelV2GNgOfevXi+DZRMffyyE8qyIcnTqvDOgcR
                            8qGTPSVT+SIsOkV9bYrjltrbnal7cJermsA8SC5w/pjLaOHI1xIZHquZzymWoN3Z
                            fz2CQg2r5o+AURYd74GrHhHqVa9VrdWtcimB+vTQQihoLt8YciehpJjOMpx2D66e
                            FfpC8ix31RRdjAVIo1y33h1yU3gEHePDbOthZE+lpXi2WJqO85H85LqJOtgn2WPI
                            3P2Tx32Cq1WXCYkxLaPI
</ds:X509Certificate>
                    </ds:X509Data>
                </ds:KeyInfo>
            </md:KeyDescriptor>
            <md:KeyDescriptor xmlns:ds="http://www.w3.org/2000/09/xmldsig#" use="encryption">
                <ds:KeyInfo>
                    <ds:X509Data>
                        <ds:X509Certificate>MIIDyzCCArOgAwIBAgIJAMzixtXMUH1NMA0GCSqGSIb3DQEBBQUAMHwxCzAJBgNV
                            BAYTAk5MMRAwDgYDVQQIDAdVdHJlY2h0MRAwDgYDVQQHDAdVdHJlY2h0MRUwEwYD
                            VQQKDAxTVVJGbmV0IEIuVi4xEzARBgNVBAsMClNVUkZjb25leHQxHTAbBgNVBAMM
                            FGVuZ2luZS5zdXJmY29uZXh0Lm5sMB4XDTExMDEyNDEwMTg1N1oXDTIxMDEyMzEw
                            MTg1N1owfDELMAkGA1UEBhMCTkwxEDAOBgNVBAgMB1V0cmVjaHQxEDAOBgNVBAcM
                            B1V0cmVjaHQxFTATBgNVBAoMDFNVUkZuZXQgQi5WLjETMBEGA1UECwwKU1VSRmNv
                            bmV4dDEdMBsGA1UEAwwUZW5naW5lLnN1cmZjb25leHQubmwwggEiMA0GCSqGSIb3
                            DQEBAQUAA4IBDwAwggEKAoIBAQDMJ6v+f3owS3KR5IXSil+3XFwGvCVeYx3jDOFK
                            AnwvXlDpTu+t730b8/spHtlopyJVAlb6qBIPN7R4TGTLqiu0zebYsYx/PtqCk5cb
                            u9qs3h+p2BBoTXVwXA/ZYi0tqtxp04hcNrRj1TAgLyC0S+KASTF+zzccAcjTBid5
                            EMioo+YllgSEobWJ4X33XVRqNrikAPDsNmDrdKUi257JSO2xhVIG5lbtmDaL5ORC
                            D56oRmVdp7VQTEQ3Yass8J5Rn+Ub6WmRBYeG+KzFBvtyBput2o0/gvtJn9L+NWeD
                            B0LyUPaUYG/X4GF14FcmFQfz7I5jBCNHtPcLJbPYbZKQNhz/AgMBAAGjUDBOMB0G
                            A1UdDgQWBBS9QqP8gtMM6nm4oYzNbgqhEDP1aDAfBgNVHSMEGDAWgBS9QqP8gtMM
                            6nm4oYzNbgqhEDP1aDAMBgNVHRMEBTADAQH/MA0GCSqGSIb3DQEBBQUAA4IBAQBH
                            2qyYwLwesIOxUTj+NJ0VXRBDH8VecNLiUUs9Np4x8A0pxLvlNnv5TdJAruEg1LSV
                            mAqqPUdAB2m7CKDeUVM9cwOB7vqelV2GNgOfevXi+DZRMffyyE8qyIcnTqvDOgcR
                            8qGTPSVT+SIsOkV9bYrjltrbnal7cJermsA8SC5w/pjLaOHI1xIZHquZzymWoN3Z
                            fz2CQg2r5o+AURYd74GrHhHqVa9VrdWtcimB+vTQQihoLt8YciehpJjOMpx2D66e
                            FfpC8ix31RRdjAVIo1y33h1yU3gEHePDbOthZE+lpXi2WJqO85H85LqJOtgn2WPI
                            3P2Tx32Cq1WXCYkxLaPI
</ds:X509Certificate>
                    </ds:X509Data>
                </ds:KeyInfo>
            </md:KeyDescriptor>
            <md:NameIDFormat>urn:oasis:names:tc:SAML:2.0:nameid-format:transient</md:NameIDFormat>
            <md:SingleSignOnService Binding="urn:oasis:names:tc:SAML:2.0:bindings:HTTP-Redirect" Location="https://engine.surfconext.nl/authentication/idp/single-sign-on/b9372d4cad7177f891751d19dd0ed928"/>
        </md:IDPSSODescriptor>
    </md:EntityDescriptor>
    <md:EntityDescriptor validUntil="2013-01-30T11:03:12Z" entityID="http://localhost/simplesaml/module.php/saml/sp/metadata.php/default-idp">
        <md:IDPSSODescriptor protocolSupportEnumeration="urn:oasis:names:tc:SAML:2.0:protocol">
            <md:Extensions>
                <mdui:UIInfo>
                    <mdui:Description xml:lang="nl">Pieter's locale test SP</mdui:Description>
                    <mdui:Description xml:lang="en">Pieter's lokale test IdP</mdui:Description>
                    <mdui:Logo height="60" width="120">https://.png</mdui:Logo>
                    <mdui:Keywords xml:lang="nl">Pieter's locale test SP</mdui:Keywords>
                    <mdui:Keywords xml:lang="en">Pieter's locale test SP</mdui:Keywords>
                </mdui:UIInfo>
            </md:Extensions>
            <md:KeyDescriptor xmlns:ds="http://www.w3.org/2000/09/xmldsig#" use="signing">
                <ds:KeyInfo>
                    <ds:X509Data>
                        <ds:X509Certificate>MIIDyzCCArOgAwIBAgIJAMzixtXMUH1NMA0GCSqGSIb3DQEBBQUAMHwxCzAJBgNV
                            BAYTAk5MMRAwDgYDVQQIDAdVdHJlY2h0MRAwDgYDVQQHDAdVdHJlY2h0MRUwEwYD
                            VQQKDAxTVVJGbmV0IEIuVi4xEzARBgNVBAsMClNVUkZjb25leHQxHTAbBgNVBAMM
                            FGVuZ2luZS5zdXJmY29uZXh0Lm5sMB4XDTExMDEyNDEwMTg1N1oXDTIxMDEyMzEw
                            MTg1N1owfDELMAkGA1UEBhMCTkwxEDAOBgNVBAgMB1V0cmVjaHQxEDAOBgNVBAcM
                            B1V0cmVjaHQxFTATBgNVBAoMDFNVUkZuZXQgQi5WLjETMBEGA1UECwwKU1VSRmNv
                            bmV4dDEdMBsGA1UEAwwUZW5naW5lLnN1cmZjb25leHQubmwwggEiMA0GCSqGSIb3
                            DQEBAQUAA4IBDwAwggEKAoIBAQDMJ6v+f3owS3KR5IXSil+3XFwGvCVeYx3jDOFK
                            AnwvXlDpTu+t730b8/spHtlopyJVAlb6qBIPN7R4TGTLqiu0zebYsYx/PtqCk5cb
                            u9qs3h+p2BBoTXVwXA/ZYi0tqtxp04hcNrRj1TAgLyC0S+KASTF+zzccAcjTBid5
                            EMioo+YllgSEobWJ4X33XVRqNrikAPDsNmDrdKUi257JSO2xhVIG5lbtmDaL5ORC
                            D56oRmVdp7VQTEQ3Yass8J5Rn+Ub6WmRBYeG+KzFBvtyBput2o0/gvtJn9L+NWeD
                            B0LyUPaUYG/X4GF14FcmFQfz7I5jBCNHtPcLJbPYbZKQNhz/AgMBAAGjUDBOMB0G
                            A1UdDgQWBBS9QqP8gtMM6nm4oYzNbgqhEDP1aDAfBgNVHSMEGDAWgBS9QqP8gtMM
                            6nm4oYzNbgqhEDP1aDAMBgNVHRMEBTADAQH/MA0GCSqGSIb3DQEBBQUAA4IBAQBH
                            2qyYwLwesIOxUTj+NJ0VXRBDH8VecNLiUUs9Np4x8A0pxLvlNnv5TdJAruEg1LSV
                            mAqqPUdAB2m7CKDeUVM9cwOB7vqelV2GNgOfevXi+DZRMffyyE8qyIcnTqvDOgcR
                            8qGTPSVT+SIsOkV9bYrjltrbnal7cJermsA8SC5w/pjLaOHI1xIZHquZzymWoN3Z
                            fz2CQg2r5o+AURYd74GrHhHqVa9VrdWtcimB+vTQQihoLt8YciehpJjOMpx2D66e
                            FfpC8ix31RRdjAVIo1y33h1yU3gEHePDbOthZE+lpXi2WJqO85H85LqJOtgn2WPI
                            3P2Tx32Cq1WXCYkxLaPI
</ds:X509Certificate>
                    </ds:X509Data>
                </ds:KeyInfo>
            </md:KeyDescriptor>
            <md:KeyDescriptor xmlns:ds="http://www.w3.org/2000/09/xmldsig#" use="encryption">
                <ds:KeyInfo>
                    <ds:X509Data>
                        <ds:X509Certificate>MIIDyzCCArOgAwIBAgIJAMzixtXMUH1NMA0GCSqGSIb3DQEBBQUAMHwxCzAJBgNV
                            BAYTAk5MMRAwDgYDVQQIDAdVdHJlY2h0MRAwDgYDVQQHDAdVdHJlY2h0MRUwEwYD
                            VQQKDAxTVVJGbmV0IEIuVi4xEzARBgNVBAsMClNVUkZjb25leHQxHTAbBgNVBAMM
                            FGVuZ2luZS5zdXJmY29uZXh0Lm5sMB4XDTExMDEyNDEwMTg1N1oXDTIxMDEyMzEw
                            MTg1N1owfDELMAkGA1UEBhMCTkwxEDAOBgNVBAgMB1V0cmVjaHQxEDAOBgNVBAcM
                            B1V0cmVjaHQxFTATBgNVBAoMDFNVUkZuZXQgQi5WLjETMBEGA1UECwwKU1VSRmNv
                            bmV4dDEdMBsGA1UEAwwUZW5naW5lLnN1cmZjb25leHQubmwwggEiMA0GCSqGSIb3
                            DQEBAQUAA4IBDwAwggEKAoIBAQDMJ6v+f3owS3KR5IXSil+3XFwGvCVeYx3jDOFK
                            AnwvXlDpTu+t730b8/spHtlopyJVAlb6qBIPN7R4TGTLqiu0zebYsYx/PtqCk5cb
                            u9qs3h+p2BBoTXVwXA/ZYi0tqtxp04hcNrRj1TAgLyC0S+KASTF+zzccAcjTBid5
                            EMioo+YllgSEobWJ4X33XVRqNrikAPDsNmDrdKUi257JSO2xhVIG5lbtmDaL5ORC
                            D56oRmVdp7VQTEQ3Yass8J5Rn+Ub6WmRBYeG+KzFBvtyBput2o0/gvtJn9L+NWeD
                            B0LyUPaUYG/X4GF14FcmFQfz7I5jBCNHtPcLJbPYbZKQNhz/AgMBAAGjUDBOMB0G
                            A1UdDgQWBBS9QqP8gtMM6nm4oYzNbgqhEDP1aDAfBgNVHSMEGDAWgBS9QqP8gtMM
                            6nm4oYzNbgqhEDP1aDAMBgNVHRMEBTADAQH/MA0GCSqGSIb3DQEBBQUAA4IBAQBH
                            2qyYwLwesIOxUTj+NJ0VXRBDH8VecNLiUUs9Np4x8A0pxLvlNnv5TdJAruEg1LSV
                            mAqqPUdAB2m7CKDeUVM9cwOB7vqelV2GNgOfevXi+DZRMffyyE8qyIcnTqvDOgcR
                            8qGTPSVT+SIsOkV9bYrjltrbnal7cJermsA8SC5w/pjLaOHI1xIZHquZzymWoN3Z
                            fz2CQg2r5o+AURYd74GrHhHqVa9VrdWtcimB+vTQQihoLt8YciehpJjOMpx2D66e
                            FfpC8ix31RRdjAVIo1y33h1yU3gEHePDbOthZE+lpXi2WJqO85H85LqJOtgn2WPI
                            3P2Tx32Cq1WXCYkxLaPI
</ds:X509Certificate>
                    </ds:X509Data>
                </ds:KeyInfo>
            </md:KeyDescriptor>
            <md:NameIDFormat>urn:oasis:names:tc:SAML:2.0:nameid-format:transient</md:NameIDFormat>
            <md:SingleSignOnService Binding="urn:oasis:names:tc:SAML:2.0:bindings:HTTP-Redirect" Location="https://engine.surfconext.nl/authentication/idp/single-sign-on/ba0b6c3134044b115a6c03d54c119ce0"/>
        </md:IDPSSODescriptor>
    </md:EntityDescriptor>
    <md:EntityDescriptor validUntil="2013-01-30T11:03:12Z" entityID="https://test.saml.uvt.nl/saml2/idp/metadata.php">
        <md:IDPSSODescriptor protocolSupportEnumeration="urn:oasis:names:tc:SAML:2.0:protocol">
            <md:Extensions>
                <mdui:UIInfo>
                    <mdui:Description xml:lang="nl">Universiteit van Tilburg (TEST)</mdui:Description>
                    <mdui:Description xml:lang="en">Tilburg University (TEST)</mdui:Description>
                    <mdui:Logo height="44" width="104">https://wayf.surfnet.nl/federate/surfnet/img/logo/uvt.png</mdui:Logo>
                    <mdui:Keywords xml:lang="nl">universiteit tilburg van university uvt tiu kub kht tias nimbas tiasnimbas</mdui:Keywords>
                    <mdui:Keywords xml:lang="en">universiteit tilburg van university uvt tiu kub kht tias nimbas tiasnimbas</mdui:Keywords>
                </mdui:UIInfo>
            </md:Extensions>
            <md:KeyDescriptor xmlns:ds="http://www.w3.org/2000/09/xmldsig#" use="signing">
                <ds:KeyInfo>
                    <ds:X509Data>
                        <ds:X509Certificate>MIIDyzCCArOgAwIBAgIJAMzixtXMUH1NMA0GCSqGSIb3DQEBBQUAMHwxCzAJBgNV
                            BAYTAk5MMRAwDgYDVQQIDAdVdHJlY2h0MRAwDgYDVQQHDAdVdHJlY2h0MRUwEwYD
                            VQQKDAxTVVJGbmV0IEIuVi4xEzARBgNVBAsMClNVUkZjb25leHQxHTAbBgNVBAMM
                            FGVuZ2luZS5zdXJmY29uZXh0Lm5sMB4XDTExMDEyNDEwMTg1N1oXDTIxMDEyMzEw
                            MTg1N1owfDELMAkGA1UEBhMCTkwxEDAOBgNVBAgMB1V0cmVjaHQxEDAOBgNVBAcM
                            B1V0cmVjaHQxFTATBgNVBAoMDFNVUkZuZXQgQi5WLjETMBEGA1UECwwKU1VSRmNv
                            bmV4dDEdMBsGA1UEAwwUZW5naW5lLnN1cmZjb25leHQubmwwggEiMA0GCSqGSIb3
                            DQEBAQUAA4IBDwAwggEKAoIBAQDMJ6v+f3owS3KR5IXSil+3XFwGvCVeYx3jDOFK
                            AnwvXlDpTu+t730b8/spHtlopyJVAlb6qBIPN7R4TGTLqiu0zebYsYx/PtqCk5cb
                            u9qs3h+p2BBoTXVwXA/ZYi0tqtxp04hcNrRj1TAgLyC0S+KASTF+zzccAcjTBid5
                            EMioo+YllgSEobWJ4X33XVRqNrikAPDsNmDrdKUi257JSO2xhVIG5lbtmDaL5ORC
                            D56oRmVdp7VQTEQ3Yass8J5Rn+Ub6WmRBYeG+KzFBvtyBput2o0/gvtJn9L+NWeD
                            B0LyUPaUYG/X4GF14FcmFQfz7I5jBCNHtPcLJbPYbZKQNhz/AgMBAAGjUDBOMB0G
                            A1UdDgQWBBS9QqP8gtMM6nm4oYzNbgqhEDP1aDAfBgNVHSMEGDAWgBS9QqP8gtMM
                            6nm4oYzNbgqhEDP1aDAMBgNVHRMEBTADAQH/MA0GCSqGSIb3DQEBBQUAA4IBAQBH
                            2qyYwLwesIOxUTj+NJ0VXRBDH8VecNLiUUs9Np4x8A0pxLvlNnv5TdJAruEg1LSV
                            mAqqPUdAB2m7CKDeUVM9cwOB7vqelV2GNgOfevXi+DZRMffyyE8qyIcnTqvDOgcR
                            8qGTPSVT+SIsOkV9bYrjltrbnal7cJermsA8SC5w/pjLaOHI1xIZHquZzymWoN3Z
                            fz2CQg2r5o+AURYd74GrHhHqVa9VrdWtcimB+vTQQihoLt8YciehpJjOMpx2D66e
                            FfpC8ix31RRdjAVIo1y33h1yU3gEHePDbOthZE+lpXi2WJqO85H85LqJOtgn2WPI
                            3P2Tx32Cq1WXCYkxLaPI
</ds:X509Certificate>
                    </ds:X509Data>
                </ds:KeyInfo>
            </md:KeyDescriptor>
            <md:KeyDescriptor xmlns:ds="http://www.w3.org/2000/09/xmldsig#" use="encryption">
                <ds:KeyInfo>
                    <ds:X509Data>
                        <ds:X509Certificate>MIIDyzCCArOgAwIBAgIJAMzixtXMUH1NMA0GCSqGSIb3DQEBBQUAMHwxCzAJBgNV
                            BAYTAk5MMRAwDgYDVQQIDAdVdHJlY2h0MRAwDgYDVQQHDAdVdHJlY2h0MRUwEwYD
                            VQQKDAxTVVJGbmV0IEIuVi4xEzARBgNVBAsMClNVUkZjb25leHQxHTAbBgNVBAMM
                            FGVuZ2luZS5zdXJmY29uZXh0Lm5sMB4XDTExMDEyNDEwMTg1N1oXDTIxMDEyMzEw
                            MTg1N1owfDELMAkGA1UEBhMCTkwxEDAOBgNVBAgMB1V0cmVjaHQxEDAOBgNVBAcM
                            B1V0cmVjaHQxFTATBgNVBAoMDFNVUkZuZXQgQi5WLjETMBEGA1UECwwKU1VSRmNv
                            bmV4dDEdMBsGA1UEAwwUZW5naW5lLnN1cmZjb25leHQubmwwggEiMA0GCSqGSIb3
                            DQEBAQUAA4IBDwAwggEKAoIBAQDMJ6v+f3owS3KR5IXSil+3XFwGvCVeYx3jDOFK
                            AnwvXlDpTu+t730b8/spHtlopyJVAlb6qBIPN7R4TGTLqiu0zebYsYx/PtqCk5cb
                            u9qs3h+p2BBoTXVwXA/ZYi0tqtxp04hcNrRj1TAgLyC0S+KASTF+zzccAcjTBid5
                            EMioo+YllgSEobWJ4X33XVRqNrikAPDsNmDrdKUi257JSO2xhVIG5lbtmDaL5ORC
                            D56oRmVdp7VQTEQ3Yass8J5Rn+Ub6WmRBYeG+KzFBvtyBput2o0/gvtJn9L+NWeD
                            B0LyUPaUYG/X4GF14FcmFQfz7I5jBCNHtPcLJbPYbZKQNhz/AgMBAAGjUDBOMB0G
                            A1UdDgQWBBS9QqP8gtMM6nm4oYzNbgqhEDP1aDAfBgNVHSMEGDAWgBS9QqP8gtMM
                            6nm4oYzNbgqhEDP1aDAMBgNVHRMEBTADAQH/MA0GCSqGSIb3DQEBBQUAA4IBAQBH
                            2qyYwLwesIOxUTj+NJ0VXRBDH8VecNLiUUs9Np4x8A0pxLvlNnv5TdJAruEg1LSV
                            mAqqPUdAB2m7CKDeUVM9cwOB7vqelV2GNgOfevXi+DZRMffyyE8qyIcnTqvDOgcR
                            8qGTPSVT+SIsOkV9bYrjltrbnal7cJermsA8SC5w/pjLaOHI1xIZHquZzymWoN3Z
                            fz2CQg2r5o+AURYd74GrHhHqVa9VrdWtcimB+vTQQihoLt8YciehpJjOMpx2D66e
                            FfpC8ix31RRdjAVIo1y33h1yU3gEHePDbOthZE+lpXi2WJqO85H85LqJOtgn2WPI
                            3P2Tx32Cq1WXCYkxLaPI
</ds:X509Certificate>
                    </ds:X509Data>
                </ds:KeyInfo>
            </md:KeyDescriptor>
            <md:NameIDFormat>urn:oasis:names:tc:SAML:2.0:nameid-format:transient</md:NameIDFormat>
            <md:SingleSignOnService Binding="urn:oasis:names:tc:SAML:2.0:bindings:HTTP-Redirect" Location="https://engine.surfconext.nl/authentication/idp/single-sign-on/5de8be58828f450ec61a67ad0bef726b"/>
        </md:IDPSSODescriptor>
    </md:EntityDescriptor>
    <md:EntityDescriptor validUntil="2013-01-30T11:03:12Z" entityID="https://idp.radboudcollege.nl/">
        <md:IDPSSODescriptor protocolSupportEnumeration="urn:oasis:names:tc:SAML:2.0:protocol">
            <md:Extensions>
                <mdui:UIInfo>
                    <mdui:Description xml:lang="en">Radboud College Migratie Test</mdui:Description>
                    <mdui:Logo height="60" width="120">https://.png</mdui:Logo>
                </mdui:UIInfo>
            </md:Extensions>
            <md:KeyDescriptor xmlns:ds="http://www.w3.org/2000/09/xmldsig#" use="signing">
                <ds:KeyInfo>
                    <ds:X509Data>
                        <ds:X509Certificate>MIIDyzCCArOgAwIBAgIJAMzixtXMUH1NMA0GCSqGSIb3DQEBBQUAMHwxCzAJBgNV
                            BAYTAk5MMRAwDgYDVQQIDAdVdHJlY2h0MRAwDgYDVQQHDAdVdHJlY2h0MRUwEwYD
                            VQQKDAxTVVJGbmV0IEIuVi4xEzARBgNVBAsMClNVUkZjb25leHQxHTAbBgNVBAMM
                            FGVuZ2luZS5zdXJmY29uZXh0Lm5sMB4XDTExMDEyNDEwMTg1N1oXDTIxMDEyMzEw
                            MTg1N1owfDELMAkGA1UEBhMCTkwxEDAOBgNVBAgMB1V0cmVjaHQxEDAOBgNVBAcM
                            B1V0cmVjaHQxFTATBgNVBAoMDFNVUkZuZXQgQi5WLjETMBEGA1UECwwKU1VSRmNv
                            bmV4dDEdMBsGA1UEAwwUZW5naW5lLnN1cmZjb25leHQubmwwggEiMA0GCSqGSIb3
                            DQEBAQUAA4IBDwAwggEKAoIBAQDMJ6v+f3owS3KR5IXSil+3XFwGvCVeYx3jDOFK
                            AnwvXlDpTu+t730b8/spHtlopyJVAlb6qBIPN7R4TGTLqiu0zebYsYx/PtqCk5cb
                            u9qs3h+p2BBoTXVwXA/ZYi0tqtxp04hcNrRj1TAgLyC0S+KASTF+zzccAcjTBid5
                            EMioo+YllgSEobWJ4X33XVRqNrikAPDsNmDrdKUi257JSO2xhVIG5lbtmDaL5ORC
                            D56oRmVdp7VQTEQ3Yass8J5Rn+Ub6WmRBYeG+KzFBvtyBput2o0/gvtJn9L+NWeD
                            B0LyUPaUYG/X4GF14FcmFQfz7I5jBCNHtPcLJbPYbZKQNhz/AgMBAAGjUDBOMB0G
                            A1UdDgQWBBS9QqP8gtMM6nm4oYzNbgqhEDP1aDAfBgNVHSMEGDAWgBS9QqP8gtMM
                            6nm4oYzNbgqhEDP1aDAMBgNVHRMEBTADAQH/MA0GCSqGSIb3DQEBBQUAA4IBAQBH
                            2qyYwLwesIOxUTj+NJ0VXRBDH8VecNLiUUs9Np4x8A0pxLvlNnv5TdJAruEg1LSV
                            mAqqPUdAB2m7CKDeUVM9cwOB7vqelV2GNgOfevXi+DZRMffyyE8qyIcnTqvDOgcR
                            8qGTPSVT+SIsOkV9bYrjltrbnal7cJermsA8SC5w/pjLaOHI1xIZHquZzymWoN3Z
                            fz2CQg2r5o+AURYd74GrHhHqVa9VrdWtcimB+vTQQihoLt8YciehpJjOMpx2D66e
                            FfpC8ix31RRdjAVIo1y33h1yU3gEHePDbOthZE+lpXi2WJqO85H85LqJOtgn2WPI
                            3P2Tx32Cq1WXCYkxLaPI
</ds:X509Certificate>
                    </ds:X509Data>
                </ds:KeyInfo>
            </md:KeyDescriptor>
            <md:KeyDescriptor xmlns:ds="http://www.w3.org/2000/09/xmldsig#" use="encryption">
                <ds:KeyInfo>
                    <ds:X509Data>
                        <ds:X509Certificate>MIIDyzCCArOgAwIBAgIJAMzixtXMUH1NMA0GCSqGSIb3DQEBBQUAMHwxCzAJBgNV
                            BAYTAk5MMRAwDgYDVQQIDAdVdHJlY2h0MRAwDgYDVQQHDAdVdHJlY2h0MRUwEwYD
                            VQQKDAxTVVJGbmV0IEIuVi4xEzARBgNVBAsMClNVUkZjb25leHQxHTAbBgNVBAMM
                            FGVuZ2luZS5zdXJmY29uZXh0Lm5sMB4XDTExMDEyNDEwMTg1N1oXDTIxMDEyMzEw
                            MTg1N1owfDELMAkGA1UEBhMCTkwxEDAOBgNVBAgMB1V0cmVjaHQxEDAOBgNVBAcM
                            B1V0cmVjaHQxFTATBgNVBAoMDFNVUkZuZXQgQi5WLjETMBEGA1UECwwKU1VSRmNv
                            bmV4dDEdMBsGA1UEAwwUZW5naW5lLnN1cmZjb25leHQubmwwggEiMA0GCSqGSIb3
                            DQEBAQUAA4IBDwAwggEKAoIBAQDMJ6v+f3owS3KR5IXSil+3XFwGvCVeYx3jDOFK
                            AnwvXlDpTu+t730b8/spHtlopyJVAlb6qBIPN7R4TGTLqiu0zebYsYx/PtqCk5cb
                            u9qs3h+p2BBoTXVwXA/ZYi0tqtxp04hcNrRj1TAgLyC0S+KASTF+zzccAcjTBid5
                            EMioo+YllgSEobWJ4X33XVRqNrikAPDsNmDrdKUi257JSO2xhVIG5lbtmDaL5ORC
                            D56oRmVdp7VQTEQ3Yass8J5Rn+Ub6WmRBYeG+KzFBvtyBput2o0/gvtJn9L+NWeD
                            B0LyUPaUYG/X4GF14FcmFQfz7I5jBCNHtPcLJbPYbZKQNhz/AgMBAAGjUDBOMB0G
                            A1UdDgQWBBS9QqP8gtMM6nm4oYzNbgqhEDP1aDAfBgNVHSMEGDAWgBS9QqP8gtMM
                            6nm4oYzNbgqhEDP1aDAMBgNVHRMEBTADAQH/MA0GCSqGSIb3DQEBBQUAA4IBAQBH
                            2qyYwLwesIOxUTj+NJ0VXRBDH8VecNLiUUs9Np4x8A0pxLvlNnv5TdJAruEg1LSV
                            mAqqPUdAB2m7CKDeUVM9cwOB7vqelV2GNgOfevXi+DZRMffyyE8qyIcnTqvDOgcR
                            8qGTPSVT+SIsOkV9bYrjltrbnal7cJermsA8SC5w/pjLaOHI1xIZHquZzymWoN3Z
                            fz2CQg2r5o+AURYd74GrHhHqVa9VrdWtcimB+vTQQihoLt8YciehpJjOMpx2D66e
                            FfpC8ix31RRdjAVIo1y33h1yU3gEHePDbOthZE+lpXi2WJqO85H85LqJOtgn2WPI
                            3P2Tx32Cq1WXCYkxLaPI
</ds:X509Certificate>
                    </ds:X509Data>
                </ds:KeyInfo>
            </md:KeyDescriptor>
            <md:NameIDFormat>urn:oasis:names:tc:SAML:2.0:nameid-format:transient</md:NameIDFormat>
            <md:SingleSignOnService Binding="urn:oasis:names:tc:SAML:2.0:bindings:HTTP-Redirect" Location="https://engine.surfconext.nl/authentication/idp/single-sign-on/58d774dcf0795377a346a35a9ee551c7"/>
        </md:IDPSSODescriptor>
    </md:EntityDescriptor>
    <md:EntityDescriptor validUntil="2013-01-30T11:03:12Z" entityID="https://idp.radboudcollege.nl/simplesaml/saml2/idp/metadata.php">
        <md:IDPSSODescriptor protocolSupportEnumeration="urn:oasis:names:tc:SAML:2.0:protocol">
            <md:Extensions>
                <mdui:UIInfo>
                    <mdui:Description xml:lang="nl">Radboud College test IdP</mdui:Description>
                    <mdui:Description xml:lang="en">Radboud College test IdP</mdui:Description>
                    <mdui:Logo height="33" width="108">https://wayf-test.surfnet.nl/federate/surfnet/img/logo/radboud.gif</mdui:Logo>
                    <mdui:Keywords xml:lang="nl">college</mdui:Keywords>
                    <mdui:Keywords xml:lang="en">college</mdui:Keywords>
                </mdui:UIInfo>
            </md:Extensions>
            <md:KeyDescriptor xmlns:ds="http://www.w3.org/2000/09/xmldsig#" use="signing">
                <ds:KeyInfo>
                    <ds:X509Data>
                        <ds:X509Certificate>MIIDyzCCArOgAwIBAgIJAMzixtXMUH1NMA0GCSqGSIb3DQEBBQUAMHwxCzAJBgNV
                            BAYTAk5MMRAwDgYDVQQIDAdVdHJlY2h0MRAwDgYDVQQHDAdVdHJlY2h0MRUwEwYD
                            VQQKDAxTVVJGbmV0IEIuVi4xEzARBgNVBAsMClNVUkZjb25leHQxHTAbBgNVBAMM
                            FGVuZ2luZS5zdXJmY29uZXh0Lm5sMB4XDTExMDEyNDEwMTg1N1oXDTIxMDEyMzEw
                            MTg1N1owfDELMAkGA1UEBhMCTkwxEDAOBgNVBAgMB1V0cmVjaHQxEDAOBgNVBAcM
                            B1V0cmVjaHQxFTATBgNVBAoMDFNVUkZuZXQgQi5WLjETMBEGA1UECwwKU1VSRmNv
                            bmV4dDEdMBsGA1UEAwwUZW5naW5lLnN1cmZjb25leHQubmwwggEiMA0GCSqGSIb3
                            DQEBAQUAA4IBDwAwggEKAoIBAQDMJ6v+f3owS3KR5IXSil+3XFwGvCVeYx3jDOFK
                            AnwvXlDpTu+t730b8/spHtlopyJVAlb6qBIPN7R4TGTLqiu0zebYsYx/PtqCk5cb
                            u9qs3h+p2BBoTXVwXA/ZYi0tqtxp04hcNrRj1TAgLyC0S+KASTF+zzccAcjTBid5
                            EMioo+YllgSEobWJ4X33XVRqNrikAPDsNmDrdKUi257JSO2xhVIG5lbtmDaL5ORC
                            D56oRmVdp7VQTEQ3Yass8J5Rn+Ub6WmRBYeG+KzFBvtyBput2o0/gvtJn9L+NWeD
                            B0LyUPaUYG/X4GF14FcmFQfz7I5jBCNHtPcLJbPYbZKQNhz/AgMBAAGjUDBOMB0G
                            A1UdDgQWBBS9QqP8gtMM6nm4oYzNbgqhEDP1aDAfBgNVHSMEGDAWgBS9QqP8gtMM
                            6nm4oYzNbgqhEDP1aDAMBgNVHRMEBTADAQH/MA0GCSqGSIb3DQEBBQUAA4IBAQBH
                            2qyYwLwesIOxUTj+NJ0VXRBDH8VecNLiUUs9Np4x8A0pxLvlNnv5TdJAruEg1LSV
                            mAqqPUdAB2m7CKDeUVM9cwOB7vqelV2GNgOfevXi+DZRMffyyE8qyIcnTqvDOgcR
                            8qGTPSVT+SIsOkV9bYrjltrbnal7cJermsA8SC5w/pjLaOHI1xIZHquZzymWoN3Z
                            fz2CQg2r5o+AURYd74GrHhHqVa9VrdWtcimB+vTQQihoLt8YciehpJjOMpx2D66e
                            FfpC8ix31RRdjAVIo1y33h1yU3gEHePDbOthZE+lpXi2WJqO85H85LqJOtgn2WPI
                            3P2Tx32Cq1WXCYkxLaPI
</ds:X509Certificate>
                    </ds:X509Data>
                </ds:KeyInfo>
            </md:KeyDescriptor>
            <md:KeyDescriptor xmlns:ds="http://www.w3.org/2000/09/xmldsig#" use="encryption">
                <ds:KeyInfo>
                    <ds:X509Data>
                        <ds:X509Certificate>MIIDyzCCArOgAwIBAgIJAMzixtXMUH1NMA0GCSqGSIb3DQEBBQUAMHwxCzAJBgNV
                            BAYTAk5MMRAwDgYDVQQIDAdVdHJlY2h0MRAwDgYDVQQHDAdVdHJlY2h0MRUwEwYD
                            VQQKDAxTVVJGbmV0IEIuVi4xEzARBgNVBAsMClNVUkZjb25leHQxHTAbBgNVBAMM
                            FGVuZ2luZS5zdXJmY29uZXh0Lm5sMB4XDTExMDEyNDEwMTg1N1oXDTIxMDEyMzEw
                            MTg1N1owfDELMAkGA1UEBhMCTkwxEDAOBgNVBAgMB1V0cmVjaHQxEDAOBgNVBAcM
                            B1V0cmVjaHQxFTATBgNVBAoMDFNVUkZuZXQgQi5WLjETMBEGA1UECwwKU1VSRmNv
                            bmV4dDEdMBsGA1UEAwwUZW5naW5lLnN1cmZjb25leHQubmwwggEiMA0GCSqGSIb3
                            DQEBAQUAA4IBDwAwggEKAoIBAQDMJ6v+f3owS3KR5IXSil+3XFwGvCVeYx3jDOFK
                            AnwvXlDpTu+t730b8/spHtlopyJVAlb6qBIPN7R4TGTLqiu0zebYsYx/PtqCk5cb
                            u9qs3h+p2BBoTXVwXA/ZYi0tqtxp04hcNrRj1TAgLyC0S+KASTF+zzccAcjTBid5
                            EMioo+YllgSEobWJ4X33XVRqNrikAPDsNmDrdKUi257JSO2xhVIG5lbtmDaL5ORC
                            D56oRmVdp7VQTEQ3Yass8J5Rn+Ub6WmRBYeG+KzFBvtyBput2o0/gvtJn9L+NWeD
                            B0LyUPaUYG/X4GF14FcmFQfz7I5jBCNHtPcLJbPYbZKQNhz/AgMBAAGjUDBOMB0G
                            A1UdDgQWBBS9QqP8gtMM6nm4oYzNbgqhEDP1aDAfBgNVHSMEGDAWgBS9QqP8gtMM
                            6nm4oYzNbgqhEDP1aDAMBgNVHRMEBTADAQH/MA0GCSqGSIb3DQEBBQUAA4IBAQBH
                            2qyYwLwesIOxUTj+NJ0VXRBDH8VecNLiUUs9Np4x8A0pxLvlNnv5TdJAruEg1LSV
                            mAqqPUdAB2m7CKDeUVM9cwOB7vqelV2GNgOfevXi+DZRMffyyE8qyIcnTqvDOgcR
                            8qGTPSVT+SIsOkV9bYrjltrbnal7cJermsA8SC5w/pjLaOHI1xIZHquZzymWoN3Z
                            fz2CQg2r5o+AURYd74GrHhHqVa9VrdWtcimB+vTQQihoLt8YciehpJjOMpx2D66e
                            FfpC8ix31RRdjAVIo1y33h1yU3gEHePDbOthZE+lpXi2WJqO85H85LqJOtgn2WPI
                            3P2Tx32Cq1WXCYkxLaPI
</ds:X509Certificate>
                    </ds:X509Data>
                </ds:KeyInfo>
            </md:KeyDescriptor>
            <md:NameIDFormat>urn:oasis:names:tc:SAML:2.0:nameid-format:transient</md:NameIDFormat>
            <md:SingleSignOnService Binding="urn:oasis:names:tc:SAML:2.0:bindings:HTTP-Redirect" Location="https://engine.surfconext.nl/authentication/idp/single-sign-on/d66cd0a462f3deb0d0aac7a09a3761ba"/>
        </md:IDPSSODescriptor>
    </md:EntityDescriptor>
    <md:EntityDescriptor validUntil="2013-01-30T11:03:12Z" entityID="https://trr-02.id.rug.nl/nidp/saml2/metadata">
        <md:IDPSSODescriptor protocolSupportEnumeration="urn:oasis:names:tc:SAML:2.0:protocol">
            <md:Extensions>
                <mdui:UIInfo>
                    <mdui:Description xml:lang="en">Rijksuniversiteit Groningen</mdui:Description>
                    <mdui:Logo height="25" width="108">https://wayf-test.surfnet.nl/federate/surfnet/img/logo/rug.png</mdui:Logo>
                    <mdui:Keywords xml:lang="nl">universiteit groningen rug rijksuniversiteit  </mdui:Keywords>
                    <mdui:Keywords xml:lang="en">university groningen rug </mdui:Keywords>
                </mdui:UIInfo>
            </md:Extensions>
            <md:KeyDescriptor xmlns:ds="http://www.w3.org/2000/09/xmldsig#" use="signing">
                <ds:KeyInfo>
                    <ds:X509Data>
                        <ds:X509Certificate>MIIDyzCCArOgAwIBAgIJAMzixtXMUH1NMA0GCSqGSIb3DQEBBQUAMHwxCzAJBgNV
                            BAYTAk5MMRAwDgYDVQQIDAdVdHJlY2h0MRAwDgYDVQQHDAdVdHJlY2h0MRUwEwYD
                            VQQKDAxTVVJGbmV0IEIuVi4xEzARBgNVBAsMClNVUkZjb25leHQxHTAbBgNVBAMM
                            FGVuZ2luZS5zdXJmY29uZXh0Lm5sMB4XDTExMDEyNDEwMTg1N1oXDTIxMDEyMzEw
                            MTg1N1owfDELMAkGA1UEBhMCTkwxEDAOBgNVBAgMB1V0cmVjaHQxEDAOBgNVBAcM
                            B1V0cmVjaHQxFTATBgNVBAoMDFNVUkZuZXQgQi5WLjETMBEGA1UECwwKU1VSRmNv
                            bmV4dDEdMBsGA1UEAwwUZW5naW5lLnN1cmZjb25leHQubmwwggEiMA0GCSqGSIb3
                            DQEBAQUAA4IBDwAwggEKAoIBAQDMJ6v+f3owS3KR5IXSil+3XFwGvCVeYx3jDOFK
                            AnwvXlDpTu+t730b8/spHtlopyJVAlb6qBIPN7R4TGTLqiu0zebYsYx/PtqCk5cb
                            u9qs3h+p2BBoTXVwXA/ZYi0tqtxp04hcNrRj1TAgLyC0S+KASTF+zzccAcjTBid5
                            EMioo+YllgSEobWJ4X33XVRqNrikAPDsNmDrdKUi257JSO2xhVIG5lbtmDaL5ORC
                            D56oRmVdp7VQTEQ3Yass8J5Rn+Ub6WmRBYeG+KzFBvtyBput2o0/gvtJn9L+NWeD
                            B0LyUPaUYG/X4GF14FcmFQfz7I5jBCNHtPcLJbPYbZKQNhz/AgMBAAGjUDBOMB0G
                            A1UdDgQWBBS9QqP8gtMM6nm4oYzNbgqhEDP1aDAfBgNVHSMEGDAWgBS9QqP8gtMM
                            6nm4oYzNbgqhEDP1aDAMBgNVHRMEBTADAQH/MA0GCSqGSIb3DQEBBQUAA4IBAQBH
                            2qyYwLwesIOxUTj+NJ0VXRBDH8VecNLiUUs9Np4x8A0pxLvlNnv5TdJAruEg1LSV
                            mAqqPUdAB2m7CKDeUVM9cwOB7vqelV2GNgOfevXi+DZRMffyyE8qyIcnTqvDOgcR
                            8qGTPSVT+SIsOkV9bYrjltrbnal7cJermsA8SC5w/pjLaOHI1xIZHquZzymWoN3Z
                            fz2CQg2r5o+AURYd74GrHhHqVa9VrdWtcimB+vTQQihoLt8YciehpJjOMpx2D66e
                            FfpC8ix31RRdjAVIo1y33h1yU3gEHePDbOthZE+lpXi2WJqO85H85LqJOtgn2WPI
                            3P2Tx32Cq1WXCYkxLaPI
</ds:X509Certificate>
                    </ds:X509Data>
                </ds:KeyInfo>
            </md:KeyDescriptor>
            <md:KeyDescriptor xmlns:ds="http://www.w3.org/2000/09/xmldsig#" use="encryption">
                <ds:KeyInfo>
                    <ds:X509Data>
                        <ds:X509Certificate>MIIDyzCCArOgAwIBAgIJAMzixtXMUH1NMA0GCSqGSIb3DQEBBQUAMHwxCzAJBgNV
                            BAYTAk5MMRAwDgYDVQQIDAdVdHJlY2h0MRAwDgYDVQQHDAdVdHJlY2h0MRUwEwYD
                            VQQKDAxTVVJGbmV0IEIuVi4xEzARBgNVBAsMClNVUkZjb25leHQxHTAbBgNVBAMM
                            FGVuZ2luZS5zdXJmY29uZXh0Lm5sMB4XDTExMDEyNDEwMTg1N1oXDTIxMDEyMzEw
                            MTg1N1owfDELMAkGA1UEBhMCTkwxEDAOBgNVBAgMB1V0cmVjaHQxEDAOBgNVBAcM
                            B1V0cmVjaHQxFTATBgNVBAoMDFNVUkZuZXQgQi5WLjETMBEGA1UECwwKU1VSRmNv
                            bmV4dDEdMBsGA1UEAwwUZW5naW5lLnN1cmZjb25leHQubmwwggEiMA0GCSqGSIb3
                            DQEBAQUAA4IBDwAwggEKAoIBAQDMJ6v+f3owS3KR5IXSil+3XFwGvCVeYx3jDOFK
                            AnwvXlDpTu+t730b8/spHtlopyJVAlb6qBIPN7R4TGTLqiu0zebYsYx/PtqCk5cb
                            u9qs3h+p2BBoTXVwXA/ZYi0tqtxp04hcNrRj1TAgLyC0S+KASTF+zzccAcjTBid5
                            EMioo+YllgSEobWJ4X33XVRqNrikAPDsNmDrdKUi257JSO2xhVIG5lbtmDaL5ORC
                            D56oRmVdp7VQTEQ3Yass8J5Rn+Ub6WmRBYeG+KzFBvtyBput2o0/gvtJn9L+NWeD
                            B0LyUPaUYG/X4GF14FcmFQfz7I5jBCNHtPcLJbPYbZKQNhz/AgMBAAGjUDBOMB0G
                            A1UdDgQWBBS9QqP8gtMM6nm4oYzNbgqhEDP1aDAfBgNVHSMEGDAWgBS9QqP8gtMM
                            6nm4oYzNbgqhEDP1aDAMBgNVHRMEBTADAQH/MA0GCSqGSIb3DQEBBQUAA4IBAQBH
                            2qyYwLwesIOxUTj+NJ0VXRBDH8VecNLiUUs9Np4x8A0pxLvlNnv5TdJAruEg1LSV
                            mAqqPUdAB2m7CKDeUVM9cwOB7vqelV2GNgOfevXi+DZRMffyyE8qyIcnTqvDOgcR
                            8qGTPSVT+SIsOkV9bYrjltrbnal7cJermsA8SC5w/pjLaOHI1xIZHquZzymWoN3Z
                            fz2CQg2r5o+AURYd74GrHhHqVa9VrdWtcimB+vTQQihoLt8YciehpJjOMpx2D66e
                            FfpC8ix31RRdjAVIo1y33h1yU3gEHePDbOthZE+lpXi2WJqO85H85LqJOtgn2WPI
                            3P2Tx32Cq1WXCYkxLaPI
</ds:X509Certificate>
                    </ds:X509Data>
                </ds:KeyInfo>
            </md:KeyDescriptor>
            <md:NameIDFormat>urn:oasis:names:tc:SAML:2.0:nameid-format:transient</md:NameIDFormat>
            <md:SingleSignOnService Binding="urn:oasis:names:tc:SAML:2.0:bindings:HTTP-Redirect" Location="https://engine.surfconext.nl/authentication/idp/single-sign-on/d713e63ced5c39e713664326b54dc85b"/>
        </md:IDPSSODescriptor>
    </md:EntityDescriptor>
    <md:EntityDescriptor validUntil="2013-01-30T11:03:12Z" entityID="https://frkosp.wind.surfnet.nl/simplesamlphp/saml2/idp/metadata.php">
        <md:IDPSSODescriptor protocolSupportEnumeration="urn:oasis:names:tc:SAML:2.0:protocol">
            <md:Extensions>
                <mdui:UIInfo>
                    <mdui:Description xml:lang="nl">An IdP operated by FrKo, for testing purposes.</mdui:Description>
                    <mdui:Description xml:lang="en">An IdP operated by FrKo, for testing purposes.</mdui:Description>
                    <mdui:Logo height="48" width="108">https://frkosp.wind.surfnet.nl/fkooman/frkoidp.png</mdui:Logo>
                    <mdui:Keywords xml:lang="nl">frko frkoidp</mdui:Keywords>
                    <mdui:Keywords xml:lang="en">frko frkoidp</mdui:Keywords>
                </mdui:UIInfo>
            </md:Extensions>
            <md:KeyDescriptor xmlns:ds="http://www.w3.org/2000/09/xmldsig#" use="signing">
                <ds:KeyInfo>
                    <ds:X509Data>
                        <ds:X509Certificate>MIIDyzCCArOgAwIBAgIJAMzixtXMUH1NMA0GCSqGSIb3DQEBBQUAMHwxCzAJBgNV
                            BAYTAk5MMRAwDgYDVQQIDAdVdHJlY2h0MRAwDgYDVQQHDAdVdHJlY2h0MRUwEwYD
                            VQQKDAxTVVJGbmV0IEIuVi4xEzARBgNVBAsMClNVUkZjb25leHQxHTAbBgNVBAMM
                            FGVuZ2luZS5zdXJmY29uZXh0Lm5sMB4XDTExMDEyNDEwMTg1N1oXDTIxMDEyMzEw
                            MTg1N1owfDELMAkGA1UEBhMCTkwxEDAOBgNVBAgMB1V0cmVjaHQxEDAOBgNVBAcM
                            B1V0cmVjaHQxFTATBgNVBAoMDFNVUkZuZXQgQi5WLjETMBEGA1UECwwKU1VSRmNv
                            bmV4dDEdMBsGA1UEAwwUZW5naW5lLnN1cmZjb25leHQubmwwggEiMA0GCSqGSIb3
                            DQEBAQUAA4IBDwAwggEKAoIBAQDMJ6v+f3owS3KR5IXSil+3XFwGvCVeYx3jDOFK
                            AnwvXlDpTu+t730b8/spHtlopyJVAlb6qBIPN7R4TGTLqiu0zebYsYx/PtqCk5cb
                            u9qs3h+p2BBoTXVwXA/ZYi0tqtxp04hcNrRj1TAgLyC0S+KASTF+zzccAcjTBid5
                            EMioo+YllgSEobWJ4X33XVRqNrikAPDsNmDrdKUi257JSO2xhVIG5lbtmDaL5ORC
                            D56oRmVdp7VQTEQ3Yass8J5Rn+Ub6WmRBYeG+KzFBvtyBput2o0/gvtJn9L+NWeD
                            B0LyUPaUYG/X4GF14FcmFQfz7I5jBCNHtPcLJbPYbZKQNhz/AgMBAAGjUDBOMB0G
                            A1UdDgQWBBS9QqP8gtMM6nm4oYzNbgqhEDP1aDAfBgNVHSMEGDAWgBS9QqP8gtMM
                            6nm4oYzNbgqhEDP1aDAMBgNVHRMEBTADAQH/MA0GCSqGSIb3DQEBBQUAA4IBAQBH
                            2qyYwLwesIOxUTj+NJ0VXRBDH8VecNLiUUs9Np4x8A0pxLvlNnv5TdJAruEg1LSV
                            mAqqPUdAB2m7CKDeUVM9cwOB7vqelV2GNgOfevXi+DZRMffyyE8qyIcnTqvDOgcR
                            8qGTPSVT+SIsOkV9bYrjltrbnal7cJermsA8SC5w/pjLaOHI1xIZHquZzymWoN3Z
                            fz2CQg2r5o+AURYd74GrHhHqVa9VrdWtcimB+vTQQihoLt8YciehpJjOMpx2D66e
                            FfpC8ix31RRdjAVIo1y33h1yU3gEHePDbOthZE+lpXi2WJqO85H85LqJOtgn2WPI
                            3P2Tx32Cq1WXCYkxLaPI
</ds:X509Certificate>
                    </ds:X509Data>
                </ds:KeyInfo>
            </md:KeyDescriptor>
            <md:KeyDescriptor xmlns:ds="http://www.w3.org/2000/09/xmldsig#" use="encryption">
                <ds:KeyInfo>
                    <ds:X509Data>
                        <ds:X509Certificate>MIIDyzCCArOgAwIBAgIJAMzixtXMUH1NMA0GCSqGSIb3DQEBBQUAMHwxCzAJBgNV
                            BAYTAk5MMRAwDgYDVQQIDAdVdHJlY2h0MRAwDgYDVQQHDAdVdHJlY2h0MRUwEwYD
                            VQQKDAxTVVJGbmV0IEIuVi4xEzARBgNVBAsMClNVUkZjb25leHQxHTAbBgNVBAMM
                            FGVuZ2luZS5zdXJmY29uZXh0Lm5sMB4XDTExMDEyNDEwMTg1N1oXDTIxMDEyMzEw
                            MTg1N1owfDELMAkGA1UEBhMCTkwxEDAOBgNVBAgMB1V0cmVjaHQxEDAOBgNVBAcM
                            B1V0cmVjaHQxFTATBgNVBAoMDFNVUkZuZXQgQi5WLjETMBEGA1UECwwKU1VSRmNv
                            bmV4dDEdMBsGA1UEAwwUZW5naW5lLnN1cmZjb25leHQubmwwggEiMA0GCSqGSIb3
                            DQEBAQUAA4IBDwAwggEKAoIBAQDMJ6v+f3owS3KR5IXSil+3XFwGvCVeYx3jDOFK
                            AnwvXlDpTu+t730b8/spHtlopyJVAlb6qBIPN7R4TGTLqiu0zebYsYx/PtqCk5cb
                            u9qs3h+p2BBoTXVwXA/ZYi0tqtxp04hcNrRj1TAgLyC0S+KASTF+zzccAcjTBid5
                            EMioo+YllgSEobWJ4X33XVRqNrikAPDsNmDrdKUi257JSO2xhVIG5lbtmDaL5ORC
                            D56oRmVdp7VQTEQ3Yass8J5Rn+Ub6WmRBYeG+KzFBvtyBput2o0/gvtJn9L+NWeD
                            B0LyUPaUYG/X4GF14FcmFQfz7I5jBCNHtPcLJbPYbZKQNhz/AgMBAAGjUDBOMB0G
                            A1UdDgQWBBS9QqP8gtMM6nm4oYzNbgqhEDP1aDAfBgNVHSMEGDAWgBS9QqP8gtMM
                            6nm4oYzNbgqhEDP1aDAMBgNVHRMEBTADAQH/MA0GCSqGSIb3DQEBBQUAA4IBAQBH
                            2qyYwLwesIOxUTj+NJ0VXRBDH8VecNLiUUs9Np4x8A0pxLvlNnv5TdJAruEg1LSV
                            mAqqPUdAB2m7CKDeUVM9cwOB7vqelV2GNgOfevXi+DZRMffyyE8qyIcnTqvDOgcR
                            8qGTPSVT+SIsOkV9bYrjltrbnal7cJermsA8SC5w/pjLaOHI1xIZHquZzymWoN3Z
                            fz2CQg2r5o+AURYd74GrHhHqVa9VrdWtcimB+vTQQihoLt8YciehpJjOMpx2D66e
                            FfpC8ix31RRdjAVIo1y33h1yU3gEHePDbOthZE+lpXi2WJqO85H85LqJOtgn2WPI
                            3P2Tx32Cq1WXCYkxLaPI
</ds:X509Certificate>
                    </ds:X509Data>
                </ds:KeyInfo>
            </md:KeyDescriptor>
            <md:NameIDFormat>urn:oasis:names:tc:SAML:2.0:nameid-format:transient</md:NameIDFormat>
            <md:SingleSignOnService Binding="urn:oasis:names:tc:SAML:2.0:bindings:HTTP-Redirect" Location="https://engine.surfconext.nl/authentication/idp/single-sign-on/db5f624e3edfb2ad361800d1a4637e27"/>
        </md:IDPSSODescriptor>
    </md:EntityDescriptor>
    <md:EntityDescriptor validUntil="2013-01-30T11:03:12Z" entityID="https://saml02.nhl.nl/simplesaml/saml2/idp/metadata.php">
        <md:IDPSSODescriptor protocolSupportEnumeration="urn:oasis:names:tc:SAML:2.0:protocol">
            <md:Extensions>
                <mdui:UIInfo>
                    <mdui:Description xml:lang="nl">NHL Hogeschool (TEST)</mdui:Description>
                    <mdui:Description xml:lang="en">NHL Hogeschool (TEST)</mdui:Description>
                    <mdui:Logo height="47" width="68">https://wayf.surfnet.nl/federate/surfnet/img/logo/nhl.png</mdui:Logo>
                    <mdui:Keywords xml:lang="nl">NHL Hogeschool (TEST)</mdui:Keywords>
                    <mdui:Keywords xml:lang="en">NHL Hogeschool (TEST)</mdui:Keywords>
                </mdui:UIInfo>
            </md:Extensions>
            <md:KeyDescriptor xmlns:ds="http://www.w3.org/2000/09/xmldsig#" use="signing">
                <ds:KeyInfo>
                    <ds:X509Data>
                        <ds:X509Certificate>MIIDyzCCArOgAwIBAgIJAMzixtXMUH1NMA0GCSqGSIb3DQEBBQUAMHwxCzAJBgNV
                            BAYTAk5MMRAwDgYDVQQIDAdVdHJlY2h0MRAwDgYDVQQHDAdVdHJlY2h0MRUwEwYD
                            VQQKDAxTVVJGbmV0IEIuVi4xEzARBgNVBAsMClNVUkZjb25leHQxHTAbBgNVBAMM
                            FGVuZ2luZS5zdXJmY29uZXh0Lm5sMB4XDTExMDEyNDEwMTg1N1oXDTIxMDEyMzEw
                            MTg1N1owfDELMAkGA1UEBhMCTkwxEDAOBgNVBAgMB1V0cmVjaHQxEDAOBgNVBAcM
                            B1V0cmVjaHQxFTATBgNVBAoMDFNVUkZuZXQgQi5WLjETMBEGA1UECwwKU1VSRmNv
                            bmV4dDEdMBsGA1UEAwwUZW5naW5lLnN1cmZjb25leHQubmwwggEiMA0GCSqGSIb3
                            DQEBAQUAA4IBDwAwggEKAoIBAQDMJ6v+f3owS3KR5IXSil+3XFwGvCVeYx3jDOFK
                            AnwvXlDpTu+t730b8/spHtlopyJVAlb6qBIPN7R4TGTLqiu0zebYsYx/PtqCk5cb
                            u9qs3h+p2BBoTXVwXA/ZYi0tqtxp04hcNrRj1TAgLyC0S+KASTF+zzccAcjTBid5
                            EMioo+YllgSEobWJ4X33XVRqNrikAPDsNmDrdKUi257JSO2xhVIG5lbtmDaL5ORC
                            D56oRmVdp7VQTEQ3Yass8J5Rn+Ub6WmRBYeG+KzFBvtyBput2o0/gvtJn9L+NWeD
                            B0LyUPaUYG/X4GF14FcmFQfz7I5jBCNHtPcLJbPYbZKQNhz/AgMBAAGjUDBOMB0G
                            A1UdDgQWBBS9QqP8gtMM6nm4oYzNbgqhEDP1aDAfBgNVHSMEGDAWgBS9QqP8gtMM
                            6nm4oYzNbgqhEDP1aDAMBgNVHRMEBTADAQH/MA0GCSqGSIb3DQEBBQUAA4IBAQBH
                            2qyYwLwesIOxUTj+NJ0VXRBDH8VecNLiUUs9Np4x8A0pxLvlNnv5TdJAruEg1LSV
                            mAqqPUdAB2m7CKDeUVM9cwOB7vqelV2GNgOfevXi+DZRMffyyE8qyIcnTqvDOgcR
                            8qGTPSVT+SIsOkV9bYrjltrbnal7cJermsA8SC5w/pjLaOHI1xIZHquZzymWoN3Z
                            fz2CQg2r5o+AURYd74GrHhHqVa9VrdWtcimB+vTQQihoLt8YciehpJjOMpx2D66e
                            FfpC8ix31RRdjAVIo1y33h1yU3gEHePDbOthZE+lpXi2WJqO85H85LqJOtgn2WPI
                            3P2Tx32Cq1WXCYkxLaPI
</ds:X509Certificate>
                    </ds:X509Data>
                </ds:KeyInfo>
            </md:KeyDescriptor>
            <md:KeyDescriptor xmlns:ds="http://www.w3.org/2000/09/xmldsig#" use="encryption">
                <ds:KeyInfo>
                    <ds:X509Data>
                        <ds:X509Certificate>MIIDyzCCArOgAwIBAgIJAMzixtXMUH1NMA0GCSqGSIb3DQEBBQUAMHwxCzAJBgNV
                            BAYTAk5MMRAwDgYDVQQIDAdVdHJlY2h0MRAwDgYDVQQHDAdVdHJlY2h0MRUwEwYD
                            VQQKDAxTVVJGbmV0IEIuVi4xEzARBgNVBAsMClNVUkZjb25leHQxHTAbBgNVBAMM
                            FGVuZ2luZS5zdXJmY29uZXh0Lm5sMB4XDTExMDEyNDEwMTg1N1oXDTIxMDEyMzEw
                            MTg1N1owfDELMAkGA1UEBhMCTkwxEDAOBgNVBAgMB1V0cmVjaHQxEDAOBgNVBAcM
                            B1V0cmVjaHQxFTATBgNVBAoMDFNVUkZuZXQgQi5WLjETMBEGA1UECwwKU1VSRmNv
                            bmV4dDEdMBsGA1UEAwwUZW5naW5lLnN1cmZjb25leHQubmwwggEiMA0GCSqGSIb3
                            DQEBAQUAA4IBDwAwggEKAoIBAQDMJ6v+f3owS3KR5IXSil+3XFwGvCVeYx3jDOFK
                            AnwvXlDpTu+t730b8/spHtlopyJVAlb6qBIPN7R4TGTLqiu0zebYsYx/PtqCk5cb
                            u9qs3h+p2BBoTXVwXA/ZYi0tqtxp04hcNrRj1TAgLyC0S+KASTF+zzccAcjTBid5
                            EMioo+YllgSEobWJ4X33XVRqNrikAPDsNmDrdKUi257JSO2xhVIG5lbtmDaL5ORC
                            D56oRmVdp7VQTEQ3Yass8J5Rn+Ub6WmRBYeG+KzFBvtyBput2o0/gvtJn9L+NWeD
                            B0LyUPaUYG/X4GF14FcmFQfz7I5jBCNHtPcLJbPYbZKQNhz/AgMBAAGjUDBOMB0G
                            A1UdDgQWBBS9QqP8gtMM6nm4oYzNbgqhEDP1aDAfBgNVHSMEGDAWgBS9QqP8gtMM
                            6nm4oYzNbgqhEDP1aDAMBgNVHRMEBTADAQH/MA0GCSqGSIb3DQEBBQUAA4IBAQBH
                            2qyYwLwesIOxUTj+NJ0VXRBDH8VecNLiUUs9Np4x8A0pxLvlNnv5TdJAruEg1LSV
                            mAqqPUdAB2m7CKDeUVM9cwOB7vqelV2GNgOfevXi+DZRMffyyE8qyIcnTqvDOgcR
                            8qGTPSVT+SIsOkV9bYrjltrbnal7cJermsA8SC5w/pjLaOHI1xIZHquZzymWoN3Z
                            fz2CQg2r5o+AURYd74GrHhHqVa9VrdWtcimB+vTQQihoLt8YciehpJjOMpx2D66e
                            FfpC8ix31RRdjAVIo1y33h1yU3gEHePDbOthZE+lpXi2WJqO85H85LqJOtgn2WPI
                            3P2Tx32Cq1WXCYkxLaPI
</ds:X509Certificate>
                    </ds:X509Data>
                </ds:KeyInfo>
            </md:KeyDescriptor>
            <md:NameIDFormat>urn:oasis:names:tc:SAML:2.0:nameid-format:transient</md:NameIDFormat>
            <md:SingleSignOnService Binding="urn:oasis:names:tc:SAML:2.0:bindings:HTTP-Redirect" Location="https://engine.surfconext.nl/authentication/idp/single-sign-on/953de37a3af93330b94247d9588d6e2d"/>
        </md:IDPSSODescriptor>
    </md:EntityDescriptor>
    <md:EntityDescriptor validUntil="2013-01-30T11:03:12Z" entityID="http://134.221.193.83/simplesaml/saml2/idp/metadata.php">
        <md:IDPSSODescriptor protocolSupportEnumeration="urn:oasis:names:tc:SAML:2.0:protocol">
            <md:Extensions>
                <mdui:UIInfo>
                    <mdui:DisplayName xml:lang="nl">NMDC</mdui:DisplayName>
                    <mdui:DisplayName xml:lang="en">NMDC</mdui:DisplayName>
                    <mdui:Description xml:lang="nl">NMDC</mdui:Description>
                    <mdui:Description xml:lang="en">NMDC</mdui:Description>
                    <mdui:Logo height="51" width="107">https://wayf.surfnet.nl/federate/surfnet/img/logo/nmdc.png</mdui:Logo>
                    <mdui:Keywords xml:lang="nl">NMDC KNMI TNO ALTERA PBL Planbureau RIVM DELTARES</mdui:Keywords>
                    <mdui:Keywords xml:lang="en">NMDC KNMI TNO ALTERA PBL Planbureau RIVM DELTARES</mdui:Keywords>
                </mdui:UIInfo>
            </md:Extensions>
            <md:KeyDescriptor xmlns:ds="http://www.w3.org/2000/09/xmldsig#" use="signing">
                <ds:KeyInfo>
                    <ds:X509Data>
                        <ds:X509Certificate>MIIDyzCCArOgAwIBAgIJAMzixtXMUH1NMA0GCSqGSIb3DQEBBQUAMHwxCzAJBgNV
                            BAYTAk5MMRAwDgYDVQQIDAdVdHJlY2h0MRAwDgYDVQQHDAdVdHJlY2h0MRUwEwYD
                            VQQKDAxTVVJGbmV0IEIuVi4xEzARBgNVBAsMClNVUkZjb25leHQxHTAbBgNVBAMM
                            FGVuZ2luZS5zdXJmY29uZXh0Lm5sMB4XDTExMDEyNDEwMTg1N1oXDTIxMDEyMzEw
                            MTg1N1owfDELMAkGA1UEBhMCTkwxEDAOBgNVBAgMB1V0cmVjaHQxEDAOBgNVBAcM
                            B1V0cmVjaHQxFTATBgNVBAoMDFNVUkZuZXQgQi5WLjETMBEGA1UECwwKU1VSRmNv
                            bmV4dDEdMBsGA1UEAwwUZW5naW5lLnN1cmZjb25leHQubmwwggEiMA0GCSqGSIb3
                            DQEBAQUAA4IBDwAwggEKAoIBAQDMJ6v+f3owS3KR5IXSil+3XFwGvCVeYx3jDOFK
                            AnwvXlDpTu+t730b8/spHtlopyJVAlb6qBIPN7R4TGTLqiu0zebYsYx/PtqCk5cb
                            u9qs3h+p2BBoTXVwXA/ZYi0tqtxp04hcNrRj1TAgLyC0S+KASTF+zzccAcjTBid5
                            EMioo+YllgSEobWJ4X33XVRqNrikAPDsNmDrdKUi257JSO2xhVIG5lbtmDaL5ORC
                            D56oRmVdp7VQTEQ3Yass8J5Rn+Ub6WmRBYeG+KzFBvtyBput2o0/gvtJn9L+NWeD
                            B0LyUPaUYG/X4GF14FcmFQfz7I5jBCNHtPcLJbPYbZKQNhz/AgMBAAGjUDBOMB0G
                            A1UdDgQWBBS9QqP8gtMM6nm4oYzNbgqhEDP1aDAfBgNVHSMEGDAWgBS9QqP8gtMM
                            6nm4oYzNbgqhEDP1aDAMBgNVHRMEBTADAQH/MA0GCSqGSIb3DQEBBQUAA4IBAQBH
                            2qyYwLwesIOxUTj+NJ0VXRBDH8VecNLiUUs9Np4x8A0pxLvlNnv5TdJAruEg1LSV
                            mAqqPUdAB2m7CKDeUVM9cwOB7vqelV2GNgOfevXi+DZRMffyyE8qyIcnTqvDOgcR
                            8qGTPSVT+SIsOkV9bYrjltrbnal7cJermsA8SC5w/pjLaOHI1xIZHquZzymWoN3Z
                            fz2CQg2r5o+AURYd74GrHhHqVa9VrdWtcimB+vTQQihoLt8YciehpJjOMpx2D66e
                            FfpC8ix31RRdjAVIo1y33h1yU3gEHePDbOthZE+lpXi2WJqO85H85LqJOtgn2WPI
                            3P2Tx32Cq1WXCYkxLaPI
</ds:X509Certificate>
                    </ds:X509Data>
                </ds:KeyInfo>
            </md:KeyDescriptor>
            <md:KeyDescriptor xmlns:ds="http://www.w3.org/2000/09/xmldsig#" use="encryption">
                <ds:KeyInfo>
                    <ds:X509Data>
                        <ds:X509Certificate>MIIDyzCCArOgAwIBAgIJAMzixtXMUH1NMA0GCSqGSIb3DQEBBQUAMHwxCzAJBgNV
                            BAYTAk5MMRAwDgYDVQQIDAdVdHJlY2h0MRAwDgYDVQQHDAdVdHJlY2h0MRUwEwYD
                            VQQKDAxTVVJGbmV0IEIuVi4xEzARBgNVBAsMClNVUkZjb25leHQxHTAbBgNVBAMM
                            FGVuZ2luZS5zdXJmY29uZXh0Lm5sMB4XDTExMDEyNDEwMTg1N1oXDTIxMDEyMzEw
                            MTg1N1owfDELMAkGA1UEBhMCTkwxEDAOBgNVBAgMB1V0cmVjaHQxEDAOBgNVBAcM
                            B1V0cmVjaHQxFTATBgNVBAoMDFNVUkZuZXQgQi5WLjETMBEGA1UECwwKU1VSRmNv
                            bmV4dDEdMBsGA1UEAwwUZW5naW5lLnN1cmZjb25leHQubmwwggEiMA0GCSqGSIb3
                            DQEBAQUAA4IBDwAwggEKAoIBAQDMJ6v+f3owS3KR5IXSil+3XFwGvCVeYx3jDOFK
                            AnwvXlDpTu+t730b8/spHtlopyJVAlb6qBIPN7R4TGTLqiu0zebYsYx/PtqCk5cb
                            u9qs3h+p2BBoTXVwXA/ZYi0tqtxp04hcNrRj1TAgLyC0S+KASTF+zzccAcjTBid5
                            EMioo+YllgSEobWJ4X33XVRqNrikAPDsNmDrdKUi257JSO2xhVIG5lbtmDaL5ORC
                            D56oRmVdp7VQTEQ3Yass8J5Rn+Ub6WmRBYeG+KzFBvtyBput2o0/gvtJn9L+NWeD
                            B0LyUPaUYG/X4GF14FcmFQfz7I5jBCNHtPcLJbPYbZKQNhz/AgMBAAGjUDBOMB0G
                            A1UdDgQWBBS9QqP8gtMM6nm4oYzNbgqhEDP1aDAfBgNVHSMEGDAWgBS9QqP8gtMM
                            6nm4oYzNbgqhEDP1aDAMBgNVHRMEBTADAQH/MA0GCSqGSIb3DQEBBQUAA4IBAQBH
                            2qyYwLwesIOxUTj+NJ0VXRBDH8VecNLiUUs9Np4x8A0pxLvlNnv5TdJAruEg1LSV
                            mAqqPUdAB2m7CKDeUVM9cwOB7vqelV2GNgOfevXi+DZRMffyyE8qyIcnTqvDOgcR
                            8qGTPSVT+SIsOkV9bYrjltrbnal7cJermsA8SC5w/pjLaOHI1xIZHquZzymWoN3Z
                            fz2CQg2r5o+AURYd74GrHhHqVa9VrdWtcimB+vTQQihoLt8YciehpJjOMpx2D66e
                            FfpC8ix31RRdjAVIo1y33h1yU3gEHePDbOthZE+lpXi2WJqO85H85LqJOtgn2WPI
                            3P2Tx32Cq1WXCYkxLaPI
</ds:X509Certificate>
                    </ds:X509Data>
                </ds:KeyInfo>
            </md:KeyDescriptor>
            <md:NameIDFormat>urn:oasis:names:tc:SAML:2.0:nameid-format:transient</md:NameIDFormat>
            <md:SingleSignOnService Binding="urn:oasis:names:tc:SAML:2.0:bindings:HTTP-Redirect" Location="https://engine.surfconext.nl/authentication/idp/single-sign-on/ad7c17ac73941f681a55b902576b3fd8"/>
        </md:IDPSSODescriptor>
    </md:EntityDescriptor>
    <md:EntityDescriptor validUntil="2013-01-30T11:03:12Z" entityID="https://netiqam.mrvanes.com/nidp/saml2/metadata">
        <md:IDPSSODescriptor protocolSupportEnumeration="urn:oasis:names:tc:SAML:2.0:protocol">
            <md:Extensions>
                <mdui:UIInfo>
                    <mdui:Description xml:lang="nl">netiqam.mrvanes.com</mdui:Description>
                    <mdui:Description xml:lang="en">netiqam.mrvanes.com</mdui:Description>
                    <mdui:Logo height="60" width="120">https://.png</mdui:Logo>
                </mdui:UIInfo>
            </md:Extensions>
            <md:KeyDescriptor xmlns:ds="http://www.w3.org/2000/09/xmldsig#" use="signing">
                <ds:KeyInfo>
                    <ds:X509Data>
                        <ds:X509Certificate>MIIDyzCCArOgAwIBAgIJAMzixtXMUH1NMA0GCSqGSIb3DQEBBQUAMHwxCzAJBgNV
                            BAYTAk5MMRAwDgYDVQQIDAdVdHJlY2h0MRAwDgYDVQQHDAdVdHJlY2h0MRUwEwYD
                            VQQKDAxTVVJGbmV0IEIuVi4xEzARBgNVBAsMClNVUkZjb25leHQxHTAbBgNVBAMM
                            FGVuZ2luZS5zdXJmY29uZXh0Lm5sMB4XDTExMDEyNDEwMTg1N1oXDTIxMDEyMzEw
                            MTg1N1owfDELMAkGA1UEBhMCTkwxEDAOBgNVBAgMB1V0cmVjaHQxEDAOBgNVBAcM
                            B1V0cmVjaHQxFTATBgNVBAoMDFNVUkZuZXQgQi5WLjETMBEGA1UECwwKU1VSRmNv
                            bmV4dDEdMBsGA1UEAwwUZW5naW5lLnN1cmZjb25leHQubmwwggEiMA0GCSqGSIb3
                            DQEBAQUAA4IBDwAwggEKAoIBAQDMJ6v+f3owS3KR5IXSil+3XFwGvCVeYx3jDOFK
                            AnwvXlDpTu+t730b8/spHtlopyJVAlb6qBIPN7R4TGTLqiu0zebYsYx/PtqCk5cb
                            u9qs3h+p2BBoTXVwXA/ZYi0tqtxp04hcNrRj1TAgLyC0S+KASTF+zzccAcjTBid5
                            EMioo+YllgSEobWJ4X33XVRqNrikAPDsNmDrdKUi257JSO2xhVIG5lbtmDaL5ORC
                            D56oRmVdp7VQTEQ3Yass8J5Rn+Ub6WmRBYeG+KzFBvtyBput2o0/gvtJn9L+NWeD
                            B0LyUPaUYG/X4GF14FcmFQfz7I5jBCNHtPcLJbPYbZKQNhz/AgMBAAGjUDBOMB0G
                            A1UdDgQWBBS9QqP8gtMM6nm4oYzNbgqhEDP1aDAfBgNVHSMEGDAWgBS9QqP8gtMM
                            6nm4oYzNbgqhEDP1aDAMBgNVHRMEBTADAQH/MA0GCSqGSIb3DQEBBQUAA4IBAQBH
                            2qyYwLwesIOxUTj+NJ0VXRBDH8VecNLiUUs9Np4x8A0pxLvlNnv5TdJAruEg1LSV
                            mAqqPUdAB2m7CKDeUVM9cwOB7vqelV2GNgOfevXi+DZRMffyyE8qyIcnTqvDOgcR
                            8qGTPSVT+SIsOkV9bYrjltrbnal7cJermsA8SC5w/pjLaOHI1xIZHquZzymWoN3Z
                            fz2CQg2r5o+AURYd74GrHhHqVa9VrdWtcimB+vTQQihoLt8YciehpJjOMpx2D66e
                            FfpC8ix31RRdjAVIo1y33h1yU3gEHePDbOthZE+lpXi2WJqO85H85LqJOtgn2WPI
                            3P2Tx32Cq1WXCYkxLaPI
</ds:X509Certificate>
                    </ds:X509Data>
                </ds:KeyInfo>
            </md:KeyDescriptor>
            <md:KeyDescriptor xmlns:ds="http://www.w3.org/2000/09/xmldsig#" use="encryption">
                <ds:KeyInfo>
                    <ds:X509Data>
                        <ds:X509Certificate>MIIDyzCCArOgAwIBAgIJAMzixtXMUH1NMA0GCSqGSIb3DQEBBQUAMHwxCzAJBgNV
                            BAYTAk5MMRAwDgYDVQQIDAdVdHJlY2h0MRAwDgYDVQQHDAdVdHJlY2h0MRUwEwYD
                            VQQKDAxTVVJGbmV0IEIuVi4xEzARBgNVBAsMClNVUkZjb25leHQxHTAbBgNVBAMM
                            FGVuZ2luZS5zdXJmY29uZXh0Lm5sMB4XDTExMDEyNDEwMTg1N1oXDTIxMDEyMzEw
                            MTg1N1owfDELMAkGA1UEBhMCTkwxEDAOBgNVBAgMB1V0cmVjaHQxEDAOBgNVBAcM
                            B1V0cmVjaHQxFTATBgNVBAoMDFNVUkZuZXQgQi5WLjETMBEGA1UECwwKU1VSRmNv
                            bmV4dDEdMBsGA1UEAwwUZW5naW5lLnN1cmZjb25leHQubmwwggEiMA0GCSqGSIb3
                            DQEBAQUAA4IBDwAwggEKAoIBAQDMJ6v+f3owS3KR5IXSil+3XFwGvCVeYx3jDOFK
                            AnwvXlDpTu+t730b8/spHtlopyJVAlb6qBIPN7R4TGTLqiu0zebYsYx/PtqCk5cb
                            u9qs3h+p2BBoTXVwXA/ZYi0tqtxp04hcNrRj1TAgLyC0S+KASTF+zzccAcjTBid5
                            EMioo+YllgSEobWJ4X33XVRqNrikAPDsNmDrdKUi257JSO2xhVIG5lbtmDaL5ORC
                            D56oRmVdp7VQTEQ3Yass8J5Rn+Ub6WmRBYeG+KzFBvtyBput2o0/gvtJn9L+NWeD
                            B0LyUPaUYG/X4GF14FcmFQfz7I5jBCNHtPcLJbPYbZKQNhz/AgMBAAGjUDBOMB0G
                            A1UdDgQWBBS9QqP8gtMM6nm4oYzNbgqhEDP1aDAfBgNVHSMEGDAWgBS9QqP8gtMM
                            6nm4oYzNbgqhEDP1aDAMBgNVHRMEBTADAQH/MA0GCSqGSIb3DQEBBQUAA4IBAQBH
                            2qyYwLwesIOxUTj+NJ0VXRBDH8VecNLiUUs9Np4x8A0pxLvlNnv5TdJAruEg1LSV
                            mAqqPUdAB2m7CKDeUVM9cwOB7vqelV2GNgOfevXi+DZRMffyyE8qyIcnTqvDOgcR
                            8qGTPSVT+SIsOkV9bYrjltrbnal7cJermsA8SC5w/pjLaOHI1xIZHquZzymWoN3Z
                            fz2CQg2r5o+AURYd74GrHhHqVa9VrdWtcimB+vTQQihoLt8YciehpJjOMpx2D66e
                            FfpC8ix31RRdjAVIo1y33h1yU3gEHePDbOthZE+lpXi2WJqO85H85LqJOtgn2WPI
                            3P2Tx32Cq1WXCYkxLaPI
</ds:X509Certificate>
                    </ds:X509Data>
                </ds:KeyInfo>
            </md:KeyDescriptor>
            <md:NameIDFormat>urn:oasis:names:tc:SAML:2.0:nameid-format:transient</md:NameIDFormat>
            <md:SingleSignOnService Binding="urn:oasis:names:tc:SAML:2.0:bindings:HTTP-Redirect" Location="https://engine.surfconext.nl/authentication/idp/single-sign-on/01f94d89a8f71ddf90a34adb0bd94882"/>
        </md:IDPSSODescriptor>
    </md:EntityDescriptor>
    <md:EntityDescriptor validUntil="2013-01-30T11:03:12Z" entityID="http://federatie.nivel.nl/adfs/services/trust">
        <md:IDPSSODescriptor protocolSupportEnumeration="urn:oasis:names:tc:SAML:2.0:protocol">
            <md:Extensions>
                <mdui:UIInfo>
                    <mdui:Description xml:lang="nl">Nederlands instituut voor onderzoek van de gezondheidszorg (NIVEL)</mdui:Description>
                    <mdui:Description xml:lang="en">Nederlands instituut voor onderzoek van de gezondheidszorg (NIVEL)</mdui:Description>
                    <mdui:Logo height="88" width="108">https://wayf.surfnet.nl/federate/surfnet/img/logo/nivel.png</mdui:Logo>
                    <mdui:Keywords xml:lang="nl">Research</mdui:Keywords>
                    <mdui:Keywords xml:lang="en">Research</mdui:Keywords>
                </mdui:UIInfo>
            </md:Extensions>
            <md:KeyDescriptor xmlns:ds="http://www.w3.org/2000/09/xmldsig#" use="signing">
                <ds:KeyInfo>
                    <ds:X509Data>
                        <ds:X509Certificate>MIIDyzCCArOgAwIBAgIJAMzixtXMUH1NMA0GCSqGSIb3DQEBBQUAMHwxCzAJBgNV
                            BAYTAk5MMRAwDgYDVQQIDAdVdHJlY2h0MRAwDgYDVQQHDAdVdHJlY2h0MRUwEwYD
                            VQQKDAxTVVJGbmV0IEIuVi4xEzARBgNVBAsMClNVUkZjb25leHQxHTAbBgNVBAMM
                            FGVuZ2luZS5zdXJmY29uZXh0Lm5sMB4XDTExMDEyNDEwMTg1N1oXDTIxMDEyMzEw
                            MTg1N1owfDELMAkGA1UEBhMCTkwxEDAOBgNVBAgMB1V0cmVjaHQxEDAOBgNVBAcM
                            B1V0cmVjaHQxFTATBgNVBAoMDFNVUkZuZXQgQi5WLjETMBEGA1UECwwKU1VSRmNv
                            bmV4dDEdMBsGA1UEAwwUZW5naW5lLnN1cmZjb25leHQubmwwggEiMA0GCSqGSIb3
                            DQEBAQUAA4IBDwAwggEKAoIBAQDMJ6v+f3owS3KR5IXSil+3XFwGvCVeYx3jDOFK
                            AnwvXlDpTu+t730b8/spHtlopyJVAlb6qBIPN7R4TGTLqiu0zebYsYx/PtqCk5cb
                            u9qs3h+p2BBoTXVwXA/ZYi0tqtxp04hcNrRj1TAgLyC0S+KASTF+zzccAcjTBid5
                            EMioo+YllgSEobWJ4X33XVRqNrikAPDsNmDrdKUi257JSO2xhVIG5lbtmDaL5ORC
                            D56oRmVdp7VQTEQ3Yass8J5Rn+Ub6WmRBYeG+KzFBvtyBput2o0/gvtJn9L+NWeD
                            B0LyUPaUYG/X4GF14FcmFQfz7I5jBCNHtPcLJbPYbZKQNhz/AgMBAAGjUDBOMB0G
                            A1UdDgQWBBS9QqP8gtMM6nm4oYzNbgqhEDP1aDAfBgNVHSMEGDAWgBS9QqP8gtMM
                            6nm4oYzNbgqhEDP1aDAMBgNVHRMEBTADAQH/MA0GCSqGSIb3DQEBBQUAA4IBAQBH
                            2qyYwLwesIOxUTj+NJ0VXRBDH8VecNLiUUs9Np4x8A0pxLvlNnv5TdJAruEg1LSV
                            mAqqPUdAB2m7CKDeUVM9cwOB7vqelV2GNgOfevXi+DZRMffyyE8qyIcnTqvDOgcR
                            8qGTPSVT+SIsOkV9bYrjltrbnal7cJermsA8SC5w/pjLaOHI1xIZHquZzymWoN3Z
                            fz2CQg2r5o+AURYd74GrHhHqVa9VrdWtcimB+vTQQihoLt8YciehpJjOMpx2D66e
                            FfpC8ix31RRdjAVIo1y33h1yU3gEHePDbOthZE+lpXi2WJqO85H85LqJOtgn2WPI
                            3P2Tx32Cq1WXCYkxLaPI
</ds:X509Certificate>
                    </ds:X509Data>
                </ds:KeyInfo>
            </md:KeyDescriptor>
            <md:KeyDescriptor xmlns:ds="http://www.w3.org/2000/09/xmldsig#" use="encryption">
                <ds:KeyInfo>
                    <ds:X509Data>
                        <ds:X509Certificate>MIIDyzCCArOgAwIBAgIJAMzixtXMUH1NMA0GCSqGSIb3DQEBBQUAMHwxCzAJBgNV
                            BAYTAk5MMRAwDgYDVQQIDAdVdHJlY2h0MRAwDgYDVQQHDAdVdHJlY2h0MRUwEwYD
                            VQQKDAxTVVJGbmV0IEIuVi4xEzARBgNVBAsMClNVUkZjb25leHQxHTAbBgNVBAMM
                            FGVuZ2luZS5zdXJmY29uZXh0Lm5sMB4XDTExMDEyNDEwMTg1N1oXDTIxMDEyMzEw
                            MTg1N1owfDELMAkGA1UEBhMCTkwxEDAOBgNVBAgMB1V0cmVjaHQxEDAOBgNVBAcM
                            B1V0cmVjaHQxFTATBgNVBAoMDFNVUkZuZXQgQi5WLjETMBEGA1UECwwKU1VSRmNv
                            bmV4dDEdMBsGA1UEAwwUZW5naW5lLnN1cmZjb25leHQubmwwggEiMA0GCSqGSIb3
                            DQEBAQUAA4IBDwAwggEKAoIBAQDMJ6v+f3owS3KR5IXSil+3XFwGvCVeYx3jDOFK
                            AnwvXlDpTu+t730b8/spHtlopyJVAlb6qBIPN7R4TGTLqiu0zebYsYx/PtqCk5cb
                            u9qs3h+p2BBoTXVwXA/ZYi0tqtxp04hcNrRj1TAgLyC0S+KASTF+zzccAcjTBid5
                            EMioo+YllgSEobWJ4X33XVRqNrikAPDsNmDrdKUi257JSO2xhVIG5lbtmDaL5ORC
                            D56oRmVdp7VQTEQ3Yass8J5Rn+Ub6WmRBYeG+KzFBvtyBput2o0/gvtJn9L+NWeD
                            B0LyUPaUYG/X4GF14FcmFQfz7I5jBCNHtPcLJbPYbZKQNhz/AgMBAAGjUDBOMB0G
                            A1UdDgQWBBS9QqP8gtMM6nm4oYzNbgqhEDP1aDAfBgNVHSMEGDAWgBS9QqP8gtMM
                            6nm4oYzNbgqhEDP1aDAMBgNVHRMEBTADAQH/MA0GCSqGSIb3DQEBBQUAA4IBAQBH
                            2qyYwLwesIOxUTj+NJ0VXRBDH8VecNLiUUs9Np4x8A0pxLvlNnv5TdJAruEg1LSV
                            mAqqPUdAB2m7CKDeUVM9cwOB7vqelV2GNgOfevXi+DZRMffyyE8qyIcnTqvDOgcR
                            8qGTPSVT+SIsOkV9bYrjltrbnal7cJermsA8SC5w/pjLaOHI1xIZHquZzymWoN3Z
                            fz2CQg2r5o+AURYd74GrHhHqVa9VrdWtcimB+vTQQihoLt8YciehpJjOMpx2D66e
                            FfpC8ix31RRdjAVIo1y33h1yU3gEHePDbOthZE+lpXi2WJqO85H85LqJOtgn2WPI
                            3P2Tx32Cq1WXCYkxLaPI
</ds:X509Certificate>
                    </ds:X509Data>
                </ds:KeyInfo>
            </md:KeyDescriptor>
            <md:NameIDFormat>urn:oasis:names:tc:SAML:2.0:nameid-format:transient</md:NameIDFormat>
            <md:SingleSignOnService Binding="urn:oasis:names:tc:SAML:2.0:bindings:HTTP-Redirect" Location="https://engine.surfconext.nl/authentication/idp/single-sign-on/ea0f40be5fe61fabe61d372add8904f9"/>
        </md:IDPSSODescriptor>
    </md:EntityDescriptor>
    <md:EntityDescriptor validUntil="2013-01-30T11:03:12Z" entityID="urn:federation:knaw:cbs">
        <md:IDPSSODescriptor protocolSupportEnumeration="urn:oasis:names:tc:SAML:2.0:protocol">
            <md:Extensions>
                <mdui:UIInfo>
                    <mdui:DisplayName xml:lang="nl">Centraal bureau voor Schimmelcultures (KNAW)</mdui:DisplayName>
                    <mdui:DisplayName xml:lang="en">Fungal Biodiversiry Centre (KNAW)</mdui:DisplayName>
                    <mdui:Description xml:lang="nl">Centraal bureau voor Schimmelcultures (KNAW)</mdui:Description>
                    <mdui:Description xml:lang="en">Centraal bureau voor Schimmelcultures (KNAW)</mdui:Description>
                    <mdui:Logo height="48" width="83">https://wayf.surfnet.nl/federate/surfnet/img/logo/knaw-cbs.png</mdui:Logo>
                    <mdui:Keywords xml:lang="nl">Centraal bureau voor Schimmelcultures (KNAW)</mdui:Keywords>
                    <mdui:Keywords xml:lang="en">Fungal Biodiversiry Centre (KNAW)</mdui:Keywords>
                </mdui:UIInfo>
            </md:Extensions>
            <md:KeyDescriptor xmlns:ds="http://www.w3.org/2000/09/xmldsig#" use="signing">
                <ds:KeyInfo>
                    <ds:X509Data>
                        <ds:X509Certificate>MIIDyzCCArOgAwIBAgIJAMzixtXMUH1NMA0GCSqGSIb3DQEBBQUAMHwxCzAJBgNV
                            BAYTAk5MMRAwDgYDVQQIDAdVdHJlY2h0MRAwDgYDVQQHDAdVdHJlY2h0MRUwEwYD
                            VQQKDAxTVVJGbmV0IEIuVi4xEzARBgNVBAsMClNVUkZjb25leHQxHTAbBgNVBAMM
                            FGVuZ2luZS5zdXJmY29uZXh0Lm5sMB4XDTExMDEyNDEwMTg1N1oXDTIxMDEyMzEw
                            MTg1N1owfDELMAkGA1UEBhMCTkwxEDAOBgNVBAgMB1V0cmVjaHQxEDAOBgNVBAcM
                            B1V0cmVjaHQxFTATBgNVBAoMDFNVUkZuZXQgQi5WLjETMBEGA1UECwwKU1VSRmNv
                            bmV4dDEdMBsGA1UEAwwUZW5naW5lLnN1cmZjb25leHQubmwwggEiMA0GCSqGSIb3
                            DQEBAQUAA4IBDwAwggEKAoIBAQDMJ6v+f3owS3KR5IXSil+3XFwGvCVeYx3jDOFK
                            AnwvXlDpTu+t730b8/spHtlopyJVAlb6qBIPN7R4TGTLqiu0zebYsYx/PtqCk5cb
                            u9qs3h+p2BBoTXVwXA/ZYi0tqtxp04hcNrRj1TAgLyC0S+KASTF+zzccAcjTBid5
                            EMioo+YllgSEobWJ4X33XVRqNrikAPDsNmDrdKUi257JSO2xhVIG5lbtmDaL5ORC
                            D56oRmVdp7VQTEQ3Yass8J5Rn+Ub6WmRBYeG+KzFBvtyBput2o0/gvtJn9L+NWeD
                            B0LyUPaUYG/X4GF14FcmFQfz7I5jBCNHtPcLJbPYbZKQNhz/AgMBAAGjUDBOMB0G
                            A1UdDgQWBBS9QqP8gtMM6nm4oYzNbgqhEDP1aDAfBgNVHSMEGDAWgBS9QqP8gtMM
                            6nm4oYzNbgqhEDP1aDAMBgNVHRMEBTADAQH/MA0GCSqGSIb3DQEBBQUAA4IBAQBH
                            2qyYwLwesIOxUTj+NJ0VXRBDH8VecNLiUUs9Np4x8A0pxLvlNnv5TdJAruEg1LSV
                            mAqqPUdAB2m7CKDeUVM9cwOB7vqelV2GNgOfevXi+DZRMffyyE8qyIcnTqvDOgcR
                            8qGTPSVT+SIsOkV9bYrjltrbnal7cJermsA8SC5w/pjLaOHI1xIZHquZzymWoN3Z
                            fz2CQg2r5o+AURYd74GrHhHqVa9VrdWtcimB+vTQQihoLt8YciehpJjOMpx2D66e
                            FfpC8ix31RRdjAVIo1y33h1yU3gEHePDbOthZE+lpXi2WJqO85H85LqJOtgn2WPI
                            3P2Tx32Cq1WXCYkxLaPI
</ds:X509Certificate>
                    </ds:X509Data>
                </ds:KeyInfo>
            </md:KeyDescriptor>
            <md:KeyDescriptor xmlns:ds="http://www.w3.org/2000/09/xmldsig#" use="encryption">
                <ds:KeyInfo>
                    <ds:X509Data>
                        <ds:X509Certificate>MIIDyzCCArOgAwIBAgIJAMzixtXMUH1NMA0GCSqGSIb3DQEBBQUAMHwxCzAJBgNV
                            BAYTAk5MMRAwDgYDVQQIDAdVdHJlY2h0MRAwDgYDVQQHDAdVdHJlY2h0MRUwEwYD
                            VQQKDAxTVVJGbmV0IEIuVi4xEzARBgNVBAsMClNVUkZjb25leHQxHTAbBgNVBAMM
                            FGVuZ2luZS5zdXJmY29uZXh0Lm5sMB4XDTExMDEyNDEwMTg1N1oXDTIxMDEyMzEw
                            MTg1N1owfDELMAkGA1UEBhMCTkwxEDAOBgNVBAgMB1V0cmVjaHQxEDAOBgNVBAcM
                            B1V0cmVjaHQxFTATBgNVBAoMDFNVUkZuZXQgQi5WLjETMBEGA1UECwwKU1VSRmNv
                            bmV4dDEdMBsGA1UEAwwUZW5naW5lLnN1cmZjb25leHQubmwwggEiMA0GCSqGSIb3
                            DQEBAQUAA4IBDwAwggEKAoIBAQDMJ6v+f3owS3KR5IXSil+3XFwGvCVeYx3jDOFK
                            AnwvXlDpTu+t730b8/spHtlopyJVAlb6qBIPN7R4TGTLqiu0zebYsYx/PtqCk5cb
                            u9qs3h+p2BBoTXVwXA/ZYi0tqtxp04hcNrRj1TAgLyC0S+KASTF+zzccAcjTBid5
                            EMioo+YllgSEobWJ4X33XVRqNrikAPDsNmDrdKUi257JSO2xhVIG5lbtmDaL5ORC
                            D56oRmVdp7VQTEQ3Yass8J5Rn+Ub6WmRBYeG+KzFBvtyBput2o0/gvtJn9L+NWeD
                            B0LyUPaUYG/X4GF14FcmFQfz7I5jBCNHtPcLJbPYbZKQNhz/AgMBAAGjUDBOMB0G
                            A1UdDgQWBBS9QqP8gtMM6nm4oYzNbgqhEDP1aDAfBgNVHSMEGDAWgBS9QqP8gtMM
                            6nm4oYzNbgqhEDP1aDAMBgNVHRMEBTADAQH/MA0GCSqGSIb3DQEBBQUAA4IBAQBH
                            2qyYwLwesIOxUTj+NJ0VXRBDH8VecNLiUUs9Np4x8A0pxLvlNnv5TdJAruEg1LSV
                            mAqqPUdAB2m7CKDeUVM9cwOB7vqelV2GNgOfevXi+DZRMffyyE8qyIcnTqvDOgcR
                            8qGTPSVT+SIsOkV9bYrjltrbnal7cJermsA8SC5w/pjLaOHI1xIZHquZzymWoN3Z
                            fz2CQg2r5o+AURYd74GrHhHqVa9VrdWtcimB+vTQQihoLt8YciehpJjOMpx2D66e
                            FfpC8ix31RRdjAVIo1y33h1yU3gEHePDbOthZE+lpXi2WJqO85H85LqJOtgn2WPI
                            3P2Tx32Cq1WXCYkxLaPI
</ds:X509Certificate>
                    </ds:X509Data>
                </ds:KeyInfo>
            </md:KeyDescriptor>
            <md:NameIDFormat>urn:oasis:names:tc:SAML:2.0:nameid-format:transient</md:NameIDFormat>
            <md:SingleSignOnService Binding="urn:oasis:names:tc:SAML:2.0:bindings:HTTP-Redirect" Location="https://engine.surfconext.nl/authentication/idp/single-sign-on/2f70d99c9e5a4fe14cb68e1bad03e0da"/>
        </md:IDPSSODescriptor>
    </md:EntityDescriptor>
    <md:EntityDescriptor validUntil="2013-01-30T11:03:12Z" entityID="urn:federation:knaw:icin">
        <md:IDPSSODescriptor protocolSupportEnumeration="urn:oasis:names:tc:SAML:2.0:protocol">
            <md:Extensions>
                <mdui:UIInfo>
                    <mdui:DisplayName xml:lang="nl">Interuniversitair Cardiologisch Instituut Nederland (KNAW)</mdui:DisplayName>
                    <mdui:DisplayName xml:lang="en">Interuniversity Cardiology Institute of the Netherlands (KNAW)</mdui:DisplayName>
                    <mdui:Description xml:lang="nl">Interuniversitair Cardiologisch Instituut Nederland (KNAW)</mdui:Description>
                    <mdui:Description xml:lang="en">Interuniversitair Cardiologisch Instituut Nederland (KNAW)</mdui:Description>
                    <mdui:Logo height="48" width="75">https://wayf.surfnet.nl/federate/surfnet/img/logo/knaw-icin.png</mdui:Logo>
                    <mdui:Keywords xml:lang="nl">Interuniversitair Cardiologisch Instituut Nederland KNAW ICIN</mdui:Keywords>
                    <mdui:Keywords xml:lang="en">Interuniversity Cardiology Institute of the Netherlands KNAW ICIN</mdui:Keywords>
                </mdui:UIInfo>
            </md:Extensions>
            <md:KeyDescriptor xmlns:ds="http://www.w3.org/2000/09/xmldsig#" use="signing">
                <ds:KeyInfo>
                    <ds:X509Data>
                        <ds:X509Certificate>MIIDyzCCArOgAwIBAgIJAMzixtXMUH1NMA0GCSqGSIb3DQEBBQUAMHwxCzAJBgNV
                            BAYTAk5MMRAwDgYDVQQIDAdVdHJlY2h0MRAwDgYDVQQHDAdVdHJlY2h0MRUwEwYD
                            VQQKDAxTVVJGbmV0IEIuVi4xEzARBgNVBAsMClNVUkZjb25leHQxHTAbBgNVBAMM
                            FGVuZ2luZS5zdXJmY29uZXh0Lm5sMB4XDTExMDEyNDEwMTg1N1oXDTIxMDEyMzEw
                            MTg1N1owfDELMAkGA1UEBhMCTkwxEDAOBgNVBAgMB1V0cmVjaHQxEDAOBgNVBAcM
                            B1V0cmVjaHQxFTATBgNVBAoMDFNVUkZuZXQgQi5WLjETMBEGA1UECwwKU1VSRmNv
                            bmV4dDEdMBsGA1UEAwwUZW5naW5lLnN1cmZjb25leHQubmwwggEiMA0GCSqGSIb3
                            DQEBAQUAA4IBDwAwggEKAoIBAQDMJ6v+f3owS3KR5IXSil+3XFwGvCVeYx3jDOFK
                            AnwvXlDpTu+t730b8/spHtlopyJVAlb6qBIPN7R4TGTLqiu0zebYsYx/PtqCk5cb
                            u9qs3h+p2BBoTXVwXA/ZYi0tqtxp04hcNrRj1TAgLyC0S+KASTF+zzccAcjTBid5
                            EMioo+YllgSEobWJ4X33XVRqNrikAPDsNmDrdKUi257JSO2xhVIG5lbtmDaL5ORC
                            D56oRmVdp7VQTEQ3Yass8J5Rn+Ub6WmRBYeG+KzFBvtyBput2o0/gvtJn9L+NWeD
                            B0LyUPaUYG/X4GF14FcmFQfz7I5jBCNHtPcLJbPYbZKQNhz/AgMBAAGjUDBOMB0G
                            A1UdDgQWBBS9QqP8gtMM6nm4oYzNbgqhEDP1aDAfBgNVHSMEGDAWgBS9QqP8gtMM
                            6nm4oYzNbgqhEDP1aDAMBgNVHRMEBTADAQH/MA0GCSqGSIb3DQEBBQUAA4IBAQBH
                            2qyYwLwesIOxUTj+NJ0VXRBDH8VecNLiUUs9Np4x8A0pxLvlNnv5TdJAruEg1LSV
                            mAqqPUdAB2m7CKDeUVM9cwOB7vqelV2GNgOfevXi+DZRMffyyE8qyIcnTqvDOgcR
                            8qGTPSVT+SIsOkV9bYrjltrbnal7cJermsA8SC5w/pjLaOHI1xIZHquZzymWoN3Z
                            fz2CQg2r5o+AURYd74GrHhHqVa9VrdWtcimB+vTQQihoLt8YciehpJjOMpx2D66e
                            FfpC8ix31RRdjAVIo1y33h1yU3gEHePDbOthZE+lpXi2WJqO85H85LqJOtgn2WPI
                            3P2Tx32Cq1WXCYkxLaPI
</ds:X509Certificate>
                    </ds:X509Data>
                </ds:KeyInfo>
            </md:KeyDescriptor>
            <md:KeyDescriptor xmlns:ds="http://www.w3.org/2000/09/xmldsig#" use="encryption">
                <ds:KeyInfo>
                    <ds:X509Data>
                        <ds:X509Certificate>MIIDyzCCArOgAwIBAgIJAMzixtXMUH1NMA0GCSqGSIb3DQEBBQUAMHwxCzAJBgNV
                            BAYTAk5MMRAwDgYDVQQIDAdVdHJlY2h0MRAwDgYDVQQHDAdVdHJlY2h0MRUwEwYD
                            VQQKDAxTVVJGbmV0IEIuVi4xEzARBgNVBAsMClNVUkZjb25leHQxHTAbBgNVBAMM
                            FGVuZ2luZS5zdXJmY29uZXh0Lm5sMB4XDTExMDEyNDEwMTg1N1oXDTIxMDEyMzEw
                            MTg1N1owfDELMAkGA1UEBhMCTkwxEDAOBgNVBAgMB1V0cmVjaHQxEDAOBgNVBAcM
                            B1V0cmVjaHQxFTATBgNVBAoMDFNVUkZuZXQgQi5WLjETMBEGA1UECwwKU1VSRmNv
                            bmV4dDEdMBsGA1UEAwwUZW5naW5lLnN1cmZjb25leHQubmwwggEiMA0GCSqGSIb3
                            DQEBAQUAA4IBDwAwggEKAoIBAQDMJ6v+f3owS3KR5IXSil+3XFwGvCVeYx3jDOFK
                            AnwvXlDpTu+t730b8/spHtlopyJVAlb6qBIPN7R4TGTLqiu0zebYsYx/PtqCk5cb
                            u9qs3h+p2BBoTXVwXA/ZYi0tqtxp04hcNrRj1TAgLyC0S+KASTF+zzccAcjTBid5
                            EMioo+YllgSEobWJ4X33XVRqNrikAPDsNmDrdKUi257JSO2xhVIG5lbtmDaL5ORC
                            D56oRmVdp7VQTEQ3Yass8J5Rn+Ub6WmRBYeG+KzFBvtyBput2o0/gvtJn9L+NWeD
                            B0LyUPaUYG/X4GF14FcmFQfz7I5jBCNHtPcLJbPYbZKQNhz/AgMBAAGjUDBOMB0G
                            A1UdDgQWBBS9QqP8gtMM6nm4oYzNbgqhEDP1aDAfBgNVHSMEGDAWgBS9QqP8gtMM
                            6nm4oYzNbgqhEDP1aDAMBgNVHRMEBTADAQH/MA0GCSqGSIb3DQEBBQUAA4IBAQBH
                            2qyYwLwesIOxUTj+NJ0VXRBDH8VecNLiUUs9Np4x8A0pxLvlNnv5TdJAruEg1LSV
                            mAqqPUdAB2m7CKDeUVM9cwOB7vqelV2GNgOfevXi+DZRMffyyE8qyIcnTqvDOgcR
                            8qGTPSVT+SIsOkV9bYrjltrbnal7cJermsA8SC5w/pjLaOHI1xIZHquZzymWoN3Z
                            fz2CQg2r5o+AURYd74GrHhHqVa9VrdWtcimB+vTQQihoLt8YciehpJjOMpx2D66e
                            FfpC8ix31RRdjAVIo1y33h1yU3gEHePDbOthZE+lpXi2WJqO85H85LqJOtgn2WPI
                            3P2Tx32Cq1WXCYkxLaPI
</ds:X509Certificate>
                    </ds:X509Data>
                </ds:KeyInfo>
            </md:KeyDescriptor>
            <md:NameIDFormat>urn:oasis:names:tc:SAML:2.0:nameid-format:transient</md:NameIDFormat>
            <md:SingleSignOnService Binding="urn:oasis:names:tc:SAML:2.0:bindings:HTTP-Redirect" Location="https://engine.surfconext.nl/authentication/idp/single-sign-on/3490c37e453f32b4be55093dabc43cbd"/>
        </md:IDPSSODescriptor>
    </md:EntityDescriptor>
    <md:EntityDescriptor validUntil="2013-01-30T11:03:12Z" entityID="urn:federation:knaw:nidi">
        <md:IDPSSODescriptor protocolSupportEnumeration="urn:oasis:names:tc:SAML:2.0:protocol">
            <md:Extensions>
                <mdui:UIInfo>
                    <mdui:DisplayName xml:lang="nl">Nederlands Interdisciplinair Demografisch Instituut (KNAW)</mdui:DisplayName>
                    <mdui:DisplayName xml:lang="en">Netherlands Interdisciplinary Demographic Institute (KNAW)</mdui:DisplayName>
                    <mdui:Description xml:lang="nl">Nederlands Interdisciplinair Demografisch Instituut (KNAW)</mdui:Description>
                    <mdui:Description xml:lang="en">Nederlands Interdisciplinair Demografisch Instituut (KNAW)</mdui:Description>
                    <mdui:Logo height="34" width="108">https://wayf.surfnet.nl/federate/surfnet/img/logo/knaw_nidi.png</mdui:Logo>
                    <mdui:Keywords xml:lang="nl">Nederlands Interdisciplinair Demografisch Instituut KNAW NIDI</mdui:Keywords>
                    <mdui:Keywords xml:lang="en">Netherlands Interdisciplinary Demographic Institute KNAW NIDI</mdui:Keywords>
                </mdui:UIInfo>
            </md:Extensions>
            <md:KeyDescriptor xmlns:ds="http://www.w3.org/2000/09/xmldsig#" use="signing">
                <ds:KeyInfo>
                    <ds:X509Data>
                        <ds:X509Certificate>MIIDyzCCArOgAwIBAgIJAMzixtXMUH1NMA0GCSqGSIb3DQEBBQUAMHwxCzAJBgNV
                            BAYTAk5MMRAwDgYDVQQIDAdVdHJlY2h0MRAwDgYDVQQHDAdVdHJlY2h0MRUwEwYD
                            VQQKDAxTVVJGbmV0IEIuVi4xEzARBgNVBAsMClNVUkZjb25leHQxHTAbBgNVBAMM
                            FGVuZ2luZS5zdXJmY29uZXh0Lm5sMB4XDTExMDEyNDEwMTg1N1oXDTIxMDEyMzEw
                            MTg1N1owfDELMAkGA1UEBhMCTkwxEDAOBgNVBAgMB1V0cmVjaHQxEDAOBgNVBAcM
                            B1V0cmVjaHQxFTATBgNVBAoMDFNVUkZuZXQgQi5WLjETMBEGA1UECwwKU1VSRmNv
                            bmV4dDEdMBsGA1UEAwwUZW5naW5lLnN1cmZjb25leHQubmwwggEiMA0GCSqGSIb3
                            DQEBAQUAA4IBDwAwggEKAoIBAQDMJ6v+f3owS3KR5IXSil+3XFwGvCVeYx3jDOFK
                            AnwvXlDpTu+t730b8/spHtlopyJVAlb6qBIPN7R4TGTLqiu0zebYsYx/PtqCk5cb
                            u9qs3h+p2BBoTXVwXA/ZYi0tqtxp04hcNrRj1TAgLyC0S+KASTF+zzccAcjTBid5
                            EMioo+YllgSEobWJ4X33XVRqNrikAPDsNmDrdKUi257JSO2xhVIG5lbtmDaL5ORC
                            D56oRmVdp7VQTEQ3Yass8J5Rn+Ub6WmRBYeG+KzFBvtyBput2o0/gvtJn9L+NWeD
                            B0LyUPaUYG/X4GF14FcmFQfz7I5jBCNHtPcLJbPYbZKQNhz/AgMBAAGjUDBOMB0G
                            A1UdDgQWBBS9QqP8gtMM6nm4oYzNbgqhEDP1aDAfBgNVHSMEGDAWgBS9QqP8gtMM
                            6nm4oYzNbgqhEDP1aDAMBgNVHRMEBTADAQH/MA0GCSqGSIb3DQEBBQUAA4IBAQBH
                            2qyYwLwesIOxUTj+NJ0VXRBDH8VecNLiUUs9Np4x8A0pxLvlNnv5TdJAruEg1LSV
                            mAqqPUdAB2m7CKDeUVM9cwOB7vqelV2GNgOfevXi+DZRMffyyE8qyIcnTqvDOgcR
                            8qGTPSVT+SIsOkV9bYrjltrbnal7cJermsA8SC5w/pjLaOHI1xIZHquZzymWoN3Z
                            fz2CQg2r5o+AURYd74GrHhHqVa9VrdWtcimB+vTQQihoLt8YciehpJjOMpx2D66e
                            FfpC8ix31RRdjAVIo1y33h1yU3gEHePDbOthZE+lpXi2WJqO85H85LqJOtgn2WPI
                            3P2Tx32Cq1WXCYkxLaPI
</ds:X509Certificate>
                    </ds:X509Data>
                </ds:KeyInfo>
            </md:KeyDescriptor>
            <md:KeyDescriptor xmlns:ds="http://www.w3.org/2000/09/xmldsig#" use="encryption">
                <ds:KeyInfo>
                    <ds:X509Data>
                        <ds:X509Certificate>MIIDyzCCArOgAwIBAgIJAMzixtXMUH1NMA0GCSqGSIb3DQEBBQUAMHwxCzAJBgNV
                            BAYTAk5MMRAwDgYDVQQIDAdVdHJlY2h0MRAwDgYDVQQHDAdVdHJlY2h0MRUwEwYD
                            VQQKDAxTVVJGbmV0IEIuVi4xEzARBgNVBAsMClNVUkZjb25leHQxHTAbBgNVBAMM
                            FGVuZ2luZS5zdXJmY29uZXh0Lm5sMB4XDTExMDEyNDEwMTg1N1oXDTIxMDEyMzEw
                            MTg1N1owfDELMAkGA1UEBhMCTkwxEDAOBgNVBAgMB1V0cmVjaHQxEDAOBgNVBAcM
                            B1V0cmVjaHQxFTATBgNVBAoMDFNVUkZuZXQgQi5WLjETMBEGA1UECwwKU1VSRmNv
                            bmV4dDEdMBsGA1UEAwwUZW5naW5lLnN1cmZjb25leHQubmwwggEiMA0GCSqGSIb3
                            DQEBAQUAA4IBDwAwggEKAoIBAQDMJ6v+f3owS3KR5IXSil+3XFwGvCVeYx3jDOFK
                            AnwvXlDpTu+t730b8/spHtlopyJVAlb6qBIPN7R4TGTLqiu0zebYsYx/PtqCk5cb
                            u9qs3h+p2BBoTXVwXA/ZYi0tqtxp04hcNrRj1TAgLyC0S+KASTF+zzccAcjTBid5
                            EMioo+YllgSEobWJ4X33XVRqNrikAPDsNmDrdKUi257JSO2xhVIG5lbtmDaL5ORC
                            D56oRmVdp7VQTEQ3Yass8J5Rn+Ub6WmRBYeG+KzFBvtyBput2o0/gvtJn9L+NWeD
                            B0LyUPaUYG/X4GF14FcmFQfz7I5jBCNHtPcLJbPYbZKQNhz/AgMBAAGjUDBOMB0G
                            A1UdDgQWBBS9QqP8gtMM6nm4oYzNbgqhEDP1aDAfBgNVHSMEGDAWgBS9QqP8gtMM
                            6nm4oYzNbgqhEDP1aDAMBgNVHRMEBTADAQH/MA0GCSqGSIb3DQEBBQUAA4IBAQBH
                            2qyYwLwesIOxUTj+NJ0VXRBDH8VecNLiUUs9Np4x8A0pxLvlNnv5TdJAruEg1LSV
                            mAqqPUdAB2m7CKDeUVM9cwOB7vqelV2GNgOfevXi+DZRMffyyE8qyIcnTqvDOgcR
                            8qGTPSVT+SIsOkV9bYrjltrbnal7cJermsA8SC5w/pjLaOHI1xIZHquZzymWoN3Z
                            fz2CQg2r5o+AURYd74GrHhHqVa9VrdWtcimB+vTQQihoLt8YciehpJjOMpx2D66e
                            FfpC8ix31RRdjAVIo1y33h1yU3gEHePDbOthZE+lpXi2WJqO85H85LqJOtgn2WPI
                            3P2Tx32Cq1WXCYkxLaPI
</ds:X509Certificate>
                    </ds:X509Data>
                </ds:KeyInfo>
            </md:KeyDescriptor>
            <md:NameIDFormat>urn:oasis:names:tc:SAML:2.0:nameid-format:transient</md:NameIDFormat>
            <md:SingleSignOnService Binding="urn:oasis:names:tc:SAML:2.0:bindings:HTTP-Redirect" Location="https://engine.surfconext.nl/authentication/idp/single-sign-on/f0c5b160e9d2e012a022e92d6defc4a3"/>
        </md:IDPSSODescriptor>
    </md:EntityDescriptor>
    <md:EntityDescriptor validUntil="2013-01-30T11:03:12Z" entityID="urn:federation:knaw:hubrecht">
        <md:IDPSSODescriptor protocolSupportEnumeration="urn:oasis:names:tc:SAML:2.0:protocol">
            <md:Extensions>
                <mdui:UIInfo>
                    <mdui:DisplayName xml:lang="nl">Hubrecht Institute (KNAW)</mdui:DisplayName>
                    <mdui:DisplayName xml:lang="en">Hubrecht Institute (KNAW)</mdui:DisplayName>
                    <mdui:Description xml:lang="nl">Hubrecht Institute (KNAW)</mdui:Description>
                    <mdui:Description xml:lang="en">Hubrecht Institute (KNAW)</mdui:Description>
                    <mdui:Logo height="22" width="108">https://wayf.surfnet.nl/federate/surfnet/img/logo/knaw-hubrecht.png</mdui:Logo>
                    <mdui:Keywords xml:lang="nl">Hubrecht Institute KNAW</mdui:Keywords>
                    <mdui:Keywords xml:lang="en">Hubrecht Institute KNAW</mdui:Keywords>
                </mdui:UIInfo>
            </md:Extensions>
            <md:KeyDescriptor xmlns:ds="http://www.w3.org/2000/09/xmldsig#" use="signing">
                <ds:KeyInfo>
                    <ds:X509Data>
                        <ds:X509Certificate>MIIDyzCCArOgAwIBAgIJAMzixtXMUH1NMA0GCSqGSIb3DQEBBQUAMHwxCzAJBgNV
                            BAYTAk5MMRAwDgYDVQQIDAdVdHJlY2h0MRAwDgYDVQQHDAdVdHJlY2h0MRUwEwYD
                            VQQKDAxTVVJGbmV0IEIuVi4xEzARBgNVBAsMClNVUkZjb25leHQxHTAbBgNVBAMM
                            FGVuZ2luZS5zdXJmY29uZXh0Lm5sMB4XDTExMDEyNDEwMTg1N1oXDTIxMDEyMzEw
                            MTg1N1owfDELMAkGA1UEBhMCTkwxEDAOBgNVBAgMB1V0cmVjaHQxEDAOBgNVBAcM
                            B1V0cmVjaHQxFTATBgNVBAoMDFNVUkZuZXQgQi5WLjETMBEGA1UECwwKU1VSRmNv
                            bmV4dDEdMBsGA1UEAwwUZW5naW5lLnN1cmZjb25leHQubmwwggEiMA0GCSqGSIb3
                            DQEBAQUAA4IBDwAwggEKAoIBAQDMJ6v+f3owS3KR5IXSil+3XFwGvCVeYx3jDOFK
                            AnwvXlDpTu+t730b8/spHtlopyJVAlb6qBIPN7R4TGTLqiu0zebYsYx/PtqCk5cb
                            u9qs3h+p2BBoTXVwXA/ZYi0tqtxp04hcNrRj1TAgLyC0S+KASTF+zzccAcjTBid5
                            EMioo+YllgSEobWJ4X33XVRqNrikAPDsNmDrdKUi257JSO2xhVIG5lbtmDaL5ORC
                            D56oRmVdp7VQTEQ3Yass8J5Rn+Ub6WmRBYeG+KzFBvtyBput2o0/gvtJn9L+NWeD
                            B0LyUPaUYG/X4GF14FcmFQfz7I5jBCNHtPcLJbPYbZKQNhz/AgMBAAGjUDBOMB0G
                            A1UdDgQWBBS9QqP8gtMM6nm4oYzNbgqhEDP1aDAfBgNVHSMEGDAWgBS9QqP8gtMM
                            6nm4oYzNbgqhEDP1aDAMBgNVHRMEBTADAQH/MA0GCSqGSIb3DQEBBQUAA4IBAQBH
                            2qyYwLwesIOxUTj+NJ0VXRBDH8VecNLiUUs9Np4x8A0pxLvlNnv5TdJAruEg1LSV
                            mAqqPUdAB2m7CKDeUVM9cwOB7vqelV2GNgOfevXi+DZRMffyyE8qyIcnTqvDOgcR
                            8qGTPSVT+SIsOkV9bYrjltrbnal7cJermsA8SC5w/pjLaOHI1xIZHquZzymWoN3Z
                            fz2CQg2r5o+AURYd74GrHhHqVa9VrdWtcimB+vTQQihoLt8YciehpJjOMpx2D66e
                            FfpC8ix31RRdjAVIo1y33h1yU3gEHePDbOthZE+lpXi2WJqO85H85LqJOtgn2WPI
                            3P2Tx32Cq1WXCYkxLaPI
</ds:X509Certificate>
                    </ds:X509Data>
                </ds:KeyInfo>
            </md:KeyDescriptor>
            <md:KeyDescriptor xmlns:ds="http://www.w3.org/2000/09/xmldsig#" use="encryption">
                <ds:KeyInfo>
                    <ds:X509Data>
                        <ds:X509Certificate>MIIDyzCCArOgAwIBAgIJAMzixtXMUH1NMA0GCSqGSIb3DQEBBQUAMHwxCzAJBgNV
                            BAYTAk5MMRAwDgYDVQQIDAdVdHJlY2h0MRAwDgYDVQQHDAdVdHJlY2h0MRUwEwYD
                            VQQKDAxTVVJGbmV0IEIuVi4xEzARBgNVBAsMClNVUkZjb25leHQxHTAbBgNVBAMM
                            FGVuZ2luZS5zdXJmY29uZXh0Lm5sMB4XDTExMDEyNDEwMTg1N1oXDTIxMDEyMzEw
                            MTg1N1owfDELMAkGA1UEBhMCTkwxEDAOBgNVBAgMB1V0cmVjaHQxEDAOBgNVBAcM
                            B1V0cmVjaHQxFTATBgNVBAoMDFNVUkZuZXQgQi5WLjETMBEGA1UECwwKU1VSRmNv
                            bmV4dDEdMBsGA1UEAwwUZW5naW5lLnN1cmZjb25leHQubmwwggEiMA0GCSqGSIb3
                            DQEBAQUAA4IBDwAwggEKAoIBAQDMJ6v+f3owS3KR5IXSil+3XFwGvCVeYx3jDOFK
                            AnwvXlDpTu+t730b8/spHtlopyJVAlb6qBIPN7R4TGTLqiu0zebYsYx/PtqCk5cb
                            u9qs3h+p2BBoTXVwXA/ZYi0tqtxp04hcNrRj1TAgLyC0S+KASTF+zzccAcjTBid5
                            EMioo+YllgSEobWJ4X33XVRqNrikAPDsNmDrdKUi257JSO2xhVIG5lbtmDaL5ORC
                            D56oRmVdp7VQTEQ3Yass8J5Rn+Ub6WmRBYeG+KzFBvtyBput2o0/gvtJn9L+NWeD
                            B0LyUPaUYG/X4GF14FcmFQfz7I5jBCNHtPcLJbPYbZKQNhz/AgMBAAGjUDBOMB0G
                            A1UdDgQWBBS9QqP8gtMM6nm4oYzNbgqhEDP1aDAfBgNVHSMEGDAWgBS9QqP8gtMM
                            6nm4oYzNbgqhEDP1aDAMBgNVHRMEBTADAQH/MA0GCSqGSIb3DQEBBQUAA4IBAQBH
                            2qyYwLwesIOxUTj+NJ0VXRBDH8VecNLiUUs9Np4x8A0pxLvlNnv5TdJAruEg1LSV
                            mAqqPUdAB2m7CKDeUVM9cwOB7vqelV2GNgOfevXi+DZRMffyyE8qyIcnTqvDOgcR
                            8qGTPSVT+SIsOkV9bYrjltrbnal7cJermsA8SC5w/pjLaOHI1xIZHquZzymWoN3Z
                            fz2CQg2r5o+AURYd74GrHhHqVa9VrdWtcimB+vTQQihoLt8YciehpJjOMpx2D66e
                            FfpC8ix31RRdjAVIo1y33h1yU3gEHePDbOthZE+lpXi2WJqO85H85LqJOtgn2WPI
                            3P2Tx32Cq1WXCYkxLaPI
</ds:X509Certificate>
                    </ds:X509Data>
                </ds:KeyInfo>
            </md:KeyDescriptor>
            <md:NameIDFormat>urn:oasis:names:tc:SAML:2.0:nameid-format:transient</md:NameIDFormat>
            <md:SingleSignOnService Binding="urn:oasis:names:tc:SAML:2.0:bindings:HTTP-Redirect" Location="https://engine.surfconext.nl/authentication/idp/single-sign-on/f0b074ef4ee9e9e8f8862201ef0bbe3a"/>
        </md:IDPSSODescriptor>
    </md:EntityDescriptor>
    <md:EntityDescriptor validUntil="2013-01-30T11:03:12Z" entityID="federatie.hku.nl">
        <md:IDPSSODescriptor protocolSupportEnumeration="urn:oasis:names:tc:SAML:2.0:protocol">
            <md:Extensions>
                <mdui:UIInfo>
                    <mdui:DisplayName xml:lang="nl">Hogeschool voor de Kunsten Utrecht</mdui:DisplayName>
                    <mdui:DisplayName xml:lang="en">Utrecht School of the Arts</mdui:DisplayName>
                    <mdui:Description xml:lang="nl">Hogeschool voor de Kunsten Utrecht</mdui:Description>
                    <mdui:Description xml:lang="en">Utrecht School of the Arts</mdui:Description>
                    <mdui:Logo height="60" width="120">https://wayf.surfnet.nl/federate/surfnet/img/logo/hku.png</mdui:Logo>
                    <mdui:Keywords xml:lang="nl">HBO HKU</mdui:Keywords>
                    <mdui:Keywords xml:lang="en">HBO HKU</mdui:Keywords>
                </mdui:UIInfo>
            </md:Extensions>
            <md:KeyDescriptor xmlns:ds="http://www.w3.org/2000/09/xmldsig#" use="signing">
                <ds:KeyInfo>
                    <ds:X509Data>
                        <ds:X509Certificate>MIIDyzCCArOgAwIBAgIJAMzixtXMUH1NMA0GCSqGSIb3DQEBBQUAMHwxCzAJBgNV
                            BAYTAk5MMRAwDgYDVQQIDAdVdHJlY2h0MRAwDgYDVQQHDAdVdHJlY2h0MRUwEwYD
                            VQQKDAxTVVJGbmV0IEIuVi4xEzARBgNVBAsMClNVUkZjb25leHQxHTAbBgNVBAMM
                            FGVuZ2luZS5zdXJmY29uZXh0Lm5sMB4XDTExMDEyNDEwMTg1N1oXDTIxMDEyMzEw
                            MTg1N1owfDELMAkGA1UEBhMCTkwxEDAOBgNVBAgMB1V0cmVjaHQxEDAOBgNVBAcM
                            B1V0cmVjaHQxFTATBgNVBAoMDFNVUkZuZXQgQi5WLjETMBEGA1UECwwKU1VSRmNv
                            bmV4dDEdMBsGA1UEAwwUZW5naW5lLnN1cmZjb25leHQubmwwggEiMA0GCSqGSIb3
                            DQEBAQUAA4IBDwAwggEKAoIBAQDMJ6v+f3owS3KR5IXSil+3XFwGvCVeYx3jDOFK
                            AnwvXlDpTu+t730b8/spHtlopyJVAlb6qBIPN7R4TGTLqiu0zebYsYx/PtqCk5cb
                            u9qs3h+p2BBoTXVwXA/ZYi0tqtxp04hcNrRj1TAgLyC0S+KASTF+zzccAcjTBid5
                            EMioo+YllgSEobWJ4X33XVRqNrikAPDsNmDrdKUi257JSO2xhVIG5lbtmDaL5ORC
                            D56oRmVdp7VQTEQ3Yass8J5Rn+Ub6WmRBYeG+KzFBvtyBput2o0/gvtJn9L+NWeD
                            B0LyUPaUYG/X4GF14FcmFQfz7I5jBCNHtPcLJbPYbZKQNhz/AgMBAAGjUDBOMB0G
                            A1UdDgQWBBS9QqP8gtMM6nm4oYzNbgqhEDP1aDAfBgNVHSMEGDAWgBS9QqP8gtMM
                            6nm4oYzNbgqhEDP1aDAMBgNVHRMEBTADAQH/MA0GCSqGSIb3DQEBBQUAA4IBAQBH
                            2qyYwLwesIOxUTj+NJ0VXRBDH8VecNLiUUs9Np4x8A0pxLvlNnv5TdJAruEg1LSV
                            mAqqPUdAB2m7CKDeUVM9cwOB7vqelV2GNgOfevXi+DZRMffyyE8qyIcnTqvDOgcR
                            8qGTPSVT+SIsOkV9bYrjltrbnal7cJermsA8SC5w/pjLaOHI1xIZHquZzymWoN3Z
                            fz2CQg2r5o+AURYd74GrHhHqVa9VrdWtcimB+vTQQihoLt8YciehpJjOMpx2D66e
                            FfpC8ix31RRdjAVIo1y33h1yU3gEHePDbOthZE+lpXi2WJqO85H85LqJOtgn2WPI
                            3P2Tx32Cq1WXCYkxLaPI
</ds:X509Certificate>
                    </ds:X509Data>
                </ds:KeyInfo>
            </md:KeyDescriptor>
            <md:KeyDescriptor xmlns:ds="http://www.w3.org/2000/09/xmldsig#" use="encryption">
                <ds:KeyInfo>
                    <ds:X509Data>
                        <ds:X509Certificate>MIIDyzCCArOgAwIBAgIJAMzixtXMUH1NMA0GCSqGSIb3DQEBBQUAMHwxCzAJBgNV
                            BAYTAk5MMRAwDgYDVQQIDAdVdHJlY2h0MRAwDgYDVQQHDAdVdHJlY2h0MRUwEwYD
                            VQQKDAxTVVJGbmV0IEIuVi4xEzARBgNVBAsMClNVUkZjb25leHQxHTAbBgNVBAMM
                            FGVuZ2luZS5zdXJmY29uZXh0Lm5sMB4XDTExMDEyNDEwMTg1N1oXDTIxMDEyMzEw
                            MTg1N1owfDELMAkGA1UEBhMCTkwxEDAOBgNVBAgMB1V0cmVjaHQxEDAOBgNVBAcM
                            B1V0cmVjaHQxFTATBgNVBAoMDFNVUkZuZXQgQi5WLjETMBEGA1UECwwKU1VSRmNv
                            bmV4dDEdMBsGA1UEAwwUZW5naW5lLnN1cmZjb25leHQubmwwggEiMA0GCSqGSIb3
                            DQEBAQUAA4IBDwAwggEKAoIBAQDMJ6v+f3owS3KR5IXSil+3XFwGvCVeYx3jDOFK
                            AnwvXlDpTu+t730b8/spHtlopyJVAlb6qBIPN7R4TGTLqiu0zebYsYx/PtqCk5cb
                            u9qs3h+p2BBoTXVwXA/ZYi0tqtxp04hcNrRj1TAgLyC0S+KASTF+zzccAcjTBid5
                            EMioo+YllgSEobWJ4X33XVRqNrikAPDsNmDrdKUi257JSO2xhVIG5lbtmDaL5ORC
                            D56oRmVdp7VQTEQ3Yass8J5Rn+Ub6WmRBYeG+KzFBvtyBput2o0/gvtJn9L+NWeD
                            B0LyUPaUYG/X4GF14FcmFQfz7I5jBCNHtPcLJbPYbZKQNhz/AgMBAAGjUDBOMB0G
                            A1UdDgQWBBS9QqP8gtMM6nm4oYzNbgqhEDP1aDAfBgNVHSMEGDAWgBS9QqP8gtMM
                            6nm4oYzNbgqhEDP1aDAMBgNVHRMEBTADAQH/MA0GCSqGSIb3DQEBBQUAA4IBAQBH
                            2qyYwLwesIOxUTj+NJ0VXRBDH8VecNLiUUs9Np4x8A0pxLvlNnv5TdJAruEg1LSV
                            mAqqPUdAB2m7CKDeUVM9cwOB7vqelV2GNgOfevXi+DZRMffyyE8qyIcnTqvDOgcR
                            8qGTPSVT+SIsOkV9bYrjltrbnal7cJermsA8SC5w/pjLaOHI1xIZHquZzymWoN3Z
                            fz2CQg2r5o+AURYd74GrHhHqVa9VrdWtcimB+vTQQihoLt8YciehpJjOMpx2D66e
                            FfpC8ix31RRdjAVIo1y33h1yU3gEHePDbOthZE+lpXi2WJqO85H85LqJOtgn2WPI
                            3P2Tx32Cq1WXCYkxLaPI
</ds:X509Certificate>
                    </ds:X509Data>
                </ds:KeyInfo>
            </md:KeyDescriptor>
            <md:NameIDFormat>urn:oasis:names:tc:SAML:2.0:nameid-format:transient</md:NameIDFormat>
            <md:SingleSignOnService Binding="urn:oasis:names:tc:SAML:2.0:bindings:HTTP-Redirect" Location="https://engine.surfconext.nl/authentication/idp/single-sign-on/504793236a15d86d77b932dd9bf81b4f"/>
        </md:IDPSSODescriptor>
    </md:EntityDescriptor>
    <md:EntityDescriptor validUntil="2013-01-30T11:03:12Z" entityID="https://bureau.idp.knaw.nl/simplesaml/saml2/idp/metadata.php">
        <md:IDPSSODescriptor protocolSupportEnumeration="urn:oasis:names:tc:SAML:2.0:protocol">
            <md:Extensions>
                <mdui:UIInfo>
                    <mdui:Logo height="48" width="48">https://wayf.surfnet.nl/federate/surfnet/img/logo/knaw.png</mdui:Logo>
                </mdui:UIInfo>
            </md:Extensions>
            <md:KeyDescriptor xmlns:ds="http://www.w3.org/2000/09/xmldsig#" use="signing">
                <ds:KeyInfo>
                    <ds:X509Data>
                        <ds:X509Certificate>MIIDyzCCArOgAwIBAgIJAMzixtXMUH1NMA0GCSqGSIb3DQEBBQUAMHwxCzAJBgNV
                            BAYTAk5MMRAwDgYDVQQIDAdVdHJlY2h0MRAwDgYDVQQHDAdVdHJlY2h0MRUwEwYD
                            VQQKDAxTVVJGbmV0IEIuVi4xEzARBgNVBAsMClNVUkZjb25leHQxHTAbBgNVBAMM
                            FGVuZ2luZS5zdXJmY29uZXh0Lm5sMB4XDTExMDEyNDEwMTg1N1oXDTIxMDEyMzEw
                            MTg1N1owfDELMAkGA1UEBhMCTkwxEDAOBgNVBAgMB1V0cmVjaHQxEDAOBgNVBAcM
                            B1V0cmVjaHQxFTATBgNVBAoMDFNVUkZuZXQgQi5WLjETMBEGA1UECwwKU1VSRmNv
                            bmV4dDEdMBsGA1UEAwwUZW5naW5lLnN1cmZjb25leHQubmwwggEiMA0GCSqGSIb3
                            DQEBAQUAA4IBDwAwggEKAoIBAQDMJ6v+f3owS3KR5IXSil+3XFwGvCVeYx3jDOFK
                            AnwvXlDpTu+t730b8/spHtlopyJVAlb6qBIPN7R4TGTLqiu0zebYsYx/PtqCk5cb
                            u9qs3h+p2BBoTXVwXA/ZYi0tqtxp04hcNrRj1TAgLyC0S+KASTF+zzccAcjTBid5
                            EMioo+YllgSEobWJ4X33XVRqNrikAPDsNmDrdKUi257JSO2xhVIG5lbtmDaL5ORC
                            D56oRmVdp7VQTEQ3Yass8J5Rn+Ub6WmRBYeG+KzFBvtyBput2o0/gvtJn9L+NWeD
                            B0LyUPaUYG/X4GF14FcmFQfz7I5jBCNHtPcLJbPYbZKQNhz/AgMBAAGjUDBOMB0G
                            A1UdDgQWBBS9QqP8gtMM6nm4oYzNbgqhEDP1aDAfBgNVHSMEGDAWgBS9QqP8gtMM
                            6nm4oYzNbgqhEDP1aDAMBgNVHRMEBTADAQH/MA0GCSqGSIb3DQEBBQUAA4IBAQBH
                            2qyYwLwesIOxUTj+NJ0VXRBDH8VecNLiUUs9Np4x8A0pxLvlNnv5TdJAruEg1LSV
                            mAqqPUdAB2m7CKDeUVM9cwOB7vqelV2GNgOfevXi+DZRMffyyE8qyIcnTqvDOgcR
                            8qGTPSVT+SIsOkV9bYrjltrbnal7cJermsA8SC5w/pjLaOHI1xIZHquZzymWoN3Z
                            fz2CQg2r5o+AURYd74GrHhHqVa9VrdWtcimB+vTQQihoLt8YciehpJjOMpx2D66e
                            FfpC8ix31RRdjAVIo1y33h1yU3gEHePDbOthZE+lpXi2WJqO85H85LqJOtgn2WPI
                            3P2Tx32Cq1WXCYkxLaPI
</ds:X509Certificate>
                    </ds:X509Data>
                </ds:KeyInfo>
            </md:KeyDescriptor>
            <md:KeyDescriptor xmlns:ds="http://www.w3.org/2000/09/xmldsig#" use="encryption">
                <ds:KeyInfo>
                    <ds:X509Data>
                        <ds:X509Certificate>MIIDyzCCArOgAwIBAgIJAMzixtXMUH1NMA0GCSqGSIb3DQEBBQUAMHwxCzAJBgNV
                            BAYTAk5MMRAwDgYDVQQIDAdVdHJlY2h0MRAwDgYDVQQHDAdVdHJlY2h0MRUwEwYD
                            VQQKDAxTVVJGbmV0IEIuVi4xEzARBgNVBAsMClNVUkZjb25leHQxHTAbBgNVBAMM
                            FGVuZ2luZS5zdXJmY29uZXh0Lm5sMB4XDTExMDEyNDEwMTg1N1oXDTIxMDEyMzEw
                            MTg1N1owfDELMAkGA1UEBhMCTkwxEDAOBgNVBAgMB1V0cmVjaHQxEDAOBgNVBAcM
                            B1V0cmVjaHQxFTATBgNVBAoMDFNVUkZuZXQgQi5WLjETMBEGA1UECwwKU1VSRmNv
                            bmV4dDEdMBsGA1UEAwwUZW5naW5lLnN1cmZjb25leHQubmwwggEiMA0GCSqGSIb3
                            DQEBAQUAA4IBDwAwggEKAoIBAQDMJ6v+f3owS3KR5IXSil+3XFwGvCVeYx3jDOFK
                            AnwvXlDpTu+t730b8/spHtlopyJVAlb6qBIPN7R4TGTLqiu0zebYsYx/PtqCk5cb
                            u9qs3h+p2BBoTXVwXA/ZYi0tqtxp04hcNrRj1TAgLyC0S+KASTF+zzccAcjTBid5
                            EMioo+YllgSEobWJ4X33XVRqNrikAPDsNmDrdKUi257JSO2xhVIG5lbtmDaL5ORC
                            D56oRmVdp7VQTEQ3Yass8J5Rn+Ub6WmRBYeG+KzFBvtyBput2o0/gvtJn9L+NWeD
                            B0LyUPaUYG/X4GF14FcmFQfz7I5jBCNHtPcLJbPYbZKQNhz/AgMBAAGjUDBOMB0G
                            A1UdDgQWBBS9QqP8gtMM6nm4oYzNbgqhEDP1aDAfBgNVHSMEGDAWgBS9QqP8gtMM
                            6nm4oYzNbgqhEDP1aDAMBgNVHRMEBTADAQH/MA0GCSqGSIb3DQEBBQUAA4IBAQBH
                            2qyYwLwesIOxUTj+NJ0VXRBDH8VecNLiUUs9Np4x8A0pxLvlNnv5TdJAruEg1LSV
                            mAqqPUdAB2m7CKDeUVM9cwOB7vqelV2GNgOfevXi+DZRMffyyE8qyIcnTqvDOgcR
                            8qGTPSVT+SIsOkV9bYrjltrbnal7cJermsA8SC5w/pjLaOHI1xIZHquZzymWoN3Z
                            fz2CQg2r5o+AURYd74GrHhHqVa9VrdWtcimB+vTQQihoLt8YciehpJjOMpx2D66e
                            FfpC8ix31RRdjAVIo1y33h1yU3gEHePDbOthZE+lpXi2WJqO85H85LqJOtgn2WPI
                            3P2Tx32Cq1WXCYkxLaPI
</ds:X509Certificate>
                    </ds:X509Data>
                </ds:KeyInfo>
            </md:KeyDescriptor>
            <md:NameIDFormat>urn:oasis:names:tc:SAML:2.0:nameid-format:transient</md:NameIDFormat>
            <md:SingleSignOnService Binding="urn:oasis:names:tc:SAML:2.0:bindings:HTTP-Redirect" Location="https://engine.surfconext.nl/authentication/idp/single-sign-on/67a684e304b6bfffde2a662f795689cd"/>
        </md:IDPSSODescriptor>
    </md:EntityDescriptor>
    <md:EntityDescriptor validUntil="2013-01-30T11:03:12Z" entityID="https://idp.nbic.nl/simplesaml/saml2/idp/metadata.php">
        <md:IDPSSODescriptor protocolSupportEnumeration="urn:oasis:names:tc:SAML:2.0:protocol">
            <md:Extensions>
                <mdui:UIInfo>
                    <mdui:Description xml:lang="nl">NBIC</mdui:Description>
                    <mdui:Description xml:lang="en">NBIC</mdui:Description>
                    <mdui:Logo height="60" width="120">https://wayf-test.surfnet.nl/federate/surfnet/img/logo/nbic.png</mdui:Logo>
                    <mdui:Keywords xml:lang="nl">NBIC</mdui:Keywords>
                    <mdui:Keywords xml:lang="en">NBIC</mdui:Keywords>
                </mdui:UIInfo>
            </md:Extensions>
            <md:KeyDescriptor xmlns:ds="http://www.w3.org/2000/09/xmldsig#" use="signing">
                <ds:KeyInfo>
                    <ds:X509Data>
                        <ds:X509Certificate>MIIDyzCCArOgAwIBAgIJAMzixtXMUH1NMA0GCSqGSIb3DQEBBQUAMHwxCzAJBgNV
                            BAYTAk5MMRAwDgYDVQQIDAdVdHJlY2h0MRAwDgYDVQQHDAdVdHJlY2h0MRUwEwYD
                            VQQKDAxTVVJGbmV0IEIuVi4xEzARBgNVBAsMClNVUkZjb25leHQxHTAbBgNVBAMM
                            FGVuZ2luZS5zdXJmY29uZXh0Lm5sMB4XDTExMDEyNDEwMTg1N1oXDTIxMDEyMzEw
                            MTg1N1owfDELMAkGA1UEBhMCTkwxEDAOBgNVBAgMB1V0cmVjaHQxEDAOBgNVBAcM
                            B1V0cmVjaHQxFTATBgNVBAoMDFNVUkZuZXQgQi5WLjETMBEGA1UECwwKU1VSRmNv
                            bmV4dDEdMBsGA1UEAwwUZW5naW5lLnN1cmZjb25leHQubmwwggEiMA0GCSqGSIb3
                            DQEBAQUAA4IBDwAwggEKAoIBAQDMJ6v+f3owS3KR5IXSil+3XFwGvCVeYx3jDOFK
                            AnwvXlDpTu+t730b8/spHtlopyJVAlb6qBIPN7R4TGTLqiu0zebYsYx/PtqCk5cb
                            u9qs3h+p2BBoTXVwXA/ZYi0tqtxp04hcNrRj1TAgLyC0S+KASTF+zzccAcjTBid5
                            EMioo+YllgSEobWJ4X33XVRqNrikAPDsNmDrdKUi257JSO2xhVIG5lbtmDaL5ORC
                            D56oRmVdp7VQTEQ3Yass8J5Rn+Ub6WmRBYeG+KzFBvtyBput2o0/gvtJn9L+NWeD
                            B0LyUPaUYG/X4GF14FcmFQfz7I5jBCNHtPcLJbPYbZKQNhz/AgMBAAGjUDBOMB0G
                            A1UdDgQWBBS9QqP8gtMM6nm4oYzNbgqhEDP1aDAfBgNVHSMEGDAWgBS9QqP8gtMM
                            6nm4oYzNbgqhEDP1aDAMBgNVHRMEBTADAQH/MA0GCSqGSIb3DQEBBQUAA4IBAQBH
                            2qyYwLwesIOxUTj+NJ0VXRBDH8VecNLiUUs9Np4x8A0pxLvlNnv5TdJAruEg1LSV
                            mAqqPUdAB2m7CKDeUVM9cwOB7vqelV2GNgOfevXi+DZRMffyyE8qyIcnTqvDOgcR
                            8qGTPSVT+SIsOkV9bYrjltrbnal7cJermsA8SC5w/pjLaOHI1xIZHquZzymWoN3Z
                            fz2CQg2r5o+AURYd74GrHhHqVa9VrdWtcimB+vTQQihoLt8YciehpJjOMpx2D66e
                            FfpC8ix31RRdjAVIo1y33h1yU3gEHePDbOthZE+lpXi2WJqO85H85LqJOtgn2WPI
                            3P2Tx32Cq1WXCYkxLaPI
</ds:X509Certificate>
                    </ds:X509Data>
                </ds:KeyInfo>
            </md:KeyDescriptor>
            <md:KeyDescriptor xmlns:ds="http://www.w3.org/2000/09/xmldsig#" use="encryption">
                <ds:KeyInfo>
                    <ds:X509Data>
                        <ds:X509Certificate>MIIDyzCCArOgAwIBAgIJAMzixtXMUH1NMA0GCSqGSIb3DQEBBQUAMHwxCzAJBgNV
                            BAYTAk5MMRAwDgYDVQQIDAdVdHJlY2h0MRAwDgYDVQQHDAdVdHJlY2h0MRUwEwYD
                            VQQKDAxTVVJGbmV0IEIuVi4xEzARBgNVBAsMClNVUkZjb25leHQxHTAbBgNVBAMM
                            FGVuZ2luZS5zdXJmY29uZXh0Lm5sMB4XDTExMDEyNDEwMTg1N1oXDTIxMDEyMzEw
                            MTg1N1owfDELMAkGA1UEBhMCTkwxEDAOBgNVBAgMB1V0cmVjaHQxEDAOBgNVBAcM
                            B1V0cmVjaHQxFTATBgNVBAoMDFNVUkZuZXQgQi5WLjETMBEGA1UECwwKU1VSRmNv
                            bmV4dDEdMBsGA1UEAwwUZW5naW5lLnN1cmZjb25leHQubmwwggEiMA0GCSqGSIb3
                            DQEBAQUAA4IBDwAwggEKAoIBAQDMJ6v+f3owS3KR5IXSil+3XFwGvCVeYx3jDOFK
                            AnwvXlDpTu+t730b8/spHtlopyJVAlb6qBIPN7R4TGTLqiu0zebYsYx/PtqCk5cb
                            u9qs3h+p2BBoTXVwXA/ZYi0tqtxp04hcNrRj1TAgLyC0S+KASTF+zzccAcjTBid5
                            EMioo+YllgSEobWJ4X33XVRqNrikAPDsNmDrdKUi257JSO2xhVIG5lbtmDaL5ORC
                            D56oRmVdp7VQTEQ3Yass8J5Rn+Ub6WmRBYeG+KzFBvtyBput2o0/gvtJn9L+NWeD
                            B0LyUPaUYG/X4GF14FcmFQfz7I5jBCNHtPcLJbPYbZKQNhz/AgMBAAGjUDBOMB0G
                            A1UdDgQWBBS9QqP8gtMM6nm4oYzNbgqhEDP1aDAfBgNVHSMEGDAWgBS9QqP8gtMM
                            6nm4oYzNbgqhEDP1aDAMBgNVHRMEBTADAQH/MA0GCSqGSIb3DQEBBQUAA4IBAQBH
                            2qyYwLwesIOxUTj+NJ0VXRBDH8VecNLiUUs9Np4x8A0pxLvlNnv5TdJAruEg1LSV
                            mAqqPUdAB2m7CKDeUVM9cwOB7vqelV2GNgOfevXi+DZRMffyyE8qyIcnTqvDOgcR
                            8qGTPSVT+SIsOkV9bYrjltrbnal7cJermsA8SC5w/pjLaOHI1xIZHquZzymWoN3Z
                            fz2CQg2r5o+AURYd74GrHhHqVa9VrdWtcimB+vTQQihoLt8YciehpJjOMpx2D66e
                            FfpC8ix31RRdjAVIo1y33h1yU3gEHePDbOthZE+lpXi2WJqO85H85LqJOtgn2WPI
                            3P2Tx32Cq1WXCYkxLaPI
</ds:X509Certificate>
                    </ds:X509Data>
                </ds:KeyInfo>
            </md:KeyDescriptor>
            <md:NameIDFormat>urn:oasis:names:tc:SAML:2.0:nameid-format:transient</md:NameIDFormat>
            <md:SingleSignOnService Binding="urn:oasis:names:tc:SAML:2.0:bindings:HTTP-Redirect" Location="https://engine.surfconext.nl/authentication/idp/single-sign-on/9b4d6bfbcc6d29fd74dacb60880b6b37"/>
        </md:IDPSSODescriptor>
    </md:EntityDescriptor>
    <md:EntityDescriptor validUntil="2013-01-30T11:03:12Z" entityID="http://federation.amc.nl/adfs/services/trust">
        <md:IDPSSODescriptor protocolSupportEnumeration="urn:oasis:names:tc:SAML:2.0:protocol">
            <md:Extensions>
                <mdui:UIInfo>
                    <mdui:Description xml:lang="nl">Academisch Medisch Centrum</mdui:Description>
                    <mdui:Description xml:lang="en">Academisch Medisch Centrum</mdui:Description>
                    <mdui:Logo height="48" width="101">https://wayf.surfnet.nl/federate/surfnet/img/logo/amc.png</mdui:Logo>
                    <mdui:Keywords xml:lang="nl">AMC Academisch Medisch Centrum</mdui:Keywords>
                    <mdui:Keywords xml:lang="en">AMC Academisch Medisch Centrum</mdui:Keywords>
                </mdui:UIInfo>
            </md:Extensions>
            <md:KeyDescriptor xmlns:ds="http://www.w3.org/2000/09/xmldsig#" use="signing">
                <ds:KeyInfo>
                    <ds:X509Data>
                        <ds:X509Certificate>MIIDyzCCArOgAwIBAgIJAMzixtXMUH1NMA0GCSqGSIb3DQEBBQUAMHwxCzAJBgNV
                            BAYTAk5MMRAwDgYDVQQIDAdVdHJlY2h0MRAwDgYDVQQHDAdVdHJlY2h0MRUwEwYD
                            VQQKDAxTVVJGbmV0IEIuVi4xEzARBgNVBAsMClNVUkZjb25leHQxHTAbBgNVBAMM
                            FGVuZ2luZS5zdXJmY29uZXh0Lm5sMB4XDTExMDEyNDEwMTg1N1oXDTIxMDEyMzEw
                            MTg1N1owfDELMAkGA1UEBhMCTkwxEDAOBgNVBAgMB1V0cmVjaHQxEDAOBgNVBAcM
                            B1V0cmVjaHQxFTATBgNVBAoMDFNVUkZuZXQgQi5WLjETMBEGA1UECwwKU1VSRmNv
                            bmV4dDEdMBsGA1UEAwwUZW5naW5lLnN1cmZjb25leHQubmwwggEiMA0GCSqGSIb3
                            DQEBAQUAA4IBDwAwggEKAoIBAQDMJ6v+f3owS3KR5IXSil+3XFwGvCVeYx3jDOFK
                            AnwvXlDpTu+t730b8/spHtlopyJVAlb6qBIPN7R4TGTLqiu0zebYsYx/PtqCk5cb
                            u9qs3h+p2BBoTXVwXA/ZYi0tqtxp04hcNrRj1TAgLyC0S+KASTF+zzccAcjTBid5
                            EMioo+YllgSEobWJ4X33XVRqNrikAPDsNmDrdKUi257JSO2xhVIG5lbtmDaL5ORC
                            D56oRmVdp7VQTEQ3Yass8J5Rn+Ub6WmRBYeG+KzFBvtyBput2o0/gvtJn9L+NWeD
                            B0LyUPaUYG/X4GF14FcmFQfz7I5jBCNHtPcLJbPYbZKQNhz/AgMBAAGjUDBOMB0G
                            A1UdDgQWBBS9QqP8gtMM6nm4oYzNbgqhEDP1aDAfBgNVHSMEGDAWgBS9QqP8gtMM
                            6nm4oYzNbgqhEDP1aDAMBgNVHRMEBTADAQH/MA0GCSqGSIb3DQEBBQUAA4IBAQBH
                            2qyYwLwesIOxUTj+NJ0VXRBDH8VecNLiUUs9Np4x8A0pxLvlNnv5TdJAruEg1LSV
                            mAqqPUdAB2m7CKDeUVM9cwOB7vqelV2GNgOfevXi+DZRMffyyE8qyIcnTqvDOgcR
                            8qGTPSVT+SIsOkV9bYrjltrbnal7cJermsA8SC5w/pjLaOHI1xIZHquZzymWoN3Z
                            fz2CQg2r5o+AURYd74GrHhHqVa9VrdWtcimB+vTQQihoLt8YciehpJjOMpx2D66e
                            FfpC8ix31RRdjAVIo1y33h1yU3gEHePDbOthZE+lpXi2WJqO85H85LqJOtgn2WPI
                            3P2Tx32Cq1WXCYkxLaPI
</ds:X509Certificate>
                    </ds:X509Data>
                </ds:KeyInfo>
            </md:KeyDescriptor>
            <md:KeyDescriptor xmlns:ds="http://www.w3.org/2000/09/xmldsig#" use="encryption">
                <ds:KeyInfo>
                    <ds:X509Data>
                        <ds:X509Certificate>MIIDyzCCArOgAwIBAgIJAMzixtXMUH1NMA0GCSqGSIb3DQEBBQUAMHwxCzAJBgNV
                            BAYTAk5MMRAwDgYDVQQIDAdVdHJlY2h0MRAwDgYDVQQHDAdVdHJlY2h0MRUwEwYD
                            VQQKDAxTVVJGbmV0IEIuVi4xEzARBgNVBAsMClNVUkZjb25leHQxHTAbBgNVBAMM
                            FGVuZ2luZS5zdXJmY29uZXh0Lm5sMB4XDTExMDEyNDEwMTg1N1oXDTIxMDEyMzEw
                            MTg1N1owfDELMAkGA1UEBhMCTkwxEDAOBgNVBAgMB1V0cmVjaHQxEDAOBgNVBAcM
                            B1V0cmVjaHQxFTATBgNVBAoMDFNVUkZuZXQgQi5WLjETMBEGA1UECwwKU1VSRmNv
                            bmV4dDEdMBsGA1UEAwwUZW5naW5lLnN1cmZjb25leHQubmwwggEiMA0GCSqGSIb3
                            DQEBAQUAA4IBDwAwggEKAoIBAQDMJ6v+f3owS3KR5IXSil+3XFwGvCVeYx3jDOFK
                            AnwvXlDpTu+t730b8/spHtlopyJVAlb6qBIPN7R4TGTLqiu0zebYsYx/PtqCk5cb
                            u9qs3h+p2BBoTXVwXA/ZYi0tqtxp04hcNrRj1TAgLyC0S+KASTF+zzccAcjTBid5
                            EMioo+YllgSEobWJ4X33XVRqNrikAPDsNmDrdKUi257JSO2xhVIG5lbtmDaL5ORC
                            D56oRmVdp7VQTEQ3Yass8J5Rn+Ub6WmRBYeG+KzFBvtyBput2o0/gvtJn9L+NWeD
                            B0LyUPaUYG/X4GF14FcmFQfz7I5jBCNHtPcLJbPYbZKQNhz/AgMBAAGjUDBOMB0G
                            A1UdDgQWBBS9QqP8gtMM6nm4oYzNbgqhEDP1aDAfBgNVHSMEGDAWgBS9QqP8gtMM
                            6nm4oYzNbgqhEDP1aDAMBgNVHRMEBTADAQH/MA0GCSqGSIb3DQEBBQUAA4IBAQBH
                            2qyYwLwesIOxUTj+NJ0VXRBDH8VecNLiUUs9Np4x8A0pxLvlNnv5TdJAruEg1LSV
                            mAqqPUdAB2m7CKDeUVM9cwOB7vqelV2GNgOfevXi+DZRMffyyE8qyIcnTqvDOgcR
                            8qGTPSVT+SIsOkV9bYrjltrbnal7cJermsA8SC5w/pjLaOHI1xIZHquZzymWoN3Z
                            fz2CQg2r5o+AURYd74GrHhHqVa9VrdWtcimB+vTQQihoLt8YciehpJjOMpx2D66e
                            FfpC8ix31RRdjAVIo1y33h1yU3gEHePDbOthZE+lpXi2WJqO85H85LqJOtgn2WPI
                            3P2Tx32Cq1WXCYkxLaPI
</ds:X509Certificate>
                    </ds:X509Data>
                </ds:KeyInfo>
            </md:KeyDescriptor>
            <md:NameIDFormat>urn:oasis:names:tc:SAML:2.0:nameid-format:transient</md:NameIDFormat>
            <md:SingleSignOnService Binding="urn:oasis:names:tc:SAML:2.0:bindings:HTTP-Redirect" Location="https://engine.surfconext.nl/authentication/idp/single-sign-on/f076efd1df7984e4a310304596ace6f3"/>
        </md:IDPSSODescriptor>
    </md:EntityDescriptor>
    <md:EntityDescriptor validUntil="2013-01-30T11:03:12Z" entityID="https://federatie-test.uci.ru.nl">
        <md:IDPSSODescriptor protocolSupportEnumeration="urn:oasis:names:tc:SAML:2.0:protocol">
            <md:Extensions>
                <mdui:UIInfo>
                    <mdui:Description xml:lang="nl">Radboud Universiteit (https://federatie-test.uci.ru.nl)</mdui:Description>
                    <mdui:Description xml:lang="en">Radboud Universiteit (https://federatie-test.uci.ru.nl)</mdui:Description>
                    <mdui:Logo height="48" width="41">https://wayf-test.surfnet.nl/federate/surfnet/img/logo/ru.png</mdui:Logo>
                </mdui:UIInfo>
            </md:Extensions>
            <md:KeyDescriptor xmlns:ds="http://www.w3.org/2000/09/xmldsig#" use="signing">
                <ds:KeyInfo>
                    <ds:X509Data>
                        <ds:X509Certificate>MIIDyzCCArOgAwIBAgIJAMzixtXMUH1NMA0GCSqGSIb3DQEBBQUAMHwxCzAJBgNV
                            BAYTAk5MMRAwDgYDVQQIDAdVdHJlY2h0MRAwDgYDVQQHDAdVdHJlY2h0MRUwEwYD
                            VQQKDAxTVVJGbmV0IEIuVi4xEzARBgNVBAsMClNVUkZjb25leHQxHTAbBgNVBAMM
                            FGVuZ2luZS5zdXJmY29uZXh0Lm5sMB4XDTExMDEyNDEwMTg1N1oXDTIxMDEyMzEw
                            MTg1N1owfDELMAkGA1UEBhMCTkwxEDAOBgNVBAgMB1V0cmVjaHQxEDAOBgNVBAcM
                            B1V0cmVjaHQxFTATBgNVBAoMDFNVUkZuZXQgQi5WLjETMBEGA1UECwwKU1VSRmNv
                            bmV4dDEdMBsGA1UEAwwUZW5naW5lLnN1cmZjb25leHQubmwwggEiMA0GCSqGSIb3
                            DQEBAQUAA4IBDwAwggEKAoIBAQDMJ6v+f3owS3KR5IXSil+3XFwGvCVeYx3jDOFK
                            AnwvXlDpTu+t730b8/spHtlopyJVAlb6qBIPN7R4TGTLqiu0zebYsYx/PtqCk5cb
                            u9qs3h+p2BBoTXVwXA/ZYi0tqtxp04hcNrRj1TAgLyC0S+KASTF+zzccAcjTBid5
                            EMioo+YllgSEobWJ4X33XVRqNrikAPDsNmDrdKUi257JSO2xhVIG5lbtmDaL5ORC
                            D56oRmVdp7VQTEQ3Yass8J5Rn+Ub6WmRBYeG+KzFBvtyBput2o0/gvtJn9L+NWeD
                            B0LyUPaUYG/X4GF14FcmFQfz7I5jBCNHtPcLJbPYbZKQNhz/AgMBAAGjUDBOMB0G
                            A1UdDgQWBBS9QqP8gtMM6nm4oYzNbgqhEDP1aDAfBgNVHSMEGDAWgBS9QqP8gtMM
                            6nm4oYzNbgqhEDP1aDAMBgNVHRMEBTADAQH/MA0GCSqGSIb3DQEBBQUAA4IBAQBH
                            2qyYwLwesIOxUTj+NJ0VXRBDH8VecNLiUUs9Np4x8A0pxLvlNnv5TdJAruEg1LSV
                            mAqqPUdAB2m7CKDeUVM9cwOB7vqelV2GNgOfevXi+DZRMffyyE8qyIcnTqvDOgcR
                            8qGTPSVT+SIsOkV9bYrjltrbnal7cJermsA8SC5w/pjLaOHI1xIZHquZzymWoN3Z
                            fz2CQg2r5o+AURYd74GrHhHqVa9VrdWtcimB+vTQQihoLt8YciehpJjOMpx2D66e
                            FfpC8ix31RRdjAVIo1y33h1yU3gEHePDbOthZE+lpXi2WJqO85H85LqJOtgn2WPI
                            3P2Tx32Cq1WXCYkxLaPI
</ds:X509Certificate>
                    </ds:X509Data>
                </ds:KeyInfo>
            </md:KeyDescriptor>
            <md:KeyDescriptor xmlns:ds="http://www.w3.org/2000/09/xmldsig#" use="encryption">
                <ds:KeyInfo>
                    <ds:X509Data>
                        <ds:X509Certificate>MIIDyzCCArOgAwIBAgIJAMzixtXMUH1NMA0GCSqGSIb3DQEBBQUAMHwxCzAJBgNV
                            BAYTAk5MMRAwDgYDVQQIDAdVdHJlY2h0MRAwDgYDVQQHDAdVdHJlY2h0MRUwEwYD
                            VQQKDAxTVVJGbmV0IEIuVi4xEzARBgNVBAsMClNVUkZjb25leHQxHTAbBgNVBAMM
                            FGVuZ2luZS5zdXJmY29uZXh0Lm5sMB4XDTExMDEyNDEwMTg1N1oXDTIxMDEyMzEw
                            MTg1N1owfDELMAkGA1UEBhMCTkwxEDAOBgNVBAgMB1V0cmVjaHQxEDAOBgNVBAcM
                            B1V0cmVjaHQxFTATBgNVBAoMDFNVUkZuZXQgQi5WLjETMBEGA1UECwwKU1VSRmNv
                            bmV4dDEdMBsGA1UEAwwUZW5naW5lLnN1cmZjb25leHQubmwwggEiMA0GCSqGSIb3
                            DQEBAQUAA4IBDwAwggEKAoIBAQDMJ6v+f3owS3KR5IXSil+3XFwGvCVeYx3jDOFK
                            AnwvXlDpTu+t730b8/spHtlopyJVAlb6qBIPN7R4TGTLqiu0zebYsYx/PtqCk5cb
                            u9qs3h+p2BBoTXVwXA/ZYi0tqtxp04hcNrRj1TAgLyC0S+KASTF+zzccAcjTBid5
                            EMioo+YllgSEobWJ4X33XVRqNrikAPDsNmDrdKUi257JSO2xhVIG5lbtmDaL5ORC
                            D56oRmVdp7VQTEQ3Yass8J5Rn+Ub6WmRBYeG+KzFBvtyBput2o0/gvtJn9L+NWeD
                            B0LyUPaUYG/X4GF14FcmFQfz7I5jBCNHtPcLJbPYbZKQNhz/AgMBAAGjUDBOMB0G
                            A1UdDgQWBBS9QqP8gtMM6nm4oYzNbgqhEDP1aDAfBgNVHSMEGDAWgBS9QqP8gtMM
                            6nm4oYzNbgqhEDP1aDAMBgNVHRMEBTADAQH/MA0GCSqGSIb3DQEBBQUAA4IBAQBH
                            2qyYwLwesIOxUTj+NJ0VXRBDH8VecNLiUUs9Np4x8A0pxLvlNnv5TdJAruEg1LSV
                            mAqqPUdAB2m7CKDeUVM9cwOB7vqelV2GNgOfevXi+DZRMffyyE8qyIcnTqvDOgcR
                            8qGTPSVT+SIsOkV9bYrjltrbnal7cJermsA8SC5w/pjLaOHI1xIZHquZzymWoN3Z
                            fz2CQg2r5o+AURYd74GrHhHqVa9VrdWtcimB+vTQQihoLt8YciehpJjOMpx2D66e
                            FfpC8ix31RRdjAVIo1y33h1yU3gEHePDbOthZE+lpXi2WJqO85H85LqJOtgn2WPI
                            3P2Tx32Cq1WXCYkxLaPI
</ds:X509Certificate>
                    </ds:X509Data>
                </ds:KeyInfo>
            </md:KeyDescriptor>
            <md:NameIDFormat>urn:oasis:names:tc:SAML:2.0:nameid-format:transient</md:NameIDFormat>
            <md:SingleSignOnService Binding="urn:oasis:names:tc:SAML:2.0:bindings:HTTP-Redirect" Location="https://engine.surfconext.nl/authentication/idp/single-sign-on/f0897d4827506c83749d11317cf77adf"/>
        </md:IDPSSODescriptor>
    </md:EntityDescriptor>
    <md:EntityDescriptor validUntil="2013-01-30T11:03:12Z" entityID="https://surfguest.nl/test">
        <md:IDPSSODescriptor protocolSupportEnumeration="urn:oasis:names:tc:SAML:2.0:protocol">
            <md:Extensions>
                <mdui:UIInfo>
                    <mdui:DisplayName xml:lang="nl">SURFguest - This IdP is for testing only</mdui:DisplayName>
                    <mdui:DisplayName xml:lang="en">SURFguest - This IdP is for testing only</mdui:DisplayName>
                    <mdui:Description xml:lang="nl">SURFguest - This IdP is for testing only</mdui:Description>
                    <mdui:Description xml:lang="en">SURFguest - This IdP is for testing only</mdui:Description>
                    <mdui:Logo height="51" width="107">https://wayf.surfnet.nl/federate/surfnet/img/logo/surfguest_test.png</mdui:Logo>
                    <mdui:Keywords xml:lang="nl">SURFguest Guest </mdui:Keywords>
                    <mdui:Keywords xml:lang="en">SURFguest Guest </mdui:Keywords>
                </mdui:UIInfo>
            </md:Extensions>
            <md:KeyDescriptor xmlns:ds="http://www.w3.org/2000/09/xmldsig#" use="signing">
                <ds:KeyInfo>
                    <ds:X509Data>
                        <ds:X509Certificate>MIIDyzCCArOgAwIBAgIJAMzixtXMUH1NMA0GCSqGSIb3DQEBBQUAMHwxCzAJBgNV
                            BAYTAk5MMRAwDgYDVQQIDAdVdHJlY2h0MRAwDgYDVQQHDAdVdHJlY2h0MRUwEwYD
                            VQQKDAxTVVJGbmV0IEIuVi4xEzARBgNVBAsMClNVUkZjb25leHQxHTAbBgNVBAMM
                            FGVuZ2luZS5zdXJmY29uZXh0Lm5sMB4XDTExMDEyNDEwMTg1N1oXDTIxMDEyMzEw
                            MTg1N1owfDELMAkGA1UEBhMCTkwxEDAOBgNVBAgMB1V0cmVjaHQxEDAOBgNVBAcM
                            B1V0cmVjaHQxFTATBgNVBAoMDFNVUkZuZXQgQi5WLjETMBEGA1UECwwKU1VSRmNv
                            bmV4dDEdMBsGA1UEAwwUZW5naW5lLnN1cmZjb25leHQubmwwggEiMA0GCSqGSIb3
                            DQEBAQUAA4IBDwAwggEKAoIBAQDMJ6v+f3owS3KR5IXSil+3XFwGvCVeYx3jDOFK
                            AnwvXlDpTu+t730b8/spHtlopyJVAlb6qBIPN7R4TGTLqiu0zebYsYx/PtqCk5cb
                            u9qs3h+p2BBoTXVwXA/ZYi0tqtxp04hcNrRj1TAgLyC0S+KASTF+zzccAcjTBid5
                            EMioo+YllgSEobWJ4X33XVRqNrikAPDsNmDrdKUi257JSO2xhVIG5lbtmDaL5ORC
                            D56oRmVdp7VQTEQ3Yass8J5Rn+Ub6WmRBYeG+KzFBvtyBput2o0/gvtJn9L+NWeD
                            B0LyUPaUYG/X4GF14FcmFQfz7I5jBCNHtPcLJbPYbZKQNhz/AgMBAAGjUDBOMB0G
                            A1UdDgQWBBS9QqP8gtMM6nm4oYzNbgqhEDP1aDAfBgNVHSMEGDAWgBS9QqP8gtMM
                            6nm4oYzNbgqhEDP1aDAMBgNVHRMEBTADAQH/MA0GCSqGSIb3DQEBBQUAA4IBAQBH
                            2qyYwLwesIOxUTj+NJ0VXRBDH8VecNLiUUs9Np4x8A0pxLvlNnv5TdJAruEg1LSV
                            mAqqPUdAB2m7CKDeUVM9cwOB7vqelV2GNgOfevXi+DZRMffyyE8qyIcnTqvDOgcR
                            8qGTPSVT+SIsOkV9bYrjltrbnal7cJermsA8SC5w/pjLaOHI1xIZHquZzymWoN3Z
                            fz2CQg2r5o+AURYd74GrHhHqVa9VrdWtcimB+vTQQihoLt8YciehpJjOMpx2D66e
                            FfpC8ix31RRdjAVIo1y33h1yU3gEHePDbOthZE+lpXi2WJqO85H85LqJOtgn2WPI
                            3P2Tx32Cq1WXCYkxLaPI
</ds:X509Certificate>
                    </ds:X509Data>
                </ds:KeyInfo>
            </md:KeyDescriptor>
            <md:KeyDescriptor xmlns:ds="http://www.w3.org/2000/09/xmldsig#" use="encryption">
                <ds:KeyInfo>
                    <ds:X509Data>
                        <ds:X509Certificate>MIIDyzCCArOgAwIBAgIJAMzixtXMUH1NMA0GCSqGSIb3DQEBBQUAMHwxCzAJBgNV
                            BAYTAk5MMRAwDgYDVQQIDAdVdHJlY2h0MRAwDgYDVQQHDAdVdHJlY2h0MRUwEwYD
                            VQQKDAxTVVJGbmV0IEIuVi4xEzARBgNVBAsMClNVUkZjb25leHQxHTAbBgNVBAMM
                            FGVuZ2luZS5zdXJmY29uZXh0Lm5sMB4XDTExMDEyNDEwMTg1N1oXDTIxMDEyMzEw
                            MTg1N1owfDELMAkGA1UEBhMCTkwxEDAOBgNVBAgMB1V0cmVjaHQxEDAOBgNVBAcM
                            B1V0cmVjaHQxFTATBgNVBAoMDFNVUkZuZXQgQi5WLjETMBEGA1UECwwKU1VSRmNv
                            bmV4dDEdMBsGA1UEAwwUZW5naW5lLnN1cmZjb25leHQubmwwggEiMA0GCSqGSIb3
                            DQEBAQUAA4IBDwAwggEKAoIBAQDMJ6v+f3owS3KR5IXSil+3XFwGvCVeYx3jDOFK
                            AnwvXlDpTu+t730b8/spHtlopyJVAlb6qBIPN7R4TGTLqiu0zebYsYx/PtqCk5cb
                            u9qs3h+p2BBoTXVwXA/ZYi0tqtxp04hcNrRj1TAgLyC0S+KASTF+zzccAcjTBid5
                            EMioo+YllgSEobWJ4X33XVRqNrikAPDsNmDrdKUi257JSO2xhVIG5lbtmDaL5ORC
                            D56oRmVdp7VQTEQ3Yass8J5Rn+Ub6WmRBYeG+KzFBvtyBput2o0/gvtJn9L+NWeD
                            B0LyUPaUYG/X4GF14FcmFQfz7I5jBCNHtPcLJbPYbZKQNhz/AgMBAAGjUDBOMB0G
                            A1UdDgQWBBS9QqP8gtMM6nm4oYzNbgqhEDP1aDAfBgNVHSMEGDAWgBS9QqP8gtMM
                            6nm4oYzNbgqhEDP1aDAMBgNVHRMEBTADAQH/MA0GCSqGSIb3DQEBBQUAA4IBAQBH
                            2qyYwLwesIOxUTj+NJ0VXRBDH8VecNLiUUs9Np4x8A0pxLvlNnv5TdJAruEg1LSV
                            mAqqPUdAB2m7CKDeUVM9cwOB7vqelV2GNgOfevXi+DZRMffyyE8qyIcnTqvDOgcR
                            8qGTPSVT+SIsOkV9bYrjltrbnal7cJermsA8SC5w/pjLaOHI1xIZHquZzymWoN3Z
                            fz2CQg2r5o+AURYd74GrHhHqVa9VrdWtcimB+vTQQihoLt8YciehpJjOMpx2D66e
                            FfpC8ix31RRdjAVIo1y33h1yU3gEHePDbOthZE+lpXi2WJqO85H85LqJOtgn2WPI
                            3P2Tx32Cq1WXCYkxLaPI
</ds:X509Certificate>
                    </ds:X509Data>
                </ds:KeyInfo>
            </md:KeyDescriptor>
            <md:NameIDFormat>urn:oasis:names:tc:SAML:2.0:nameid-format:transient</md:NameIDFormat>
            <md:SingleSignOnService Binding="urn:oasis:names:tc:SAML:2.0:bindings:HTTP-Redirect" Location="https://engine.surfconext.nl/authentication/idp/single-sign-on/e86adb734ccbbbfdf1598599206c4931"/>
        </md:IDPSSODescriptor>
    </md:EntityDescriptor>
    <md:EntityDescriptor validUntil="2013-01-30T11:03:12Z" entityID="https://openidp.feide.no">
        <md:IDPSSODescriptor protocolSupportEnumeration="urn:oasis:names:tc:SAML:2.0:protocol">
            <md:Extensions>
                <mdui:UIInfo>
                    <mdui:DisplayName xml:lang="nl">OpenIDP | Provided by Feide</mdui:DisplayName>
                    <mdui:DisplayName xml:lang="en">OpenIDP | Provided by Feide</mdui:DisplayName>
                    <mdui:Description xml:lang="nl">OpenIdP (Feide.no)</mdui:Description>
                    <mdui:Description xml:lang="en">OpenIdP (Feide.no)</mdui:Description>
                    <mdui:Logo height="38" width="165">https://wiki.surfnetlabs.nl/download/attachments/19333145/Selection_003.png</mdui:Logo>
                    <mdui:Keywords xml:lang="nl">OpenIdP (Feide.no)</mdui:Keywords>
                    <mdui:Keywords xml:lang="en">OpenIdP (Feide.no)</mdui:Keywords>
                </mdui:UIInfo>
            </md:Extensions>
            <md:KeyDescriptor xmlns:ds="http://www.w3.org/2000/09/xmldsig#" use="signing">
                <ds:KeyInfo>
                    <ds:X509Data>
                        <ds:X509Certificate>MIIDyzCCArOgAwIBAgIJAMzixtXMUH1NMA0GCSqGSIb3DQEBBQUAMHwxCzAJBgNV
                            BAYTAk5MMRAwDgYDVQQIDAdVdHJlY2h0MRAwDgYDVQQHDAdVdHJlY2h0MRUwEwYD
                            VQQKDAxTVVJGbmV0IEIuVi4xEzARBgNVBAsMClNVUkZjb25leHQxHTAbBgNVBAMM
                            FGVuZ2luZS5zdXJmY29uZXh0Lm5sMB4XDTExMDEyNDEwMTg1N1oXDTIxMDEyMzEw
                            MTg1N1owfDELMAkGA1UEBhMCTkwxEDAOBgNVBAgMB1V0cmVjaHQxEDAOBgNVBAcM
                            B1V0cmVjaHQxFTATBgNVBAoMDFNVUkZuZXQgQi5WLjETMBEGA1UECwwKU1VSRmNv
                            bmV4dDEdMBsGA1UEAwwUZW5naW5lLnN1cmZjb25leHQubmwwggEiMA0GCSqGSIb3
                            DQEBAQUAA4IBDwAwggEKAoIBAQDMJ6v+f3owS3KR5IXSil+3XFwGvCVeYx3jDOFK
                            AnwvXlDpTu+t730b8/spHtlopyJVAlb6qBIPN7R4TGTLqiu0zebYsYx/PtqCk5cb
                            u9qs3h+p2BBoTXVwXA/ZYi0tqtxp04hcNrRj1TAgLyC0S+KASTF+zzccAcjTBid5
                            EMioo+YllgSEobWJ4X33XVRqNrikAPDsNmDrdKUi257JSO2xhVIG5lbtmDaL5ORC
                            D56oRmVdp7VQTEQ3Yass8J5Rn+Ub6WmRBYeG+KzFBvtyBput2o0/gvtJn9L+NWeD
                            B0LyUPaUYG/X4GF14FcmFQfz7I5jBCNHtPcLJbPYbZKQNhz/AgMBAAGjUDBOMB0G
                            A1UdDgQWBBS9QqP8gtMM6nm4oYzNbgqhEDP1aDAfBgNVHSMEGDAWgBS9QqP8gtMM
                            6nm4oYzNbgqhEDP1aDAMBgNVHRMEBTADAQH/MA0GCSqGSIb3DQEBBQUAA4IBAQBH
                            2qyYwLwesIOxUTj+NJ0VXRBDH8VecNLiUUs9Np4x8A0pxLvlNnv5TdJAruEg1LSV
                            mAqqPUdAB2m7CKDeUVM9cwOB7vqelV2GNgOfevXi+DZRMffyyE8qyIcnTqvDOgcR
                            8qGTPSVT+SIsOkV9bYrjltrbnal7cJermsA8SC5w/pjLaOHI1xIZHquZzymWoN3Z
                            fz2CQg2r5o+AURYd74GrHhHqVa9VrdWtcimB+vTQQihoLt8YciehpJjOMpx2D66e
                            FfpC8ix31RRdjAVIo1y33h1yU3gEHePDbOthZE+lpXi2WJqO85H85LqJOtgn2WPI
                            3P2Tx32Cq1WXCYkxLaPI
</ds:X509Certificate>
                    </ds:X509Data>
                </ds:KeyInfo>
            </md:KeyDescriptor>
            <md:KeyDescriptor xmlns:ds="http://www.w3.org/2000/09/xmldsig#" use="encryption">
                <ds:KeyInfo>
                    <ds:X509Data>
                        <ds:X509Certificate>MIIDyzCCArOgAwIBAgIJAMzixtXMUH1NMA0GCSqGSIb3DQEBBQUAMHwxCzAJBgNV
                            BAYTAk5MMRAwDgYDVQQIDAdVdHJlY2h0MRAwDgYDVQQHDAdVdHJlY2h0MRUwEwYD
                            VQQKDAxTVVJGbmV0IEIuVi4xEzARBgNVBAsMClNVUkZjb25leHQxHTAbBgNVBAMM
                            FGVuZ2luZS5zdXJmY29uZXh0Lm5sMB4XDTExMDEyNDEwMTg1N1oXDTIxMDEyMzEw
                            MTg1N1owfDELMAkGA1UEBhMCTkwxEDAOBgNVBAgMB1V0cmVjaHQxEDAOBgNVBAcM
                            B1V0cmVjaHQxFTATBgNVBAoMDFNVUkZuZXQgQi5WLjETMBEGA1UECwwKU1VSRmNv
                            bmV4dDEdMBsGA1UEAwwUZW5naW5lLnN1cmZjb25leHQubmwwggEiMA0GCSqGSIb3
                            DQEBAQUAA4IBDwAwggEKAoIBAQDMJ6v+f3owS3KR5IXSil+3XFwGvCVeYx3jDOFK
                            AnwvXlDpTu+t730b8/spHtlopyJVAlb6qBIPN7R4TGTLqiu0zebYsYx/PtqCk5cb
                            u9qs3h+p2BBoTXVwXA/ZYi0tqtxp04hcNrRj1TAgLyC0S+KASTF+zzccAcjTBid5
                            EMioo+YllgSEobWJ4X33XVRqNrikAPDsNmDrdKUi257JSO2xhVIG5lbtmDaL5ORC
                            D56oRmVdp7VQTEQ3Yass8J5Rn+Ub6WmRBYeG+KzFBvtyBput2o0/gvtJn9L+NWeD
                            B0LyUPaUYG/X4GF14FcmFQfz7I5jBCNHtPcLJbPYbZKQNhz/AgMBAAGjUDBOMB0G
                            A1UdDgQWBBS9QqP8gtMM6nm4oYzNbgqhEDP1aDAfBgNVHSMEGDAWgBS9QqP8gtMM
                            6nm4oYzNbgqhEDP1aDAMBgNVHRMEBTADAQH/MA0GCSqGSIb3DQEBBQUAA4IBAQBH
                            2qyYwLwesIOxUTj+NJ0VXRBDH8VecNLiUUs9Np4x8A0pxLvlNnv5TdJAruEg1LSV
                            mAqqPUdAB2m7CKDeUVM9cwOB7vqelV2GNgOfevXi+DZRMffyyE8qyIcnTqvDOgcR
                            8qGTPSVT+SIsOkV9bYrjltrbnal7cJermsA8SC5w/pjLaOHI1xIZHquZzymWoN3Z
                            fz2CQg2r5o+AURYd74GrHhHqVa9VrdWtcimB+vTQQihoLt8YciehpJjOMpx2D66e
                            FfpC8ix31RRdjAVIo1y33h1yU3gEHePDbOthZE+lpXi2WJqO85H85LqJOtgn2WPI
                            3P2Tx32Cq1WXCYkxLaPI
</ds:X509Certificate>
                    </ds:X509Data>
                </ds:KeyInfo>
            </md:KeyDescriptor>
            <md:NameIDFormat>urn:oasis:names:tc:SAML:2.0:nameid-format:transient</md:NameIDFormat>
            <md:SingleSignOnService Binding="urn:oasis:names:tc:SAML:2.0:bindings:HTTP-Redirect" Location="https://engine.surfconext.nl/authentication/idp/single-sign-on/0b7a0833f06d1ad3dca72caa47e0de4c"/>
        </md:IDPSSODescriptor>
    </md:EntityDescriptor>
    <md:EntityDescriptor validUntil="2013-01-30T11:03:12Z" entityID="https://idvnam-idp.rocvantwente.nl/nidp/saml2/metadata">
        <md:IDPSSODescriptor protocolSupportEnumeration="urn:oasis:names:tc:SAML:2.0:protocol">
            <md:Extensions>
                <mdui:UIInfo>
                    <mdui:Description xml:lang="nl">ROC van Twente</mdui:Description>
                    <mdui:Description xml:lang="en">ROC van Twente</mdui:Description>
                    <mdui:Logo height="60" width="120">https://.png</mdui:Logo>
                    <mdui:Keywords xml:lang="nl">ROC van Twente</mdui:Keywords>
                    <mdui:Keywords xml:lang="en">ROC van Twente</mdui:Keywords>
                </mdui:UIInfo>
            </md:Extensions>
            <md:KeyDescriptor xmlns:ds="http://www.w3.org/2000/09/xmldsig#" use="signing">
                <ds:KeyInfo>
                    <ds:X509Data>
                        <ds:X509Certificate>MIIDyzCCArOgAwIBAgIJAMzixtXMUH1NMA0GCSqGSIb3DQEBBQUAMHwxCzAJBgNV
                            BAYTAk5MMRAwDgYDVQQIDAdVdHJlY2h0MRAwDgYDVQQHDAdVdHJlY2h0MRUwEwYD
                            VQQKDAxTVVJGbmV0IEIuVi4xEzARBgNVBAsMClNVUkZjb25leHQxHTAbBgNVBAMM
                            FGVuZ2luZS5zdXJmY29uZXh0Lm5sMB4XDTExMDEyNDEwMTg1N1oXDTIxMDEyMzEw
                            MTg1N1owfDELMAkGA1UEBhMCTkwxEDAOBgNVBAgMB1V0cmVjaHQxEDAOBgNVBAcM
                            B1V0cmVjaHQxFTATBgNVBAoMDFNVUkZuZXQgQi5WLjETMBEGA1UECwwKU1VSRmNv
                            bmV4dDEdMBsGA1UEAwwUZW5naW5lLnN1cmZjb25leHQubmwwggEiMA0GCSqGSIb3
                            DQEBAQUAA4IBDwAwggEKAoIBAQDMJ6v+f3owS3KR5IXSil+3XFwGvCVeYx3jDOFK
                            AnwvXlDpTu+t730b8/spHtlopyJVAlb6qBIPN7R4TGTLqiu0zebYsYx/PtqCk5cb
                            u9qs3h+p2BBoTXVwXA/ZYi0tqtxp04hcNrRj1TAgLyC0S+KASTF+zzccAcjTBid5
                            EMioo+YllgSEobWJ4X33XVRqNrikAPDsNmDrdKUi257JSO2xhVIG5lbtmDaL5ORC
                            D56oRmVdp7VQTEQ3Yass8J5Rn+Ub6WmRBYeG+KzFBvtyBput2o0/gvtJn9L+NWeD
                            B0LyUPaUYG/X4GF14FcmFQfz7I5jBCNHtPcLJbPYbZKQNhz/AgMBAAGjUDBOMB0G
                            A1UdDgQWBBS9QqP8gtMM6nm4oYzNbgqhEDP1aDAfBgNVHSMEGDAWgBS9QqP8gtMM
                            6nm4oYzNbgqhEDP1aDAMBgNVHRMEBTADAQH/MA0GCSqGSIb3DQEBBQUAA4IBAQBH
                            2qyYwLwesIOxUTj+NJ0VXRBDH8VecNLiUUs9Np4x8A0pxLvlNnv5TdJAruEg1LSV
                            mAqqPUdAB2m7CKDeUVM9cwOB7vqelV2GNgOfevXi+DZRMffyyE8qyIcnTqvDOgcR
                            8qGTPSVT+SIsOkV9bYrjltrbnal7cJermsA8SC5w/pjLaOHI1xIZHquZzymWoN3Z
                            fz2CQg2r5o+AURYd74GrHhHqVa9VrdWtcimB+vTQQihoLt8YciehpJjOMpx2D66e
                            FfpC8ix31RRdjAVIo1y33h1yU3gEHePDbOthZE+lpXi2WJqO85H85LqJOtgn2WPI
                            3P2Tx32Cq1WXCYkxLaPI
</ds:X509Certificate>
                    </ds:X509Data>
                </ds:KeyInfo>
            </md:KeyDescriptor>
            <md:KeyDescriptor xmlns:ds="http://www.w3.org/2000/09/xmldsig#" use="encryption">
                <ds:KeyInfo>
                    <ds:X509Data>
                        <ds:X509Certificate>MIIDyzCCArOgAwIBAgIJAMzixtXMUH1NMA0GCSqGSIb3DQEBBQUAMHwxCzAJBgNV
                            BAYTAk5MMRAwDgYDVQQIDAdVdHJlY2h0MRAwDgYDVQQHDAdVdHJlY2h0MRUwEwYD
                            VQQKDAxTVVJGbmV0IEIuVi4xEzARBgNVBAsMClNVUkZjb25leHQxHTAbBgNVBAMM
                            FGVuZ2luZS5zdXJmY29uZXh0Lm5sMB4XDTExMDEyNDEwMTg1N1oXDTIxMDEyMzEw
                            MTg1N1owfDELMAkGA1UEBhMCTkwxEDAOBgNVBAgMB1V0cmVjaHQxEDAOBgNVBAcM
                            B1V0cmVjaHQxFTATBgNVBAoMDFNVUkZuZXQgQi5WLjETMBEGA1UECwwKU1VSRmNv
                            bmV4dDEdMBsGA1UEAwwUZW5naW5lLnN1cmZjb25leHQubmwwggEiMA0GCSqGSIb3
                            DQEBAQUAA4IBDwAwggEKAoIBAQDMJ6v+f3owS3KR5IXSil+3XFwGvCVeYx3jDOFK
                            AnwvXlDpTu+t730b8/spHtlopyJVAlb6qBIPN7R4TGTLqiu0zebYsYx/PtqCk5cb
                            u9qs3h+p2BBoTXVwXA/ZYi0tqtxp04hcNrRj1TAgLyC0S+KASTF+zzccAcjTBid5
                            EMioo+YllgSEobWJ4X33XVRqNrikAPDsNmDrdKUi257JSO2xhVIG5lbtmDaL5ORC
                            D56oRmVdp7VQTEQ3Yass8J5Rn+Ub6WmRBYeG+KzFBvtyBput2o0/gvtJn9L+NWeD
                            B0LyUPaUYG/X4GF14FcmFQfz7I5jBCNHtPcLJbPYbZKQNhz/AgMBAAGjUDBOMB0G
                            A1UdDgQWBBS9QqP8gtMM6nm4oYzNbgqhEDP1aDAfBgNVHSMEGDAWgBS9QqP8gtMM
                            6nm4oYzNbgqhEDP1aDAMBgNVHRMEBTADAQH/MA0GCSqGSIb3DQEBBQUAA4IBAQBH
                            2qyYwLwesIOxUTj+NJ0VXRBDH8VecNLiUUs9Np4x8A0pxLvlNnv5TdJAruEg1LSV
                            mAqqPUdAB2m7CKDeUVM9cwOB7vqelV2GNgOfevXi+DZRMffyyE8qyIcnTqvDOgcR
                            8qGTPSVT+SIsOkV9bYrjltrbnal7cJermsA8SC5w/pjLaOHI1xIZHquZzymWoN3Z
                            fz2CQg2r5o+AURYd74GrHhHqVa9VrdWtcimB+vTQQihoLt8YciehpJjOMpx2D66e
                            FfpC8ix31RRdjAVIo1y33h1yU3gEHePDbOthZE+lpXi2WJqO85H85LqJOtgn2WPI
                            3P2Tx32Cq1WXCYkxLaPI
</ds:X509Certificate>
                    </ds:X509Data>
                </ds:KeyInfo>
            </md:KeyDescriptor>
            <md:NameIDFormat>urn:oasis:names:tc:SAML:2.0:nameid-format:transient</md:NameIDFormat>
            <md:SingleSignOnService Binding="urn:oasis:names:tc:SAML:2.0:bindings:HTTP-Redirect" Location="https://engine.surfconext.nl/authentication/idp/single-sign-on/f2de079fbcc57322c826d79d8aa91739"/>
        </md:IDPSSODescriptor>
    </md:EntityDescriptor>
    <md:EntityDescriptor validUntil="2013-01-30T11:03:12Z" entityID="https://nam.aventus.nl/nidp/saml2/metadata">
        <md:IDPSSODescriptor protocolSupportEnumeration="urn:oasis:names:tc:SAML:2.0:protocol">
            <md:Extensions>
                <mdui:UIInfo>
                    <mdui:DisplayName xml:lang="nl">ROC Aventus</mdui:DisplayName>
                    <mdui:DisplayName xml:lang="en">ROC Aventus</mdui:DisplayName>
                    <mdui:Description xml:lang="nl">ROC Aventus</mdui:Description>
                    <mdui:Description xml:lang="en">ROC Aventus</mdui:Description>
                    <mdui:Logo height="60" width="120">https://wayf.surfnet.nl/federate/surfnet/img/logo/aventus.png</mdui:Logo>
                    <mdui:Keywords xml:lang="nl">ROC Aventus</mdui:Keywords>
                    <mdui:Keywords xml:lang="en">ROC Aventus</mdui:Keywords>
                </mdui:UIInfo>
            </md:Extensions>
            <md:KeyDescriptor xmlns:ds="http://www.w3.org/2000/09/xmldsig#" use="signing">
                <ds:KeyInfo>
                    <ds:X509Data>
                        <ds:X509Certificate>MIIDyzCCArOgAwIBAgIJAMzixtXMUH1NMA0GCSqGSIb3DQEBBQUAMHwxCzAJBgNV
                            BAYTAk5MMRAwDgYDVQQIDAdVdHJlY2h0MRAwDgYDVQQHDAdVdHJlY2h0MRUwEwYD
                            VQQKDAxTVVJGbmV0IEIuVi4xEzARBgNVBAsMClNVUkZjb25leHQxHTAbBgNVBAMM
                            FGVuZ2luZS5zdXJmY29uZXh0Lm5sMB4XDTExMDEyNDEwMTg1N1oXDTIxMDEyMzEw
                            MTg1N1owfDELMAkGA1UEBhMCTkwxEDAOBgNVBAgMB1V0cmVjaHQxEDAOBgNVBAcM
                            B1V0cmVjaHQxFTATBgNVBAoMDFNVUkZuZXQgQi5WLjETMBEGA1UECwwKU1VSRmNv
                            bmV4dDEdMBsGA1UEAwwUZW5naW5lLnN1cmZjb25leHQubmwwggEiMA0GCSqGSIb3
                            DQEBAQUAA4IBDwAwggEKAoIBAQDMJ6v+f3owS3KR5IXSil+3XFwGvCVeYx3jDOFK
                            AnwvXlDpTu+t730b8/spHtlopyJVAlb6qBIPN7R4TGTLqiu0zebYsYx/PtqCk5cb
                            u9qs3h+p2BBoTXVwXA/ZYi0tqtxp04hcNrRj1TAgLyC0S+KASTF+zzccAcjTBid5
                            EMioo+YllgSEobWJ4X33XVRqNrikAPDsNmDrdKUi257JSO2xhVIG5lbtmDaL5ORC
                            D56oRmVdp7VQTEQ3Yass8J5Rn+Ub6WmRBYeG+KzFBvtyBput2o0/gvtJn9L+NWeD
                            B0LyUPaUYG/X4GF14FcmFQfz7I5jBCNHtPcLJbPYbZKQNhz/AgMBAAGjUDBOMB0G
                            A1UdDgQWBBS9QqP8gtMM6nm4oYzNbgqhEDP1aDAfBgNVHSMEGDAWgBS9QqP8gtMM
                            6nm4oYzNbgqhEDP1aDAMBgNVHRMEBTADAQH/MA0GCSqGSIb3DQEBBQUAA4IBAQBH
                            2qyYwLwesIOxUTj+NJ0VXRBDH8VecNLiUUs9Np4x8A0pxLvlNnv5TdJAruEg1LSV
                            mAqqPUdAB2m7CKDeUVM9cwOB7vqelV2GNgOfevXi+DZRMffyyE8qyIcnTqvDOgcR
                            8qGTPSVT+SIsOkV9bYrjltrbnal7cJermsA8SC5w/pjLaOHI1xIZHquZzymWoN3Z
                            fz2CQg2r5o+AURYd74GrHhHqVa9VrdWtcimB+vTQQihoLt8YciehpJjOMpx2D66e
                            FfpC8ix31RRdjAVIo1y33h1yU3gEHePDbOthZE+lpXi2WJqO85H85LqJOtgn2WPI
                            3P2Tx32Cq1WXCYkxLaPI
</ds:X509Certificate>
                    </ds:X509Data>
                </ds:KeyInfo>
            </md:KeyDescriptor>
            <md:KeyDescriptor xmlns:ds="http://www.w3.org/2000/09/xmldsig#" use="encryption">
                <ds:KeyInfo>
                    <ds:X509Data>
                        <ds:X509Certificate>MIIDyzCCArOgAwIBAgIJAMzixtXMUH1NMA0GCSqGSIb3DQEBBQUAMHwxCzAJBgNV
                            BAYTAk5MMRAwDgYDVQQIDAdVdHJlY2h0MRAwDgYDVQQHDAdVdHJlY2h0MRUwEwYD
                            VQQKDAxTVVJGbmV0IEIuVi4xEzARBgNVBAsMClNVUkZjb25leHQxHTAbBgNVBAMM
                            FGVuZ2luZS5zdXJmY29uZXh0Lm5sMB4XDTExMDEyNDEwMTg1N1oXDTIxMDEyMzEw
                            MTg1N1owfDELMAkGA1UEBhMCTkwxEDAOBgNVBAgMB1V0cmVjaHQxEDAOBgNVBAcM
                            B1V0cmVjaHQxFTATBgNVBAoMDFNVUkZuZXQgQi5WLjETMBEGA1UECwwKU1VSRmNv
                            bmV4dDEdMBsGA1UEAwwUZW5naW5lLnN1cmZjb25leHQubmwwggEiMA0GCSqGSIb3
                            DQEBAQUAA4IBDwAwggEKAoIBAQDMJ6v+f3owS3KR5IXSil+3XFwGvCVeYx3jDOFK
                            AnwvXlDpTu+t730b8/spHtlopyJVAlb6qBIPN7R4TGTLqiu0zebYsYx/PtqCk5cb
                            u9qs3h+p2BBoTXVwXA/ZYi0tqtxp04hcNrRj1TAgLyC0S+KASTF+zzccAcjTBid5
                            EMioo+YllgSEobWJ4X33XVRqNrikAPDsNmDrdKUi257JSO2xhVIG5lbtmDaL5ORC
                            D56oRmVdp7VQTEQ3Yass8J5Rn+Ub6WmRBYeG+KzFBvtyBput2o0/gvtJn9L+NWeD
                            B0LyUPaUYG/X4GF14FcmFQfz7I5jBCNHtPcLJbPYbZKQNhz/AgMBAAGjUDBOMB0G
                            A1UdDgQWBBS9QqP8gtMM6nm4oYzNbgqhEDP1aDAfBgNVHSMEGDAWgBS9QqP8gtMM
                            6nm4oYzNbgqhEDP1aDAMBgNVHRMEBTADAQH/MA0GCSqGSIb3DQEBBQUAA4IBAQBH
                            2qyYwLwesIOxUTj+NJ0VXRBDH8VecNLiUUs9Np4x8A0pxLvlNnv5TdJAruEg1LSV
                            mAqqPUdAB2m7CKDeUVM9cwOB7vqelV2GNgOfevXi+DZRMffyyE8qyIcnTqvDOgcR
                            8qGTPSVT+SIsOkV9bYrjltrbnal7cJermsA8SC5w/pjLaOHI1xIZHquZzymWoN3Z
                            fz2CQg2r5o+AURYd74GrHhHqVa9VrdWtcimB+vTQQihoLt8YciehpJjOMpx2D66e
                            FfpC8ix31RRdjAVIo1y33h1yU3gEHePDbOthZE+lpXi2WJqO85H85LqJOtgn2WPI
                            3P2Tx32Cq1WXCYkxLaPI
</ds:X509Certificate>
                    </ds:X509Data>
                </ds:KeyInfo>
            </md:KeyDescriptor>
            <md:NameIDFormat>urn:oasis:names:tc:SAML:2.0:nameid-format:transient</md:NameIDFormat>
            <md:SingleSignOnService Binding="urn:oasis:names:tc:SAML:2.0:bindings:HTTP-Redirect" Location="https://engine.surfconext.nl/authentication/idp/single-sign-on/f2f6fa714fb85c04d87f1aedf4fbce50"/>
        </md:IDPSSODescriptor>
    </md:EntityDescriptor>
    <md:EntityDescriptor validUntil="2013-01-30T11:03:12Z" entityID="https://aa-lb-idp01.atos.uu.nl:8443/nidp/saml2/metadata">
        <md:IDPSSODescriptor protocolSupportEnumeration="urn:oasis:names:tc:SAML:2.0:protocol">
            <md:Extensions>
                <mdui:UIInfo>
                    <mdui:Description xml:lang="en">NIAM Beheer</mdui:Description>
                    <mdui:Logo height="60" width="120">https://wayf.surfnet.nl/federate/surfnet/img/logo/uu.png</mdui:Logo>
                </mdui:UIInfo>
            </md:Extensions>
            <md:KeyDescriptor xmlns:ds="http://www.w3.org/2000/09/xmldsig#" use="signing">
                <ds:KeyInfo>
                    <ds:X509Data>
                        <ds:X509Certificate>MIIDyzCCArOgAwIBAgIJAMzixtXMUH1NMA0GCSqGSIb3DQEBBQUAMHwxCzAJBgNV
                            BAYTAk5MMRAwDgYDVQQIDAdVdHJlY2h0MRAwDgYDVQQHDAdVdHJlY2h0MRUwEwYD
                            VQQKDAxTVVJGbmV0IEIuVi4xEzARBgNVBAsMClNVUkZjb25leHQxHTAbBgNVBAMM
                            FGVuZ2luZS5zdXJmY29uZXh0Lm5sMB4XDTExMDEyNDEwMTg1N1oXDTIxMDEyMzEw
                            MTg1N1owfDELMAkGA1UEBhMCTkwxEDAOBgNVBAgMB1V0cmVjaHQxEDAOBgNVBAcM
                            B1V0cmVjaHQxFTATBgNVBAoMDFNVUkZuZXQgQi5WLjETMBEGA1UECwwKU1VSRmNv
                            bmV4dDEdMBsGA1UEAwwUZW5naW5lLnN1cmZjb25leHQubmwwggEiMA0GCSqGSIb3
                            DQEBAQUAA4IBDwAwggEKAoIBAQDMJ6v+f3owS3KR5IXSil+3XFwGvCVeYx3jDOFK
                            AnwvXlDpTu+t730b8/spHtlopyJVAlb6qBIPN7R4TGTLqiu0zebYsYx/PtqCk5cb
                            u9qs3h+p2BBoTXVwXA/ZYi0tqtxp04hcNrRj1TAgLyC0S+KASTF+zzccAcjTBid5
                            EMioo+YllgSEobWJ4X33XVRqNrikAPDsNmDrdKUi257JSO2xhVIG5lbtmDaL5ORC
                            D56oRmVdp7VQTEQ3Yass8J5Rn+Ub6WmRBYeG+KzFBvtyBput2o0/gvtJn9L+NWeD
                            B0LyUPaUYG/X4GF14FcmFQfz7I5jBCNHtPcLJbPYbZKQNhz/AgMBAAGjUDBOMB0G
                            A1UdDgQWBBS9QqP8gtMM6nm4oYzNbgqhEDP1aDAfBgNVHSMEGDAWgBS9QqP8gtMM
                            6nm4oYzNbgqhEDP1aDAMBgNVHRMEBTADAQH/MA0GCSqGSIb3DQEBBQUAA4IBAQBH
                            2qyYwLwesIOxUTj+NJ0VXRBDH8VecNLiUUs9Np4x8A0pxLvlNnv5TdJAruEg1LSV
                            mAqqPUdAB2m7CKDeUVM9cwOB7vqelV2GNgOfevXi+DZRMffyyE8qyIcnTqvDOgcR
                            8qGTPSVT+SIsOkV9bYrjltrbnal7cJermsA8SC5w/pjLaOHI1xIZHquZzymWoN3Z
                            fz2CQg2r5o+AURYd74GrHhHqVa9VrdWtcimB+vTQQihoLt8YciehpJjOMpx2D66e
                            FfpC8ix31RRdjAVIo1y33h1yU3gEHePDbOthZE+lpXi2WJqO85H85LqJOtgn2WPI
                            3P2Tx32Cq1WXCYkxLaPI
</ds:X509Certificate>
                    </ds:X509Data>
                </ds:KeyInfo>
            </md:KeyDescriptor>
            <md:KeyDescriptor xmlns:ds="http://www.w3.org/2000/09/xmldsig#" use="encryption">
                <ds:KeyInfo>
                    <ds:X509Data>
                        <ds:X509Certificate>MIIDyzCCArOgAwIBAgIJAMzixtXMUH1NMA0GCSqGSIb3DQEBBQUAMHwxCzAJBgNV
                            BAYTAk5MMRAwDgYDVQQIDAdVdHJlY2h0MRAwDgYDVQQHDAdVdHJlY2h0MRUwEwYD
                            VQQKDAxTVVJGbmV0IEIuVi4xEzARBgNVBAsMClNVUkZjb25leHQxHTAbBgNVBAMM
                            FGVuZ2luZS5zdXJmY29uZXh0Lm5sMB4XDTExMDEyNDEwMTg1N1oXDTIxMDEyMzEw
                            MTg1N1owfDELMAkGA1UEBhMCTkwxEDAOBgNVBAgMB1V0cmVjaHQxEDAOBgNVBAcM
                            B1V0cmVjaHQxFTATBgNVBAoMDFNVUkZuZXQgQi5WLjETMBEGA1UECwwKU1VSRmNv
                            bmV4dDEdMBsGA1UEAwwUZW5naW5lLnN1cmZjb25leHQubmwwggEiMA0GCSqGSIb3
                            DQEBAQUAA4IBDwAwggEKAoIBAQDMJ6v+f3owS3KR5IXSil+3XFwGvCVeYx3jDOFK
                            AnwvXlDpTu+t730b8/spHtlopyJVAlb6qBIPN7R4TGTLqiu0zebYsYx/PtqCk5cb
                            u9qs3h+p2BBoTXVwXA/ZYi0tqtxp04hcNrRj1TAgLyC0S+KASTF+zzccAcjTBid5
                            EMioo+YllgSEobWJ4X33XVRqNrikAPDsNmDrdKUi257JSO2xhVIG5lbtmDaL5ORC
                            D56oRmVdp7VQTEQ3Yass8J5Rn+Ub6WmRBYeG+KzFBvtyBput2o0/gvtJn9L+NWeD
                            B0LyUPaUYG/X4GF14FcmFQfz7I5jBCNHtPcLJbPYbZKQNhz/AgMBAAGjUDBOMB0G
                            A1UdDgQWBBS9QqP8gtMM6nm4oYzNbgqhEDP1aDAfBgNVHSMEGDAWgBS9QqP8gtMM
                            6nm4oYzNbgqhEDP1aDAMBgNVHRMEBTADAQH/MA0GCSqGSIb3DQEBBQUAA4IBAQBH
                            2qyYwLwesIOxUTj+NJ0VXRBDH8VecNLiUUs9Np4x8A0pxLvlNnv5TdJAruEg1LSV
                            mAqqPUdAB2m7CKDeUVM9cwOB7vqelV2GNgOfevXi+DZRMffyyE8qyIcnTqvDOgcR
                            8qGTPSVT+SIsOkV9bYrjltrbnal7cJermsA8SC5w/pjLaOHI1xIZHquZzymWoN3Z
                            fz2CQg2r5o+AURYd74GrHhHqVa9VrdWtcimB+vTQQihoLt8YciehpJjOMpx2D66e
                            FfpC8ix31RRdjAVIo1y33h1yU3gEHePDbOthZE+lpXi2WJqO85H85LqJOtgn2WPI
                            3P2Tx32Cq1WXCYkxLaPI
</ds:X509Certificate>
                    </ds:X509Data>
                </ds:KeyInfo>
            </md:KeyDescriptor>
            <md:NameIDFormat>urn:oasis:names:tc:SAML:2.0:nameid-format:transient</md:NameIDFormat>
            <md:SingleSignOnService Binding="urn:oasis:names:tc:SAML:2.0:bindings:HTTP-Redirect" Location="https://engine.surfconext.nl/authentication/idp/single-sign-on/a72e98701e161ad15dfc062f6ed3dacb"/>
        </md:IDPSSODescriptor>
    </md:EntityDescriptor>
    <md:EntityDescriptor validUntil="2013-01-30T11:03:12Z" entityID="https://idp.everett-ict.com">
        <md:IDPSSODescriptor protocolSupportEnumeration="urn:oasis:names:tc:SAML:2.0:protocol">
            <md:Extensions>
                <mdui:UIInfo>
                    <mdui:Description xml:lang="en">This is the IdP for Everett B.V. Part of the iWelcome Group.</mdui:Description>
                    <mdui:Logo height="48" width="110">http://www.everett.nl/Everett-small.png</mdui:Logo>
                    <mdui:Keywords xml:lang="en">everett</mdui:Keywords>
                </mdui:UIInfo>
            </md:Extensions>
            <md:KeyDescriptor xmlns:ds="http://www.w3.org/2000/09/xmldsig#" use="signing">
                <ds:KeyInfo>
                    <ds:X509Data>
                        <ds:X509Certificate>MIIDyzCCArOgAwIBAgIJAMzixtXMUH1NMA0GCSqGSIb3DQEBBQUAMHwxCzAJBgNV
                            BAYTAk5MMRAwDgYDVQQIDAdVdHJlY2h0MRAwDgYDVQQHDAdVdHJlY2h0MRUwEwYD
                            VQQKDAxTVVJGbmV0IEIuVi4xEzARBgNVBAsMClNVUkZjb25leHQxHTAbBgNVBAMM
                            FGVuZ2luZS5zdXJmY29uZXh0Lm5sMB4XDTExMDEyNDEwMTg1N1oXDTIxMDEyMzEw
                            MTg1N1owfDELMAkGA1UEBhMCTkwxEDAOBgNVBAgMB1V0cmVjaHQxEDAOBgNVBAcM
                            B1V0cmVjaHQxFTATBgNVBAoMDFNVUkZuZXQgQi5WLjETMBEGA1UECwwKU1VSRmNv
                            bmV4dDEdMBsGA1UEAwwUZW5naW5lLnN1cmZjb25leHQubmwwggEiMA0GCSqGSIb3
                            DQEBAQUAA4IBDwAwggEKAoIBAQDMJ6v+f3owS3KR5IXSil+3XFwGvCVeYx3jDOFK
                            AnwvXlDpTu+t730b8/spHtlopyJVAlb6qBIPN7R4TGTLqiu0zebYsYx/PtqCk5cb
                            u9qs3h+p2BBoTXVwXA/ZYi0tqtxp04hcNrRj1TAgLyC0S+KASTF+zzccAcjTBid5
                            EMioo+YllgSEobWJ4X33XVRqNrikAPDsNmDrdKUi257JSO2xhVIG5lbtmDaL5ORC
                            D56oRmVdp7VQTEQ3Yass8J5Rn+Ub6WmRBYeG+KzFBvtyBput2o0/gvtJn9L+NWeD
                            B0LyUPaUYG/X4GF14FcmFQfz7I5jBCNHtPcLJbPYbZKQNhz/AgMBAAGjUDBOMB0G
                            A1UdDgQWBBS9QqP8gtMM6nm4oYzNbgqhEDP1aDAfBgNVHSMEGDAWgBS9QqP8gtMM
                            6nm4oYzNbgqhEDP1aDAMBgNVHRMEBTADAQH/MA0GCSqGSIb3DQEBBQUAA4IBAQBH
                            2qyYwLwesIOxUTj+NJ0VXRBDH8VecNLiUUs9Np4x8A0pxLvlNnv5TdJAruEg1LSV
                            mAqqPUdAB2m7CKDeUVM9cwOB7vqelV2GNgOfevXi+DZRMffyyE8qyIcnTqvDOgcR
                            8qGTPSVT+SIsOkV9bYrjltrbnal7cJermsA8SC5w/pjLaOHI1xIZHquZzymWoN3Z
                            fz2CQg2r5o+AURYd74GrHhHqVa9VrdWtcimB+vTQQihoLt8YciehpJjOMpx2D66e
                            FfpC8ix31RRdjAVIo1y33h1yU3gEHePDbOthZE+lpXi2WJqO85H85LqJOtgn2WPI
                            3P2Tx32Cq1WXCYkxLaPI
</ds:X509Certificate>
                    </ds:X509Data>
                </ds:KeyInfo>
            </md:KeyDescriptor>
            <md:KeyDescriptor xmlns:ds="http://www.w3.org/2000/09/xmldsig#" use="encryption">
                <ds:KeyInfo>
                    <ds:X509Data>
                        <ds:X509Certificate>MIIDyzCCArOgAwIBAgIJAMzixtXMUH1NMA0GCSqGSIb3DQEBBQUAMHwxCzAJBgNV
                            BAYTAk5MMRAwDgYDVQQIDAdVdHJlY2h0MRAwDgYDVQQHDAdVdHJlY2h0MRUwEwYD
                            VQQKDAxTVVJGbmV0IEIuVi4xEzARBgNVBAsMClNVUkZjb25leHQxHTAbBgNVBAMM
                            FGVuZ2luZS5zdXJmY29uZXh0Lm5sMB4XDTExMDEyNDEwMTg1N1oXDTIxMDEyMzEw
                            MTg1N1owfDELMAkGA1UEBhMCTkwxEDAOBgNVBAgMB1V0cmVjaHQxEDAOBgNVBAcM
                            B1V0cmVjaHQxFTATBgNVBAoMDFNVUkZuZXQgQi5WLjETMBEGA1UECwwKU1VSRmNv
                            bmV4dDEdMBsGA1UEAwwUZW5naW5lLnN1cmZjb25leHQubmwwggEiMA0GCSqGSIb3
                            DQEBAQUAA4IBDwAwggEKAoIBAQDMJ6v+f3owS3KR5IXSil+3XFwGvCVeYx3jDOFK
                            AnwvXlDpTu+t730b8/spHtlopyJVAlb6qBIPN7R4TGTLqiu0zebYsYx/PtqCk5cb
                            u9qs3h+p2BBoTXVwXA/ZYi0tqtxp04hcNrRj1TAgLyC0S+KASTF+zzccAcjTBid5
                            EMioo+YllgSEobWJ4X33XVRqNrikAPDsNmDrdKUi257JSO2xhVIG5lbtmDaL5ORC
                            D56oRmVdp7VQTEQ3Yass8J5Rn+Ub6WmRBYeG+KzFBvtyBput2o0/gvtJn9L+NWeD
                            B0LyUPaUYG/X4GF14FcmFQfz7I5jBCNHtPcLJbPYbZKQNhz/AgMBAAGjUDBOMB0G
                            A1UdDgQWBBS9QqP8gtMM6nm4oYzNbgqhEDP1aDAfBgNVHSMEGDAWgBS9QqP8gtMM
                            6nm4oYzNbgqhEDP1aDAMBgNVHRMEBTADAQH/MA0GCSqGSIb3DQEBBQUAA4IBAQBH
                            2qyYwLwesIOxUTj+NJ0VXRBDH8VecNLiUUs9Np4x8A0pxLvlNnv5TdJAruEg1LSV
                            mAqqPUdAB2m7CKDeUVM9cwOB7vqelV2GNgOfevXi+DZRMffyyE8qyIcnTqvDOgcR
                            8qGTPSVT+SIsOkV9bYrjltrbnal7cJermsA8SC5w/pjLaOHI1xIZHquZzymWoN3Z
                            fz2CQg2r5o+AURYd74GrHhHqVa9VrdWtcimB+vTQQihoLt8YciehpJjOMpx2D66e
                            FfpC8ix31RRdjAVIo1y33h1yU3gEHePDbOthZE+lpXi2WJqO85H85LqJOtgn2WPI
                            3P2Tx32Cq1WXCYkxLaPI
</ds:X509Certificate>
                    </ds:X509Data>
                </ds:KeyInfo>
            </md:KeyDescriptor>
            <md:NameIDFormat>urn:oasis:names:tc:SAML:2.0:nameid-format:transient</md:NameIDFormat>
            <md:SingleSignOnService Binding="urn:oasis:names:tc:SAML:2.0:bindings:HTTP-Redirect" Location="https://engine.surfconext.nl/authentication/idp/single-sign-on/8f193b007984f82a18be68b5c7aa880c"/>
        </md:IDPSSODescriptor>
    </md:EntityDescriptor>
    <md:EntityDescriptor validUntil="2013-01-30T11:03:12Z" entityID="urn:federation:Springer-sbm">
        <md:IDPSSODescriptor protocolSupportEnumeration="urn:oasis:names:tc:SAML:2.0:protocol">
            <md:Extensions>
                <mdui:UIInfo>
                    <mdui:DisplayName xml:lang="nl">Springer Science+Business Media</mdui:DisplayName>
                    <mdui:DisplayName xml:lang="en">Springer Science+Business Media</mdui:DisplayName>
                    <mdui:Description xml:lang="nl">Springer Science+Business Media</mdui:Description>
                    <mdui:Description xml:lang="en">Springer Science+Business Media</mdui:Description>
                    <mdui:Logo height="32" width="108">https://wayf.surfnet.nl/federate/surfnet/img/logo/springer.png</mdui:Logo>
                    <mdui:Keywords xml:lang="nl">Springer Science+Business Media</mdui:Keywords>
                    <mdui:Keywords xml:lang="en">Springer Science+Business Media</mdui:Keywords>
                </mdui:UIInfo>
            </md:Extensions>
            <md:KeyDescriptor xmlns:ds="http://www.w3.org/2000/09/xmldsig#" use="signing">
                <ds:KeyInfo>
                    <ds:X509Data>
                        <ds:X509Certificate>MIIDyzCCArOgAwIBAgIJAMzixtXMUH1NMA0GCSqGSIb3DQEBBQUAMHwxCzAJBgNV
                            BAYTAk5MMRAwDgYDVQQIDAdVdHJlY2h0MRAwDgYDVQQHDAdVdHJlY2h0MRUwEwYD
                            VQQKDAxTVVJGbmV0IEIuVi4xEzARBgNVBAsMClNVUkZjb25leHQxHTAbBgNVBAMM
                            FGVuZ2luZS5zdXJmY29uZXh0Lm5sMB4XDTExMDEyNDEwMTg1N1oXDTIxMDEyMzEw
                            MTg1N1owfDELMAkGA1UEBhMCTkwxEDAOBgNVBAgMB1V0cmVjaHQxEDAOBgNVBAcM
                            B1V0cmVjaHQxFTATBgNVBAoMDFNVUkZuZXQgQi5WLjETMBEGA1UECwwKU1VSRmNv
                            bmV4dDEdMBsGA1UEAwwUZW5naW5lLnN1cmZjb25leHQubmwwggEiMA0GCSqGSIb3
                            DQEBAQUAA4IBDwAwggEKAoIBAQDMJ6v+f3owS3KR5IXSil+3XFwGvCVeYx3jDOFK
                            AnwvXlDpTu+t730b8/spHtlopyJVAlb6qBIPN7R4TGTLqiu0zebYsYx/PtqCk5cb
                            u9qs3h+p2BBoTXVwXA/ZYi0tqtxp04hcNrRj1TAgLyC0S+KASTF+zzccAcjTBid5
                            EMioo+YllgSEobWJ4X33XVRqNrikAPDsNmDrdKUi257JSO2xhVIG5lbtmDaL5ORC
                            D56oRmVdp7VQTEQ3Yass8J5Rn+Ub6WmRBYeG+KzFBvtyBput2o0/gvtJn9L+NWeD
                            B0LyUPaUYG/X4GF14FcmFQfz7I5jBCNHtPcLJbPYbZKQNhz/AgMBAAGjUDBOMB0G
                            A1UdDgQWBBS9QqP8gtMM6nm4oYzNbgqhEDP1aDAfBgNVHSMEGDAWgBS9QqP8gtMM
                            6nm4oYzNbgqhEDP1aDAMBgNVHRMEBTADAQH/MA0GCSqGSIb3DQEBBQUAA4IBAQBH
                            2qyYwLwesIOxUTj+NJ0VXRBDH8VecNLiUUs9Np4x8A0pxLvlNnv5TdJAruEg1LSV
                            mAqqPUdAB2m7CKDeUVM9cwOB7vqelV2GNgOfevXi+DZRMffyyE8qyIcnTqvDOgcR
                            8qGTPSVT+SIsOkV9bYrjltrbnal7cJermsA8SC5w/pjLaOHI1xIZHquZzymWoN3Z
                            fz2CQg2r5o+AURYd74GrHhHqVa9VrdWtcimB+vTQQihoLt8YciehpJjOMpx2D66e
                            FfpC8ix31RRdjAVIo1y33h1yU3gEHePDbOthZE+lpXi2WJqO85H85LqJOtgn2WPI
                            3P2Tx32Cq1WXCYkxLaPI
</ds:X509Certificate>
                    </ds:X509Data>
                </ds:KeyInfo>
            </md:KeyDescriptor>
            <md:KeyDescriptor xmlns:ds="http://www.w3.org/2000/09/xmldsig#" use="encryption">
                <ds:KeyInfo>
                    <ds:X509Data>
                        <ds:X509Certificate>MIIDyzCCArOgAwIBAgIJAMzixtXMUH1NMA0GCSqGSIb3DQEBBQUAMHwxCzAJBgNV
                            BAYTAk5MMRAwDgYDVQQIDAdVdHJlY2h0MRAwDgYDVQQHDAdVdHJlY2h0MRUwEwYD
                            VQQKDAxTVVJGbmV0IEIuVi4xEzARBgNVBAsMClNVUkZjb25leHQxHTAbBgNVBAMM
                            FGVuZ2luZS5zdXJmY29uZXh0Lm5sMB4XDTExMDEyNDEwMTg1N1oXDTIxMDEyMzEw
                            MTg1N1owfDELMAkGA1UEBhMCTkwxEDAOBgNVBAgMB1V0cmVjaHQxEDAOBgNVBAcM
                            B1V0cmVjaHQxFTATBgNVBAoMDFNVUkZuZXQgQi5WLjETMBEGA1UECwwKU1VSRmNv
                            bmV4dDEdMBsGA1UEAwwUZW5naW5lLnN1cmZjb25leHQubmwwggEiMA0GCSqGSIb3
                            DQEBAQUAA4IBDwAwggEKAoIBAQDMJ6v+f3owS3KR5IXSil+3XFwGvCVeYx3jDOFK
                            AnwvXlDpTu+t730b8/spHtlopyJVAlb6qBIPN7R4TGTLqiu0zebYsYx/PtqCk5cb
                            u9qs3h+p2BBoTXVwXA/ZYi0tqtxp04hcNrRj1TAgLyC0S+KASTF+zzccAcjTBid5
                            EMioo+YllgSEobWJ4X33XVRqNrikAPDsNmDrdKUi257JSO2xhVIG5lbtmDaL5ORC
                            D56oRmVdp7VQTEQ3Yass8J5Rn+Ub6WmRBYeG+KzFBvtyBput2o0/gvtJn9L+NWeD
                            B0LyUPaUYG/X4GF14FcmFQfz7I5jBCNHtPcLJbPYbZKQNhz/AgMBAAGjUDBOMB0G
                            A1UdDgQWBBS9QqP8gtMM6nm4oYzNbgqhEDP1aDAfBgNVHSMEGDAWgBS9QqP8gtMM
                            6nm4oYzNbgqhEDP1aDAMBgNVHRMEBTADAQH/MA0GCSqGSIb3DQEBBQUAA4IBAQBH
                            2qyYwLwesIOxUTj+NJ0VXRBDH8VecNLiUUs9Np4x8A0pxLvlNnv5TdJAruEg1LSV
                            mAqqPUdAB2m7CKDeUVM9cwOB7vqelV2GNgOfevXi+DZRMffyyE8qyIcnTqvDOgcR
                            8qGTPSVT+SIsOkV9bYrjltrbnal7cJermsA8SC5w/pjLaOHI1xIZHquZzymWoN3Z
                            fz2CQg2r5o+AURYd74GrHhHqVa9VrdWtcimB+vTQQihoLt8YciehpJjOMpx2D66e
                            FfpC8ix31RRdjAVIo1y33h1yU3gEHePDbOthZE+lpXi2WJqO85H85LqJOtgn2WPI
                            3P2Tx32Cq1WXCYkxLaPI
</ds:X509Certificate>
                    </ds:X509Data>
                </ds:KeyInfo>
            </md:KeyDescriptor>
            <md:NameIDFormat>urn:oasis:names:tc:SAML:2.0:nameid-format:transient</md:NameIDFormat>
            <md:SingleSignOnService Binding="urn:oasis:names:tc:SAML:2.0:bindings:HTTP-Redirect" Location="https://engine.surfconext.nl/authentication/idp/single-sign-on/dee7eb31294e74def293f36085e7793e"/>
        </md:IDPSSODescriptor>
    </md:EntityDescriptor>
    <md:EntityDescriptor validUntil="2013-01-30T11:03:12Z" entityID="https://logon.mumc.nl:443/fed">
        <md:IDPSSODescriptor protocolSupportEnumeration="urn:oasis:names:tc:SAML:2.0:protocol">
            <md:Extensions>
                <mdui:UIInfo>
                    <mdui:Description xml:lang="nl">Academisch Ziekenhuis Maastricht</mdui:Description>
                    <mdui:Description xml:lang="en">Academisch Ziekenhuis Maastricht</mdui:Description>
                    <mdui:Logo height="39" width="108">https://wayf.surfnet.nl/federate/surfnet/img/logo/azm.png</mdui:Logo>
                    <mdui:Keywords xml:lang="nl">UMC, Universiteit AZM MUMC Academisch Ziekenhuis Maastricht University</mdui:Keywords>
                    <mdui:Keywords xml:lang="en">UMC, Universiteit AZM MUMC Academisch Ziekenhuis Maastricht University</mdui:Keywords>
                </mdui:UIInfo>
            </md:Extensions>
            <md:KeyDescriptor xmlns:ds="http://www.w3.org/2000/09/xmldsig#" use="signing">
                <ds:KeyInfo>
                    <ds:X509Data>
                        <ds:X509Certificate>MIIDyzCCArOgAwIBAgIJAMzixtXMUH1NMA0GCSqGSIb3DQEBBQUAMHwxCzAJBgNV
                            BAYTAk5MMRAwDgYDVQQIDAdVdHJlY2h0MRAwDgYDVQQHDAdVdHJlY2h0MRUwEwYD
                            VQQKDAxTVVJGbmV0IEIuVi4xEzARBgNVBAsMClNVUkZjb25leHQxHTAbBgNVBAMM
                            FGVuZ2luZS5zdXJmY29uZXh0Lm5sMB4XDTExMDEyNDEwMTg1N1oXDTIxMDEyMzEw
                            MTg1N1owfDELMAkGA1UEBhMCTkwxEDAOBgNVBAgMB1V0cmVjaHQxEDAOBgNVBAcM
                            B1V0cmVjaHQxFTATBgNVBAoMDFNVUkZuZXQgQi5WLjETMBEGA1UECwwKU1VSRmNv
                            bmV4dDEdMBsGA1UEAwwUZW5naW5lLnN1cmZjb25leHQubmwwggEiMA0GCSqGSIb3
                            DQEBAQUAA4IBDwAwggEKAoIBAQDMJ6v+f3owS3KR5IXSil+3XFwGvCVeYx3jDOFK
                            AnwvXlDpTu+t730b8/spHtlopyJVAlb6qBIPN7R4TGTLqiu0zebYsYx/PtqCk5cb
                            u9qs3h+p2BBoTXVwXA/ZYi0tqtxp04hcNrRj1TAgLyC0S+KASTF+zzccAcjTBid5
                            EMioo+YllgSEobWJ4X33XVRqNrikAPDsNmDrdKUi257JSO2xhVIG5lbtmDaL5ORC
                            D56oRmVdp7VQTEQ3Yass8J5Rn+Ub6WmRBYeG+KzFBvtyBput2o0/gvtJn9L+NWeD
                            B0LyUPaUYG/X4GF14FcmFQfz7I5jBCNHtPcLJbPYbZKQNhz/AgMBAAGjUDBOMB0G
                            A1UdDgQWBBS9QqP8gtMM6nm4oYzNbgqhEDP1aDAfBgNVHSMEGDAWgBS9QqP8gtMM
                            6nm4oYzNbgqhEDP1aDAMBgNVHRMEBTADAQH/MA0GCSqGSIb3DQEBBQUAA4IBAQBH
                            2qyYwLwesIOxUTj+NJ0VXRBDH8VecNLiUUs9Np4x8A0pxLvlNnv5TdJAruEg1LSV
                            mAqqPUdAB2m7CKDeUVM9cwOB7vqelV2GNgOfevXi+DZRMffyyE8qyIcnTqvDOgcR
                            8qGTPSVT+SIsOkV9bYrjltrbnal7cJermsA8SC5w/pjLaOHI1xIZHquZzymWoN3Z
                            fz2CQg2r5o+AURYd74GrHhHqVa9VrdWtcimB+vTQQihoLt8YciehpJjOMpx2D66e
                            FfpC8ix31RRdjAVIo1y33h1yU3gEHePDbOthZE+lpXi2WJqO85H85LqJOtgn2WPI
                            3P2Tx32Cq1WXCYkxLaPI
</ds:X509Certificate>
                    </ds:X509Data>
                </ds:KeyInfo>
            </md:KeyDescriptor>
            <md:KeyDescriptor xmlns:ds="http://www.w3.org/2000/09/xmldsig#" use="encryption">
                <ds:KeyInfo>
                    <ds:X509Data>
                        <ds:X509Certificate>MIIDyzCCArOgAwIBAgIJAMzixtXMUH1NMA0GCSqGSIb3DQEBBQUAMHwxCzAJBgNV
                            BAYTAk5MMRAwDgYDVQQIDAdVdHJlY2h0MRAwDgYDVQQHDAdVdHJlY2h0MRUwEwYD
                            VQQKDAxTVVJGbmV0IEIuVi4xEzARBgNVBAsMClNVUkZjb25leHQxHTAbBgNVBAMM
                            FGVuZ2luZS5zdXJmY29uZXh0Lm5sMB4XDTExMDEyNDEwMTg1N1oXDTIxMDEyMzEw
                            MTg1N1owfDELMAkGA1UEBhMCTkwxEDAOBgNVBAgMB1V0cmVjaHQxEDAOBgNVBAcM
                            B1V0cmVjaHQxFTATBgNVBAoMDFNVUkZuZXQgQi5WLjETMBEGA1UECwwKU1VSRmNv
                            bmV4dDEdMBsGA1UEAwwUZW5naW5lLnN1cmZjb25leHQubmwwggEiMA0GCSqGSIb3
                            DQEBAQUAA4IBDwAwggEKAoIBAQDMJ6v+f3owS3KR5IXSil+3XFwGvCVeYx3jDOFK
                            AnwvXlDpTu+t730b8/spHtlopyJVAlb6qBIPN7R4TGTLqiu0zebYsYx/PtqCk5cb
                            u9qs3h+p2BBoTXVwXA/ZYi0tqtxp04hcNrRj1TAgLyC0S+KASTF+zzccAcjTBid5
                            EMioo+YllgSEobWJ4X33XVRqNrikAPDsNmDrdKUi257JSO2xhVIG5lbtmDaL5ORC
                            D56oRmVdp7VQTEQ3Yass8J5Rn+Ub6WmRBYeG+KzFBvtyBput2o0/gvtJn9L+NWeD
                            B0LyUPaUYG/X4GF14FcmFQfz7I5jBCNHtPcLJbPYbZKQNhz/AgMBAAGjUDBOMB0G
                            A1UdDgQWBBS9QqP8gtMM6nm4oYzNbgqhEDP1aDAfBgNVHSMEGDAWgBS9QqP8gtMM
                            6nm4oYzNbgqhEDP1aDAMBgNVHRMEBTADAQH/MA0GCSqGSIb3DQEBBQUAA4IBAQBH
                            2qyYwLwesIOxUTj+NJ0VXRBDH8VecNLiUUs9Np4x8A0pxLvlNnv5TdJAruEg1LSV
                            mAqqPUdAB2m7CKDeUVM9cwOB7vqelV2GNgOfevXi+DZRMffyyE8qyIcnTqvDOgcR
                            8qGTPSVT+SIsOkV9bYrjltrbnal7cJermsA8SC5w/pjLaOHI1xIZHquZzymWoN3Z
                            fz2CQg2r5o+AURYd74GrHhHqVa9VrdWtcimB+vTQQihoLt8YciehpJjOMpx2D66e
                            FfpC8ix31RRdjAVIo1y33h1yU3gEHePDbOthZE+lpXi2WJqO85H85LqJOtgn2WPI
                            3P2Tx32Cq1WXCYkxLaPI
</ds:X509Certificate>
                    </ds:X509Data>
                </ds:KeyInfo>
            </md:KeyDescriptor>
            <md:NameIDFormat>urn:oasis:names:tc:SAML:2.0:nameid-format:transient</md:NameIDFormat>
            <md:SingleSignOnService Binding="urn:oasis:names:tc:SAML:2.0:bindings:HTTP-Redirect" Location="https://engine.surfconext.nl/authentication/idp/single-sign-on/44b983eca93cf90694c31a45b6d7422c"/>
        </md:IDPSSODescriptor>
    </md:EntityDescriptor>
    <md:EntityDescriptor validUntil="2013-01-30T11:03:12Z" entityID="https://nam-id.astron.nl/nidp/saml2/metadata">
        <md:IDPSSODescriptor protocolSupportEnumeration="urn:oasis:names:tc:SAML:2.0:protocol">
            <md:Extensions>
                <mdui:UIInfo>
                    <mdui:Description xml:lang="nl">ASTRON</mdui:Description>
                    <mdui:Description xml:lang="en">ASTRON</mdui:Description>
                    <mdui:Logo height="31" width="108">https://wayf.surfnet.nl/federate/surfnet/img/logo/astron.gif</mdui:Logo>
                    <mdui:Keywords xml:lang="nl">ASTRON Institute for Radio Astronomy Instituut Astronomie</mdui:Keywords>
                    <mdui:Keywords xml:lang="en">ASTRON Institute for Radio Astronomy Instituut Astronomie</mdui:Keywords>
                </mdui:UIInfo>
            </md:Extensions>
            <md:KeyDescriptor xmlns:ds="http://www.w3.org/2000/09/xmldsig#" use="signing">
                <ds:KeyInfo>
                    <ds:X509Data>
                        <ds:X509Certificate>MIIDyzCCArOgAwIBAgIJAMzixtXMUH1NMA0GCSqGSIb3DQEBBQUAMHwxCzAJBgNV
                            BAYTAk5MMRAwDgYDVQQIDAdVdHJlY2h0MRAwDgYDVQQHDAdVdHJlY2h0MRUwEwYD
                            VQQKDAxTVVJGbmV0IEIuVi4xEzARBgNVBAsMClNVUkZjb25leHQxHTAbBgNVBAMM
                            FGVuZ2luZS5zdXJmY29uZXh0Lm5sMB4XDTExMDEyNDEwMTg1N1oXDTIxMDEyMzEw
                            MTg1N1owfDELMAkGA1UEBhMCTkwxEDAOBgNVBAgMB1V0cmVjaHQxEDAOBgNVBAcM
                            B1V0cmVjaHQxFTATBgNVBAoMDFNVUkZuZXQgQi5WLjETMBEGA1UECwwKU1VSRmNv
                            bmV4dDEdMBsGA1UEAwwUZW5naW5lLnN1cmZjb25leHQubmwwggEiMA0GCSqGSIb3
                            DQEBAQUAA4IBDwAwggEKAoIBAQDMJ6v+f3owS3KR5IXSil+3XFwGvCVeYx3jDOFK
                            AnwvXlDpTu+t730b8/spHtlopyJVAlb6qBIPN7R4TGTLqiu0zebYsYx/PtqCk5cb
                            u9qs3h+p2BBoTXVwXA/ZYi0tqtxp04hcNrRj1TAgLyC0S+KASTF+zzccAcjTBid5
                            EMioo+YllgSEobWJ4X33XVRqNrikAPDsNmDrdKUi257JSO2xhVIG5lbtmDaL5ORC
                            D56oRmVdp7VQTEQ3Yass8J5Rn+Ub6WmRBYeG+KzFBvtyBput2o0/gvtJn9L+NWeD
                            B0LyUPaUYG/X4GF14FcmFQfz7I5jBCNHtPcLJbPYbZKQNhz/AgMBAAGjUDBOMB0G
                            A1UdDgQWBBS9QqP8gtMM6nm4oYzNbgqhEDP1aDAfBgNVHSMEGDAWgBS9QqP8gtMM
                            6nm4oYzNbgqhEDP1aDAMBgNVHRMEBTADAQH/MA0GCSqGSIb3DQEBBQUAA4IBAQBH
                            2qyYwLwesIOxUTj+NJ0VXRBDH8VecNLiUUs9Np4x8A0pxLvlNnv5TdJAruEg1LSV
                            mAqqPUdAB2m7CKDeUVM9cwOB7vqelV2GNgOfevXi+DZRMffyyE8qyIcnTqvDOgcR
                            8qGTPSVT+SIsOkV9bYrjltrbnal7cJermsA8SC5w/pjLaOHI1xIZHquZzymWoN3Z
                            fz2CQg2r5o+AURYd74GrHhHqVa9VrdWtcimB+vTQQihoLt8YciehpJjOMpx2D66e
                            FfpC8ix31RRdjAVIo1y33h1yU3gEHePDbOthZE+lpXi2WJqO85H85LqJOtgn2WPI
                            3P2Tx32Cq1WXCYkxLaPI
</ds:X509Certificate>
                    </ds:X509Data>
                </ds:KeyInfo>
            </md:KeyDescriptor>
            <md:KeyDescriptor xmlns:ds="http://www.w3.org/2000/09/xmldsig#" use="encryption">
                <ds:KeyInfo>
                    <ds:X509Data>
                        <ds:X509Certificate>MIIDyzCCArOgAwIBAgIJAMzixtXMUH1NMA0GCSqGSIb3DQEBBQUAMHwxCzAJBgNV
                            BAYTAk5MMRAwDgYDVQQIDAdVdHJlY2h0MRAwDgYDVQQHDAdVdHJlY2h0MRUwEwYD
                            VQQKDAxTVVJGbmV0IEIuVi4xEzARBgNVBAsMClNVUkZjb25leHQxHTAbBgNVBAMM
                            FGVuZ2luZS5zdXJmY29uZXh0Lm5sMB4XDTExMDEyNDEwMTg1N1oXDTIxMDEyMzEw
                            MTg1N1owfDELMAkGA1UEBhMCTkwxEDAOBgNVBAgMB1V0cmVjaHQxEDAOBgNVBAcM
                            B1V0cmVjaHQxFTATBgNVBAoMDFNVUkZuZXQgQi5WLjETMBEGA1UECwwKU1VSRmNv
                            bmV4dDEdMBsGA1UEAwwUZW5naW5lLnN1cmZjb25leHQubmwwggEiMA0GCSqGSIb3
                            DQEBAQUAA4IBDwAwggEKAoIBAQDMJ6v+f3owS3KR5IXSil+3XFwGvCVeYx3jDOFK
                            AnwvXlDpTu+t730b8/spHtlopyJVAlb6qBIPN7R4TGTLqiu0zebYsYx/PtqCk5cb
                            u9qs3h+p2BBoTXVwXA/ZYi0tqtxp04hcNrRj1TAgLyC0S+KASTF+zzccAcjTBid5
                            EMioo+YllgSEobWJ4X33XVRqNrikAPDsNmDrdKUi257JSO2xhVIG5lbtmDaL5ORC
                            D56oRmVdp7VQTEQ3Yass8J5Rn+Ub6WmRBYeG+KzFBvtyBput2o0/gvtJn9L+NWeD
                            B0LyUPaUYG/X4GF14FcmFQfz7I5jBCNHtPcLJbPYbZKQNhz/AgMBAAGjUDBOMB0G
                            A1UdDgQWBBS9QqP8gtMM6nm4oYzNbgqhEDP1aDAfBgNVHSMEGDAWgBS9QqP8gtMM
                            6nm4oYzNbgqhEDP1aDAMBgNVHRMEBTADAQH/MA0GCSqGSIb3DQEBBQUAA4IBAQBH
                            2qyYwLwesIOxUTj+NJ0VXRBDH8VecNLiUUs9Np4x8A0pxLvlNnv5TdJAruEg1LSV
                            mAqqPUdAB2m7CKDeUVM9cwOB7vqelV2GNgOfevXi+DZRMffyyE8qyIcnTqvDOgcR
                            8qGTPSVT+SIsOkV9bYrjltrbnal7cJermsA8SC5w/pjLaOHI1xIZHquZzymWoN3Z
                            fz2CQg2r5o+AURYd74GrHhHqVa9VrdWtcimB+vTQQihoLt8YciehpJjOMpx2D66e
                            FfpC8ix31RRdjAVIo1y33h1yU3gEHePDbOthZE+lpXi2WJqO85H85LqJOtgn2WPI
                            3P2Tx32Cq1WXCYkxLaPI
</ds:X509Certificate>
                    </ds:X509Data>
                </ds:KeyInfo>
            </md:KeyDescriptor>
            <md:NameIDFormat>urn:oasis:names:tc:SAML:2.0:nameid-format:transient</md:NameIDFormat>
            <md:SingleSignOnService Binding="urn:oasis:names:tc:SAML:2.0:bindings:HTTP-Redirect" Location="https://engine.surfconext.nl/authentication/idp/single-sign-on/a8169f477c5de8d6100a46264c9ce87d"/>
        </md:IDPSSODescriptor>
    </md:EntityDescriptor>
    <md:EntityDescriptor validUntil="2013-01-30T11:03:12Z" entityID="http://surfspot.biblionetwerken.nl/adfs/services/trust">
        <md:IDPSSODescriptor protocolSupportEnumeration="urn:oasis:names:tc:SAML:2.0:protocol">
            <md:Extensions>
                <mdui:UIInfo>
                    <mdui:Description xml:lang="nl">Biblionet Groningen</mdui:Description>
                    <mdui:Description xml:lang="en">Biblionet Groningen</mdui:Description>
                    <mdui:Logo height="42" width="108">https://wayf.surfnet.nl/federate/surfnet/img/logo/biblionet.png</mdui:Logo>
                    <mdui:Keywords xml:lang="nl">Biblionet Groningen BNGRON Bibliotheek Library</mdui:Keywords>
                    <mdui:Keywords xml:lang="en">Biblionet Groningen BNGRON Bibliotheek Library</mdui:Keywords>
                </mdui:UIInfo>
            </md:Extensions>
            <md:KeyDescriptor xmlns:ds="http://www.w3.org/2000/09/xmldsig#" use="signing">
                <ds:KeyInfo>
                    <ds:X509Data>
                        <ds:X509Certificate>MIIDyzCCArOgAwIBAgIJAMzixtXMUH1NMA0GCSqGSIb3DQEBBQUAMHwxCzAJBgNV
                            BAYTAk5MMRAwDgYDVQQIDAdVdHJlY2h0MRAwDgYDVQQHDAdVdHJlY2h0MRUwEwYD
                            VQQKDAxTVVJGbmV0IEIuVi4xEzARBgNVBAsMClNVUkZjb25leHQxHTAbBgNVBAMM
                            FGVuZ2luZS5zdXJmY29uZXh0Lm5sMB4XDTExMDEyNDEwMTg1N1oXDTIxMDEyMzEw
                            MTg1N1owfDELMAkGA1UEBhMCTkwxEDAOBgNVBAgMB1V0cmVjaHQxEDAOBgNVBAcM
                            B1V0cmVjaHQxFTATBgNVBAoMDFNVUkZuZXQgQi5WLjETMBEGA1UECwwKU1VSRmNv
                            bmV4dDEdMBsGA1UEAwwUZW5naW5lLnN1cmZjb25leHQubmwwggEiMA0GCSqGSIb3
                            DQEBAQUAA4IBDwAwggEKAoIBAQDMJ6v+f3owS3KR5IXSil+3XFwGvCVeYx3jDOFK
                            AnwvXlDpTu+t730b8/spHtlopyJVAlb6qBIPN7R4TGTLqiu0zebYsYx/PtqCk5cb
                            u9qs3h+p2BBoTXVwXA/ZYi0tqtxp04hcNrRj1TAgLyC0S+KASTF+zzccAcjTBid5
                            EMioo+YllgSEobWJ4X33XVRqNrikAPDsNmDrdKUi257JSO2xhVIG5lbtmDaL5ORC
                            D56oRmVdp7VQTEQ3Yass8J5Rn+Ub6WmRBYeG+KzFBvtyBput2o0/gvtJn9L+NWeD
                            B0LyUPaUYG/X4GF14FcmFQfz7I5jBCNHtPcLJbPYbZKQNhz/AgMBAAGjUDBOMB0G
                            A1UdDgQWBBS9QqP8gtMM6nm4oYzNbgqhEDP1aDAfBgNVHSMEGDAWgBS9QqP8gtMM
                            6nm4oYzNbgqhEDP1aDAMBgNVHRMEBTADAQH/MA0GCSqGSIb3DQEBBQUAA4IBAQBH
                            2qyYwLwesIOxUTj+NJ0VXRBDH8VecNLiUUs9Np4x8A0pxLvlNnv5TdJAruEg1LSV
                            mAqqPUdAB2m7CKDeUVM9cwOB7vqelV2GNgOfevXi+DZRMffyyE8qyIcnTqvDOgcR
                            8qGTPSVT+SIsOkV9bYrjltrbnal7cJermsA8SC5w/pjLaOHI1xIZHquZzymWoN3Z
                            fz2CQg2r5o+AURYd74GrHhHqVa9VrdWtcimB+vTQQihoLt8YciehpJjOMpx2D66e
                            FfpC8ix31RRdjAVIo1y33h1yU3gEHePDbOthZE+lpXi2WJqO85H85LqJOtgn2WPI
                            3P2Tx32Cq1WXCYkxLaPI
</ds:X509Certificate>
                    </ds:X509Data>
                </ds:KeyInfo>
            </md:KeyDescriptor>
            <md:KeyDescriptor xmlns:ds="http://www.w3.org/2000/09/xmldsig#" use="encryption">
                <ds:KeyInfo>
                    <ds:X509Data>
                        <ds:X509Certificate>MIIDyzCCArOgAwIBAgIJAMzixtXMUH1NMA0GCSqGSIb3DQEBBQUAMHwxCzAJBgNV
                            BAYTAk5MMRAwDgYDVQQIDAdVdHJlY2h0MRAwDgYDVQQHDAdVdHJlY2h0MRUwEwYD
                            VQQKDAxTVVJGbmV0IEIuVi4xEzARBgNVBAsMClNVUkZjb25leHQxHTAbBgNVBAMM
                            FGVuZ2luZS5zdXJmY29uZXh0Lm5sMB4XDTExMDEyNDEwMTg1N1oXDTIxMDEyMzEw
                            MTg1N1owfDELMAkGA1UEBhMCTkwxEDAOBgNVBAgMB1V0cmVjaHQxEDAOBgNVBAcM
                            B1V0cmVjaHQxFTATBgNVBAoMDFNVUkZuZXQgQi5WLjETMBEGA1UECwwKU1VSRmNv
                            bmV4dDEdMBsGA1UEAwwUZW5naW5lLnN1cmZjb25leHQubmwwggEiMA0GCSqGSIb3
                            DQEBAQUAA4IBDwAwggEKAoIBAQDMJ6v+f3owS3KR5IXSil+3XFwGvCVeYx3jDOFK
                            AnwvXlDpTu+t730b8/spHtlopyJVAlb6qBIPN7R4TGTLqiu0zebYsYx/PtqCk5cb
                            u9qs3h+p2BBoTXVwXA/ZYi0tqtxp04hcNrRj1TAgLyC0S+KASTF+zzccAcjTBid5
                            EMioo+YllgSEobWJ4X33XVRqNrikAPDsNmDrdKUi257JSO2xhVIG5lbtmDaL5ORC
                            D56oRmVdp7VQTEQ3Yass8J5Rn+Ub6WmRBYeG+KzFBvtyBput2o0/gvtJn9L+NWeD
                            B0LyUPaUYG/X4GF14FcmFQfz7I5jBCNHtPcLJbPYbZKQNhz/AgMBAAGjUDBOMB0G
                            A1UdDgQWBBS9QqP8gtMM6nm4oYzNbgqhEDP1aDAfBgNVHSMEGDAWgBS9QqP8gtMM
                            6nm4oYzNbgqhEDP1aDAMBgNVHRMEBTADAQH/MA0GCSqGSIb3DQEBBQUAA4IBAQBH
                            2qyYwLwesIOxUTj+NJ0VXRBDH8VecNLiUUs9Np4x8A0pxLvlNnv5TdJAruEg1LSV
                            mAqqPUdAB2m7CKDeUVM9cwOB7vqelV2GNgOfevXi+DZRMffyyE8qyIcnTqvDOgcR
                            8qGTPSVT+SIsOkV9bYrjltrbnal7cJermsA8SC5w/pjLaOHI1xIZHquZzymWoN3Z
                            fz2CQg2r5o+AURYd74GrHhHqVa9VrdWtcimB+vTQQihoLt8YciehpJjOMpx2D66e
                            FfpC8ix31RRdjAVIo1y33h1yU3gEHePDbOthZE+lpXi2WJqO85H85LqJOtgn2WPI
                            3P2Tx32Cq1WXCYkxLaPI
</ds:X509Certificate>
                    </ds:X509Data>
                </ds:KeyInfo>
            </md:KeyDescriptor>
            <md:NameIDFormat>urn:oasis:names:tc:SAML:2.0:nameid-format:transient</md:NameIDFormat>
            <md:SingleSignOnService Binding="urn:oasis:names:tc:SAML:2.0:bindings:HTTP-Redirect" Location="https://engine.surfconext.nl/authentication/idp/single-sign-on/6358cf13024a94c53fa4eb6fb97a6702"/>
        </md:IDPSSODescriptor>
    </md:EntityDescriptor>
    <md:EntityDescriptor validUntil="2013-01-30T11:03:12Z" entityID="https://federatie.cbg.nl/saml2/idp/metadata.php">
        <md:IDPSSODescriptor protocolSupportEnumeration="urn:oasis:names:tc:SAML:2.0:protocol">
            <md:Extensions>
                <mdui:UIInfo>
                    <mdui:Description xml:lang="nl">Centraal Bureau voor Genealogie</mdui:Description>
                    <mdui:Description xml:lang="en">Centraal Bureau voor Genealogie</mdui:Description>
                    <mdui:Logo height="60" width="120">https://wayf.surfnet.nl/federate/surfnet/img/logo/cbg.png</mdui:Logo>
                    <mdui:Keywords xml:lang="nl">CBG Centraal Bureau voor Genealogie</mdui:Keywords>
                    <mdui:Keywords xml:lang="en">CBG Centraal Bureau voor Genealogie</mdui:Keywords>
                </mdui:UIInfo>
            </md:Extensions>
            <md:KeyDescriptor xmlns:ds="http://www.w3.org/2000/09/xmldsig#" use="signing">
                <ds:KeyInfo>
                    <ds:X509Data>
                        <ds:X509Certificate>MIIDyzCCArOgAwIBAgIJAMzixtXMUH1NMA0GCSqGSIb3DQEBBQUAMHwxCzAJBgNV
                            BAYTAk5MMRAwDgYDVQQIDAdVdHJlY2h0MRAwDgYDVQQHDAdVdHJlY2h0MRUwEwYD
                            VQQKDAxTVVJGbmV0IEIuVi4xEzARBgNVBAsMClNVUkZjb25leHQxHTAbBgNVBAMM
                            FGVuZ2luZS5zdXJmY29uZXh0Lm5sMB4XDTExMDEyNDEwMTg1N1oXDTIxMDEyMzEw
                            MTg1N1owfDELMAkGA1UEBhMCTkwxEDAOBgNVBAgMB1V0cmVjaHQxEDAOBgNVBAcM
                            B1V0cmVjaHQxFTATBgNVBAoMDFNVUkZuZXQgQi5WLjETMBEGA1UECwwKU1VSRmNv
                            bmV4dDEdMBsGA1UEAwwUZW5naW5lLnN1cmZjb25leHQubmwwggEiMA0GCSqGSIb3
                            DQEBAQUAA4IBDwAwggEKAoIBAQDMJ6v+f3owS3KR5IXSil+3XFwGvCVeYx3jDOFK
                            AnwvXlDpTu+t730b8/spHtlopyJVAlb6qBIPN7R4TGTLqiu0zebYsYx/PtqCk5cb
                            u9qs3h+p2BBoTXVwXA/ZYi0tqtxp04hcNrRj1TAgLyC0S+KASTF+zzccAcjTBid5
                            EMioo+YllgSEobWJ4X33XVRqNrikAPDsNmDrdKUi257JSO2xhVIG5lbtmDaL5ORC
                            D56oRmVdp7VQTEQ3Yass8J5Rn+Ub6WmRBYeG+KzFBvtyBput2o0/gvtJn9L+NWeD
                            B0LyUPaUYG/X4GF14FcmFQfz7I5jBCNHtPcLJbPYbZKQNhz/AgMBAAGjUDBOMB0G
                            A1UdDgQWBBS9QqP8gtMM6nm4oYzNbgqhEDP1aDAfBgNVHSMEGDAWgBS9QqP8gtMM
                            6nm4oYzNbgqhEDP1aDAMBgNVHRMEBTADAQH/MA0GCSqGSIb3DQEBBQUAA4IBAQBH
                            2qyYwLwesIOxUTj+NJ0VXRBDH8VecNLiUUs9Np4x8A0pxLvlNnv5TdJAruEg1LSV
                            mAqqPUdAB2m7CKDeUVM9cwOB7vqelV2GNgOfevXi+DZRMffyyE8qyIcnTqvDOgcR
                            8qGTPSVT+SIsOkV9bYrjltrbnal7cJermsA8SC5w/pjLaOHI1xIZHquZzymWoN3Z
                            fz2CQg2r5o+AURYd74GrHhHqVa9VrdWtcimB+vTQQihoLt8YciehpJjOMpx2D66e
                            FfpC8ix31RRdjAVIo1y33h1yU3gEHePDbOthZE+lpXi2WJqO85H85LqJOtgn2WPI
                            3P2Tx32Cq1WXCYkxLaPI
</ds:X509Certificate>
                    </ds:X509Data>
                </ds:KeyInfo>
            </md:KeyDescriptor>
            <md:KeyDescriptor xmlns:ds="http://www.w3.org/2000/09/xmldsig#" use="encryption">
                <ds:KeyInfo>
                    <ds:X509Data>
                        <ds:X509Certificate>MIIDyzCCArOgAwIBAgIJAMzixtXMUH1NMA0GCSqGSIb3DQEBBQUAMHwxCzAJBgNV
                            BAYTAk5MMRAwDgYDVQQIDAdVdHJlY2h0MRAwDgYDVQQHDAdVdHJlY2h0MRUwEwYD
                            VQQKDAxTVVJGbmV0IEIuVi4xEzARBgNVBAsMClNVUkZjb25leHQxHTAbBgNVBAMM
                            FGVuZ2luZS5zdXJmY29uZXh0Lm5sMB4XDTExMDEyNDEwMTg1N1oXDTIxMDEyMzEw
                            MTg1N1owfDELMAkGA1UEBhMCTkwxEDAOBgNVBAgMB1V0cmVjaHQxEDAOBgNVBAcM
                            B1V0cmVjaHQxFTATBgNVBAoMDFNVUkZuZXQgQi5WLjETMBEGA1UECwwKU1VSRmNv
                            bmV4dDEdMBsGA1UEAwwUZW5naW5lLnN1cmZjb25leHQubmwwggEiMA0GCSqGSIb3
                            DQEBAQUAA4IBDwAwggEKAoIBAQDMJ6v+f3owS3KR5IXSil+3XFwGvCVeYx3jDOFK
                            AnwvXlDpTu+t730b8/spHtlopyJVAlb6qBIPN7R4TGTLqiu0zebYsYx/PtqCk5cb
                            u9qs3h+p2BBoTXVwXA/ZYi0tqtxp04hcNrRj1TAgLyC0S+KASTF+zzccAcjTBid5
                            EMioo+YllgSEobWJ4X33XVRqNrikAPDsNmDrdKUi257JSO2xhVIG5lbtmDaL5ORC
                            D56oRmVdp7VQTEQ3Yass8J5Rn+Ub6WmRBYeG+KzFBvtyBput2o0/gvtJn9L+NWeD
                            B0LyUPaUYG/X4GF14FcmFQfz7I5jBCNHtPcLJbPYbZKQNhz/AgMBAAGjUDBOMB0G
                            A1UdDgQWBBS9QqP8gtMM6nm4oYzNbgqhEDP1aDAfBgNVHSMEGDAWgBS9QqP8gtMM
                            6nm4oYzNbgqhEDP1aDAMBgNVHRMEBTADAQH/MA0GCSqGSIb3DQEBBQUAA4IBAQBH
                            2qyYwLwesIOxUTj+NJ0VXRBDH8VecNLiUUs9Np4x8A0pxLvlNnv5TdJAruEg1LSV
                            mAqqPUdAB2m7CKDeUVM9cwOB7vqelV2GNgOfevXi+DZRMffyyE8qyIcnTqvDOgcR
                            8qGTPSVT+SIsOkV9bYrjltrbnal7cJermsA8SC5w/pjLaOHI1xIZHquZzymWoN3Z
                            fz2CQg2r5o+AURYd74GrHhHqVa9VrdWtcimB+vTQQihoLt8YciehpJjOMpx2D66e
                            FfpC8ix31RRdjAVIo1y33h1yU3gEHePDbOthZE+lpXi2WJqO85H85LqJOtgn2WPI
                            3P2Tx32Cq1WXCYkxLaPI
</ds:X509Certificate>
                    </ds:X509Data>
                </ds:KeyInfo>
            </md:KeyDescriptor>
            <md:NameIDFormat>urn:oasis:names:tc:SAML:2.0:nameid-format:transient</md:NameIDFormat>
            <md:SingleSignOnService Binding="urn:oasis:names:tc:SAML:2.0:bindings:HTTP-Redirect" Location="https://engine.surfconext.nl/authentication/idp/single-sign-on/f38af5c0ca9d9baacce9e801050575b5"/>
        </md:IDPSSODescriptor>
    </md:EntityDescriptor>
    <md:EntityDescriptor validUntil="2013-01-30T11:03:12Z" entityID="http://adfs2.cbs.knaw.nl/adfs/services/trust">
        <md:IDPSSODescriptor protocolSupportEnumeration="urn:oasis:names:tc:SAML:2.0:protocol">
            <md:Extensions>
                <mdui:UIInfo>
                    <mdui:Description xml:lang="nl">Centraal bureau voor Schimmelcultures (KNAW)</mdui:Description>
                    <mdui:Description xml:lang="en">Centraal bureau voor Schimmelcultures (KNAW)</mdui:Description>
                    <mdui:Logo height="48" width="83">https://wayf.surfnet.nl/federate/surfnet/img/logo/knaw-cbs.png</mdui:Logo>
                    <mdui:Keywords xml:lang="nl">KNAW Research CBS</mdui:Keywords>
                    <mdui:Keywords xml:lang="en">KNAW Research CBS</mdui:Keywords>
                </mdui:UIInfo>
            </md:Extensions>
            <md:KeyDescriptor xmlns:ds="http://www.w3.org/2000/09/xmldsig#" use="signing">
                <ds:KeyInfo>
                    <ds:X509Data>
                        <ds:X509Certificate>MIIDyzCCArOgAwIBAgIJAMzixtXMUH1NMA0GCSqGSIb3DQEBBQUAMHwxCzAJBgNV
                            BAYTAk5MMRAwDgYDVQQIDAdVdHJlY2h0MRAwDgYDVQQHDAdVdHJlY2h0MRUwEwYD
                            VQQKDAxTVVJGbmV0IEIuVi4xEzARBgNVBAsMClNVUkZjb25leHQxHTAbBgNVBAMM
                            FGVuZ2luZS5zdXJmY29uZXh0Lm5sMB4XDTExMDEyNDEwMTg1N1oXDTIxMDEyMzEw
                            MTg1N1owfDELMAkGA1UEBhMCTkwxEDAOBgNVBAgMB1V0cmVjaHQxEDAOBgNVBAcM
                            B1V0cmVjaHQxFTATBgNVBAoMDFNVUkZuZXQgQi5WLjETMBEGA1UECwwKU1VSRmNv
                            bmV4dDEdMBsGA1UEAwwUZW5naW5lLnN1cmZjb25leHQubmwwggEiMA0GCSqGSIb3
                            DQEBAQUAA4IBDwAwggEKAoIBAQDMJ6v+f3owS3KR5IXSil+3XFwGvCVeYx3jDOFK
                            AnwvXlDpTu+t730b8/spHtlopyJVAlb6qBIPN7R4TGTLqiu0zebYsYx/PtqCk5cb
                            u9qs3h+p2BBoTXVwXA/ZYi0tqtxp04hcNrRj1TAgLyC0S+KASTF+zzccAcjTBid5
                            EMioo+YllgSEobWJ4X33XVRqNrikAPDsNmDrdKUi257JSO2xhVIG5lbtmDaL5ORC
                            D56oRmVdp7VQTEQ3Yass8J5Rn+Ub6WmRBYeG+KzFBvtyBput2o0/gvtJn9L+NWeD
                            B0LyUPaUYG/X4GF14FcmFQfz7I5jBCNHtPcLJbPYbZKQNhz/AgMBAAGjUDBOMB0G
                            A1UdDgQWBBS9QqP8gtMM6nm4oYzNbgqhEDP1aDAfBgNVHSMEGDAWgBS9QqP8gtMM
                            6nm4oYzNbgqhEDP1aDAMBgNVHRMEBTADAQH/MA0GCSqGSIb3DQEBBQUAA4IBAQBH
                            2qyYwLwesIOxUTj+NJ0VXRBDH8VecNLiUUs9Np4x8A0pxLvlNnv5TdJAruEg1LSV
                            mAqqPUdAB2m7CKDeUVM9cwOB7vqelV2GNgOfevXi+DZRMffyyE8qyIcnTqvDOgcR
                            8qGTPSVT+SIsOkV9bYrjltrbnal7cJermsA8SC5w/pjLaOHI1xIZHquZzymWoN3Z
                            fz2CQg2r5o+AURYd74GrHhHqVa9VrdWtcimB+vTQQihoLt8YciehpJjOMpx2D66e
                            FfpC8ix31RRdjAVIo1y33h1yU3gEHePDbOthZE+lpXi2WJqO85H85LqJOtgn2WPI
                            3P2Tx32Cq1WXCYkxLaPI
</ds:X509Certificate>
                    </ds:X509Data>
                </ds:KeyInfo>
            </md:KeyDescriptor>
            <md:KeyDescriptor xmlns:ds="http://www.w3.org/2000/09/xmldsig#" use="encryption">
                <ds:KeyInfo>
                    <ds:X509Data>
                        <ds:X509Certificate>MIIDyzCCArOgAwIBAgIJAMzixtXMUH1NMA0GCSqGSIb3DQEBBQUAMHwxCzAJBgNV
                            BAYTAk5MMRAwDgYDVQQIDAdVdHJlY2h0MRAwDgYDVQQHDAdVdHJlY2h0MRUwEwYD
                            VQQKDAxTVVJGbmV0IEIuVi4xEzARBgNVBAsMClNVUkZjb25leHQxHTAbBgNVBAMM
                            FGVuZ2luZS5zdXJmY29uZXh0Lm5sMB4XDTExMDEyNDEwMTg1N1oXDTIxMDEyMzEw
                            MTg1N1owfDELMAkGA1UEBhMCTkwxEDAOBgNVBAgMB1V0cmVjaHQxEDAOBgNVBAcM
                            B1V0cmVjaHQxFTATBgNVBAoMDFNVUkZuZXQgQi5WLjETMBEGA1UECwwKU1VSRmNv
                            bmV4dDEdMBsGA1UEAwwUZW5naW5lLnN1cmZjb25leHQubmwwggEiMA0GCSqGSIb3
                            DQEBAQUAA4IBDwAwggEKAoIBAQDMJ6v+f3owS3KR5IXSil+3XFwGvCVeYx3jDOFK
                            AnwvXlDpTu+t730b8/spHtlopyJVAlb6qBIPN7R4TGTLqiu0zebYsYx/PtqCk5cb
                            u9qs3h+p2BBoTXVwXA/ZYi0tqtxp04hcNrRj1TAgLyC0S+KASTF+zzccAcjTBid5
                            EMioo+YllgSEobWJ4X33XVRqNrikAPDsNmDrdKUi257JSO2xhVIG5lbtmDaL5ORC
                            D56oRmVdp7VQTEQ3Yass8J5Rn+Ub6WmRBYeG+KzFBvtyBput2o0/gvtJn9L+NWeD
                            B0LyUPaUYG/X4GF14FcmFQfz7I5jBCNHtPcLJbPYbZKQNhz/AgMBAAGjUDBOMB0G
                            A1UdDgQWBBS9QqP8gtMM6nm4oYzNbgqhEDP1aDAfBgNVHSMEGDAWgBS9QqP8gtMM
                            6nm4oYzNbgqhEDP1aDAMBgNVHRMEBTADAQH/MA0GCSqGSIb3DQEBBQUAA4IBAQBH
                            2qyYwLwesIOxUTj+NJ0VXRBDH8VecNLiUUs9Np4x8A0pxLvlNnv5TdJAruEg1LSV
                            mAqqPUdAB2m7CKDeUVM9cwOB7vqelV2GNgOfevXi+DZRMffyyE8qyIcnTqvDOgcR
                            8qGTPSVT+SIsOkV9bYrjltrbnal7cJermsA8SC5w/pjLaOHI1xIZHquZzymWoN3Z
                            fz2CQg2r5o+AURYd74GrHhHqVa9VrdWtcimB+vTQQihoLt8YciehpJjOMpx2D66e
                            FfpC8ix31RRdjAVIo1y33h1yU3gEHePDbOthZE+lpXi2WJqO85H85LqJOtgn2WPI
                            3P2Tx32Cq1WXCYkxLaPI
</ds:X509Certificate>
                    </ds:X509Data>
                </ds:KeyInfo>
            </md:KeyDescriptor>
            <md:NameIDFormat>urn:oasis:names:tc:SAML:2.0:nameid-format:transient</md:NameIDFormat>
            <md:SingleSignOnService Binding="urn:oasis:names:tc:SAML:2.0:bindings:HTTP-Redirect" Location="https://engine.surfconext.nl/authentication/idp/single-sign-on/7b669cf6629e68546de4c6dfbeb9991b"/>
        </md:IDPSSODescriptor>
    </md:EntityDescriptor>
    <md:EntityDescriptor validUntil="2013-01-30T11:03:12Z" entityID="https://idp.cwi.nl/simplesaml/saml2/idp/metadata.php">
        <md:IDPSSODescriptor protocolSupportEnumeration="urn:oasis:names:tc:SAML:2.0:protocol">
            <md:Extensions>
                <mdui:UIInfo>
                    <mdui:Description xml:lang="nl">Centrum Wiskunde &amp; Informatica</mdui:Description>
                    <mdui:Description xml:lang="en">Centrum Wiskunde &amp; Informatica</mdui:Description>
                    <mdui:Logo height="20" width="108">https://wayf.surfnet.nl/federate/surfnet/img/logo/cwi.png</mdui:Logo>
                    <mdui:Keywords xml:lang="nl">Centrum Wiskunde &amp; Informatica CWI research institute for mathematics and computer science</mdui:Keywords>
                    <mdui:Keywords xml:lang="en">Centrum Wiskunde &amp; Informatica CWI research institute for mathematics and computer science</mdui:Keywords>
                </mdui:UIInfo>
            </md:Extensions>
            <md:KeyDescriptor xmlns:ds="http://www.w3.org/2000/09/xmldsig#" use="signing">
                <ds:KeyInfo>
                    <ds:X509Data>
                        <ds:X509Certificate>MIIDyzCCArOgAwIBAgIJAMzixtXMUH1NMA0GCSqGSIb3DQEBBQUAMHwxCzAJBgNV
                            BAYTAk5MMRAwDgYDVQQIDAdVdHJlY2h0MRAwDgYDVQQHDAdVdHJlY2h0MRUwEwYD
                            VQQKDAxTVVJGbmV0IEIuVi4xEzARBgNVBAsMClNVUkZjb25leHQxHTAbBgNVBAMM
                            FGVuZ2luZS5zdXJmY29uZXh0Lm5sMB4XDTExMDEyNDEwMTg1N1oXDTIxMDEyMzEw
                            MTg1N1owfDELMAkGA1UEBhMCTkwxEDAOBgNVBAgMB1V0cmVjaHQxEDAOBgNVBAcM
                            B1V0cmVjaHQxFTATBgNVBAoMDFNVUkZuZXQgQi5WLjETMBEGA1UECwwKU1VSRmNv
                            bmV4dDEdMBsGA1UEAwwUZW5naW5lLnN1cmZjb25leHQubmwwggEiMA0GCSqGSIb3
                            DQEBAQUAA4IBDwAwggEKAoIBAQDMJ6v+f3owS3KR5IXSil+3XFwGvCVeYx3jDOFK
                            AnwvXlDpTu+t730b8/spHtlopyJVAlb6qBIPN7R4TGTLqiu0zebYsYx/PtqCk5cb
                            u9qs3h+p2BBoTXVwXA/ZYi0tqtxp04hcNrRj1TAgLyC0S+KASTF+zzccAcjTBid5
                            EMioo+YllgSEobWJ4X33XVRqNrikAPDsNmDrdKUi257JSO2xhVIG5lbtmDaL5ORC
                            D56oRmVdp7VQTEQ3Yass8J5Rn+Ub6WmRBYeG+KzFBvtyBput2o0/gvtJn9L+NWeD
                            B0LyUPaUYG/X4GF14FcmFQfz7I5jBCNHtPcLJbPYbZKQNhz/AgMBAAGjUDBOMB0G
                            A1UdDgQWBBS9QqP8gtMM6nm4oYzNbgqhEDP1aDAfBgNVHSMEGDAWgBS9QqP8gtMM
                            6nm4oYzNbgqhEDP1aDAMBgNVHRMEBTADAQH/MA0GCSqGSIb3DQEBBQUAA4IBAQBH
                            2qyYwLwesIOxUTj+NJ0VXRBDH8VecNLiUUs9Np4x8A0pxLvlNnv5TdJAruEg1LSV
                            mAqqPUdAB2m7CKDeUVM9cwOB7vqelV2GNgOfevXi+DZRMffyyE8qyIcnTqvDOgcR
                            8qGTPSVT+SIsOkV9bYrjltrbnal7cJermsA8SC5w/pjLaOHI1xIZHquZzymWoN3Z
                            fz2CQg2r5o+AURYd74GrHhHqVa9VrdWtcimB+vTQQihoLt8YciehpJjOMpx2D66e
                            FfpC8ix31RRdjAVIo1y33h1yU3gEHePDbOthZE+lpXi2WJqO85H85LqJOtgn2WPI
                            3P2Tx32Cq1WXCYkxLaPI
</ds:X509Certificate>
                    </ds:X509Data>
                </ds:KeyInfo>
            </md:KeyDescriptor>
            <md:KeyDescriptor xmlns:ds="http://www.w3.org/2000/09/xmldsig#" use="encryption">
                <ds:KeyInfo>
                    <ds:X509Data>
                        <ds:X509Certificate>MIIDyzCCArOgAwIBAgIJAMzixtXMUH1NMA0GCSqGSIb3DQEBBQUAMHwxCzAJBgNV
                            BAYTAk5MMRAwDgYDVQQIDAdVdHJlY2h0MRAwDgYDVQQHDAdVdHJlY2h0MRUwEwYD
                            VQQKDAxTVVJGbmV0IEIuVi4xEzARBgNVBAsMClNVUkZjb25leHQxHTAbBgNVBAMM
                            FGVuZ2luZS5zdXJmY29uZXh0Lm5sMB4XDTExMDEyNDEwMTg1N1oXDTIxMDEyMzEw
                            MTg1N1owfDELMAkGA1UEBhMCTkwxEDAOBgNVBAgMB1V0cmVjaHQxEDAOBgNVBAcM
                            B1V0cmVjaHQxFTATBgNVBAoMDFNVUkZuZXQgQi5WLjETMBEGA1UECwwKU1VSRmNv
                            bmV4dDEdMBsGA1UEAwwUZW5naW5lLnN1cmZjb25leHQubmwwggEiMA0GCSqGSIb3
                            DQEBAQUAA4IBDwAwggEKAoIBAQDMJ6v+f3owS3KR5IXSil+3XFwGvCVeYx3jDOFK
                            AnwvXlDpTu+t730b8/spHtlopyJVAlb6qBIPN7R4TGTLqiu0zebYsYx/PtqCk5cb
                            u9qs3h+p2BBoTXVwXA/ZYi0tqtxp04hcNrRj1TAgLyC0S+KASTF+zzccAcjTBid5
                            EMioo+YllgSEobWJ4X33XVRqNrikAPDsNmDrdKUi257JSO2xhVIG5lbtmDaL5ORC
                            D56oRmVdp7VQTEQ3Yass8J5Rn+Ub6WmRBYeG+KzFBvtyBput2o0/gvtJn9L+NWeD
                            B0LyUPaUYG/X4GF14FcmFQfz7I5jBCNHtPcLJbPYbZKQNhz/AgMBAAGjUDBOMB0G
                            A1UdDgQWBBS9QqP8gtMM6nm4oYzNbgqhEDP1aDAfBgNVHSMEGDAWgBS9QqP8gtMM
                            6nm4oYzNbgqhEDP1aDAMBgNVHRMEBTADAQH/MA0GCSqGSIb3DQEBBQUAA4IBAQBH
                            2qyYwLwesIOxUTj+NJ0VXRBDH8VecNLiUUs9Np4x8A0pxLvlNnv5TdJAruEg1LSV
                            mAqqPUdAB2m7CKDeUVM9cwOB7vqelV2GNgOfevXi+DZRMffyyE8qyIcnTqvDOgcR
                            8qGTPSVT+SIsOkV9bYrjltrbnal7cJermsA8SC5w/pjLaOHI1xIZHquZzymWoN3Z
                            fz2CQg2r5o+AURYd74GrHhHqVa9VrdWtcimB+vTQQihoLt8YciehpJjOMpx2D66e
                            FfpC8ix31RRdjAVIo1y33h1yU3gEHePDbOthZE+lpXi2WJqO85H85LqJOtgn2WPI
                            3P2Tx32Cq1WXCYkxLaPI
</ds:X509Certificate>
                    </ds:X509Data>
                </ds:KeyInfo>
            </md:KeyDescriptor>
            <md:NameIDFormat>urn:oasis:names:tc:SAML:2.0:nameid-format:transient</md:NameIDFormat>
            <md:SingleSignOnService Binding="urn:oasis:names:tc:SAML:2.0:bindings:HTTP-Redirect" Location="https://engine.surfconext.nl/authentication/idp/single-sign-on/36a00baab35d7815d334f73c12f55f3d"/>
        </md:IDPSSODescriptor>
    </md:EntityDescriptor>
    <md:EntityDescriptor validUntil="2013-01-30T11:03:12Z" entityID="http://federation.deltion.nl/adfs/services/trust">
        <md:IDPSSODescriptor protocolSupportEnumeration="urn:oasis:names:tc:SAML:2.0:protocol">
            <md:Extensions>
                <mdui:UIInfo>
                    <mdui:Description xml:lang="nl">Deltion College</mdui:Description>
                    <mdui:Description xml:lang="en">Deltion College</mdui:Description>
                    <mdui:Logo height="48" width="77">https://wayf.surfnet.nl/federate/surfnet/img/logo/deltion.png</mdui:Logo>
                    <mdui:Keywords xml:lang="nl">ROC MBO Zwolle Deltion College</mdui:Keywords>
                    <mdui:Keywords xml:lang="en">ROC MBO Zwolle Deltion College</mdui:Keywords>
                </mdui:UIInfo>
            </md:Extensions>
            <md:KeyDescriptor xmlns:ds="http://www.w3.org/2000/09/xmldsig#" use="signing">
                <ds:KeyInfo>
                    <ds:X509Data>
                        <ds:X509Certificate>MIIDyzCCArOgAwIBAgIJAMzixtXMUH1NMA0GCSqGSIb3DQEBBQUAMHwxCzAJBgNV
                            BAYTAk5MMRAwDgYDVQQIDAdVdHJlY2h0MRAwDgYDVQQHDAdVdHJlY2h0MRUwEwYD
                            VQQKDAxTVVJGbmV0IEIuVi4xEzARBgNVBAsMClNVUkZjb25leHQxHTAbBgNVBAMM
                            FGVuZ2luZS5zdXJmY29uZXh0Lm5sMB4XDTExMDEyNDEwMTg1N1oXDTIxMDEyMzEw
                            MTg1N1owfDELMAkGA1UEBhMCTkwxEDAOBgNVBAgMB1V0cmVjaHQxEDAOBgNVBAcM
                            B1V0cmVjaHQxFTATBgNVBAoMDFNVUkZuZXQgQi5WLjETMBEGA1UECwwKU1VSRmNv
                            bmV4dDEdMBsGA1UEAwwUZW5naW5lLnN1cmZjb25leHQubmwwggEiMA0GCSqGSIb3
                            DQEBAQUAA4IBDwAwggEKAoIBAQDMJ6v+f3owS3KR5IXSil+3XFwGvCVeYx3jDOFK
                            AnwvXlDpTu+t730b8/spHtlopyJVAlb6qBIPN7R4TGTLqiu0zebYsYx/PtqCk5cb
                            u9qs3h+p2BBoTXVwXA/ZYi0tqtxp04hcNrRj1TAgLyC0S+KASTF+zzccAcjTBid5
                            EMioo+YllgSEobWJ4X33XVRqNrikAPDsNmDrdKUi257JSO2xhVIG5lbtmDaL5ORC
                            D56oRmVdp7VQTEQ3Yass8J5Rn+Ub6WmRBYeG+KzFBvtyBput2o0/gvtJn9L+NWeD
                            B0LyUPaUYG/X4GF14FcmFQfz7I5jBCNHtPcLJbPYbZKQNhz/AgMBAAGjUDBOMB0G
                            A1UdDgQWBBS9QqP8gtMM6nm4oYzNbgqhEDP1aDAfBgNVHSMEGDAWgBS9QqP8gtMM
                            6nm4oYzNbgqhEDP1aDAMBgNVHRMEBTADAQH/MA0GCSqGSIb3DQEBBQUAA4IBAQBH
                            2qyYwLwesIOxUTj+NJ0VXRBDH8VecNLiUUs9Np4x8A0pxLvlNnv5TdJAruEg1LSV
                            mAqqPUdAB2m7CKDeUVM9cwOB7vqelV2GNgOfevXi+DZRMffyyE8qyIcnTqvDOgcR
                            8qGTPSVT+SIsOkV9bYrjltrbnal7cJermsA8SC5w/pjLaOHI1xIZHquZzymWoN3Z
                            fz2CQg2r5o+AURYd74GrHhHqVa9VrdWtcimB+vTQQihoLt8YciehpJjOMpx2D66e
                            FfpC8ix31RRdjAVIo1y33h1yU3gEHePDbOthZE+lpXi2WJqO85H85LqJOtgn2WPI
                            3P2Tx32Cq1WXCYkxLaPI
</ds:X509Certificate>
                    </ds:X509Data>
                </ds:KeyInfo>
            </md:KeyDescriptor>
            <md:KeyDescriptor xmlns:ds="http://www.w3.org/2000/09/xmldsig#" use="encryption">
                <ds:KeyInfo>
                    <ds:X509Data>
                        <ds:X509Certificate>MIIDyzCCArOgAwIBAgIJAMzixtXMUH1NMA0GCSqGSIb3DQEBBQUAMHwxCzAJBgNV
                            BAYTAk5MMRAwDgYDVQQIDAdVdHJlY2h0MRAwDgYDVQQHDAdVdHJlY2h0MRUwEwYD
                            VQQKDAxTVVJGbmV0IEIuVi4xEzARBgNVBAsMClNVUkZjb25leHQxHTAbBgNVBAMM
                            FGVuZ2luZS5zdXJmY29uZXh0Lm5sMB4XDTExMDEyNDEwMTg1N1oXDTIxMDEyMzEw
                            MTg1N1owfDELMAkGA1UEBhMCTkwxEDAOBgNVBAgMB1V0cmVjaHQxEDAOBgNVBAcM
                            B1V0cmVjaHQxFTATBgNVBAoMDFNVUkZuZXQgQi5WLjETMBEGA1UECwwKU1VSRmNv
                            bmV4dDEdMBsGA1UEAwwUZW5naW5lLnN1cmZjb25leHQubmwwggEiMA0GCSqGSIb3
                            DQEBAQUAA4IBDwAwggEKAoIBAQDMJ6v+f3owS3KR5IXSil+3XFwGvCVeYx3jDOFK
                            AnwvXlDpTu+t730b8/spHtlopyJVAlb6qBIPN7R4TGTLqiu0zebYsYx/PtqCk5cb
                            u9qs3h+p2BBoTXVwXA/ZYi0tqtxp04hcNrRj1TAgLyC0S+KASTF+zzccAcjTBid5
                            EMioo+YllgSEobWJ4X33XVRqNrikAPDsNmDrdKUi257JSO2xhVIG5lbtmDaL5ORC
                            D56oRmVdp7VQTEQ3Yass8J5Rn+Ub6WmRBYeG+KzFBvtyBput2o0/gvtJn9L+NWeD
                            B0LyUPaUYG/X4GF14FcmFQfz7I5jBCNHtPcLJbPYbZKQNhz/AgMBAAGjUDBOMB0G
                            A1UdDgQWBBS9QqP8gtMM6nm4oYzNbgqhEDP1aDAfBgNVHSMEGDAWgBS9QqP8gtMM
                            6nm4oYzNbgqhEDP1aDAMBgNVHRMEBTADAQH/MA0GCSqGSIb3DQEBBQUAA4IBAQBH
                            2qyYwLwesIOxUTj+NJ0VXRBDH8VecNLiUUs9Np4x8A0pxLvlNnv5TdJAruEg1LSV
                            mAqqPUdAB2m7CKDeUVM9cwOB7vqelV2GNgOfevXi+DZRMffyyE8qyIcnTqvDOgcR
                            8qGTPSVT+SIsOkV9bYrjltrbnal7cJermsA8SC5w/pjLaOHI1xIZHquZzymWoN3Z
                            fz2CQg2r5o+AURYd74GrHhHqVa9VrdWtcimB+vTQQihoLt8YciehpJjOMpx2D66e
                            FfpC8ix31RRdjAVIo1y33h1yU3gEHePDbOthZE+lpXi2WJqO85H85LqJOtgn2WPI
                            3P2Tx32Cq1WXCYkxLaPI
</ds:X509Certificate>
                    </ds:X509Data>
                </ds:KeyInfo>
            </md:KeyDescriptor>
            <md:NameIDFormat>urn:oasis:names:tc:SAML:2.0:nameid-format:transient</md:NameIDFormat>
            <md:SingleSignOnService Binding="urn:oasis:names:tc:SAML:2.0:bindings:HTTP-Redirect" Location="https://engine.surfconext.nl/authentication/idp/single-sign-on/0887381cdac8cfdf0d03eea47015dba1"/>
        </md:IDPSSODescriptor>
    </md:EntityDescriptor>
    <md:EntityDescriptor validUntil="2013-01-30T11:03:12Z" entityID="https://surffederatie.glu.nl/simplesaml/saml2/idp/metadata.php">
        <md:IDPSSODescriptor protocolSupportEnumeration="urn:oasis:names:tc:SAML:2.0:protocol">
            <md:Extensions>
                <mdui:UIInfo>
                    <mdui:DisplayName xml:lang="nl">Grafisch Lyceum Utrecht</mdui:DisplayName>
                    <mdui:DisplayName xml:lang="en">Grafisch Lyceum Utrecht</mdui:DisplayName>
                    <mdui:Description xml:lang="nl">Grafisch Lyceum Utrecht</mdui:Description>
                    <mdui:Description xml:lang="en">Grafisch Lyceum Utrecht</mdui:Description>
                    <mdui:Keywords xml:lang="nl">Grafisch Lyceum Utrecht MBO</mdui:Keywords>
                    <mdui:Keywords xml:lang="en">Grafisch Lyceum Utrecht MBO</mdui:Keywords>
                </mdui:UIInfo>
            </md:Extensions>
            <md:KeyDescriptor xmlns:ds="http://www.w3.org/2000/09/xmldsig#" use="signing">
                <ds:KeyInfo>
                    <ds:X509Data>
                        <ds:X509Certificate>MIIDyzCCArOgAwIBAgIJAMzixtXMUH1NMA0GCSqGSIb3DQEBBQUAMHwxCzAJBgNV
                            BAYTAk5MMRAwDgYDVQQIDAdVdHJlY2h0MRAwDgYDVQQHDAdVdHJlY2h0MRUwEwYD
                            VQQKDAxTVVJGbmV0IEIuVi4xEzARBgNVBAsMClNVUkZjb25leHQxHTAbBgNVBAMM
                            FGVuZ2luZS5zdXJmY29uZXh0Lm5sMB4XDTExMDEyNDEwMTg1N1oXDTIxMDEyMzEw
                            MTg1N1owfDELMAkGA1UEBhMCTkwxEDAOBgNVBAgMB1V0cmVjaHQxEDAOBgNVBAcM
                            B1V0cmVjaHQxFTATBgNVBAoMDFNVUkZuZXQgQi5WLjETMBEGA1UECwwKU1VSRmNv
                            bmV4dDEdMBsGA1UEAwwUZW5naW5lLnN1cmZjb25leHQubmwwggEiMA0GCSqGSIb3
                            DQEBAQUAA4IBDwAwggEKAoIBAQDMJ6v+f3owS3KR5IXSil+3XFwGvCVeYx3jDOFK
                            AnwvXlDpTu+t730b8/spHtlopyJVAlb6qBIPN7R4TGTLqiu0zebYsYx/PtqCk5cb
                            u9qs3h+p2BBoTXVwXA/ZYi0tqtxp04hcNrRj1TAgLyC0S+KASTF+zzccAcjTBid5
                            EMioo+YllgSEobWJ4X33XVRqNrikAPDsNmDrdKUi257JSO2xhVIG5lbtmDaL5ORC
                            D56oRmVdp7VQTEQ3Yass8J5Rn+Ub6WmRBYeG+KzFBvtyBput2o0/gvtJn9L+NWeD
                            B0LyUPaUYG/X4GF14FcmFQfz7I5jBCNHtPcLJbPYbZKQNhz/AgMBAAGjUDBOMB0G
                            A1UdDgQWBBS9QqP8gtMM6nm4oYzNbgqhEDP1aDAfBgNVHSMEGDAWgBS9QqP8gtMM
                            6nm4oYzNbgqhEDP1aDAMBgNVHRMEBTADAQH/MA0GCSqGSIb3DQEBBQUAA4IBAQBH
                            2qyYwLwesIOxUTj+NJ0VXRBDH8VecNLiUUs9Np4x8A0pxLvlNnv5TdJAruEg1LSV
                            mAqqPUdAB2m7CKDeUVM9cwOB7vqelV2GNgOfevXi+DZRMffyyE8qyIcnTqvDOgcR
                            8qGTPSVT+SIsOkV9bYrjltrbnal7cJermsA8SC5w/pjLaOHI1xIZHquZzymWoN3Z
                            fz2CQg2r5o+AURYd74GrHhHqVa9VrdWtcimB+vTQQihoLt8YciehpJjOMpx2D66e
                            FfpC8ix31RRdjAVIo1y33h1yU3gEHePDbOthZE+lpXi2WJqO85H85LqJOtgn2WPI
                            3P2Tx32Cq1WXCYkxLaPI
</ds:X509Certificate>
                    </ds:X509Data>
                </ds:KeyInfo>
            </md:KeyDescriptor>
            <md:KeyDescriptor xmlns:ds="http://www.w3.org/2000/09/xmldsig#" use="encryption">
                <ds:KeyInfo>
                    <ds:X509Data>
                        <ds:X509Certificate>MIIDyzCCArOgAwIBAgIJAMzixtXMUH1NMA0GCSqGSIb3DQEBBQUAMHwxCzAJBgNV
                            BAYTAk5MMRAwDgYDVQQIDAdVdHJlY2h0MRAwDgYDVQQHDAdVdHJlY2h0MRUwEwYD
                            VQQKDAxTVVJGbmV0IEIuVi4xEzARBgNVBAsMClNVUkZjb25leHQxHTAbBgNVBAMM
                            FGVuZ2luZS5zdXJmY29uZXh0Lm5sMB4XDTExMDEyNDEwMTg1N1oXDTIxMDEyMzEw
                            MTg1N1owfDELMAkGA1UEBhMCTkwxEDAOBgNVBAgMB1V0cmVjaHQxEDAOBgNVBAcM
                            B1V0cmVjaHQxFTATBgNVBAoMDFNVUkZuZXQgQi5WLjETMBEGA1UECwwKU1VSRmNv
                            bmV4dDEdMBsGA1UEAwwUZW5naW5lLnN1cmZjb25leHQubmwwggEiMA0GCSqGSIb3
                            DQEBAQUAA4IBDwAwggEKAoIBAQDMJ6v+f3owS3KR5IXSil+3XFwGvCVeYx3jDOFK
                            AnwvXlDpTu+t730b8/spHtlopyJVAlb6qBIPN7R4TGTLqiu0zebYsYx/PtqCk5cb
                            u9qs3h+p2BBoTXVwXA/ZYi0tqtxp04hcNrRj1TAgLyC0S+KASTF+zzccAcjTBid5
                            EMioo+YllgSEobWJ4X33XVRqNrikAPDsNmDrdKUi257JSO2xhVIG5lbtmDaL5ORC
                            D56oRmVdp7VQTEQ3Yass8J5Rn+Ub6WmRBYeG+KzFBvtyBput2o0/gvtJn9L+NWeD
                            B0LyUPaUYG/X4GF14FcmFQfz7I5jBCNHtPcLJbPYbZKQNhz/AgMBAAGjUDBOMB0G
                            A1UdDgQWBBS9QqP8gtMM6nm4oYzNbgqhEDP1aDAfBgNVHSMEGDAWgBS9QqP8gtMM
                            6nm4oYzNbgqhEDP1aDAMBgNVHRMEBTADAQH/MA0GCSqGSIb3DQEBBQUAA4IBAQBH
                            2qyYwLwesIOxUTj+NJ0VXRBDH8VecNLiUUs9Np4x8A0pxLvlNnv5TdJAruEg1LSV
                            mAqqPUdAB2m7CKDeUVM9cwOB7vqelV2GNgOfevXi+DZRMffyyE8qyIcnTqvDOgcR
                            8qGTPSVT+SIsOkV9bYrjltrbnal7cJermsA8SC5w/pjLaOHI1xIZHquZzymWoN3Z
                            fz2CQg2r5o+AURYd74GrHhHqVa9VrdWtcimB+vTQQihoLt8YciehpJjOMpx2D66e
                            FfpC8ix31RRdjAVIo1y33h1yU3gEHePDbOthZE+lpXi2WJqO85H85LqJOtgn2WPI
                            3P2Tx32Cq1WXCYkxLaPI
</ds:X509Certificate>
                    </ds:X509Data>
                </ds:KeyInfo>
            </md:KeyDescriptor>
            <md:NameIDFormat>urn:oasis:names:tc:SAML:2.0:nameid-format:transient</md:NameIDFormat>
            <md:SingleSignOnService Binding="urn:oasis:names:tc:SAML:2.0:bindings:HTTP-Redirect" Location="https://engine.surfconext.nl/authentication/idp/single-sign-on/14b3cd9bdf606ec16d28677aa225bb94"/>
        </md:IDPSSODescriptor>
    </md:EntityDescriptor>
    <md:EntityDescriptor validUntil="2013-01-30T11:03:12Z" entityID="urn:federation:hs-ipabo">
        <md:IDPSSODescriptor protocolSupportEnumeration="urn:oasis:names:tc:SAML:2.0:protocol">
            <md:Extensions>
                <mdui:UIInfo>
                    <mdui:Description xml:lang="nl">Hogeschool IPABO</mdui:Description>
                    <mdui:Description xml:lang="en">Hogeschool IPABO</mdui:Description>
                    <mdui:Logo height="26" width="108">https://wayf.surfnet.nl/federate/surfnet/img/logo/ipabo.png</mdui:Logo>
                    <mdui:Keywords xml:lang="nl">HBO Hogeschool IPABO</mdui:Keywords>
                    <mdui:Keywords xml:lang="en">HBO Hogeschool IPABO</mdui:Keywords>
                </mdui:UIInfo>
            </md:Extensions>
            <md:KeyDescriptor xmlns:ds="http://www.w3.org/2000/09/xmldsig#" use="signing">
                <ds:KeyInfo>
                    <ds:X509Data>
                        <ds:X509Certificate>MIIDyzCCArOgAwIBAgIJAMzixtXMUH1NMA0GCSqGSIb3DQEBBQUAMHwxCzAJBgNV
                            BAYTAk5MMRAwDgYDVQQIDAdVdHJlY2h0MRAwDgYDVQQHDAdVdHJlY2h0MRUwEwYD
                            VQQKDAxTVVJGbmV0IEIuVi4xEzARBgNVBAsMClNVUkZjb25leHQxHTAbBgNVBAMM
                            FGVuZ2luZS5zdXJmY29uZXh0Lm5sMB4XDTExMDEyNDEwMTg1N1oXDTIxMDEyMzEw
                            MTg1N1owfDELMAkGA1UEBhMCTkwxEDAOBgNVBAgMB1V0cmVjaHQxEDAOBgNVBAcM
                            B1V0cmVjaHQxFTATBgNVBAoMDFNVUkZuZXQgQi5WLjETMBEGA1UECwwKU1VSRmNv
                            bmV4dDEdMBsGA1UEAwwUZW5naW5lLnN1cmZjb25leHQubmwwggEiMA0GCSqGSIb3
                            DQEBAQUAA4IBDwAwggEKAoIBAQDMJ6v+f3owS3KR5IXSil+3XFwGvCVeYx3jDOFK
                            AnwvXlDpTu+t730b8/spHtlopyJVAlb6qBIPN7R4TGTLqiu0zebYsYx/PtqCk5cb
                            u9qs3h+p2BBoTXVwXA/ZYi0tqtxp04hcNrRj1TAgLyC0S+KASTF+zzccAcjTBid5
                            EMioo+YllgSEobWJ4X33XVRqNrikAPDsNmDrdKUi257JSO2xhVIG5lbtmDaL5ORC
                            D56oRmVdp7VQTEQ3Yass8J5Rn+Ub6WmRBYeG+KzFBvtyBput2o0/gvtJn9L+NWeD
                            B0LyUPaUYG/X4GF14FcmFQfz7I5jBCNHtPcLJbPYbZKQNhz/AgMBAAGjUDBOMB0G
                            A1UdDgQWBBS9QqP8gtMM6nm4oYzNbgqhEDP1aDAfBgNVHSMEGDAWgBS9QqP8gtMM
                            6nm4oYzNbgqhEDP1aDAMBgNVHRMEBTADAQH/MA0GCSqGSIb3DQEBBQUAA4IBAQBH
                            2qyYwLwesIOxUTj+NJ0VXRBDH8VecNLiUUs9Np4x8A0pxLvlNnv5TdJAruEg1LSV
                            mAqqPUdAB2m7CKDeUVM9cwOB7vqelV2GNgOfevXi+DZRMffyyE8qyIcnTqvDOgcR
                            8qGTPSVT+SIsOkV9bYrjltrbnal7cJermsA8SC5w/pjLaOHI1xIZHquZzymWoN3Z
                            fz2CQg2r5o+AURYd74GrHhHqVa9VrdWtcimB+vTQQihoLt8YciehpJjOMpx2D66e
                            FfpC8ix31RRdjAVIo1y33h1yU3gEHePDbOthZE+lpXi2WJqO85H85LqJOtgn2WPI
                            3P2Tx32Cq1WXCYkxLaPI
</ds:X509Certificate>
                    </ds:X509Data>
                </ds:KeyInfo>
            </md:KeyDescriptor>
            <md:KeyDescriptor xmlns:ds="http://www.w3.org/2000/09/xmldsig#" use="encryption">
                <ds:KeyInfo>
                    <ds:X509Data>
                        <ds:X509Certificate>MIIDyzCCArOgAwIBAgIJAMzixtXMUH1NMA0GCSqGSIb3DQEBBQUAMHwxCzAJBgNV
                            BAYTAk5MMRAwDgYDVQQIDAdVdHJlY2h0MRAwDgYDVQQHDAdVdHJlY2h0MRUwEwYD
                            VQQKDAxTVVJGbmV0IEIuVi4xEzARBgNVBAsMClNVUkZjb25leHQxHTAbBgNVBAMM
                            FGVuZ2luZS5zdXJmY29uZXh0Lm5sMB4XDTExMDEyNDEwMTg1N1oXDTIxMDEyMzEw
                            MTg1N1owfDELMAkGA1UEBhMCTkwxEDAOBgNVBAgMB1V0cmVjaHQxEDAOBgNVBAcM
                            B1V0cmVjaHQxFTATBgNVBAoMDFNVUkZuZXQgQi5WLjETMBEGA1UECwwKU1VSRmNv
                            bmV4dDEdMBsGA1UEAwwUZW5naW5lLnN1cmZjb25leHQubmwwggEiMA0GCSqGSIb3
                            DQEBAQUAA4IBDwAwggEKAoIBAQDMJ6v+f3owS3KR5IXSil+3XFwGvCVeYx3jDOFK
                            AnwvXlDpTu+t730b8/spHtlopyJVAlb6qBIPN7R4TGTLqiu0zebYsYx/PtqCk5cb
                            u9qs3h+p2BBoTXVwXA/ZYi0tqtxp04hcNrRj1TAgLyC0S+KASTF+zzccAcjTBid5
                            EMioo+YllgSEobWJ4X33XVRqNrikAPDsNmDrdKUi257JSO2xhVIG5lbtmDaL5ORC
                            D56oRmVdp7VQTEQ3Yass8J5Rn+Ub6WmRBYeG+KzFBvtyBput2o0/gvtJn9L+NWeD
                            B0LyUPaUYG/X4GF14FcmFQfz7I5jBCNHtPcLJbPYbZKQNhz/AgMBAAGjUDBOMB0G
                            A1UdDgQWBBS9QqP8gtMM6nm4oYzNbgqhEDP1aDAfBgNVHSMEGDAWgBS9QqP8gtMM
                            6nm4oYzNbgqhEDP1aDAMBgNVHRMEBTADAQH/MA0GCSqGSIb3DQEBBQUAA4IBAQBH
                            2qyYwLwesIOxUTj+NJ0VXRBDH8VecNLiUUs9Np4x8A0pxLvlNnv5TdJAruEg1LSV
                            mAqqPUdAB2m7CKDeUVM9cwOB7vqelV2GNgOfevXi+DZRMffyyE8qyIcnTqvDOgcR
                            8qGTPSVT+SIsOkV9bYrjltrbnal7cJermsA8SC5w/pjLaOHI1xIZHquZzymWoN3Z
                            fz2CQg2r5o+AURYd74GrHhHqVa9VrdWtcimB+vTQQihoLt8YciehpJjOMpx2D66e
                            FfpC8ix31RRdjAVIo1y33h1yU3gEHePDbOthZE+lpXi2WJqO85H85LqJOtgn2WPI
                            3P2Tx32Cq1WXCYkxLaPI
</ds:X509Certificate>
                    </ds:X509Data>
                </ds:KeyInfo>
            </md:KeyDescriptor>
            <md:NameIDFormat>urn:oasis:names:tc:SAML:2.0:nameid-format:transient</md:NameIDFormat>
            <md:SingleSignOnService Binding="urn:oasis:names:tc:SAML:2.0:bindings:HTTP-Redirect" Location="https://engine.surfconext.nl/authentication/idp/single-sign-on/4ae7a4da68e5a6bb9b31c760d0be3613"/>
        </md:IDPSSODescriptor>
    </md:EntityDescriptor>
    <md:EntityDescriptor validUntil="2013-01-30T11:03:12Z" entityID="http://adfs.hsleiden.nl/adfs/services/trust">
        <md:IDPSSODescriptor protocolSupportEnumeration="urn:oasis:names:tc:SAML:2.0:protocol">
            <md:Extensions>
                <mdui:UIInfo>
                    <mdui:DisplayName xml:lang="nl">Hogeschool Leiden</mdui:DisplayName>
                    <mdui:DisplayName xml:lang="en">University of Applied Sciences Leiden</mdui:DisplayName>
                    <mdui:Description xml:lang="en">Hogeschool Leiden</mdui:Description>
                    <mdui:Keywords xml:lang="nl">University of Applied Sciences Leiden Hogeschool HSLEIDEN HBO</mdui:Keywords>
                    <mdui:Keywords xml:lang="en">University of Applied Sciences Leiden Hogeschool HSLEIDEN HBO</mdui:Keywords>
                </mdui:UIInfo>
            </md:Extensions>
            <md:KeyDescriptor xmlns:ds="http://www.w3.org/2000/09/xmldsig#" use="signing">
                <ds:KeyInfo>
                    <ds:X509Data>
                        <ds:X509Certificate>MIIDyzCCArOgAwIBAgIJAMzixtXMUH1NMA0GCSqGSIb3DQEBBQUAMHwxCzAJBgNV
                            BAYTAk5MMRAwDgYDVQQIDAdVdHJlY2h0MRAwDgYDVQQHDAdVdHJlY2h0MRUwEwYD
                            VQQKDAxTVVJGbmV0IEIuVi4xEzARBgNVBAsMClNVUkZjb25leHQxHTAbBgNVBAMM
                            FGVuZ2luZS5zdXJmY29uZXh0Lm5sMB4XDTExMDEyNDEwMTg1N1oXDTIxMDEyMzEw
                            MTg1N1owfDELMAkGA1UEBhMCTkwxEDAOBgNVBAgMB1V0cmVjaHQxEDAOBgNVBAcM
                            B1V0cmVjaHQxFTATBgNVBAoMDFNVUkZuZXQgQi5WLjETMBEGA1UECwwKU1VSRmNv
                            bmV4dDEdMBsGA1UEAwwUZW5naW5lLnN1cmZjb25leHQubmwwggEiMA0GCSqGSIb3
                            DQEBAQUAA4IBDwAwggEKAoIBAQDMJ6v+f3owS3KR5IXSil+3XFwGvCVeYx3jDOFK
                            AnwvXlDpTu+t730b8/spHtlopyJVAlb6qBIPN7R4TGTLqiu0zebYsYx/PtqCk5cb
                            u9qs3h+p2BBoTXVwXA/ZYi0tqtxp04hcNrRj1TAgLyC0S+KASTF+zzccAcjTBid5
                            EMioo+YllgSEobWJ4X33XVRqNrikAPDsNmDrdKUi257JSO2xhVIG5lbtmDaL5ORC
                            D56oRmVdp7VQTEQ3Yass8J5Rn+Ub6WmRBYeG+KzFBvtyBput2o0/gvtJn9L+NWeD
                            B0LyUPaUYG/X4GF14FcmFQfz7I5jBCNHtPcLJbPYbZKQNhz/AgMBAAGjUDBOMB0G
                            A1UdDgQWBBS9QqP8gtMM6nm4oYzNbgqhEDP1aDAfBgNVHSMEGDAWgBS9QqP8gtMM
                            6nm4oYzNbgqhEDP1aDAMBgNVHRMEBTADAQH/MA0GCSqGSIb3DQEBBQUAA4IBAQBH
                            2qyYwLwesIOxUTj+NJ0VXRBDH8VecNLiUUs9Np4x8A0pxLvlNnv5TdJAruEg1LSV
                            mAqqPUdAB2m7CKDeUVM9cwOB7vqelV2GNgOfevXi+DZRMffyyE8qyIcnTqvDOgcR
                            8qGTPSVT+SIsOkV9bYrjltrbnal7cJermsA8SC5w/pjLaOHI1xIZHquZzymWoN3Z
                            fz2CQg2r5o+AURYd74GrHhHqVa9VrdWtcimB+vTQQihoLt8YciehpJjOMpx2D66e
                            FfpC8ix31RRdjAVIo1y33h1yU3gEHePDbOthZE+lpXi2WJqO85H85LqJOtgn2WPI
                            3P2Tx32Cq1WXCYkxLaPI
</ds:X509Certificate>
                    </ds:X509Data>
                </ds:KeyInfo>
            </md:KeyDescriptor>
            <md:KeyDescriptor xmlns:ds="http://www.w3.org/2000/09/xmldsig#" use="encryption">
                <ds:KeyInfo>
                    <ds:X509Data>
                        <ds:X509Certificate>MIIDyzCCArOgAwIBAgIJAMzixtXMUH1NMA0GCSqGSIb3DQEBBQUAMHwxCzAJBgNV
                            BAYTAk5MMRAwDgYDVQQIDAdVdHJlY2h0MRAwDgYDVQQHDAdVdHJlY2h0MRUwEwYD
                            VQQKDAxTVVJGbmV0IEIuVi4xEzARBgNVBAsMClNVUkZjb25leHQxHTAbBgNVBAMM
                            FGVuZ2luZS5zdXJmY29uZXh0Lm5sMB4XDTExMDEyNDEwMTg1N1oXDTIxMDEyMzEw
                            MTg1N1owfDELMAkGA1UEBhMCTkwxEDAOBgNVBAgMB1V0cmVjaHQxEDAOBgNVBAcM
                            B1V0cmVjaHQxFTATBgNVBAoMDFNVUkZuZXQgQi5WLjETMBEGA1UECwwKU1VSRmNv
                            bmV4dDEdMBsGA1UEAwwUZW5naW5lLnN1cmZjb25leHQubmwwggEiMA0GCSqGSIb3
                            DQEBAQUAA4IBDwAwggEKAoIBAQDMJ6v+f3owS3KR5IXSil+3XFwGvCVeYx3jDOFK
                            AnwvXlDpTu+t730b8/spHtlopyJVAlb6qBIPN7R4TGTLqiu0zebYsYx/PtqCk5cb
                            u9qs3h+p2BBoTXVwXA/ZYi0tqtxp04hcNrRj1TAgLyC0S+KASTF+zzccAcjTBid5
                            EMioo+YllgSEobWJ4X33XVRqNrikAPDsNmDrdKUi257JSO2xhVIG5lbtmDaL5ORC
                            D56oRmVdp7VQTEQ3Yass8J5Rn+Ub6WmRBYeG+KzFBvtyBput2o0/gvtJn9L+NWeD
                            B0LyUPaUYG/X4GF14FcmFQfz7I5jBCNHtPcLJbPYbZKQNhz/AgMBAAGjUDBOMB0G
                            A1UdDgQWBBS9QqP8gtMM6nm4oYzNbgqhEDP1aDAfBgNVHSMEGDAWgBS9QqP8gtMM
                            6nm4oYzNbgqhEDP1aDAMBgNVHRMEBTADAQH/MA0GCSqGSIb3DQEBBQUAA4IBAQBH
                            2qyYwLwesIOxUTj+NJ0VXRBDH8VecNLiUUs9Np4x8A0pxLvlNnv5TdJAruEg1LSV
                            mAqqPUdAB2m7CKDeUVM9cwOB7vqelV2GNgOfevXi+DZRMffyyE8qyIcnTqvDOgcR
                            8qGTPSVT+SIsOkV9bYrjltrbnal7cJermsA8SC5w/pjLaOHI1xIZHquZzymWoN3Z
                            fz2CQg2r5o+AURYd74GrHhHqVa9VrdWtcimB+vTQQihoLt8YciehpJjOMpx2D66e
                            FfpC8ix31RRdjAVIo1y33h1yU3gEHePDbOthZE+lpXi2WJqO85H85LqJOtgn2WPI
                            3P2Tx32Cq1WXCYkxLaPI
</ds:X509Certificate>
                    </ds:X509Data>
                </ds:KeyInfo>
            </md:KeyDescriptor>
            <md:NameIDFormat>urn:oasis:names:tc:SAML:2.0:nameid-format:transient</md:NameIDFormat>
            <md:SingleSignOnService Binding="urn:oasis:names:tc:SAML:2.0:bindings:HTTP-Redirect" Location="https://engine.surfconext.nl/authentication/idp/single-sign-on/83296d2fee18c20dc85ce959b3d2e4b5"/>
        </md:IDPSSODescriptor>
    </md:EntityDescriptor>
    <md:EntityDescriptor validUntil="2013-01-30T11:03:12Z" entityID="urn:federation:HSZuydADFS">
        <md:IDPSSODescriptor protocolSupportEnumeration="urn:oasis:names:tc:SAML:2.0:protocol">
            <md:Extensions>
                <mdui:UIInfo>
                    <mdui:DisplayName xml:lang="nl">Hogeschool Zuyd</mdui:DisplayName>
                    <mdui:DisplayName xml:lang="en">Zuyd University</mdui:DisplayName>
                    <mdui:Description xml:lang="en">Hogeschool Zuyd</mdui:Description>
                    <mdui:Logo height="60" width="120">https://wayf.surfnet.nl/federate/surfnet/img/logo/hszuyd.png</mdui:Logo>
                    <mdui:Keywords xml:lang="nl">Zuyd University Hogeschool HBO</mdui:Keywords>
                    <mdui:Keywords xml:lang="en">Zuyd University Hogeschool HBO</mdui:Keywords>
                </mdui:UIInfo>
            </md:Extensions>
            <md:KeyDescriptor xmlns:ds="http://www.w3.org/2000/09/xmldsig#" use="signing">
                <ds:KeyInfo>
                    <ds:X509Data>
                        <ds:X509Certificate>MIIDyzCCArOgAwIBAgIJAMzixtXMUH1NMA0GCSqGSIb3DQEBBQUAMHwxCzAJBgNV
                            BAYTAk5MMRAwDgYDVQQIDAdVdHJlY2h0MRAwDgYDVQQHDAdVdHJlY2h0MRUwEwYD
                            VQQKDAxTVVJGbmV0IEIuVi4xEzARBgNVBAsMClNVUkZjb25leHQxHTAbBgNVBAMM
                            FGVuZ2luZS5zdXJmY29uZXh0Lm5sMB4XDTExMDEyNDEwMTg1N1oXDTIxMDEyMzEw
                            MTg1N1owfDELMAkGA1UEBhMCTkwxEDAOBgNVBAgMB1V0cmVjaHQxEDAOBgNVBAcM
                            B1V0cmVjaHQxFTATBgNVBAoMDFNVUkZuZXQgQi5WLjETMBEGA1UECwwKU1VSRmNv
                            bmV4dDEdMBsGA1UEAwwUZW5naW5lLnN1cmZjb25leHQubmwwggEiMA0GCSqGSIb3
                            DQEBAQUAA4IBDwAwggEKAoIBAQDMJ6v+f3owS3KR5IXSil+3XFwGvCVeYx3jDOFK
                            AnwvXlDpTu+t730b8/spHtlopyJVAlb6qBIPN7R4TGTLqiu0zebYsYx/PtqCk5cb
                            u9qs3h+p2BBoTXVwXA/ZYi0tqtxp04hcNrRj1TAgLyC0S+KASTF+zzccAcjTBid5
                            EMioo+YllgSEobWJ4X33XVRqNrikAPDsNmDrdKUi257JSO2xhVIG5lbtmDaL5ORC
                            D56oRmVdp7VQTEQ3Yass8J5Rn+Ub6WmRBYeG+KzFBvtyBput2o0/gvtJn9L+NWeD
                            B0LyUPaUYG/X4GF14FcmFQfz7I5jBCNHtPcLJbPYbZKQNhz/AgMBAAGjUDBOMB0G
                            A1UdDgQWBBS9QqP8gtMM6nm4oYzNbgqhEDP1aDAfBgNVHSMEGDAWgBS9QqP8gtMM
                            6nm4oYzNbgqhEDP1aDAMBgNVHRMEBTADAQH/MA0GCSqGSIb3DQEBBQUAA4IBAQBH
                            2qyYwLwesIOxUTj+NJ0VXRBDH8VecNLiUUs9Np4x8A0pxLvlNnv5TdJAruEg1LSV
                            mAqqPUdAB2m7CKDeUVM9cwOB7vqelV2GNgOfevXi+DZRMffyyE8qyIcnTqvDOgcR
                            8qGTPSVT+SIsOkV9bYrjltrbnal7cJermsA8SC5w/pjLaOHI1xIZHquZzymWoN3Z
                            fz2CQg2r5o+AURYd74GrHhHqVa9VrdWtcimB+vTQQihoLt8YciehpJjOMpx2D66e
                            FfpC8ix31RRdjAVIo1y33h1yU3gEHePDbOthZE+lpXi2WJqO85H85LqJOtgn2WPI
                            3P2Tx32Cq1WXCYkxLaPI
</ds:X509Certificate>
                    </ds:X509Data>
                </ds:KeyInfo>
            </md:KeyDescriptor>
            <md:KeyDescriptor xmlns:ds="http://www.w3.org/2000/09/xmldsig#" use="encryption">
                <ds:KeyInfo>
                    <ds:X509Data>
                        <ds:X509Certificate>MIIDyzCCArOgAwIBAgIJAMzixtXMUH1NMA0GCSqGSIb3DQEBBQUAMHwxCzAJBgNV
                            BAYTAk5MMRAwDgYDVQQIDAdVdHJlY2h0MRAwDgYDVQQHDAdVdHJlY2h0MRUwEwYD
                            VQQKDAxTVVJGbmV0IEIuVi4xEzARBgNVBAsMClNVUkZjb25leHQxHTAbBgNVBAMM
                            FGVuZ2luZS5zdXJmY29uZXh0Lm5sMB4XDTExMDEyNDEwMTg1N1oXDTIxMDEyMzEw
                            MTg1N1owfDELMAkGA1UEBhMCTkwxEDAOBgNVBAgMB1V0cmVjaHQxEDAOBgNVBAcM
                            B1V0cmVjaHQxFTATBgNVBAoMDFNVUkZuZXQgQi5WLjETMBEGA1UECwwKU1VSRmNv
                            bmV4dDEdMBsGA1UEAwwUZW5naW5lLnN1cmZjb25leHQubmwwggEiMA0GCSqGSIb3
                            DQEBAQUAA4IBDwAwggEKAoIBAQDMJ6v+f3owS3KR5IXSil+3XFwGvCVeYx3jDOFK
                            AnwvXlDpTu+t730b8/spHtlopyJVAlb6qBIPN7R4TGTLqiu0zebYsYx/PtqCk5cb
                            u9qs3h+p2BBoTXVwXA/ZYi0tqtxp04hcNrRj1TAgLyC0S+KASTF+zzccAcjTBid5
                            EMioo+YllgSEobWJ4X33XVRqNrikAPDsNmDrdKUi257JSO2xhVIG5lbtmDaL5ORC
                            D56oRmVdp7VQTEQ3Yass8J5Rn+Ub6WmRBYeG+KzFBvtyBput2o0/gvtJn9L+NWeD
                            B0LyUPaUYG/X4GF14FcmFQfz7I5jBCNHtPcLJbPYbZKQNhz/AgMBAAGjUDBOMB0G
                            A1UdDgQWBBS9QqP8gtMM6nm4oYzNbgqhEDP1aDAfBgNVHSMEGDAWgBS9QqP8gtMM
                            6nm4oYzNbgqhEDP1aDAMBgNVHRMEBTADAQH/MA0GCSqGSIb3DQEBBQUAA4IBAQBH
                            2qyYwLwesIOxUTj+NJ0VXRBDH8VecNLiUUs9Np4x8A0pxLvlNnv5TdJAruEg1LSV
                            mAqqPUdAB2m7CKDeUVM9cwOB7vqelV2GNgOfevXi+DZRMffyyE8qyIcnTqvDOgcR
                            8qGTPSVT+SIsOkV9bYrjltrbnal7cJermsA8SC5w/pjLaOHI1xIZHquZzymWoN3Z
                            fz2CQg2r5o+AURYd74GrHhHqVa9VrdWtcimB+vTQQihoLt8YciehpJjOMpx2D66e
                            FfpC8ix31RRdjAVIo1y33h1yU3gEHePDbOthZE+lpXi2WJqO85H85LqJOtgn2WPI
                            3P2Tx32Cq1WXCYkxLaPI
</ds:X509Certificate>
                    </ds:X509Data>
                </ds:KeyInfo>
            </md:KeyDescriptor>
            <md:NameIDFormat>urn:oasis:names:tc:SAML:2.0:nameid-format:transient</md:NameIDFormat>
            <md:SingleSignOnService Binding="urn:oasis:names:tc:SAML:2.0:bindings:HTTP-Redirect" Location="https://engine.surfconext.nl/authentication/idp/single-sign-on/8df5d812197fa6499433d34b5b2271a4"/>
        </md:IDPSSODescriptor>
    </md:EntityDescriptor>
    <md:EntityDescriptor validUntil="2013-01-30T11:03:12Z" entityID="http://adfs2.hubrecht.eu/adfs/services/trust">
        <md:IDPSSODescriptor protocolSupportEnumeration="urn:oasis:names:tc:SAML:2.0:protocol">
            <md:Extensions>
                <mdui:UIInfo>
                    <mdui:Description xml:lang="nl">Hubrecht Institute (KNAW)</mdui:Description>
                    <mdui:Description xml:lang="en">Hubrecht Institute (KNAW)</mdui:Description>
                    <mdui:Logo height="22" width="108">https://wayf.surfnet.nl/federate/surfnet/img/logo/knaw-hubrecht.png</mdui:Logo>
                    <mdui:Keywords xml:lang="nl">KNAW Research Hubrecht Institute Instituut</mdui:Keywords>
                    <mdui:Keywords xml:lang="en">KNAW Research Hubrecht Institute Instituut</mdui:Keywords>
                </mdui:UIInfo>
            </md:Extensions>
            <md:KeyDescriptor xmlns:ds="http://www.w3.org/2000/09/xmldsig#" use="signing">
                <ds:KeyInfo>
                    <ds:X509Data>
                        <ds:X509Certificate>MIIDyzCCArOgAwIBAgIJAMzixtXMUH1NMA0GCSqGSIb3DQEBBQUAMHwxCzAJBgNV
                            BAYTAk5MMRAwDgYDVQQIDAdVdHJlY2h0MRAwDgYDVQQHDAdVdHJlY2h0MRUwEwYD
                            VQQKDAxTVVJGbmV0IEIuVi4xEzARBgNVBAsMClNVUkZjb25leHQxHTAbBgNVBAMM
                            FGVuZ2luZS5zdXJmY29uZXh0Lm5sMB4XDTExMDEyNDEwMTg1N1oXDTIxMDEyMzEw
                            MTg1N1owfDELMAkGA1UEBhMCTkwxEDAOBgNVBAgMB1V0cmVjaHQxEDAOBgNVBAcM
                            B1V0cmVjaHQxFTATBgNVBAoMDFNVUkZuZXQgQi5WLjETMBEGA1UECwwKU1VSRmNv
                            bmV4dDEdMBsGA1UEAwwUZW5naW5lLnN1cmZjb25leHQubmwwggEiMA0GCSqGSIb3
                            DQEBAQUAA4IBDwAwggEKAoIBAQDMJ6v+f3owS3KR5IXSil+3XFwGvCVeYx3jDOFK
                            AnwvXlDpTu+t730b8/spHtlopyJVAlb6qBIPN7R4TGTLqiu0zebYsYx/PtqCk5cb
                            u9qs3h+p2BBoTXVwXA/ZYi0tqtxp04hcNrRj1TAgLyC0S+KASTF+zzccAcjTBid5
                            EMioo+YllgSEobWJ4X33XVRqNrikAPDsNmDrdKUi257JSO2xhVIG5lbtmDaL5ORC
                            D56oRmVdp7VQTEQ3Yass8J5Rn+Ub6WmRBYeG+KzFBvtyBput2o0/gvtJn9L+NWeD
                            B0LyUPaUYG/X4GF14FcmFQfz7I5jBCNHtPcLJbPYbZKQNhz/AgMBAAGjUDBOMB0G
                            A1UdDgQWBBS9QqP8gtMM6nm4oYzNbgqhEDP1aDAfBgNVHSMEGDAWgBS9QqP8gtMM
                            6nm4oYzNbgqhEDP1aDAMBgNVHRMEBTADAQH/MA0GCSqGSIb3DQEBBQUAA4IBAQBH
                            2qyYwLwesIOxUTj+NJ0VXRBDH8VecNLiUUs9Np4x8A0pxLvlNnv5TdJAruEg1LSV
                            mAqqPUdAB2m7CKDeUVM9cwOB7vqelV2GNgOfevXi+DZRMffyyE8qyIcnTqvDOgcR
                            8qGTPSVT+SIsOkV9bYrjltrbnal7cJermsA8SC5w/pjLaOHI1xIZHquZzymWoN3Z
                            fz2CQg2r5o+AURYd74GrHhHqVa9VrdWtcimB+vTQQihoLt8YciehpJjOMpx2D66e
                            FfpC8ix31RRdjAVIo1y33h1yU3gEHePDbOthZE+lpXi2WJqO85H85LqJOtgn2WPI
                            3P2Tx32Cq1WXCYkxLaPI
</ds:X509Certificate>
                    </ds:X509Data>
                </ds:KeyInfo>
            </md:KeyDescriptor>
            <md:KeyDescriptor xmlns:ds="http://www.w3.org/2000/09/xmldsig#" use="encryption">
                <ds:KeyInfo>
                    <ds:X509Data>
                        <ds:X509Certificate>MIIDyzCCArOgAwIBAgIJAMzixtXMUH1NMA0GCSqGSIb3DQEBBQUAMHwxCzAJBgNV
                            BAYTAk5MMRAwDgYDVQQIDAdVdHJlY2h0MRAwDgYDVQQHDAdVdHJlY2h0MRUwEwYD
                            VQQKDAxTVVJGbmV0IEIuVi4xEzARBgNVBAsMClNVUkZjb25leHQxHTAbBgNVBAMM
                            FGVuZ2luZS5zdXJmY29uZXh0Lm5sMB4XDTExMDEyNDEwMTg1N1oXDTIxMDEyMzEw
                            MTg1N1owfDELMAkGA1UEBhMCTkwxEDAOBgNVBAgMB1V0cmVjaHQxEDAOBgNVBAcM
                            B1V0cmVjaHQxFTATBgNVBAoMDFNVUkZuZXQgQi5WLjETMBEGA1UECwwKU1VSRmNv
                            bmV4dDEdMBsGA1UEAwwUZW5naW5lLnN1cmZjb25leHQubmwwggEiMA0GCSqGSIb3
                            DQEBAQUAA4IBDwAwggEKAoIBAQDMJ6v+f3owS3KR5IXSil+3XFwGvCVeYx3jDOFK
                            AnwvXlDpTu+t730b8/spHtlopyJVAlb6qBIPN7R4TGTLqiu0zebYsYx/PtqCk5cb
                            u9qs3h+p2BBoTXVwXA/ZYi0tqtxp04hcNrRj1TAgLyC0S+KASTF+zzccAcjTBid5
                            EMioo+YllgSEobWJ4X33XVRqNrikAPDsNmDrdKUi257JSO2xhVIG5lbtmDaL5ORC
                            D56oRmVdp7VQTEQ3Yass8J5Rn+Ub6WmRBYeG+KzFBvtyBput2o0/gvtJn9L+NWeD
                            B0LyUPaUYG/X4GF14FcmFQfz7I5jBCNHtPcLJbPYbZKQNhz/AgMBAAGjUDBOMB0G
                            A1UdDgQWBBS9QqP8gtMM6nm4oYzNbgqhEDP1aDAfBgNVHSMEGDAWgBS9QqP8gtMM
                            6nm4oYzNbgqhEDP1aDAMBgNVHRMEBTADAQH/MA0GCSqGSIb3DQEBBQUAA4IBAQBH
                            2qyYwLwesIOxUTj+NJ0VXRBDH8VecNLiUUs9Np4x8A0pxLvlNnv5TdJAruEg1LSV
                            mAqqPUdAB2m7CKDeUVM9cwOB7vqelV2GNgOfevXi+DZRMffyyE8qyIcnTqvDOgcR
                            8qGTPSVT+SIsOkV9bYrjltrbnal7cJermsA8SC5w/pjLaOHI1xIZHquZzymWoN3Z
                            fz2CQg2r5o+AURYd74GrHhHqVa9VrdWtcimB+vTQQihoLt8YciehpJjOMpx2D66e
                            FfpC8ix31RRdjAVIo1y33h1yU3gEHePDbOthZE+lpXi2WJqO85H85LqJOtgn2WPI
                            3P2Tx32Cq1WXCYkxLaPI
</ds:X509Certificate>
                    </ds:X509Data>
                </ds:KeyInfo>
            </md:KeyDescriptor>
            <md:NameIDFormat>urn:oasis:names:tc:SAML:2.0:nameid-format:transient</md:NameIDFormat>
            <md:SingleSignOnService Binding="urn:oasis:names:tc:SAML:2.0:bindings:HTTP-Redirect" Location="https://engine.surfconext.nl/authentication/idp/single-sign-on/34075babd9c46739787132e51c9ed055"/>
        </md:IDPSSODescriptor>
    </md:EntityDescriptor>
    <md:EntityDescriptor validUntil="2013-01-30T11:03:12Z" entityID="urn:federation:knaw:huygensinstituut">
        <md:IDPSSODescriptor protocolSupportEnumeration="urn:oasis:names:tc:SAML:2.0:protocol">
            <md:Extensions>
                <mdui:UIInfo>
                    <mdui:DisplayName xml:lang="nl">Huygens Instituut (KNAW)</mdui:DisplayName>
                    <mdui:DisplayName xml:lang="en">Huygens Institute (KNAW)</mdui:DisplayName>
                    <mdui:Description xml:lang="nl">Huygens Instituut (KNAW)</mdui:Description>
                    <mdui:Description xml:lang="en">Huygens Instituut (KNAW)</mdui:Description>
                    <mdui:Logo height="26" width="108">https://wayf.surfnet.nl/federate/surfnet/img/logo/knaw-huygens.png</mdui:Logo>
                    <mdui:Keywords xml:lang="nl">Huygens Instituut KNAW ING Institute Research</mdui:Keywords>
                    <mdui:Keywords xml:lang="en">Huygens Instituut KNAW ING Institute Research</mdui:Keywords>
                </mdui:UIInfo>
            </md:Extensions>
            <md:KeyDescriptor xmlns:ds="http://www.w3.org/2000/09/xmldsig#" use="signing">
                <ds:KeyInfo>
                    <ds:X509Data>
                        <ds:X509Certificate>MIIDyzCCArOgAwIBAgIJAMzixtXMUH1NMA0GCSqGSIb3DQEBBQUAMHwxCzAJBgNV
                            BAYTAk5MMRAwDgYDVQQIDAdVdHJlY2h0MRAwDgYDVQQHDAdVdHJlY2h0MRUwEwYD
                            VQQKDAxTVVJGbmV0IEIuVi4xEzARBgNVBAsMClNVUkZjb25leHQxHTAbBgNVBAMM
                            FGVuZ2luZS5zdXJmY29uZXh0Lm5sMB4XDTExMDEyNDEwMTg1N1oXDTIxMDEyMzEw
                            MTg1N1owfDELMAkGA1UEBhMCTkwxEDAOBgNVBAgMB1V0cmVjaHQxEDAOBgNVBAcM
                            B1V0cmVjaHQxFTATBgNVBAoMDFNVUkZuZXQgQi5WLjETMBEGA1UECwwKU1VSRmNv
                            bmV4dDEdMBsGA1UEAwwUZW5naW5lLnN1cmZjb25leHQubmwwggEiMA0GCSqGSIb3
                            DQEBAQUAA4IBDwAwggEKAoIBAQDMJ6v+f3owS3KR5IXSil+3XFwGvCVeYx3jDOFK
                            AnwvXlDpTu+t730b8/spHtlopyJVAlb6qBIPN7R4TGTLqiu0zebYsYx/PtqCk5cb
                            u9qs3h+p2BBoTXVwXA/ZYi0tqtxp04hcNrRj1TAgLyC0S+KASTF+zzccAcjTBid5
                            EMioo+YllgSEobWJ4X33XVRqNrikAPDsNmDrdKUi257JSO2xhVIG5lbtmDaL5ORC
                            D56oRmVdp7VQTEQ3Yass8J5Rn+Ub6WmRBYeG+KzFBvtyBput2o0/gvtJn9L+NWeD
                            B0LyUPaUYG/X4GF14FcmFQfz7I5jBCNHtPcLJbPYbZKQNhz/AgMBAAGjUDBOMB0G
                            A1UdDgQWBBS9QqP8gtMM6nm4oYzNbgqhEDP1aDAfBgNVHSMEGDAWgBS9QqP8gtMM
                            6nm4oYzNbgqhEDP1aDAMBgNVHRMEBTADAQH/MA0GCSqGSIb3DQEBBQUAA4IBAQBH
                            2qyYwLwesIOxUTj+NJ0VXRBDH8VecNLiUUs9Np4x8A0pxLvlNnv5TdJAruEg1LSV
                            mAqqPUdAB2m7CKDeUVM9cwOB7vqelV2GNgOfevXi+DZRMffyyE8qyIcnTqvDOgcR
                            8qGTPSVT+SIsOkV9bYrjltrbnal7cJermsA8SC5w/pjLaOHI1xIZHquZzymWoN3Z
                            fz2CQg2r5o+AURYd74GrHhHqVa9VrdWtcimB+vTQQihoLt8YciehpJjOMpx2D66e
                            FfpC8ix31RRdjAVIo1y33h1yU3gEHePDbOthZE+lpXi2WJqO85H85LqJOtgn2WPI
                            3P2Tx32Cq1WXCYkxLaPI
</ds:X509Certificate>
                    </ds:X509Data>
                </ds:KeyInfo>
            </md:KeyDescriptor>
            <md:KeyDescriptor xmlns:ds="http://www.w3.org/2000/09/xmldsig#" use="encryption">
                <ds:KeyInfo>
                    <ds:X509Data>
                        <ds:X509Certificate>MIIDyzCCArOgAwIBAgIJAMzixtXMUH1NMA0GCSqGSIb3DQEBBQUAMHwxCzAJBgNV
                            BAYTAk5MMRAwDgYDVQQIDAdVdHJlY2h0MRAwDgYDVQQHDAdVdHJlY2h0MRUwEwYD
                            VQQKDAxTVVJGbmV0IEIuVi4xEzARBgNVBAsMClNVUkZjb25leHQxHTAbBgNVBAMM
                            FGVuZ2luZS5zdXJmY29uZXh0Lm5sMB4XDTExMDEyNDEwMTg1N1oXDTIxMDEyMzEw
                            MTg1N1owfDELMAkGA1UEBhMCTkwxEDAOBgNVBAgMB1V0cmVjaHQxEDAOBgNVBAcM
                            B1V0cmVjaHQxFTATBgNVBAoMDFNVUkZuZXQgQi5WLjETMBEGA1UECwwKU1VSRmNv
                            bmV4dDEdMBsGA1UEAwwUZW5naW5lLnN1cmZjb25leHQubmwwggEiMA0GCSqGSIb3
                            DQEBAQUAA4IBDwAwggEKAoIBAQDMJ6v+f3owS3KR5IXSil+3XFwGvCVeYx3jDOFK
                            AnwvXlDpTu+t730b8/spHtlopyJVAlb6qBIPN7R4TGTLqiu0zebYsYx/PtqCk5cb
                            u9qs3h+p2BBoTXVwXA/ZYi0tqtxp04hcNrRj1TAgLyC0S+KASTF+zzccAcjTBid5
                            EMioo+YllgSEobWJ4X33XVRqNrikAPDsNmDrdKUi257JSO2xhVIG5lbtmDaL5ORC
                            D56oRmVdp7VQTEQ3Yass8J5Rn+Ub6WmRBYeG+KzFBvtyBput2o0/gvtJn9L+NWeD
                            B0LyUPaUYG/X4GF14FcmFQfz7I5jBCNHtPcLJbPYbZKQNhz/AgMBAAGjUDBOMB0G
                            A1UdDgQWBBS9QqP8gtMM6nm4oYzNbgqhEDP1aDAfBgNVHSMEGDAWgBS9QqP8gtMM
                            6nm4oYzNbgqhEDP1aDAMBgNVHRMEBTADAQH/MA0GCSqGSIb3DQEBBQUAA4IBAQBH
                            2qyYwLwesIOxUTj+NJ0VXRBDH8VecNLiUUs9Np4x8A0pxLvlNnv5TdJAruEg1LSV
                            mAqqPUdAB2m7CKDeUVM9cwOB7vqelV2GNgOfevXi+DZRMffyyE8qyIcnTqvDOgcR
                            8qGTPSVT+SIsOkV9bYrjltrbnal7cJermsA8SC5w/pjLaOHI1xIZHquZzymWoN3Z
                            fz2CQg2r5o+AURYd74GrHhHqVa9VrdWtcimB+vTQQihoLt8YciehpJjOMpx2D66e
                            FfpC8ix31RRdjAVIo1y33h1yU3gEHePDbOthZE+lpXi2WJqO85H85LqJOtgn2WPI
                            3P2Tx32Cq1WXCYkxLaPI
</ds:X509Certificate>
                    </ds:X509Data>
                </ds:KeyInfo>
            </md:KeyDescriptor>
            <md:NameIDFormat>urn:oasis:names:tc:SAML:2.0:nameid-format:transient</md:NameIDFormat>
            <md:SingleSignOnService Binding="urn:oasis:names:tc:SAML:2.0:bindings:HTTP-Redirect" Location="https://engine.surfconext.nl/authentication/idp/single-sign-on/09e6421ba2cb155139256d602bde6deb"/>
        </md:IDPSSODescriptor>
    </md:EntityDescriptor>
    <md:EntityDescriptor validUntil="2013-01-30T11:03:12Z" entityID="urn:federation:knmi">
        <md:IDPSSODescriptor protocolSupportEnumeration="urn:oasis:names:tc:SAML:2.0:protocol">
            <md:Extensions>
                <mdui:UIInfo>
                    <mdui:DisplayName xml:lang="nl">KNMI</mdui:DisplayName>
                    <mdui:DisplayName xml:lang="en">KNMI</mdui:DisplayName>
                    <mdui:Description xml:lang="nl">KNMI</mdui:Description>
                    <mdui:Description xml:lang="en">KNMI</mdui:Description>
                    <mdui:Logo height="60" width="120">https://wayf.surfnet.nl/federate/surfnet/img/logo/knmi.png</mdui:Logo>
                    <mdui:Keywords xml:lang="nl">KNMI Koninklijk Nederlands Meteorologisch Instituut</mdui:Keywords>
                    <mdui:Keywords xml:lang="en">KNMI Koninklijk Nederlands Meteorologisch Instituut </mdui:Keywords>
                </mdui:UIInfo>
            </md:Extensions>
            <md:KeyDescriptor xmlns:ds="http://www.w3.org/2000/09/xmldsig#" use="signing">
                <ds:KeyInfo>
                    <ds:X509Data>
                        <ds:X509Certificate>MIIDyzCCArOgAwIBAgIJAMzixtXMUH1NMA0GCSqGSIb3DQEBBQUAMHwxCzAJBgNV
                            BAYTAk5MMRAwDgYDVQQIDAdVdHJlY2h0MRAwDgYDVQQHDAdVdHJlY2h0MRUwEwYD
                            VQQKDAxTVVJGbmV0IEIuVi4xEzARBgNVBAsMClNVUkZjb25leHQxHTAbBgNVBAMM
                            FGVuZ2luZS5zdXJmY29uZXh0Lm5sMB4XDTExMDEyNDEwMTg1N1oXDTIxMDEyMzEw
                            MTg1N1owfDELMAkGA1UEBhMCTkwxEDAOBgNVBAgMB1V0cmVjaHQxEDAOBgNVBAcM
                            B1V0cmVjaHQxFTATBgNVBAoMDFNVUkZuZXQgQi5WLjETMBEGA1UECwwKU1VSRmNv
                            bmV4dDEdMBsGA1UEAwwUZW5naW5lLnN1cmZjb25leHQubmwwggEiMA0GCSqGSIb3
                            DQEBAQUAA4IBDwAwggEKAoIBAQDMJ6v+f3owS3KR5IXSil+3XFwGvCVeYx3jDOFK
                            AnwvXlDpTu+t730b8/spHtlopyJVAlb6qBIPN7R4TGTLqiu0zebYsYx/PtqCk5cb
                            u9qs3h+p2BBoTXVwXA/ZYi0tqtxp04hcNrRj1TAgLyC0S+KASTF+zzccAcjTBid5
                            EMioo+YllgSEobWJ4X33XVRqNrikAPDsNmDrdKUi257JSO2xhVIG5lbtmDaL5ORC
                            D56oRmVdp7VQTEQ3Yass8J5Rn+Ub6WmRBYeG+KzFBvtyBput2o0/gvtJn9L+NWeD
                            B0LyUPaUYG/X4GF14FcmFQfz7I5jBCNHtPcLJbPYbZKQNhz/AgMBAAGjUDBOMB0G
                            A1UdDgQWBBS9QqP8gtMM6nm4oYzNbgqhEDP1aDAfBgNVHSMEGDAWgBS9QqP8gtMM
                            6nm4oYzNbgqhEDP1aDAMBgNVHRMEBTADAQH/MA0GCSqGSIb3DQEBBQUAA4IBAQBH
                            2qyYwLwesIOxUTj+NJ0VXRBDH8VecNLiUUs9Np4x8A0pxLvlNnv5TdJAruEg1LSV
                            mAqqPUdAB2m7CKDeUVM9cwOB7vqelV2GNgOfevXi+DZRMffyyE8qyIcnTqvDOgcR
                            8qGTPSVT+SIsOkV9bYrjltrbnal7cJermsA8SC5w/pjLaOHI1xIZHquZzymWoN3Z
                            fz2CQg2r5o+AURYd74GrHhHqVa9VrdWtcimB+vTQQihoLt8YciehpJjOMpx2D66e
                            FfpC8ix31RRdjAVIo1y33h1yU3gEHePDbOthZE+lpXi2WJqO85H85LqJOtgn2WPI
                            3P2Tx32Cq1WXCYkxLaPI
</ds:X509Certificate>
                    </ds:X509Data>
                </ds:KeyInfo>
            </md:KeyDescriptor>
            <md:KeyDescriptor xmlns:ds="http://www.w3.org/2000/09/xmldsig#" use="encryption">
                <ds:KeyInfo>
                    <ds:X509Data>
                        <ds:X509Certificate>MIIDyzCCArOgAwIBAgIJAMzixtXMUH1NMA0GCSqGSIb3DQEBBQUAMHwxCzAJBgNV
                            BAYTAk5MMRAwDgYDVQQIDAdVdHJlY2h0MRAwDgYDVQQHDAdVdHJlY2h0MRUwEwYD
                            VQQKDAxTVVJGbmV0IEIuVi4xEzARBgNVBAsMClNVUkZjb25leHQxHTAbBgNVBAMM
                            FGVuZ2luZS5zdXJmY29uZXh0Lm5sMB4XDTExMDEyNDEwMTg1N1oXDTIxMDEyMzEw
                            MTg1N1owfDELMAkGA1UEBhMCTkwxEDAOBgNVBAgMB1V0cmVjaHQxEDAOBgNVBAcM
                            B1V0cmVjaHQxFTATBgNVBAoMDFNVUkZuZXQgQi5WLjETMBEGA1UECwwKU1VSRmNv
                            bmV4dDEdMBsGA1UEAwwUZW5naW5lLnN1cmZjb25leHQubmwwggEiMA0GCSqGSIb3
                            DQEBAQUAA4IBDwAwggEKAoIBAQDMJ6v+f3owS3KR5IXSil+3XFwGvCVeYx3jDOFK
                            AnwvXlDpTu+t730b8/spHtlopyJVAlb6qBIPN7R4TGTLqiu0zebYsYx/PtqCk5cb
                            u9qs3h+p2BBoTXVwXA/ZYi0tqtxp04hcNrRj1TAgLyC0S+KASTF+zzccAcjTBid5
                            EMioo+YllgSEobWJ4X33XVRqNrikAPDsNmDrdKUi257JSO2xhVIG5lbtmDaL5ORC
                            D56oRmVdp7VQTEQ3Yass8J5Rn+Ub6WmRBYeG+KzFBvtyBput2o0/gvtJn9L+NWeD
                            B0LyUPaUYG/X4GF14FcmFQfz7I5jBCNHtPcLJbPYbZKQNhz/AgMBAAGjUDBOMB0G
                            A1UdDgQWBBS9QqP8gtMM6nm4oYzNbgqhEDP1aDAfBgNVHSMEGDAWgBS9QqP8gtMM
                            6nm4oYzNbgqhEDP1aDAMBgNVHRMEBTADAQH/MA0GCSqGSIb3DQEBBQUAA4IBAQBH
                            2qyYwLwesIOxUTj+NJ0VXRBDH8VecNLiUUs9Np4x8A0pxLvlNnv5TdJAruEg1LSV
                            mAqqPUdAB2m7CKDeUVM9cwOB7vqelV2GNgOfevXi+DZRMffyyE8qyIcnTqvDOgcR
                            8qGTPSVT+SIsOkV9bYrjltrbnal7cJermsA8SC5w/pjLaOHI1xIZHquZzymWoN3Z
                            fz2CQg2r5o+AURYd74GrHhHqVa9VrdWtcimB+vTQQihoLt8YciehpJjOMpx2D66e
                            FfpC8ix31RRdjAVIo1y33h1yU3gEHePDbOthZE+lpXi2WJqO85H85LqJOtgn2WPI
                            3P2Tx32Cq1WXCYkxLaPI
</ds:X509Certificate>
                    </ds:X509Data>
                </ds:KeyInfo>
            </md:KeyDescriptor>
            <md:NameIDFormat>urn:oasis:names:tc:SAML:2.0:nameid-format:transient</md:NameIDFormat>
            <md:SingleSignOnService Binding="urn:oasis:names:tc:SAML:2.0:bindings:HTTP-Redirect" Location="https://engine.surfconext.nl/authentication/idp/single-sign-on/59b7a8fd7640664e28943aba9b7e86fa"/>
        </md:IDPSSODescriptor>
    </md:EntityDescriptor>
    <md:EntityDescriptor validUntil="2013-01-30T11:03:12Z" entityID="http://adfs.hsmarnix.nl/adfs/services/trust">
        <md:IDPSSODescriptor protocolSupportEnumeration="urn:oasis:names:tc:SAML:2.0:protocol">
            <md:Extensions>
                <mdui:UIInfo>
                    <mdui:DisplayName xml:lang="nl">Marnix Academie</mdui:DisplayName>
                    <mdui:DisplayName xml:lang="en">Marnix Academie</mdui:DisplayName>
                    <mdui:Description xml:lang="nl">Marnix Academie</mdui:Description>
                    <mdui:Description xml:lang="en">Marnix Academie</mdui:Description>
                    <mdui:Logo height="60" width="120">https://wayf.surfnet.nl/federate/surfnet/img/logo/marnix.png</mdui:Logo>
                    <mdui:Keywords xml:lang="nl">Marnix Academie HBO</mdui:Keywords>
                    <mdui:Keywords xml:lang="en">Marnix Academie HBO</mdui:Keywords>
                </mdui:UIInfo>
            </md:Extensions>
            <md:KeyDescriptor xmlns:ds="http://www.w3.org/2000/09/xmldsig#" use="signing">
                <ds:KeyInfo>
                    <ds:X509Data>
                        <ds:X509Certificate>MIIDyzCCArOgAwIBAgIJAMzixtXMUH1NMA0GCSqGSIb3DQEBBQUAMHwxCzAJBgNV
                            BAYTAk5MMRAwDgYDVQQIDAdVdHJlY2h0MRAwDgYDVQQHDAdVdHJlY2h0MRUwEwYD
                            VQQKDAxTVVJGbmV0IEIuVi4xEzARBgNVBAsMClNVUkZjb25leHQxHTAbBgNVBAMM
                            FGVuZ2luZS5zdXJmY29uZXh0Lm5sMB4XDTExMDEyNDEwMTg1N1oXDTIxMDEyMzEw
                            MTg1N1owfDELMAkGA1UEBhMCTkwxEDAOBgNVBAgMB1V0cmVjaHQxEDAOBgNVBAcM
                            B1V0cmVjaHQxFTATBgNVBAoMDFNVUkZuZXQgQi5WLjETMBEGA1UECwwKU1VSRmNv
                            bmV4dDEdMBsGA1UEAwwUZW5naW5lLnN1cmZjb25leHQubmwwggEiMA0GCSqGSIb3
                            DQEBAQUAA4IBDwAwggEKAoIBAQDMJ6v+f3owS3KR5IXSil+3XFwGvCVeYx3jDOFK
                            AnwvXlDpTu+t730b8/spHtlopyJVAlb6qBIPN7R4TGTLqiu0zebYsYx/PtqCk5cb
                            u9qs3h+p2BBoTXVwXA/ZYi0tqtxp04hcNrRj1TAgLyC0S+KASTF+zzccAcjTBid5
                            EMioo+YllgSEobWJ4X33XVRqNrikAPDsNmDrdKUi257JSO2xhVIG5lbtmDaL5ORC
                            D56oRmVdp7VQTEQ3Yass8J5Rn+Ub6WmRBYeG+KzFBvtyBput2o0/gvtJn9L+NWeD
                            B0LyUPaUYG/X4GF14FcmFQfz7I5jBCNHtPcLJbPYbZKQNhz/AgMBAAGjUDBOMB0G
                            A1UdDgQWBBS9QqP8gtMM6nm4oYzNbgqhEDP1aDAfBgNVHSMEGDAWgBS9QqP8gtMM
                            6nm4oYzNbgqhEDP1aDAMBgNVHRMEBTADAQH/MA0GCSqGSIb3DQEBBQUAA4IBAQBH
                            2qyYwLwesIOxUTj+NJ0VXRBDH8VecNLiUUs9Np4x8A0pxLvlNnv5TdJAruEg1LSV
                            mAqqPUdAB2m7CKDeUVM9cwOB7vqelV2GNgOfevXi+DZRMffyyE8qyIcnTqvDOgcR
                            8qGTPSVT+SIsOkV9bYrjltrbnal7cJermsA8SC5w/pjLaOHI1xIZHquZzymWoN3Z
                            fz2CQg2r5o+AURYd74GrHhHqVa9VrdWtcimB+vTQQihoLt8YciehpJjOMpx2D66e
                            FfpC8ix31RRdjAVIo1y33h1yU3gEHePDbOthZE+lpXi2WJqO85H85LqJOtgn2WPI
                            3P2Tx32Cq1WXCYkxLaPI
</ds:X509Certificate>
                    </ds:X509Data>
                </ds:KeyInfo>
            </md:KeyDescriptor>
            <md:KeyDescriptor xmlns:ds="http://www.w3.org/2000/09/xmldsig#" use="encryption">
                <ds:KeyInfo>
                    <ds:X509Data>
                        <ds:X509Certificate>MIIDyzCCArOgAwIBAgIJAMzixtXMUH1NMA0GCSqGSIb3DQEBBQUAMHwxCzAJBgNV
                            BAYTAk5MMRAwDgYDVQQIDAdVdHJlY2h0MRAwDgYDVQQHDAdVdHJlY2h0MRUwEwYD
                            VQQKDAxTVVJGbmV0IEIuVi4xEzARBgNVBAsMClNVUkZjb25leHQxHTAbBgNVBAMM
                            FGVuZ2luZS5zdXJmY29uZXh0Lm5sMB4XDTExMDEyNDEwMTg1N1oXDTIxMDEyMzEw
                            MTg1N1owfDELMAkGA1UEBhMCTkwxEDAOBgNVBAgMB1V0cmVjaHQxEDAOBgNVBAcM
                            B1V0cmVjaHQxFTATBgNVBAoMDFNVUkZuZXQgQi5WLjETMBEGA1UECwwKU1VSRmNv
                            bmV4dDEdMBsGA1UEAwwUZW5naW5lLnN1cmZjb25leHQubmwwggEiMA0GCSqGSIb3
                            DQEBAQUAA4IBDwAwggEKAoIBAQDMJ6v+f3owS3KR5IXSil+3XFwGvCVeYx3jDOFK
                            AnwvXlDpTu+t730b8/spHtlopyJVAlb6qBIPN7R4TGTLqiu0zebYsYx/PtqCk5cb
                            u9qs3h+p2BBoTXVwXA/ZYi0tqtxp04hcNrRj1TAgLyC0S+KASTF+zzccAcjTBid5
                            EMioo+YllgSEobWJ4X33XVRqNrikAPDsNmDrdKUi257JSO2xhVIG5lbtmDaL5ORC
                            D56oRmVdp7VQTEQ3Yass8J5Rn+Ub6WmRBYeG+KzFBvtyBput2o0/gvtJn9L+NWeD
                            B0LyUPaUYG/X4GF14FcmFQfz7I5jBCNHtPcLJbPYbZKQNhz/AgMBAAGjUDBOMB0G
                            A1UdDgQWBBS9QqP8gtMM6nm4oYzNbgqhEDP1aDAfBgNVHSMEGDAWgBS9QqP8gtMM
                            6nm4oYzNbgqhEDP1aDAMBgNVHRMEBTADAQH/MA0GCSqGSIb3DQEBBQUAA4IBAQBH
                            2qyYwLwesIOxUTj+NJ0VXRBDH8VecNLiUUs9Np4x8A0pxLvlNnv5TdJAruEg1LSV
                            mAqqPUdAB2m7CKDeUVM9cwOB7vqelV2GNgOfevXi+DZRMffyyE8qyIcnTqvDOgcR
                            8qGTPSVT+SIsOkV9bYrjltrbnal7cJermsA8SC5w/pjLaOHI1xIZHquZzymWoN3Z
                            fz2CQg2r5o+AURYd74GrHhHqVa9VrdWtcimB+vTQQihoLt8YciehpJjOMpx2D66e
                            FfpC8ix31RRdjAVIo1y33h1yU3gEHePDbOthZE+lpXi2WJqO85H85LqJOtgn2WPI
                            3P2Tx32Cq1WXCYkxLaPI
</ds:X509Certificate>
                    </ds:X509Data>
                </ds:KeyInfo>
            </md:KeyDescriptor>
            <md:NameIDFormat>urn:oasis:names:tc:SAML:2.0:nameid-format:transient</md:NameIDFormat>
            <md:SingleSignOnService Binding="urn:oasis:names:tc:SAML:2.0:bindings:HTTP-Redirect" Location="https://engine.surfconext.nl/authentication/idp/single-sign-on/96cbfec0d8a42ee032111ece52d3185a"/>
        </md:IDPSSODescriptor>
    </md:EntityDescriptor>
    <md:EntityDescriptor validUntil="2013-01-30T11:03:12Z" entityID="urn:federation:knaw:meertens">
        <md:IDPSSODescriptor protocolSupportEnumeration="urn:oasis:names:tc:SAML:2.0:protocol">
            <md:Extensions>
                <mdui:UIInfo>
                    <mdui:DisplayName xml:lang="nl">Meertens Instituut (KNAW)</mdui:DisplayName>
                    <mdui:DisplayName xml:lang="en">Meertens Institute (KNAW)</mdui:DisplayName>
                    <mdui:Description xml:lang="nl">Meertens Instituut (KNAW)</mdui:Description>
                    <mdui:Description xml:lang="en">Meertens Instituut (KNAW)</mdui:Description>
                    <mdui:Logo height="48" width="72">https://wayf.surfnet.nl/federate/surfnet/img/logo/knaw-meertens.png</mdui:Logo>
                    <mdui:Keywords xml:lang="nl">Meertens Instituut KNAW Research</mdui:Keywords>
                    <mdui:Keywords xml:lang="en">Meertens Institute KNAW Research</mdui:Keywords>
                </mdui:UIInfo>
            </md:Extensions>
            <md:KeyDescriptor xmlns:ds="http://www.w3.org/2000/09/xmldsig#" use="signing">
                <ds:KeyInfo>
                    <ds:X509Data>
                        <ds:X509Certificate>MIIDyzCCArOgAwIBAgIJAMzixtXMUH1NMA0GCSqGSIb3DQEBBQUAMHwxCzAJBgNV
                            BAYTAk5MMRAwDgYDVQQIDAdVdHJlY2h0MRAwDgYDVQQHDAdVdHJlY2h0MRUwEwYD
                            VQQKDAxTVVJGbmV0IEIuVi4xEzARBgNVBAsMClNVUkZjb25leHQxHTAbBgNVBAMM
                            FGVuZ2luZS5zdXJmY29uZXh0Lm5sMB4XDTExMDEyNDEwMTg1N1oXDTIxMDEyMzEw
                            MTg1N1owfDELMAkGA1UEBhMCTkwxEDAOBgNVBAgMB1V0cmVjaHQxEDAOBgNVBAcM
                            B1V0cmVjaHQxFTATBgNVBAoMDFNVUkZuZXQgQi5WLjETMBEGA1UECwwKU1VSRmNv
                            bmV4dDEdMBsGA1UEAwwUZW5naW5lLnN1cmZjb25leHQubmwwggEiMA0GCSqGSIb3
                            DQEBAQUAA4IBDwAwggEKAoIBAQDMJ6v+f3owS3KR5IXSil+3XFwGvCVeYx3jDOFK
                            AnwvXlDpTu+t730b8/spHtlopyJVAlb6qBIPN7R4TGTLqiu0zebYsYx/PtqCk5cb
                            u9qs3h+p2BBoTXVwXA/ZYi0tqtxp04hcNrRj1TAgLyC0S+KASTF+zzccAcjTBid5
                            EMioo+YllgSEobWJ4X33XVRqNrikAPDsNmDrdKUi257JSO2xhVIG5lbtmDaL5ORC
                            D56oRmVdp7VQTEQ3Yass8J5Rn+Ub6WmRBYeG+KzFBvtyBput2o0/gvtJn9L+NWeD
                            B0LyUPaUYG/X4GF14FcmFQfz7I5jBCNHtPcLJbPYbZKQNhz/AgMBAAGjUDBOMB0G
                            A1UdDgQWBBS9QqP8gtMM6nm4oYzNbgqhEDP1aDAfBgNVHSMEGDAWgBS9QqP8gtMM
                            6nm4oYzNbgqhEDP1aDAMBgNVHRMEBTADAQH/MA0GCSqGSIb3DQEBBQUAA4IBAQBH
                            2qyYwLwesIOxUTj+NJ0VXRBDH8VecNLiUUs9Np4x8A0pxLvlNnv5TdJAruEg1LSV
                            mAqqPUdAB2m7CKDeUVM9cwOB7vqelV2GNgOfevXi+DZRMffyyE8qyIcnTqvDOgcR
                            8qGTPSVT+SIsOkV9bYrjltrbnal7cJermsA8SC5w/pjLaOHI1xIZHquZzymWoN3Z
                            fz2CQg2r5o+AURYd74GrHhHqVa9VrdWtcimB+vTQQihoLt8YciehpJjOMpx2D66e
                            FfpC8ix31RRdjAVIo1y33h1yU3gEHePDbOthZE+lpXi2WJqO85H85LqJOtgn2WPI
                            3P2Tx32Cq1WXCYkxLaPI
</ds:X509Certificate>
                    </ds:X509Data>
                </ds:KeyInfo>
            </md:KeyDescriptor>
            <md:KeyDescriptor xmlns:ds="http://www.w3.org/2000/09/xmldsig#" use="encryption">
                <ds:KeyInfo>
                    <ds:X509Data>
                        <ds:X509Certificate>MIIDyzCCArOgAwIBAgIJAMzixtXMUH1NMA0GCSqGSIb3DQEBBQUAMHwxCzAJBgNV
                            BAYTAk5MMRAwDgYDVQQIDAdVdHJlY2h0MRAwDgYDVQQHDAdVdHJlY2h0MRUwEwYD
                            VQQKDAxTVVJGbmV0IEIuVi4xEzARBgNVBAsMClNVUkZjb25leHQxHTAbBgNVBAMM
                            FGVuZ2luZS5zdXJmY29uZXh0Lm5sMB4XDTExMDEyNDEwMTg1N1oXDTIxMDEyMzEw
                            MTg1N1owfDELMAkGA1UEBhMCTkwxEDAOBgNVBAgMB1V0cmVjaHQxEDAOBgNVBAcM
                            B1V0cmVjaHQxFTATBgNVBAoMDFNVUkZuZXQgQi5WLjETMBEGA1UECwwKU1VSRmNv
                            bmV4dDEdMBsGA1UEAwwUZW5naW5lLnN1cmZjb25leHQubmwwggEiMA0GCSqGSIb3
                            DQEBAQUAA4IBDwAwggEKAoIBAQDMJ6v+f3owS3KR5IXSil+3XFwGvCVeYx3jDOFK
                            AnwvXlDpTu+t730b8/spHtlopyJVAlb6qBIPN7R4TGTLqiu0zebYsYx/PtqCk5cb
                            u9qs3h+p2BBoTXVwXA/ZYi0tqtxp04hcNrRj1TAgLyC0S+KASTF+zzccAcjTBid5
                            EMioo+YllgSEobWJ4X33XVRqNrikAPDsNmDrdKUi257JSO2xhVIG5lbtmDaL5ORC
                            D56oRmVdp7VQTEQ3Yass8J5Rn+Ub6WmRBYeG+KzFBvtyBput2o0/gvtJn9L+NWeD
                            B0LyUPaUYG/X4GF14FcmFQfz7I5jBCNHtPcLJbPYbZKQNhz/AgMBAAGjUDBOMB0G
                            A1UdDgQWBBS9QqP8gtMM6nm4oYzNbgqhEDP1aDAfBgNVHSMEGDAWgBS9QqP8gtMM
                            6nm4oYzNbgqhEDP1aDAMBgNVHRMEBTADAQH/MA0GCSqGSIb3DQEBBQUAA4IBAQBH
                            2qyYwLwesIOxUTj+NJ0VXRBDH8VecNLiUUs9Np4x8A0pxLvlNnv5TdJAruEg1LSV
                            mAqqPUdAB2m7CKDeUVM9cwOB7vqelV2GNgOfevXi+DZRMffyyE8qyIcnTqvDOgcR
                            8qGTPSVT+SIsOkV9bYrjltrbnal7cJermsA8SC5w/pjLaOHI1xIZHquZzymWoN3Z
                            fz2CQg2r5o+AURYd74GrHhHqVa9VrdWtcimB+vTQQihoLt8YciehpJjOMpx2D66e
                            FfpC8ix31RRdjAVIo1y33h1yU3gEHePDbOthZE+lpXi2WJqO85H85LqJOtgn2WPI
                            3P2Tx32Cq1WXCYkxLaPI
</ds:X509Certificate>
                    </ds:X509Data>
                </ds:KeyInfo>
            </md:KeyDescriptor>
            <md:NameIDFormat>urn:oasis:names:tc:SAML:2.0:nameid-format:transient</md:NameIDFormat>
            <md:SingleSignOnService Binding="urn:oasis:names:tc:SAML:2.0:bindings:HTTP-Redirect" Location="https://engine.surfconext.nl/authentication/idp/single-sign-on/5a340b50d012bec4fae0c988bfe864ef"/>
        </md:IDPSSODescriptor>
    </md:EntityDescriptor>
    <md:EntityDescriptor validUntil="2013-01-30T11:03:12Z" entityID="http://NSAB4050.NLDA.NL/adfs/services/trust">
        <md:IDPSSODescriptor protocolSupportEnumeration="urn:oasis:names:tc:SAML:2.0:protocol">
            <md:Extensions>
                <mdui:UIInfo>
                    <mdui:DisplayName xml:lang="nl">Nederlandse Defensie Academie - NLDA</mdui:DisplayName>
                    <mdui:DisplayName xml:lang="en">Nederlandse Defensie Academie - NLDA</mdui:DisplayName>
                    <mdui:Description xml:lang="nl">Nederlandse Defensie Academie - NLDA</mdui:Description>
                    <mdui:Description xml:lang="en">Nederlandse Defensie Academie - NLDA</mdui:Description>
                    <mdui:Keywords xml:lang="nl">Nederlandse Defensie Academie - NLDA KMA </mdui:Keywords>
                    <mdui:Keywords xml:lang="en">Nederlandse Defensie Academie - NLDA KMA </mdui:Keywords>
                </mdui:UIInfo>
            </md:Extensions>
            <md:KeyDescriptor xmlns:ds="http://www.w3.org/2000/09/xmldsig#" use="signing">
                <ds:KeyInfo>
                    <ds:X509Data>
                        <ds:X509Certificate>MIIDyzCCArOgAwIBAgIJAMzixtXMUH1NMA0GCSqGSIb3DQEBBQUAMHwxCzAJBgNV
                            BAYTAk5MMRAwDgYDVQQIDAdVdHJlY2h0MRAwDgYDVQQHDAdVdHJlY2h0MRUwEwYD
                            VQQKDAxTVVJGbmV0IEIuVi4xEzARBgNVBAsMClNVUkZjb25leHQxHTAbBgNVBAMM
                            FGVuZ2luZS5zdXJmY29uZXh0Lm5sMB4XDTExMDEyNDEwMTg1N1oXDTIxMDEyMzEw
                            MTg1N1owfDELMAkGA1UEBhMCTkwxEDAOBgNVBAgMB1V0cmVjaHQxEDAOBgNVBAcM
                            B1V0cmVjaHQxFTATBgNVBAoMDFNVUkZuZXQgQi5WLjETMBEGA1UECwwKU1VSRmNv
                            bmV4dDEdMBsGA1UEAwwUZW5naW5lLnN1cmZjb25leHQubmwwggEiMA0GCSqGSIb3
                            DQEBAQUAA4IBDwAwggEKAoIBAQDMJ6v+f3owS3KR5IXSil+3XFwGvCVeYx3jDOFK
                            AnwvXlDpTu+t730b8/spHtlopyJVAlb6qBIPN7R4TGTLqiu0zebYsYx/PtqCk5cb
                            u9qs3h+p2BBoTXVwXA/ZYi0tqtxp04hcNrRj1TAgLyC0S+KASTF+zzccAcjTBid5
                            EMioo+YllgSEobWJ4X33XVRqNrikAPDsNmDrdKUi257JSO2xhVIG5lbtmDaL5ORC
                            D56oRmVdp7VQTEQ3Yass8J5Rn+Ub6WmRBYeG+KzFBvtyBput2o0/gvtJn9L+NWeD
                            B0LyUPaUYG/X4GF14FcmFQfz7I5jBCNHtPcLJbPYbZKQNhz/AgMBAAGjUDBOMB0G
                            A1UdDgQWBBS9QqP8gtMM6nm4oYzNbgqhEDP1aDAfBgNVHSMEGDAWgBS9QqP8gtMM
                            6nm4oYzNbgqhEDP1aDAMBgNVHRMEBTADAQH/MA0GCSqGSIb3DQEBBQUAA4IBAQBH
                            2qyYwLwesIOxUTj+NJ0VXRBDH8VecNLiUUs9Np4x8A0pxLvlNnv5TdJAruEg1LSV
                            mAqqPUdAB2m7CKDeUVM9cwOB7vqelV2GNgOfevXi+DZRMffyyE8qyIcnTqvDOgcR
                            8qGTPSVT+SIsOkV9bYrjltrbnal7cJermsA8SC5w/pjLaOHI1xIZHquZzymWoN3Z
                            fz2CQg2r5o+AURYd74GrHhHqVa9VrdWtcimB+vTQQihoLt8YciehpJjOMpx2D66e
                            FfpC8ix31RRdjAVIo1y33h1yU3gEHePDbOthZE+lpXi2WJqO85H85LqJOtgn2WPI
                            3P2Tx32Cq1WXCYkxLaPI
</ds:X509Certificate>
                    </ds:X509Data>
                </ds:KeyInfo>
            </md:KeyDescriptor>
            <md:KeyDescriptor xmlns:ds="http://www.w3.org/2000/09/xmldsig#" use="encryption">
                <ds:KeyInfo>
                    <ds:X509Data>
                        <ds:X509Certificate>MIIDyzCCArOgAwIBAgIJAMzixtXMUH1NMA0GCSqGSIb3DQEBBQUAMHwxCzAJBgNV
                            BAYTAk5MMRAwDgYDVQQIDAdVdHJlY2h0MRAwDgYDVQQHDAdVdHJlY2h0MRUwEwYD
                            VQQKDAxTVVJGbmV0IEIuVi4xEzARBgNVBAsMClNVUkZjb25leHQxHTAbBgNVBAMM
                            FGVuZ2luZS5zdXJmY29uZXh0Lm5sMB4XDTExMDEyNDEwMTg1N1oXDTIxMDEyMzEw
                            MTg1N1owfDELMAkGA1UEBhMCTkwxEDAOBgNVBAgMB1V0cmVjaHQxEDAOBgNVBAcM
                            B1V0cmVjaHQxFTATBgNVBAoMDFNVUkZuZXQgQi5WLjETMBEGA1UECwwKU1VSRmNv
                            bmV4dDEdMBsGA1UEAwwUZW5naW5lLnN1cmZjb25leHQubmwwggEiMA0GCSqGSIb3
                            DQEBAQUAA4IBDwAwggEKAoIBAQDMJ6v+f3owS3KR5IXSil+3XFwGvCVeYx3jDOFK
                            AnwvXlDpTu+t730b8/spHtlopyJVAlb6qBIPN7R4TGTLqiu0zebYsYx/PtqCk5cb
                            u9qs3h+p2BBoTXVwXA/ZYi0tqtxp04hcNrRj1TAgLyC0S+KASTF+zzccAcjTBid5
                            EMioo+YllgSEobWJ4X33XVRqNrikAPDsNmDrdKUi257JSO2xhVIG5lbtmDaL5ORC
                            D56oRmVdp7VQTEQ3Yass8J5Rn+Ub6WmRBYeG+KzFBvtyBput2o0/gvtJn9L+NWeD
                            B0LyUPaUYG/X4GF14FcmFQfz7I5jBCNHtPcLJbPYbZKQNhz/AgMBAAGjUDBOMB0G
                            A1UdDgQWBBS9QqP8gtMM6nm4oYzNbgqhEDP1aDAfBgNVHSMEGDAWgBS9QqP8gtMM
                            6nm4oYzNbgqhEDP1aDAMBgNVHRMEBTADAQH/MA0GCSqGSIb3DQEBBQUAA4IBAQBH
                            2qyYwLwesIOxUTj+NJ0VXRBDH8VecNLiUUs9Np4x8A0pxLvlNnv5TdJAruEg1LSV
                            mAqqPUdAB2m7CKDeUVM9cwOB7vqelV2GNgOfevXi+DZRMffyyE8qyIcnTqvDOgcR
                            8qGTPSVT+SIsOkV9bYrjltrbnal7cJermsA8SC5w/pjLaOHI1xIZHquZzymWoN3Z
                            fz2CQg2r5o+AURYd74GrHhHqVa9VrdWtcimB+vTQQihoLt8YciehpJjOMpx2D66e
                            FfpC8ix31RRdjAVIo1y33h1yU3gEHePDbOthZE+lpXi2WJqO85H85LqJOtgn2WPI
                            3P2Tx32Cq1WXCYkxLaPI
</ds:X509Certificate>
                    </ds:X509Data>
                </ds:KeyInfo>
            </md:KeyDescriptor>
            <md:NameIDFormat>urn:oasis:names:tc:SAML:2.0:nameid-format:transient</md:NameIDFormat>
            <md:SingleSignOnService Binding="urn:oasis:names:tc:SAML:2.0:bindings:HTTP-Redirect" Location="https://engine.surfconext.nl/authentication/idp/single-sign-on/dbbf06163847747a8c239e88b183a547"/>
        </md:IDPSSODescriptor>
    </md:EntityDescriptor>
    <md:EntityDescriptor validUntil="2013-01-30T11:03:12Z" entityID="https://fedlogin.noh-i.nl/fed/idp">
        <md:IDPSSODescriptor protocolSupportEnumeration="urn:oasis:names:tc:SAML:2.0:protocol">
            <md:Extensions>
                <mdui:UIInfo>
                    <mdui:Description xml:lang="nl">Netwerk Open Hogeschool Informatica</mdui:Description>
                    <mdui:Description xml:lang="en">Netwerk Open Hogeschool Informatica</mdui:Description>
                    <mdui:Logo height="31" width="122">https://wayf.surfnet.nl/federate/surfnet/img/logo/ou-noh.png</mdui:Logo>
                    <mdui:Keywords xml:lang="nl">Netwerk Open Hogeschool Informatica NOHI OU HBO</mdui:Keywords>
                    <mdui:Keywords xml:lang="en">Netwerk Open Hogeschool Informatica NOHI OU HBO</mdui:Keywords>
                </mdui:UIInfo>
            </md:Extensions>
            <md:KeyDescriptor xmlns:ds="http://www.w3.org/2000/09/xmldsig#" use="signing">
                <ds:KeyInfo>
                    <ds:X509Data>
                        <ds:X509Certificate>MIIDyzCCArOgAwIBAgIJAMzixtXMUH1NMA0GCSqGSIb3DQEBBQUAMHwxCzAJBgNV
                            BAYTAk5MMRAwDgYDVQQIDAdVdHJlY2h0MRAwDgYDVQQHDAdVdHJlY2h0MRUwEwYD
                            VQQKDAxTVVJGbmV0IEIuVi4xEzARBgNVBAsMClNVUkZjb25leHQxHTAbBgNVBAMM
                            FGVuZ2luZS5zdXJmY29uZXh0Lm5sMB4XDTExMDEyNDEwMTg1N1oXDTIxMDEyMzEw
                            MTg1N1owfDELMAkGA1UEBhMCTkwxEDAOBgNVBAgMB1V0cmVjaHQxEDAOBgNVBAcM
                            B1V0cmVjaHQxFTATBgNVBAoMDFNVUkZuZXQgQi5WLjETMBEGA1UECwwKU1VSRmNv
                            bmV4dDEdMBsGA1UEAwwUZW5naW5lLnN1cmZjb25leHQubmwwggEiMA0GCSqGSIb3
                            DQEBAQUAA4IBDwAwggEKAoIBAQDMJ6v+f3owS3KR5IXSil+3XFwGvCVeYx3jDOFK
                            AnwvXlDpTu+t730b8/spHtlopyJVAlb6qBIPN7R4TGTLqiu0zebYsYx/PtqCk5cb
                            u9qs3h+p2BBoTXVwXA/ZYi0tqtxp04hcNrRj1TAgLyC0S+KASTF+zzccAcjTBid5
                            EMioo+YllgSEobWJ4X33XVRqNrikAPDsNmDrdKUi257JSO2xhVIG5lbtmDaL5ORC
                            D56oRmVdp7VQTEQ3Yass8J5Rn+Ub6WmRBYeG+KzFBvtyBput2o0/gvtJn9L+NWeD
                            B0LyUPaUYG/X4GF14FcmFQfz7I5jBCNHtPcLJbPYbZKQNhz/AgMBAAGjUDBOMB0G
                            A1UdDgQWBBS9QqP8gtMM6nm4oYzNbgqhEDP1aDAfBgNVHSMEGDAWgBS9QqP8gtMM
                            6nm4oYzNbgqhEDP1aDAMBgNVHRMEBTADAQH/MA0GCSqGSIb3DQEBBQUAA4IBAQBH
                            2qyYwLwesIOxUTj+NJ0VXRBDH8VecNLiUUs9Np4x8A0pxLvlNnv5TdJAruEg1LSV
                            mAqqPUdAB2m7CKDeUVM9cwOB7vqelV2GNgOfevXi+DZRMffyyE8qyIcnTqvDOgcR
                            8qGTPSVT+SIsOkV9bYrjltrbnal7cJermsA8SC5w/pjLaOHI1xIZHquZzymWoN3Z
                            fz2CQg2r5o+AURYd74GrHhHqVa9VrdWtcimB+vTQQihoLt8YciehpJjOMpx2D66e
                            FfpC8ix31RRdjAVIo1y33h1yU3gEHePDbOthZE+lpXi2WJqO85H85LqJOtgn2WPI
                            3P2Tx32Cq1WXCYkxLaPI
</ds:X509Certificate>
                    </ds:X509Data>
                </ds:KeyInfo>
            </md:KeyDescriptor>
            <md:KeyDescriptor xmlns:ds="http://www.w3.org/2000/09/xmldsig#" use="encryption">
                <ds:KeyInfo>
                    <ds:X509Data>
                        <ds:X509Certificate>MIIDyzCCArOgAwIBAgIJAMzixtXMUH1NMA0GCSqGSIb3DQEBBQUAMHwxCzAJBgNV
                            BAYTAk5MMRAwDgYDVQQIDAdVdHJlY2h0MRAwDgYDVQQHDAdVdHJlY2h0MRUwEwYD
                            VQQKDAxTVVJGbmV0IEIuVi4xEzARBgNVBAsMClNVUkZjb25leHQxHTAbBgNVBAMM
                            FGVuZ2luZS5zdXJmY29uZXh0Lm5sMB4XDTExMDEyNDEwMTg1N1oXDTIxMDEyMzEw
                            MTg1N1owfDELMAkGA1UEBhMCTkwxEDAOBgNVBAgMB1V0cmVjaHQxEDAOBgNVBAcM
                            B1V0cmVjaHQxFTATBgNVBAoMDFNVUkZuZXQgQi5WLjETMBEGA1UECwwKU1VSRmNv
                            bmV4dDEdMBsGA1UEAwwUZW5naW5lLnN1cmZjb25leHQubmwwggEiMA0GCSqGSIb3
                            DQEBAQUAA4IBDwAwggEKAoIBAQDMJ6v+f3owS3KR5IXSil+3XFwGvCVeYx3jDOFK
                            AnwvXlDpTu+t730b8/spHtlopyJVAlb6qBIPN7R4TGTLqiu0zebYsYx/PtqCk5cb
                            u9qs3h+p2BBoTXVwXA/ZYi0tqtxp04hcNrRj1TAgLyC0S+KASTF+zzccAcjTBid5
                            EMioo+YllgSEobWJ4X33XVRqNrikAPDsNmDrdKUi257JSO2xhVIG5lbtmDaL5ORC
                            D56oRmVdp7VQTEQ3Yass8J5Rn+Ub6WmRBYeG+KzFBvtyBput2o0/gvtJn9L+NWeD
                            B0LyUPaUYG/X4GF14FcmFQfz7I5jBCNHtPcLJbPYbZKQNhz/AgMBAAGjUDBOMB0G
                            A1UdDgQWBBS9QqP8gtMM6nm4oYzNbgqhEDP1aDAfBgNVHSMEGDAWgBS9QqP8gtMM
                            6nm4oYzNbgqhEDP1aDAMBgNVHRMEBTADAQH/MA0GCSqGSIb3DQEBBQUAA4IBAQBH
                            2qyYwLwesIOxUTj+NJ0VXRBDH8VecNLiUUs9Np4x8A0pxLvlNnv5TdJAruEg1LSV
                            mAqqPUdAB2m7CKDeUVM9cwOB7vqelV2GNgOfevXi+DZRMffyyE8qyIcnTqvDOgcR
                            8qGTPSVT+SIsOkV9bYrjltrbnal7cJermsA8SC5w/pjLaOHI1xIZHquZzymWoN3Z
                            fz2CQg2r5o+AURYd74GrHhHqVa9VrdWtcimB+vTQQihoLt8YciehpJjOMpx2D66e
                            FfpC8ix31RRdjAVIo1y33h1yU3gEHePDbOthZE+lpXi2WJqO85H85LqJOtgn2WPI
                            3P2Tx32Cq1WXCYkxLaPI
</ds:X509Certificate>
                    </ds:X509Data>
                </ds:KeyInfo>
            </md:KeyDescriptor>
            <md:NameIDFormat>urn:oasis:names:tc:SAML:2.0:nameid-format:transient</md:NameIDFormat>
            <md:SingleSignOnService Binding="urn:oasis:names:tc:SAML:2.0:bindings:HTTP-Redirect" Location="https://engine.surfconext.nl/authentication/idp/single-sign-on/49fde5d36a6d526b4dc92b2c93a6d611"/>
        </md:IDPSSODescriptor>
    </md:EntityDescriptor>
    <md:EntityDescriptor validUntil="2013-01-30T11:03:12Z" entityID="http://adfs.nyenrode.nl/adfs/services/trust">
        <md:IDPSSODescriptor protocolSupportEnumeration="urn:oasis:names:tc:SAML:2.0:protocol">
            <md:Extensions>
                <mdui:UIInfo>
                    <mdui:Description xml:lang="nl">Nyenrode Business Universiteit</mdui:Description>
                    <mdui:Description xml:lang="en">Nyenrode Business Universiteit</mdui:Description>
                    <mdui:Logo height="30" width="108">https://wayf.surfnet.nl/federate/surfnet/img/logo/nyenrode.png</mdui:Logo>
                    <mdui:Keywords xml:lang="nl">Nyenrode Business Universiteit</mdui:Keywords>
                    <mdui:Keywords xml:lang="en">Nyenrode Business Universiteit</mdui:Keywords>
                </mdui:UIInfo>
            </md:Extensions>
            <md:KeyDescriptor xmlns:ds="http://www.w3.org/2000/09/xmldsig#" use="signing">
                <ds:KeyInfo>
                    <ds:X509Data>
                        <ds:X509Certificate>MIIDyzCCArOgAwIBAgIJAMzixtXMUH1NMA0GCSqGSIb3DQEBBQUAMHwxCzAJBgNV
                            BAYTAk5MMRAwDgYDVQQIDAdVdHJlY2h0MRAwDgYDVQQHDAdVdHJlY2h0MRUwEwYD
                            VQQKDAxTVVJGbmV0IEIuVi4xEzARBgNVBAsMClNVUkZjb25leHQxHTAbBgNVBAMM
                            FGVuZ2luZS5zdXJmY29uZXh0Lm5sMB4XDTExMDEyNDEwMTg1N1oXDTIxMDEyMzEw
                            MTg1N1owfDELMAkGA1UEBhMCTkwxEDAOBgNVBAgMB1V0cmVjaHQxEDAOBgNVBAcM
                            B1V0cmVjaHQxFTATBgNVBAoMDFNVUkZuZXQgQi5WLjETMBEGA1UECwwKU1VSRmNv
                            bmV4dDEdMBsGA1UEAwwUZW5naW5lLnN1cmZjb25leHQubmwwggEiMA0GCSqGSIb3
                            DQEBAQUAA4IBDwAwggEKAoIBAQDMJ6v+f3owS3KR5IXSil+3XFwGvCVeYx3jDOFK
                            AnwvXlDpTu+t730b8/spHtlopyJVAlb6qBIPN7R4TGTLqiu0zebYsYx/PtqCk5cb
                            u9qs3h+p2BBoTXVwXA/ZYi0tqtxp04hcNrRj1TAgLyC0S+KASTF+zzccAcjTBid5
                            EMioo+YllgSEobWJ4X33XVRqNrikAPDsNmDrdKUi257JSO2xhVIG5lbtmDaL5ORC
                            D56oRmVdp7VQTEQ3Yass8J5Rn+Ub6WmRBYeG+KzFBvtyBput2o0/gvtJn9L+NWeD
                            B0LyUPaUYG/X4GF14FcmFQfz7I5jBCNHtPcLJbPYbZKQNhz/AgMBAAGjUDBOMB0G
                            A1UdDgQWBBS9QqP8gtMM6nm4oYzNbgqhEDP1aDAfBgNVHSMEGDAWgBS9QqP8gtMM
                            6nm4oYzNbgqhEDP1aDAMBgNVHRMEBTADAQH/MA0GCSqGSIb3DQEBBQUAA4IBAQBH
                            2qyYwLwesIOxUTj+NJ0VXRBDH8VecNLiUUs9Np4x8A0pxLvlNnv5TdJAruEg1LSV
                            mAqqPUdAB2m7CKDeUVM9cwOB7vqelV2GNgOfevXi+DZRMffyyE8qyIcnTqvDOgcR
                            8qGTPSVT+SIsOkV9bYrjltrbnal7cJermsA8SC5w/pjLaOHI1xIZHquZzymWoN3Z
                            fz2CQg2r5o+AURYd74GrHhHqVa9VrdWtcimB+vTQQihoLt8YciehpJjOMpx2D66e
                            FfpC8ix31RRdjAVIo1y33h1yU3gEHePDbOthZE+lpXi2WJqO85H85LqJOtgn2WPI
                            3P2Tx32Cq1WXCYkxLaPI
</ds:X509Certificate>
                    </ds:X509Data>
                </ds:KeyInfo>
            </md:KeyDescriptor>
            <md:KeyDescriptor xmlns:ds="http://www.w3.org/2000/09/xmldsig#" use="encryption">
                <ds:KeyInfo>
                    <ds:X509Data>
                        <ds:X509Certificate>MIIDyzCCArOgAwIBAgIJAMzixtXMUH1NMA0GCSqGSIb3DQEBBQUAMHwxCzAJBgNV
                            BAYTAk5MMRAwDgYDVQQIDAdVdHJlY2h0MRAwDgYDVQQHDAdVdHJlY2h0MRUwEwYD
                            VQQKDAxTVVJGbmV0IEIuVi4xEzARBgNVBAsMClNVUkZjb25leHQxHTAbBgNVBAMM
                            FGVuZ2luZS5zdXJmY29uZXh0Lm5sMB4XDTExMDEyNDEwMTg1N1oXDTIxMDEyMzEw
                            MTg1N1owfDELMAkGA1UEBhMCTkwxEDAOBgNVBAgMB1V0cmVjaHQxEDAOBgNVBAcM
                            B1V0cmVjaHQxFTATBgNVBAoMDFNVUkZuZXQgQi5WLjETMBEGA1UECwwKU1VSRmNv
                            bmV4dDEdMBsGA1UEAwwUZW5naW5lLnN1cmZjb25leHQubmwwggEiMA0GCSqGSIb3
                            DQEBAQUAA4IBDwAwggEKAoIBAQDMJ6v+f3owS3KR5IXSil+3XFwGvCVeYx3jDOFK
                            AnwvXlDpTu+t730b8/spHtlopyJVAlb6qBIPN7R4TGTLqiu0zebYsYx/PtqCk5cb
                            u9qs3h+p2BBoTXVwXA/ZYi0tqtxp04hcNrRj1TAgLyC0S+KASTF+zzccAcjTBid5
                            EMioo+YllgSEobWJ4X33XVRqNrikAPDsNmDrdKUi257JSO2xhVIG5lbtmDaL5ORC
                            D56oRmVdp7VQTEQ3Yass8J5Rn+Ub6WmRBYeG+KzFBvtyBput2o0/gvtJn9L+NWeD
                            B0LyUPaUYG/X4GF14FcmFQfz7I5jBCNHtPcLJbPYbZKQNhz/AgMBAAGjUDBOMB0G
                            A1UdDgQWBBS9QqP8gtMM6nm4oYzNbgqhEDP1aDAfBgNVHSMEGDAWgBS9QqP8gtMM
                            6nm4oYzNbgqhEDP1aDAMBgNVHRMEBTADAQH/MA0GCSqGSIb3DQEBBQUAA4IBAQBH
                            2qyYwLwesIOxUTj+NJ0VXRBDH8VecNLiUUs9Np4x8A0pxLvlNnv5TdJAruEg1LSV
                            mAqqPUdAB2m7CKDeUVM9cwOB7vqelV2GNgOfevXi+DZRMffyyE8qyIcnTqvDOgcR
                            8qGTPSVT+SIsOkV9bYrjltrbnal7cJermsA8SC5w/pjLaOHI1xIZHquZzymWoN3Z
                            fz2CQg2r5o+AURYd74GrHhHqVa9VrdWtcimB+vTQQihoLt8YciehpJjOMpx2D66e
                            FfpC8ix31RRdjAVIo1y33h1yU3gEHePDbOthZE+lpXi2WJqO85H85LqJOtgn2WPI
                            3P2Tx32Cq1WXCYkxLaPI
</ds:X509Certificate>
                    </ds:X509Data>
                </ds:KeyInfo>
            </md:KeyDescriptor>
            <md:NameIDFormat>urn:oasis:names:tc:SAML:2.0:nameid-format:transient</md:NameIDFormat>
            <md:SingleSignOnService Binding="urn:oasis:names:tc:SAML:2.0:bindings:HTTP-Redirect" Location="https://engine.surfconext.nl/authentication/idp/single-sign-on/1b4fb215cb0d23d166a6c6ba765dd3aa"/>
        </md:IDPSSODescriptor>
    </md:EntityDescriptor>
    <md:EntityDescriptor validUntil="2013-01-30T11:03:12Z" entityID="https://fedlogin.ojh.nl/fed/idp">
        <md:IDPSSODescriptor protocolSupportEnumeration="urn:oasis:names:tc:SAML:2.0:protocol">
            <md:Extensions>
                <mdui:UIInfo>
                    <mdui:Description xml:lang="nl">Open Juridische Hogeschool</mdui:Description>
                    <mdui:Description xml:lang="en">Open Juridische Hogeschool</mdui:Description>
                    <mdui:Logo height="49" width="108">https://wayf.surfnet.nl/federate/surfnet/img/logo/ou-ojh.png</mdui:Logo>
                    <mdui:Keywords xml:lang="nl">Open Juridische Hogeschool OJH OU HBO</mdui:Keywords>
                    <mdui:Keywords xml:lang="en">Open Juridische Hogeschool OJH OU HBO</mdui:Keywords>
                </mdui:UIInfo>
            </md:Extensions>
            <md:KeyDescriptor xmlns:ds="http://www.w3.org/2000/09/xmldsig#" use="signing">
                <ds:KeyInfo>
                    <ds:X509Data>
                        <ds:X509Certificate>MIIDyzCCArOgAwIBAgIJAMzixtXMUH1NMA0GCSqGSIb3DQEBBQUAMHwxCzAJBgNV
                            BAYTAk5MMRAwDgYDVQQIDAdVdHJlY2h0MRAwDgYDVQQHDAdVdHJlY2h0MRUwEwYD
                            VQQKDAxTVVJGbmV0IEIuVi4xEzARBgNVBAsMClNVUkZjb25leHQxHTAbBgNVBAMM
                            FGVuZ2luZS5zdXJmY29uZXh0Lm5sMB4XDTExMDEyNDEwMTg1N1oXDTIxMDEyMzEw
                            MTg1N1owfDELMAkGA1UEBhMCTkwxEDAOBgNVBAgMB1V0cmVjaHQxEDAOBgNVBAcM
                            B1V0cmVjaHQxFTATBgNVBAoMDFNVUkZuZXQgQi5WLjETMBEGA1UECwwKU1VSRmNv
                            bmV4dDEdMBsGA1UEAwwUZW5naW5lLnN1cmZjb25leHQubmwwggEiMA0GCSqGSIb3
                            DQEBAQUAA4IBDwAwggEKAoIBAQDMJ6v+f3owS3KR5IXSil+3XFwGvCVeYx3jDOFK
                            AnwvXlDpTu+t730b8/spHtlopyJVAlb6qBIPN7R4TGTLqiu0zebYsYx/PtqCk5cb
                            u9qs3h+p2BBoTXVwXA/ZYi0tqtxp04hcNrRj1TAgLyC0S+KASTF+zzccAcjTBid5
                            EMioo+YllgSEobWJ4X33XVRqNrikAPDsNmDrdKUi257JSO2xhVIG5lbtmDaL5ORC
                            D56oRmVdp7VQTEQ3Yass8J5Rn+Ub6WmRBYeG+KzFBvtyBput2o0/gvtJn9L+NWeD
                            B0LyUPaUYG/X4GF14FcmFQfz7I5jBCNHtPcLJbPYbZKQNhz/AgMBAAGjUDBOMB0G
                            A1UdDgQWBBS9QqP8gtMM6nm4oYzNbgqhEDP1aDAfBgNVHSMEGDAWgBS9QqP8gtMM
                            6nm4oYzNbgqhEDP1aDAMBgNVHRMEBTADAQH/MA0GCSqGSIb3DQEBBQUAA4IBAQBH
                            2qyYwLwesIOxUTj+NJ0VXRBDH8VecNLiUUs9Np4x8A0pxLvlNnv5TdJAruEg1LSV
                            mAqqPUdAB2m7CKDeUVM9cwOB7vqelV2GNgOfevXi+DZRMffyyE8qyIcnTqvDOgcR
                            8qGTPSVT+SIsOkV9bYrjltrbnal7cJermsA8SC5w/pjLaOHI1xIZHquZzymWoN3Z
                            fz2CQg2r5o+AURYd74GrHhHqVa9VrdWtcimB+vTQQihoLt8YciehpJjOMpx2D66e
                            FfpC8ix31RRdjAVIo1y33h1yU3gEHePDbOthZE+lpXi2WJqO85H85LqJOtgn2WPI
                            3P2Tx32Cq1WXCYkxLaPI
</ds:X509Certificate>
                    </ds:X509Data>
                </ds:KeyInfo>
            </md:KeyDescriptor>
            <md:KeyDescriptor xmlns:ds="http://www.w3.org/2000/09/xmldsig#" use="encryption">
                <ds:KeyInfo>
                    <ds:X509Data>
                        <ds:X509Certificate>MIIDyzCCArOgAwIBAgIJAMzixtXMUH1NMA0GCSqGSIb3DQEBBQUAMHwxCzAJBgNV
                            BAYTAk5MMRAwDgYDVQQIDAdVdHJlY2h0MRAwDgYDVQQHDAdVdHJlY2h0MRUwEwYD
                            VQQKDAxTVVJGbmV0IEIuVi4xEzARBgNVBAsMClNVUkZjb25leHQxHTAbBgNVBAMM
                            FGVuZ2luZS5zdXJmY29uZXh0Lm5sMB4XDTExMDEyNDEwMTg1N1oXDTIxMDEyMzEw
                            MTg1N1owfDELMAkGA1UEBhMCTkwxEDAOBgNVBAgMB1V0cmVjaHQxEDAOBgNVBAcM
                            B1V0cmVjaHQxFTATBgNVBAoMDFNVUkZuZXQgQi5WLjETMBEGA1UECwwKU1VSRmNv
                            bmV4dDEdMBsGA1UEAwwUZW5naW5lLnN1cmZjb25leHQubmwwggEiMA0GCSqGSIb3
                            DQEBAQUAA4IBDwAwggEKAoIBAQDMJ6v+f3owS3KR5IXSil+3XFwGvCVeYx3jDOFK
                            AnwvXlDpTu+t730b8/spHtlopyJVAlb6qBIPN7R4TGTLqiu0zebYsYx/PtqCk5cb
                            u9qs3h+p2BBoTXVwXA/ZYi0tqtxp04hcNrRj1TAgLyC0S+KASTF+zzccAcjTBid5
                            EMioo+YllgSEobWJ4X33XVRqNrikAPDsNmDrdKUi257JSO2xhVIG5lbtmDaL5ORC
                            D56oRmVdp7VQTEQ3Yass8J5Rn+Ub6WmRBYeG+KzFBvtyBput2o0/gvtJn9L+NWeD
                            B0LyUPaUYG/X4GF14FcmFQfz7I5jBCNHtPcLJbPYbZKQNhz/AgMBAAGjUDBOMB0G
                            A1UdDgQWBBS9QqP8gtMM6nm4oYzNbgqhEDP1aDAfBgNVHSMEGDAWgBS9QqP8gtMM
                            6nm4oYzNbgqhEDP1aDAMBgNVHRMEBTADAQH/MA0GCSqGSIb3DQEBBQUAA4IBAQBH
                            2qyYwLwesIOxUTj+NJ0VXRBDH8VecNLiUUs9Np4x8A0pxLvlNnv5TdJAruEg1LSV
                            mAqqPUdAB2m7CKDeUVM9cwOB7vqelV2GNgOfevXi+DZRMffyyE8qyIcnTqvDOgcR
                            8qGTPSVT+SIsOkV9bYrjltrbnal7cJermsA8SC5w/pjLaOHI1xIZHquZzymWoN3Z
                            fz2CQg2r5o+AURYd74GrHhHqVa9VrdWtcimB+vTQQihoLt8YciehpJjOMpx2D66e
                            FfpC8ix31RRdjAVIo1y33h1yU3gEHePDbOthZE+lpXi2WJqO85H85LqJOtgn2WPI
                            3P2Tx32Cq1WXCYkxLaPI
</ds:X509Certificate>
                    </ds:X509Data>
                </ds:KeyInfo>
            </md:KeyDescriptor>
            <md:NameIDFormat>urn:oasis:names:tc:SAML:2.0:nameid-format:transient</md:NameIDFormat>
            <md:SingleSignOnService Binding="urn:oasis:names:tc:SAML:2.0:bindings:HTTP-Redirect" Location="https://engine.surfconext.nl/authentication/idp/single-sign-on/955ca43f9454cc8a2513af56d92c591c"/>
        </md:IDPSSODescriptor>
    </md:EntityDescriptor>
    <md:EntityDescriptor validUntil="2013-01-30T11:03:12Z" entityID="https://fedlogin.studienet.ou.nl">
        <md:IDPSSODescriptor protocolSupportEnumeration="urn:oasis:names:tc:SAML:2.0:protocol">
            <md:Extensions>
                <mdui:UIInfo>
                    <mdui:DisplayName xml:lang="en">Open Universiteit in the Netherlands</mdui:DisplayName>
                    <mdui:Description xml:lang="nl">Open Universiteit</mdui:Description>
                    <mdui:Description xml:lang="en">Open Universiteit</mdui:Description>
                    <mdui:Logo height="60" width="120">https://wayf.surfnet.nl/federate/surfnet/img/logo/ou.png</mdui:Logo>
                    <mdui:Keywords xml:lang="nl">Open Universiteit in the Netherlands OU</mdui:Keywords>
                    <mdui:Keywords xml:lang="en">Open Universiteit in the Netherlands OU</mdui:Keywords>
                </mdui:UIInfo>
            </md:Extensions>
            <md:KeyDescriptor xmlns:ds="http://www.w3.org/2000/09/xmldsig#" use="signing">
                <ds:KeyInfo>
                    <ds:X509Data>
                        <ds:X509Certificate>MIIDyzCCArOgAwIBAgIJAMzixtXMUH1NMA0GCSqGSIb3DQEBBQUAMHwxCzAJBgNV
                            BAYTAk5MMRAwDgYDVQQIDAdVdHJlY2h0MRAwDgYDVQQHDAdVdHJlY2h0MRUwEwYD
                            VQQKDAxTVVJGbmV0IEIuVi4xEzARBgNVBAsMClNVUkZjb25leHQxHTAbBgNVBAMM
                            FGVuZ2luZS5zdXJmY29uZXh0Lm5sMB4XDTExMDEyNDEwMTg1N1oXDTIxMDEyMzEw
                            MTg1N1owfDELMAkGA1UEBhMCTkwxEDAOBgNVBAgMB1V0cmVjaHQxEDAOBgNVBAcM
                            B1V0cmVjaHQxFTATBgNVBAoMDFNVUkZuZXQgQi5WLjETMBEGA1UECwwKU1VSRmNv
                            bmV4dDEdMBsGA1UEAwwUZW5naW5lLnN1cmZjb25leHQubmwwggEiMA0GCSqGSIb3
                            DQEBAQUAA4IBDwAwggEKAoIBAQDMJ6v+f3owS3KR5IXSil+3XFwGvCVeYx3jDOFK
                            AnwvXlDpTu+t730b8/spHtlopyJVAlb6qBIPN7R4TGTLqiu0zebYsYx/PtqCk5cb
                            u9qs3h+p2BBoTXVwXA/ZYi0tqtxp04hcNrRj1TAgLyC0S+KASTF+zzccAcjTBid5
                            EMioo+YllgSEobWJ4X33XVRqNrikAPDsNmDrdKUi257JSO2xhVIG5lbtmDaL5ORC
                            D56oRmVdp7VQTEQ3Yass8J5Rn+Ub6WmRBYeG+KzFBvtyBput2o0/gvtJn9L+NWeD
                            B0LyUPaUYG/X4GF14FcmFQfz7I5jBCNHtPcLJbPYbZKQNhz/AgMBAAGjUDBOMB0G
                            A1UdDgQWBBS9QqP8gtMM6nm4oYzNbgqhEDP1aDAfBgNVHSMEGDAWgBS9QqP8gtMM
                            6nm4oYzNbgqhEDP1aDAMBgNVHRMEBTADAQH/MA0GCSqGSIb3DQEBBQUAA4IBAQBH
                            2qyYwLwesIOxUTj+NJ0VXRBDH8VecNLiUUs9Np4x8A0pxLvlNnv5TdJAruEg1LSV
                            mAqqPUdAB2m7CKDeUVM9cwOB7vqelV2GNgOfevXi+DZRMffyyE8qyIcnTqvDOgcR
                            8qGTPSVT+SIsOkV9bYrjltrbnal7cJermsA8SC5w/pjLaOHI1xIZHquZzymWoN3Z
                            fz2CQg2r5o+AURYd74GrHhHqVa9VrdWtcimB+vTQQihoLt8YciehpJjOMpx2D66e
                            FfpC8ix31RRdjAVIo1y33h1yU3gEHePDbOthZE+lpXi2WJqO85H85LqJOtgn2WPI
                            3P2Tx32Cq1WXCYkxLaPI
</ds:X509Certificate>
                    </ds:X509Data>
                </ds:KeyInfo>
            </md:KeyDescriptor>
            <md:KeyDescriptor xmlns:ds="http://www.w3.org/2000/09/xmldsig#" use="encryption">
                <ds:KeyInfo>
                    <ds:X509Data>
                        <ds:X509Certificate>MIIDyzCCArOgAwIBAgIJAMzixtXMUH1NMA0GCSqGSIb3DQEBBQUAMHwxCzAJBgNV
                            BAYTAk5MMRAwDgYDVQQIDAdVdHJlY2h0MRAwDgYDVQQHDAdVdHJlY2h0MRUwEwYD
                            VQQKDAxTVVJGbmV0IEIuVi4xEzARBgNVBAsMClNVUkZjb25leHQxHTAbBgNVBAMM
                            FGVuZ2luZS5zdXJmY29uZXh0Lm5sMB4XDTExMDEyNDEwMTg1N1oXDTIxMDEyMzEw
                            MTg1N1owfDELMAkGA1UEBhMCTkwxEDAOBgNVBAgMB1V0cmVjaHQxEDAOBgNVBAcM
                            B1V0cmVjaHQxFTATBgNVBAoMDFNVUkZuZXQgQi5WLjETMBEGA1UECwwKU1VSRmNv
                            bmV4dDEdMBsGA1UEAwwUZW5naW5lLnN1cmZjb25leHQubmwwggEiMA0GCSqGSIb3
                            DQEBAQUAA4IBDwAwggEKAoIBAQDMJ6v+f3owS3KR5IXSil+3XFwGvCVeYx3jDOFK
                            AnwvXlDpTu+t730b8/spHtlopyJVAlb6qBIPN7R4TGTLqiu0zebYsYx/PtqCk5cb
                            u9qs3h+p2BBoTXVwXA/ZYi0tqtxp04hcNrRj1TAgLyC0S+KASTF+zzccAcjTBid5
                            EMioo+YllgSEobWJ4X33XVRqNrikAPDsNmDrdKUi257JSO2xhVIG5lbtmDaL5ORC
                            D56oRmVdp7VQTEQ3Yass8J5Rn+Ub6WmRBYeG+KzFBvtyBput2o0/gvtJn9L+NWeD
                            B0LyUPaUYG/X4GF14FcmFQfz7I5jBCNHtPcLJbPYbZKQNhz/AgMBAAGjUDBOMB0G
                            A1UdDgQWBBS9QqP8gtMM6nm4oYzNbgqhEDP1aDAfBgNVHSMEGDAWgBS9QqP8gtMM
                            6nm4oYzNbgqhEDP1aDAMBgNVHRMEBTADAQH/MA0GCSqGSIb3DQEBBQUAA4IBAQBH
                            2qyYwLwesIOxUTj+NJ0VXRBDH8VecNLiUUs9Np4x8A0pxLvlNnv5TdJAruEg1LSV
                            mAqqPUdAB2m7CKDeUVM9cwOB7vqelV2GNgOfevXi+DZRMffyyE8qyIcnTqvDOgcR
                            8qGTPSVT+SIsOkV9bYrjltrbnal7cJermsA8SC5w/pjLaOHI1xIZHquZzymWoN3Z
                            fz2CQg2r5o+AURYd74GrHhHqVa9VrdWtcimB+vTQQihoLt8YciehpJjOMpx2D66e
                            FfpC8ix31RRdjAVIo1y33h1yU3gEHePDbOthZE+lpXi2WJqO85H85LqJOtgn2WPI
                            3P2Tx32Cq1WXCYkxLaPI
</ds:X509Certificate>
                    </ds:X509Data>
                </ds:KeyInfo>
            </md:KeyDescriptor>
            <md:NameIDFormat>urn:oasis:names:tc:SAML:2.0:nameid-format:transient</md:NameIDFormat>
            <md:SingleSignOnService Binding="urn:oasis:names:tc:SAML:2.0:bindings:HTTP-Redirect" Location="https://engine.surfconext.nl/authentication/idp/single-sign-on/83f4a7d287f0e91e7d93e2f3867dbec5"/>
        </md:IDPSSODescriptor>
    </md:EntityDescriptor>
    <md:EntityDescriptor validUntil="2013-01-30T11:03:12Z" entityID="http://adfs1.oba.nl/adfs/services/trust">
        <md:IDPSSODescriptor protocolSupportEnumeration="urn:oasis:names:tc:SAML:2.0:protocol">
            <md:Extensions>
                <mdui:UIInfo>
                    <mdui:Description xml:lang="nl">Openbare Bibliotheek Amsterdam (OBA)</mdui:Description>
                    <mdui:Description xml:lang="en">Openbare Bibliotheek Amsterdam (OBA)</mdui:Description>
                    <mdui:Logo height="48" width="48">https://wayf.surfnet.nl/federate/surfnet/img/logo/oba.png</mdui:Logo>
                    <mdui:Keywords xml:lang="nl">Openbare Bibliotheek Amsterdam OBA</mdui:Keywords>
                    <mdui:Keywords xml:lang="en">Openbare Bibliotheek Amsterdam OBA</mdui:Keywords>
                </mdui:UIInfo>
            </md:Extensions>
            <md:KeyDescriptor xmlns:ds="http://www.w3.org/2000/09/xmldsig#" use="signing">
                <ds:KeyInfo>
                    <ds:X509Data>
                        <ds:X509Certificate>MIIDyzCCArOgAwIBAgIJAMzixtXMUH1NMA0GCSqGSIb3DQEBBQUAMHwxCzAJBgNV
                            BAYTAk5MMRAwDgYDVQQIDAdVdHJlY2h0MRAwDgYDVQQHDAdVdHJlY2h0MRUwEwYD
                            VQQKDAxTVVJGbmV0IEIuVi4xEzARBgNVBAsMClNVUkZjb25leHQxHTAbBgNVBAMM
                            FGVuZ2luZS5zdXJmY29uZXh0Lm5sMB4XDTExMDEyNDEwMTg1N1oXDTIxMDEyMzEw
                            MTg1N1owfDELMAkGA1UEBhMCTkwxEDAOBgNVBAgMB1V0cmVjaHQxEDAOBgNVBAcM
                            B1V0cmVjaHQxFTATBgNVBAoMDFNVUkZuZXQgQi5WLjETMBEGA1UECwwKU1VSRmNv
                            bmV4dDEdMBsGA1UEAwwUZW5naW5lLnN1cmZjb25leHQubmwwggEiMA0GCSqGSIb3
                            DQEBAQUAA4IBDwAwggEKAoIBAQDMJ6v+f3owS3KR5IXSil+3XFwGvCVeYx3jDOFK
                            AnwvXlDpTu+t730b8/spHtlopyJVAlb6qBIPN7R4TGTLqiu0zebYsYx/PtqCk5cb
                            u9qs3h+p2BBoTXVwXA/ZYi0tqtxp04hcNrRj1TAgLyC0S+KASTF+zzccAcjTBid5
                            EMioo+YllgSEobWJ4X33XVRqNrikAPDsNmDrdKUi257JSO2xhVIG5lbtmDaL5ORC
                            D56oRmVdp7VQTEQ3Yass8J5Rn+Ub6WmRBYeG+KzFBvtyBput2o0/gvtJn9L+NWeD
                            B0LyUPaUYG/X4GF14FcmFQfz7I5jBCNHtPcLJbPYbZKQNhz/AgMBAAGjUDBOMB0G
                            A1UdDgQWBBS9QqP8gtMM6nm4oYzNbgqhEDP1aDAfBgNVHSMEGDAWgBS9QqP8gtMM
                            6nm4oYzNbgqhEDP1aDAMBgNVHRMEBTADAQH/MA0GCSqGSIb3DQEBBQUAA4IBAQBH
                            2qyYwLwesIOxUTj+NJ0VXRBDH8VecNLiUUs9Np4x8A0pxLvlNnv5TdJAruEg1LSV
                            mAqqPUdAB2m7CKDeUVM9cwOB7vqelV2GNgOfevXi+DZRMffyyE8qyIcnTqvDOgcR
                            8qGTPSVT+SIsOkV9bYrjltrbnal7cJermsA8SC5w/pjLaOHI1xIZHquZzymWoN3Z
                            fz2CQg2r5o+AURYd74GrHhHqVa9VrdWtcimB+vTQQihoLt8YciehpJjOMpx2D66e
                            FfpC8ix31RRdjAVIo1y33h1yU3gEHePDbOthZE+lpXi2WJqO85H85LqJOtgn2WPI
                            3P2Tx32Cq1WXCYkxLaPI
</ds:X509Certificate>
                    </ds:X509Data>
                </ds:KeyInfo>
            </md:KeyDescriptor>
            <md:KeyDescriptor xmlns:ds="http://www.w3.org/2000/09/xmldsig#" use="encryption">
                <ds:KeyInfo>
                    <ds:X509Data>
                        <ds:X509Certificate>MIIDyzCCArOgAwIBAgIJAMzixtXMUH1NMA0GCSqGSIb3DQEBBQUAMHwxCzAJBgNV
                            BAYTAk5MMRAwDgYDVQQIDAdVdHJlY2h0MRAwDgYDVQQHDAdVdHJlY2h0MRUwEwYD
                            VQQKDAxTVVJGbmV0IEIuVi4xEzARBgNVBAsMClNVUkZjb25leHQxHTAbBgNVBAMM
                            FGVuZ2luZS5zdXJmY29uZXh0Lm5sMB4XDTExMDEyNDEwMTg1N1oXDTIxMDEyMzEw
                            MTg1N1owfDELMAkGA1UEBhMCTkwxEDAOBgNVBAgMB1V0cmVjaHQxEDAOBgNVBAcM
                            B1V0cmVjaHQxFTATBgNVBAoMDFNVUkZuZXQgQi5WLjETMBEGA1UECwwKU1VSRmNv
                            bmV4dDEdMBsGA1UEAwwUZW5naW5lLnN1cmZjb25leHQubmwwggEiMA0GCSqGSIb3
                            DQEBAQUAA4IBDwAwggEKAoIBAQDMJ6v+f3owS3KR5IXSil+3XFwGvCVeYx3jDOFK
                            AnwvXlDpTu+t730b8/spHtlopyJVAlb6qBIPN7R4TGTLqiu0zebYsYx/PtqCk5cb
                            u9qs3h+p2BBoTXVwXA/ZYi0tqtxp04hcNrRj1TAgLyC0S+KASTF+zzccAcjTBid5
                            EMioo+YllgSEobWJ4X33XVRqNrikAPDsNmDrdKUi257JSO2xhVIG5lbtmDaL5ORC
                            D56oRmVdp7VQTEQ3Yass8J5Rn+Ub6WmRBYeG+KzFBvtyBput2o0/gvtJn9L+NWeD
                            B0LyUPaUYG/X4GF14FcmFQfz7I5jBCNHtPcLJbPYbZKQNhz/AgMBAAGjUDBOMB0G
                            A1UdDgQWBBS9QqP8gtMM6nm4oYzNbgqhEDP1aDAfBgNVHSMEGDAWgBS9QqP8gtMM
                            6nm4oYzNbgqhEDP1aDAMBgNVHRMEBTADAQH/MA0GCSqGSIb3DQEBBQUAA4IBAQBH
                            2qyYwLwesIOxUTj+NJ0VXRBDH8VecNLiUUs9Np4x8A0pxLvlNnv5TdJAruEg1LSV
                            mAqqPUdAB2m7CKDeUVM9cwOB7vqelV2GNgOfevXi+DZRMffyyE8qyIcnTqvDOgcR
                            8qGTPSVT+SIsOkV9bYrjltrbnal7cJermsA8SC5w/pjLaOHI1xIZHquZzymWoN3Z
                            fz2CQg2r5o+AURYd74GrHhHqVa9VrdWtcimB+vTQQihoLt8YciehpJjOMpx2D66e
                            FfpC8ix31RRdjAVIo1y33h1yU3gEHePDbOthZE+lpXi2WJqO85H85LqJOtgn2WPI
                            3P2Tx32Cq1WXCYkxLaPI
</ds:X509Certificate>
                    </ds:X509Data>
                </ds:KeyInfo>
            </md:KeyDescriptor>
            <md:NameIDFormat>urn:oasis:names:tc:SAML:2.0:nameid-format:transient</md:NameIDFormat>
            <md:SingleSignOnService Binding="urn:oasis:names:tc:SAML:2.0:bindings:HTTP-Redirect" Location="https://engine.surfconext.nl/authentication/idp/single-sign-on/effd01c35b2da13885151fd82ac263a2"/>
        </md:IDPSSODescriptor>
    </md:EntityDescriptor>
    <md:EntityDescriptor validUntil="2013-01-30T11:03:12Z" entityID="http://tcs01.pbl.nl/adfs/services/trust">
        <md:IDPSSODescriptor protocolSupportEnumeration="urn:oasis:names:tc:SAML:2.0:protocol">
            <md:Extensions>
                <mdui:UIInfo>
                    <mdui:Description xml:lang="nl">Planbureau voor de Leefomgeving</mdui:Description>
                    <mdui:Description xml:lang="en">Planbureau voor de Leefomgeving</mdui:Description>
                    <mdui:Logo height="35" width="108">https://wayf.surfnet.nl/federate/surfnet/img/logo/pbl.png</mdui:Logo>
                    <mdui:Keywords xml:lang="nl">Research Planbureau voor de Leefomgeving PBL</mdui:Keywords>
                    <mdui:Keywords xml:lang="en">Research Planbureau voor de Leefomgeving PBL</mdui:Keywords>
                </mdui:UIInfo>
            </md:Extensions>
            <md:KeyDescriptor xmlns:ds="http://www.w3.org/2000/09/xmldsig#" use="signing">
                <ds:KeyInfo>
                    <ds:X509Data>
                        <ds:X509Certificate>MIIDyzCCArOgAwIBAgIJAMzixtXMUH1NMA0GCSqGSIb3DQEBBQUAMHwxCzAJBgNV
                            BAYTAk5MMRAwDgYDVQQIDAdVdHJlY2h0MRAwDgYDVQQHDAdVdHJlY2h0MRUwEwYD
                            VQQKDAxTVVJGbmV0IEIuVi4xEzARBgNVBAsMClNVUkZjb25leHQxHTAbBgNVBAMM
                            FGVuZ2luZS5zdXJmY29uZXh0Lm5sMB4XDTExMDEyNDEwMTg1N1oXDTIxMDEyMzEw
                            MTg1N1owfDELMAkGA1UEBhMCTkwxEDAOBgNVBAgMB1V0cmVjaHQxEDAOBgNVBAcM
                            B1V0cmVjaHQxFTATBgNVBAoMDFNVUkZuZXQgQi5WLjETMBEGA1UECwwKU1VSRmNv
                            bmV4dDEdMBsGA1UEAwwUZW5naW5lLnN1cmZjb25leHQubmwwggEiMA0GCSqGSIb3
                            DQEBAQUAA4IBDwAwggEKAoIBAQDMJ6v+f3owS3KR5IXSil+3XFwGvCVeYx3jDOFK
                            AnwvXlDpTu+t730b8/spHtlopyJVAlb6qBIPN7R4TGTLqiu0zebYsYx/PtqCk5cb
                            u9qs3h+p2BBoTXVwXA/ZYi0tqtxp04hcNrRj1TAgLyC0S+KASTF+zzccAcjTBid5
                            EMioo+YllgSEobWJ4X33XVRqNrikAPDsNmDrdKUi257JSO2xhVIG5lbtmDaL5ORC
                            D56oRmVdp7VQTEQ3Yass8J5Rn+Ub6WmRBYeG+KzFBvtyBput2o0/gvtJn9L+NWeD
                            B0LyUPaUYG/X4GF14FcmFQfz7I5jBCNHtPcLJbPYbZKQNhz/AgMBAAGjUDBOMB0G
                            A1UdDgQWBBS9QqP8gtMM6nm4oYzNbgqhEDP1aDAfBgNVHSMEGDAWgBS9QqP8gtMM
                            6nm4oYzNbgqhEDP1aDAMBgNVHRMEBTADAQH/MA0GCSqGSIb3DQEBBQUAA4IBAQBH
                            2qyYwLwesIOxUTj+NJ0VXRBDH8VecNLiUUs9Np4x8A0pxLvlNnv5TdJAruEg1LSV
                            mAqqPUdAB2m7CKDeUVM9cwOB7vqelV2GNgOfevXi+DZRMffyyE8qyIcnTqvDOgcR
                            8qGTPSVT+SIsOkV9bYrjltrbnal7cJermsA8SC5w/pjLaOHI1xIZHquZzymWoN3Z
                            fz2CQg2r5o+AURYd74GrHhHqVa9VrdWtcimB+vTQQihoLt8YciehpJjOMpx2D66e
                            FfpC8ix31RRdjAVIo1y33h1yU3gEHePDbOthZE+lpXi2WJqO85H85LqJOtgn2WPI
                            3P2Tx32Cq1WXCYkxLaPI
</ds:X509Certificate>
                    </ds:X509Data>
                </ds:KeyInfo>
            </md:KeyDescriptor>
            <md:KeyDescriptor xmlns:ds="http://www.w3.org/2000/09/xmldsig#" use="encryption">
                <ds:KeyInfo>
                    <ds:X509Data>
                        <ds:X509Certificate>MIIDyzCCArOgAwIBAgIJAMzixtXMUH1NMA0GCSqGSIb3DQEBBQUAMHwxCzAJBgNV
                            BAYTAk5MMRAwDgYDVQQIDAdVdHJlY2h0MRAwDgYDVQQHDAdVdHJlY2h0MRUwEwYD
                            VQQKDAxTVVJGbmV0IEIuVi4xEzARBgNVBAsMClNVUkZjb25leHQxHTAbBgNVBAMM
                            FGVuZ2luZS5zdXJmY29uZXh0Lm5sMB4XDTExMDEyNDEwMTg1N1oXDTIxMDEyMzEw
                            MTg1N1owfDELMAkGA1UEBhMCTkwxEDAOBgNVBAgMB1V0cmVjaHQxEDAOBgNVBAcM
                            B1V0cmVjaHQxFTATBgNVBAoMDFNVUkZuZXQgQi5WLjETMBEGA1UECwwKU1VSRmNv
                            bmV4dDEdMBsGA1UEAwwUZW5naW5lLnN1cmZjb25leHQubmwwggEiMA0GCSqGSIb3
                            DQEBAQUAA4IBDwAwggEKAoIBAQDMJ6v+f3owS3KR5IXSil+3XFwGvCVeYx3jDOFK
                            AnwvXlDpTu+t730b8/spHtlopyJVAlb6qBIPN7R4TGTLqiu0zebYsYx/PtqCk5cb
                            u9qs3h+p2BBoTXVwXA/ZYi0tqtxp04hcNrRj1TAgLyC0S+KASTF+zzccAcjTBid5
                            EMioo+YllgSEobWJ4X33XVRqNrikAPDsNmDrdKUi257JSO2xhVIG5lbtmDaL5ORC
                            D56oRmVdp7VQTEQ3Yass8J5Rn+Ub6WmRBYeG+KzFBvtyBput2o0/gvtJn9L+NWeD
                            B0LyUPaUYG/X4GF14FcmFQfz7I5jBCNHtPcLJbPYbZKQNhz/AgMBAAGjUDBOMB0G
                            A1UdDgQWBBS9QqP8gtMM6nm4oYzNbgqhEDP1aDAfBgNVHSMEGDAWgBS9QqP8gtMM
                            6nm4oYzNbgqhEDP1aDAMBgNVHRMEBTADAQH/MA0GCSqGSIb3DQEBBQUAA4IBAQBH
                            2qyYwLwesIOxUTj+NJ0VXRBDH8VecNLiUUs9Np4x8A0pxLvlNnv5TdJAruEg1LSV
                            mAqqPUdAB2m7CKDeUVM9cwOB7vqelV2GNgOfevXi+DZRMffyyE8qyIcnTqvDOgcR
                            8qGTPSVT+SIsOkV9bYrjltrbnal7cJermsA8SC5w/pjLaOHI1xIZHquZzymWoN3Z
                            fz2CQg2r5o+AURYd74GrHhHqVa9VrdWtcimB+vTQQihoLt8YciehpJjOMpx2D66e
                            FfpC8ix31RRdjAVIo1y33h1yU3gEHePDbOthZE+lpXi2WJqO85H85LqJOtgn2WPI
                            3P2Tx32Cq1WXCYkxLaPI
</ds:X509Certificate>
                    </ds:X509Data>
                </ds:KeyInfo>
            </md:KeyDescriptor>
            <md:NameIDFormat>urn:oasis:names:tc:SAML:2.0:nameid-format:transient</md:NameIDFormat>
            <md:SingleSignOnService Binding="urn:oasis:names:tc:SAML:2.0:bindings:HTTP-Redirect" Location="https://engine.surfconext.nl/authentication/idp/single-sign-on/4728f21300489b9ef2b9918990e4700a"/>
        </md:IDPSSODescriptor>
    </md:EntityDescriptor>
    <md:EntityDescriptor validUntil="2013-01-30T11:03:12Z" entityID="urn:federation:PolitieacademieADFS">
        <md:IDPSSODescriptor protocolSupportEnumeration="urn:oasis:names:tc:SAML:2.0:protocol">
            <md:Extensions>
                <mdui:UIInfo>
                    <mdui:DisplayName xml:lang="nl">Politieacademie</mdui:DisplayName>
                    <mdui:DisplayName xml:lang="en">Politieacademie</mdui:DisplayName>
                    <mdui:Description xml:lang="nl">Politieacademie</mdui:Description>
                    <mdui:Description xml:lang="en">Politieacademie</mdui:Description>
                    <mdui:Logo height="60" width="120">https://wayf.surfnet.nl/federate/surfnet/img/logo/politieacademie.png</mdui:Logo>
                    <mdui:Keywords xml:lang="nl">Politieacademie HBO</mdui:Keywords>
                    <mdui:Keywords xml:lang="en">Politieacademie HBO</mdui:Keywords>
                </mdui:UIInfo>
            </md:Extensions>
            <md:KeyDescriptor xmlns:ds="http://www.w3.org/2000/09/xmldsig#" use="signing">
                <ds:KeyInfo>
                    <ds:X509Data>
                        <ds:X509Certificate>MIIDyzCCArOgAwIBAgIJAMzixtXMUH1NMA0GCSqGSIb3DQEBBQUAMHwxCzAJBgNV
                            BAYTAk5MMRAwDgYDVQQIDAdVdHJlY2h0MRAwDgYDVQQHDAdVdHJlY2h0MRUwEwYD
                            VQQKDAxTVVJGbmV0IEIuVi4xEzARBgNVBAsMClNVUkZjb25leHQxHTAbBgNVBAMM
                            FGVuZ2luZS5zdXJmY29uZXh0Lm5sMB4XDTExMDEyNDEwMTg1N1oXDTIxMDEyMzEw
                            MTg1N1owfDELMAkGA1UEBhMCTkwxEDAOBgNVBAgMB1V0cmVjaHQxEDAOBgNVBAcM
                            B1V0cmVjaHQxFTATBgNVBAoMDFNVUkZuZXQgQi5WLjETMBEGA1UECwwKU1VSRmNv
                            bmV4dDEdMBsGA1UEAwwUZW5naW5lLnN1cmZjb25leHQubmwwggEiMA0GCSqGSIb3
                            DQEBAQUAA4IBDwAwggEKAoIBAQDMJ6v+f3owS3KR5IXSil+3XFwGvCVeYx3jDOFK
                            AnwvXlDpTu+t730b8/spHtlopyJVAlb6qBIPN7R4TGTLqiu0zebYsYx/PtqCk5cb
                            u9qs3h+p2BBoTXVwXA/ZYi0tqtxp04hcNrRj1TAgLyC0S+KASTF+zzccAcjTBid5
                            EMioo+YllgSEobWJ4X33XVRqNrikAPDsNmDrdKUi257JSO2xhVIG5lbtmDaL5ORC
                            D56oRmVdp7VQTEQ3Yass8J5Rn+Ub6WmRBYeG+KzFBvtyBput2o0/gvtJn9L+NWeD
                            B0LyUPaUYG/X4GF14FcmFQfz7I5jBCNHtPcLJbPYbZKQNhz/AgMBAAGjUDBOMB0G
                            A1UdDgQWBBS9QqP8gtMM6nm4oYzNbgqhEDP1aDAfBgNVHSMEGDAWgBS9QqP8gtMM
                            6nm4oYzNbgqhEDP1aDAMBgNVHRMEBTADAQH/MA0GCSqGSIb3DQEBBQUAA4IBAQBH
                            2qyYwLwesIOxUTj+NJ0VXRBDH8VecNLiUUs9Np4x8A0pxLvlNnv5TdJAruEg1LSV
                            mAqqPUdAB2m7CKDeUVM9cwOB7vqelV2GNgOfevXi+DZRMffyyE8qyIcnTqvDOgcR
                            8qGTPSVT+SIsOkV9bYrjltrbnal7cJermsA8SC5w/pjLaOHI1xIZHquZzymWoN3Z
                            fz2CQg2r5o+AURYd74GrHhHqVa9VrdWtcimB+vTQQihoLt8YciehpJjOMpx2D66e
                            FfpC8ix31RRdjAVIo1y33h1yU3gEHePDbOthZE+lpXi2WJqO85H85LqJOtgn2WPI
                            3P2Tx32Cq1WXCYkxLaPI
</ds:X509Certificate>
                    </ds:X509Data>
                </ds:KeyInfo>
            </md:KeyDescriptor>
            <md:KeyDescriptor xmlns:ds="http://www.w3.org/2000/09/xmldsig#" use="encryption">
                <ds:KeyInfo>
                    <ds:X509Data>
                        <ds:X509Certificate>MIIDyzCCArOgAwIBAgIJAMzixtXMUH1NMA0GCSqGSIb3DQEBBQUAMHwxCzAJBgNV
                            BAYTAk5MMRAwDgYDVQQIDAdVdHJlY2h0MRAwDgYDVQQHDAdVdHJlY2h0MRUwEwYD
                            VQQKDAxTVVJGbmV0IEIuVi4xEzARBgNVBAsMClNVUkZjb25leHQxHTAbBgNVBAMM
                            FGVuZ2luZS5zdXJmY29uZXh0Lm5sMB4XDTExMDEyNDEwMTg1N1oXDTIxMDEyMzEw
                            MTg1N1owfDELMAkGA1UEBhMCTkwxEDAOBgNVBAgMB1V0cmVjaHQxEDAOBgNVBAcM
                            B1V0cmVjaHQxFTATBgNVBAoMDFNVUkZuZXQgQi5WLjETMBEGA1UECwwKU1VSRmNv
                            bmV4dDEdMBsGA1UEAwwUZW5naW5lLnN1cmZjb25leHQubmwwggEiMA0GCSqGSIb3
                            DQEBAQUAA4IBDwAwggEKAoIBAQDMJ6v+f3owS3KR5IXSil+3XFwGvCVeYx3jDOFK
                            AnwvXlDpTu+t730b8/spHtlopyJVAlb6qBIPN7R4TGTLqiu0zebYsYx/PtqCk5cb
                            u9qs3h+p2BBoTXVwXA/ZYi0tqtxp04hcNrRj1TAgLyC0S+KASTF+zzccAcjTBid5
                            EMioo+YllgSEobWJ4X33XVRqNrikAPDsNmDrdKUi257JSO2xhVIG5lbtmDaL5ORC
                            D56oRmVdp7VQTEQ3Yass8J5Rn+Ub6WmRBYeG+KzFBvtyBput2o0/gvtJn9L+NWeD
                            B0LyUPaUYG/X4GF14FcmFQfz7I5jBCNHtPcLJbPYbZKQNhz/AgMBAAGjUDBOMB0G
                            A1UdDgQWBBS9QqP8gtMM6nm4oYzNbgqhEDP1aDAfBgNVHSMEGDAWgBS9QqP8gtMM
                            6nm4oYzNbgqhEDP1aDAMBgNVHRMEBTADAQH/MA0GCSqGSIb3DQEBBQUAA4IBAQBH
                            2qyYwLwesIOxUTj+NJ0VXRBDH8VecNLiUUs9Np4x8A0pxLvlNnv5TdJAruEg1LSV
                            mAqqPUdAB2m7CKDeUVM9cwOB7vqelV2GNgOfevXi+DZRMffyyE8qyIcnTqvDOgcR
                            8qGTPSVT+SIsOkV9bYrjltrbnal7cJermsA8SC5w/pjLaOHI1xIZHquZzymWoN3Z
                            fz2CQg2r5o+AURYd74GrHhHqVa9VrdWtcimB+vTQQihoLt8YciehpJjOMpx2D66e
                            FfpC8ix31RRdjAVIo1y33h1yU3gEHePDbOthZE+lpXi2WJqO85H85LqJOtgn2WPI
                            3P2Tx32Cq1WXCYkxLaPI
</ds:X509Certificate>
                    </ds:X509Data>
                </ds:KeyInfo>
            </md:KeyDescriptor>
            <md:NameIDFormat>urn:oasis:names:tc:SAML:2.0:nameid-format:transient</md:NameIDFormat>
            <md:SingleSignOnService Binding="urn:oasis:names:tc:SAML:2.0:bindings:HTTP-Redirect" Location="https://engine.surfconext.nl/authentication/idp/single-sign-on/9cc3c73b0cefbce0a733309c31563a3f"/>
        </md:IDPSSODescriptor>
    </md:EntityDescriptor>
    <md:EntityDescriptor validUntil="2013-01-30T11:03:12Z" entityID="http://fed.rijnijssel.nl/adfs/services/trust">
        <md:IDPSSODescriptor protocolSupportEnumeration="urn:oasis:names:tc:SAML:2.0:protocol">
            <md:Extensions>
                <mdui:UIInfo>
                    <mdui:DisplayName xml:lang="nl">Rijn IJssel</mdui:DisplayName>
                    <mdui:DisplayName xml:lang="en">Rijn IJssel</mdui:DisplayName>
                    <mdui:Description xml:lang="nl">Rijn IJssel</mdui:Description>
                    <mdui:Description xml:lang="en">Rijn IJssel</mdui:Description>
                    <mdui:Logo height="25" width="108">https://wayf.surfnet.nl/federate/surfnet/img/logo/rijnijssel.gif</mdui:Logo>
                    <mdui:Keywords xml:lang="nl">Rijn IJssel ROC MBO</mdui:Keywords>
                    <mdui:Keywords xml:lang="en">Rijn IJssel ROC MBO</mdui:Keywords>
                </mdui:UIInfo>
            </md:Extensions>
            <md:KeyDescriptor xmlns:ds="http://www.w3.org/2000/09/xmldsig#" use="signing">
                <ds:KeyInfo>
                    <ds:X509Data>
                        <ds:X509Certificate>MIIDyzCCArOgAwIBAgIJAMzixtXMUH1NMA0GCSqGSIb3DQEBBQUAMHwxCzAJBgNV
                            BAYTAk5MMRAwDgYDVQQIDAdVdHJlY2h0MRAwDgYDVQQHDAdVdHJlY2h0MRUwEwYD
                            VQQKDAxTVVJGbmV0IEIuVi4xEzARBgNVBAsMClNVUkZjb25leHQxHTAbBgNVBAMM
                            FGVuZ2luZS5zdXJmY29uZXh0Lm5sMB4XDTExMDEyNDEwMTg1N1oXDTIxMDEyMzEw
                            MTg1N1owfDELMAkGA1UEBhMCTkwxEDAOBgNVBAgMB1V0cmVjaHQxEDAOBgNVBAcM
                            B1V0cmVjaHQxFTATBgNVBAoMDFNVUkZuZXQgQi5WLjETMBEGA1UECwwKU1VSRmNv
                            bmV4dDEdMBsGA1UEAwwUZW5naW5lLnN1cmZjb25leHQubmwwggEiMA0GCSqGSIb3
                            DQEBAQUAA4IBDwAwggEKAoIBAQDMJ6v+f3owS3KR5IXSil+3XFwGvCVeYx3jDOFK
                            AnwvXlDpTu+t730b8/spHtlopyJVAlb6qBIPN7R4TGTLqiu0zebYsYx/PtqCk5cb
                            u9qs3h+p2BBoTXVwXA/ZYi0tqtxp04hcNrRj1TAgLyC0S+KASTF+zzccAcjTBid5
                            EMioo+YllgSEobWJ4X33XVRqNrikAPDsNmDrdKUi257JSO2xhVIG5lbtmDaL5ORC
                            D56oRmVdp7VQTEQ3Yass8J5Rn+Ub6WmRBYeG+KzFBvtyBput2o0/gvtJn9L+NWeD
                            B0LyUPaUYG/X4GF14FcmFQfz7I5jBCNHtPcLJbPYbZKQNhz/AgMBAAGjUDBOMB0G
                            A1UdDgQWBBS9QqP8gtMM6nm4oYzNbgqhEDP1aDAfBgNVHSMEGDAWgBS9QqP8gtMM
                            6nm4oYzNbgqhEDP1aDAMBgNVHRMEBTADAQH/MA0GCSqGSIb3DQEBBQUAA4IBAQBH
                            2qyYwLwesIOxUTj+NJ0VXRBDH8VecNLiUUs9Np4x8A0pxLvlNnv5TdJAruEg1LSV
                            mAqqPUdAB2m7CKDeUVM9cwOB7vqelV2GNgOfevXi+DZRMffyyE8qyIcnTqvDOgcR
                            8qGTPSVT+SIsOkV9bYrjltrbnal7cJermsA8SC5w/pjLaOHI1xIZHquZzymWoN3Z
                            fz2CQg2r5o+AURYd74GrHhHqVa9VrdWtcimB+vTQQihoLt8YciehpJjOMpx2D66e
                            FfpC8ix31RRdjAVIo1y33h1yU3gEHePDbOthZE+lpXi2WJqO85H85LqJOtgn2WPI
                            3P2Tx32Cq1WXCYkxLaPI
</ds:X509Certificate>
                    </ds:X509Data>
                </ds:KeyInfo>
            </md:KeyDescriptor>
            <md:KeyDescriptor xmlns:ds="http://www.w3.org/2000/09/xmldsig#" use="encryption">
                <ds:KeyInfo>
                    <ds:X509Data>
                        <ds:X509Certificate>MIIDyzCCArOgAwIBAgIJAMzixtXMUH1NMA0GCSqGSIb3DQEBBQUAMHwxCzAJBgNV
                            BAYTAk5MMRAwDgYDVQQIDAdVdHJlY2h0MRAwDgYDVQQHDAdVdHJlY2h0MRUwEwYD
                            VQQKDAxTVVJGbmV0IEIuVi4xEzARBgNVBAsMClNVUkZjb25leHQxHTAbBgNVBAMM
                            FGVuZ2luZS5zdXJmY29uZXh0Lm5sMB4XDTExMDEyNDEwMTg1N1oXDTIxMDEyMzEw
                            MTg1N1owfDELMAkGA1UEBhMCTkwxEDAOBgNVBAgMB1V0cmVjaHQxEDAOBgNVBAcM
                            B1V0cmVjaHQxFTATBgNVBAoMDFNVUkZuZXQgQi5WLjETMBEGA1UECwwKU1VSRmNv
                            bmV4dDEdMBsGA1UEAwwUZW5naW5lLnN1cmZjb25leHQubmwwggEiMA0GCSqGSIb3
                            DQEBAQUAA4IBDwAwggEKAoIBAQDMJ6v+f3owS3KR5IXSil+3XFwGvCVeYx3jDOFK
                            AnwvXlDpTu+t730b8/spHtlopyJVAlb6qBIPN7R4TGTLqiu0zebYsYx/PtqCk5cb
                            u9qs3h+p2BBoTXVwXA/ZYi0tqtxp04hcNrRj1TAgLyC0S+KASTF+zzccAcjTBid5
                            EMioo+YllgSEobWJ4X33XVRqNrikAPDsNmDrdKUi257JSO2xhVIG5lbtmDaL5ORC
                            D56oRmVdp7VQTEQ3Yass8J5Rn+Ub6WmRBYeG+KzFBvtyBput2o0/gvtJn9L+NWeD
                            B0LyUPaUYG/X4GF14FcmFQfz7I5jBCNHtPcLJbPYbZKQNhz/AgMBAAGjUDBOMB0G
                            A1UdDgQWBBS9QqP8gtMM6nm4oYzNbgqhEDP1aDAfBgNVHSMEGDAWgBS9QqP8gtMM
                            6nm4oYzNbgqhEDP1aDAMBgNVHRMEBTADAQH/MA0GCSqGSIb3DQEBBQUAA4IBAQBH
                            2qyYwLwesIOxUTj+NJ0VXRBDH8VecNLiUUs9Np4x8A0pxLvlNnv5TdJAruEg1LSV
                            mAqqPUdAB2m7CKDeUVM9cwOB7vqelV2GNgOfevXi+DZRMffyyE8qyIcnTqvDOgcR
                            8qGTPSVT+SIsOkV9bYrjltrbnal7cJermsA8SC5w/pjLaOHI1xIZHquZzymWoN3Z
                            fz2CQg2r5o+AURYd74GrHhHqVa9VrdWtcimB+vTQQihoLt8YciehpJjOMpx2D66e
                            FfpC8ix31RRdjAVIo1y33h1yU3gEHePDbOthZE+lpXi2WJqO85H85LqJOtgn2WPI
                            3P2Tx32Cq1WXCYkxLaPI
</ds:X509Certificate>
                    </ds:X509Data>
                </ds:KeyInfo>
            </md:KeyDescriptor>
            <md:NameIDFormat>urn:oasis:names:tc:SAML:2.0:nameid-format:transient</md:NameIDFormat>
            <md:SingleSignOnService Binding="urn:oasis:names:tc:SAML:2.0:bindings:HTTP-Redirect" Location="https://engine.surfconext.nl/authentication/idp/single-sign-on/cf5f5b0f5deb378bf7901265160ff62f"/>
        </md:IDPSSODescriptor>
    </md:EntityDescriptor>
    <md:EntityDescriptor validUntil="2013-01-30T11:03:12Z" entityID="http://adfs2prod.aventus.nl/adfs/services/trust">
        <md:IDPSSODescriptor protocolSupportEnumeration="urn:oasis:names:tc:SAML:2.0:protocol">
            <md:Extensions>
                <mdui:UIInfo>
                    <mdui:Description xml:lang="nl">ROC Aventus</mdui:Description>
                    <mdui:Description xml:lang="en">ROC Aventus</mdui:Description>
                    <mdui:Logo height="60" width="120">https://wayf.surfnet.nl/federate/surfnet/img/logo/aventus.png</mdui:Logo>
                    <mdui:Keywords xml:lang="nl">ROC Aventus MBO</mdui:Keywords>
                    <mdui:Keywords xml:lang="en">ROC Aventus MBO</mdui:Keywords>
                </mdui:UIInfo>
            </md:Extensions>
            <md:KeyDescriptor xmlns:ds="http://www.w3.org/2000/09/xmldsig#" use="signing">
                <ds:KeyInfo>
                    <ds:X509Data>
                        <ds:X509Certificate>MIIDyzCCArOgAwIBAgIJAMzixtXMUH1NMA0GCSqGSIb3DQEBBQUAMHwxCzAJBgNV
                            BAYTAk5MMRAwDgYDVQQIDAdVdHJlY2h0MRAwDgYDVQQHDAdVdHJlY2h0MRUwEwYD
                            VQQKDAxTVVJGbmV0IEIuVi4xEzARBgNVBAsMClNVUkZjb25leHQxHTAbBgNVBAMM
                            FGVuZ2luZS5zdXJmY29uZXh0Lm5sMB4XDTExMDEyNDEwMTg1N1oXDTIxMDEyMzEw
                            MTg1N1owfDELMAkGA1UEBhMCTkwxEDAOBgNVBAgMB1V0cmVjaHQxEDAOBgNVBAcM
                            B1V0cmVjaHQxFTATBgNVBAoMDFNVUkZuZXQgQi5WLjETMBEGA1UECwwKU1VSRmNv
                            bmV4dDEdMBsGA1UEAwwUZW5naW5lLnN1cmZjb25leHQubmwwggEiMA0GCSqGSIb3
                            DQEBAQUAA4IBDwAwggEKAoIBAQDMJ6v+f3owS3KR5IXSil+3XFwGvCVeYx3jDOFK
                            AnwvXlDpTu+t730b8/spHtlopyJVAlb6qBIPN7R4TGTLqiu0zebYsYx/PtqCk5cb
                            u9qs3h+p2BBoTXVwXA/ZYi0tqtxp04hcNrRj1TAgLyC0S+KASTF+zzccAcjTBid5
                            EMioo+YllgSEobWJ4X33XVRqNrikAPDsNmDrdKUi257JSO2xhVIG5lbtmDaL5ORC
                            D56oRmVdp7VQTEQ3Yass8J5Rn+Ub6WmRBYeG+KzFBvtyBput2o0/gvtJn9L+NWeD
                            B0LyUPaUYG/X4GF14FcmFQfz7I5jBCNHtPcLJbPYbZKQNhz/AgMBAAGjUDBOMB0G
                            A1UdDgQWBBS9QqP8gtMM6nm4oYzNbgqhEDP1aDAfBgNVHSMEGDAWgBS9QqP8gtMM
                            6nm4oYzNbgqhEDP1aDAMBgNVHRMEBTADAQH/MA0GCSqGSIb3DQEBBQUAA4IBAQBH
                            2qyYwLwesIOxUTj+NJ0VXRBDH8VecNLiUUs9Np4x8A0pxLvlNnv5TdJAruEg1LSV
                            mAqqPUdAB2m7CKDeUVM9cwOB7vqelV2GNgOfevXi+DZRMffyyE8qyIcnTqvDOgcR
                            8qGTPSVT+SIsOkV9bYrjltrbnal7cJermsA8SC5w/pjLaOHI1xIZHquZzymWoN3Z
                            fz2CQg2r5o+AURYd74GrHhHqVa9VrdWtcimB+vTQQihoLt8YciehpJjOMpx2D66e
                            FfpC8ix31RRdjAVIo1y33h1yU3gEHePDbOthZE+lpXi2WJqO85H85LqJOtgn2WPI
                            3P2Tx32Cq1WXCYkxLaPI
</ds:X509Certificate>
                    </ds:X509Data>
                </ds:KeyInfo>
            </md:KeyDescriptor>
            <md:KeyDescriptor xmlns:ds="http://www.w3.org/2000/09/xmldsig#" use="encryption">
                <ds:KeyInfo>
                    <ds:X509Data>
                        <ds:X509Certificate>MIIDyzCCArOgAwIBAgIJAMzixtXMUH1NMA0GCSqGSIb3DQEBBQUAMHwxCzAJBgNV
                            BAYTAk5MMRAwDgYDVQQIDAdVdHJlY2h0MRAwDgYDVQQHDAdVdHJlY2h0MRUwEwYD
                            VQQKDAxTVVJGbmV0IEIuVi4xEzARBgNVBAsMClNVUkZjb25leHQxHTAbBgNVBAMM
                            FGVuZ2luZS5zdXJmY29uZXh0Lm5sMB4XDTExMDEyNDEwMTg1N1oXDTIxMDEyMzEw
                            MTg1N1owfDELMAkGA1UEBhMCTkwxEDAOBgNVBAgMB1V0cmVjaHQxEDAOBgNVBAcM
                            B1V0cmVjaHQxFTATBgNVBAoMDFNVUkZuZXQgQi5WLjETMBEGA1UECwwKU1VSRmNv
                            bmV4dDEdMBsGA1UEAwwUZW5naW5lLnN1cmZjb25leHQubmwwggEiMA0GCSqGSIb3
                            DQEBAQUAA4IBDwAwggEKAoIBAQDMJ6v+f3owS3KR5IXSil+3XFwGvCVeYx3jDOFK
                            AnwvXlDpTu+t730b8/spHtlopyJVAlb6qBIPN7R4TGTLqiu0zebYsYx/PtqCk5cb
                            u9qs3h+p2BBoTXVwXA/ZYi0tqtxp04hcNrRj1TAgLyC0S+KASTF+zzccAcjTBid5
                            EMioo+YllgSEobWJ4X33XVRqNrikAPDsNmDrdKUi257JSO2xhVIG5lbtmDaL5ORC
                            D56oRmVdp7VQTEQ3Yass8J5Rn+Ub6WmRBYeG+KzFBvtyBput2o0/gvtJn9L+NWeD
                            B0LyUPaUYG/X4GF14FcmFQfz7I5jBCNHtPcLJbPYbZKQNhz/AgMBAAGjUDBOMB0G
                            A1UdDgQWBBS9QqP8gtMM6nm4oYzNbgqhEDP1aDAfBgNVHSMEGDAWgBS9QqP8gtMM
                            6nm4oYzNbgqhEDP1aDAMBgNVHRMEBTADAQH/MA0GCSqGSIb3DQEBBQUAA4IBAQBH
                            2qyYwLwesIOxUTj+NJ0VXRBDH8VecNLiUUs9Np4x8A0pxLvlNnv5TdJAruEg1LSV
                            mAqqPUdAB2m7CKDeUVM9cwOB7vqelV2GNgOfevXi+DZRMffyyE8qyIcnTqvDOgcR
                            8qGTPSVT+SIsOkV9bYrjltrbnal7cJermsA8SC5w/pjLaOHI1xIZHquZzymWoN3Z
                            fz2CQg2r5o+AURYd74GrHhHqVa9VrdWtcimB+vTQQihoLt8YciehpJjOMpx2D66e
                            FfpC8ix31RRdjAVIo1y33h1yU3gEHePDbOthZE+lpXi2WJqO85H85LqJOtgn2WPI
                            3P2Tx32Cq1WXCYkxLaPI
</ds:X509Certificate>
                    </ds:X509Data>
                </ds:KeyInfo>
            </md:KeyDescriptor>
            <md:NameIDFormat>urn:oasis:names:tc:SAML:2.0:nameid-format:transient</md:NameIDFormat>
            <md:SingleSignOnService Binding="urn:oasis:names:tc:SAML:2.0:bindings:HTTP-Redirect" Location="https://engine.surfconext.nl/authentication/idp/single-sign-on/6d2b9e04e943f721ccde0f28862cec4c"/>
        </md:IDPSSODescriptor>
    </md:EntityDescriptor>
    <md:EntityDescriptor validUntil="2013-01-30T11:03:12Z" entityID="http://adfs.gildeopleidingen.nl/adfs/services/trust">
        <md:IDPSSODescriptor protocolSupportEnumeration="urn:oasis:names:tc:SAML:2.0:protocol">
            <md:Extensions>
                <mdui:UIInfo>
                    <mdui:DisplayName xml:lang="nl">ROC Gilde Opleidingen</mdui:DisplayName>
                    <mdui:DisplayName xml:lang="en">ROC Gilde Opleidingen</mdui:DisplayName>
                    <mdui:Description xml:lang="nl">ROC Gilde Opleidingen</mdui:Description>
                    <mdui:Description xml:lang="en">ROC Gilde Opleidingen</mdui:Description>
                    <mdui:Logo height="60" width="120">https://wayf.surfnet.nl/federate/surfnet/img/logo/rocgilde.png</mdui:Logo>
                    <mdui:Keywords xml:lang="nl">ROC Gilde Opleidingen MBO</mdui:Keywords>
                    <mdui:Keywords xml:lang="en">ROC Gilde Opleidingen MBO</mdui:Keywords>
                </mdui:UIInfo>
            </md:Extensions>
            <md:KeyDescriptor xmlns:ds="http://www.w3.org/2000/09/xmldsig#" use="signing">
                <ds:KeyInfo>
                    <ds:X509Data>
                        <ds:X509Certificate>MIIDyzCCArOgAwIBAgIJAMzixtXMUH1NMA0GCSqGSIb3DQEBBQUAMHwxCzAJBgNV
                            BAYTAk5MMRAwDgYDVQQIDAdVdHJlY2h0MRAwDgYDVQQHDAdVdHJlY2h0MRUwEwYD
                            VQQKDAxTVVJGbmV0IEIuVi4xEzARBgNVBAsMClNVUkZjb25leHQxHTAbBgNVBAMM
                            FGVuZ2luZS5zdXJmY29uZXh0Lm5sMB4XDTExMDEyNDEwMTg1N1oXDTIxMDEyMzEw
                            MTg1N1owfDELMAkGA1UEBhMCTkwxEDAOBgNVBAgMB1V0cmVjaHQxEDAOBgNVBAcM
                            B1V0cmVjaHQxFTATBgNVBAoMDFNVUkZuZXQgQi5WLjETMBEGA1UECwwKU1VSRmNv
                            bmV4dDEdMBsGA1UEAwwUZW5naW5lLnN1cmZjb25leHQubmwwggEiMA0GCSqGSIb3
                            DQEBAQUAA4IBDwAwggEKAoIBAQDMJ6v+f3owS3KR5IXSil+3XFwGvCVeYx3jDOFK
                            AnwvXlDpTu+t730b8/spHtlopyJVAlb6qBIPN7R4TGTLqiu0zebYsYx/PtqCk5cb
                            u9qs3h+p2BBoTXVwXA/ZYi0tqtxp04hcNrRj1TAgLyC0S+KASTF+zzccAcjTBid5
                            EMioo+YllgSEobWJ4X33XVRqNrikAPDsNmDrdKUi257JSO2xhVIG5lbtmDaL5ORC
                            D56oRmVdp7VQTEQ3Yass8J5Rn+Ub6WmRBYeG+KzFBvtyBput2o0/gvtJn9L+NWeD
                            B0LyUPaUYG/X4GF14FcmFQfz7I5jBCNHtPcLJbPYbZKQNhz/AgMBAAGjUDBOMB0G
                            A1UdDgQWBBS9QqP8gtMM6nm4oYzNbgqhEDP1aDAfBgNVHSMEGDAWgBS9QqP8gtMM
                            6nm4oYzNbgqhEDP1aDAMBgNVHRMEBTADAQH/MA0GCSqGSIb3DQEBBQUAA4IBAQBH
                            2qyYwLwesIOxUTj+NJ0VXRBDH8VecNLiUUs9Np4x8A0pxLvlNnv5TdJAruEg1LSV
                            mAqqPUdAB2m7CKDeUVM9cwOB7vqelV2GNgOfevXi+DZRMffyyE8qyIcnTqvDOgcR
                            8qGTPSVT+SIsOkV9bYrjltrbnal7cJermsA8SC5w/pjLaOHI1xIZHquZzymWoN3Z
                            fz2CQg2r5o+AURYd74GrHhHqVa9VrdWtcimB+vTQQihoLt8YciehpJjOMpx2D66e
                            FfpC8ix31RRdjAVIo1y33h1yU3gEHePDbOthZE+lpXi2WJqO85H85LqJOtgn2WPI
                            3P2Tx32Cq1WXCYkxLaPI
</ds:X509Certificate>
                    </ds:X509Data>
                </ds:KeyInfo>
            </md:KeyDescriptor>
            <md:KeyDescriptor xmlns:ds="http://www.w3.org/2000/09/xmldsig#" use="encryption">
                <ds:KeyInfo>
                    <ds:X509Data>
                        <ds:X509Certificate>MIIDyzCCArOgAwIBAgIJAMzixtXMUH1NMA0GCSqGSIb3DQEBBQUAMHwxCzAJBgNV
                            BAYTAk5MMRAwDgYDVQQIDAdVdHJlY2h0MRAwDgYDVQQHDAdVdHJlY2h0MRUwEwYD
                            VQQKDAxTVVJGbmV0IEIuVi4xEzARBgNVBAsMClNVUkZjb25leHQxHTAbBgNVBAMM
                            FGVuZ2luZS5zdXJmY29uZXh0Lm5sMB4XDTExMDEyNDEwMTg1N1oXDTIxMDEyMzEw
                            MTg1N1owfDELMAkGA1UEBhMCTkwxEDAOBgNVBAgMB1V0cmVjaHQxEDAOBgNVBAcM
                            B1V0cmVjaHQxFTATBgNVBAoMDFNVUkZuZXQgQi5WLjETMBEGA1UECwwKU1VSRmNv
                            bmV4dDEdMBsGA1UEAwwUZW5naW5lLnN1cmZjb25leHQubmwwggEiMA0GCSqGSIb3
                            DQEBAQUAA4IBDwAwggEKAoIBAQDMJ6v+f3owS3KR5IXSil+3XFwGvCVeYx3jDOFK
                            AnwvXlDpTu+t730b8/spHtlopyJVAlb6qBIPN7R4TGTLqiu0zebYsYx/PtqCk5cb
                            u9qs3h+p2BBoTXVwXA/ZYi0tqtxp04hcNrRj1TAgLyC0S+KASTF+zzccAcjTBid5
                            EMioo+YllgSEobWJ4X33XVRqNrikAPDsNmDrdKUi257JSO2xhVIG5lbtmDaL5ORC
                            D56oRmVdp7VQTEQ3Yass8J5Rn+Ub6WmRBYeG+KzFBvtyBput2o0/gvtJn9L+NWeD
                            B0LyUPaUYG/X4GF14FcmFQfz7I5jBCNHtPcLJbPYbZKQNhz/AgMBAAGjUDBOMB0G
                            A1UdDgQWBBS9QqP8gtMM6nm4oYzNbgqhEDP1aDAfBgNVHSMEGDAWgBS9QqP8gtMM
                            6nm4oYzNbgqhEDP1aDAMBgNVHRMEBTADAQH/MA0GCSqGSIb3DQEBBQUAA4IBAQBH
                            2qyYwLwesIOxUTj+NJ0VXRBDH8VecNLiUUs9Np4x8A0pxLvlNnv5TdJAruEg1LSV
                            mAqqPUdAB2m7CKDeUVM9cwOB7vqelV2GNgOfevXi+DZRMffyyE8qyIcnTqvDOgcR
                            8qGTPSVT+SIsOkV9bYrjltrbnal7cJermsA8SC5w/pjLaOHI1xIZHquZzymWoN3Z
                            fz2CQg2r5o+AURYd74GrHhHqVa9VrdWtcimB+vTQQihoLt8YciehpJjOMpx2D66e
                            FfpC8ix31RRdjAVIo1y33h1yU3gEHePDbOthZE+lpXi2WJqO85H85LqJOtgn2WPI
                            3P2Tx32Cq1WXCYkxLaPI
</ds:X509Certificate>
                    </ds:X509Data>
                </ds:KeyInfo>
            </md:KeyDescriptor>
            <md:NameIDFormat>urn:oasis:names:tc:SAML:2.0:nameid-format:transient</md:NameIDFormat>
            <md:SingleSignOnService Binding="urn:oasis:names:tc:SAML:2.0:bindings:HTTP-Redirect" Location="https://engine.surfconext.nl/authentication/idp/single-sign-on/af08bb9b5f2408175d3bdda3ba537b95"/>
        </md:IDPSSODescriptor>
    </md:EntityDescriptor>
    <md:EntityDescriptor validUntil="2013-01-30T11:03:12Z" entityID="Saxion">
        <md:IDPSSODescriptor protocolSupportEnumeration="urn:oasis:names:tc:SAML:2.0:protocol">
            <md:Extensions>
                <mdui:UIInfo>
                    <mdui:DisplayName xml:lang="nl">Saxion Hogescholen</mdui:DisplayName>
                    <mdui:DisplayName xml:lang="en">Saxion University of Applied Sciences</mdui:DisplayName>
                    <mdui:Description xml:lang="nl">Saxion Hogescholen</mdui:Description>
                    <mdui:Description xml:lang="en">Saxion Hogescholen</mdui:Description>
                    <mdui:Logo height="60" width="120">https://wayf.surfnet.nl/federate/surfnet/img/logo/saxion.png</mdui:Logo>
                    <mdui:Keywords xml:lang="nl">Saxion University of Applied Sciences Hogescholen HBO</mdui:Keywords>
                    <mdui:Keywords xml:lang="en">Saxion University of Applied Sciences Hogescholen HBO</mdui:Keywords>
                </mdui:UIInfo>
            </md:Extensions>
            <md:KeyDescriptor xmlns:ds="http://www.w3.org/2000/09/xmldsig#" use="signing">
                <ds:KeyInfo>
                    <ds:X509Data>
                        <ds:X509Certificate>MIIDyzCCArOgAwIBAgIJAMzixtXMUH1NMA0GCSqGSIb3DQEBBQUAMHwxCzAJBgNV
                            BAYTAk5MMRAwDgYDVQQIDAdVdHJlY2h0MRAwDgYDVQQHDAdVdHJlY2h0MRUwEwYD
                            VQQKDAxTVVJGbmV0IEIuVi4xEzARBgNVBAsMClNVUkZjb25leHQxHTAbBgNVBAMM
                            FGVuZ2luZS5zdXJmY29uZXh0Lm5sMB4XDTExMDEyNDEwMTg1N1oXDTIxMDEyMzEw
                            MTg1N1owfDELMAkGA1UEBhMCTkwxEDAOBgNVBAgMB1V0cmVjaHQxEDAOBgNVBAcM
                            B1V0cmVjaHQxFTATBgNVBAoMDFNVUkZuZXQgQi5WLjETMBEGA1UECwwKU1VSRmNv
                            bmV4dDEdMBsGA1UEAwwUZW5naW5lLnN1cmZjb25leHQubmwwggEiMA0GCSqGSIb3
                            DQEBAQUAA4IBDwAwggEKAoIBAQDMJ6v+f3owS3KR5IXSil+3XFwGvCVeYx3jDOFK
                            AnwvXlDpTu+t730b8/spHtlopyJVAlb6qBIPN7R4TGTLqiu0zebYsYx/PtqCk5cb
                            u9qs3h+p2BBoTXVwXA/ZYi0tqtxp04hcNrRj1TAgLyC0S+KASTF+zzccAcjTBid5
                            EMioo+YllgSEobWJ4X33XVRqNrikAPDsNmDrdKUi257JSO2xhVIG5lbtmDaL5ORC
                            D56oRmVdp7VQTEQ3Yass8J5Rn+Ub6WmRBYeG+KzFBvtyBput2o0/gvtJn9L+NWeD
                            B0LyUPaUYG/X4GF14FcmFQfz7I5jBCNHtPcLJbPYbZKQNhz/AgMBAAGjUDBOMB0G
                            A1UdDgQWBBS9QqP8gtMM6nm4oYzNbgqhEDP1aDAfBgNVHSMEGDAWgBS9QqP8gtMM
                            6nm4oYzNbgqhEDP1aDAMBgNVHRMEBTADAQH/MA0GCSqGSIb3DQEBBQUAA4IBAQBH
                            2qyYwLwesIOxUTj+NJ0VXRBDH8VecNLiUUs9Np4x8A0pxLvlNnv5TdJAruEg1LSV
                            mAqqPUdAB2m7CKDeUVM9cwOB7vqelV2GNgOfevXi+DZRMffyyE8qyIcnTqvDOgcR
                            8qGTPSVT+SIsOkV9bYrjltrbnal7cJermsA8SC5w/pjLaOHI1xIZHquZzymWoN3Z
                            fz2CQg2r5o+AURYd74GrHhHqVa9VrdWtcimB+vTQQihoLt8YciehpJjOMpx2D66e
                            FfpC8ix31RRdjAVIo1y33h1yU3gEHePDbOthZE+lpXi2WJqO85H85LqJOtgn2WPI
                            3P2Tx32Cq1WXCYkxLaPI
</ds:X509Certificate>
                    </ds:X509Data>
                </ds:KeyInfo>
            </md:KeyDescriptor>
            <md:KeyDescriptor xmlns:ds="http://www.w3.org/2000/09/xmldsig#" use="encryption">
                <ds:KeyInfo>
                    <ds:X509Data>
                        <ds:X509Certificate>MIIDyzCCArOgAwIBAgIJAMzixtXMUH1NMA0GCSqGSIb3DQEBBQUAMHwxCzAJBgNV
                            BAYTAk5MMRAwDgYDVQQIDAdVdHJlY2h0MRAwDgYDVQQHDAdVdHJlY2h0MRUwEwYD
                            VQQKDAxTVVJGbmV0IEIuVi4xEzARBgNVBAsMClNVUkZjb25leHQxHTAbBgNVBAMM
                            FGVuZ2luZS5zdXJmY29uZXh0Lm5sMB4XDTExMDEyNDEwMTg1N1oXDTIxMDEyMzEw
                            MTg1N1owfDELMAkGA1UEBhMCTkwxEDAOBgNVBAgMB1V0cmVjaHQxEDAOBgNVBAcM
                            B1V0cmVjaHQxFTATBgNVBAoMDFNVUkZuZXQgQi5WLjETMBEGA1UECwwKU1VSRmNv
                            bmV4dDEdMBsGA1UEAwwUZW5naW5lLnN1cmZjb25leHQubmwwggEiMA0GCSqGSIb3
                            DQEBAQUAA4IBDwAwggEKAoIBAQDMJ6v+f3owS3KR5IXSil+3XFwGvCVeYx3jDOFK
                            AnwvXlDpTu+t730b8/spHtlopyJVAlb6qBIPN7R4TGTLqiu0zebYsYx/PtqCk5cb
                            u9qs3h+p2BBoTXVwXA/ZYi0tqtxp04hcNrRj1TAgLyC0S+KASTF+zzccAcjTBid5
                            EMioo+YllgSEobWJ4X33XVRqNrikAPDsNmDrdKUi257JSO2xhVIG5lbtmDaL5ORC
                            D56oRmVdp7VQTEQ3Yass8J5Rn+Ub6WmRBYeG+KzFBvtyBput2o0/gvtJn9L+NWeD
                            B0LyUPaUYG/X4GF14FcmFQfz7I5jBCNHtPcLJbPYbZKQNhz/AgMBAAGjUDBOMB0G
                            A1UdDgQWBBS9QqP8gtMM6nm4oYzNbgqhEDP1aDAfBgNVHSMEGDAWgBS9QqP8gtMM
                            6nm4oYzNbgqhEDP1aDAMBgNVHRMEBTADAQH/MA0GCSqGSIb3DQEBBQUAA4IBAQBH
                            2qyYwLwesIOxUTj+NJ0VXRBDH8VecNLiUUs9Np4x8A0pxLvlNnv5TdJAruEg1LSV
                            mAqqPUdAB2m7CKDeUVM9cwOB7vqelV2GNgOfevXi+DZRMffyyE8qyIcnTqvDOgcR
                            8qGTPSVT+SIsOkV9bYrjltrbnal7cJermsA8SC5w/pjLaOHI1xIZHquZzymWoN3Z
                            fz2CQg2r5o+AURYd74GrHhHqVa9VrdWtcimB+vTQQihoLt8YciehpJjOMpx2D66e
                            FfpC8ix31RRdjAVIo1y33h1yU3gEHePDbOthZE+lpXi2WJqO85H85LqJOtgn2WPI
                            3P2Tx32Cq1WXCYkxLaPI
</ds:X509Certificate>
                    </ds:X509Data>
                </ds:KeyInfo>
            </md:KeyDescriptor>
            <md:NameIDFormat>urn:oasis:names:tc:SAML:2.0:nameid-format:transient</md:NameIDFormat>
            <md:SingleSignOnService Binding="urn:oasis:names:tc:SAML:2.0:bindings:HTTP-Redirect" Location="https://engine.surfconext.nl/authentication/idp/single-sign-on/816b7f8e1b89fb775297443adce718a6"/>
        </md:IDPSSODescriptor>
    </md:EntityDescriptor>
    <md:EntityDescriptor validUntil="2013-01-30T11:03:12Z" entityID="https://fedlogin.schakelzone.nl/fed/idp">
        <md:IDPSSODescriptor protocolSupportEnumeration="urn:oasis:names:tc:SAML:2.0:protocol">
            <md:Extensions>
                <mdui:UIInfo>
                    <mdui:Description xml:lang="nl">Schakelzone Recht</mdui:Description>
                    <mdui:Description xml:lang="en">Schakelzone Recht</mdui:Description>
                    <mdui:Logo height="22" width="108">https://wayf.surfnet.nl/federate/surfnet/img/logo/ou-schakelzone.jpg</mdui:Logo>
                    <mdui:Keywords xml:lang="nl">Schakelzone Recht OU </mdui:Keywords>
                    <mdui:Keywords xml:lang="en">Schakelzone Recht OU </mdui:Keywords>
                </mdui:UIInfo>
            </md:Extensions>
            <md:KeyDescriptor xmlns:ds="http://www.w3.org/2000/09/xmldsig#" use="signing">
                <ds:KeyInfo>
                    <ds:X509Data>
                        <ds:X509Certificate>MIIDyzCCArOgAwIBAgIJAMzixtXMUH1NMA0GCSqGSIb3DQEBBQUAMHwxCzAJBgNV
                            BAYTAk5MMRAwDgYDVQQIDAdVdHJlY2h0MRAwDgYDVQQHDAdVdHJlY2h0MRUwEwYD
                            VQQKDAxTVVJGbmV0IEIuVi4xEzARBgNVBAsMClNVUkZjb25leHQxHTAbBgNVBAMM
                            FGVuZ2luZS5zdXJmY29uZXh0Lm5sMB4XDTExMDEyNDEwMTg1N1oXDTIxMDEyMzEw
                            MTg1N1owfDELMAkGA1UEBhMCTkwxEDAOBgNVBAgMB1V0cmVjaHQxEDAOBgNVBAcM
                            B1V0cmVjaHQxFTATBgNVBAoMDFNVUkZuZXQgQi5WLjETMBEGA1UECwwKU1VSRmNv
                            bmV4dDEdMBsGA1UEAwwUZW5naW5lLnN1cmZjb25leHQubmwwggEiMA0GCSqGSIb3
                            DQEBAQUAA4IBDwAwggEKAoIBAQDMJ6v+f3owS3KR5IXSil+3XFwGvCVeYx3jDOFK
                            AnwvXlDpTu+t730b8/spHtlopyJVAlb6qBIPN7R4TGTLqiu0zebYsYx/PtqCk5cb
                            u9qs3h+p2BBoTXVwXA/ZYi0tqtxp04hcNrRj1TAgLyC0S+KASTF+zzccAcjTBid5
                            EMioo+YllgSEobWJ4X33XVRqNrikAPDsNmDrdKUi257JSO2xhVIG5lbtmDaL5ORC
                            D56oRmVdp7VQTEQ3Yass8J5Rn+Ub6WmRBYeG+KzFBvtyBput2o0/gvtJn9L+NWeD
                            B0LyUPaUYG/X4GF14FcmFQfz7I5jBCNHtPcLJbPYbZKQNhz/AgMBAAGjUDBOMB0G
                            A1UdDgQWBBS9QqP8gtMM6nm4oYzNbgqhEDP1aDAfBgNVHSMEGDAWgBS9QqP8gtMM
                            6nm4oYzNbgqhEDP1aDAMBgNVHRMEBTADAQH/MA0GCSqGSIb3DQEBBQUAA4IBAQBH
                            2qyYwLwesIOxUTj+NJ0VXRBDH8VecNLiUUs9Np4x8A0pxLvlNnv5TdJAruEg1LSV
                            mAqqPUdAB2m7CKDeUVM9cwOB7vqelV2GNgOfevXi+DZRMffyyE8qyIcnTqvDOgcR
                            8qGTPSVT+SIsOkV9bYrjltrbnal7cJermsA8SC5w/pjLaOHI1xIZHquZzymWoN3Z
                            fz2CQg2r5o+AURYd74GrHhHqVa9VrdWtcimB+vTQQihoLt8YciehpJjOMpx2D66e
                            FfpC8ix31RRdjAVIo1y33h1yU3gEHePDbOthZE+lpXi2WJqO85H85LqJOtgn2WPI
                            3P2Tx32Cq1WXCYkxLaPI
</ds:X509Certificate>
                    </ds:X509Data>
                </ds:KeyInfo>
            </md:KeyDescriptor>
            <md:KeyDescriptor xmlns:ds="http://www.w3.org/2000/09/xmldsig#" use="encryption">
                <ds:KeyInfo>
                    <ds:X509Data>
                        <ds:X509Certificate>MIIDyzCCArOgAwIBAgIJAMzixtXMUH1NMA0GCSqGSIb3DQEBBQUAMHwxCzAJBgNV
                            BAYTAk5MMRAwDgYDVQQIDAdVdHJlY2h0MRAwDgYDVQQHDAdVdHJlY2h0MRUwEwYD
                            VQQKDAxTVVJGbmV0IEIuVi4xEzARBgNVBAsMClNVUkZjb25leHQxHTAbBgNVBAMM
                            FGVuZ2luZS5zdXJmY29uZXh0Lm5sMB4XDTExMDEyNDEwMTg1N1oXDTIxMDEyMzEw
                            MTg1N1owfDELMAkGA1UEBhMCTkwxEDAOBgNVBAgMB1V0cmVjaHQxEDAOBgNVBAcM
                            B1V0cmVjaHQxFTATBgNVBAoMDFNVUkZuZXQgQi5WLjETMBEGA1UECwwKU1VSRmNv
                            bmV4dDEdMBsGA1UEAwwUZW5naW5lLnN1cmZjb25leHQubmwwggEiMA0GCSqGSIb3
                            DQEBAQUAA4IBDwAwggEKAoIBAQDMJ6v+f3owS3KR5IXSil+3XFwGvCVeYx3jDOFK
                            AnwvXlDpTu+t730b8/spHtlopyJVAlb6qBIPN7R4TGTLqiu0zebYsYx/PtqCk5cb
                            u9qs3h+p2BBoTXVwXA/ZYi0tqtxp04hcNrRj1TAgLyC0S+KASTF+zzccAcjTBid5
                            EMioo+YllgSEobWJ4X33XVRqNrikAPDsNmDrdKUi257JSO2xhVIG5lbtmDaL5ORC
                            D56oRmVdp7VQTEQ3Yass8J5Rn+Ub6WmRBYeG+KzFBvtyBput2o0/gvtJn9L+NWeD
                            B0LyUPaUYG/X4GF14FcmFQfz7I5jBCNHtPcLJbPYbZKQNhz/AgMBAAGjUDBOMB0G
                            A1UdDgQWBBS9QqP8gtMM6nm4oYzNbgqhEDP1aDAfBgNVHSMEGDAWgBS9QqP8gtMM
                            6nm4oYzNbgqhEDP1aDAMBgNVHRMEBTADAQH/MA0GCSqGSIb3DQEBBQUAA4IBAQBH
                            2qyYwLwesIOxUTj+NJ0VXRBDH8VecNLiUUs9Np4x8A0pxLvlNnv5TdJAruEg1LSV
                            mAqqPUdAB2m7CKDeUVM9cwOB7vqelV2GNgOfevXi+DZRMffyyE8qyIcnTqvDOgcR
                            8qGTPSVT+SIsOkV9bYrjltrbnal7cJermsA8SC5w/pjLaOHI1xIZHquZzymWoN3Z
                            fz2CQg2r5o+AURYd74GrHhHqVa9VrdWtcimB+vTQQihoLt8YciehpJjOMpx2D66e
                            FfpC8ix31RRdjAVIo1y33h1yU3gEHePDbOthZE+lpXi2WJqO85H85LqJOtgn2WPI
                            3P2Tx32Cq1WXCYkxLaPI
</ds:X509Certificate>
                    </ds:X509Data>
                </ds:KeyInfo>
            </md:KeyDescriptor>
            <md:NameIDFormat>urn:oasis:names:tc:SAML:2.0:nameid-format:transient</md:NameIDFormat>
            <md:SingleSignOnService Binding="urn:oasis:names:tc:SAML:2.0:bindings:HTTP-Redirect" Location="https://engine.surfconext.nl/authentication/idp/single-sign-on/6a5a25fbcef39da5d25ea64bd34bf8e2"/>
        </md:IDPSSODescriptor>
    </md:EntityDescriptor>
    <md:EntityDescriptor validUntil="2013-01-30T11:03:12Z" entityID="https://idp.stenden.com/nidp/saml2/metadata">
        <md:IDPSSODescriptor protocolSupportEnumeration="urn:oasis:names:tc:SAML:2.0:protocol">
            <md:Extensions>
                <mdui:UIInfo>
                    <mdui:DisplayName xml:lang="nl">Stenden Hogeschool</mdui:DisplayName>
                    <mdui:DisplayName xml:lang="en">Stenden university of applied sciences</mdui:DisplayName>
                    <mdui:Description xml:lang="nl">Stenden Hogeschool</mdui:Description>
                    <mdui:Description xml:lang="en">Stenden Hogeschool</mdui:Description>
                    <mdui:Logo height="60" width="120">https://wayf.surfnet.nl/federate/surfnet/img/logo/stenden.png</mdui:Logo>
                    <mdui:Keywords xml:lang="nl">Stenden Hogeschool university of applied sciences HBO</mdui:Keywords>
                    <mdui:Keywords xml:lang="en">Stenden Hogeschool university of applied sciences HBO</mdui:Keywords>
                </mdui:UIInfo>
            </md:Extensions>
            <md:KeyDescriptor xmlns:ds="http://www.w3.org/2000/09/xmldsig#" use="signing">
                <ds:KeyInfo>
                    <ds:X509Data>
                        <ds:X509Certificate>MIIDyzCCArOgAwIBAgIJAMzixtXMUH1NMA0GCSqGSIb3DQEBBQUAMHwxCzAJBgNV
                            BAYTAk5MMRAwDgYDVQQIDAdVdHJlY2h0MRAwDgYDVQQHDAdVdHJlY2h0MRUwEwYD
                            VQQKDAxTVVJGbmV0IEIuVi4xEzARBgNVBAsMClNVUkZjb25leHQxHTAbBgNVBAMM
                            FGVuZ2luZS5zdXJmY29uZXh0Lm5sMB4XDTExMDEyNDEwMTg1N1oXDTIxMDEyMzEw
                            MTg1N1owfDELMAkGA1UEBhMCTkwxEDAOBgNVBAgMB1V0cmVjaHQxEDAOBgNVBAcM
                            B1V0cmVjaHQxFTATBgNVBAoMDFNVUkZuZXQgQi5WLjETMBEGA1UECwwKU1VSRmNv
                            bmV4dDEdMBsGA1UEAwwUZW5naW5lLnN1cmZjb25leHQubmwwggEiMA0GCSqGSIb3
                            DQEBAQUAA4IBDwAwggEKAoIBAQDMJ6v+f3owS3KR5IXSil+3XFwGvCVeYx3jDOFK
                            AnwvXlDpTu+t730b8/spHtlopyJVAlb6qBIPN7R4TGTLqiu0zebYsYx/PtqCk5cb
                            u9qs3h+p2BBoTXVwXA/ZYi0tqtxp04hcNrRj1TAgLyC0S+KASTF+zzccAcjTBid5
                            EMioo+YllgSEobWJ4X33XVRqNrikAPDsNmDrdKUi257JSO2xhVIG5lbtmDaL5ORC
                            D56oRmVdp7VQTEQ3Yass8J5Rn+Ub6WmRBYeG+KzFBvtyBput2o0/gvtJn9L+NWeD
                            B0LyUPaUYG/X4GF14FcmFQfz7I5jBCNHtPcLJbPYbZKQNhz/AgMBAAGjUDBOMB0G
                            A1UdDgQWBBS9QqP8gtMM6nm4oYzNbgqhEDP1aDAfBgNVHSMEGDAWgBS9QqP8gtMM
                            6nm4oYzNbgqhEDP1aDAMBgNVHRMEBTADAQH/MA0GCSqGSIb3DQEBBQUAA4IBAQBH
                            2qyYwLwesIOxUTj+NJ0VXRBDH8VecNLiUUs9Np4x8A0pxLvlNnv5TdJAruEg1LSV
                            mAqqPUdAB2m7CKDeUVM9cwOB7vqelV2GNgOfevXi+DZRMffyyE8qyIcnTqvDOgcR
                            8qGTPSVT+SIsOkV9bYrjltrbnal7cJermsA8SC5w/pjLaOHI1xIZHquZzymWoN3Z
                            fz2CQg2r5o+AURYd74GrHhHqVa9VrdWtcimB+vTQQihoLt8YciehpJjOMpx2D66e
                            FfpC8ix31RRdjAVIo1y33h1yU3gEHePDbOthZE+lpXi2WJqO85H85LqJOtgn2WPI
                            3P2Tx32Cq1WXCYkxLaPI
</ds:X509Certificate>
                    </ds:X509Data>
                </ds:KeyInfo>
            </md:KeyDescriptor>
            <md:KeyDescriptor xmlns:ds="http://www.w3.org/2000/09/xmldsig#" use="encryption">
                <ds:KeyInfo>
                    <ds:X509Data>
                        <ds:X509Certificate>MIIDyzCCArOgAwIBAgIJAMzixtXMUH1NMA0GCSqGSIb3DQEBBQUAMHwxCzAJBgNV
                            BAYTAk5MMRAwDgYDVQQIDAdVdHJlY2h0MRAwDgYDVQQHDAdVdHJlY2h0MRUwEwYD
                            VQQKDAxTVVJGbmV0IEIuVi4xEzARBgNVBAsMClNVUkZjb25leHQxHTAbBgNVBAMM
                            FGVuZ2luZS5zdXJmY29uZXh0Lm5sMB4XDTExMDEyNDEwMTg1N1oXDTIxMDEyMzEw
                            MTg1N1owfDELMAkGA1UEBhMCTkwxEDAOBgNVBAgMB1V0cmVjaHQxEDAOBgNVBAcM
                            B1V0cmVjaHQxFTATBgNVBAoMDFNVUkZuZXQgQi5WLjETMBEGA1UECwwKU1VSRmNv
                            bmV4dDEdMBsGA1UEAwwUZW5naW5lLnN1cmZjb25leHQubmwwggEiMA0GCSqGSIb3
                            DQEBAQUAA4IBDwAwggEKAoIBAQDMJ6v+f3owS3KR5IXSil+3XFwGvCVeYx3jDOFK
                            AnwvXlDpTu+t730b8/spHtlopyJVAlb6qBIPN7R4TGTLqiu0zebYsYx/PtqCk5cb
                            u9qs3h+p2BBoTXVwXA/ZYi0tqtxp04hcNrRj1TAgLyC0S+KASTF+zzccAcjTBid5
                            EMioo+YllgSEobWJ4X33XVRqNrikAPDsNmDrdKUi257JSO2xhVIG5lbtmDaL5ORC
                            D56oRmVdp7VQTEQ3Yass8J5Rn+Ub6WmRBYeG+KzFBvtyBput2o0/gvtJn9L+NWeD
                            B0LyUPaUYG/X4GF14FcmFQfz7I5jBCNHtPcLJbPYbZKQNhz/AgMBAAGjUDBOMB0G
                            A1UdDgQWBBS9QqP8gtMM6nm4oYzNbgqhEDP1aDAfBgNVHSMEGDAWgBS9QqP8gtMM
                            6nm4oYzNbgqhEDP1aDAMBgNVHRMEBTADAQH/MA0GCSqGSIb3DQEBBQUAA4IBAQBH
                            2qyYwLwesIOxUTj+NJ0VXRBDH8VecNLiUUs9Np4x8A0pxLvlNnv5TdJAruEg1LSV
                            mAqqPUdAB2m7CKDeUVM9cwOB7vqelV2GNgOfevXi+DZRMffyyE8qyIcnTqvDOgcR
                            8qGTPSVT+SIsOkV9bYrjltrbnal7cJermsA8SC5w/pjLaOHI1xIZHquZzymWoN3Z
                            fz2CQg2r5o+AURYd74GrHhHqVa9VrdWtcimB+vTQQihoLt8YciehpJjOMpx2D66e
                            FfpC8ix31RRdjAVIo1y33h1yU3gEHePDbOthZE+lpXi2WJqO85H85LqJOtgn2WPI
                            3P2Tx32Cq1WXCYkxLaPI
</ds:X509Certificate>
                    </ds:X509Data>
                </ds:KeyInfo>
            </md:KeyDescriptor>
            <md:NameIDFormat>urn:oasis:names:tc:SAML:2.0:nameid-format:transient</md:NameIDFormat>
            <md:SingleSignOnService Binding="urn:oasis:names:tc:SAML:2.0:bindings:HTTP-Redirect" Location="https://engine.surfconext.nl/authentication/idp/single-sign-on/3918d15fae84a0fa707efba15408ebd2"/>
        </md:IDPSSODescriptor>
    </md:EntityDescriptor>
    <md:EntityDescriptor validUntil="2013-01-30T11:03:12Z" entityID="http://adfs.stenden.com/adfs/services/trust">
        <md:IDPSSODescriptor protocolSupportEnumeration="urn:oasis:names:tc:SAML:2.0:protocol">
            <md:Extensions>
                <mdui:UIInfo>
                    <mdui:Description xml:lang="nl">Stenden Hogeschool (nieuw)</mdui:Description>
                    <mdui:Description xml:lang="en">Stenden Hogeschool (nieuw)</mdui:Description>
                    <mdui:Logo height="60" width="120">https://wayf.surfnet.nl/federate/surfnet/img/logo/stenden.png</mdui:Logo>
                    <mdui:Keywords xml:lang="nl">Stenden Hogeschool (nieuw) HBO</mdui:Keywords>
                    <mdui:Keywords xml:lang="en">Stenden Hogeschool (nieuw) HBO</mdui:Keywords>
                </mdui:UIInfo>
            </md:Extensions>
            <md:KeyDescriptor xmlns:ds="http://www.w3.org/2000/09/xmldsig#" use="signing">
                <ds:KeyInfo>
                    <ds:X509Data>
                        <ds:X509Certificate>MIIDyzCCArOgAwIBAgIJAMzixtXMUH1NMA0GCSqGSIb3DQEBBQUAMHwxCzAJBgNV
                            BAYTAk5MMRAwDgYDVQQIDAdVdHJlY2h0MRAwDgYDVQQHDAdVdHJlY2h0MRUwEwYD
                            VQQKDAxTVVJGbmV0IEIuVi4xEzARBgNVBAsMClNVUkZjb25leHQxHTAbBgNVBAMM
                            FGVuZ2luZS5zdXJmY29uZXh0Lm5sMB4XDTExMDEyNDEwMTg1N1oXDTIxMDEyMzEw
                            MTg1N1owfDELMAkGA1UEBhMCTkwxEDAOBgNVBAgMB1V0cmVjaHQxEDAOBgNVBAcM
                            B1V0cmVjaHQxFTATBgNVBAoMDFNVUkZuZXQgQi5WLjETMBEGA1UECwwKU1VSRmNv
                            bmV4dDEdMBsGA1UEAwwUZW5naW5lLnN1cmZjb25leHQubmwwggEiMA0GCSqGSIb3
                            DQEBAQUAA4IBDwAwggEKAoIBAQDMJ6v+f3owS3KR5IXSil+3XFwGvCVeYx3jDOFK
                            AnwvXlDpTu+t730b8/spHtlopyJVAlb6qBIPN7R4TGTLqiu0zebYsYx/PtqCk5cb
                            u9qs3h+p2BBoTXVwXA/ZYi0tqtxp04hcNrRj1TAgLyC0S+KASTF+zzccAcjTBid5
                            EMioo+YllgSEobWJ4X33XVRqNrikAPDsNmDrdKUi257JSO2xhVIG5lbtmDaL5ORC
                            D56oRmVdp7VQTEQ3Yass8J5Rn+Ub6WmRBYeG+KzFBvtyBput2o0/gvtJn9L+NWeD
                            B0LyUPaUYG/X4GF14FcmFQfz7I5jBCNHtPcLJbPYbZKQNhz/AgMBAAGjUDBOMB0G
                            A1UdDgQWBBS9QqP8gtMM6nm4oYzNbgqhEDP1aDAfBgNVHSMEGDAWgBS9QqP8gtMM
                            6nm4oYzNbgqhEDP1aDAMBgNVHRMEBTADAQH/MA0GCSqGSIb3DQEBBQUAA4IBAQBH
                            2qyYwLwesIOxUTj+NJ0VXRBDH8VecNLiUUs9Np4x8A0pxLvlNnv5TdJAruEg1LSV
                            mAqqPUdAB2m7CKDeUVM9cwOB7vqelV2GNgOfevXi+DZRMffyyE8qyIcnTqvDOgcR
                            8qGTPSVT+SIsOkV9bYrjltrbnal7cJermsA8SC5w/pjLaOHI1xIZHquZzymWoN3Z
                            fz2CQg2r5o+AURYd74GrHhHqVa9VrdWtcimB+vTQQihoLt8YciehpJjOMpx2D66e
                            FfpC8ix31RRdjAVIo1y33h1yU3gEHePDbOthZE+lpXi2WJqO85H85LqJOtgn2WPI
                            3P2Tx32Cq1WXCYkxLaPI
</ds:X509Certificate>
                    </ds:X509Data>
                </ds:KeyInfo>
            </md:KeyDescriptor>
            <md:KeyDescriptor xmlns:ds="http://www.w3.org/2000/09/xmldsig#" use="encryption">
                <ds:KeyInfo>
                    <ds:X509Data>
                        <ds:X509Certificate>MIIDyzCCArOgAwIBAgIJAMzixtXMUH1NMA0GCSqGSIb3DQEBBQUAMHwxCzAJBgNV
                            BAYTAk5MMRAwDgYDVQQIDAdVdHJlY2h0MRAwDgYDVQQHDAdVdHJlY2h0MRUwEwYD
                            VQQKDAxTVVJGbmV0IEIuVi4xEzARBgNVBAsMClNVUkZjb25leHQxHTAbBgNVBAMM
                            FGVuZ2luZS5zdXJmY29uZXh0Lm5sMB4XDTExMDEyNDEwMTg1N1oXDTIxMDEyMzEw
                            MTg1N1owfDELMAkGA1UEBhMCTkwxEDAOBgNVBAgMB1V0cmVjaHQxEDAOBgNVBAcM
                            B1V0cmVjaHQxFTATBgNVBAoMDFNVUkZuZXQgQi5WLjETMBEGA1UECwwKU1VSRmNv
                            bmV4dDEdMBsGA1UEAwwUZW5naW5lLnN1cmZjb25leHQubmwwggEiMA0GCSqGSIb3
                            DQEBAQUAA4IBDwAwggEKAoIBAQDMJ6v+f3owS3KR5IXSil+3XFwGvCVeYx3jDOFK
                            AnwvXlDpTu+t730b8/spHtlopyJVAlb6qBIPN7R4TGTLqiu0zebYsYx/PtqCk5cb
                            u9qs3h+p2BBoTXVwXA/ZYi0tqtxp04hcNrRj1TAgLyC0S+KASTF+zzccAcjTBid5
                            EMioo+YllgSEobWJ4X33XVRqNrikAPDsNmDrdKUi257JSO2xhVIG5lbtmDaL5ORC
                            D56oRmVdp7VQTEQ3Yass8J5Rn+Ub6WmRBYeG+KzFBvtyBput2o0/gvtJn9L+NWeD
                            B0LyUPaUYG/X4GF14FcmFQfz7I5jBCNHtPcLJbPYbZKQNhz/AgMBAAGjUDBOMB0G
                            A1UdDgQWBBS9QqP8gtMM6nm4oYzNbgqhEDP1aDAfBgNVHSMEGDAWgBS9QqP8gtMM
                            6nm4oYzNbgqhEDP1aDAMBgNVHRMEBTADAQH/MA0GCSqGSIb3DQEBBQUAA4IBAQBH
                            2qyYwLwesIOxUTj+NJ0VXRBDH8VecNLiUUs9Np4x8A0pxLvlNnv5TdJAruEg1LSV
                            mAqqPUdAB2m7CKDeUVM9cwOB7vqelV2GNgOfevXi+DZRMffyyE8qyIcnTqvDOgcR
                            8qGTPSVT+SIsOkV9bYrjltrbnal7cJermsA8SC5w/pjLaOHI1xIZHquZzymWoN3Z
                            fz2CQg2r5o+AURYd74GrHhHqVa9VrdWtcimB+vTQQihoLt8YciehpJjOMpx2D66e
                            FfpC8ix31RRdjAVIo1y33h1yU3gEHePDbOthZE+lpXi2WJqO85H85LqJOtgn2WPI
                            3P2Tx32Cq1WXCYkxLaPI
</ds:X509Certificate>
                    </ds:X509Data>
                </ds:KeyInfo>
            </md:KeyDescriptor>
            <md:NameIDFormat>urn:oasis:names:tc:SAML:2.0:nameid-format:transient</md:NameIDFormat>
            <md:SingleSignOnService Binding="urn:oasis:names:tc:SAML:2.0:bindings:HTTP-Redirect" Location="https://engine.surfconext.nl/authentication/idp/single-sign-on/ef5e1f05a6c81593b3167fc71dfbb001"/>
        </md:IDPSSODescriptor>
    </md:EntityDescriptor>
    <md:EntityDescriptor validUntil="2013-01-30T11:03:12Z" entityID="http://adfs.tue.nl/adfs/services/trust">
        <md:IDPSSODescriptor protocolSupportEnumeration="urn:oasis:names:tc:SAML:2.0:protocol">
            <md:Extensions>
                <mdui:UIInfo>
                    <mdui:DisplayName xml:lang="nl">Technische Universiteit Eindhoven</mdui:DisplayName>
                    <mdui:DisplayName xml:lang="en">Eindhoven University of Technology</mdui:DisplayName>
                    <mdui:Description xml:lang="nl">Technische Universiteit Eindhoven</mdui:Description>
                    <mdui:Description xml:lang="en">Technische Universiteit Eindhoven</mdui:Description>
                    <mdui:Logo height="60" width="120">https://wayf.surfnet.nl/federate/surfnet/img/logo/tue.png</mdui:Logo>
                    <mdui:Keywords xml:lang="nl">Eindhoven University of Technology Technische Universiteit Eindhoven TUE</mdui:Keywords>
                    <mdui:Keywords xml:lang="en">Eindhoven University of Technology Technische Universiteit Eindhoven TUE</mdui:Keywords>
                </mdui:UIInfo>
            </md:Extensions>
            <md:KeyDescriptor xmlns:ds="http://www.w3.org/2000/09/xmldsig#" use="signing">
                <ds:KeyInfo>
                    <ds:X509Data>
                        <ds:X509Certificate>MIIDyzCCArOgAwIBAgIJAMzixtXMUH1NMA0GCSqGSIb3DQEBBQUAMHwxCzAJBgNV
                            BAYTAk5MMRAwDgYDVQQIDAdVdHJlY2h0MRAwDgYDVQQHDAdVdHJlY2h0MRUwEwYD
                            VQQKDAxTVVJGbmV0IEIuVi4xEzARBgNVBAsMClNVUkZjb25leHQxHTAbBgNVBAMM
                            FGVuZ2luZS5zdXJmY29uZXh0Lm5sMB4XDTExMDEyNDEwMTg1N1oXDTIxMDEyMzEw
                            MTg1N1owfDELMAkGA1UEBhMCTkwxEDAOBgNVBAgMB1V0cmVjaHQxEDAOBgNVBAcM
                            B1V0cmVjaHQxFTATBgNVBAoMDFNVUkZuZXQgQi5WLjETMBEGA1UECwwKU1VSRmNv
                            bmV4dDEdMBsGA1UEAwwUZW5naW5lLnN1cmZjb25leHQubmwwggEiMA0GCSqGSIb3
                            DQEBAQUAA4IBDwAwggEKAoIBAQDMJ6v+f3owS3KR5IXSil+3XFwGvCVeYx3jDOFK
                            AnwvXlDpTu+t730b8/spHtlopyJVAlb6qBIPN7R4TGTLqiu0zebYsYx/PtqCk5cb
                            u9qs3h+p2BBoTXVwXA/ZYi0tqtxp04hcNrRj1TAgLyC0S+KASTF+zzccAcjTBid5
                            EMioo+YllgSEobWJ4X33XVRqNrikAPDsNmDrdKUi257JSO2xhVIG5lbtmDaL5ORC
                            D56oRmVdp7VQTEQ3Yass8J5Rn+Ub6WmRBYeG+KzFBvtyBput2o0/gvtJn9L+NWeD
                            B0LyUPaUYG/X4GF14FcmFQfz7I5jBCNHtPcLJbPYbZKQNhz/AgMBAAGjUDBOMB0G
                            A1UdDgQWBBS9QqP8gtMM6nm4oYzNbgqhEDP1aDAfBgNVHSMEGDAWgBS9QqP8gtMM
                            6nm4oYzNbgqhEDP1aDAMBgNVHRMEBTADAQH/MA0GCSqGSIb3DQEBBQUAA4IBAQBH
                            2qyYwLwesIOxUTj+NJ0VXRBDH8VecNLiUUs9Np4x8A0pxLvlNnv5TdJAruEg1LSV
                            mAqqPUdAB2m7CKDeUVM9cwOB7vqelV2GNgOfevXi+DZRMffyyE8qyIcnTqvDOgcR
                            8qGTPSVT+SIsOkV9bYrjltrbnal7cJermsA8SC5w/pjLaOHI1xIZHquZzymWoN3Z
                            fz2CQg2r5o+AURYd74GrHhHqVa9VrdWtcimB+vTQQihoLt8YciehpJjOMpx2D66e
                            FfpC8ix31RRdjAVIo1y33h1yU3gEHePDbOthZE+lpXi2WJqO85H85LqJOtgn2WPI
                            3P2Tx32Cq1WXCYkxLaPI
</ds:X509Certificate>
                    </ds:X509Data>
                </ds:KeyInfo>
            </md:KeyDescriptor>
            <md:KeyDescriptor xmlns:ds="http://www.w3.org/2000/09/xmldsig#" use="encryption">
                <ds:KeyInfo>
                    <ds:X509Data>
                        <ds:X509Certificate>MIIDyzCCArOgAwIBAgIJAMzixtXMUH1NMA0GCSqGSIb3DQEBBQUAMHwxCzAJBgNV
                            BAYTAk5MMRAwDgYDVQQIDAdVdHJlY2h0MRAwDgYDVQQHDAdVdHJlY2h0MRUwEwYD
                            VQQKDAxTVVJGbmV0IEIuVi4xEzARBgNVBAsMClNVUkZjb25leHQxHTAbBgNVBAMM
                            FGVuZ2luZS5zdXJmY29uZXh0Lm5sMB4XDTExMDEyNDEwMTg1N1oXDTIxMDEyMzEw
                            MTg1N1owfDELMAkGA1UEBhMCTkwxEDAOBgNVBAgMB1V0cmVjaHQxEDAOBgNVBAcM
                            B1V0cmVjaHQxFTATBgNVBAoMDFNVUkZuZXQgQi5WLjETMBEGA1UECwwKU1VSRmNv
                            bmV4dDEdMBsGA1UEAwwUZW5naW5lLnN1cmZjb25leHQubmwwggEiMA0GCSqGSIb3
                            DQEBAQUAA4IBDwAwggEKAoIBAQDMJ6v+f3owS3KR5IXSil+3XFwGvCVeYx3jDOFK
                            AnwvXlDpTu+t730b8/spHtlopyJVAlb6qBIPN7R4TGTLqiu0zebYsYx/PtqCk5cb
                            u9qs3h+p2BBoTXVwXA/ZYi0tqtxp04hcNrRj1TAgLyC0S+KASTF+zzccAcjTBid5
                            EMioo+YllgSEobWJ4X33XVRqNrikAPDsNmDrdKUi257JSO2xhVIG5lbtmDaL5ORC
                            D56oRmVdp7VQTEQ3Yass8J5Rn+Ub6WmRBYeG+KzFBvtyBput2o0/gvtJn9L+NWeD
                            B0LyUPaUYG/X4GF14FcmFQfz7I5jBCNHtPcLJbPYbZKQNhz/AgMBAAGjUDBOMB0G
                            A1UdDgQWBBS9QqP8gtMM6nm4oYzNbgqhEDP1aDAfBgNVHSMEGDAWgBS9QqP8gtMM
                            6nm4oYzNbgqhEDP1aDAMBgNVHRMEBTADAQH/MA0GCSqGSIb3DQEBBQUAA4IBAQBH
                            2qyYwLwesIOxUTj+NJ0VXRBDH8VecNLiUUs9Np4x8A0pxLvlNnv5TdJAruEg1LSV
                            mAqqPUdAB2m7CKDeUVM9cwOB7vqelV2GNgOfevXi+DZRMffyyE8qyIcnTqvDOgcR
                            8qGTPSVT+SIsOkV9bYrjltrbnal7cJermsA8SC5w/pjLaOHI1xIZHquZzymWoN3Z
                            fz2CQg2r5o+AURYd74GrHhHqVa9VrdWtcimB+vTQQihoLt8YciehpJjOMpx2D66e
                            FfpC8ix31RRdjAVIo1y33h1yU3gEHePDbOthZE+lpXi2WJqO85H85LqJOtgn2WPI
                            3P2Tx32Cq1WXCYkxLaPI
</ds:X509Certificate>
                    </ds:X509Data>
                </ds:KeyInfo>
            </md:KeyDescriptor>
            <md:NameIDFormat>urn:oasis:names:tc:SAML:2.0:nameid-format:transient</md:NameIDFormat>
            <md:SingleSignOnService Binding="urn:oasis:names:tc:SAML:2.0:bindings:HTTP-Redirect" Location="https://engine.surfconext.nl/authentication/idp/single-sign-on/094f85b774f9b4334638677b70d5755c"/>
        </md:IDPSSODescriptor>
    </md:EntityDescriptor>
    <md:EntityDescriptor validUntil="2013-01-30T11:03:12Z" entityID="http://fshub.umcutrecht.nl/adfs/services/trust">
        <md:IDPSSODescriptor protocolSupportEnumeration="urn:oasis:names:tc:SAML:2.0:protocol">
            <md:Extensions>
                <mdui:UIInfo>
                    <mdui:Description xml:lang="nl">Universitair Medisch Centrum Utrecht</mdui:Description>
                    <mdui:Description xml:lang="en">Universitair Medisch Centrum Utrecht</mdui:Description>
                    <mdui:Logo height="60" width="120">https://wayf.surfnet.nl/federate/surfnet/img/logo/umcu.jpg</mdui:Logo>
                    <mdui:Keywords xml:lang="nl">umcu umc Universitair Medisch Centrum Utrecht</mdui:Keywords>
                    <mdui:Keywords xml:lang="en">umcu umc Universitair Medisch Centrum Utrecht</mdui:Keywords>
                </mdui:UIInfo>
            </md:Extensions>
            <md:KeyDescriptor xmlns:ds="http://www.w3.org/2000/09/xmldsig#" use="signing">
                <ds:KeyInfo>
                    <ds:X509Data>
                        <ds:X509Certificate>MIIDyzCCArOgAwIBAgIJAMzixtXMUH1NMA0GCSqGSIb3DQEBBQUAMHwxCzAJBgNV
                            BAYTAk5MMRAwDgYDVQQIDAdVdHJlY2h0MRAwDgYDVQQHDAdVdHJlY2h0MRUwEwYD
                            VQQKDAxTVVJGbmV0IEIuVi4xEzARBgNVBAsMClNVUkZjb25leHQxHTAbBgNVBAMM
                            FGVuZ2luZS5zdXJmY29uZXh0Lm5sMB4XDTExMDEyNDEwMTg1N1oXDTIxMDEyMzEw
                            MTg1N1owfDELMAkGA1UEBhMCTkwxEDAOBgNVBAgMB1V0cmVjaHQxEDAOBgNVBAcM
                            B1V0cmVjaHQxFTATBgNVBAoMDFNVUkZuZXQgQi5WLjETMBEGA1UECwwKU1VSRmNv
                            bmV4dDEdMBsGA1UEAwwUZW5naW5lLnN1cmZjb25leHQubmwwggEiMA0GCSqGSIb3
                            DQEBAQUAA4IBDwAwggEKAoIBAQDMJ6v+f3owS3KR5IXSil+3XFwGvCVeYx3jDOFK
                            AnwvXlDpTu+t730b8/spHtlopyJVAlb6qBIPN7R4TGTLqiu0zebYsYx/PtqCk5cb
                            u9qs3h+p2BBoTXVwXA/ZYi0tqtxp04hcNrRj1TAgLyC0S+KASTF+zzccAcjTBid5
                            EMioo+YllgSEobWJ4X33XVRqNrikAPDsNmDrdKUi257JSO2xhVIG5lbtmDaL5ORC
                            D56oRmVdp7VQTEQ3Yass8J5Rn+Ub6WmRBYeG+KzFBvtyBput2o0/gvtJn9L+NWeD
                            B0LyUPaUYG/X4GF14FcmFQfz7I5jBCNHtPcLJbPYbZKQNhz/AgMBAAGjUDBOMB0G
                            A1UdDgQWBBS9QqP8gtMM6nm4oYzNbgqhEDP1aDAfBgNVHSMEGDAWgBS9QqP8gtMM
                            6nm4oYzNbgqhEDP1aDAMBgNVHRMEBTADAQH/MA0GCSqGSIb3DQEBBQUAA4IBAQBH
                            2qyYwLwesIOxUTj+NJ0VXRBDH8VecNLiUUs9Np4x8A0pxLvlNnv5TdJAruEg1LSV
                            mAqqPUdAB2m7CKDeUVM9cwOB7vqelV2GNgOfevXi+DZRMffyyE8qyIcnTqvDOgcR
                            8qGTPSVT+SIsOkV9bYrjltrbnal7cJermsA8SC5w/pjLaOHI1xIZHquZzymWoN3Z
                            fz2CQg2r5o+AURYd74GrHhHqVa9VrdWtcimB+vTQQihoLt8YciehpJjOMpx2D66e
                            FfpC8ix31RRdjAVIo1y33h1yU3gEHePDbOthZE+lpXi2WJqO85H85LqJOtgn2WPI
                            3P2Tx32Cq1WXCYkxLaPI
</ds:X509Certificate>
                    </ds:X509Data>
                </ds:KeyInfo>
            </md:KeyDescriptor>
            <md:KeyDescriptor xmlns:ds="http://www.w3.org/2000/09/xmldsig#" use="encryption">
                <ds:KeyInfo>
                    <ds:X509Data>
                        <ds:X509Certificate>MIIDyzCCArOgAwIBAgIJAMzixtXMUH1NMA0GCSqGSIb3DQEBBQUAMHwxCzAJBgNV
                            BAYTAk5MMRAwDgYDVQQIDAdVdHJlY2h0MRAwDgYDVQQHDAdVdHJlY2h0MRUwEwYD
                            VQQKDAxTVVJGbmV0IEIuVi4xEzARBgNVBAsMClNVUkZjb25leHQxHTAbBgNVBAMM
                            FGVuZ2luZS5zdXJmY29uZXh0Lm5sMB4XDTExMDEyNDEwMTg1N1oXDTIxMDEyMzEw
                            MTg1N1owfDELMAkGA1UEBhMCTkwxEDAOBgNVBAgMB1V0cmVjaHQxEDAOBgNVBAcM
                            B1V0cmVjaHQxFTATBgNVBAoMDFNVUkZuZXQgQi5WLjETMBEGA1UECwwKU1VSRmNv
                            bmV4dDEdMBsGA1UEAwwUZW5naW5lLnN1cmZjb25leHQubmwwggEiMA0GCSqGSIb3
                            DQEBAQUAA4IBDwAwggEKAoIBAQDMJ6v+f3owS3KR5IXSil+3XFwGvCVeYx3jDOFK
                            AnwvXlDpTu+t730b8/spHtlopyJVAlb6qBIPN7R4TGTLqiu0zebYsYx/PtqCk5cb
                            u9qs3h+p2BBoTXVwXA/ZYi0tqtxp04hcNrRj1TAgLyC0S+KASTF+zzccAcjTBid5
                            EMioo+YllgSEobWJ4X33XVRqNrikAPDsNmDrdKUi257JSO2xhVIG5lbtmDaL5ORC
                            D56oRmVdp7VQTEQ3Yass8J5Rn+Ub6WmRBYeG+KzFBvtyBput2o0/gvtJn9L+NWeD
                            B0LyUPaUYG/X4GF14FcmFQfz7I5jBCNHtPcLJbPYbZKQNhz/AgMBAAGjUDBOMB0G
                            A1UdDgQWBBS9QqP8gtMM6nm4oYzNbgqhEDP1aDAfBgNVHSMEGDAWgBS9QqP8gtMM
                            6nm4oYzNbgqhEDP1aDAMBgNVHRMEBTADAQH/MA0GCSqGSIb3DQEBBQUAA4IBAQBH
                            2qyYwLwesIOxUTj+NJ0VXRBDH8VecNLiUUs9Np4x8A0pxLvlNnv5TdJAruEg1LSV
                            mAqqPUdAB2m7CKDeUVM9cwOB7vqelV2GNgOfevXi+DZRMffyyE8qyIcnTqvDOgcR
                            8qGTPSVT+SIsOkV9bYrjltrbnal7cJermsA8SC5w/pjLaOHI1xIZHquZzymWoN3Z
                            fz2CQg2r5o+AURYd74GrHhHqVa9VrdWtcimB+vTQQihoLt8YciehpJjOMpx2D66e
                            FfpC8ix31RRdjAVIo1y33h1yU3gEHePDbOthZE+lpXi2WJqO85H85LqJOtgn2WPI
                            3P2Tx32Cq1WXCYkxLaPI
</ds:X509Certificate>
                    </ds:X509Data>
                </ds:KeyInfo>
            </md:KeyDescriptor>
            <md:NameIDFormat>urn:oasis:names:tc:SAML:2.0:nameid-format:transient</md:NameIDFormat>
            <md:SingleSignOnService Binding="urn:oasis:names:tc:SAML:2.0:bindings:HTTP-Redirect" Location="https://engine.surfconext.nl/authentication/idp/single-sign-on/1ac480997c95f75a7be5df8e19293d5d"/>
        </md:IDPSSODescriptor>
    </md:EntityDescriptor>
    <md:EntityDescriptor validUntil="2013-01-30T11:03:12Z" entityID="http://uu.nl/tempproxy/for/sharepoint/pilot">
        <md:IDPSSODescriptor protocolSupportEnumeration="urn:oasis:names:tc:SAML:2.0:protocol">
            <md:Extensions>
                <mdui:UIInfo>
                    <mdui:Description xml:lang="nl">Universiteit Utrecht (proxy)</mdui:Description>
                    <mdui:Description xml:lang="en">Universiteit Utrecht (proxy)</mdui:Description>
                    <mdui:Logo height="60" width="120">https://wayf.surfnet.nl/federate/surfnet/img/logo/uu.png</mdui:Logo>
                    <mdui:Keywords xml:lang="nl">Universiteit University Utrecht UU</mdui:Keywords>
                    <mdui:Keywords xml:lang="en">Universiteit University Utrecht UU</mdui:Keywords>
                </mdui:UIInfo>
            </md:Extensions>
            <md:KeyDescriptor xmlns:ds="http://www.w3.org/2000/09/xmldsig#" use="signing">
                <ds:KeyInfo>
                    <ds:X509Data>
                        <ds:X509Certificate>MIIDyzCCArOgAwIBAgIJAMzixtXMUH1NMA0GCSqGSIb3DQEBBQUAMHwxCzAJBgNV
                            BAYTAk5MMRAwDgYDVQQIDAdVdHJlY2h0MRAwDgYDVQQHDAdVdHJlY2h0MRUwEwYD
                            VQQKDAxTVVJGbmV0IEIuVi4xEzARBgNVBAsMClNVUkZjb25leHQxHTAbBgNVBAMM
                            FGVuZ2luZS5zdXJmY29uZXh0Lm5sMB4XDTExMDEyNDEwMTg1N1oXDTIxMDEyMzEw
                            MTg1N1owfDELMAkGA1UEBhMCTkwxEDAOBgNVBAgMB1V0cmVjaHQxEDAOBgNVBAcM
                            B1V0cmVjaHQxFTATBgNVBAoMDFNVUkZuZXQgQi5WLjETMBEGA1UECwwKU1VSRmNv
                            bmV4dDEdMBsGA1UEAwwUZW5naW5lLnN1cmZjb25leHQubmwwggEiMA0GCSqGSIb3
                            DQEBAQUAA4IBDwAwggEKAoIBAQDMJ6v+f3owS3KR5IXSil+3XFwGvCVeYx3jDOFK
                            AnwvXlDpTu+t730b8/spHtlopyJVAlb6qBIPN7R4TGTLqiu0zebYsYx/PtqCk5cb
                            u9qs3h+p2BBoTXVwXA/ZYi0tqtxp04hcNrRj1TAgLyC0S+KASTF+zzccAcjTBid5
                            EMioo+YllgSEobWJ4X33XVRqNrikAPDsNmDrdKUi257JSO2xhVIG5lbtmDaL5ORC
                            D56oRmVdp7VQTEQ3Yass8J5Rn+Ub6WmRBYeG+KzFBvtyBput2o0/gvtJn9L+NWeD
                            B0LyUPaUYG/X4GF14FcmFQfz7I5jBCNHtPcLJbPYbZKQNhz/AgMBAAGjUDBOMB0G
                            A1UdDgQWBBS9QqP8gtMM6nm4oYzNbgqhEDP1aDAfBgNVHSMEGDAWgBS9QqP8gtMM
                            6nm4oYzNbgqhEDP1aDAMBgNVHRMEBTADAQH/MA0GCSqGSIb3DQEBBQUAA4IBAQBH
                            2qyYwLwesIOxUTj+NJ0VXRBDH8VecNLiUUs9Np4x8A0pxLvlNnv5TdJAruEg1LSV
                            mAqqPUdAB2m7CKDeUVM9cwOB7vqelV2GNgOfevXi+DZRMffyyE8qyIcnTqvDOgcR
                            8qGTPSVT+SIsOkV9bYrjltrbnal7cJermsA8SC5w/pjLaOHI1xIZHquZzymWoN3Z
                            fz2CQg2r5o+AURYd74GrHhHqVa9VrdWtcimB+vTQQihoLt8YciehpJjOMpx2D66e
                            FfpC8ix31RRdjAVIo1y33h1yU3gEHePDbOthZE+lpXi2WJqO85H85LqJOtgn2WPI
                            3P2Tx32Cq1WXCYkxLaPI
</ds:X509Certificate>
                    </ds:X509Data>
                </ds:KeyInfo>
            </md:KeyDescriptor>
            <md:KeyDescriptor xmlns:ds="http://www.w3.org/2000/09/xmldsig#" use="encryption">
                <ds:KeyInfo>
                    <ds:X509Data>
                        <ds:X509Certificate>MIIDyzCCArOgAwIBAgIJAMzixtXMUH1NMA0GCSqGSIb3DQEBBQUAMHwxCzAJBgNV
                            BAYTAk5MMRAwDgYDVQQIDAdVdHJlY2h0MRAwDgYDVQQHDAdVdHJlY2h0MRUwEwYD
                            VQQKDAxTVVJGbmV0IEIuVi4xEzARBgNVBAsMClNVUkZjb25leHQxHTAbBgNVBAMM
                            FGVuZ2luZS5zdXJmY29uZXh0Lm5sMB4XDTExMDEyNDEwMTg1N1oXDTIxMDEyMzEw
                            MTg1N1owfDELMAkGA1UEBhMCTkwxEDAOBgNVBAgMB1V0cmVjaHQxEDAOBgNVBAcM
                            B1V0cmVjaHQxFTATBgNVBAoMDFNVUkZuZXQgQi5WLjETMBEGA1UECwwKU1VSRmNv
                            bmV4dDEdMBsGA1UEAwwUZW5naW5lLnN1cmZjb25leHQubmwwggEiMA0GCSqGSIb3
                            DQEBAQUAA4IBDwAwggEKAoIBAQDMJ6v+f3owS3KR5IXSil+3XFwGvCVeYx3jDOFK
                            AnwvXlDpTu+t730b8/spHtlopyJVAlb6qBIPN7R4TGTLqiu0zebYsYx/PtqCk5cb
                            u9qs3h+p2BBoTXVwXA/ZYi0tqtxp04hcNrRj1TAgLyC0S+KASTF+zzccAcjTBid5
                            EMioo+YllgSEobWJ4X33XVRqNrikAPDsNmDrdKUi257JSO2xhVIG5lbtmDaL5ORC
                            D56oRmVdp7VQTEQ3Yass8J5Rn+Ub6WmRBYeG+KzFBvtyBput2o0/gvtJn9L+NWeD
                            B0LyUPaUYG/X4GF14FcmFQfz7I5jBCNHtPcLJbPYbZKQNhz/AgMBAAGjUDBOMB0G
                            A1UdDgQWBBS9QqP8gtMM6nm4oYzNbgqhEDP1aDAfBgNVHSMEGDAWgBS9QqP8gtMM
                            6nm4oYzNbgqhEDP1aDAMBgNVHRMEBTADAQH/MA0GCSqGSIb3DQEBBQUAA4IBAQBH
                            2qyYwLwesIOxUTj+NJ0VXRBDH8VecNLiUUs9Np4x8A0pxLvlNnv5TdJAruEg1LSV
                            mAqqPUdAB2m7CKDeUVM9cwOB7vqelV2GNgOfevXi+DZRMffyyE8qyIcnTqvDOgcR
                            8qGTPSVT+SIsOkV9bYrjltrbnal7cJermsA8SC5w/pjLaOHI1xIZHquZzymWoN3Z
                            fz2CQg2r5o+AURYd74GrHhHqVa9VrdWtcimB+vTQQihoLt8YciehpJjOMpx2D66e
                            FfpC8ix31RRdjAVIo1y33h1yU3gEHePDbOthZE+lpXi2WJqO85H85LqJOtgn2WPI
                            3P2Tx32Cq1WXCYkxLaPI
</ds:X509Certificate>
                    </ds:X509Data>
                </ds:KeyInfo>
            </md:KeyDescriptor>
            <md:NameIDFormat>urn:oasis:names:tc:SAML:2.0:nameid-format:transient</md:NameIDFormat>
            <md:SingleSignOnService Binding="urn:oasis:names:tc:SAML:2.0:bindings:HTTP-Redirect" Location="https://engine.surfconext.nl/authentication/idp/single-sign-on/61e8b4c3f3cf550e6d6149942d0a406b"/>
        </md:IDPSSODescriptor>
    </md:EntityDescriptor>
    <md:EntityDescriptor validUntil="2013-01-30T11:03:12Z" entityID="http://federatie.zadkine.nl/adfs/services/trust">
        <md:IDPSSODescriptor protocolSupportEnumeration="urn:oasis:names:tc:SAML:2.0:protocol">
            <md:Extensions>
                <mdui:UIInfo>
                    <mdui:Description xml:lang="nl">Zadkine</mdui:Description>
                    <mdui:Description xml:lang="en">Zadkine</mdui:Description>
                    <mdui:Logo height="86" width="86">https://wayf.surfnet.nl/federate/surfnet/img/logo/zadkine.gif</mdui:Logo>
                    <mdui:Keywords xml:lang="nl">Zadkine ROC MBO</mdui:Keywords>
                    <mdui:Keywords xml:lang="en">Zadkine ROC MBO</mdui:Keywords>
                </mdui:UIInfo>
            </md:Extensions>
            <md:KeyDescriptor xmlns:ds="http://www.w3.org/2000/09/xmldsig#" use="signing">
                <ds:KeyInfo>
                    <ds:X509Data>
                        <ds:X509Certificate>MIIDyzCCArOgAwIBAgIJAMzixtXMUH1NMA0GCSqGSIb3DQEBBQUAMHwxCzAJBgNV
                            BAYTAk5MMRAwDgYDVQQIDAdVdHJlY2h0MRAwDgYDVQQHDAdVdHJlY2h0MRUwEwYD
                            VQQKDAxTVVJGbmV0IEIuVi4xEzARBgNVBAsMClNVUkZjb25leHQxHTAbBgNVBAMM
                            FGVuZ2luZS5zdXJmY29uZXh0Lm5sMB4XDTExMDEyNDEwMTg1N1oXDTIxMDEyMzEw
                            MTg1N1owfDELMAkGA1UEBhMCTkwxEDAOBgNVBAgMB1V0cmVjaHQxEDAOBgNVBAcM
                            B1V0cmVjaHQxFTATBgNVBAoMDFNVUkZuZXQgQi5WLjETMBEGA1UECwwKU1VSRmNv
                            bmV4dDEdMBsGA1UEAwwUZW5naW5lLnN1cmZjb25leHQubmwwggEiMA0GCSqGSIb3
                            DQEBAQUAA4IBDwAwggEKAoIBAQDMJ6v+f3owS3KR5IXSil+3XFwGvCVeYx3jDOFK
                            AnwvXlDpTu+t730b8/spHtlopyJVAlb6qBIPN7R4TGTLqiu0zebYsYx/PtqCk5cb
                            u9qs3h+p2BBoTXVwXA/ZYi0tqtxp04hcNrRj1TAgLyC0S+KASTF+zzccAcjTBid5
                            EMioo+YllgSEobWJ4X33XVRqNrikAPDsNmDrdKUi257JSO2xhVIG5lbtmDaL5ORC
                            D56oRmVdp7VQTEQ3Yass8J5Rn+Ub6WmRBYeG+KzFBvtyBput2o0/gvtJn9L+NWeD
                            B0LyUPaUYG/X4GF14FcmFQfz7I5jBCNHtPcLJbPYbZKQNhz/AgMBAAGjUDBOMB0G
                            A1UdDgQWBBS9QqP8gtMM6nm4oYzNbgqhEDP1aDAfBgNVHSMEGDAWgBS9QqP8gtMM
                            6nm4oYzNbgqhEDP1aDAMBgNVHRMEBTADAQH/MA0GCSqGSIb3DQEBBQUAA4IBAQBH
                            2qyYwLwesIOxUTj+NJ0VXRBDH8VecNLiUUs9Np4x8A0pxLvlNnv5TdJAruEg1LSV
                            mAqqPUdAB2m7CKDeUVM9cwOB7vqelV2GNgOfevXi+DZRMffyyE8qyIcnTqvDOgcR
                            8qGTPSVT+SIsOkV9bYrjltrbnal7cJermsA8SC5w/pjLaOHI1xIZHquZzymWoN3Z
                            fz2CQg2r5o+AURYd74GrHhHqVa9VrdWtcimB+vTQQihoLt8YciehpJjOMpx2D66e
                            FfpC8ix31RRdjAVIo1y33h1yU3gEHePDbOthZE+lpXi2WJqO85H85LqJOtgn2WPI
                            3P2Tx32Cq1WXCYkxLaPI
</ds:X509Certificate>
                    </ds:X509Data>
                </ds:KeyInfo>
            </md:KeyDescriptor>
            <md:KeyDescriptor xmlns:ds="http://www.w3.org/2000/09/xmldsig#" use="encryption">
                <ds:KeyInfo>
                    <ds:X509Data>
                        <ds:X509Certificate>MIIDyzCCArOgAwIBAgIJAMzixtXMUH1NMA0GCSqGSIb3DQEBBQUAMHwxCzAJBgNV
                            BAYTAk5MMRAwDgYDVQQIDAdVdHJlY2h0MRAwDgYDVQQHDAdVdHJlY2h0MRUwEwYD
                            VQQKDAxTVVJGbmV0IEIuVi4xEzARBgNVBAsMClNVUkZjb25leHQxHTAbBgNVBAMM
                            FGVuZ2luZS5zdXJmY29uZXh0Lm5sMB4XDTExMDEyNDEwMTg1N1oXDTIxMDEyMzEw
                            MTg1N1owfDELMAkGA1UEBhMCTkwxEDAOBgNVBAgMB1V0cmVjaHQxEDAOBgNVBAcM
                            B1V0cmVjaHQxFTATBgNVBAoMDFNVUkZuZXQgQi5WLjETMBEGA1UECwwKU1VSRmNv
                            bmV4dDEdMBsGA1UEAwwUZW5naW5lLnN1cmZjb25leHQubmwwggEiMA0GCSqGSIb3
                            DQEBAQUAA4IBDwAwggEKAoIBAQDMJ6v+f3owS3KR5IXSil+3XFwGvCVeYx3jDOFK
                            AnwvXlDpTu+t730b8/spHtlopyJVAlb6qBIPN7R4TGTLqiu0zebYsYx/PtqCk5cb
                            u9qs3h+p2BBoTXVwXA/ZYi0tqtxp04hcNrRj1TAgLyC0S+KASTF+zzccAcjTBid5
                            EMioo+YllgSEobWJ4X33XVRqNrikAPDsNmDrdKUi257JSO2xhVIG5lbtmDaL5ORC
                            D56oRmVdp7VQTEQ3Yass8J5Rn+Ub6WmRBYeG+KzFBvtyBput2o0/gvtJn9L+NWeD
                            B0LyUPaUYG/X4GF14FcmFQfz7I5jBCNHtPcLJbPYbZKQNhz/AgMBAAGjUDBOMB0G
                            A1UdDgQWBBS9QqP8gtMM6nm4oYzNbgqhEDP1aDAfBgNVHSMEGDAWgBS9QqP8gtMM
                            6nm4oYzNbgqhEDP1aDAMBgNVHRMEBTADAQH/MA0GCSqGSIb3DQEBBQUAA4IBAQBH
                            2qyYwLwesIOxUTj+NJ0VXRBDH8VecNLiUUs9Np4x8A0pxLvlNnv5TdJAruEg1LSV
                            mAqqPUdAB2m7CKDeUVM9cwOB7vqelV2GNgOfevXi+DZRMffyyE8qyIcnTqvDOgcR
                            8qGTPSVT+SIsOkV9bYrjltrbnal7cJermsA8SC5w/pjLaOHI1xIZHquZzymWoN3Z
                            fz2CQg2r5o+AURYd74GrHhHqVa9VrdWtcimB+vTQQihoLt8YciehpJjOMpx2D66e
                            FfpC8ix31RRdjAVIo1y33h1yU3gEHePDbOthZE+lpXi2WJqO85H85LqJOtgn2WPI
                            3P2Tx32Cq1WXCYkxLaPI
</ds:X509Certificate>
                    </ds:X509Data>
                </ds:KeyInfo>
            </md:KeyDescriptor>
            <md:NameIDFormat>urn:oasis:names:tc:SAML:2.0:nameid-format:transient</md:NameIDFormat>
            <md:SingleSignOnService Binding="urn:oasis:names:tc:SAML:2.0:bindings:HTTP-Redirect" Location="https://engine.surfconext.nl/authentication/idp/single-sign-on/72a7348dc0a60bef720e5b233b60ef56"/>
        </md:IDPSSODescriptor>
    </md:EntityDescriptor>
    <md:EntityDescriptor validUntil="2013-01-30T11:03:12Z" entityID="zeeuwsebibliotheek.nl">
        <md:IDPSSODescriptor protocolSupportEnumeration="urn:oasis:names:tc:SAML:2.0:protocol">
            <md:Extensions>
                <mdui:UIInfo>
                    <mdui:Description xml:lang="nl">Zeeuwse Bibliotheek</mdui:Description>
                    <mdui:Description xml:lang="en">Zeeuwse Bibliotheek</mdui:Description>
                    <mdui:Logo height="48" width="76">https://wayf.surfnet.nl/federate/surfnet/img/logo/zeeuwsebibliotheek.png</mdui:Logo>
                    <mdui:Keywords xml:lang="nl">Bibliotheek Zeeland Zeeuwse ZEBI</mdui:Keywords>
                    <mdui:Keywords xml:lang="en">Bibliotheek Zeeland Zeeuwse ZEBI</mdui:Keywords>
                </mdui:UIInfo>
            </md:Extensions>
            <md:KeyDescriptor xmlns:ds="http://www.w3.org/2000/09/xmldsig#" use="signing">
                <ds:KeyInfo>
                    <ds:X509Data>
                        <ds:X509Certificate>MIIDyzCCArOgAwIBAgIJAMzixtXMUH1NMA0GCSqGSIb3DQEBBQUAMHwxCzAJBgNV
                            BAYTAk5MMRAwDgYDVQQIDAdVdHJlY2h0MRAwDgYDVQQHDAdVdHJlY2h0MRUwEwYD
                            VQQKDAxTVVJGbmV0IEIuVi4xEzARBgNVBAsMClNVUkZjb25leHQxHTAbBgNVBAMM
                            FGVuZ2luZS5zdXJmY29uZXh0Lm5sMB4XDTExMDEyNDEwMTg1N1oXDTIxMDEyMzEw
                            MTg1N1owfDELMAkGA1UEBhMCTkwxEDAOBgNVBAgMB1V0cmVjaHQxEDAOBgNVBAcM
                            B1V0cmVjaHQxFTATBgNVBAoMDFNVUkZuZXQgQi5WLjETMBEGA1UECwwKU1VSRmNv
                            bmV4dDEdMBsGA1UEAwwUZW5naW5lLnN1cmZjb25leHQubmwwggEiMA0GCSqGSIb3
                            DQEBAQUAA4IBDwAwggEKAoIBAQDMJ6v+f3owS3KR5IXSil+3XFwGvCVeYx3jDOFK
                            AnwvXlDpTu+t730b8/spHtlopyJVAlb6qBIPN7R4TGTLqiu0zebYsYx/PtqCk5cb
                            u9qs3h+p2BBoTXVwXA/ZYi0tqtxp04hcNrRj1TAgLyC0S+KASTF+zzccAcjTBid5
                            EMioo+YllgSEobWJ4X33XVRqNrikAPDsNmDrdKUi257JSO2xhVIG5lbtmDaL5ORC
                            D56oRmVdp7VQTEQ3Yass8J5Rn+Ub6WmRBYeG+KzFBvtyBput2o0/gvtJn9L+NWeD
                            B0LyUPaUYG/X4GF14FcmFQfz7I5jBCNHtPcLJbPYbZKQNhz/AgMBAAGjUDBOMB0G
                            A1UdDgQWBBS9QqP8gtMM6nm4oYzNbgqhEDP1aDAfBgNVHSMEGDAWgBS9QqP8gtMM
                            6nm4oYzNbgqhEDP1aDAMBgNVHRMEBTADAQH/MA0GCSqGSIb3DQEBBQUAA4IBAQBH
                            2qyYwLwesIOxUTj+NJ0VXRBDH8VecNLiUUs9Np4x8A0pxLvlNnv5TdJAruEg1LSV
                            mAqqPUdAB2m7CKDeUVM9cwOB7vqelV2GNgOfevXi+DZRMffyyE8qyIcnTqvDOgcR
                            8qGTPSVT+SIsOkV9bYrjltrbnal7cJermsA8SC5w/pjLaOHI1xIZHquZzymWoN3Z
                            fz2CQg2r5o+AURYd74GrHhHqVa9VrdWtcimB+vTQQihoLt8YciehpJjOMpx2D66e
                            FfpC8ix31RRdjAVIo1y33h1yU3gEHePDbOthZE+lpXi2WJqO85H85LqJOtgn2WPI
                            3P2Tx32Cq1WXCYkxLaPI
</ds:X509Certificate>
                    </ds:X509Data>
                </ds:KeyInfo>
            </md:KeyDescriptor>
            <md:KeyDescriptor xmlns:ds="http://www.w3.org/2000/09/xmldsig#" use="encryption">
                <ds:KeyInfo>
                    <ds:X509Data>
                        <ds:X509Certificate>MIIDyzCCArOgAwIBAgIJAMzixtXMUH1NMA0GCSqGSIb3DQEBBQUAMHwxCzAJBgNV
                            BAYTAk5MMRAwDgYDVQQIDAdVdHJlY2h0MRAwDgYDVQQHDAdVdHJlY2h0MRUwEwYD
                            VQQKDAxTVVJGbmV0IEIuVi4xEzARBgNVBAsMClNVUkZjb25leHQxHTAbBgNVBAMM
                            FGVuZ2luZS5zdXJmY29uZXh0Lm5sMB4XDTExMDEyNDEwMTg1N1oXDTIxMDEyMzEw
                            MTg1N1owfDELMAkGA1UEBhMCTkwxEDAOBgNVBAgMB1V0cmVjaHQxEDAOBgNVBAcM
                            B1V0cmVjaHQxFTATBgNVBAoMDFNVUkZuZXQgQi5WLjETMBEGA1UECwwKU1VSRmNv
                            bmV4dDEdMBsGA1UEAwwUZW5naW5lLnN1cmZjb25leHQubmwwggEiMA0GCSqGSIb3
                            DQEBAQUAA4IBDwAwggEKAoIBAQDMJ6v+f3owS3KR5IXSil+3XFwGvCVeYx3jDOFK
                            AnwvXlDpTu+t730b8/spHtlopyJVAlb6qBIPN7R4TGTLqiu0zebYsYx/PtqCk5cb
                            u9qs3h+p2BBoTXVwXA/ZYi0tqtxp04hcNrRj1TAgLyC0S+KASTF+zzccAcjTBid5
                            EMioo+YllgSEobWJ4X33XVRqNrikAPDsNmDrdKUi257JSO2xhVIG5lbtmDaL5ORC
                            D56oRmVdp7VQTEQ3Yass8J5Rn+Ub6WmRBYeG+KzFBvtyBput2o0/gvtJn9L+NWeD
                            B0LyUPaUYG/X4GF14FcmFQfz7I5jBCNHtPcLJbPYbZKQNhz/AgMBAAGjUDBOMB0G
                            A1UdDgQWBBS9QqP8gtMM6nm4oYzNbgqhEDP1aDAfBgNVHSMEGDAWgBS9QqP8gtMM
                            6nm4oYzNbgqhEDP1aDAMBgNVHRMEBTADAQH/MA0GCSqGSIb3DQEBBQUAA4IBAQBH
                            2qyYwLwesIOxUTj+NJ0VXRBDH8VecNLiUUs9Np4x8A0pxLvlNnv5TdJAruEg1LSV
                            mAqqPUdAB2m7CKDeUVM9cwOB7vqelV2GNgOfevXi+DZRMffyyE8qyIcnTqvDOgcR
                            8qGTPSVT+SIsOkV9bYrjltrbnal7cJermsA8SC5w/pjLaOHI1xIZHquZzymWoN3Z
                            fz2CQg2r5o+AURYd74GrHhHqVa9VrdWtcimB+vTQQihoLt8YciehpJjOMpx2D66e
                            FfpC8ix31RRdjAVIo1y33h1yU3gEHePDbOthZE+lpXi2WJqO85H85LqJOtgn2WPI
                            3P2Tx32Cq1WXCYkxLaPI
</ds:X509Certificate>
                    </ds:X509Data>
                </ds:KeyInfo>
            </md:KeyDescriptor>
            <md:NameIDFormat>urn:oasis:names:tc:SAML:2.0:nameid-format:transient</md:NameIDFormat>
            <md:SingleSignOnService Binding="urn:oasis:names:tc:SAML:2.0:bindings:HTTP-Redirect" Location="https://engine.surfconext.nl/authentication/idp/single-sign-on/6f44d1e9f02eb2cd635914cb7e754e41"/>
        </md:IDPSSODescriptor>
    </md:EntityDescriptor>
    <md:EntityDescriptor validUntil="2013-01-30T11:03:12Z" entityID="https://login-qa.srvtest.leidenuniv.nl/nidp/saml2/metadata">
        <md:IDPSSODescriptor protocolSupportEnumeration="urn:oasis:names:tc:SAML:2.0:protocol">
            <md:Extensions>
                <mdui:UIInfo>
                    <mdui:Description xml:lang="nl">Universiteit Leiden Acceptatie</mdui:Description>
                    <mdui:Description xml:lang="en">Universiteit Leiden Acceptance</mdui:Description>
                    <mdui:Logo height="42" width="108">https://wayf-test.surfnet.nl/federate/surfnet/img/logo/leiden.png</mdui:Logo>
                </mdui:UIInfo>
            </md:Extensions>
            <md:KeyDescriptor xmlns:ds="http://www.w3.org/2000/09/xmldsig#" use="signing">
                <ds:KeyInfo>
                    <ds:X509Data>
                        <ds:X509Certificate>MIIDyzCCArOgAwIBAgIJAMzixtXMUH1NMA0GCSqGSIb3DQEBBQUAMHwxCzAJBgNV
                            BAYTAk5MMRAwDgYDVQQIDAdVdHJlY2h0MRAwDgYDVQQHDAdVdHJlY2h0MRUwEwYD
                            VQQKDAxTVVJGbmV0IEIuVi4xEzARBgNVBAsMClNVUkZjb25leHQxHTAbBgNVBAMM
                            FGVuZ2luZS5zdXJmY29uZXh0Lm5sMB4XDTExMDEyNDEwMTg1N1oXDTIxMDEyMzEw
                            MTg1N1owfDELMAkGA1UEBhMCTkwxEDAOBgNVBAgMB1V0cmVjaHQxEDAOBgNVBAcM
                            B1V0cmVjaHQxFTATBgNVBAoMDFNVUkZuZXQgQi5WLjETMBEGA1UECwwKU1VSRmNv
                            bmV4dDEdMBsGA1UEAwwUZW5naW5lLnN1cmZjb25leHQubmwwggEiMA0GCSqGSIb3
                            DQEBAQUAA4IBDwAwggEKAoIBAQDMJ6v+f3owS3KR5IXSil+3XFwGvCVeYx3jDOFK
                            AnwvXlDpTu+t730b8/spHtlopyJVAlb6qBIPN7R4TGTLqiu0zebYsYx/PtqCk5cb
                            u9qs3h+p2BBoTXVwXA/ZYi0tqtxp04hcNrRj1TAgLyC0S+KASTF+zzccAcjTBid5
                            EMioo+YllgSEobWJ4X33XVRqNrikAPDsNmDrdKUi257JSO2xhVIG5lbtmDaL5ORC
                            D56oRmVdp7VQTEQ3Yass8J5Rn+Ub6WmRBYeG+KzFBvtyBput2o0/gvtJn9L+NWeD
                            B0LyUPaUYG/X4GF14FcmFQfz7I5jBCNHtPcLJbPYbZKQNhz/AgMBAAGjUDBOMB0G
                            A1UdDgQWBBS9QqP8gtMM6nm4oYzNbgqhEDP1aDAfBgNVHSMEGDAWgBS9QqP8gtMM
                            6nm4oYzNbgqhEDP1aDAMBgNVHRMEBTADAQH/MA0GCSqGSIb3DQEBBQUAA4IBAQBH
                            2qyYwLwesIOxUTj+NJ0VXRBDH8VecNLiUUs9Np4x8A0pxLvlNnv5TdJAruEg1LSV
                            mAqqPUdAB2m7CKDeUVM9cwOB7vqelV2GNgOfevXi+DZRMffyyE8qyIcnTqvDOgcR
                            8qGTPSVT+SIsOkV9bYrjltrbnal7cJermsA8SC5w/pjLaOHI1xIZHquZzymWoN3Z
                            fz2CQg2r5o+AURYd74GrHhHqVa9VrdWtcimB+vTQQihoLt8YciehpJjOMpx2D66e
                            FfpC8ix31RRdjAVIo1y33h1yU3gEHePDbOthZE+lpXi2WJqO85H85LqJOtgn2WPI
                            3P2Tx32Cq1WXCYkxLaPI
</ds:X509Certificate>
                    </ds:X509Data>
                </ds:KeyInfo>
            </md:KeyDescriptor>
            <md:KeyDescriptor xmlns:ds="http://www.w3.org/2000/09/xmldsig#" use="encryption">
                <ds:KeyInfo>
                    <ds:X509Data>
                        <ds:X509Certificate>MIIDyzCCArOgAwIBAgIJAMzixtXMUH1NMA0GCSqGSIb3DQEBBQUAMHwxCzAJBgNV
                            BAYTAk5MMRAwDgYDVQQIDAdVdHJlY2h0MRAwDgYDVQQHDAdVdHJlY2h0MRUwEwYD
                            VQQKDAxTVVJGbmV0IEIuVi4xEzARBgNVBAsMClNVUkZjb25leHQxHTAbBgNVBAMM
                            FGVuZ2luZS5zdXJmY29uZXh0Lm5sMB4XDTExMDEyNDEwMTg1N1oXDTIxMDEyMzEw
                            MTg1N1owfDELMAkGA1UEBhMCTkwxEDAOBgNVBAgMB1V0cmVjaHQxEDAOBgNVBAcM
                            B1V0cmVjaHQxFTATBgNVBAoMDFNVUkZuZXQgQi5WLjETMBEGA1UECwwKU1VSRmNv
                            bmV4dDEdMBsGA1UEAwwUZW5naW5lLnN1cmZjb25leHQubmwwggEiMA0GCSqGSIb3
                            DQEBAQUAA4IBDwAwggEKAoIBAQDMJ6v+f3owS3KR5IXSil+3XFwGvCVeYx3jDOFK
                            AnwvXlDpTu+t730b8/spHtlopyJVAlb6qBIPN7R4TGTLqiu0zebYsYx/PtqCk5cb
                            u9qs3h+p2BBoTXVwXA/ZYi0tqtxp04hcNrRj1TAgLyC0S+KASTF+zzccAcjTBid5
                            EMioo+YllgSEobWJ4X33XVRqNrikAPDsNmDrdKUi257JSO2xhVIG5lbtmDaL5ORC
                            D56oRmVdp7VQTEQ3Yass8J5Rn+Ub6WmRBYeG+KzFBvtyBput2o0/gvtJn9L+NWeD
                            B0LyUPaUYG/X4GF14FcmFQfz7I5jBCNHtPcLJbPYbZKQNhz/AgMBAAGjUDBOMB0G
                            A1UdDgQWBBS9QqP8gtMM6nm4oYzNbgqhEDP1aDAfBgNVHSMEGDAWgBS9QqP8gtMM
                            6nm4oYzNbgqhEDP1aDAMBgNVHRMEBTADAQH/MA0GCSqGSIb3DQEBBQUAA4IBAQBH
                            2qyYwLwesIOxUTj+NJ0VXRBDH8VecNLiUUs9Np4x8A0pxLvlNnv5TdJAruEg1LSV
                            mAqqPUdAB2m7CKDeUVM9cwOB7vqelV2GNgOfevXi+DZRMffyyE8qyIcnTqvDOgcR
                            8qGTPSVT+SIsOkV9bYrjltrbnal7cJermsA8SC5w/pjLaOHI1xIZHquZzymWoN3Z
                            fz2CQg2r5o+AURYd74GrHhHqVa9VrdWtcimB+vTQQihoLt8YciehpJjOMpx2D66e
                            FfpC8ix31RRdjAVIo1y33h1yU3gEHePDbOthZE+lpXi2WJqO85H85LqJOtgn2WPI
                            3P2Tx32Cq1WXCYkxLaPI
</ds:X509Certificate>
                    </ds:X509Data>
                </ds:KeyInfo>
            </md:KeyDescriptor>
            <md:NameIDFormat>urn:oasis:names:tc:SAML:2.0:nameid-format:transient</md:NameIDFormat>
            <md:SingleSignOnService Binding="urn:oasis:names:tc:SAML:2.0:bindings:HTTP-Redirect" Location="https://engine.surfconext.nl/authentication/idp/single-sign-on/3bef8db3cf66207a96b8b5a0d9a5f1c8"/>
        </md:IDPSSODescriptor>
    </md:EntityDescriptor>
    <md:EntityDescriptor validUntil="2013-01-30T11:03:12Z" entityID="urn:federation:KB:ADFSA">
        <md:IDPSSODescriptor protocolSupportEnumeration="urn:oasis:names:tc:SAML:2.0:protocol">
            <md:Extensions>
                <mdui:UIInfo>
                    <mdui:Description xml:lang="en">Koninklijke Bibliotheek</mdui:Description>
                    <mdui:Logo height="60" width="120">https://.png</mdui:Logo>
                </mdui:UIInfo>
            </md:Extensions>
            <md:KeyDescriptor xmlns:ds="http://www.w3.org/2000/09/xmldsig#" use="signing">
                <ds:KeyInfo>
                    <ds:X509Data>
                        <ds:X509Certificate>MIIDyzCCArOgAwIBAgIJAMzixtXMUH1NMA0GCSqGSIb3DQEBBQUAMHwxCzAJBgNV
                            BAYTAk5MMRAwDgYDVQQIDAdVdHJlY2h0MRAwDgYDVQQHDAdVdHJlY2h0MRUwEwYD
                            VQQKDAxTVVJGbmV0IEIuVi4xEzARBgNVBAsMClNVUkZjb25leHQxHTAbBgNVBAMM
                            FGVuZ2luZS5zdXJmY29uZXh0Lm5sMB4XDTExMDEyNDEwMTg1N1oXDTIxMDEyMzEw
                            MTg1N1owfDELMAkGA1UEBhMCTkwxEDAOBgNVBAgMB1V0cmVjaHQxEDAOBgNVBAcM
                            B1V0cmVjaHQxFTATBgNVBAoMDFNVUkZuZXQgQi5WLjETMBEGA1UECwwKU1VSRmNv
                            bmV4dDEdMBsGA1UEAwwUZW5naW5lLnN1cmZjb25leHQubmwwggEiMA0GCSqGSIb3
                            DQEBAQUAA4IBDwAwggEKAoIBAQDMJ6v+f3owS3KR5IXSil+3XFwGvCVeYx3jDOFK
                            AnwvXlDpTu+t730b8/spHtlopyJVAlb6qBIPN7R4TGTLqiu0zebYsYx/PtqCk5cb
                            u9qs3h+p2BBoTXVwXA/ZYi0tqtxp04hcNrRj1TAgLyC0S+KASTF+zzccAcjTBid5
                            EMioo+YllgSEobWJ4X33XVRqNrikAPDsNmDrdKUi257JSO2xhVIG5lbtmDaL5ORC
                            D56oRmVdp7VQTEQ3Yass8J5Rn+Ub6WmRBYeG+KzFBvtyBput2o0/gvtJn9L+NWeD
                            B0LyUPaUYG/X4GF14FcmFQfz7I5jBCNHtPcLJbPYbZKQNhz/AgMBAAGjUDBOMB0G
                            A1UdDgQWBBS9QqP8gtMM6nm4oYzNbgqhEDP1aDAfBgNVHSMEGDAWgBS9QqP8gtMM
                            6nm4oYzNbgqhEDP1aDAMBgNVHRMEBTADAQH/MA0GCSqGSIb3DQEBBQUAA4IBAQBH
                            2qyYwLwesIOxUTj+NJ0VXRBDH8VecNLiUUs9Np4x8A0pxLvlNnv5TdJAruEg1LSV
                            mAqqPUdAB2m7CKDeUVM9cwOB7vqelV2GNgOfevXi+DZRMffyyE8qyIcnTqvDOgcR
                            8qGTPSVT+SIsOkV9bYrjltrbnal7cJermsA8SC5w/pjLaOHI1xIZHquZzymWoN3Z
                            fz2CQg2r5o+AURYd74GrHhHqVa9VrdWtcimB+vTQQihoLt8YciehpJjOMpx2D66e
                            FfpC8ix31RRdjAVIo1y33h1yU3gEHePDbOthZE+lpXi2WJqO85H85LqJOtgn2WPI
                            3P2Tx32Cq1WXCYkxLaPI
</ds:X509Certificate>
                    </ds:X509Data>
                </ds:KeyInfo>
            </md:KeyDescriptor>
            <md:KeyDescriptor xmlns:ds="http://www.w3.org/2000/09/xmldsig#" use="encryption">
                <ds:KeyInfo>
                    <ds:X509Data>
                        <ds:X509Certificate>MIIDyzCCArOgAwIBAgIJAMzixtXMUH1NMA0GCSqGSIb3DQEBBQUAMHwxCzAJBgNV
                            BAYTAk5MMRAwDgYDVQQIDAdVdHJlY2h0MRAwDgYDVQQHDAdVdHJlY2h0MRUwEwYD
                            VQQKDAxTVVJGbmV0IEIuVi4xEzARBgNVBAsMClNVUkZjb25leHQxHTAbBgNVBAMM
                            FGVuZ2luZS5zdXJmY29uZXh0Lm5sMB4XDTExMDEyNDEwMTg1N1oXDTIxMDEyMzEw
                            MTg1N1owfDELMAkGA1UEBhMCTkwxEDAOBgNVBAgMB1V0cmVjaHQxEDAOBgNVBAcM
                            B1V0cmVjaHQxFTATBgNVBAoMDFNVUkZuZXQgQi5WLjETMBEGA1UECwwKU1VSRmNv
                            bmV4dDEdMBsGA1UEAwwUZW5naW5lLnN1cmZjb25leHQubmwwggEiMA0GCSqGSIb3
                            DQEBAQUAA4IBDwAwggEKAoIBAQDMJ6v+f3owS3KR5IXSil+3XFwGvCVeYx3jDOFK
                            AnwvXlDpTu+t730b8/spHtlopyJVAlb6qBIPN7R4TGTLqiu0zebYsYx/PtqCk5cb
                            u9qs3h+p2BBoTXVwXA/ZYi0tqtxp04hcNrRj1TAgLyC0S+KASTF+zzccAcjTBid5
                            EMioo+YllgSEobWJ4X33XVRqNrikAPDsNmDrdKUi257JSO2xhVIG5lbtmDaL5ORC
                            D56oRmVdp7VQTEQ3Yass8J5Rn+Ub6WmRBYeG+KzFBvtyBput2o0/gvtJn9L+NWeD
                            B0LyUPaUYG/X4GF14FcmFQfz7I5jBCNHtPcLJbPYbZKQNhz/AgMBAAGjUDBOMB0G
                            A1UdDgQWBBS9QqP8gtMM6nm4oYzNbgqhEDP1aDAfBgNVHSMEGDAWgBS9QqP8gtMM
                            6nm4oYzNbgqhEDP1aDAMBgNVHRMEBTADAQH/MA0GCSqGSIb3DQEBBQUAA4IBAQBH
                            2qyYwLwesIOxUTj+NJ0VXRBDH8VecNLiUUs9Np4x8A0pxLvlNnv5TdJAruEg1LSV
                            mAqqPUdAB2m7CKDeUVM9cwOB7vqelV2GNgOfevXi+DZRMffyyE8qyIcnTqvDOgcR
                            8qGTPSVT+SIsOkV9bYrjltrbnal7cJermsA8SC5w/pjLaOHI1xIZHquZzymWoN3Z
                            fz2CQg2r5o+AURYd74GrHhHqVa9VrdWtcimB+vTQQihoLt8YciehpJjOMpx2D66e
                            FfpC8ix31RRdjAVIo1y33h1yU3gEHePDbOthZE+lpXi2WJqO85H85LqJOtgn2WPI
                            3P2Tx32Cq1WXCYkxLaPI
</ds:X509Certificate>
                    </ds:X509Data>
                </ds:KeyInfo>
            </md:KeyDescriptor>
            <md:NameIDFormat>urn:oasis:names:tc:SAML:2.0:nameid-format:transient</md:NameIDFormat>
            <md:SingleSignOnService Binding="urn:oasis:names:tc:SAML:2.0:bindings:HTTP-Redirect" Location="https://engine.surfconext.nl/authentication/idp/single-sign-on/d63d9f83a242a96a97d3f32317c789cf"/>
        </md:IDPSSODescriptor>
    </md:EntityDescriptor>
    <md:EntityDescriptor validUntil="2013-01-30T11:03:12Z" entityID="http://adfso.kb.nl/adfs/services/trust/alias">
        <md:IDPSSODescriptor protocolSupportEnumeration="urn:oasis:names:tc:SAML:2.0:protocol">
            <md:Extensions>
                <mdui:UIInfo>
                    <mdui:Description xml:lang="nl">Koninklijke Bibliotheek Ontwikkel (SAML20)</mdui:Description>
                    <mdui:Description xml:lang="en">Koninklijke Bibliotheek Ontwikkel (SAML20)</mdui:Description>
                    <mdui:Logo height="15" width="108">https://wayf-test.surfnet.nl/federate/surfnet/img/logo/kb.png</mdui:Logo>
                    <mdui:Keywords xml:lang="nl">Koninklijke Bibliotheek Ontwikkel</mdui:Keywords>
                    <mdui:Keywords xml:lang="en">Koninklijke Bibliotheek Ontwikkel</mdui:Keywords>
                </mdui:UIInfo>
            </md:Extensions>
            <md:KeyDescriptor xmlns:ds="http://www.w3.org/2000/09/xmldsig#" use="signing">
                <ds:KeyInfo>
                    <ds:X509Data>
                        <ds:X509Certificate>MIIDyzCCArOgAwIBAgIJAMzixtXMUH1NMA0GCSqGSIb3DQEBBQUAMHwxCzAJBgNV
                            BAYTAk5MMRAwDgYDVQQIDAdVdHJlY2h0MRAwDgYDVQQHDAdVdHJlY2h0MRUwEwYD
                            VQQKDAxTVVJGbmV0IEIuVi4xEzARBgNVBAsMClNVUkZjb25leHQxHTAbBgNVBAMM
                            FGVuZ2luZS5zdXJmY29uZXh0Lm5sMB4XDTExMDEyNDEwMTg1N1oXDTIxMDEyMzEw
                            MTg1N1owfDELMAkGA1UEBhMCTkwxEDAOBgNVBAgMB1V0cmVjaHQxEDAOBgNVBAcM
                            B1V0cmVjaHQxFTATBgNVBAoMDFNVUkZuZXQgQi5WLjETMBEGA1UECwwKU1VSRmNv
                            bmV4dDEdMBsGA1UEAwwUZW5naW5lLnN1cmZjb25leHQubmwwggEiMA0GCSqGSIb3
                            DQEBAQUAA4IBDwAwggEKAoIBAQDMJ6v+f3owS3KR5IXSil+3XFwGvCVeYx3jDOFK
                            AnwvXlDpTu+t730b8/spHtlopyJVAlb6qBIPN7R4TGTLqiu0zebYsYx/PtqCk5cb
                            u9qs3h+p2BBoTXVwXA/ZYi0tqtxp04hcNrRj1TAgLyC0S+KASTF+zzccAcjTBid5
                            EMioo+YllgSEobWJ4X33XVRqNrikAPDsNmDrdKUi257JSO2xhVIG5lbtmDaL5ORC
                            D56oRmVdp7VQTEQ3Yass8J5Rn+Ub6WmRBYeG+KzFBvtyBput2o0/gvtJn9L+NWeD
                            B0LyUPaUYG/X4GF14FcmFQfz7I5jBCNHtPcLJbPYbZKQNhz/AgMBAAGjUDBOMB0G
                            A1UdDgQWBBS9QqP8gtMM6nm4oYzNbgqhEDP1aDAfBgNVHSMEGDAWgBS9QqP8gtMM
                            6nm4oYzNbgqhEDP1aDAMBgNVHRMEBTADAQH/MA0GCSqGSIb3DQEBBQUAA4IBAQBH
                            2qyYwLwesIOxUTj+NJ0VXRBDH8VecNLiUUs9Np4x8A0pxLvlNnv5TdJAruEg1LSV
                            mAqqPUdAB2m7CKDeUVM9cwOB7vqelV2GNgOfevXi+DZRMffyyE8qyIcnTqvDOgcR
                            8qGTPSVT+SIsOkV9bYrjltrbnal7cJermsA8SC5w/pjLaOHI1xIZHquZzymWoN3Z
                            fz2CQg2r5o+AURYd74GrHhHqVa9VrdWtcimB+vTQQihoLt8YciehpJjOMpx2D66e
                            FfpC8ix31RRdjAVIo1y33h1yU3gEHePDbOthZE+lpXi2WJqO85H85LqJOtgn2WPI
                            3P2Tx32Cq1WXCYkxLaPI
</ds:X509Certificate>
                    </ds:X509Data>
                </ds:KeyInfo>
            </md:KeyDescriptor>
            <md:KeyDescriptor xmlns:ds="http://www.w3.org/2000/09/xmldsig#" use="encryption">
                <ds:KeyInfo>
                    <ds:X509Data>
                        <ds:X509Certificate>MIIDyzCCArOgAwIBAgIJAMzixtXMUH1NMA0GCSqGSIb3DQEBBQUAMHwxCzAJBgNV
                            BAYTAk5MMRAwDgYDVQQIDAdVdHJlY2h0MRAwDgYDVQQHDAdVdHJlY2h0MRUwEwYD
                            VQQKDAxTVVJGbmV0IEIuVi4xEzARBgNVBAsMClNVUkZjb25leHQxHTAbBgNVBAMM
                            FGVuZ2luZS5zdXJmY29uZXh0Lm5sMB4XDTExMDEyNDEwMTg1N1oXDTIxMDEyMzEw
                            MTg1N1owfDELMAkGA1UEBhMCTkwxEDAOBgNVBAgMB1V0cmVjaHQxEDAOBgNVBAcM
                            B1V0cmVjaHQxFTATBgNVBAoMDFNVUkZuZXQgQi5WLjETMBEGA1UECwwKU1VSRmNv
                            bmV4dDEdMBsGA1UEAwwUZW5naW5lLnN1cmZjb25leHQubmwwggEiMA0GCSqGSIb3
                            DQEBAQUAA4IBDwAwggEKAoIBAQDMJ6v+f3owS3KR5IXSil+3XFwGvCVeYx3jDOFK
                            AnwvXlDpTu+t730b8/spHtlopyJVAlb6qBIPN7R4TGTLqiu0zebYsYx/PtqCk5cb
                            u9qs3h+p2BBoTXVwXA/ZYi0tqtxp04hcNrRj1TAgLyC0S+KASTF+zzccAcjTBid5
                            EMioo+YllgSEobWJ4X33XVRqNrikAPDsNmDrdKUi257JSO2xhVIG5lbtmDaL5ORC
                            D56oRmVdp7VQTEQ3Yass8J5Rn+Ub6WmRBYeG+KzFBvtyBput2o0/gvtJn9L+NWeD
                            B0LyUPaUYG/X4GF14FcmFQfz7I5jBCNHtPcLJbPYbZKQNhz/AgMBAAGjUDBOMB0G
                            A1UdDgQWBBS9QqP8gtMM6nm4oYzNbgqhEDP1aDAfBgNVHSMEGDAWgBS9QqP8gtMM
                            6nm4oYzNbgqhEDP1aDAMBgNVHRMEBTADAQH/MA0GCSqGSIb3DQEBBQUAA4IBAQBH
                            2qyYwLwesIOxUTj+NJ0VXRBDH8VecNLiUUs9Np4x8A0pxLvlNnv5TdJAruEg1LSV
                            mAqqPUdAB2m7CKDeUVM9cwOB7vqelV2GNgOfevXi+DZRMffyyE8qyIcnTqvDOgcR
                            8qGTPSVT+SIsOkV9bYrjltrbnal7cJermsA8SC5w/pjLaOHI1xIZHquZzymWoN3Z
                            fz2CQg2r5o+AURYd74GrHhHqVa9VrdWtcimB+vTQQihoLt8YciehpJjOMpx2D66e
                            FfpC8ix31RRdjAVIo1y33h1yU3gEHePDbOthZE+lpXi2WJqO85H85LqJOtgn2WPI
                            3P2Tx32Cq1WXCYkxLaPI
</ds:X509Certificate>
                    </ds:X509Data>
                </ds:KeyInfo>
            </md:KeyDescriptor>
            <md:NameIDFormat>urn:oasis:names:tc:SAML:2.0:nameid-format:transient</md:NameIDFormat>
            <md:SingleSignOnService Binding="urn:oasis:names:tc:SAML:2.0:bindings:HTTP-Redirect" Location="https://engine.surfconext.nl/authentication/idp/single-sign-on/9aac4a837b7a9c99cb0e79040248dadf"/>
        </md:IDPSSODescriptor>
    </md:EntityDescriptor>
    <md:EntityDescriptor validUntil="2013-01-30T11:03:12Z" entityID="http://adfs.nuffic.nl/adfs/services/trust">
        <md:IDPSSODescriptor protocolSupportEnumeration="urn:oasis:names:tc:SAML:2.0:protocol">
            <md:Extensions>
                <mdui:UIInfo>
                    <mdui:DisplayName xml:lang="nl">Nuffic</mdui:DisplayName>
                    <mdui:DisplayName xml:lang="en">Nuffic</mdui:DisplayName>
                    <mdui:Description xml:lang="nl">Nuffic</mdui:Description>
                    <mdui:Description xml:lang="en">Nuffic</mdui:Description>
                    <mdui:Logo height="54" width="108">https://wayf.surfnet.nl/federate/surfnet/img/logo/nuffic.png</mdui:Logo>
                    <mdui:Keywords xml:lang="nl">Nuffic</mdui:Keywords>
                    <mdui:Keywords xml:lang="en">Nuffic</mdui:Keywords>
                </mdui:UIInfo>
            </md:Extensions>
            <md:KeyDescriptor xmlns:ds="http://www.w3.org/2000/09/xmldsig#" use="signing">
                <ds:KeyInfo>
                    <ds:X509Data>
                        <ds:X509Certificate>MIIDyzCCArOgAwIBAgIJAMzixtXMUH1NMA0GCSqGSIb3DQEBBQUAMHwxCzAJBgNV
                            BAYTAk5MMRAwDgYDVQQIDAdVdHJlY2h0MRAwDgYDVQQHDAdVdHJlY2h0MRUwEwYD
                            VQQKDAxTVVJGbmV0IEIuVi4xEzARBgNVBAsMClNVUkZjb25leHQxHTAbBgNVBAMM
                            FGVuZ2luZS5zdXJmY29uZXh0Lm5sMB4XDTExMDEyNDEwMTg1N1oXDTIxMDEyMzEw
                            MTg1N1owfDELMAkGA1UEBhMCTkwxEDAOBgNVBAgMB1V0cmVjaHQxEDAOBgNVBAcM
                            B1V0cmVjaHQxFTATBgNVBAoMDFNVUkZuZXQgQi5WLjETMBEGA1UECwwKU1VSRmNv
                            bmV4dDEdMBsGA1UEAwwUZW5naW5lLnN1cmZjb25leHQubmwwggEiMA0GCSqGSIb3
                            DQEBAQUAA4IBDwAwggEKAoIBAQDMJ6v+f3owS3KR5IXSil+3XFwGvCVeYx3jDOFK
                            AnwvXlDpTu+t730b8/spHtlopyJVAlb6qBIPN7R4TGTLqiu0zebYsYx/PtqCk5cb
                            u9qs3h+p2BBoTXVwXA/ZYi0tqtxp04hcNrRj1TAgLyC0S+KASTF+zzccAcjTBid5
                            EMioo+YllgSEobWJ4X33XVRqNrikAPDsNmDrdKUi257JSO2xhVIG5lbtmDaL5ORC
                            D56oRmVdp7VQTEQ3Yass8J5Rn+Ub6WmRBYeG+KzFBvtyBput2o0/gvtJn9L+NWeD
                            B0LyUPaUYG/X4GF14FcmFQfz7I5jBCNHtPcLJbPYbZKQNhz/AgMBAAGjUDBOMB0G
                            A1UdDgQWBBS9QqP8gtMM6nm4oYzNbgqhEDP1aDAfBgNVHSMEGDAWgBS9QqP8gtMM
                            6nm4oYzNbgqhEDP1aDAMBgNVHRMEBTADAQH/MA0GCSqGSIb3DQEBBQUAA4IBAQBH
                            2qyYwLwesIOxUTj+NJ0VXRBDH8VecNLiUUs9Np4x8A0pxLvlNnv5TdJAruEg1LSV
                            mAqqPUdAB2m7CKDeUVM9cwOB7vqelV2GNgOfevXi+DZRMffyyE8qyIcnTqvDOgcR
                            8qGTPSVT+SIsOkV9bYrjltrbnal7cJermsA8SC5w/pjLaOHI1xIZHquZzymWoN3Z
                            fz2CQg2r5o+AURYd74GrHhHqVa9VrdWtcimB+vTQQihoLt8YciehpJjOMpx2D66e
                            FfpC8ix31RRdjAVIo1y33h1yU3gEHePDbOthZE+lpXi2WJqO85H85LqJOtgn2WPI
                            3P2Tx32Cq1WXCYkxLaPI
</ds:X509Certificate>
                    </ds:X509Data>
                </ds:KeyInfo>
            </md:KeyDescriptor>
            <md:KeyDescriptor xmlns:ds="http://www.w3.org/2000/09/xmldsig#" use="encryption">
                <ds:KeyInfo>
                    <ds:X509Data>
                        <ds:X509Certificate>MIIDyzCCArOgAwIBAgIJAMzixtXMUH1NMA0GCSqGSIb3DQEBBQUAMHwxCzAJBgNV
                            BAYTAk5MMRAwDgYDVQQIDAdVdHJlY2h0MRAwDgYDVQQHDAdVdHJlY2h0MRUwEwYD
                            VQQKDAxTVVJGbmV0IEIuVi4xEzARBgNVBAsMClNVUkZjb25leHQxHTAbBgNVBAMM
                            FGVuZ2luZS5zdXJmY29uZXh0Lm5sMB4XDTExMDEyNDEwMTg1N1oXDTIxMDEyMzEw
                            MTg1N1owfDELMAkGA1UEBhMCTkwxEDAOBgNVBAgMB1V0cmVjaHQxEDAOBgNVBAcM
                            B1V0cmVjaHQxFTATBgNVBAoMDFNVUkZuZXQgQi5WLjETMBEGA1UECwwKU1VSRmNv
                            bmV4dDEdMBsGA1UEAwwUZW5naW5lLnN1cmZjb25leHQubmwwggEiMA0GCSqGSIb3
                            DQEBAQUAA4IBDwAwggEKAoIBAQDMJ6v+f3owS3KR5IXSil+3XFwGvCVeYx3jDOFK
                            AnwvXlDpTu+t730b8/spHtlopyJVAlb6qBIPN7R4TGTLqiu0zebYsYx/PtqCk5cb
                            u9qs3h+p2BBoTXVwXA/ZYi0tqtxp04hcNrRj1TAgLyC0S+KASTF+zzccAcjTBid5
                            EMioo+YllgSEobWJ4X33XVRqNrikAPDsNmDrdKUi257JSO2xhVIG5lbtmDaL5ORC
                            D56oRmVdp7VQTEQ3Yass8J5Rn+Ub6WmRBYeG+KzFBvtyBput2o0/gvtJn9L+NWeD
                            B0LyUPaUYG/X4GF14FcmFQfz7I5jBCNHtPcLJbPYbZKQNhz/AgMBAAGjUDBOMB0G
                            A1UdDgQWBBS9QqP8gtMM6nm4oYzNbgqhEDP1aDAfBgNVHSMEGDAWgBS9QqP8gtMM
                            6nm4oYzNbgqhEDP1aDAMBgNVHRMEBTADAQH/MA0GCSqGSIb3DQEBBQUAA4IBAQBH
                            2qyYwLwesIOxUTj+NJ0VXRBDH8VecNLiUUs9Np4x8A0pxLvlNnv5TdJAruEg1LSV
                            mAqqPUdAB2m7CKDeUVM9cwOB7vqelV2GNgOfevXi+DZRMffyyE8qyIcnTqvDOgcR
                            8qGTPSVT+SIsOkV9bYrjltrbnal7cJermsA8SC5w/pjLaOHI1xIZHquZzymWoN3Z
                            fz2CQg2r5o+AURYd74GrHhHqVa9VrdWtcimB+vTQQihoLt8YciehpJjOMpx2D66e
                            FfpC8ix31RRdjAVIo1y33h1yU3gEHePDbOthZE+lpXi2WJqO85H85LqJOtgn2WPI
                            3P2Tx32Cq1WXCYkxLaPI
</ds:X509Certificate>
                    </ds:X509Data>
                </ds:KeyInfo>
            </md:KeyDescriptor>
            <md:NameIDFormat>urn:oasis:names:tc:SAML:2.0:nameid-format:transient</md:NameIDFormat>
            <md:SingleSignOnService Binding="urn:oasis:names:tc:SAML:2.0:bindings:HTTP-Redirect" Location="https://engine.surfconext.nl/authentication/idp/single-sign-on/1a4a05a360a8ddaedf768b156fa4062e"/>
        </md:IDPSSODescriptor>
    </md:EntityDescriptor>
    <md:EntityDescriptor validUntil="2013-01-30T11:03:12Z" entityID="https://sso.han.nl/ssp">
        <md:IDPSSODescriptor protocolSupportEnumeration="urn:oasis:names:tc:SAML:2.0:protocol">
            <md:Extensions>
                <mdui:UIInfo>
                    <mdui:DisplayName xml:lang="nl">Hogeschool van Arnhem en Nijmegen</mdui:DisplayName>
                    <mdui:DisplayName xml:lang="en">HAN University of Applied Sciences</mdui:DisplayName>
                    <mdui:Description xml:lang="nl">Hogeschool van Arnhem en Nijmegen</mdui:Description>
                    <mdui:Description xml:lang="en">Hogeschool van Arnhem en Nijmegen</mdui:Description>
                    <mdui:Keywords xml:lang="nl">HAN University of Applied Sciences Hogeschool van Arnhem en Nijmegen HBO</mdui:Keywords>
                    <mdui:Keywords xml:lang="en">HAN University of Applied Sciences Hogeschool van Arnhem en Nijmegen HBO</mdui:Keywords>
                </mdui:UIInfo>
            </md:Extensions>
            <md:KeyDescriptor xmlns:ds="http://www.w3.org/2000/09/xmldsig#" use="signing">
                <ds:KeyInfo>
                    <ds:X509Data>
                        <ds:X509Certificate>MIIDyzCCArOgAwIBAgIJAMzixtXMUH1NMA0GCSqGSIb3DQEBBQUAMHwxCzAJBgNV
                            BAYTAk5MMRAwDgYDVQQIDAdVdHJlY2h0MRAwDgYDVQQHDAdVdHJlY2h0MRUwEwYD
                            VQQKDAxTVVJGbmV0IEIuVi4xEzARBgNVBAsMClNVUkZjb25leHQxHTAbBgNVBAMM
                            FGVuZ2luZS5zdXJmY29uZXh0Lm5sMB4XDTExMDEyNDEwMTg1N1oXDTIxMDEyMzEw
                            MTg1N1owfDELMAkGA1UEBhMCTkwxEDAOBgNVBAgMB1V0cmVjaHQxEDAOBgNVBAcM
                            B1V0cmVjaHQxFTATBgNVBAoMDFNVUkZuZXQgQi5WLjETMBEGA1UECwwKU1VSRmNv
                            bmV4dDEdMBsGA1UEAwwUZW5naW5lLnN1cmZjb25leHQubmwwggEiMA0GCSqGSIb3
                            DQEBAQUAA4IBDwAwggEKAoIBAQDMJ6v+f3owS3KR5IXSil+3XFwGvCVeYx3jDOFK
                            AnwvXlDpTu+t730b8/spHtlopyJVAlb6qBIPN7R4TGTLqiu0zebYsYx/PtqCk5cb
                            u9qs3h+p2BBoTXVwXA/ZYi0tqtxp04hcNrRj1TAgLyC0S+KASTF+zzccAcjTBid5
                            EMioo+YllgSEobWJ4X33XVRqNrikAPDsNmDrdKUi257JSO2xhVIG5lbtmDaL5ORC
                            D56oRmVdp7VQTEQ3Yass8J5Rn+Ub6WmRBYeG+KzFBvtyBput2o0/gvtJn9L+NWeD
                            B0LyUPaUYG/X4GF14FcmFQfz7I5jBCNHtPcLJbPYbZKQNhz/AgMBAAGjUDBOMB0G
                            A1UdDgQWBBS9QqP8gtMM6nm4oYzNbgqhEDP1aDAfBgNVHSMEGDAWgBS9QqP8gtMM
                            6nm4oYzNbgqhEDP1aDAMBgNVHRMEBTADAQH/MA0GCSqGSIb3DQEBBQUAA4IBAQBH
                            2qyYwLwesIOxUTj+NJ0VXRBDH8VecNLiUUs9Np4x8A0pxLvlNnv5TdJAruEg1LSV
                            mAqqPUdAB2m7CKDeUVM9cwOB7vqelV2GNgOfevXi+DZRMffyyE8qyIcnTqvDOgcR
                            8qGTPSVT+SIsOkV9bYrjltrbnal7cJermsA8SC5w/pjLaOHI1xIZHquZzymWoN3Z
                            fz2CQg2r5o+AURYd74GrHhHqVa9VrdWtcimB+vTQQihoLt8YciehpJjOMpx2D66e
                            FfpC8ix31RRdjAVIo1y33h1yU3gEHePDbOthZE+lpXi2WJqO85H85LqJOtgn2WPI
                            3P2Tx32Cq1WXCYkxLaPI
</ds:X509Certificate>
                    </ds:X509Data>
                </ds:KeyInfo>
            </md:KeyDescriptor>
            <md:KeyDescriptor xmlns:ds="http://www.w3.org/2000/09/xmldsig#" use="encryption">
                <ds:KeyInfo>
                    <ds:X509Data>
                        <ds:X509Certificate>MIIDyzCCArOgAwIBAgIJAMzixtXMUH1NMA0GCSqGSIb3DQEBBQUAMHwxCzAJBgNV
                            BAYTAk5MMRAwDgYDVQQIDAdVdHJlY2h0MRAwDgYDVQQHDAdVdHJlY2h0MRUwEwYD
                            VQQKDAxTVVJGbmV0IEIuVi4xEzARBgNVBAsMClNVUkZjb25leHQxHTAbBgNVBAMM
                            FGVuZ2luZS5zdXJmY29uZXh0Lm5sMB4XDTExMDEyNDEwMTg1N1oXDTIxMDEyMzEw
                            MTg1N1owfDELMAkGA1UEBhMCTkwxEDAOBgNVBAgMB1V0cmVjaHQxEDAOBgNVBAcM
                            B1V0cmVjaHQxFTATBgNVBAoMDFNVUkZuZXQgQi5WLjETMBEGA1UECwwKU1VSRmNv
                            bmV4dDEdMBsGA1UEAwwUZW5naW5lLnN1cmZjb25leHQubmwwggEiMA0GCSqGSIb3
                            DQEBAQUAA4IBDwAwggEKAoIBAQDMJ6v+f3owS3KR5IXSil+3XFwGvCVeYx3jDOFK
                            AnwvXlDpTu+t730b8/spHtlopyJVAlb6qBIPN7R4TGTLqiu0zebYsYx/PtqCk5cb
                            u9qs3h+p2BBoTXVwXA/ZYi0tqtxp04hcNrRj1TAgLyC0S+KASTF+zzccAcjTBid5
                            EMioo+YllgSEobWJ4X33XVRqNrikAPDsNmDrdKUi257JSO2xhVIG5lbtmDaL5ORC
                            D56oRmVdp7VQTEQ3Yass8J5Rn+Ub6WmRBYeG+KzFBvtyBput2o0/gvtJn9L+NWeD
                            B0LyUPaUYG/X4GF14FcmFQfz7I5jBCNHtPcLJbPYbZKQNhz/AgMBAAGjUDBOMB0G
                            A1UdDgQWBBS9QqP8gtMM6nm4oYzNbgqhEDP1aDAfBgNVHSMEGDAWgBS9QqP8gtMM
                            6nm4oYzNbgqhEDP1aDAMBgNVHRMEBTADAQH/MA0GCSqGSIb3DQEBBQUAA4IBAQBH
                            2qyYwLwesIOxUTj+NJ0VXRBDH8VecNLiUUs9Np4x8A0pxLvlNnv5TdJAruEg1LSV
                            mAqqPUdAB2m7CKDeUVM9cwOB7vqelV2GNgOfevXi+DZRMffyyE8qyIcnTqvDOgcR
                            8qGTPSVT+SIsOkV9bYrjltrbnal7cJermsA8SC5w/pjLaOHI1xIZHquZzymWoN3Z
                            fz2CQg2r5o+AURYd74GrHhHqVa9VrdWtcimB+vTQQihoLt8YciehpJjOMpx2D66e
                            FfpC8ix31RRdjAVIo1y33h1yU3gEHePDbOthZE+lpXi2WJqO85H85LqJOtgn2WPI
                            3P2Tx32Cq1WXCYkxLaPI
</ds:X509Certificate>
                    </ds:X509Data>
                </ds:KeyInfo>
            </md:KeyDescriptor>
            <md:NameIDFormat>urn:oasis:names:tc:SAML:2.0:nameid-format:transient</md:NameIDFormat>
            <md:SingleSignOnService Binding="urn:oasis:names:tc:SAML:2.0:bindings:HTTP-Redirect" Location="https://engine.surfconext.nl/authentication/idp/single-sign-on/2bcc4b974a6b5107c3cd0f0aba1d73ef"/>
        </md:IDPSSODescriptor>
    </md:EntityDescriptor>
    <md:EntityDescriptor validUntil="2013-01-30T11:03:12Z" entityID="https://idp.mijnhelicon.nl/nidp/saml2/metadata">
        <md:IDPSSODescriptor protocolSupportEnumeration="urn:oasis:names:tc:SAML:2.0:protocol">
            <md:Extensions>
                <mdui:UIInfo>
                    <mdui:Description xml:lang="nl">Helicon Opleidingen</mdui:Description>
                    <mdui:Description xml:lang="en">Helicon Opleidingen</mdui:Description>
                    <mdui:Logo height="41" width="108">https://wayf.surfnet.nl/federate/surfnet/img/logo/helicon.png</mdui:Logo>
                    <mdui:Keywords xml:lang="nl">Helicon Opleidingen MBO</mdui:Keywords>
                    <mdui:Keywords xml:lang="en">Helicon Opleidingen MBO</mdui:Keywords>
                </mdui:UIInfo>
            </md:Extensions>
            <md:KeyDescriptor xmlns:ds="http://www.w3.org/2000/09/xmldsig#" use="signing">
                <ds:KeyInfo>
                    <ds:X509Data>
                        <ds:X509Certificate>MIIDyzCCArOgAwIBAgIJAMzixtXMUH1NMA0GCSqGSIb3DQEBBQUAMHwxCzAJBgNV
                            BAYTAk5MMRAwDgYDVQQIDAdVdHJlY2h0MRAwDgYDVQQHDAdVdHJlY2h0MRUwEwYD
                            VQQKDAxTVVJGbmV0IEIuVi4xEzARBgNVBAsMClNVUkZjb25leHQxHTAbBgNVBAMM
                            FGVuZ2luZS5zdXJmY29uZXh0Lm5sMB4XDTExMDEyNDEwMTg1N1oXDTIxMDEyMzEw
                            MTg1N1owfDELMAkGA1UEBhMCTkwxEDAOBgNVBAgMB1V0cmVjaHQxEDAOBgNVBAcM
                            B1V0cmVjaHQxFTATBgNVBAoMDFNVUkZuZXQgQi5WLjETMBEGA1UECwwKU1VSRmNv
                            bmV4dDEdMBsGA1UEAwwUZW5naW5lLnN1cmZjb25leHQubmwwggEiMA0GCSqGSIb3
                            DQEBAQUAA4IBDwAwggEKAoIBAQDMJ6v+f3owS3KR5IXSil+3XFwGvCVeYx3jDOFK
                            AnwvXlDpTu+t730b8/spHtlopyJVAlb6qBIPN7R4TGTLqiu0zebYsYx/PtqCk5cb
                            u9qs3h+p2BBoTXVwXA/ZYi0tqtxp04hcNrRj1TAgLyC0S+KASTF+zzccAcjTBid5
                            EMioo+YllgSEobWJ4X33XVRqNrikAPDsNmDrdKUi257JSO2xhVIG5lbtmDaL5ORC
                            D56oRmVdp7VQTEQ3Yass8J5Rn+Ub6WmRBYeG+KzFBvtyBput2o0/gvtJn9L+NWeD
                            B0LyUPaUYG/X4GF14FcmFQfz7I5jBCNHtPcLJbPYbZKQNhz/AgMBAAGjUDBOMB0G
                            A1UdDgQWBBS9QqP8gtMM6nm4oYzNbgqhEDP1aDAfBgNVHSMEGDAWgBS9QqP8gtMM
                            6nm4oYzNbgqhEDP1aDAMBgNVHRMEBTADAQH/MA0GCSqGSIb3DQEBBQUAA4IBAQBH
                            2qyYwLwesIOxUTj+NJ0VXRBDH8VecNLiUUs9Np4x8A0pxLvlNnv5TdJAruEg1LSV
                            mAqqPUdAB2m7CKDeUVM9cwOB7vqelV2GNgOfevXi+DZRMffyyE8qyIcnTqvDOgcR
                            8qGTPSVT+SIsOkV9bYrjltrbnal7cJermsA8SC5w/pjLaOHI1xIZHquZzymWoN3Z
                            fz2CQg2r5o+AURYd74GrHhHqVa9VrdWtcimB+vTQQihoLt8YciehpJjOMpx2D66e
                            FfpC8ix31RRdjAVIo1y33h1yU3gEHePDbOthZE+lpXi2WJqO85H85LqJOtgn2WPI
                            3P2Tx32Cq1WXCYkxLaPI
</ds:X509Certificate>
                    </ds:X509Data>
                </ds:KeyInfo>
            </md:KeyDescriptor>
            <md:KeyDescriptor xmlns:ds="http://www.w3.org/2000/09/xmldsig#" use="encryption">
                <ds:KeyInfo>
                    <ds:X509Data>
                        <ds:X509Certificate>MIIDyzCCArOgAwIBAgIJAMzixtXMUH1NMA0GCSqGSIb3DQEBBQUAMHwxCzAJBgNV
                            BAYTAk5MMRAwDgYDVQQIDAdVdHJlY2h0MRAwDgYDVQQHDAdVdHJlY2h0MRUwEwYD
                            VQQKDAxTVVJGbmV0IEIuVi4xEzARBgNVBAsMClNVUkZjb25leHQxHTAbBgNVBAMM
                            FGVuZ2luZS5zdXJmY29uZXh0Lm5sMB4XDTExMDEyNDEwMTg1N1oXDTIxMDEyMzEw
                            MTg1N1owfDELMAkGA1UEBhMCTkwxEDAOBgNVBAgMB1V0cmVjaHQxEDAOBgNVBAcM
                            B1V0cmVjaHQxFTATBgNVBAoMDFNVUkZuZXQgQi5WLjETMBEGA1UECwwKU1VSRmNv
                            bmV4dDEdMBsGA1UEAwwUZW5naW5lLnN1cmZjb25leHQubmwwggEiMA0GCSqGSIb3
                            DQEBAQUAA4IBDwAwggEKAoIBAQDMJ6v+f3owS3KR5IXSil+3XFwGvCVeYx3jDOFK
                            AnwvXlDpTu+t730b8/spHtlopyJVAlb6qBIPN7R4TGTLqiu0zebYsYx/PtqCk5cb
                            u9qs3h+p2BBoTXVwXA/ZYi0tqtxp04hcNrRj1TAgLyC0S+KASTF+zzccAcjTBid5
                            EMioo+YllgSEobWJ4X33XVRqNrikAPDsNmDrdKUi257JSO2xhVIG5lbtmDaL5ORC
                            D56oRmVdp7VQTEQ3Yass8J5Rn+Ub6WmRBYeG+KzFBvtyBput2o0/gvtJn9L+NWeD
                            B0LyUPaUYG/X4GF14FcmFQfz7I5jBCNHtPcLJbPYbZKQNhz/AgMBAAGjUDBOMB0G
                            A1UdDgQWBBS9QqP8gtMM6nm4oYzNbgqhEDP1aDAfBgNVHSMEGDAWgBS9QqP8gtMM
                            6nm4oYzNbgqhEDP1aDAMBgNVHRMEBTADAQH/MA0GCSqGSIb3DQEBBQUAA4IBAQBH
                            2qyYwLwesIOxUTj+NJ0VXRBDH8VecNLiUUs9Np4x8A0pxLvlNnv5TdJAruEg1LSV
                            mAqqPUdAB2m7CKDeUVM9cwOB7vqelV2GNgOfevXi+DZRMffyyE8qyIcnTqvDOgcR
                            8qGTPSVT+SIsOkV9bYrjltrbnal7cJermsA8SC5w/pjLaOHI1xIZHquZzymWoN3Z
                            fz2CQg2r5o+AURYd74GrHhHqVa9VrdWtcimB+vTQQihoLt8YciehpJjOMpx2D66e
                            FfpC8ix31RRdjAVIo1y33h1yU3gEHePDbOthZE+lpXi2WJqO85H85LqJOtgn2WPI
                            3P2Tx32Cq1WXCYkxLaPI
</ds:X509Certificate>
                    </ds:X509Data>
                </ds:KeyInfo>
            </md:KeyDescriptor>
            <md:NameIDFormat>urn:oasis:names:tc:SAML:2.0:nameid-format:transient</md:NameIDFormat>
            <md:SingleSignOnService Binding="urn:oasis:names:tc:SAML:2.0:bindings:HTTP-Redirect" Location="https://engine.surfconext.nl/authentication/idp/single-sign-on/9ab8d5ff3391fff206e4c5c9b138c9d6"/>
        </md:IDPSSODescriptor>
    </md:EntityDescriptor>
    <md:EntityDescriptor validUntil="2013-01-30T11:03:12Z" entityID="urn:federation:FontysADFS">
        <md:IDPSSODescriptor protocolSupportEnumeration="urn:oasis:names:tc:SAML:2.0:protocol">
            <md:Extensions>
                <mdui:UIInfo>
                    <mdui:DisplayName xml:lang="nl">Fontys Hogescholen</mdui:DisplayName>
                    <mdui:DisplayName xml:lang="en">Fontys University of Applied Sciences</mdui:DisplayName>
                    <mdui:Description xml:lang="nl">Fontys Hogescholen</mdui:Description>
                    <mdui:Description xml:lang="en">Fontys Hogescholen</mdui:Description>
                    <mdui:Keywords xml:lang="nl">Fontys Hogescholen Fontys University of Applied Sciences HBO</mdui:Keywords>
                    <mdui:Keywords xml:lang="en">Fontys Hogescholen Fontys University of Applied Sciences HBO</mdui:Keywords>
                </mdui:UIInfo>
            </md:Extensions>
            <md:KeyDescriptor xmlns:ds="http://www.w3.org/2000/09/xmldsig#" use="signing">
                <ds:KeyInfo>
                    <ds:X509Data>
                        <ds:X509Certificate>MIIDyzCCArOgAwIBAgIJAMzixtXMUH1NMA0GCSqGSIb3DQEBBQUAMHwxCzAJBgNV
                            BAYTAk5MMRAwDgYDVQQIDAdVdHJlY2h0MRAwDgYDVQQHDAdVdHJlY2h0MRUwEwYD
                            VQQKDAxTVVJGbmV0IEIuVi4xEzARBgNVBAsMClNVUkZjb25leHQxHTAbBgNVBAMM
                            FGVuZ2luZS5zdXJmY29uZXh0Lm5sMB4XDTExMDEyNDEwMTg1N1oXDTIxMDEyMzEw
                            MTg1N1owfDELMAkGA1UEBhMCTkwxEDAOBgNVBAgMB1V0cmVjaHQxEDAOBgNVBAcM
                            B1V0cmVjaHQxFTATBgNVBAoMDFNVUkZuZXQgQi5WLjETMBEGA1UECwwKU1VSRmNv
                            bmV4dDEdMBsGA1UEAwwUZW5naW5lLnN1cmZjb25leHQubmwwggEiMA0GCSqGSIb3
                            DQEBAQUAA4IBDwAwggEKAoIBAQDMJ6v+f3owS3KR5IXSil+3XFwGvCVeYx3jDOFK
                            AnwvXlDpTu+t730b8/spHtlopyJVAlb6qBIPN7R4TGTLqiu0zebYsYx/PtqCk5cb
                            u9qs3h+p2BBoTXVwXA/ZYi0tqtxp04hcNrRj1TAgLyC0S+KASTF+zzccAcjTBid5
                            EMioo+YllgSEobWJ4X33XVRqNrikAPDsNmDrdKUi257JSO2xhVIG5lbtmDaL5ORC
                            D56oRmVdp7VQTEQ3Yass8J5Rn+Ub6WmRBYeG+KzFBvtyBput2o0/gvtJn9L+NWeD
                            B0LyUPaUYG/X4GF14FcmFQfz7I5jBCNHtPcLJbPYbZKQNhz/AgMBAAGjUDBOMB0G
                            A1UdDgQWBBS9QqP8gtMM6nm4oYzNbgqhEDP1aDAfBgNVHSMEGDAWgBS9QqP8gtMM
                            6nm4oYzNbgqhEDP1aDAMBgNVHRMEBTADAQH/MA0GCSqGSIb3DQEBBQUAA4IBAQBH
                            2qyYwLwesIOxUTj+NJ0VXRBDH8VecNLiUUs9Np4x8A0pxLvlNnv5TdJAruEg1LSV
                            mAqqPUdAB2m7CKDeUVM9cwOB7vqelV2GNgOfevXi+DZRMffyyE8qyIcnTqvDOgcR
                            8qGTPSVT+SIsOkV9bYrjltrbnal7cJermsA8SC5w/pjLaOHI1xIZHquZzymWoN3Z
                            fz2CQg2r5o+AURYd74GrHhHqVa9VrdWtcimB+vTQQihoLt8YciehpJjOMpx2D66e
                            FfpC8ix31RRdjAVIo1y33h1yU3gEHePDbOthZE+lpXi2WJqO85H85LqJOtgn2WPI
                            3P2Tx32Cq1WXCYkxLaPI
</ds:X509Certificate>
                    </ds:X509Data>
                </ds:KeyInfo>
            </md:KeyDescriptor>
            <md:KeyDescriptor xmlns:ds="http://www.w3.org/2000/09/xmldsig#" use="encryption">
                <ds:KeyInfo>
                    <ds:X509Data>
                        <ds:X509Certificate>MIIDyzCCArOgAwIBAgIJAMzixtXMUH1NMA0GCSqGSIb3DQEBBQUAMHwxCzAJBgNV
                            BAYTAk5MMRAwDgYDVQQIDAdVdHJlY2h0MRAwDgYDVQQHDAdVdHJlY2h0MRUwEwYD
                            VQQKDAxTVVJGbmV0IEIuVi4xEzARBgNVBAsMClNVUkZjb25leHQxHTAbBgNVBAMM
                            FGVuZ2luZS5zdXJmY29uZXh0Lm5sMB4XDTExMDEyNDEwMTg1N1oXDTIxMDEyMzEw
                            MTg1N1owfDELMAkGA1UEBhMCTkwxEDAOBgNVBAgMB1V0cmVjaHQxEDAOBgNVBAcM
                            B1V0cmVjaHQxFTATBgNVBAoMDFNVUkZuZXQgQi5WLjETMBEGA1UECwwKU1VSRmNv
                            bmV4dDEdMBsGA1UEAwwUZW5naW5lLnN1cmZjb25leHQubmwwggEiMA0GCSqGSIb3
                            DQEBAQUAA4IBDwAwggEKAoIBAQDMJ6v+f3owS3KR5IXSil+3XFwGvCVeYx3jDOFK
                            AnwvXlDpTu+t730b8/spHtlopyJVAlb6qBIPN7R4TGTLqiu0zebYsYx/PtqCk5cb
                            u9qs3h+p2BBoTXVwXA/ZYi0tqtxp04hcNrRj1TAgLyC0S+KASTF+zzccAcjTBid5
                            EMioo+YllgSEobWJ4X33XVRqNrikAPDsNmDrdKUi257JSO2xhVIG5lbtmDaL5ORC
                            D56oRmVdp7VQTEQ3Yass8J5Rn+Ub6WmRBYeG+KzFBvtyBput2o0/gvtJn9L+NWeD
                            B0LyUPaUYG/X4GF14FcmFQfz7I5jBCNHtPcLJbPYbZKQNhz/AgMBAAGjUDBOMB0G
                            A1UdDgQWBBS9QqP8gtMM6nm4oYzNbgqhEDP1aDAfBgNVHSMEGDAWgBS9QqP8gtMM
                            6nm4oYzNbgqhEDP1aDAMBgNVHRMEBTADAQH/MA0GCSqGSIb3DQEBBQUAA4IBAQBH
                            2qyYwLwesIOxUTj+NJ0VXRBDH8VecNLiUUs9Np4x8A0pxLvlNnv5TdJAruEg1LSV
                            mAqqPUdAB2m7CKDeUVM9cwOB7vqelV2GNgOfevXi+DZRMffyyE8qyIcnTqvDOgcR
                            8qGTPSVT+SIsOkV9bYrjltrbnal7cJermsA8SC5w/pjLaOHI1xIZHquZzymWoN3Z
                            fz2CQg2r5o+AURYd74GrHhHqVa9VrdWtcimB+vTQQihoLt8YciehpJjOMpx2D66e
                            FfpC8ix31RRdjAVIo1y33h1yU3gEHePDbOthZE+lpXi2WJqO85H85LqJOtgn2WPI
                            3P2Tx32Cq1WXCYkxLaPI
</ds:X509Certificate>
                    </ds:X509Data>
                </ds:KeyInfo>
            </md:KeyDescriptor>
            <md:NameIDFormat>urn:oasis:names:tc:SAML:2.0:nameid-format:transient</md:NameIDFormat>
            <md:SingleSignOnService Binding="urn:oasis:names:tc:SAML:2.0:bindings:HTTP-Redirect" Location="https://engine.surfconext.nl/authentication/idp/single-sign-on/9c1006727c55bee3de27f57ed493ca0d"/>
        </md:IDPSSODescriptor>
    </md:EntityDescriptor>
    <md:EntityDescriptor validUntil="2013-01-30T11:03:12Z" entityID="http://federatie.driestar-educatief.nl/adfs/services/trust">
        <md:IDPSSODescriptor protocolSupportEnumeration="urn:oasis:names:tc:SAML:2.0:protocol">
            <md:Extensions>
                <mdui:UIInfo>
                    <mdui:Description xml:lang="nl">Driestar Educatief</mdui:Description>
                    <mdui:Description xml:lang="en">Driestar Educatief</mdui:Description>
                    <mdui:Logo height="108" width="120">https://wayf.surfnet.nl/federate/surfnet/img/logo/driestar.png</mdui:Logo>
                    <mdui:Keywords xml:lang="nl">Driestar Educatief HBO</mdui:Keywords>
                    <mdui:Keywords xml:lang="en">Driestar Educatief HBO</mdui:Keywords>
                </mdui:UIInfo>
            </md:Extensions>
            <md:KeyDescriptor xmlns:ds="http://www.w3.org/2000/09/xmldsig#" use="signing">
                <ds:KeyInfo>
                    <ds:X509Data>
                        <ds:X509Certificate>MIIDyzCCArOgAwIBAgIJAMzixtXMUH1NMA0GCSqGSIb3DQEBBQUAMHwxCzAJBgNV
                            BAYTAk5MMRAwDgYDVQQIDAdVdHJlY2h0MRAwDgYDVQQHDAdVdHJlY2h0MRUwEwYD
                            VQQKDAxTVVJGbmV0IEIuVi4xEzARBgNVBAsMClNVUkZjb25leHQxHTAbBgNVBAMM
                            FGVuZ2luZS5zdXJmY29uZXh0Lm5sMB4XDTExMDEyNDEwMTg1N1oXDTIxMDEyMzEw
                            MTg1N1owfDELMAkGA1UEBhMCTkwxEDAOBgNVBAgMB1V0cmVjaHQxEDAOBgNVBAcM
                            B1V0cmVjaHQxFTATBgNVBAoMDFNVUkZuZXQgQi5WLjETMBEGA1UECwwKU1VSRmNv
                            bmV4dDEdMBsGA1UEAwwUZW5naW5lLnN1cmZjb25leHQubmwwggEiMA0GCSqGSIb3
                            DQEBAQUAA4IBDwAwggEKAoIBAQDMJ6v+f3owS3KR5IXSil+3XFwGvCVeYx3jDOFK
                            AnwvXlDpTu+t730b8/spHtlopyJVAlb6qBIPN7R4TGTLqiu0zebYsYx/PtqCk5cb
                            u9qs3h+p2BBoTXVwXA/ZYi0tqtxp04hcNrRj1TAgLyC0S+KASTF+zzccAcjTBid5
                            EMioo+YllgSEobWJ4X33XVRqNrikAPDsNmDrdKUi257JSO2xhVIG5lbtmDaL5ORC
                            D56oRmVdp7VQTEQ3Yass8J5Rn+Ub6WmRBYeG+KzFBvtyBput2o0/gvtJn9L+NWeD
                            B0LyUPaUYG/X4GF14FcmFQfz7I5jBCNHtPcLJbPYbZKQNhz/AgMBAAGjUDBOMB0G
                            A1UdDgQWBBS9QqP8gtMM6nm4oYzNbgqhEDP1aDAfBgNVHSMEGDAWgBS9QqP8gtMM
                            6nm4oYzNbgqhEDP1aDAMBgNVHRMEBTADAQH/MA0GCSqGSIb3DQEBBQUAA4IBAQBH
                            2qyYwLwesIOxUTj+NJ0VXRBDH8VecNLiUUs9Np4x8A0pxLvlNnv5TdJAruEg1LSV
                            mAqqPUdAB2m7CKDeUVM9cwOB7vqelV2GNgOfevXi+DZRMffyyE8qyIcnTqvDOgcR
                            8qGTPSVT+SIsOkV9bYrjltrbnal7cJermsA8SC5w/pjLaOHI1xIZHquZzymWoN3Z
                            fz2CQg2r5o+AURYd74GrHhHqVa9VrdWtcimB+vTQQihoLt8YciehpJjOMpx2D66e
                            FfpC8ix31RRdjAVIo1y33h1yU3gEHePDbOthZE+lpXi2WJqO85H85LqJOtgn2WPI
                            3P2Tx32Cq1WXCYkxLaPI
</ds:X509Certificate>
                    </ds:X509Data>
                </ds:KeyInfo>
            </md:KeyDescriptor>
            <md:KeyDescriptor xmlns:ds="http://www.w3.org/2000/09/xmldsig#" use="encryption">
                <ds:KeyInfo>
                    <ds:X509Data>
                        <ds:X509Certificate>MIIDyzCCArOgAwIBAgIJAMzixtXMUH1NMA0GCSqGSIb3DQEBBQUAMHwxCzAJBgNV
                            BAYTAk5MMRAwDgYDVQQIDAdVdHJlY2h0MRAwDgYDVQQHDAdVdHJlY2h0MRUwEwYD
                            VQQKDAxTVVJGbmV0IEIuVi4xEzARBgNVBAsMClNVUkZjb25leHQxHTAbBgNVBAMM
                            FGVuZ2luZS5zdXJmY29uZXh0Lm5sMB4XDTExMDEyNDEwMTg1N1oXDTIxMDEyMzEw
                            MTg1N1owfDELMAkGA1UEBhMCTkwxEDAOBgNVBAgMB1V0cmVjaHQxEDAOBgNVBAcM
                            B1V0cmVjaHQxFTATBgNVBAoMDFNVUkZuZXQgQi5WLjETMBEGA1UECwwKU1VSRmNv
                            bmV4dDEdMBsGA1UEAwwUZW5naW5lLnN1cmZjb25leHQubmwwggEiMA0GCSqGSIb3
                            DQEBAQUAA4IBDwAwggEKAoIBAQDMJ6v+f3owS3KR5IXSil+3XFwGvCVeYx3jDOFK
                            AnwvXlDpTu+t730b8/spHtlopyJVAlb6qBIPN7R4TGTLqiu0zebYsYx/PtqCk5cb
                            u9qs3h+p2BBoTXVwXA/ZYi0tqtxp04hcNrRj1TAgLyC0S+KASTF+zzccAcjTBid5
                            EMioo+YllgSEobWJ4X33XVRqNrikAPDsNmDrdKUi257JSO2xhVIG5lbtmDaL5ORC
                            D56oRmVdp7VQTEQ3Yass8J5Rn+Ub6WmRBYeG+KzFBvtyBput2o0/gvtJn9L+NWeD
                            B0LyUPaUYG/X4GF14FcmFQfz7I5jBCNHtPcLJbPYbZKQNhz/AgMBAAGjUDBOMB0G
                            A1UdDgQWBBS9QqP8gtMM6nm4oYzNbgqhEDP1aDAfBgNVHSMEGDAWgBS9QqP8gtMM
                            6nm4oYzNbgqhEDP1aDAMBgNVHRMEBTADAQH/MA0GCSqGSIb3DQEBBQUAA4IBAQBH
                            2qyYwLwesIOxUTj+NJ0VXRBDH8VecNLiUUs9Np4x8A0pxLvlNnv5TdJAruEg1LSV
                            mAqqPUdAB2m7CKDeUVM9cwOB7vqelV2GNgOfevXi+DZRMffyyE8qyIcnTqvDOgcR
                            8qGTPSVT+SIsOkV9bYrjltrbnal7cJermsA8SC5w/pjLaOHI1xIZHquZzymWoN3Z
                            fz2CQg2r5o+AURYd74GrHhHqVa9VrdWtcimB+vTQQihoLt8YciehpJjOMpx2D66e
                            FfpC8ix31RRdjAVIo1y33h1yU3gEHePDbOthZE+lpXi2WJqO85H85LqJOtgn2WPI
                            3P2Tx32Cq1WXCYkxLaPI
</ds:X509Certificate>
                    </ds:X509Data>
                </ds:KeyInfo>
            </md:KeyDescriptor>
            <md:NameIDFormat>urn:oasis:names:tc:SAML:2.0:nameid-format:transient</md:NameIDFormat>
            <md:SingleSignOnService Binding="urn:oasis:names:tc:SAML:2.0:bindings:HTTP-Redirect" Location="https://engine.surfconext.nl/authentication/idp/single-sign-on/ebc22074669e3e895bbb22bdf6d5c6da"/>
        </md:IDPSSODescriptor>
    </md:EntityDescriptor>
    <md:EntityDescriptor validUntil="2013-01-30T11:03:12Z" entityID="http://federatie.clusius.nl/adfs/services/trust">
        <md:IDPSSODescriptor protocolSupportEnumeration="urn:oasis:names:tc:SAML:2.0:protocol">
            <md:Extensions>
                <mdui:UIInfo>
                    <mdui:Description xml:lang="nl">Clusius College</mdui:Description>
                    <mdui:Description xml:lang="en">Clusius College</mdui:Description>
                    <mdui:Logo height="37" width="108">https://wayf.surfnet.nl/federate/surfnet/img/logo/clusius.png</mdui:Logo>
                    <mdui:Keywords xml:lang="nl">Clusius College MBO</mdui:Keywords>
                    <mdui:Keywords xml:lang="en">Clusius College MBO</mdui:Keywords>
                </mdui:UIInfo>
            </md:Extensions>
            <md:KeyDescriptor xmlns:ds="http://www.w3.org/2000/09/xmldsig#" use="signing">
                <ds:KeyInfo>
                    <ds:X509Data>
                        <ds:X509Certificate>MIIDyzCCArOgAwIBAgIJAMzixtXMUH1NMA0GCSqGSIb3DQEBBQUAMHwxCzAJBgNV
                            BAYTAk5MMRAwDgYDVQQIDAdVdHJlY2h0MRAwDgYDVQQHDAdVdHJlY2h0MRUwEwYD
                            VQQKDAxTVVJGbmV0IEIuVi4xEzARBgNVBAsMClNVUkZjb25leHQxHTAbBgNVBAMM
                            FGVuZ2luZS5zdXJmY29uZXh0Lm5sMB4XDTExMDEyNDEwMTg1N1oXDTIxMDEyMzEw
                            MTg1N1owfDELMAkGA1UEBhMCTkwxEDAOBgNVBAgMB1V0cmVjaHQxEDAOBgNVBAcM
                            B1V0cmVjaHQxFTATBgNVBAoMDFNVUkZuZXQgQi5WLjETMBEGA1UECwwKU1VSRmNv
                            bmV4dDEdMBsGA1UEAwwUZW5naW5lLnN1cmZjb25leHQubmwwggEiMA0GCSqGSIb3
                            DQEBAQUAA4IBDwAwggEKAoIBAQDMJ6v+f3owS3KR5IXSil+3XFwGvCVeYx3jDOFK
                            AnwvXlDpTu+t730b8/spHtlopyJVAlb6qBIPN7R4TGTLqiu0zebYsYx/PtqCk5cb
                            u9qs3h+p2BBoTXVwXA/ZYi0tqtxp04hcNrRj1TAgLyC0S+KASTF+zzccAcjTBid5
                            EMioo+YllgSEobWJ4X33XVRqNrikAPDsNmDrdKUi257JSO2xhVIG5lbtmDaL5ORC
                            D56oRmVdp7VQTEQ3Yass8J5Rn+Ub6WmRBYeG+KzFBvtyBput2o0/gvtJn9L+NWeD
                            B0LyUPaUYG/X4GF14FcmFQfz7I5jBCNHtPcLJbPYbZKQNhz/AgMBAAGjUDBOMB0G
                            A1UdDgQWBBS9QqP8gtMM6nm4oYzNbgqhEDP1aDAfBgNVHSMEGDAWgBS9QqP8gtMM
                            6nm4oYzNbgqhEDP1aDAMBgNVHRMEBTADAQH/MA0GCSqGSIb3DQEBBQUAA4IBAQBH
                            2qyYwLwesIOxUTj+NJ0VXRBDH8VecNLiUUs9Np4x8A0pxLvlNnv5TdJAruEg1LSV
                            mAqqPUdAB2m7CKDeUVM9cwOB7vqelV2GNgOfevXi+DZRMffyyE8qyIcnTqvDOgcR
                            8qGTPSVT+SIsOkV9bYrjltrbnal7cJermsA8SC5w/pjLaOHI1xIZHquZzymWoN3Z
                            fz2CQg2r5o+AURYd74GrHhHqVa9VrdWtcimB+vTQQihoLt8YciehpJjOMpx2D66e
                            FfpC8ix31RRdjAVIo1y33h1yU3gEHePDbOthZE+lpXi2WJqO85H85LqJOtgn2WPI
                            3P2Tx32Cq1WXCYkxLaPI
</ds:X509Certificate>
                    </ds:X509Data>
                </ds:KeyInfo>
            </md:KeyDescriptor>
            <md:KeyDescriptor xmlns:ds="http://www.w3.org/2000/09/xmldsig#" use="encryption">
                <ds:KeyInfo>
                    <ds:X509Data>
                        <ds:X509Certificate>MIIDyzCCArOgAwIBAgIJAMzixtXMUH1NMA0GCSqGSIb3DQEBBQUAMHwxCzAJBgNV
                            BAYTAk5MMRAwDgYDVQQIDAdVdHJlY2h0MRAwDgYDVQQHDAdVdHJlY2h0MRUwEwYD
                            VQQKDAxTVVJGbmV0IEIuVi4xEzARBgNVBAsMClNVUkZjb25leHQxHTAbBgNVBAMM
                            FGVuZ2luZS5zdXJmY29uZXh0Lm5sMB4XDTExMDEyNDEwMTg1N1oXDTIxMDEyMzEw
                            MTg1N1owfDELMAkGA1UEBhMCTkwxEDAOBgNVBAgMB1V0cmVjaHQxEDAOBgNVBAcM
                            B1V0cmVjaHQxFTATBgNVBAoMDFNVUkZuZXQgQi5WLjETMBEGA1UECwwKU1VSRmNv
                            bmV4dDEdMBsGA1UEAwwUZW5naW5lLnN1cmZjb25leHQubmwwggEiMA0GCSqGSIb3
                            DQEBAQUAA4IBDwAwggEKAoIBAQDMJ6v+f3owS3KR5IXSil+3XFwGvCVeYx3jDOFK
                            AnwvXlDpTu+t730b8/spHtlopyJVAlb6qBIPN7R4TGTLqiu0zebYsYx/PtqCk5cb
                            u9qs3h+p2BBoTXVwXA/ZYi0tqtxp04hcNrRj1TAgLyC0S+KASTF+zzccAcjTBid5
                            EMioo+YllgSEobWJ4X33XVRqNrikAPDsNmDrdKUi257JSO2xhVIG5lbtmDaL5ORC
                            D56oRmVdp7VQTEQ3Yass8J5Rn+Ub6WmRBYeG+KzFBvtyBput2o0/gvtJn9L+NWeD
                            B0LyUPaUYG/X4GF14FcmFQfz7I5jBCNHtPcLJbPYbZKQNhz/AgMBAAGjUDBOMB0G
                            A1UdDgQWBBS9QqP8gtMM6nm4oYzNbgqhEDP1aDAfBgNVHSMEGDAWgBS9QqP8gtMM
                            6nm4oYzNbgqhEDP1aDAMBgNVHRMEBTADAQH/MA0GCSqGSIb3DQEBBQUAA4IBAQBH
                            2qyYwLwesIOxUTj+NJ0VXRBDH8VecNLiUUs9Np4x8A0pxLvlNnv5TdJAruEg1LSV
                            mAqqPUdAB2m7CKDeUVM9cwOB7vqelV2GNgOfevXi+DZRMffyyE8qyIcnTqvDOgcR
                            8qGTPSVT+SIsOkV9bYrjltrbnal7cJermsA8SC5w/pjLaOHI1xIZHquZzymWoN3Z
                            fz2CQg2r5o+AURYd74GrHhHqVa9VrdWtcimB+vTQQihoLt8YciehpJjOMpx2D66e
                            FfpC8ix31RRdjAVIo1y33h1yU3gEHePDbOthZE+lpXi2WJqO85H85LqJOtgn2WPI
                            3P2Tx32Cq1WXCYkxLaPI
</ds:X509Certificate>
                    </ds:X509Data>
                </ds:KeyInfo>
            </md:KeyDescriptor>
            <md:NameIDFormat>urn:oasis:names:tc:SAML:2.0:nameid-format:transient</md:NameIDFormat>
            <md:SingleSignOnService Binding="urn:oasis:names:tc:SAML:2.0:bindings:HTTP-Redirect" Location="https://engine.surfconext.nl/authentication/idp/single-sign-on/47d9881f7198a3e15644c76503f0402d"/>
        </md:IDPSSODescriptor>
    </md:EntityDescriptor>
    <md:EntityDescriptor validUntil="2013-01-30T11:03:12Z" entityID="urn:federation:knaw:bureau">
        <md:IDPSSODescriptor protocolSupportEnumeration="urn:oasis:names:tc:SAML:2.0:protocol">
            <md:Extensions>
                <mdui:UIInfo>
                    <mdui:DisplayName xml:lang="nl">Bureau (KNAW)</mdui:DisplayName>
                    <mdui:DisplayName xml:lang="en">Bureau (KNAW)</mdui:DisplayName>
                    <mdui:Description xml:lang="nl">Bureau (KNAW)</mdui:Description>
                    <mdui:Description xml:lang="en">Bureau (KNAW)</mdui:Description>
                    <mdui:Logo height="48" width="48">https://wayf.surfnet.nl/federate/surfnet/img/logo/knaw.png</mdui:Logo>
                    <mdui:Keywords xml:lang="nl">Bureau (KNAW)</mdui:Keywords>
                    <mdui:Keywords xml:lang="en">Bureau (KNAW)</mdui:Keywords>
                </mdui:UIInfo>
            </md:Extensions>
            <md:KeyDescriptor xmlns:ds="http://www.w3.org/2000/09/xmldsig#" use="signing">
                <ds:KeyInfo>
                    <ds:X509Data>
                        <ds:X509Certificate>MIIDyzCCArOgAwIBAgIJAMzixtXMUH1NMA0GCSqGSIb3DQEBBQUAMHwxCzAJBgNV
                            BAYTAk5MMRAwDgYDVQQIDAdVdHJlY2h0MRAwDgYDVQQHDAdVdHJlY2h0MRUwEwYD
                            VQQKDAxTVVJGbmV0IEIuVi4xEzARBgNVBAsMClNVUkZjb25leHQxHTAbBgNVBAMM
                            FGVuZ2luZS5zdXJmY29uZXh0Lm5sMB4XDTExMDEyNDEwMTg1N1oXDTIxMDEyMzEw
                            MTg1N1owfDELMAkGA1UEBhMCTkwxEDAOBgNVBAgMB1V0cmVjaHQxEDAOBgNVBAcM
                            B1V0cmVjaHQxFTATBgNVBAoMDFNVUkZuZXQgQi5WLjETMBEGA1UECwwKU1VSRmNv
                            bmV4dDEdMBsGA1UEAwwUZW5naW5lLnN1cmZjb25leHQubmwwggEiMA0GCSqGSIb3
                            DQEBAQUAA4IBDwAwggEKAoIBAQDMJ6v+f3owS3KR5IXSil+3XFwGvCVeYx3jDOFK
                            AnwvXlDpTu+t730b8/spHtlopyJVAlb6qBIPN7R4TGTLqiu0zebYsYx/PtqCk5cb
                            u9qs3h+p2BBoTXVwXA/ZYi0tqtxp04hcNrRj1TAgLyC0S+KASTF+zzccAcjTBid5
                            EMioo+YllgSEobWJ4X33XVRqNrikAPDsNmDrdKUi257JSO2xhVIG5lbtmDaL5ORC
                            D56oRmVdp7VQTEQ3Yass8J5Rn+Ub6WmRBYeG+KzFBvtyBput2o0/gvtJn9L+NWeD
                            B0LyUPaUYG/X4GF14FcmFQfz7I5jBCNHtPcLJbPYbZKQNhz/AgMBAAGjUDBOMB0G
                            A1UdDgQWBBS9QqP8gtMM6nm4oYzNbgqhEDP1aDAfBgNVHSMEGDAWgBS9QqP8gtMM
                            6nm4oYzNbgqhEDP1aDAMBgNVHRMEBTADAQH/MA0GCSqGSIb3DQEBBQUAA4IBAQBH
                            2qyYwLwesIOxUTj+NJ0VXRBDH8VecNLiUUs9Np4x8A0pxLvlNnv5TdJAruEg1LSV
                            mAqqPUdAB2m7CKDeUVM9cwOB7vqelV2GNgOfevXi+DZRMffyyE8qyIcnTqvDOgcR
                            8qGTPSVT+SIsOkV9bYrjltrbnal7cJermsA8SC5w/pjLaOHI1xIZHquZzymWoN3Z
                            fz2CQg2r5o+AURYd74GrHhHqVa9VrdWtcimB+vTQQihoLt8YciehpJjOMpx2D66e
                            FfpC8ix31RRdjAVIo1y33h1yU3gEHePDbOthZE+lpXi2WJqO85H85LqJOtgn2WPI
                            3P2Tx32Cq1WXCYkxLaPI
</ds:X509Certificate>
                    </ds:X509Data>
                </ds:KeyInfo>
            </md:KeyDescriptor>
            <md:KeyDescriptor xmlns:ds="http://www.w3.org/2000/09/xmldsig#" use="encryption">
                <ds:KeyInfo>
                    <ds:X509Data>
                        <ds:X509Certificate>MIIDyzCCArOgAwIBAgIJAMzixtXMUH1NMA0GCSqGSIb3DQEBBQUAMHwxCzAJBgNV
                            BAYTAk5MMRAwDgYDVQQIDAdVdHJlY2h0MRAwDgYDVQQHDAdVdHJlY2h0MRUwEwYD
                            VQQKDAxTVVJGbmV0IEIuVi4xEzARBgNVBAsMClNVUkZjb25leHQxHTAbBgNVBAMM
                            FGVuZ2luZS5zdXJmY29uZXh0Lm5sMB4XDTExMDEyNDEwMTg1N1oXDTIxMDEyMzEw
                            MTg1N1owfDELMAkGA1UEBhMCTkwxEDAOBgNVBAgMB1V0cmVjaHQxEDAOBgNVBAcM
                            B1V0cmVjaHQxFTATBgNVBAoMDFNVUkZuZXQgQi5WLjETMBEGA1UECwwKU1VSRmNv
                            bmV4dDEdMBsGA1UEAwwUZW5naW5lLnN1cmZjb25leHQubmwwggEiMA0GCSqGSIb3
                            DQEBAQUAA4IBDwAwggEKAoIBAQDMJ6v+f3owS3KR5IXSil+3XFwGvCVeYx3jDOFK
                            AnwvXlDpTu+t730b8/spHtlopyJVAlb6qBIPN7R4TGTLqiu0zebYsYx/PtqCk5cb
                            u9qs3h+p2BBoTXVwXA/ZYi0tqtxp04hcNrRj1TAgLyC0S+KASTF+zzccAcjTBid5
                            EMioo+YllgSEobWJ4X33XVRqNrikAPDsNmDrdKUi257JSO2xhVIG5lbtmDaL5ORC
                            D56oRmVdp7VQTEQ3Yass8J5Rn+Ub6WmRBYeG+KzFBvtyBput2o0/gvtJn9L+NWeD
                            B0LyUPaUYG/X4GF14FcmFQfz7I5jBCNHtPcLJbPYbZKQNhz/AgMBAAGjUDBOMB0G
                            A1UdDgQWBBS9QqP8gtMM6nm4oYzNbgqhEDP1aDAfBgNVHSMEGDAWgBS9QqP8gtMM
                            6nm4oYzNbgqhEDP1aDAMBgNVHRMEBTADAQH/MA0GCSqGSIb3DQEBBQUAA4IBAQBH
                            2qyYwLwesIOxUTj+NJ0VXRBDH8VecNLiUUs9Np4x8A0pxLvlNnv5TdJAruEg1LSV
                            mAqqPUdAB2m7CKDeUVM9cwOB7vqelV2GNgOfevXi+DZRMffyyE8qyIcnTqvDOgcR
                            8qGTPSVT+SIsOkV9bYrjltrbnal7cJermsA8SC5w/pjLaOHI1xIZHquZzymWoN3Z
                            fz2CQg2r5o+AURYd74GrHhHqVa9VrdWtcimB+vTQQihoLt8YciehpJjOMpx2D66e
                            FfpC8ix31RRdjAVIo1y33h1yU3gEHePDbOthZE+lpXi2WJqO85H85LqJOtgn2WPI
                            3P2Tx32Cq1WXCYkxLaPI
</ds:X509Certificate>
                    </ds:X509Data>
                </ds:KeyInfo>
            </md:KeyDescriptor>
            <md:NameIDFormat>urn:oasis:names:tc:SAML:2.0:nameid-format:transient</md:NameIDFormat>
            <md:SingleSignOnService Binding="urn:oasis:names:tc:SAML:2.0:bindings:HTTP-Redirect" Location="https://engine.surfconext.nl/authentication/idp/single-sign-on/fb967f517eea9ae3a66d1e0bc74b52e9"/>
        </md:IDPSSODescriptor>
    </md:EntityDescriptor>
    <md:EntityDescriptor validUntil="2013-01-30T11:03:12Z" entityID="urn:federation:telematicainstituut">
        <md:IDPSSODescriptor protocolSupportEnumeration="urn:oasis:names:tc:SAML:2.0:protocol">
            <md:Extensions>
                <mdui:UIInfo>
                    <mdui:DisplayName xml:lang="nl">NOVAY</mdui:DisplayName>
                    <mdui:DisplayName xml:lang="en">NOVAY</mdui:DisplayName>
                    <mdui:Description xml:lang="nl">NOVAY</mdui:Description>
                    <mdui:Description xml:lang="en">NOVAY</mdui:Description>
                    <mdui:Keywords xml:lang="nl">NOVAY</mdui:Keywords>
                    <mdui:Keywords xml:lang="en">NOVAY</mdui:Keywords>
                </mdui:UIInfo>
            </md:Extensions>
            <md:KeyDescriptor xmlns:ds="http://www.w3.org/2000/09/xmldsig#" use="signing">
                <ds:KeyInfo>
                    <ds:X509Data>
                        <ds:X509Certificate>MIIDyzCCArOgAwIBAgIJAMzixtXMUH1NMA0GCSqGSIb3DQEBBQUAMHwxCzAJBgNV
                            BAYTAk5MMRAwDgYDVQQIDAdVdHJlY2h0MRAwDgYDVQQHDAdVdHJlY2h0MRUwEwYD
                            VQQKDAxTVVJGbmV0IEIuVi4xEzARBgNVBAsMClNVUkZjb25leHQxHTAbBgNVBAMM
                            FGVuZ2luZS5zdXJmY29uZXh0Lm5sMB4XDTExMDEyNDEwMTg1N1oXDTIxMDEyMzEw
                            MTg1N1owfDELMAkGA1UEBhMCTkwxEDAOBgNVBAgMB1V0cmVjaHQxEDAOBgNVBAcM
                            B1V0cmVjaHQxFTATBgNVBAoMDFNVUkZuZXQgQi5WLjETMBEGA1UECwwKU1VSRmNv
                            bmV4dDEdMBsGA1UEAwwUZW5naW5lLnN1cmZjb25leHQubmwwggEiMA0GCSqGSIb3
                            DQEBAQUAA4IBDwAwggEKAoIBAQDMJ6v+f3owS3KR5IXSil+3XFwGvCVeYx3jDOFK
                            AnwvXlDpTu+t730b8/spHtlopyJVAlb6qBIPN7R4TGTLqiu0zebYsYx/PtqCk5cb
                            u9qs3h+p2BBoTXVwXA/ZYi0tqtxp04hcNrRj1TAgLyC0S+KASTF+zzccAcjTBid5
                            EMioo+YllgSEobWJ4X33XVRqNrikAPDsNmDrdKUi257JSO2xhVIG5lbtmDaL5ORC
                            D56oRmVdp7VQTEQ3Yass8J5Rn+Ub6WmRBYeG+KzFBvtyBput2o0/gvtJn9L+NWeD
                            B0LyUPaUYG/X4GF14FcmFQfz7I5jBCNHtPcLJbPYbZKQNhz/AgMBAAGjUDBOMB0G
                            A1UdDgQWBBS9QqP8gtMM6nm4oYzNbgqhEDP1aDAfBgNVHSMEGDAWgBS9QqP8gtMM
                            6nm4oYzNbgqhEDP1aDAMBgNVHRMEBTADAQH/MA0GCSqGSIb3DQEBBQUAA4IBAQBH
                            2qyYwLwesIOxUTj+NJ0VXRBDH8VecNLiUUs9Np4x8A0pxLvlNnv5TdJAruEg1LSV
                            mAqqPUdAB2m7CKDeUVM9cwOB7vqelV2GNgOfevXi+DZRMffyyE8qyIcnTqvDOgcR
                            8qGTPSVT+SIsOkV9bYrjltrbnal7cJermsA8SC5w/pjLaOHI1xIZHquZzymWoN3Z
                            fz2CQg2r5o+AURYd74GrHhHqVa9VrdWtcimB+vTQQihoLt8YciehpJjOMpx2D66e
                            FfpC8ix31RRdjAVIo1y33h1yU3gEHePDbOthZE+lpXi2WJqO85H85LqJOtgn2WPI
                            3P2Tx32Cq1WXCYkxLaPI
</ds:X509Certificate>
                    </ds:X509Data>
                </ds:KeyInfo>
            </md:KeyDescriptor>
            <md:KeyDescriptor xmlns:ds="http://www.w3.org/2000/09/xmldsig#" use="encryption">
                <ds:KeyInfo>
                    <ds:X509Data>
                        <ds:X509Certificate>MIIDyzCCArOgAwIBAgIJAMzixtXMUH1NMA0GCSqGSIb3DQEBBQUAMHwxCzAJBgNV
                            BAYTAk5MMRAwDgYDVQQIDAdVdHJlY2h0MRAwDgYDVQQHDAdVdHJlY2h0MRUwEwYD
                            VQQKDAxTVVJGbmV0IEIuVi4xEzARBgNVBAsMClNVUkZjb25leHQxHTAbBgNVBAMM
                            FGVuZ2luZS5zdXJmY29uZXh0Lm5sMB4XDTExMDEyNDEwMTg1N1oXDTIxMDEyMzEw
                            MTg1N1owfDELMAkGA1UEBhMCTkwxEDAOBgNVBAgMB1V0cmVjaHQxEDAOBgNVBAcM
                            B1V0cmVjaHQxFTATBgNVBAoMDFNVUkZuZXQgQi5WLjETMBEGA1UECwwKU1VSRmNv
                            bmV4dDEdMBsGA1UEAwwUZW5naW5lLnN1cmZjb25leHQubmwwggEiMA0GCSqGSIb3
                            DQEBAQUAA4IBDwAwggEKAoIBAQDMJ6v+f3owS3KR5IXSil+3XFwGvCVeYx3jDOFK
                            AnwvXlDpTu+t730b8/spHtlopyJVAlb6qBIPN7R4TGTLqiu0zebYsYx/PtqCk5cb
                            u9qs3h+p2BBoTXVwXA/ZYi0tqtxp04hcNrRj1TAgLyC0S+KASTF+zzccAcjTBid5
                            EMioo+YllgSEobWJ4X33XVRqNrikAPDsNmDrdKUi257JSO2xhVIG5lbtmDaL5ORC
                            D56oRmVdp7VQTEQ3Yass8J5Rn+Ub6WmRBYeG+KzFBvtyBput2o0/gvtJn9L+NWeD
                            B0LyUPaUYG/X4GF14FcmFQfz7I5jBCNHtPcLJbPYbZKQNhz/AgMBAAGjUDBOMB0G
                            A1UdDgQWBBS9QqP8gtMM6nm4oYzNbgqhEDP1aDAfBgNVHSMEGDAWgBS9QqP8gtMM
                            6nm4oYzNbgqhEDP1aDAMBgNVHRMEBTADAQH/MA0GCSqGSIb3DQEBBQUAA4IBAQBH
                            2qyYwLwesIOxUTj+NJ0VXRBDH8VecNLiUUs9Np4x8A0pxLvlNnv5TdJAruEg1LSV
                            mAqqPUdAB2m7CKDeUVM9cwOB7vqelV2GNgOfevXi+DZRMffyyE8qyIcnTqvDOgcR
                            8qGTPSVT+SIsOkV9bYrjltrbnal7cJermsA8SC5w/pjLaOHI1xIZHquZzymWoN3Z
                            fz2CQg2r5o+AURYd74GrHhHqVa9VrdWtcimB+vTQQihoLt8YciehpJjOMpx2D66e
                            FfpC8ix31RRdjAVIo1y33h1yU3gEHePDbOthZE+lpXi2WJqO85H85LqJOtgn2WPI
                            3P2Tx32Cq1WXCYkxLaPI
</ds:X509Certificate>
                    </ds:X509Data>
                </ds:KeyInfo>
            </md:KeyDescriptor>
            <md:NameIDFormat>urn:oasis:names:tc:SAML:2.0:nameid-format:transient</md:NameIDFormat>
            <md:SingleSignOnService Binding="urn:oasis:names:tc:SAML:2.0:bindings:HTTP-Redirect" Location="https://engine.surfconext.nl/authentication/idp/single-sign-on/c338743452c5ee245fa3a7cbea5441f7"/>
        </md:IDPSSODescriptor>
    </md:EntityDescriptor>
    <md:EntityDescriptor validUntil="2013-01-30T11:03:12Z" entityID="https://sso.nikhef.nl/sso/saml2/idp/metadata.php">
        <md:IDPSSODescriptor protocolSupportEnumeration="urn:oasis:names:tc:SAML:2.0:protocol">
            <md:Extensions>
                <mdui:UIInfo>
                    <mdui:Description xml:lang="nl">Nikhef</mdui:Description>
                    <mdui:Description xml:lang="en">Nikhef</mdui:Description>
                    <mdui:Logo height="48" width="108">https://wayf.surfnet.nl/federate/surfnet/img/logo/nikhef.png</mdui:Logo>
                    <mdui:Keywords xml:lang="nl">nationaal instituut subatomaire fysica Nikhef</mdui:Keywords>
                    <mdui:Keywords xml:lang="en">national institute subatomic physics Nikhef</mdui:Keywords>
                </mdui:UIInfo>
            </md:Extensions>
            <md:KeyDescriptor xmlns:ds="http://www.w3.org/2000/09/xmldsig#" use="signing">
                <ds:KeyInfo>
                    <ds:X509Data>
                        <ds:X509Certificate>MIIDyzCCArOgAwIBAgIJAMzixtXMUH1NMA0GCSqGSIb3DQEBBQUAMHwxCzAJBgNV
                            BAYTAk5MMRAwDgYDVQQIDAdVdHJlY2h0MRAwDgYDVQQHDAdVdHJlY2h0MRUwEwYD
                            VQQKDAxTVVJGbmV0IEIuVi4xEzARBgNVBAsMClNVUkZjb25leHQxHTAbBgNVBAMM
                            FGVuZ2luZS5zdXJmY29uZXh0Lm5sMB4XDTExMDEyNDEwMTg1N1oXDTIxMDEyMzEw
                            MTg1N1owfDELMAkGA1UEBhMCTkwxEDAOBgNVBAgMB1V0cmVjaHQxEDAOBgNVBAcM
                            B1V0cmVjaHQxFTATBgNVBAoMDFNVUkZuZXQgQi5WLjETMBEGA1UECwwKU1VSRmNv
                            bmV4dDEdMBsGA1UEAwwUZW5naW5lLnN1cmZjb25leHQubmwwggEiMA0GCSqGSIb3
                            DQEBAQUAA4IBDwAwggEKAoIBAQDMJ6v+f3owS3KR5IXSil+3XFwGvCVeYx3jDOFK
                            AnwvXlDpTu+t730b8/spHtlopyJVAlb6qBIPN7R4TGTLqiu0zebYsYx/PtqCk5cb
                            u9qs3h+p2BBoTXVwXA/ZYi0tqtxp04hcNrRj1TAgLyC0S+KASTF+zzccAcjTBid5
                            EMioo+YllgSEobWJ4X33XVRqNrikAPDsNmDrdKUi257JSO2xhVIG5lbtmDaL5ORC
                            D56oRmVdp7VQTEQ3Yass8J5Rn+Ub6WmRBYeG+KzFBvtyBput2o0/gvtJn9L+NWeD
                            B0LyUPaUYG/X4GF14FcmFQfz7I5jBCNHtPcLJbPYbZKQNhz/AgMBAAGjUDBOMB0G
                            A1UdDgQWBBS9QqP8gtMM6nm4oYzNbgqhEDP1aDAfBgNVHSMEGDAWgBS9QqP8gtMM
                            6nm4oYzNbgqhEDP1aDAMBgNVHRMEBTADAQH/MA0GCSqGSIb3DQEBBQUAA4IBAQBH
                            2qyYwLwesIOxUTj+NJ0VXRBDH8VecNLiUUs9Np4x8A0pxLvlNnv5TdJAruEg1LSV
                            mAqqPUdAB2m7CKDeUVM9cwOB7vqelV2GNgOfevXi+DZRMffyyE8qyIcnTqvDOgcR
                            8qGTPSVT+SIsOkV9bYrjltrbnal7cJermsA8SC5w/pjLaOHI1xIZHquZzymWoN3Z
                            fz2CQg2r5o+AURYd74GrHhHqVa9VrdWtcimB+vTQQihoLt8YciehpJjOMpx2D66e
                            FfpC8ix31RRdjAVIo1y33h1yU3gEHePDbOthZE+lpXi2WJqO85H85LqJOtgn2WPI
                            3P2Tx32Cq1WXCYkxLaPI
</ds:X509Certificate>
                    </ds:X509Data>
                </ds:KeyInfo>
            </md:KeyDescriptor>
            <md:KeyDescriptor xmlns:ds="http://www.w3.org/2000/09/xmldsig#" use="encryption">
                <ds:KeyInfo>
                    <ds:X509Data>
                        <ds:X509Certificate>MIIDyzCCArOgAwIBAgIJAMzixtXMUH1NMA0GCSqGSIb3DQEBBQUAMHwxCzAJBgNV
                            BAYTAk5MMRAwDgYDVQQIDAdVdHJlY2h0MRAwDgYDVQQHDAdVdHJlY2h0MRUwEwYD
                            VQQKDAxTVVJGbmV0IEIuVi4xEzARBgNVBAsMClNVUkZjb25leHQxHTAbBgNVBAMM
                            FGVuZ2luZS5zdXJmY29uZXh0Lm5sMB4XDTExMDEyNDEwMTg1N1oXDTIxMDEyMzEw
                            MTg1N1owfDELMAkGA1UEBhMCTkwxEDAOBgNVBAgMB1V0cmVjaHQxEDAOBgNVBAcM
                            B1V0cmVjaHQxFTATBgNVBAoMDFNVUkZuZXQgQi5WLjETMBEGA1UECwwKU1VSRmNv
                            bmV4dDEdMBsGA1UEAwwUZW5naW5lLnN1cmZjb25leHQubmwwggEiMA0GCSqGSIb3
                            DQEBAQUAA4IBDwAwggEKAoIBAQDMJ6v+f3owS3KR5IXSil+3XFwGvCVeYx3jDOFK
                            AnwvXlDpTu+t730b8/spHtlopyJVAlb6qBIPN7R4TGTLqiu0zebYsYx/PtqCk5cb
                            u9qs3h+p2BBoTXVwXA/ZYi0tqtxp04hcNrRj1TAgLyC0S+KASTF+zzccAcjTBid5
                            EMioo+YllgSEobWJ4X33XVRqNrikAPDsNmDrdKUi257JSO2xhVIG5lbtmDaL5ORC
                            D56oRmVdp7VQTEQ3Yass8J5Rn+Ub6WmRBYeG+KzFBvtyBput2o0/gvtJn9L+NWeD
                            B0LyUPaUYG/X4GF14FcmFQfz7I5jBCNHtPcLJbPYbZKQNhz/AgMBAAGjUDBOMB0G
                            A1UdDgQWBBS9QqP8gtMM6nm4oYzNbgqhEDP1aDAfBgNVHSMEGDAWgBS9QqP8gtMM
                            6nm4oYzNbgqhEDP1aDAMBgNVHRMEBTADAQH/MA0GCSqGSIb3DQEBBQUAA4IBAQBH
                            2qyYwLwesIOxUTj+NJ0VXRBDH8VecNLiUUs9Np4x8A0pxLvlNnv5TdJAruEg1LSV
                            mAqqPUdAB2m7CKDeUVM9cwOB7vqelV2GNgOfevXi+DZRMffyyE8qyIcnTqvDOgcR
                            8qGTPSVT+SIsOkV9bYrjltrbnal7cJermsA8SC5w/pjLaOHI1xIZHquZzymWoN3Z
                            fz2CQg2r5o+AURYd74GrHhHqVa9VrdWtcimB+vTQQihoLt8YciehpJjOMpx2D66e
                            FfpC8ix31RRdjAVIo1y33h1yU3gEHePDbOthZE+lpXi2WJqO85H85LqJOtgn2WPI
                            3P2Tx32Cq1WXCYkxLaPI
</ds:X509Certificate>
                    </ds:X509Data>
                </ds:KeyInfo>
            </md:KeyDescriptor>
            <md:NameIDFormat>urn:oasis:names:tc:SAML:2.0:nameid-format:transient</md:NameIDFormat>
            <md:SingleSignOnService Binding="urn:oasis:names:tc:SAML:2.0:bindings:HTTP-Redirect" Location="https://engine.surfconext.nl/authentication/idp/single-sign-on/9b3c7c0e251cbaa2fe441bf93e1e07bc"/>
        </md:IDPSSODescriptor>
    </md:EntityDescriptor>
    <md:EntityDescriptor validUntil="2013-01-30T11:03:12Z" entityID="http://adfsv2.inholland.nl/adfs/services/trust">
        <md:IDPSSODescriptor protocolSupportEnumeration="urn:oasis:names:tc:SAML:2.0:protocol">
            <md:Extensions>
                <mdui:UIInfo>
                    <mdui:DisplayName xml:lang="nl">Hogeschool Inholland</mdui:DisplayName>
                    <mdui:DisplayName xml:lang="en">Inholland University of Applied Sciences</mdui:DisplayName>
                    <mdui:Description xml:lang="nl">Hogeschool Inholland </mdui:Description>
                    <mdui:Description xml:lang="en">Hogeschool INHOLLAND</mdui:Description>
                    <mdui:Logo height="37" width="108">https://wayf.surfnet.nl/federate/surfnet/img/logo/inholland.png</mdui:Logo>
                    <mdui:Keywords xml:lang="nl">Hogeschool Inholland Inholland University of Applied Sciences HBO</mdui:Keywords>
                    <mdui:Keywords xml:lang="en">Hogeschool Inholland Inholland University of Applied Sciences HBO</mdui:Keywords>
                </mdui:UIInfo>
            </md:Extensions>
            <md:KeyDescriptor xmlns:ds="http://www.w3.org/2000/09/xmldsig#" use="signing">
                <ds:KeyInfo>
                    <ds:X509Data>
                        <ds:X509Certificate>MIIDyzCCArOgAwIBAgIJAMzixtXMUH1NMA0GCSqGSIb3DQEBBQUAMHwxCzAJBgNV
                            BAYTAk5MMRAwDgYDVQQIDAdVdHJlY2h0MRAwDgYDVQQHDAdVdHJlY2h0MRUwEwYD
                            VQQKDAxTVVJGbmV0IEIuVi4xEzARBgNVBAsMClNVUkZjb25leHQxHTAbBgNVBAMM
                            FGVuZ2luZS5zdXJmY29uZXh0Lm5sMB4XDTExMDEyNDEwMTg1N1oXDTIxMDEyMzEw
                            MTg1N1owfDELMAkGA1UEBhMCTkwxEDAOBgNVBAgMB1V0cmVjaHQxEDAOBgNVBAcM
                            B1V0cmVjaHQxFTATBgNVBAoMDFNVUkZuZXQgQi5WLjETMBEGA1UECwwKU1VSRmNv
                            bmV4dDEdMBsGA1UEAwwUZW5naW5lLnN1cmZjb25leHQubmwwggEiMA0GCSqGSIb3
                            DQEBAQUAA4IBDwAwggEKAoIBAQDMJ6v+f3owS3KR5IXSil+3XFwGvCVeYx3jDOFK
                            AnwvXlDpTu+t730b8/spHtlopyJVAlb6qBIPN7R4TGTLqiu0zebYsYx/PtqCk5cb
                            u9qs3h+p2BBoTXVwXA/ZYi0tqtxp04hcNrRj1TAgLyC0S+KASTF+zzccAcjTBid5
                            EMioo+YllgSEobWJ4X33XVRqNrikAPDsNmDrdKUi257JSO2xhVIG5lbtmDaL5ORC
                            D56oRmVdp7VQTEQ3Yass8J5Rn+Ub6WmRBYeG+KzFBvtyBput2o0/gvtJn9L+NWeD
                            B0LyUPaUYG/X4GF14FcmFQfz7I5jBCNHtPcLJbPYbZKQNhz/AgMBAAGjUDBOMB0G
                            A1UdDgQWBBS9QqP8gtMM6nm4oYzNbgqhEDP1aDAfBgNVHSMEGDAWgBS9QqP8gtMM
                            6nm4oYzNbgqhEDP1aDAMBgNVHRMEBTADAQH/MA0GCSqGSIb3DQEBBQUAA4IBAQBH
                            2qyYwLwesIOxUTj+NJ0VXRBDH8VecNLiUUs9Np4x8A0pxLvlNnv5TdJAruEg1LSV
                            mAqqPUdAB2m7CKDeUVM9cwOB7vqelV2GNgOfevXi+DZRMffyyE8qyIcnTqvDOgcR
                            8qGTPSVT+SIsOkV9bYrjltrbnal7cJermsA8SC5w/pjLaOHI1xIZHquZzymWoN3Z
                            fz2CQg2r5o+AURYd74GrHhHqVa9VrdWtcimB+vTQQihoLt8YciehpJjOMpx2D66e
                            FfpC8ix31RRdjAVIo1y33h1yU3gEHePDbOthZE+lpXi2WJqO85H85LqJOtgn2WPI
                            3P2Tx32Cq1WXCYkxLaPI
</ds:X509Certificate>
                    </ds:X509Data>
                </ds:KeyInfo>
            </md:KeyDescriptor>
            <md:KeyDescriptor xmlns:ds="http://www.w3.org/2000/09/xmldsig#" use="encryption">
                <ds:KeyInfo>
                    <ds:X509Data>
                        <ds:X509Certificate>MIIDyzCCArOgAwIBAgIJAMzixtXMUH1NMA0GCSqGSIb3DQEBBQUAMHwxCzAJBgNV
                            BAYTAk5MMRAwDgYDVQQIDAdVdHJlY2h0MRAwDgYDVQQHDAdVdHJlY2h0MRUwEwYD
                            VQQKDAxTVVJGbmV0IEIuVi4xEzARBgNVBAsMClNVUkZjb25leHQxHTAbBgNVBAMM
                            FGVuZ2luZS5zdXJmY29uZXh0Lm5sMB4XDTExMDEyNDEwMTg1N1oXDTIxMDEyMzEw
                            MTg1N1owfDELMAkGA1UEBhMCTkwxEDAOBgNVBAgMB1V0cmVjaHQxEDAOBgNVBAcM
                            B1V0cmVjaHQxFTATBgNVBAoMDFNVUkZuZXQgQi5WLjETMBEGA1UECwwKU1VSRmNv
                            bmV4dDEdMBsGA1UEAwwUZW5naW5lLnN1cmZjb25leHQubmwwggEiMA0GCSqGSIb3
                            DQEBAQUAA4IBDwAwggEKAoIBAQDMJ6v+f3owS3KR5IXSil+3XFwGvCVeYx3jDOFK
                            AnwvXlDpTu+t730b8/spHtlopyJVAlb6qBIPN7R4TGTLqiu0zebYsYx/PtqCk5cb
                            u9qs3h+p2BBoTXVwXA/ZYi0tqtxp04hcNrRj1TAgLyC0S+KASTF+zzccAcjTBid5
                            EMioo+YllgSEobWJ4X33XVRqNrikAPDsNmDrdKUi257JSO2xhVIG5lbtmDaL5ORC
                            D56oRmVdp7VQTEQ3Yass8J5Rn+Ub6WmRBYeG+KzFBvtyBput2o0/gvtJn9L+NWeD
                            B0LyUPaUYG/X4GF14FcmFQfz7I5jBCNHtPcLJbPYbZKQNhz/AgMBAAGjUDBOMB0G
                            A1UdDgQWBBS9QqP8gtMM6nm4oYzNbgqhEDP1aDAfBgNVHSMEGDAWgBS9QqP8gtMM
                            6nm4oYzNbgqhEDP1aDAMBgNVHRMEBTADAQH/MA0GCSqGSIb3DQEBBQUAA4IBAQBH
                            2qyYwLwesIOxUTj+NJ0VXRBDH8VecNLiUUs9Np4x8A0pxLvlNnv5TdJAruEg1LSV
                            mAqqPUdAB2m7CKDeUVM9cwOB7vqelV2GNgOfevXi+DZRMffyyE8qyIcnTqvDOgcR
                            8qGTPSVT+SIsOkV9bYrjltrbnal7cJermsA8SC5w/pjLaOHI1xIZHquZzymWoN3Z
                            fz2CQg2r5o+AURYd74GrHhHqVa9VrdWtcimB+vTQQihoLt8YciehpJjOMpx2D66e
                            FfpC8ix31RRdjAVIo1y33h1yU3gEHePDbOthZE+lpXi2WJqO85H85LqJOtgn2WPI
                            3P2Tx32Cq1WXCYkxLaPI
</ds:X509Certificate>
                    </ds:X509Data>
                </ds:KeyInfo>
            </md:KeyDescriptor>
            <md:NameIDFormat>urn:oasis:names:tc:SAML:2.0:nameid-format:transient</md:NameIDFormat>
            <md:SingleSignOnService Binding="urn:oasis:names:tc:SAML:2.0:bindings:HTTP-Redirect" Location="https://engine.surfconext.nl/authentication/idp/single-sign-on/dd83a803b7fa1f345d9e8cba6ba7826f"/>
        </md:IDPSSODescriptor>
    </md:EntityDescriptor>
    <md:EntityDescriptor validUntil="2013-01-30T11:03:12Z" entityID="https://inloggen.hogeschoolutrecht.nl/openaselect/profiles/saml2/">
        <md:IDPSSODescriptor protocolSupportEnumeration="urn:oasis:names:tc:SAML:2.0:protocol">
            <md:Extensions>
                <mdui:UIInfo>
                    <mdui:DisplayName xml:lang="nl">Hogeschool Utrecht</mdui:DisplayName>
                    <mdui:DisplayName xml:lang="en">HU University of Applied Sciences Utrecht</mdui:DisplayName>
                    <mdui:Description xml:lang="nl">Hogeschool Utrecht</mdui:Description>
                    <mdui:Description xml:lang="en">Hogeschool Utrecht</mdui:Description>
                    <mdui:Logo height="60" width="120">https://wayf.surfnet.nl/federate/surfnet/img/logo/hu.png</mdui:Logo>
                    <mdui:Keywords xml:lang="nl">HU University of Applied Sciences Utrecht  Hogeschool Utrecht HBO</mdui:Keywords>
                    <mdui:Keywords xml:lang="en">HU University of Applied Sciences Utrecht Hogeschool Utrecht HBO</mdui:Keywords>
                </mdui:UIInfo>
            </md:Extensions>
            <md:KeyDescriptor xmlns:ds="http://www.w3.org/2000/09/xmldsig#" use="signing">
                <ds:KeyInfo>
                    <ds:X509Data>
                        <ds:X509Certificate>MIIDyzCCArOgAwIBAgIJAMzixtXMUH1NMA0GCSqGSIb3DQEBBQUAMHwxCzAJBgNV
                            BAYTAk5MMRAwDgYDVQQIDAdVdHJlY2h0MRAwDgYDVQQHDAdVdHJlY2h0MRUwEwYD
                            VQQKDAxTVVJGbmV0IEIuVi4xEzARBgNVBAsMClNVUkZjb25leHQxHTAbBgNVBAMM
                            FGVuZ2luZS5zdXJmY29uZXh0Lm5sMB4XDTExMDEyNDEwMTg1N1oXDTIxMDEyMzEw
                            MTg1N1owfDELMAkGA1UEBhMCTkwxEDAOBgNVBAgMB1V0cmVjaHQxEDAOBgNVBAcM
                            B1V0cmVjaHQxFTATBgNVBAoMDFNVUkZuZXQgQi5WLjETMBEGA1UECwwKU1VSRmNv
                            bmV4dDEdMBsGA1UEAwwUZW5naW5lLnN1cmZjb25leHQubmwwggEiMA0GCSqGSIb3
                            DQEBAQUAA4IBDwAwggEKAoIBAQDMJ6v+f3owS3KR5IXSil+3XFwGvCVeYx3jDOFK
                            AnwvXlDpTu+t730b8/spHtlopyJVAlb6qBIPN7R4TGTLqiu0zebYsYx/PtqCk5cb
                            u9qs3h+p2BBoTXVwXA/ZYi0tqtxp04hcNrRj1TAgLyC0S+KASTF+zzccAcjTBid5
                            EMioo+YllgSEobWJ4X33XVRqNrikAPDsNmDrdKUi257JSO2xhVIG5lbtmDaL5ORC
                            D56oRmVdp7VQTEQ3Yass8J5Rn+Ub6WmRBYeG+KzFBvtyBput2o0/gvtJn9L+NWeD
                            B0LyUPaUYG/X4GF14FcmFQfz7I5jBCNHtPcLJbPYbZKQNhz/AgMBAAGjUDBOMB0G
                            A1UdDgQWBBS9QqP8gtMM6nm4oYzNbgqhEDP1aDAfBgNVHSMEGDAWgBS9QqP8gtMM
                            6nm4oYzNbgqhEDP1aDAMBgNVHRMEBTADAQH/MA0GCSqGSIb3DQEBBQUAA4IBAQBH
                            2qyYwLwesIOxUTj+NJ0VXRBDH8VecNLiUUs9Np4x8A0pxLvlNnv5TdJAruEg1LSV
                            mAqqPUdAB2m7CKDeUVM9cwOB7vqelV2GNgOfevXi+DZRMffyyE8qyIcnTqvDOgcR
                            8qGTPSVT+SIsOkV9bYrjltrbnal7cJermsA8SC5w/pjLaOHI1xIZHquZzymWoN3Z
                            fz2CQg2r5o+AURYd74GrHhHqVa9VrdWtcimB+vTQQihoLt8YciehpJjOMpx2D66e
                            FfpC8ix31RRdjAVIo1y33h1yU3gEHePDbOthZE+lpXi2WJqO85H85LqJOtgn2WPI
                            3P2Tx32Cq1WXCYkxLaPI
</ds:X509Certificate>
                    </ds:X509Data>
                </ds:KeyInfo>
            </md:KeyDescriptor>
            <md:KeyDescriptor xmlns:ds="http://www.w3.org/2000/09/xmldsig#" use="encryption">
                <ds:KeyInfo>
                    <ds:X509Data>
                        <ds:X509Certificate>MIIDyzCCArOgAwIBAgIJAMzixtXMUH1NMA0GCSqGSIb3DQEBBQUAMHwxCzAJBgNV
                            BAYTAk5MMRAwDgYDVQQIDAdVdHJlY2h0MRAwDgYDVQQHDAdVdHJlY2h0MRUwEwYD
                            VQQKDAxTVVJGbmV0IEIuVi4xEzARBgNVBAsMClNVUkZjb25leHQxHTAbBgNVBAMM
                            FGVuZ2luZS5zdXJmY29uZXh0Lm5sMB4XDTExMDEyNDEwMTg1N1oXDTIxMDEyMzEw
                            MTg1N1owfDELMAkGA1UEBhMCTkwxEDAOBgNVBAgMB1V0cmVjaHQxEDAOBgNVBAcM
                            B1V0cmVjaHQxFTATBgNVBAoMDFNVUkZuZXQgQi5WLjETMBEGA1UECwwKU1VSRmNv
                            bmV4dDEdMBsGA1UEAwwUZW5naW5lLnN1cmZjb25leHQubmwwggEiMA0GCSqGSIb3
                            DQEBAQUAA4IBDwAwggEKAoIBAQDMJ6v+f3owS3KR5IXSil+3XFwGvCVeYx3jDOFK
                            AnwvXlDpTu+t730b8/spHtlopyJVAlb6qBIPN7R4TGTLqiu0zebYsYx/PtqCk5cb
                            u9qs3h+p2BBoTXVwXA/ZYi0tqtxp04hcNrRj1TAgLyC0S+KASTF+zzccAcjTBid5
                            EMioo+YllgSEobWJ4X33XVRqNrikAPDsNmDrdKUi257JSO2xhVIG5lbtmDaL5ORC
                            D56oRmVdp7VQTEQ3Yass8J5Rn+Ub6WmRBYeG+KzFBvtyBput2o0/gvtJn9L+NWeD
                            B0LyUPaUYG/X4GF14FcmFQfz7I5jBCNHtPcLJbPYbZKQNhz/AgMBAAGjUDBOMB0G
                            A1UdDgQWBBS9QqP8gtMM6nm4oYzNbgqhEDP1aDAfBgNVHSMEGDAWgBS9QqP8gtMM
                            6nm4oYzNbgqhEDP1aDAMBgNVHRMEBTADAQH/MA0GCSqGSIb3DQEBBQUAA4IBAQBH
                            2qyYwLwesIOxUTj+NJ0VXRBDH8VecNLiUUs9Np4x8A0pxLvlNnv5TdJAruEg1LSV
                            mAqqPUdAB2m7CKDeUVM9cwOB7vqelV2GNgOfevXi+DZRMffyyE8qyIcnTqvDOgcR
                            8qGTPSVT+SIsOkV9bYrjltrbnal7cJermsA8SC5w/pjLaOHI1xIZHquZzymWoN3Z
                            fz2CQg2r5o+AURYd74GrHhHqVa9VrdWtcimB+vTQQihoLt8YciehpJjOMpx2D66e
                            FfpC8ix31RRdjAVIo1y33h1yU3gEHePDbOthZE+lpXi2WJqO85H85LqJOtgn2WPI
                            3P2Tx32Cq1WXCYkxLaPI
</ds:X509Certificate>
                    </ds:X509Data>
                </ds:KeyInfo>
            </md:KeyDescriptor>
            <md:NameIDFormat>urn:oasis:names:tc:SAML:2.0:nameid-format:transient</md:NameIDFormat>
            <md:SingleSignOnService Binding="urn:oasis:names:tc:SAML:2.0:bindings:HTTP-Redirect" Location="https://engine.surfconext.nl/authentication/idp/single-sign-on/265c1f948fe360d0755dfd7310985bc0"/>
        </md:IDPSSODescriptor>
    </md:EntityDescriptor>
    <md:EntityDescriptor validUntil="2013-01-30T11:03:12Z" entityID="https://gatekeeper2.tudelft.nl/openaselect/profiles/saml2/">
        <md:IDPSSODescriptor protocolSupportEnumeration="urn:oasis:names:tc:SAML:2.0:protocol">
            <md:Extensions>
                <mdui:UIInfo>
                    <mdui:DisplayName xml:lang="nl">Technische Universiteit Delft (OpenASelect)</mdui:DisplayName>
                    <mdui:DisplayName xml:lang="en">Delft University of Technology (OpenASelect)</mdui:DisplayName>
                    <mdui:Description xml:lang="en">Technische Universiteit Delft</mdui:Description>
                    <mdui:Logo height="60" width="120">https://wayf.surfnet.nl/federate/surfnet/img/logo/tudelft.png</mdui:Logo>
                    <mdui:Keywords xml:lang="nl">Technische Universiteit Delft  Delft University of Technology TUD TUDELFT</mdui:Keywords>
                    <mdui:Keywords xml:lang="en">Technische Universiteit Delft Delft University of Technology TUD TUDELFT</mdui:Keywords>
                </mdui:UIInfo>
            </md:Extensions>
            <md:KeyDescriptor xmlns:ds="http://www.w3.org/2000/09/xmldsig#" use="signing">
                <ds:KeyInfo>
                    <ds:X509Data>
                        <ds:X509Certificate>MIIDyzCCArOgAwIBAgIJAMzixtXMUH1NMA0GCSqGSIb3DQEBBQUAMHwxCzAJBgNV
                            BAYTAk5MMRAwDgYDVQQIDAdVdHJlY2h0MRAwDgYDVQQHDAdVdHJlY2h0MRUwEwYD
                            VQQKDAxTVVJGbmV0IEIuVi4xEzARBgNVBAsMClNVUkZjb25leHQxHTAbBgNVBAMM
                            FGVuZ2luZS5zdXJmY29uZXh0Lm5sMB4XDTExMDEyNDEwMTg1N1oXDTIxMDEyMzEw
                            MTg1N1owfDELMAkGA1UEBhMCTkwxEDAOBgNVBAgMB1V0cmVjaHQxEDAOBgNVBAcM
                            B1V0cmVjaHQxFTATBgNVBAoMDFNVUkZuZXQgQi5WLjETMBEGA1UECwwKU1VSRmNv
                            bmV4dDEdMBsGA1UEAwwUZW5naW5lLnN1cmZjb25leHQubmwwggEiMA0GCSqGSIb3
                            DQEBAQUAA4IBDwAwggEKAoIBAQDMJ6v+f3owS3KR5IXSil+3XFwGvCVeYx3jDOFK
                            AnwvXlDpTu+t730b8/spHtlopyJVAlb6qBIPN7R4TGTLqiu0zebYsYx/PtqCk5cb
                            u9qs3h+p2BBoTXVwXA/ZYi0tqtxp04hcNrRj1TAgLyC0S+KASTF+zzccAcjTBid5
                            EMioo+YllgSEobWJ4X33XVRqNrikAPDsNmDrdKUi257JSO2xhVIG5lbtmDaL5ORC
                            D56oRmVdp7VQTEQ3Yass8J5Rn+Ub6WmRBYeG+KzFBvtyBput2o0/gvtJn9L+NWeD
                            B0LyUPaUYG/X4GF14FcmFQfz7I5jBCNHtPcLJbPYbZKQNhz/AgMBAAGjUDBOMB0G
                            A1UdDgQWBBS9QqP8gtMM6nm4oYzNbgqhEDP1aDAfBgNVHSMEGDAWgBS9QqP8gtMM
                            6nm4oYzNbgqhEDP1aDAMBgNVHRMEBTADAQH/MA0GCSqGSIb3DQEBBQUAA4IBAQBH
                            2qyYwLwesIOxUTj+NJ0VXRBDH8VecNLiUUs9Np4x8A0pxLvlNnv5TdJAruEg1LSV
                            mAqqPUdAB2m7CKDeUVM9cwOB7vqelV2GNgOfevXi+DZRMffyyE8qyIcnTqvDOgcR
                            8qGTPSVT+SIsOkV9bYrjltrbnal7cJermsA8SC5w/pjLaOHI1xIZHquZzymWoN3Z
                            fz2CQg2r5o+AURYd74GrHhHqVa9VrdWtcimB+vTQQihoLt8YciehpJjOMpx2D66e
                            FfpC8ix31RRdjAVIo1y33h1yU3gEHePDbOthZE+lpXi2WJqO85H85LqJOtgn2WPI
                            3P2Tx32Cq1WXCYkxLaPI
</ds:X509Certificate>
                    </ds:X509Data>
                </ds:KeyInfo>
            </md:KeyDescriptor>
            <md:KeyDescriptor xmlns:ds="http://www.w3.org/2000/09/xmldsig#" use="encryption">
                <ds:KeyInfo>
                    <ds:X509Data>
                        <ds:X509Certificate>MIIDyzCCArOgAwIBAgIJAMzixtXMUH1NMA0GCSqGSIb3DQEBBQUAMHwxCzAJBgNV
                            BAYTAk5MMRAwDgYDVQQIDAdVdHJlY2h0MRAwDgYDVQQHDAdVdHJlY2h0MRUwEwYD
                            VQQKDAxTVVJGbmV0IEIuVi4xEzARBgNVBAsMClNVUkZjb25leHQxHTAbBgNVBAMM
                            FGVuZ2luZS5zdXJmY29uZXh0Lm5sMB4XDTExMDEyNDEwMTg1N1oXDTIxMDEyMzEw
                            MTg1N1owfDELMAkGA1UEBhMCTkwxEDAOBgNVBAgMB1V0cmVjaHQxEDAOBgNVBAcM
                            B1V0cmVjaHQxFTATBgNVBAoMDFNVUkZuZXQgQi5WLjETMBEGA1UECwwKU1VSRmNv
                            bmV4dDEdMBsGA1UEAwwUZW5naW5lLnN1cmZjb25leHQubmwwggEiMA0GCSqGSIb3
                            DQEBAQUAA4IBDwAwggEKAoIBAQDMJ6v+f3owS3KR5IXSil+3XFwGvCVeYx3jDOFK
                            AnwvXlDpTu+t730b8/spHtlopyJVAlb6qBIPN7R4TGTLqiu0zebYsYx/PtqCk5cb
                            u9qs3h+p2BBoTXVwXA/ZYi0tqtxp04hcNrRj1TAgLyC0S+KASTF+zzccAcjTBid5
                            EMioo+YllgSEobWJ4X33XVRqNrikAPDsNmDrdKUi257JSO2xhVIG5lbtmDaL5ORC
                            D56oRmVdp7VQTEQ3Yass8J5Rn+Ub6WmRBYeG+KzFBvtyBput2o0/gvtJn9L+NWeD
                            B0LyUPaUYG/X4GF14FcmFQfz7I5jBCNHtPcLJbPYbZKQNhz/AgMBAAGjUDBOMB0G
                            A1UdDgQWBBS9QqP8gtMM6nm4oYzNbgqhEDP1aDAfBgNVHSMEGDAWgBS9QqP8gtMM
                            6nm4oYzNbgqhEDP1aDAMBgNVHRMEBTADAQH/MA0GCSqGSIb3DQEBBQUAA4IBAQBH
                            2qyYwLwesIOxUTj+NJ0VXRBDH8VecNLiUUs9Np4x8A0pxLvlNnv5TdJAruEg1LSV
                            mAqqPUdAB2m7CKDeUVM9cwOB7vqelV2GNgOfevXi+DZRMffyyE8qyIcnTqvDOgcR
                            8qGTPSVT+SIsOkV9bYrjltrbnal7cJermsA8SC5w/pjLaOHI1xIZHquZzymWoN3Z
                            fz2CQg2r5o+AURYd74GrHhHqVa9VrdWtcimB+vTQQihoLt8YciehpJjOMpx2D66e
                            FfpC8ix31RRdjAVIo1y33h1yU3gEHePDbOthZE+lpXi2WJqO85H85LqJOtgn2WPI
                            3P2Tx32Cq1WXCYkxLaPI
</ds:X509Certificate>
                    </ds:X509Data>
                </ds:KeyInfo>
            </md:KeyDescriptor>
            <md:NameIDFormat>urn:oasis:names:tc:SAML:2.0:nameid-format:transient</md:NameIDFormat>
            <md:SingleSignOnService Binding="urn:oasis:names:tc:SAML:2.0:bindings:HTTP-Redirect" Location="https://engine.surfconext.nl/authentication/idp/single-sign-on/86d78b7ddf7216410b6724876ce1f75f"/>
        </md:IDPSSODescriptor>
    </md:EntityDescriptor>
    <md:EntityDescriptor validUntil="2013-01-30T11:03:12Z" entityID="http://adfsall201.roceindhoven.nl/adfs/services/trust">
        <md:IDPSSODescriptor protocolSupportEnumeration="urn:oasis:names:tc:SAML:2.0:protocol">
            <md:Extensions>
                <mdui:UIInfo>
                    <mdui:DisplayName xml:lang="nl">ROC Eindhoven</mdui:DisplayName>
                    <mdui:DisplayName xml:lang="en">ROC Eindhoven</mdui:DisplayName>
                    <mdui:Description xml:lang="nl">ROC Eindhoven</mdui:Description>
                    <mdui:Description xml:lang="en">ROC Eindhoven</mdui:Description>
                    <mdui:Logo height="48" width="108">https://wayf.surfnet.nl/federate/surfnet/img/logo/roceindhoven.png</mdui:Logo>
                    <mdui:Keywords xml:lang="nl">ROC Eindhoven MBO</mdui:Keywords>
                    <mdui:Keywords xml:lang="en">ROC Eindhoven MBO</mdui:Keywords>
                </mdui:UIInfo>
            </md:Extensions>
            <md:KeyDescriptor xmlns:ds="http://www.w3.org/2000/09/xmldsig#" use="signing">
                <ds:KeyInfo>
                    <ds:X509Data>
                        <ds:X509Certificate>MIIDyzCCArOgAwIBAgIJAMzixtXMUH1NMA0GCSqGSIb3DQEBBQUAMHwxCzAJBgNV
                            BAYTAk5MMRAwDgYDVQQIDAdVdHJlY2h0MRAwDgYDVQQHDAdVdHJlY2h0MRUwEwYD
                            VQQKDAxTVVJGbmV0IEIuVi4xEzARBgNVBAsMClNVUkZjb25leHQxHTAbBgNVBAMM
                            FGVuZ2luZS5zdXJmY29uZXh0Lm5sMB4XDTExMDEyNDEwMTg1N1oXDTIxMDEyMzEw
                            MTg1N1owfDELMAkGA1UEBhMCTkwxEDAOBgNVBAgMB1V0cmVjaHQxEDAOBgNVBAcM
                            B1V0cmVjaHQxFTATBgNVBAoMDFNVUkZuZXQgQi5WLjETMBEGA1UECwwKU1VSRmNv
                            bmV4dDEdMBsGA1UEAwwUZW5naW5lLnN1cmZjb25leHQubmwwggEiMA0GCSqGSIb3
                            DQEBAQUAA4IBDwAwggEKAoIBAQDMJ6v+f3owS3KR5IXSil+3XFwGvCVeYx3jDOFK
                            AnwvXlDpTu+t730b8/spHtlopyJVAlb6qBIPN7R4TGTLqiu0zebYsYx/PtqCk5cb
                            u9qs3h+p2BBoTXVwXA/ZYi0tqtxp04hcNrRj1TAgLyC0S+KASTF+zzccAcjTBid5
                            EMioo+YllgSEobWJ4X33XVRqNrikAPDsNmDrdKUi257JSO2xhVIG5lbtmDaL5ORC
                            D56oRmVdp7VQTEQ3Yass8J5Rn+Ub6WmRBYeG+KzFBvtyBput2o0/gvtJn9L+NWeD
                            B0LyUPaUYG/X4GF14FcmFQfz7I5jBCNHtPcLJbPYbZKQNhz/AgMBAAGjUDBOMB0G
                            A1UdDgQWBBS9QqP8gtMM6nm4oYzNbgqhEDP1aDAfBgNVHSMEGDAWgBS9QqP8gtMM
                            6nm4oYzNbgqhEDP1aDAMBgNVHRMEBTADAQH/MA0GCSqGSIb3DQEBBQUAA4IBAQBH
                            2qyYwLwesIOxUTj+NJ0VXRBDH8VecNLiUUs9Np4x8A0pxLvlNnv5TdJAruEg1LSV
                            mAqqPUdAB2m7CKDeUVM9cwOB7vqelV2GNgOfevXi+DZRMffyyE8qyIcnTqvDOgcR
                            8qGTPSVT+SIsOkV9bYrjltrbnal7cJermsA8SC5w/pjLaOHI1xIZHquZzymWoN3Z
                            fz2CQg2r5o+AURYd74GrHhHqVa9VrdWtcimB+vTQQihoLt8YciehpJjOMpx2D66e
                            FfpC8ix31RRdjAVIo1y33h1yU3gEHePDbOthZE+lpXi2WJqO85H85LqJOtgn2WPI
                            3P2Tx32Cq1WXCYkxLaPI
</ds:X509Certificate>
                    </ds:X509Data>
                </ds:KeyInfo>
            </md:KeyDescriptor>
            <md:KeyDescriptor xmlns:ds="http://www.w3.org/2000/09/xmldsig#" use="encryption">
                <ds:KeyInfo>
                    <ds:X509Data>
                        <ds:X509Certificate>MIIDyzCCArOgAwIBAgIJAMzixtXMUH1NMA0GCSqGSIb3DQEBBQUAMHwxCzAJBgNV
                            BAYTAk5MMRAwDgYDVQQIDAdVdHJlY2h0MRAwDgYDVQQHDAdVdHJlY2h0MRUwEwYD
                            VQQKDAxTVVJGbmV0IEIuVi4xEzARBgNVBAsMClNVUkZjb25leHQxHTAbBgNVBAMM
                            FGVuZ2luZS5zdXJmY29uZXh0Lm5sMB4XDTExMDEyNDEwMTg1N1oXDTIxMDEyMzEw
                            MTg1N1owfDELMAkGA1UEBhMCTkwxEDAOBgNVBAgMB1V0cmVjaHQxEDAOBgNVBAcM
                            B1V0cmVjaHQxFTATBgNVBAoMDFNVUkZuZXQgQi5WLjETMBEGA1UECwwKU1VSRmNv
                            bmV4dDEdMBsGA1UEAwwUZW5naW5lLnN1cmZjb25leHQubmwwggEiMA0GCSqGSIb3
                            DQEBAQUAA4IBDwAwggEKAoIBAQDMJ6v+f3owS3KR5IXSil+3XFwGvCVeYx3jDOFK
                            AnwvXlDpTu+t730b8/spHtlopyJVAlb6qBIPN7R4TGTLqiu0zebYsYx/PtqCk5cb
                            u9qs3h+p2BBoTXVwXA/ZYi0tqtxp04hcNrRj1TAgLyC0S+KASTF+zzccAcjTBid5
                            EMioo+YllgSEobWJ4X33XVRqNrikAPDsNmDrdKUi257JSO2xhVIG5lbtmDaL5ORC
                            D56oRmVdp7VQTEQ3Yass8J5Rn+Ub6WmRBYeG+KzFBvtyBput2o0/gvtJn9L+NWeD
                            B0LyUPaUYG/X4GF14FcmFQfz7I5jBCNHtPcLJbPYbZKQNhz/AgMBAAGjUDBOMB0G
                            A1UdDgQWBBS9QqP8gtMM6nm4oYzNbgqhEDP1aDAfBgNVHSMEGDAWgBS9QqP8gtMM
                            6nm4oYzNbgqhEDP1aDAMBgNVHRMEBTADAQH/MA0GCSqGSIb3DQEBBQUAA4IBAQBH
                            2qyYwLwesIOxUTj+NJ0VXRBDH8VecNLiUUs9Np4x8A0pxLvlNnv5TdJAruEg1LSV
                            mAqqPUdAB2m7CKDeUVM9cwOB7vqelV2GNgOfevXi+DZRMffyyE8qyIcnTqvDOgcR
                            8qGTPSVT+SIsOkV9bYrjltrbnal7cJermsA8SC5w/pjLaOHI1xIZHquZzymWoN3Z
                            fz2CQg2r5o+AURYd74GrHhHqVa9VrdWtcimB+vTQQihoLt8YciehpJjOMpx2D66e
                            FfpC8ix31RRdjAVIo1y33h1yU3gEHePDbOthZE+lpXi2WJqO85H85LqJOtgn2WPI
                            3P2Tx32Cq1WXCYkxLaPI
</ds:X509Certificate>
                    </ds:X509Data>
                </ds:KeyInfo>
            </md:KeyDescriptor>
            <md:NameIDFormat>urn:oasis:names:tc:SAML:2.0:nameid-format:transient</md:NameIDFormat>
            <md:SingleSignOnService Binding="urn:oasis:names:tc:SAML:2.0:bindings:HTTP-Redirect" Location="https://engine.surfconext.nl/authentication/idp/single-sign-on/8b3c5893a6d5e0c206cb6f3acb578ecd"/>
        </md:IDPSSODescriptor>
    </md:EntityDescriptor>
    <md:EntityDescriptor validUntil="2013-01-30T11:03:12Z" entityID="http://idp.ihe.nl/adfs/services/trust">
        <md:IDPSSODescriptor protocolSupportEnumeration="urn:oasis:names:tc:SAML:2.0:protocol">
            <md:Extensions>
                <mdui:UIInfo>
                    <mdui:Description xml:lang="nl">UNESCO-IHE Institute for Water Education</mdui:Description>
                    <mdui:Description xml:lang="en">UNESCO-IHE Institute for Water Education</mdui:Description>
                    <mdui:Logo height="60" width="120">https://wayf.surfnet.nl/federate/surfnet/img/logo/unesco-ihe.jpg</mdui:Logo>
                    <mdui:Keywords xml:lang="nl">Research IHE UNESCO-IHE Institute for Water Education</mdui:Keywords>
                    <mdui:Keywords xml:lang="en">Research IHE UNESCO-IHE Institute for Water Education</mdui:Keywords>
                </mdui:UIInfo>
            </md:Extensions>
            <md:KeyDescriptor xmlns:ds="http://www.w3.org/2000/09/xmldsig#" use="signing">
                <ds:KeyInfo>
                    <ds:X509Data>
                        <ds:X509Certificate>MIIDyzCCArOgAwIBAgIJAMzixtXMUH1NMA0GCSqGSIb3DQEBBQUAMHwxCzAJBgNV
                            BAYTAk5MMRAwDgYDVQQIDAdVdHJlY2h0MRAwDgYDVQQHDAdVdHJlY2h0MRUwEwYD
                            VQQKDAxTVVJGbmV0IEIuVi4xEzARBgNVBAsMClNVUkZjb25leHQxHTAbBgNVBAMM
                            FGVuZ2luZS5zdXJmY29uZXh0Lm5sMB4XDTExMDEyNDEwMTg1N1oXDTIxMDEyMzEw
                            MTg1N1owfDELMAkGA1UEBhMCTkwxEDAOBgNVBAgMB1V0cmVjaHQxEDAOBgNVBAcM
                            B1V0cmVjaHQxFTATBgNVBAoMDFNVUkZuZXQgQi5WLjETMBEGA1UECwwKU1VSRmNv
                            bmV4dDEdMBsGA1UEAwwUZW5naW5lLnN1cmZjb25leHQubmwwggEiMA0GCSqGSIb3
                            DQEBAQUAA4IBDwAwggEKAoIBAQDMJ6v+f3owS3KR5IXSil+3XFwGvCVeYx3jDOFK
                            AnwvXlDpTu+t730b8/spHtlopyJVAlb6qBIPN7R4TGTLqiu0zebYsYx/PtqCk5cb
                            u9qs3h+p2BBoTXVwXA/ZYi0tqtxp04hcNrRj1TAgLyC0S+KASTF+zzccAcjTBid5
                            EMioo+YllgSEobWJ4X33XVRqNrikAPDsNmDrdKUi257JSO2xhVIG5lbtmDaL5ORC
                            D56oRmVdp7VQTEQ3Yass8J5Rn+Ub6WmRBYeG+KzFBvtyBput2o0/gvtJn9L+NWeD
                            B0LyUPaUYG/X4GF14FcmFQfz7I5jBCNHtPcLJbPYbZKQNhz/AgMBAAGjUDBOMB0G
                            A1UdDgQWBBS9QqP8gtMM6nm4oYzNbgqhEDP1aDAfBgNVHSMEGDAWgBS9QqP8gtMM
                            6nm4oYzNbgqhEDP1aDAMBgNVHRMEBTADAQH/MA0GCSqGSIb3DQEBBQUAA4IBAQBH
                            2qyYwLwesIOxUTj+NJ0VXRBDH8VecNLiUUs9Np4x8A0pxLvlNnv5TdJAruEg1LSV
                            mAqqPUdAB2m7CKDeUVM9cwOB7vqelV2GNgOfevXi+DZRMffyyE8qyIcnTqvDOgcR
                            8qGTPSVT+SIsOkV9bYrjltrbnal7cJermsA8SC5w/pjLaOHI1xIZHquZzymWoN3Z
                            fz2CQg2r5o+AURYd74GrHhHqVa9VrdWtcimB+vTQQihoLt8YciehpJjOMpx2D66e
                            FfpC8ix31RRdjAVIo1y33h1yU3gEHePDbOthZE+lpXi2WJqO85H85LqJOtgn2WPI
                            3P2Tx32Cq1WXCYkxLaPI
</ds:X509Certificate>
                    </ds:X509Data>
                </ds:KeyInfo>
            </md:KeyDescriptor>
            <md:KeyDescriptor xmlns:ds="http://www.w3.org/2000/09/xmldsig#" use="encryption">
                <ds:KeyInfo>
                    <ds:X509Data>
                        <ds:X509Certificate>MIIDyzCCArOgAwIBAgIJAMzixtXMUH1NMA0GCSqGSIb3DQEBBQUAMHwxCzAJBgNV
                            BAYTAk5MMRAwDgYDVQQIDAdVdHJlY2h0MRAwDgYDVQQHDAdVdHJlY2h0MRUwEwYD
                            VQQKDAxTVVJGbmV0IEIuVi4xEzARBgNVBAsMClNVUkZjb25leHQxHTAbBgNVBAMM
                            FGVuZ2luZS5zdXJmY29uZXh0Lm5sMB4XDTExMDEyNDEwMTg1N1oXDTIxMDEyMzEw
                            MTg1N1owfDELMAkGA1UEBhMCTkwxEDAOBgNVBAgMB1V0cmVjaHQxEDAOBgNVBAcM
                            B1V0cmVjaHQxFTATBgNVBAoMDFNVUkZuZXQgQi5WLjETMBEGA1UECwwKU1VSRmNv
                            bmV4dDEdMBsGA1UEAwwUZW5naW5lLnN1cmZjb25leHQubmwwggEiMA0GCSqGSIb3
                            DQEBAQUAA4IBDwAwggEKAoIBAQDMJ6v+f3owS3KR5IXSil+3XFwGvCVeYx3jDOFK
                            AnwvXlDpTu+t730b8/spHtlopyJVAlb6qBIPN7R4TGTLqiu0zebYsYx/PtqCk5cb
                            u9qs3h+p2BBoTXVwXA/ZYi0tqtxp04hcNrRj1TAgLyC0S+KASTF+zzccAcjTBid5
                            EMioo+YllgSEobWJ4X33XVRqNrikAPDsNmDrdKUi257JSO2xhVIG5lbtmDaL5ORC
                            D56oRmVdp7VQTEQ3Yass8J5Rn+Ub6WmRBYeG+KzFBvtyBput2o0/gvtJn9L+NWeD
                            B0LyUPaUYG/X4GF14FcmFQfz7I5jBCNHtPcLJbPYbZKQNhz/AgMBAAGjUDBOMB0G
                            A1UdDgQWBBS9QqP8gtMM6nm4oYzNbgqhEDP1aDAfBgNVHSMEGDAWgBS9QqP8gtMM
                            6nm4oYzNbgqhEDP1aDAMBgNVHRMEBTADAQH/MA0GCSqGSIb3DQEBBQUAA4IBAQBH
                            2qyYwLwesIOxUTj+NJ0VXRBDH8VecNLiUUs9Np4x8A0pxLvlNnv5TdJAruEg1LSV
                            mAqqPUdAB2m7CKDeUVM9cwOB7vqelV2GNgOfevXi+DZRMffyyE8qyIcnTqvDOgcR
                            8qGTPSVT+SIsOkV9bYrjltrbnal7cJermsA8SC5w/pjLaOHI1xIZHquZzymWoN3Z
                            fz2CQg2r5o+AURYd74GrHhHqVa9VrdWtcimB+vTQQihoLt8YciehpJjOMpx2D66e
                            FfpC8ix31RRdjAVIo1y33h1yU3gEHePDbOthZE+lpXi2WJqO85H85LqJOtgn2WPI
                            3P2Tx32Cq1WXCYkxLaPI
</ds:X509Certificate>
                    </ds:X509Data>
                </ds:KeyInfo>
            </md:KeyDescriptor>
            <md:NameIDFormat>urn:oasis:names:tc:SAML:2.0:nameid-format:transient</md:NameIDFormat>
            <md:SingleSignOnService Binding="urn:oasis:names:tc:SAML:2.0:bindings:HTTP-Redirect" Location="https://engine.surfconext.nl/authentication/idp/single-sign-on/67c13bb00741bc9f65da46d70bbad594"/>
        </md:IDPSSODescriptor>
    </md:EntityDescriptor>
    <md:EntityDescriptor validUntil="2013-01-30T11:03:12Z" entityID="https://login.avans.nl/nidp/saml2/metadata">
        <md:IDPSSODescriptor protocolSupportEnumeration="urn:oasis:names:tc:SAML:2.0:protocol">
            <md:Extensions>
                <mdui:UIInfo>
                    <mdui:DisplayName xml:lang="nl">Avans Hogeschool</mdui:DisplayName>
                    <mdui:DisplayName xml:lang="en">Avans University of Applied Sciences</mdui:DisplayName>
                    <mdui:Description xml:lang="nl">Avans Hogeschool</mdui:Description>
                    <mdui:Description xml:lang="en">Avans University of Applied Sciences</mdui:Description>
                    <mdui:Logo height="49" width="108">https://wayf-test.surfnet.nl/federate/surfnet/img/logo/avans.png</mdui:Logo>
                    <mdui:Keywords xml:lang="nl">Avans Hogeschool Avans University of Applied Sciences</mdui:Keywords>
                    <mdui:Keywords xml:lang="en">Avans University of Applied Sciences Avans Hogeschool</mdui:Keywords>
                </mdui:UIInfo>
            </md:Extensions>
            <md:KeyDescriptor xmlns:ds="http://www.w3.org/2000/09/xmldsig#" use="signing">
                <ds:KeyInfo>
                    <ds:X509Data>
                        <ds:X509Certificate>MIIDyzCCArOgAwIBAgIJAMzixtXMUH1NMA0GCSqGSIb3DQEBBQUAMHwxCzAJBgNV
                            BAYTAk5MMRAwDgYDVQQIDAdVdHJlY2h0MRAwDgYDVQQHDAdVdHJlY2h0MRUwEwYD
                            VQQKDAxTVVJGbmV0IEIuVi4xEzARBgNVBAsMClNVUkZjb25leHQxHTAbBgNVBAMM
                            FGVuZ2luZS5zdXJmY29uZXh0Lm5sMB4XDTExMDEyNDEwMTg1N1oXDTIxMDEyMzEw
                            MTg1N1owfDELMAkGA1UEBhMCTkwxEDAOBgNVBAgMB1V0cmVjaHQxEDAOBgNVBAcM
                            B1V0cmVjaHQxFTATBgNVBAoMDFNVUkZuZXQgQi5WLjETMBEGA1UECwwKU1VSRmNv
                            bmV4dDEdMBsGA1UEAwwUZW5naW5lLnN1cmZjb25leHQubmwwggEiMA0GCSqGSIb3
                            DQEBAQUAA4IBDwAwggEKAoIBAQDMJ6v+f3owS3KR5IXSil+3XFwGvCVeYx3jDOFK
                            AnwvXlDpTu+t730b8/spHtlopyJVAlb6qBIPN7R4TGTLqiu0zebYsYx/PtqCk5cb
                            u9qs3h+p2BBoTXVwXA/ZYi0tqtxp04hcNrRj1TAgLyC0S+KASTF+zzccAcjTBid5
                            EMioo+YllgSEobWJ4X33XVRqNrikAPDsNmDrdKUi257JSO2xhVIG5lbtmDaL5ORC
                            D56oRmVdp7VQTEQ3Yass8J5Rn+Ub6WmRBYeG+KzFBvtyBput2o0/gvtJn9L+NWeD
                            B0LyUPaUYG/X4GF14FcmFQfz7I5jBCNHtPcLJbPYbZKQNhz/AgMBAAGjUDBOMB0G
                            A1UdDgQWBBS9QqP8gtMM6nm4oYzNbgqhEDP1aDAfBgNVHSMEGDAWgBS9QqP8gtMM
                            6nm4oYzNbgqhEDP1aDAMBgNVHRMEBTADAQH/MA0GCSqGSIb3DQEBBQUAA4IBAQBH
                            2qyYwLwesIOxUTj+NJ0VXRBDH8VecNLiUUs9Np4x8A0pxLvlNnv5TdJAruEg1LSV
                            mAqqPUdAB2m7CKDeUVM9cwOB7vqelV2GNgOfevXi+DZRMffyyE8qyIcnTqvDOgcR
                            8qGTPSVT+SIsOkV9bYrjltrbnal7cJermsA8SC5w/pjLaOHI1xIZHquZzymWoN3Z
                            fz2CQg2r5o+AURYd74GrHhHqVa9VrdWtcimB+vTQQihoLt8YciehpJjOMpx2D66e
                            FfpC8ix31RRdjAVIo1y33h1yU3gEHePDbOthZE+lpXi2WJqO85H85LqJOtgn2WPI
                            3P2Tx32Cq1WXCYkxLaPI
</ds:X509Certificate>
                    </ds:X509Data>
                </ds:KeyInfo>
            </md:KeyDescriptor>
            <md:KeyDescriptor xmlns:ds="http://www.w3.org/2000/09/xmldsig#" use="encryption">
                <ds:KeyInfo>
                    <ds:X509Data>
                        <ds:X509Certificate>MIIDyzCCArOgAwIBAgIJAMzixtXMUH1NMA0GCSqGSIb3DQEBBQUAMHwxCzAJBgNV
                            BAYTAk5MMRAwDgYDVQQIDAdVdHJlY2h0MRAwDgYDVQQHDAdVdHJlY2h0MRUwEwYD
                            VQQKDAxTVVJGbmV0IEIuVi4xEzARBgNVBAsMClNVUkZjb25leHQxHTAbBgNVBAMM
                            FGVuZ2luZS5zdXJmY29uZXh0Lm5sMB4XDTExMDEyNDEwMTg1N1oXDTIxMDEyMzEw
                            MTg1N1owfDELMAkGA1UEBhMCTkwxEDAOBgNVBAgMB1V0cmVjaHQxEDAOBgNVBAcM
                            B1V0cmVjaHQxFTATBgNVBAoMDFNVUkZuZXQgQi5WLjETMBEGA1UECwwKU1VSRmNv
                            bmV4dDEdMBsGA1UEAwwUZW5naW5lLnN1cmZjb25leHQubmwwggEiMA0GCSqGSIb3
                            DQEBAQUAA4IBDwAwggEKAoIBAQDMJ6v+f3owS3KR5IXSil+3XFwGvCVeYx3jDOFK
                            AnwvXlDpTu+t730b8/spHtlopyJVAlb6qBIPN7R4TGTLqiu0zebYsYx/PtqCk5cb
                            u9qs3h+p2BBoTXVwXA/ZYi0tqtxp04hcNrRj1TAgLyC0S+KASTF+zzccAcjTBid5
                            EMioo+YllgSEobWJ4X33XVRqNrikAPDsNmDrdKUi257JSO2xhVIG5lbtmDaL5ORC
                            D56oRmVdp7VQTEQ3Yass8J5Rn+Ub6WmRBYeG+KzFBvtyBput2o0/gvtJn9L+NWeD
                            B0LyUPaUYG/X4GF14FcmFQfz7I5jBCNHtPcLJbPYbZKQNhz/AgMBAAGjUDBOMB0G
                            A1UdDgQWBBS9QqP8gtMM6nm4oYzNbgqhEDP1aDAfBgNVHSMEGDAWgBS9QqP8gtMM
                            6nm4oYzNbgqhEDP1aDAMBgNVHRMEBTADAQH/MA0GCSqGSIb3DQEBBQUAA4IBAQBH
                            2qyYwLwesIOxUTj+NJ0VXRBDH8VecNLiUUs9Np4x8A0pxLvlNnv5TdJAruEg1LSV
                            mAqqPUdAB2m7CKDeUVM9cwOB7vqelV2GNgOfevXi+DZRMffyyE8qyIcnTqvDOgcR
                            8qGTPSVT+SIsOkV9bYrjltrbnal7cJermsA8SC5w/pjLaOHI1xIZHquZzymWoN3Z
                            fz2CQg2r5o+AURYd74GrHhHqVa9VrdWtcimB+vTQQihoLt8YciehpJjOMpx2D66e
                            FfpC8ix31RRdjAVIo1y33h1yU3gEHePDbOthZE+lpXi2WJqO85H85LqJOtgn2WPI
                            3P2Tx32Cq1WXCYkxLaPI
</ds:X509Certificate>
                    </ds:X509Data>
                </ds:KeyInfo>
            </md:KeyDescriptor>
            <md:NameIDFormat>urn:oasis:names:tc:SAML:2.0:nameid-format:transient</md:NameIDFormat>
            <md:SingleSignOnService Binding="urn:oasis:names:tc:SAML:2.0:bindings:HTTP-Redirect" Location="https://engine.surfconext.nl/authentication/idp/single-sign-on/d67f6b2a3375ecdb6c53f27b210d3d0e"/>
        </md:IDPSSODescriptor>
    </md:EntityDescriptor>
    <md:EntityDescriptor validUntil="2013-01-30T11:03:12Z" entityID="http://adfs.artez.nl/adfs/services/trust">
        <md:IDPSSODescriptor protocolSupportEnumeration="urn:oasis:names:tc:SAML:2.0:protocol">
            <md:Extensions>
                <mdui:UIInfo>
                    <mdui:Description xml:lang="nl">ArtEZ Hogeschool voor de Kunsten</mdui:Description>
                    <mdui:Description xml:lang="en">ArtEZ Institute of the Arts</mdui:Description>
                    <mdui:Logo height="60" width="120">https://wayf.surfnet.nl/federate/surfnet/img/logo/artez.png</mdui:Logo>
                    <mdui:Keywords xml:lang="nl">ArtEZ Institute of the Arts Hogeschool voor de Kunsten</mdui:Keywords>
                    <mdui:Keywords xml:lang="en">ArtEZ Institute of the Arts Hogeschool voor de Kunsten</mdui:Keywords>
                </mdui:UIInfo>
            </md:Extensions>
            <md:KeyDescriptor xmlns:ds="http://www.w3.org/2000/09/xmldsig#" use="signing">
                <ds:KeyInfo>
                    <ds:X509Data>
                        <ds:X509Certificate>MIIDyzCCArOgAwIBAgIJAMzixtXMUH1NMA0GCSqGSIb3DQEBBQUAMHwxCzAJBgNV
                            BAYTAk5MMRAwDgYDVQQIDAdVdHJlY2h0MRAwDgYDVQQHDAdVdHJlY2h0MRUwEwYD
                            VQQKDAxTVVJGbmV0IEIuVi4xEzARBgNVBAsMClNVUkZjb25leHQxHTAbBgNVBAMM
                            FGVuZ2luZS5zdXJmY29uZXh0Lm5sMB4XDTExMDEyNDEwMTg1N1oXDTIxMDEyMzEw
                            MTg1N1owfDELMAkGA1UEBhMCTkwxEDAOBgNVBAgMB1V0cmVjaHQxEDAOBgNVBAcM
                            B1V0cmVjaHQxFTATBgNVBAoMDFNVUkZuZXQgQi5WLjETMBEGA1UECwwKU1VSRmNv
                            bmV4dDEdMBsGA1UEAwwUZW5naW5lLnN1cmZjb25leHQubmwwggEiMA0GCSqGSIb3
                            DQEBAQUAA4IBDwAwggEKAoIBAQDMJ6v+f3owS3KR5IXSil+3XFwGvCVeYx3jDOFK
                            AnwvXlDpTu+t730b8/spHtlopyJVAlb6qBIPN7R4TGTLqiu0zebYsYx/PtqCk5cb
                            u9qs3h+p2BBoTXVwXA/ZYi0tqtxp04hcNrRj1TAgLyC0S+KASTF+zzccAcjTBid5
                            EMioo+YllgSEobWJ4X33XVRqNrikAPDsNmDrdKUi257JSO2xhVIG5lbtmDaL5ORC
                            D56oRmVdp7VQTEQ3Yass8J5Rn+Ub6WmRBYeG+KzFBvtyBput2o0/gvtJn9L+NWeD
                            B0LyUPaUYG/X4GF14FcmFQfz7I5jBCNHtPcLJbPYbZKQNhz/AgMBAAGjUDBOMB0G
                            A1UdDgQWBBS9QqP8gtMM6nm4oYzNbgqhEDP1aDAfBgNVHSMEGDAWgBS9QqP8gtMM
                            6nm4oYzNbgqhEDP1aDAMBgNVHRMEBTADAQH/MA0GCSqGSIb3DQEBBQUAA4IBAQBH
                            2qyYwLwesIOxUTj+NJ0VXRBDH8VecNLiUUs9Np4x8A0pxLvlNnv5TdJAruEg1LSV
                            mAqqPUdAB2m7CKDeUVM9cwOB7vqelV2GNgOfevXi+DZRMffyyE8qyIcnTqvDOgcR
                            8qGTPSVT+SIsOkV9bYrjltrbnal7cJermsA8SC5w/pjLaOHI1xIZHquZzymWoN3Z
                            fz2CQg2r5o+AURYd74GrHhHqVa9VrdWtcimB+vTQQihoLt8YciehpJjOMpx2D66e
                            FfpC8ix31RRdjAVIo1y33h1yU3gEHePDbOthZE+lpXi2WJqO85H85LqJOtgn2WPI
                            3P2Tx32Cq1WXCYkxLaPI
</ds:X509Certificate>
                    </ds:X509Data>
                </ds:KeyInfo>
            </md:KeyDescriptor>
            <md:KeyDescriptor xmlns:ds="http://www.w3.org/2000/09/xmldsig#" use="encryption">
                <ds:KeyInfo>
                    <ds:X509Data>
                        <ds:X509Certificate>MIIDyzCCArOgAwIBAgIJAMzixtXMUH1NMA0GCSqGSIb3DQEBBQUAMHwxCzAJBgNV
                            BAYTAk5MMRAwDgYDVQQIDAdVdHJlY2h0MRAwDgYDVQQHDAdVdHJlY2h0MRUwEwYD
                            VQQKDAxTVVJGbmV0IEIuVi4xEzARBgNVBAsMClNVUkZjb25leHQxHTAbBgNVBAMM
                            FGVuZ2luZS5zdXJmY29uZXh0Lm5sMB4XDTExMDEyNDEwMTg1N1oXDTIxMDEyMzEw
                            MTg1N1owfDELMAkGA1UEBhMCTkwxEDAOBgNVBAgMB1V0cmVjaHQxEDAOBgNVBAcM
                            B1V0cmVjaHQxFTATBgNVBAoMDFNVUkZuZXQgQi5WLjETMBEGA1UECwwKU1VSRmNv
                            bmV4dDEdMBsGA1UEAwwUZW5naW5lLnN1cmZjb25leHQubmwwggEiMA0GCSqGSIb3
                            DQEBAQUAA4IBDwAwggEKAoIBAQDMJ6v+f3owS3KR5IXSil+3XFwGvCVeYx3jDOFK
                            AnwvXlDpTu+t730b8/spHtlopyJVAlb6qBIPN7R4TGTLqiu0zebYsYx/PtqCk5cb
                            u9qs3h+p2BBoTXVwXA/ZYi0tqtxp04hcNrRj1TAgLyC0S+KASTF+zzccAcjTBid5
                            EMioo+YllgSEobWJ4X33XVRqNrikAPDsNmDrdKUi257JSO2xhVIG5lbtmDaL5ORC
                            D56oRmVdp7VQTEQ3Yass8J5Rn+Ub6WmRBYeG+KzFBvtyBput2o0/gvtJn9L+NWeD
                            B0LyUPaUYG/X4GF14FcmFQfz7I5jBCNHtPcLJbPYbZKQNhz/AgMBAAGjUDBOMB0G
                            A1UdDgQWBBS9QqP8gtMM6nm4oYzNbgqhEDP1aDAfBgNVHSMEGDAWgBS9QqP8gtMM
                            6nm4oYzNbgqhEDP1aDAMBgNVHRMEBTADAQH/MA0GCSqGSIb3DQEBBQUAA4IBAQBH
                            2qyYwLwesIOxUTj+NJ0VXRBDH8VecNLiUUs9Np4x8A0pxLvlNnv5TdJAruEg1LSV
                            mAqqPUdAB2m7CKDeUVM9cwOB7vqelV2GNgOfevXi+DZRMffyyE8qyIcnTqvDOgcR
                            8qGTPSVT+SIsOkV9bYrjltrbnal7cJermsA8SC5w/pjLaOHI1xIZHquZzymWoN3Z
                            fz2CQg2r5o+AURYd74GrHhHqVa9VrdWtcimB+vTQQihoLt8YciehpJjOMpx2D66e
                            FfpC8ix31RRdjAVIo1y33h1yU3gEHePDbOthZE+lpXi2WJqO85H85LqJOtgn2WPI
                            3P2Tx32Cq1WXCYkxLaPI
</ds:X509Certificate>
                    </ds:X509Data>
                </ds:KeyInfo>
            </md:KeyDescriptor>
            <md:NameIDFormat>urn:oasis:names:tc:SAML:2.0:nameid-format:transient</md:NameIDFormat>
            <md:SingleSignOnService Binding="urn:oasis:names:tc:SAML:2.0:bindings:HTTP-Redirect" Location="https://engine.surfconext.nl/authentication/idp/single-sign-on/c1e805c6dae3737d023a834e859622f8"/>
        </md:IDPSSODescriptor>
    </md:EntityDescriptor>
    <md:EntityDescriptor validUntil="2013-01-30T11:03:12Z" entityID="http://adfs.windesheim.nl/adfs/services/trust">
        <md:IDPSSODescriptor protocolSupportEnumeration="urn:oasis:names:tc:SAML:2.0:protocol">
            <md:Extensions>
                <mdui:UIInfo>
                    <mdui:DisplayName xml:lang="nl">Hogeschool Windesheim</mdui:DisplayName>
                    <mdui:DisplayName xml:lang="en">Windesheim University of Applied Sciences</mdui:DisplayName>
                    <mdui:Description xml:lang="nl">Hogeschool Windesheim</mdui:Description>
                    <mdui:Description xml:lang="en">Hogeschool Windesheim</mdui:Description>
                    <mdui:Logo height="60" width="120">https://wayf.surfnet.nl/federate/surfnet/img/logo/windesheim.png</mdui:Logo>
                    <mdui:Keywords xml:lang="nl">Hogeschool Windesheim University of Applied Sciences HBO</mdui:Keywords>
                    <mdui:Keywords xml:lang="en">Hogeschool Windesheim University of Applied Sciences HBO</mdui:Keywords>
                </mdui:UIInfo>
            </md:Extensions>
            <md:KeyDescriptor xmlns:ds="http://www.w3.org/2000/09/xmldsig#" use="signing">
                <ds:KeyInfo>
                    <ds:X509Data>
                        <ds:X509Certificate>MIIDyzCCArOgAwIBAgIJAMzixtXMUH1NMA0GCSqGSIb3DQEBBQUAMHwxCzAJBgNV
                            BAYTAk5MMRAwDgYDVQQIDAdVdHJlY2h0MRAwDgYDVQQHDAdVdHJlY2h0MRUwEwYD
                            VQQKDAxTVVJGbmV0IEIuVi4xEzARBgNVBAsMClNVUkZjb25leHQxHTAbBgNVBAMM
                            FGVuZ2luZS5zdXJmY29uZXh0Lm5sMB4XDTExMDEyNDEwMTg1N1oXDTIxMDEyMzEw
                            MTg1N1owfDELMAkGA1UEBhMCTkwxEDAOBgNVBAgMB1V0cmVjaHQxEDAOBgNVBAcM
                            B1V0cmVjaHQxFTATBgNVBAoMDFNVUkZuZXQgQi5WLjETMBEGA1UECwwKU1VSRmNv
                            bmV4dDEdMBsGA1UEAwwUZW5naW5lLnN1cmZjb25leHQubmwwggEiMA0GCSqGSIb3
                            DQEBAQUAA4IBDwAwggEKAoIBAQDMJ6v+f3owS3KR5IXSil+3XFwGvCVeYx3jDOFK
                            AnwvXlDpTu+t730b8/spHtlopyJVAlb6qBIPN7R4TGTLqiu0zebYsYx/PtqCk5cb
                            u9qs3h+p2BBoTXVwXA/ZYi0tqtxp04hcNrRj1TAgLyC0S+KASTF+zzccAcjTBid5
                            EMioo+YllgSEobWJ4X33XVRqNrikAPDsNmDrdKUi257JSO2xhVIG5lbtmDaL5ORC
                            D56oRmVdp7VQTEQ3Yass8J5Rn+Ub6WmRBYeG+KzFBvtyBput2o0/gvtJn9L+NWeD
                            B0LyUPaUYG/X4GF14FcmFQfz7I5jBCNHtPcLJbPYbZKQNhz/AgMBAAGjUDBOMB0G
                            A1UdDgQWBBS9QqP8gtMM6nm4oYzNbgqhEDP1aDAfBgNVHSMEGDAWgBS9QqP8gtMM
                            6nm4oYzNbgqhEDP1aDAMBgNVHRMEBTADAQH/MA0GCSqGSIb3DQEBBQUAA4IBAQBH
                            2qyYwLwesIOxUTj+NJ0VXRBDH8VecNLiUUs9Np4x8A0pxLvlNnv5TdJAruEg1LSV
                            mAqqPUdAB2m7CKDeUVM9cwOB7vqelV2GNgOfevXi+DZRMffyyE8qyIcnTqvDOgcR
                            8qGTPSVT+SIsOkV9bYrjltrbnal7cJermsA8SC5w/pjLaOHI1xIZHquZzymWoN3Z
                            fz2CQg2r5o+AURYd74GrHhHqVa9VrdWtcimB+vTQQihoLt8YciehpJjOMpx2D66e
                            FfpC8ix31RRdjAVIo1y33h1yU3gEHePDbOthZE+lpXi2WJqO85H85LqJOtgn2WPI
                            3P2Tx32Cq1WXCYkxLaPI
</ds:X509Certificate>
                    </ds:X509Data>
                </ds:KeyInfo>
            </md:KeyDescriptor>
            <md:KeyDescriptor xmlns:ds="http://www.w3.org/2000/09/xmldsig#" use="encryption">
                <ds:KeyInfo>
                    <ds:X509Data>
                        <ds:X509Certificate>MIIDyzCCArOgAwIBAgIJAMzixtXMUH1NMA0GCSqGSIb3DQEBBQUAMHwxCzAJBgNV
                            BAYTAk5MMRAwDgYDVQQIDAdVdHJlY2h0MRAwDgYDVQQHDAdVdHJlY2h0MRUwEwYD
                            VQQKDAxTVVJGbmV0IEIuVi4xEzARBgNVBAsMClNVUkZjb25leHQxHTAbBgNVBAMM
                            FGVuZ2luZS5zdXJmY29uZXh0Lm5sMB4XDTExMDEyNDEwMTg1N1oXDTIxMDEyMzEw
                            MTg1N1owfDELMAkGA1UEBhMCTkwxEDAOBgNVBAgMB1V0cmVjaHQxEDAOBgNVBAcM
                            B1V0cmVjaHQxFTATBgNVBAoMDFNVUkZuZXQgQi5WLjETMBEGA1UECwwKU1VSRmNv
                            bmV4dDEdMBsGA1UEAwwUZW5naW5lLnN1cmZjb25leHQubmwwggEiMA0GCSqGSIb3
                            DQEBAQUAA4IBDwAwggEKAoIBAQDMJ6v+f3owS3KR5IXSil+3XFwGvCVeYx3jDOFK
                            AnwvXlDpTu+t730b8/spHtlopyJVAlb6qBIPN7R4TGTLqiu0zebYsYx/PtqCk5cb
                            u9qs3h+p2BBoTXVwXA/ZYi0tqtxp04hcNrRj1TAgLyC0S+KASTF+zzccAcjTBid5
                            EMioo+YllgSEobWJ4X33XVRqNrikAPDsNmDrdKUi257JSO2xhVIG5lbtmDaL5ORC
                            D56oRmVdp7VQTEQ3Yass8J5Rn+Ub6WmRBYeG+KzFBvtyBput2o0/gvtJn9L+NWeD
                            B0LyUPaUYG/X4GF14FcmFQfz7I5jBCNHtPcLJbPYbZKQNhz/AgMBAAGjUDBOMB0G
                            A1UdDgQWBBS9QqP8gtMM6nm4oYzNbgqhEDP1aDAfBgNVHSMEGDAWgBS9QqP8gtMM
                            6nm4oYzNbgqhEDP1aDAMBgNVHRMEBTADAQH/MA0GCSqGSIb3DQEBBQUAA4IBAQBH
                            2qyYwLwesIOxUTj+NJ0VXRBDH8VecNLiUUs9Np4x8A0pxLvlNnv5TdJAruEg1LSV
                            mAqqPUdAB2m7CKDeUVM9cwOB7vqelV2GNgOfevXi+DZRMffyyE8qyIcnTqvDOgcR
                            8qGTPSVT+SIsOkV9bYrjltrbnal7cJermsA8SC5w/pjLaOHI1xIZHquZzymWoN3Z
                            fz2CQg2r5o+AURYd74GrHhHqVa9VrdWtcimB+vTQQihoLt8YciehpJjOMpx2D66e
                            FfpC8ix31RRdjAVIo1y33h1yU3gEHePDbOthZE+lpXi2WJqO85H85LqJOtgn2WPI
                            3P2Tx32Cq1WXCYkxLaPI
</ds:X509Certificate>
                    </ds:X509Data>
                </ds:KeyInfo>
            </md:KeyDescriptor>
            <md:NameIDFormat>urn:oasis:names:tc:SAML:2.0:nameid-format:transient</md:NameIDFormat>
            <md:SingleSignOnService Binding="urn:oasis:names:tc:SAML:2.0:bindings:HTTP-Redirect" Location="https://engine.surfconext.nl/authentication/idp/single-sign-on/80cfba16d19a4a96d49828fc53d929ec"/>
        </md:IDPSSODescriptor>
    </md:EntityDescriptor>
    <md:EntityDescriptor validUntil="2013-01-30T11:03:12Z" entityID="https://sso.eur.nl/opensso">
        <md:IDPSSODescriptor protocolSupportEnumeration="urn:oasis:names:tc:SAML:2.0:protocol">
            <md:Extensions>
                <mdui:UIInfo>
                    <mdui:DisplayName xml:lang="nl">Erasmus Universiteit Rotterdam</mdui:DisplayName>
                    <mdui:DisplayName xml:lang="en">Erasmus University Rotterdam</mdui:DisplayName>
                    <mdui:Description xml:lang="nl">Erasmus Universiteit Rotterdam</mdui:Description>
                    <mdui:Description xml:lang="en">Erasmus Universiteit Rotterdam</mdui:Description>
                    <mdui:Logo height="25" width="108">https://wayf.surfnet.nl/federate/surfnet/img/logo/eur.png</mdui:Logo>
                    <mdui:Keywords xml:lang="nl">Erasmus Universiteit Rotterdam Erasmus University Rotterdam EUR</mdui:Keywords>
                    <mdui:Keywords xml:lang="en">Erasmus Universiteit Rotterdam Erasmus University Rotterdam EUR</mdui:Keywords>
                </mdui:UIInfo>
            </md:Extensions>
            <md:KeyDescriptor xmlns:ds="http://www.w3.org/2000/09/xmldsig#" use="signing">
                <ds:KeyInfo>
                    <ds:X509Data>
                        <ds:X509Certificate>MIIDyzCCArOgAwIBAgIJAMzixtXMUH1NMA0GCSqGSIb3DQEBBQUAMHwxCzAJBgNV
                            BAYTAk5MMRAwDgYDVQQIDAdVdHJlY2h0MRAwDgYDVQQHDAdVdHJlY2h0MRUwEwYD
                            VQQKDAxTVVJGbmV0IEIuVi4xEzARBgNVBAsMClNVUkZjb25leHQxHTAbBgNVBAMM
                            FGVuZ2luZS5zdXJmY29uZXh0Lm5sMB4XDTExMDEyNDEwMTg1N1oXDTIxMDEyMzEw
                            MTg1N1owfDELMAkGA1UEBhMCTkwxEDAOBgNVBAgMB1V0cmVjaHQxEDAOBgNVBAcM
                            B1V0cmVjaHQxFTATBgNVBAoMDFNVUkZuZXQgQi5WLjETMBEGA1UECwwKU1VSRmNv
                            bmV4dDEdMBsGA1UEAwwUZW5naW5lLnN1cmZjb25leHQubmwwggEiMA0GCSqGSIb3
                            DQEBAQUAA4IBDwAwggEKAoIBAQDMJ6v+f3owS3KR5IXSil+3XFwGvCVeYx3jDOFK
                            AnwvXlDpTu+t730b8/spHtlopyJVAlb6qBIPN7R4TGTLqiu0zebYsYx/PtqCk5cb
                            u9qs3h+p2BBoTXVwXA/ZYi0tqtxp04hcNrRj1TAgLyC0S+KASTF+zzccAcjTBid5
                            EMioo+YllgSEobWJ4X33XVRqNrikAPDsNmDrdKUi257JSO2xhVIG5lbtmDaL5ORC
                            D56oRmVdp7VQTEQ3Yass8J5Rn+Ub6WmRBYeG+KzFBvtyBput2o0/gvtJn9L+NWeD
                            B0LyUPaUYG/X4GF14FcmFQfz7I5jBCNHtPcLJbPYbZKQNhz/AgMBAAGjUDBOMB0G
                            A1UdDgQWBBS9QqP8gtMM6nm4oYzNbgqhEDP1aDAfBgNVHSMEGDAWgBS9QqP8gtMM
                            6nm4oYzNbgqhEDP1aDAMBgNVHRMEBTADAQH/MA0GCSqGSIb3DQEBBQUAA4IBAQBH
                            2qyYwLwesIOxUTj+NJ0VXRBDH8VecNLiUUs9Np4x8A0pxLvlNnv5TdJAruEg1LSV
                            mAqqPUdAB2m7CKDeUVM9cwOB7vqelV2GNgOfevXi+DZRMffyyE8qyIcnTqvDOgcR
                            8qGTPSVT+SIsOkV9bYrjltrbnal7cJermsA8SC5w/pjLaOHI1xIZHquZzymWoN3Z
                            fz2CQg2r5o+AURYd74GrHhHqVa9VrdWtcimB+vTQQihoLt8YciehpJjOMpx2D66e
                            FfpC8ix31RRdjAVIo1y33h1yU3gEHePDbOthZE+lpXi2WJqO85H85LqJOtgn2WPI
                            3P2Tx32Cq1WXCYkxLaPI
</ds:X509Certificate>
                    </ds:X509Data>
                </ds:KeyInfo>
            </md:KeyDescriptor>
            <md:KeyDescriptor xmlns:ds="http://www.w3.org/2000/09/xmldsig#" use="encryption">
                <ds:KeyInfo>
                    <ds:X509Data>
                        <ds:X509Certificate>MIIDyzCCArOgAwIBAgIJAMzixtXMUH1NMA0GCSqGSIb3DQEBBQUAMHwxCzAJBgNV
                            BAYTAk5MMRAwDgYDVQQIDAdVdHJlY2h0MRAwDgYDVQQHDAdVdHJlY2h0MRUwEwYD
                            VQQKDAxTVVJGbmV0IEIuVi4xEzARBgNVBAsMClNVUkZjb25leHQxHTAbBgNVBAMM
                            FGVuZ2luZS5zdXJmY29uZXh0Lm5sMB4XDTExMDEyNDEwMTg1N1oXDTIxMDEyMzEw
                            MTg1N1owfDELMAkGA1UEBhMCTkwxEDAOBgNVBAgMB1V0cmVjaHQxEDAOBgNVBAcM
                            B1V0cmVjaHQxFTATBgNVBAoMDFNVUkZuZXQgQi5WLjETMBEGA1UECwwKU1VSRmNv
                            bmV4dDEdMBsGA1UEAwwUZW5naW5lLnN1cmZjb25leHQubmwwggEiMA0GCSqGSIb3
                            DQEBAQUAA4IBDwAwggEKAoIBAQDMJ6v+f3owS3KR5IXSil+3XFwGvCVeYx3jDOFK
                            AnwvXlDpTu+t730b8/spHtlopyJVAlb6qBIPN7R4TGTLqiu0zebYsYx/PtqCk5cb
                            u9qs3h+p2BBoTXVwXA/ZYi0tqtxp04hcNrRj1TAgLyC0S+KASTF+zzccAcjTBid5
                            EMioo+YllgSEobWJ4X33XVRqNrikAPDsNmDrdKUi257JSO2xhVIG5lbtmDaL5ORC
                            D56oRmVdp7VQTEQ3Yass8J5Rn+Ub6WmRBYeG+KzFBvtyBput2o0/gvtJn9L+NWeD
                            B0LyUPaUYG/X4GF14FcmFQfz7I5jBCNHtPcLJbPYbZKQNhz/AgMBAAGjUDBOMB0G
                            A1UdDgQWBBS9QqP8gtMM6nm4oYzNbgqhEDP1aDAfBgNVHSMEGDAWgBS9QqP8gtMM
                            6nm4oYzNbgqhEDP1aDAMBgNVHRMEBTADAQH/MA0GCSqGSIb3DQEBBQUAA4IBAQBH
                            2qyYwLwesIOxUTj+NJ0VXRBDH8VecNLiUUs9Np4x8A0pxLvlNnv5TdJAruEg1LSV
                            mAqqPUdAB2m7CKDeUVM9cwOB7vqelV2GNgOfevXi+DZRMffyyE8qyIcnTqvDOgcR
                            8qGTPSVT+SIsOkV9bYrjltrbnal7cJermsA8SC5w/pjLaOHI1xIZHquZzymWoN3Z
                            fz2CQg2r5o+AURYd74GrHhHqVa9VrdWtcimB+vTQQihoLt8YciehpJjOMpx2D66e
                            FfpC8ix31RRdjAVIo1y33h1yU3gEHePDbOthZE+lpXi2WJqO85H85LqJOtgn2WPI
                            3P2Tx32Cq1WXCYkxLaPI
</ds:X509Certificate>
                    </ds:X509Data>
                </ds:KeyInfo>
            </md:KeyDescriptor>
            <md:NameIDFormat>urn:oasis:names:tc:SAML:2.0:nameid-format:transient</md:NameIDFormat>
            <md:SingleSignOnService Binding="urn:oasis:names:tc:SAML:2.0:bindings:HTTP-Redirect" Location="https://engine.surfconext.nl/authentication/idp/single-sign-on/80e917885da2dd2624b1408b6b69fa2a"/>
        </md:IDPSSODescriptor>
    </md:EntityDescriptor>
    <md:EntityDescriptor validUntil="2013-01-30T11:03:12Z" entityID="http://authentigate.surfmarket.nl/adfs/services/trust">
        <md:IDPSSODescriptor protocolSupportEnumeration="urn:oasis:names:tc:SAML:2.0:protocol">
            <md:Extensions>
                <mdui:UIInfo>
                    <mdui:DisplayName xml:lang="nl">SURFmarket</mdui:DisplayName>
                    <mdui:DisplayName xml:lang="en">SURFmarket</mdui:DisplayName>
                    <mdui:Description xml:lang="nl">SURFmarket</mdui:Description>
                    <mdui:Description xml:lang="en">SURFmarket</mdui:Description>
                    <mdui:Logo height="34" width="108">https://wayf.surfnet.nl/federate/surfnet/img/logo/surfmarket.png</mdui:Logo>
                    <mdui:Keywords xml:lang="nl">SURFmarket</mdui:Keywords>
                    <mdui:Keywords xml:lang="en">SURFmarket</mdui:Keywords>
                </mdui:UIInfo>
            </md:Extensions>
            <md:KeyDescriptor xmlns:ds="http://www.w3.org/2000/09/xmldsig#" use="signing">
                <ds:KeyInfo>
                    <ds:X509Data>
                        <ds:X509Certificate>MIIDyzCCArOgAwIBAgIJAMzixtXMUH1NMA0GCSqGSIb3DQEBBQUAMHwxCzAJBgNV
                            BAYTAk5MMRAwDgYDVQQIDAdVdHJlY2h0MRAwDgYDVQQHDAdVdHJlY2h0MRUwEwYD
                            VQQKDAxTVVJGbmV0IEIuVi4xEzARBgNVBAsMClNVUkZjb25leHQxHTAbBgNVBAMM
                            FGVuZ2luZS5zdXJmY29uZXh0Lm5sMB4XDTExMDEyNDEwMTg1N1oXDTIxMDEyMzEw
                            MTg1N1owfDELMAkGA1UEBhMCTkwxEDAOBgNVBAgMB1V0cmVjaHQxEDAOBgNVBAcM
                            B1V0cmVjaHQxFTATBgNVBAoMDFNVUkZuZXQgQi5WLjETMBEGA1UECwwKU1VSRmNv
                            bmV4dDEdMBsGA1UEAwwUZW5naW5lLnN1cmZjb25leHQubmwwggEiMA0GCSqGSIb3
                            DQEBAQUAA4IBDwAwggEKAoIBAQDMJ6v+f3owS3KR5IXSil+3XFwGvCVeYx3jDOFK
                            AnwvXlDpTu+t730b8/spHtlopyJVAlb6qBIPN7R4TGTLqiu0zebYsYx/PtqCk5cb
                            u9qs3h+p2BBoTXVwXA/ZYi0tqtxp04hcNrRj1TAgLyC0S+KASTF+zzccAcjTBid5
                            EMioo+YllgSEobWJ4X33XVRqNrikAPDsNmDrdKUi257JSO2xhVIG5lbtmDaL5ORC
                            D56oRmVdp7VQTEQ3Yass8J5Rn+Ub6WmRBYeG+KzFBvtyBput2o0/gvtJn9L+NWeD
                            B0LyUPaUYG/X4GF14FcmFQfz7I5jBCNHtPcLJbPYbZKQNhz/AgMBAAGjUDBOMB0G
                            A1UdDgQWBBS9QqP8gtMM6nm4oYzNbgqhEDP1aDAfBgNVHSMEGDAWgBS9QqP8gtMM
                            6nm4oYzNbgqhEDP1aDAMBgNVHRMEBTADAQH/MA0GCSqGSIb3DQEBBQUAA4IBAQBH
                            2qyYwLwesIOxUTj+NJ0VXRBDH8VecNLiUUs9Np4x8A0pxLvlNnv5TdJAruEg1LSV
                            mAqqPUdAB2m7CKDeUVM9cwOB7vqelV2GNgOfevXi+DZRMffyyE8qyIcnTqvDOgcR
                            8qGTPSVT+SIsOkV9bYrjltrbnal7cJermsA8SC5w/pjLaOHI1xIZHquZzymWoN3Z
                            fz2CQg2r5o+AURYd74GrHhHqVa9VrdWtcimB+vTQQihoLt8YciehpJjOMpx2D66e
                            FfpC8ix31RRdjAVIo1y33h1yU3gEHePDbOthZE+lpXi2WJqO85H85LqJOtgn2WPI
                            3P2Tx32Cq1WXCYkxLaPI
</ds:X509Certificate>
                    </ds:X509Data>
                </ds:KeyInfo>
            </md:KeyDescriptor>
            <md:KeyDescriptor xmlns:ds="http://www.w3.org/2000/09/xmldsig#" use="encryption">
                <ds:KeyInfo>
                    <ds:X509Data>
                        <ds:X509Certificate>MIIDyzCCArOgAwIBAgIJAMzixtXMUH1NMA0GCSqGSIb3DQEBBQUAMHwxCzAJBgNV
                            BAYTAk5MMRAwDgYDVQQIDAdVdHJlY2h0MRAwDgYDVQQHDAdVdHJlY2h0MRUwEwYD
                            VQQKDAxTVVJGbmV0IEIuVi4xEzARBgNVBAsMClNVUkZjb25leHQxHTAbBgNVBAMM
                            FGVuZ2luZS5zdXJmY29uZXh0Lm5sMB4XDTExMDEyNDEwMTg1N1oXDTIxMDEyMzEw
                            MTg1N1owfDELMAkGA1UEBhMCTkwxEDAOBgNVBAgMB1V0cmVjaHQxEDAOBgNVBAcM
                            B1V0cmVjaHQxFTATBgNVBAoMDFNVUkZuZXQgQi5WLjETMBEGA1UECwwKU1VSRmNv
                            bmV4dDEdMBsGA1UEAwwUZW5naW5lLnN1cmZjb25leHQubmwwggEiMA0GCSqGSIb3
                            DQEBAQUAA4IBDwAwggEKAoIBAQDMJ6v+f3owS3KR5IXSil+3XFwGvCVeYx3jDOFK
                            AnwvXlDpTu+t730b8/spHtlopyJVAlb6qBIPN7R4TGTLqiu0zebYsYx/PtqCk5cb
                            u9qs3h+p2BBoTXVwXA/ZYi0tqtxp04hcNrRj1TAgLyC0S+KASTF+zzccAcjTBid5
                            EMioo+YllgSEobWJ4X33XVRqNrikAPDsNmDrdKUi257JSO2xhVIG5lbtmDaL5ORC
                            D56oRmVdp7VQTEQ3Yass8J5Rn+Ub6WmRBYeG+KzFBvtyBput2o0/gvtJn9L+NWeD
                            B0LyUPaUYG/X4GF14FcmFQfz7I5jBCNHtPcLJbPYbZKQNhz/AgMBAAGjUDBOMB0G
                            A1UdDgQWBBS9QqP8gtMM6nm4oYzNbgqhEDP1aDAfBgNVHSMEGDAWgBS9QqP8gtMM
                            6nm4oYzNbgqhEDP1aDAMBgNVHRMEBTADAQH/MA0GCSqGSIb3DQEBBQUAA4IBAQBH
                            2qyYwLwesIOxUTj+NJ0VXRBDH8VecNLiUUs9Np4x8A0pxLvlNnv5TdJAruEg1LSV
                            mAqqPUdAB2m7CKDeUVM9cwOB7vqelV2GNgOfevXi+DZRMffyyE8qyIcnTqvDOgcR
                            8qGTPSVT+SIsOkV9bYrjltrbnal7cJermsA8SC5w/pjLaOHI1xIZHquZzymWoN3Z
                            fz2CQg2r5o+AURYd74GrHhHqVa9VrdWtcimB+vTQQihoLt8YciehpJjOMpx2D66e
                            FfpC8ix31RRdjAVIo1y33h1yU3gEHePDbOthZE+lpXi2WJqO85H85LqJOtgn2WPI
                            3P2Tx32Cq1WXCYkxLaPI
</ds:X509Certificate>
                    </ds:X509Data>
                </ds:KeyInfo>
            </md:KeyDescriptor>
            <md:NameIDFormat>urn:oasis:names:tc:SAML:2.0:nameid-format:transient</md:NameIDFormat>
            <md:SingleSignOnService Binding="urn:oasis:names:tc:SAML:2.0:bindings:HTTP-Redirect" Location="https://engine.surfconext.nl/authentication/idp/single-sign-on/6311f145ad0a0cadb87d4d1eee947d41"/>
        </md:IDPSSODescriptor>
    </md:EntityDescriptor>
    <md:EntityDescriptor validUntil="2013-01-30T11:03:12Z" entityID="https://www.creativethings.org/simplesaml/module.php/saml/sp/metadata.php/default-sp">
        <md:IDPSSODescriptor protocolSupportEnumeration="urn:oasis:names:tc:SAML:2.0:protocol">
            <md:Extensions>
                <mdui:UIInfo>
                    <mdui:Logo height="60" width="120">https://.png</mdui:Logo>
                </mdui:UIInfo>
            </md:Extensions>
            <md:KeyDescriptor xmlns:ds="http://www.w3.org/2000/09/xmldsig#" use="signing">
                <ds:KeyInfo>
                    <ds:X509Data>
                        <ds:X509Certificate>MIIDyzCCArOgAwIBAgIJAMzixtXMUH1NMA0GCSqGSIb3DQEBBQUAMHwxCzAJBgNV
                            BAYTAk5MMRAwDgYDVQQIDAdVdHJlY2h0MRAwDgYDVQQHDAdVdHJlY2h0MRUwEwYD
                            VQQKDAxTVVJGbmV0IEIuVi4xEzARBgNVBAsMClNVUkZjb25leHQxHTAbBgNVBAMM
                            FGVuZ2luZS5zdXJmY29uZXh0Lm5sMB4XDTExMDEyNDEwMTg1N1oXDTIxMDEyMzEw
                            MTg1N1owfDELMAkGA1UEBhMCTkwxEDAOBgNVBAgMB1V0cmVjaHQxEDAOBgNVBAcM
                            B1V0cmVjaHQxFTATBgNVBAoMDFNVUkZuZXQgQi5WLjETMBEGA1UECwwKU1VSRmNv
                            bmV4dDEdMBsGA1UEAwwUZW5naW5lLnN1cmZjb25leHQubmwwggEiMA0GCSqGSIb3
                            DQEBAQUAA4IBDwAwggEKAoIBAQDMJ6v+f3owS3KR5IXSil+3XFwGvCVeYx3jDOFK
                            AnwvXlDpTu+t730b8/spHtlopyJVAlb6qBIPN7R4TGTLqiu0zebYsYx/PtqCk5cb
                            u9qs3h+p2BBoTXVwXA/ZYi0tqtxp04hcNrRj1TAgLyC0S+KASTF+zzccAcjTBid5
                            EMioo+YllgSEobWJ4X33XVRqNrikAPDsNmDrdKUi257JSO2xhVIG5lbtmDaL5ORC
                            D56oRmVdp7VQTEQ3Yass8J5Rn+Ub6WmRBYeG+KzFBvtyBput2o0/gvtJn9L+NWeD
                            B0LyUPaUYG/X4GF14FcmFQfz7I5jBCNHtPcLJbPYbZKQNhz/AgMBAAGjUDBOMB0G
                            A1UdDgQWBBS9QqP8gtMM6nm4oYzNbgqhEDP1aDAfBgNVHSMEGDAWgBS9QqP8gtMM
                            6nm4oYzNbgqhEDP1aDAMBgNVHRMEBTADAQH/MA0GCSqGSIb3DQEBBQUAA4IBAQBH
                            2qyYwLwesIOxUTj+NJ0VXRBDH8VecNLiUUs9Np4x8A0pxLvlNnv5TdJAruEg1LSV
                            mAqqPUdAB2m7CKDeUVM9cwOB7vqelV2GNgOfevXi+DZRMffyyE8qyIcnTqvDOgcR
                            8qGTPSVT+SIsOkV9bYrjltrbnal7cJermsA8SC5w/pjLaOHI1xIZHquZzymWoN3Z
                            fz2CQg2r5o+AURYd74GrHhHqVa9VrdWtcimB+vTQQihoLt8YciehpJjOMpx2D66e
                            FfpC8ix31RRdjAVIo1y33h1yU3gEHePDbOthZE+lpXi2WJqO85H85LqJOtgn2WPI
                            3P2Tx32Cq1WXCYkxLaPI
</ds:X509Certificate>
                    </ds:X509Data>
                </ds:KeyInfo>
            </md:KeyDescriptor>
            <md:KeyDescriptor xmlns:ds="http://www.w3.org/2000/09/xmldsig#" use="encryption">
                <ds:KeyInfo>
                    <ds:X509Data>
                        <ds:X509Certificate>MIIDyzCCArOgAwIBAgIJAMzixtXMUH1NMA0GCSqGSIb3DQEBBQUAMHwxCzAJBgNV
                            BAYTAk5MMRAwDgYDVQQIDAdVdHJlY2h0MRAwDgYDVQQHDAdVdHJlY2h0MRUwEwYD
                            VQQKDAxTVVJGbmV0IEIuVi4xEzARBgNVBAsMClNVUkZjb25leHQxHTAbBgNVBAMM
                            FGVuZ2luZS5zdXJmY29uZXh0Lm5sMB4XDTExMDEyNDEwMTg1N1oXDTIxMDEyMzEw
                            MTg1N1owfDELMAkGA1UEBhMCTkwxEDAOBgNVBAgMB1V0cmVjaHQxEDAOBgNVBAcM
                            B1V0cmVjaHQxFTATBgNVBAoMDFNVUkZuZXQgQi5WLjETMBEGA1UECwwKU1VSRmNv
                            bmV4dDEdMBsGA1UEAwwUZW5naW5lLnN1cmZjb25leHQubmwwggEiMA0GCSqGSIb3
                            DQEBAQUAA4IBDwAwggEKAoIBAQDMJ6v+f3owS3KR5IXSil+3XFwGvCVeYx3jDOFK
                            AnwvXlDpTu+t730b8/spHtlopyJVAlb6qBIPN7R4TGTLqiu0zebYsYx/PtqCk5cb
                            u9qs3h+p2BBoTXVwXA/ZYi0tqtxp04hcNrRj1TAgLyC0S+KASTF+zzccAcjTBid5
                            EMioo+YllgSEobWJ4X33XVRqNrikAPDsNmDrdKUi257JSO2xhVIG5lbtmDaL5ORC
                            D56oRmVdp7VQTEQ3Yass8J5Rn+Ub6WmRBYeG+KzFBvtyBput2o0/gvtJn9L+NWeD
                            B0LyUPaUYG/X4GF14FcmFQfz7I5jBCNHtPcLJbPYbZKQNhz/AgMBAAGjUDBOMB0G
                            A1UdDgQWBBS9QqP8gtMM6nm4oYzNbgqhEDP1aDAfBgNVHSMEGDAWgBS9QqP8gtMM
                            6nm4oYzNbgqhEDP1aDAMBgNVHRMEBTADAQH/MA0GCSqGSIb3DQEBBQUAA4IBAQBH
                            2qyYwLwesIOxUTj+NJ0VXRBDH8VecNLiUUs9Np4x8A0pxLvlNnv5TdJAruEg1LSV
                            mAqqPUdAB2m7CKDeUVM9cwOB7vqelV2GNgOfevXi+DZRMffyyE8qyIcnTqvDOgcR
                            8qGTPSVT+SIsOkV9bYrjltrbnal7cJermsA8SC5w/pjLaOHI1xIZHquZzymWoN3Z
                            fz2CQg2r5o+AURYd74GrHhHqVa9VrdWtcimB+vTQQihoLt8YciehpJjOMpx2D66e
                            FfpC8ix31RRdjAVIo1y33h1yU3gEHePDbOthZE+lpXi2WJqO85H85LqJOtgn2WPI
                            3P2Tx32Cq1WXCYkxLaPI
</ds:X509Certificate>
                    </ds:X509Data>
                </ds:KeyInfo>
            </md:KeyDescriptor>
            <md:NameIDFormat>urn:oasis:names:tc:SAML:2.0:nameid-format:transient</md:NameIDFormat>
            <md:SingleSignOnService Binding="urn:oasis:names:tc:SAML:2.0:bindings:HTTP-Redirect" Location="https://engine.surfconext.nl/authentication/idp/single-sign-on/c199196e37561812fb55597e83948424"/>
        </md:IDPSSODescriptor>
    </md:EntityDescriptor>
    <md:EntityDescriptor validUntil="2013-01-30T11:03:12Z" entityID="idp.nhl.nl">
        <md:IDPSSODescriptor protocolSupportEnumeration="urn:oasis:names:tc:SAML:2.0:protocol">
            <md:Extensions>
                <mdui:UIInfo>
                    <mdui:DisplayName xml:lang="nl">NHL Hogeschool</mdui:DisplayName>
                    <mdui:DisplayName xml:lang="en">NHL University</mdui:DisplayName>
                    <mdui:Description xml:lang="nl">NHL Hogeschool</mdui:Description>
                    <mdui:Description xml:lang="en">NHL Hogeschool</mdui:Description>
                    <mdui:Logo height="47" width="68">https://wayf.surfnet.nl/federate/surfnet/img/logo/nhl.png</mdui:Logo>
                    <mdui:Keywords xml:lang="nl">NHL Hogeschool University Leeuwarden HBO</mdui:Keywords>
                    <mdui:Keywords xml:lang="en">NHL Hogeschool University Leeuwarden HBO</mdui:Keywords>
                </mdui:UIInfo>
            </md:Extensions>
            <md:KeyDescriptor xmlns:ds="http://www.w3.org/2000/09/xmldsig#" use="signing">
                <ds:KeyInfo>
                    <ds:X509Data>
                        <ds:X509Certificate>MIIDyzCCArOgAwIBAgIJAMzixtXMUH1NMA0GCSqGSIb3DQEBBQUAMHwxCzAJBgNV
                            BAYTAk5MMRAwDgYDVQQIDAdVdHJlY2h0MRAwDgYDVQQHDAdVdHJlY2h0MRUwEwYD
                            VQQKDAxTVVJGbmV0IEIuVi4xEzARBgNVBAsMClNVUkZjb25leHQxHTAbBgNVBAMM
                            FGVuZ2luZS5zdXJmY29uZXh0Lm5sMB4XDTExMDEyNDEwMTg1N1oXDTIxMDEyMzEw
                            MTg1N1owfDELMAkGA1UEBhMCTkwxEDAOBgNVBAgMB1V0cmVjaHQxEDAOBgNVBAcM
                            B1V0cmVjaHQxFTATBgNVBAoMDFNVUkZuZXQgQi5WLjETMBEGA1UECwwKU1VSRmNv
                            bmV4dDEdMBsGA1UEAwwUZW5naW5lLnN1cmZjb25leHQubmwwggEiMA0GCSqGSIb3
                            DQEBAQUAA4IBDwAwggEKAoIBAQDMJ6v+f3owS3KR5IXSil+3XFwGvCVeYx3jDOFK
                            AnwvXlDpTu+t730b8/spHtlopyJVAlb6qBIPN7R4TGTLqiu0zebYsYx/PtqCk5cb
                            u9qs3h+p2BBoTXVwXA/ZYi0tqtxp04hcNrRj1TAgLyC0S+KASTF+zzccAcjTBid5
                            EMioo+YllgSEobWJ4X33XVRqNrikAPDsNmDrdKUi257JSO2xhVIG5lbtmDaL5ORC
                            D56oRmVdp7VQTEQ3Yass8J5Rn+Ub6WmRBYeG+KzFBvtyBput2o0/gvtJn9L+NWeD
                            B0LyUPaUYG/X4GF14FcmFQfz7I5jBCNHtPcLJbPYbZKQNhz/AgMBAAGjUDBOMB0G
                            A1UdDgQWBBS9QqP8gtMM6nm4oYzNbgqhEDP1aDAfBgNVHSMEGDAWgBS9QqP8gtMM
                            6nm4oYzNbgqhEDP1aDAMBgNVHRMEBTADAQH/MA0GCSqGSIb3DQEBBQUAA4IBAQBH
                            2qyYwLwesIOxUTj+NJ0VXRBDH8VecNLiUUs9Np4x8A0pxLvlNnv5TdJAruEg1LSV
                            mAqqPUdAB2m7CKDeUVM9cwOB7vqelV2GNgOfevXi+DZRMffyyE8qyIcnTqvDOgcR
                            8qGTPSVT+SIsOkV9bYrjltrbnal7cJermsA8SC5w/pjLaOHI1xIZHquZzymWoN3Z
                            fz2CQg2r5o+AURYd74GrHhHqVa9VrdWtcimB+vTQQihoLt8YciehpJjOMpx2D66e
                            FfpC8ix31RRdjAVIo1y33h1yU3gEHePDbOthZE+lpXi2WJqO85H85LqJOtgn2WPI
                            3P2Tx32Cq1WXCYkxLaPI
</ds:X509Certificate>
                    </ds:X509Data>
                </ds:KeyInfo>
            </md:KeyDescriptor>
            <md:KeyDescriptor xmlns:ds="http://www.w3.org/2000/09/xmldsig#" use="encryption">
                <ds:KeyInfo>
                    <ds:X509Data>
                        <ds:X509Certificate>MIIDyzCCArOgAwIBAgIJAMzixtXMUH1NMA0GCSqGSIb3DQEBBQUAMHwxCzAJBgNV
                            BAYTAk5MMRAwDgYDVQQIDAdVdHJlY2h0MRAwDgYDVQQHDAdVdHJlY2h0MRUwEwYD
                            VQQKDAxTVVJGbmV0IEIuVi4xEzARBgNVBAsMClNVUkZjb25leHQxHTAbBgNVBAMM
                            FGVuZ2luZS5zdXJmY29uZXh0Lm5sMB4XDTExMDEyNDEwMTg1N1oXDTIxMDEyMzEw
                            MTg1N1owfDELMAkGA1UEBhMCTkwxEDAOBgNVBAgMB1V0cmVjaHQxEDAOBgNVBAcM
                            B1V0cmVjaHQxFTATBgNVBAoMDFNVUkZuZXQgQi5WLjETMBEGA1UECwwKU1VSRmNv
                            bmV4dDEdMBsGA1UEAwwUZW5naW5lLnN1cmZjb25leHQubmwwggEiMA0GCSqGSIb3
                            DQEBAQUAA4IBDwAwggEKAoIBAQDMJ6v+f3owS3KR5IXSil+3XFwGvCVeYx3jDOFK
                            AnwvXlDpTu+t730b8/spHtlopyJVAlb6qBIPN7R4TGTLqiu0zebYsYx/PtqCk5cb
                            u9qs3h+p2BBoTXVwXA/ZYi0tqtxp04hcNrRj1TAgLyC0S+KASTF+zzccAcjTBid5
                            EMioo+YllgSEobWJ4X33XVRqNrikAPDsNmDrdKUi257JSO2xhVIG5lbtmDaL5ORC
                            D56oRmVdp7VQTEQ3Yass8J5Rn+Ub6WmRBYeG+KzFBvtyBput2o0/gvtJn9L+NWeD
                            B0LyUPaUYG/X4GF14FcmFQfz7I5jBCNHtPcLJbPYbZKQNhz/AgMBAAGjUDBOMB0G
                            A1UdDgQWBBS9QqP8gtMM6nm4oYzNbgqhEDP1aDAfBgNVHSMEGDAWgBS9QqP8gtMM
                            6nm4oYzNbgqhEDP1aDAMBgNVHRMEBTADAQH/MA0GCSqGSIb3DQEBBQUAA4IBAQBH
                            2qyYwLwesIOxUTj+NJ0VXRBDH8VecNLiUUs9Np4x8A0pxLvlNnv5TdJAruEg1LSV
                            mAqqPUdAB2m7CKDeUVM9cwOB7vqelV2GNgOfevXi+DZRMffyyE8qyIcnTqvDOgcR
                            8qGTPSVT+SIsOkV9bYrjltrbnal7cJermsA8SC5w/pjLaOHI1xIZHquZzymWoN3Z
                            fz2CQg2r5o+AURYd74GrHhHqVa9VrdWtcimB+vTQQihoLt8YciehpJjOMpx2D66e
                            FfpC8ix31RRdjAVIo1y33h1yU3gEHePDbOthZE+lpXi2WJqO85H85LqJOtgn2WPI
                            3P2Tx32Cq1WXCYkxLaPI
</ds:X509Certificate>
                    </ds:X509Data>
                </ds:KeyInfo>
            </md:KeyDescriptor>
            <md:NameIDFormat>urn:oasis:names:tc:SAML:2.0:nameid-format:transient</md:NameIDFormat>
            <md:SingleSignOnService Binding="urn:oasis:names:tc:SAML:2.0:bindings:HTTP-Redirect" Location="https://engine.surfconext.nl/authentication/idp/single-sign-on/436017ed3ad8a4c9142a5bec149687b0"/>
        </md:IDPSSODescriptor>
    </md:EntityDescriptor>
    <md:EntityDescriptor validUntil="2013-01-30T11:03:12Z" entityID="https://cas-acc.ic.uva.nl/cas">
        <md:IDPSSODescriptor protocolSupportEnumeration="urn:oasis:names:tc:SAML:2.0:protocol">
            <md:Extensions>
                <mdui:UIInfo>
                    <mdui:Description xml:lang="nl">Universiteit van Amsterdam (acc)</mdui:Description>
                    <mdui:Description xml:lang="en">Universiteit van Amsterdam (acc)</mdui:Description>
                    <mdui:Logo height="60" width="120">https://wayf-test.surfnet.nl/federate/surfnet/img/logo/uva.png</mdui:Logo>
                    <mdui:Keywords xml:lang="nl">UvA university Amsterdam</mdui:Keywords>
                    <mdui:Keywords xml:lang="en">UvA universiteit Amsterdam</mdui:Keywords>
                </mdui:UIInfo>
            </md:Extensions>
            <md:KeyDescriptor xmlns:ds="http://www.w3.org/2000/09/xmldsig#" use="signing">
                <ds:KeyInfo>
                    <ds:X509Data>
                        <ds:X509Certificate>MIIDyzCCArOgAwIBAgIJAMzixtXMUH1NMA0GCSqGSIb3DQEBBQUAMHwxCzAJBgNV
                            BAYTAk5MMRAwDgYDVQQIDAdVdHJlY2h0MRAwDgYDVQQHDAdVdHJlY2h0MRUwEwYD
                            VQQKDAxTVVJGbmV0IEIuVi4xEzARBgNVBAsMClNVUkZjb25leHQxHTAbBgNVBAMM
                            FGVuZ2luZS5zdXJmY29uZXh0Lm5sMB4XDTExMDEyNDEwMTg1N1oXDTIxMDEyMzEw
                            MTg1N1owfDELMAkGA1UEBhMCTkwxEDAOBgNVBAgMB1V0cmVjaHQxEDAOBgNVBAcM
                            B1V0cmVjaHQxFTATBgNVBAoMDFNVUkZuZXQgQi5WLjETMBEGA1UECwwKU1VSRmNv
                            bmV4dDEdMBsGA1UEAwwUZW5naW5lLnN1cmZjb25leHQubmwwggEiMA0GCSqGSIb3
                            DQEBAQUAA4IBDwAwggEKAoIBAQDMJ6v+f3owS3KR5IXSil+3XFwGvCVeYx3jDOFK
                            AnwvXlDpTu+t730b8/spHtlopyJVAlb6qBIPN7R4TGTLqiu0zebYsYx/PtqCk5cb
                            u9qs3h+p2BBoTXVwXA/ZYi0tqtxp04hcNrRj1TAgLyC0S+KASTF+zzccAcjTBid5
                            EMioo+YllgSEobWJ4X33XVRqNrikAPDsNmDrdKUi257JSO2xhVIG5lbtmDaL5ORC
                            D56oRmVdp7VQTEQ3Yass8J5Rn+Ub6WmRBYeG+KzFBvtyBput2o0/gvtJn9L+NWeD
                            B0LyUPaUYG/X4GF14FcmFQfz7I5jBCNHtPcLJbPYbZKQNhz/AgMBAAGjUDBOMB0G
                            A1UdDgQWBBS9QqP8gtMM6nm4oYzNbgqhEDP1aDAfBgNVHSMEGDAWgBS9QqP8gtMM
                            6nm4oYzNbgqhEDP1aDAMBgNVHRMEBTADAQH/MA0GCSqGSIb3DQEBBQUAA4IBAQBH
                            2qyYwLwesIOxUTj+NJ0VXRBDH8VecNLiUUs9Np4x8A0pxLvlNnv5TdJAruEg1LSV
                            mAqqPUdAB2m7CKDeUVM9cwOB7vqelV2GNgOfevXi+DZRMffyyE8qyIcnTqvDOgcR
                            8qGTPSVT+SIsOkV9bYrjltrbnal7cJermsA8SC5w/pjLaOHI1xIZHquZzymWoN3Z
                            fz2CQg2r5o+AURYd74GrHhHqVa9VrdWtcimB+vTQQihoLt8YciehpJjOMpx2D66e
                            FfpC8ix31RRdjAVIo1y33h1yU3gEHePDbOthZE+lpXi2WJqO85H85LqJOtgn2WPI
                            3P2Tx32Cq1WXCYkxLaPI
</ds:X509Certificate>
                    </ds:X509Data>
                </ds:KeyInfo>
            </md:KeyDescriptor>
            <md:KeyDescriptor xmlns:ds="http://www.w3.org/2000/09/xmldsig#" use="encryption">
                <ds:KeyInfo>
                    <ds:X509Data>
                        <ds:X509Certificate>MIIDyzCCArOgAwIBAgIJAMzixtXMUH1NMA0GCSqGSIb3DQEBBQUAMHwxCzAJBgNV
                            BAYTAk5MMRAwDgYDVQQIDAdVdHJlY2h0MRAwDgYDVQQHDAdVdHJlY2h0MRUwEwYD
                            VQQKDAxTVVJGbmV0IEIuVi4xEzARBgNVBAsMClNVUkZjb25leHQxHTAbBgNVBAMM
                            FGVuZ2luZS5zdXJmY29uZXh0Lm5sMB4XDTExMDEyNDEwMTg1N1oXDTIxMDEyMzEw
                            MTg1N1owfDELMAkGA1UEBhMCTkwxEDAOBgNVBAgMB1V0cmVjaHQxEDAOBgNVBAcM
                            B1V0cmVjaHQxFTATBgNVBAoMDFNVUkZuZXQgQi5WLjETMBEGA1UECwwKU1VSRmNv
                            bmV4dDEdMBsGA1UEAwwUZW5naW5lLnN1cmZjb25leHQubmwwggEiMA0GCSqGSIb3
                            DQEBAQUAA4IBDwAwggEKAoIBAQDMJ6v+f3owS3KR5IXSil+3XFwGvCVeYx3jDOFK
                            AnwvXlDpTu+t730b8/spHtlopyJVAlb6qBIPN7R4TGTLqiu0zebYsYx/PtqCk5cb
                            u9qs3h+p2BBoTXVwXA/ZYi0tqtxp04hcNrRj1TAgLyC0S+KASTF+zzccAcjTBid5
                            EMioo+YllgSEobWJ4X33XVRqNrikAPDsNmDrdKUi257JSO2xhVIG5lbtmDaL5ORC
                            D56oRmVdp7VQTEQ3Yass8J5Rn+Ub6WmRBYeG+KzFBvtyBput2o0/gvtJn9L+NWeD
                            B0LyUPaUYG/X4GF14FcmFQfz7I5jBCNHtPcLJbPYbZKQNhz/AgMBAAGjUDBOMB0G
                            A1UdDgQWBBS9QqP8gtMM6nm4oYzNbgqhEDP1aDAfBgNVHSMEGDAWgBS9QqP8gtMM
                            6nm4oYzNbgqhEDP1aDAMBgNVHRMEBTADAQH/MA0GCSqGSIb3DQEBBQUAA4IBAQBH
                            2qyYwLwesIOxUTj+NJ0VXRBDH8VecNLiUUs9Np4x8A0pxLvlNnv5TdJAruEg1LSV
                            mAqqPUdAB2m7CKDeUVM9cwOB7vqelV2GNgOfevXi+DZRMffyyE8qyIcnTqvDOgcR
                            8qGTPSVT+SIsOkV9bYrjltrbnal7cJermsA8SC5w/pjLaOHI1xIZHquZzymWoN3Z
                            fz2CQg2r5o+AURYd74GrHhHqVa9VrdWtcimB+vTQQihoLt8YciehpJjOMpx2D66e
                            FfpC8ix31RRdjAVIo1y33h1yU3gEHePDbOthZE+lpXi2WJqO85H85LqJOtgn2WPI
                            3P2Tx32Cq1WXCYkxLaPI
</ds:X509Certificate>
                    </ds:X509Data>
                </ds:KeyInfo>
            </md:KeyDescriptor>
            <md:NameIDFormat>urn:oasis:names:tc:SAML:2.0:nameid-format:transient</md:NameIDFormat>
            <md:SingleSignOnService Binding="urn:oasis:names:tc:SAML:2.0:bindings:HTTP-Redirect" Location="https://engine.surfconext.nl/authentication/idp/single-sign-on/14e4bc6c513030e75867e29e2e54c3f9"/>
        </md:IDPSSODescriptor>
    </md:EntityDescriptor>
    <md:EntityDescriptor validUntil="2013-01-30T11:03:12Z" entityID="https://access.hro.nl/simplesaml/saml2/idp/metadata.php">
        <md:IDPSSODescriptor protocolSupportEnumeration="urn:oasis:names:tc:SAML:2.0:protocol">
            <md:Extensions>
                <mdui:UIInfo>
                    <mdui:DisplayName xml:lang="nl">Hogeschool Rotterdam</mdui:DisplayName>
                    <mdui:DisplayName xml:lang="en">Rotterdam University</mdui:DisplayName>
                    <mdui:Description xml:lang="nl">Hogeschool Rotterdam</mdui:Description>
                    <mdui:Description xml:lang="en">Hogeschool Rotterdam</mdui:Description>
                    <mdui:Logo height="60" width="120">https://wayf.surfnet.nl/federate/surfnet/img/logo/hro.png</mdui:Logo>
                    <mdui:Keywords xml:lang="nl">Hogeschool Rotterdam University HRO HBO</mdui:Keywords>
                    <mdui:Keywords xml:lang="en">Hogeschool Rotterdam University HRO HBO</mdui:Keywords>
                </mdui:UIInfo>
            </md:Extensions>
            <md:KeyDescriptor xmlns:ds="http://www.w3.org/2000/09/xmldsig#" use="signing">
                <ds:KeyInfo>
                    <ds:X509Data>
                        <ds:X509Certificate>MIIDyzCCArOgAwIBAgIJAMzixtXMUH1NMA0GCSqGSIb3DQEBBQUAMHwxCzAJBgNV
                            BAYTAk5MMRAwDgYDVQQIDAdVdHJlY2h0MRAwDgYDVQQHDAdVdHJlY2h0MRUwEwYD
                            VQQKDAxTVVJGbmV0IEIuVi4xEzARBgNVBAsMClNVUkZjb25leHQxHTAbBgNVBAMM
                            FGVuZ2luZS5zdXJmY29uZXh0Lm5sMB4XDTExMDEyNDEwMTg1N1oXDTIxMDEyMzEw
                            MTg1N1owfDELMAkGA1UEBhMCTkwxEDAOBgNVBAgMB1V0cmVjaHQxEDAOBgNVBAcM
                            B1V0cmVjaHQxFTATBgNVBAoMDFNVUkZuZXQgQi5WLjETMBEGA1UECwwKU1VSRmNv
                            bmV4dDEdMBsGA1UEAwwUZW5naW5lLnN1cmZjb25leHQubmwwggEiMA0GCSqGSIb3
                            DQEBAQUAA4IBDwAwggEKAoIBAQDMJ6v+f3owS3KR5IXSil+3XFwGvCVeYx3jDOFK
                            AnwvXlDpTu+t730b8/spHtlopyJVAlb6qBIPN7R4TGTLqiu0zebYsYx/PtqCk5cb
                            u9qs3h+p2BBoTXVwXA/ZYi0tqtxp04hcNrRj1TAgLyC0S+KASTF+zzccAcjTBid5
                            EMioo+YllgSEobWJ4X33XVRqNrikAPDsNmDrdKUi257JSO2xhVIG5lbtmDaL5ORC
                            D56oRmVdp7VQTEQ3Yass8J5Rn+Ub6WmRBYeG+KzFBvtyBput2o0/gvtJn9L+NWeD
                            B0LyUPaUYG/X4GF14FcmFQfz7I5jBCNHtPcLJbPYbZKQNhz/AgMBAAGjUDBOMB0G
                            A1UdDgQWBBS9QqP8gtMM6nm4oYzNbgqhEDP1aDAfBgNVHSMEGDAWgBS9QqP8gtMM
                            6nm4oYzNbgqhEDP1aDAMBgNVHRMEBTADAQH/MA0GCSqGSIb3DQEBBQUAA4IBAQBH
                            2qyYwLwesIOxUTj+NJ0VXRBDH8VecNLiUUs9Np4x8A0pxLvlNnv5TdJAruEg1LSV
                            mAqqPUdAB2m7CKDeUVM9cwOB7vqelV2GNgOfevXi+DZRMffyyE8qyIcnTqvDOgcR
                            8qGTPSVT+SIsOkV9bYrjltrbnal7cJermsA8SC5w/pjLaOHI1xIZHquZzymWoN3Z
                            fz2CQg2r5o+AURYd74GrHhHqVa9VrdWtcimB+vTQQihoLt8YciehpJjOMpx2D66e
                            FfpC8ix31RRdjAVIo1y33h1yU3gEHePDbOthZE+lpXi2WJqO85H85LqJOtgn2WPI
                            3P2Tx32Cq1WXCYkxLaPI
</ds:X509Certificate>
                    </ds:X509Data>
                </ds:KeyInfo>
            </md:KeyDescriptor>
            <md:KeyDescriptor xmlns:ds="http://www.w3.org/2000/09/xmldsig#" use="encryption">
                <ds:KeyInfo>
                    <ds:X509Data>
                        <ds:X509Certificate>MIIDyzCCArOgAwIBAgIJAMzixtXMUH1NMA0GCSqGSIb3DQEBBQUAMHwxCzAJBgNV
                            BAYTAk5MMRAwDgYDVQQIDAdVdHJlY2h0MRAwDgYDVQQHDAdVdHJlY2h0MRUwEwYD
                            VQQKDAxTVVJGbmV0IEIuVi4xEzARBgNVBAsMClNVUkZjb25leHQxHTAbBgNVBAMM
                            FGVuZ2luZS5zdXJmY29uZXh0Lm5sMB4XDTExMDEyNDEwMTg1N1oXDTIxMDEyMzEw
                            MTg1N1owfDELMAkGA1UEBhMCTkwxEDAOBgNVBAgMB1V0cmVjaHQxEDAOBgNVBAcM
                            B1V0cmVjaHQxFTATBgNVBAoMDFNVUkZuZXQgQi5WLjETMBEGA1UECwwKU1VSRmNv
                            bmV4dDEdMBsGA1UEAwwUZW5naW5lLnN1cmZjb25leHQubmwwggEiMA0GCSqGSIb3
                            DQEBAQUAA4IBDwAwggEKAoIBAQDMJ6v+f3owS3KR5IXSil+3XFwGvCVeYx3jDOFK
                            AnwvXlDpTu+t730b8/spHtlopyJVAlb6qBIPN7R4TGTLqiu0zebYsYx/PtqCk5cb
                            u9qs3h+p2BBoTXVwXA/ZYi0tqtxp04hcNrRj1TAgLyC0S+KASTF+zzccAcjTBid5
                            EMioo+YllgSEobWJ4X33XVRqNrikAPDsNmDrdKUi257JSO2xhVIG5lbtmDaL5ORC
                            D56oRmVdp7VQTEQ3Yass8J5Rn+Ub6WmRBYeG+KzFBvtyBput2o0/gvtJn9L+NWeD
                            B0LyUPaUYG/X4GF14FcmFQfz7I5jBCNHtPcLJbPYbZKQNhz/AgMBAAGjUDBOMB0G
                            A1UdDgQWBBS9QqP8gtMM6nm4oYzNbgqhEDP1aDAfBgNVHSMEGDAWgBS9QqP8gtMM
                            6nm4oYzNbgqhEDP1aDAMBgNVHRMEBTADAQH/MA0GCSqGSIb3DQEBBQUAA4IBAQBH
                            2qyYwLwesIOxUTj+NJ0VXRBDH8VecNLiUUs9Np4x8A0pxLvlNnv5TdJAruEg1LSV
                            mAqqPUdAB2m7CKDeUVM9cwOB7vqelV2GNgOfevXi+DZRMffyyE8qyIcnTqvDOgcR
                            8qGTPSVT+SIsOkV9bYrjltrbnal7cJermsA8SC5w/pjLaOHI1xIZHquZzymWoN3Z
                            fz2CQg2r5o+AURYd74GrHhHqVa9VrdWtcimB+vTQQihoLt8YciehpJjOMpx2D66e
                            FfpC8ix31RRdjAVIo1y33h1yU3gEHePDbOthZE+lpXi2WJqO85H85LqJOtgn2WPI
                            3P2Tx32Cq1WXCYkxLaPI
</ds:X509Certificate>
                    </ds:X509Data>
                </ds:KeyInfo>
            </md:KeyDescriptor>
            <md:NameIDFormat>urn:oasis:names:tc:SAML:2.0:nameid-format:transient</md:NameIDFormat>
            <md:SingleSignOnService Binding="urn:oasis:names:tc:SAML:2.0:bindings:HTTP-Redirect" Location="https://engine.surfconext.nl/authentication/idp/single-sign-on/080d16c1fde039152735783fffd2c0c2"/>
        </md:IDPSSODescriptor>
    </md:EntityDescriptor>
    <md:EntityDescriptor validUntil="2013-01-30T11:03:12Z" entityID="gatekeepert.tudelft.nl">
        <md:IDPSSODescriptor protocolSupportEnumeration="urn:oasis:names:tc:SAML:2.0:protocol">
            <md:Extensions>
                <mdui:UIInfo>
                    <mdui:Description xml:lang="nl">Technische Universiteit Delft (OpenASelect)</mdui:Description>
                    <mdui:Description xml:lang="en">Technische Universiteit Delft (OpenASelect)</mdui:Description>
                    <mdui:Logo height="45" width="108">https://wayf-test.surfnet.nl/federate/surfnet/img/logo/tudelft.png</mdui:Logo>
                    <mdui:Keywords xml:lang="nl">Technische Universiteit Delft (OpenASelect)</mdui:Keywords>
                    <mdui:Keywords xml:lang="en">Technische Universiteit Delft (OpenASelect)</mdui:Keywords>
                </mdui:UIInfo>
            </md:Extensions>
            <md:KeyDescriptor xmlns:ds="http://www.w3.org/2000/09/xmldsig#" use="signing">
                <ds:KeyInfo>
                    <ds:X509Data>
                        <ds:X509Certificate>MIIDyzCCArOgAwIBAgIJAMzixtXMUH1NMA0GCSqGSIb3DQEBBQUAMHwxCzAJBgNV
                            BAYTAk5MMRAwDgYDVQQIDAdVdHJlY2h0MRAwDgYDVQQHDAdVdHJlY2h0MRUwEwYD
                            VQQKDAxTVVJGbmV0IEIuVi4xEzARBgNVBAsMClNVUkZjb25leHQxHTAbBgNVBAMM
                            FGVuZ2luZS5zdXJmY29uZXh0Lm5sMB4XDTExMDEyNDEwMTg1N1oXDTIxMDEyMzEw
                            MTg1N1owfDELMAkGA1UEBhMCTkwxEDAOBgNVBAgMB1V0cmVjaHQxEDAOBgNVBAcM
                            B1V0cmVjaHQxFTATBgNVBAoMDFNVUkZuZXQgQi5WLjETMBEGA1UECwwKU1VSRmNv
                            bmV4dDEdMBsGA1UEAwwUZW5naW5lLnN1cmZjb25leHQubmwwggEiMA0GCSqGSIb3
                            DQEBAQUAA4IBDwAwggEKAoIBAQDMJ6v+f3owS3KR5IXSil+3XFwGvCVeYx3jDOFK
                            AnwvXlDpTu+t730b8/spHtlopyJVAlb6qBIPN7R4TGTLqiu0zebYsYx/PtqCk5cb
                            u9qs3h+p2BBoTXVwXA/ZYi0tqtxp04hcNrRj1TAgLyC0S+KASTF+zzccAcjTBid5
                            EMioo+YllgSEobWJ4X33XVRqNrikAPDsNmDrdKUi257JSO2xhVIG5lbtmDaL5ORC
                            D56oRmVdp7VQTEQ3Yass8J5Rn+Ub6WmRBYeG+KzFBvtyBput2o0/gvtJn9L+NWeD
                            B0LyUPaUYG/X4GF14FcmFQfz7I5jBCNHtPcLJbPYbZKQNhz/AgMBAAGjUDBOMB0G
                            A1UdDgQWBBS9QqP8gtMM6nm4oYzNbgqhEDP1aDAfBgNVHSMEGDAWgBS9QqP8gtMM
                            6nm4oYzNbgqhEDP1aDAMBgNVHRMEBTADAQH/MA0GCSqGSIb3DQEBBQUAA4IBAQBH
                            2qyYwLwesIOxUTj+NJ0VXRBDH8VecNLiUUs9Np4x8A0pxLvlNnv5TdJAruEg1LSV
                            mAqqPUdAB2m7CKDeUVM9cwOB7vqelV2GNgOfevXi+DZRMffyyE8qyIcnTqvDOgcR
                            8qGTPSVT+SIsOkV9bYrjltrbnal7cJermsA8SC5w/pjLaOHI1xIZHquZzymWoN3Z
                            fz2CQg2r5o+AURYd74GrHhHqVa9VrdWtcimB+vTQQihoLt8YciehpJjOMpx2D66e
                            FfpC8ix31RRdjAVIo1y33h1yU3gEHePDbOthZE+lpXi2WJqO85H85LqJOtgn2WPI
                            3P2Tx32Cq1WXCYkxLaPI
</ds:X509Certificate>
                    </ds:X509Data>
                </ds:KeyInfo>
            </md:KeyDescriptor>
            <md:KeyDescriptor xmlns:ds="http://www.w3.org/2000/09/xmldsig#" use="encryption">
                <ds:KeyInfo>
                    <ds:X509Data>
                        <ds:X509Certificate>MIIDyzCCArOgAwIBAgIJAMzixtXMUH1NMA0GCSqGSIb3DQEBBQUAMHwxCzAJBgNV
                            BAYTAk5MMRAwDgYDVQQIDAdVdHJlY2h0MRAwDgYDVQQHDAdVdHJlY2h0MRUwEwYD
                            VQQKDAxTVVJGbmV0IEIuVi4xEzARBgNVBAsMClNVUkZjb25leHQxHTAbBgNVBAMM
                            FGVuZ2luZS5zdXJmY29uZXh0Lm5sMB4XDTExMDEyNDEwMTg1N1oXDTIxMDEyMzEw
                            MTg1N1owfDELMAkGA1UEBhMCTkwxEDAOBgNVBAgMB1V0cmVjaHQxEDAOBgNVBAcM
                            B1V0cmVjaHQxFTATBgNVBAoMDFNVUkZuZXQgQi5WLjETMBEGA1UECwwKU1VSRmNv
                            bmV4dDEdMBsGA1UEAwwUZW5naW5lLnN1cmZjb25leHQubmwwggEiMA0GCSqGSIb3
                            DQEBAQUAA4IBDwAwggEKAoIBAQDMJ6v+f3owS3KR5IXSil+3XFwGvCVeYx3jDOFK
                            AnwvXlDpTu+t730b8/spHtlopyJVAlb6qBIPN7R4TGTLqiu0zebYsYx/PtqCk5cb
                            u9qs3h+p2BBoTXVwXA/ZYi0tqtxp04hcNrRj1TAgLyC0S+KASTF+zzccAcjTBid5
                            EMioo+YllgSEobWJ4X33XVRqNrikAPDsNmDrdKUi257JSO2xhVIG5lbtmDaL5ORC
                            D56oRmVdp7VQTEQ3Yass8J5Rn+Ub6WmRBYeG+KzFBvtyBput2o0/gvtJn9L+NWeD
                            B0LyUPaUYG/X4GF14FcmFQfz7I5jBCNHtPcLJbPYbZKQNhz/AgMBAAGjUDBOMB0G
                            A1UdDgQWBBS9QqP8gtMM6nm4oYzNbgqhEDP1aDAfBgNVHSMEGDAWgBS9QqP8gtMM
                            6nm4oYzNbgqhEDP1aDAMBgNVHRMEBTADAQH/MA0GCSqGSIb3DQEBBQUAA4IBAQBH
                            2qyYwLwesIOxUTj+NJ0VXRBDH8VecNLiUUs9Np4x8A0pxLvlNnv5TdJAruEg1LSV
                            mAqqPUdAB2m7CKDeUVM9cwOB7vqelV2GNgOfevXi+DZRMffyyE8qyIcnTqvDOgcR
                            8qGTPSVT+SIsOkV9bYrjltrbnal7cJermsA8SC5w/pjLaOHI1xIZHquZzymWoN3Z
                            fz2CQg2r5o+AURYd74GrHhHqVa9VrdWtcimB+vTQQihoLt8YciehpJjOMpx2D66e
                            FfpC8ix31RRdjAVIo1y33h1yU3gEHePDbOthZE+lpXi2WJqO85H85LqJOtgn2WPI
                            3P2Tx32Cq1WXCYkxLaPI
</ds:X509Certificate>
                    </ds:X509Data>
                </ds:KeyInfo>
            </md:KeyDescriptor>
            <md:NameIDFormat>urn:oasis:names:tc:SAML:2.0:nameid-format:transient</md:NameIDFormat>
            <md:SingleSignOnService Binding="urn:oasis:names:tc:SAML:2.0:bindings:HTTP-Redirect" Location="https://engine.surfconext.nl/authentication/idp/single-sign-on/02d90b42f8ba490516e936c708985aee"/>
        </md:IDPSSODescriptor>
    </md:EntityDescriptor>
    <md:EntityDescriptor validUntil="2013-01-30T11:03:12Z" entityID="http://federation.hanze.nl/adfs/services/trust">
        <md:IDPSSODescriptor protocolSupportEnumeration="urn:oasis:names:tc:SAML:2.0:protocol">
            <md:Extensions>
                <mdui:UIInfo>
                    <mdui:DisplayName xml:lang="nl">Hanzehogeschool Groningen</mdui:DisplayName>
                    <mdui:DisplayName xml:lang="en">Hanze University Groningen</mdui:DisplayName>
                    <mdui:Description xml:lang="nl">Hanzehogeschool Groningen</mdui:Description>
                    <mdui:Description xml:lang="en">Hanzehogeschool Groningen</mdui:Description>
                    <mdui:Logo height="60" width="120">https://wayf.surfnet.nl/federate/surfnet/img/logo/hanze.png</mdui:Logo>
                    <mdui:Keywords xml:lang="nl">Hanze University Groningen Hanzehogeschool Groningen HBO</mdui:Keywords>
                    <mdui:Keywords xml:lang="en">Hanze University Groningen Hanzehogeschool Groningen HBO</mdui:Keywords>
                </mdui:UIInfo>
            </md:Extensions>
            <md:KeyDescriptor xmlns:ds="http://www.w3.org/2000/09/xmldsig#" use="signing">
                <ds:KeyInfo>
                    <ds:X509Data>
                        <ds:X509Certificate>MIIDyzCCArOgAwIBAgIJAMzixtXMUH1NMA0GCSqGSIb3DQEBBQUAMHwxCzAJBgNV
                            BAYTAk5MMRAwDgYDVQQIDAdVdHJlY2h0MRAwDgYDVQQHDAdVdHJlY2h0MRUwEwYD
                            VQQKDAxTVVJGbmV0IEIuVi4xEzARBgNVBAsMClNVUkZjb25leHQxHTAbBgNVBAMM
                            FGVuZ2luZS5zdXJmY29uZXh0Lm5sMB4XDTExMDEyNDEwMTg1N1oXDTIxMDEyMzEw
                            MTg1N1owfDELMAkGA1UEBhMCTkwxEDAOBgNVBAgMB1V0cmVjaHQxEDAOBgNVBAcM
                            B1V0cmVjaHQxFTATBgNVBAoMDFNVUkZuZXQgQi5WLjETMBEGA1UECwwKU1VSRmNv
                            bmV4dDEdMBsGA1UEAwwUZW5naW5lLnN1cmZjb25leHQubmwwggEiMA0GCSqGSIb3
                            DQEBAQUAA4IBDwAwggEKAoIBAQDMJ6v+f3owS3KR5IXSil+3XFwGvCVeYx3jDOFK
                            AnwvXlDpTu+t730b8/spHtlopyJVAlb6qBIPN7R4TGTLqiu0zebYsYx/PtqCk5cb
                            u9qs3h+p2BBoTXVwXA/ZYi0tqtxp04hcNrRj1TAgLyC0S+KASTF+zzccAcjTBid5
                            EMioo+YllgSEobWJ4X33XVRqNrikAPDsNmDrdKUi257JSO2xhVIG5lbtmDaL5ORC
                            D56oRmVdp7VQTEQ3Yass8J5Rn+Ub6WmRBYeG+KzFBvtyBput2o0/gvtJn9L+NWeD
                            B0LyUPaUYG/X4GF14FcmFQfz7I5jBCNHtPcLJbPYbZKQNhz/AgMBAAGjUDBOMB0G
                            A1UdDgQWBBS9QqP8gtMM6nm4oYzNbgqhEDP1aDAfBgNVHSMEGDAWgBS9QqP8gtMM
                            6nm4oYzNbgqhEDP1aDAMBgNVHRMEBTADAQH/MA0GCSqGSIb3DQEBBQUAA4IBAQBH
                            2qyYwLwesIOxUTj+NJ0VXRBDH8VecNLiUUs9Np4x8A0pxLvlNnv5TdJAruEg1LSV
                            mAqqPUdAB2m7CKDeUVM9cwOB7vqelV2GNgOfevXi+DZRMffyyE8qyIcnTqvDOgcR
                            8qGTPSVT+SIsOkV9bYrjltrbnal7cJermsA8SC5w/pjLaOHI1xIZHquZzymWoN3Z
                            fz2CQg2r5o+AURYd74GrHhHqVa9VrdWtcimB+vTQQihoLt8YciehpJjOMpx2D66e
                            FfpC8ix31RRdjAVIo1y33h1yU3gEHePDbOthZE+lpXi2WJqO85H85LqJOtgn2WPI
                            3P2Tx32Cq1WXCYkxLaPI
</ds:X509Certificate>
                    </ds:X509Data>
                </ds:KeyInfo>
            </md:KeyDescriptor>
            <md:KeyDescriptor xmlns:ds="http://www.w3.org/2000/09/xmldsig#" use="encryption">
                <ds:KeyInfo>
                    <ds:X509Data>
                        <ds:X509Certificate>MIIDyzCCArOgAwIBAgIJAMzixtXMUH1NMA0GCSqGSIb3DQEBBQUAMHwxCzAJBgNV
                            BAYTAk5MMRAwDgYDVQQIDAdVdHJlY2h0MRAwDgYDVQQHDAdVdHJlY2h0MRUwEwYD
                            VQQKDAxTVVJGbmV0IEIuVi4xEzARBgNVBAsMClNVUkZjb25leHQxHTAbBgNVBAMM
                            FGVuZ2luZS5zdXJmY29uZXh0Lm5sMB4XDTExMDEyNDEwMTg1N1oXDTIxMDEyMzEw
                            MTg1N1owfDELMAkGA1UEBhMCTkwxEDAOBgNVBAgMB1V0cmVjaHQxEDAOBgNVBAcM
                            B1V0cmVjaHQxFTATBgNVBAoMDFNVUkZuZXQgQi5WLjETMBEGA1UECwwKU1VSRmNv
                            bmV4dDEdMBsGA1UEAwwUZW5naW5lLnN1cmZjb25leHQubmwwggEiMA0GCSqGSIb3
                            DQEBAQUAA4IBDwAwggEKAoIBAQDMJ6v+f3owS3KR5IXSil+3XFwGvCVeYx3jDOFK
                            AnwvXlDpTu+t730b8/spHtlopyJVAlb6qBIPN7R4TGTLqiu0zebYsYx/PtqCk5cb
                            u9qs3h+p2BBoTXVwXA/ZYi0tqtxp04hcNrRj1TAgLyC0S+KASTF+zzccAcjTBid5
                            EMioo+YllgSEobWJ4X33XVRqNrikAPDsNmDrdKUi257JSO2xhVIG5lbtmDaL5ORC
                            D56oRmVdp7VQTEQ3Yass8J5Rn+Ub6WmRBYeG+KzFBvtyBput2o0/gvtJn9L+NWeD
                            B0LyUPaUYG/X4GF14FcmFQfz7I5jBCNHtPcLJbPYbZKQNhz/AgMBAAGjUDBOMB0G
                            A1UdDgQWBBS9QqP8gtMM6nm4oYzNbgqhEDP1aDAfBgNVHSMEGDAWgBS9QqP8gtMM
                            6nm4oYzNbgqhEDP1aDAMBgNVHRMEBTADAQH/MA0GCSqGSIb3DQEBBQUAA4IBAQBH
                            2qyYwLwesIOxUTj+NJ0VXRBDH8VecNLiUUs9Np4x8A0pxLvlNnv5TdJAruEg1LSV
                            mAqqPUdAB2m7CKDeUVM9cwOB7vqelV2GNgOfevXi+DZRMffyyE8qyIcnTqvDOgcR
                            8qGTPSVT+SIsOkV9bYrjltrbnal7cJermsA8SC5w/pjLaOHI1xIZHquZzymWoN3Z
                            fz2CQg2r5o+AURYd74GrHhHqVa9VrdWtcimB+vTQQihoLt8YciehpJjOMpx2D66e
                            FfpC8ix31RRdjAVIo1y33h1yU3gEHePDbOthZE+lpXi2WJqO85H85LqJOtgn2WPI
                            3P2Tx32Cq1WXCYkxLaPI
</ds:X509Certificate>
                    </ds:X509Data>
                </ds:KeyInfo>
            </md:KeyDescriptor>
            <md:NameIDFormat>urn:oasis:names:tc:SAML:2.0:nameid-format:transient</md:NameIDFormat>
            <md:SingleSignOnService Binding="urn:oasis:names:tc:SAML:2.0:bindings:HTTP-Redirect" Location="https://engine.surfconext.nl/authentication/idp/single-sign-on/193a3229f49c46a0b0a0f063f44b7696"/>
        </md:IDPSSODescriptor>
    </md:EntityDescriptor>
    <md:EntityDescriptor validUntil="2013-01-30T11:03:12Z" entityID="http://teamwerk.fed.vumc.nl/adfs/services/trust">
        <md:IDPSSODescriptor protocolSupportEnumeration="urn:oasis:names:tc:SAML:2.0:protocol">
            <md:Extensions>
                <mdui:UIInfo>
                    <mdui:DisplayName xml:lang="nl">VU medisch centrum</mdui:DisplayName>
                    <mdui:DisplayName xml:lang="en">VU medisch centrum</mdui:DisplayName>
                    <mdui:Description xml:lang="nl">VUmc</mdui:Description>
                    <mdui:Description xml:lang="en">VUmc</mdui:Description>
                    <mdui:Logo height="60" width="120">https://wayf.surfnet.nl/federate/surfnet/img/logo/vumc.png</mdui:Logo>
                    <mdui:Keywords xml:lang="nl">VUmc</mdui:Keywords>
                    <mdui:Keywords xml:lang="en">VUmc</mdui:Keywords>
                </mdui:UIInfo>
            </md:Extensions>
            <md:KeyDescriptor xmlns:ds="http://www.w3.org/2000/09/xmldsig#" use="signing">
                <ds:KeyInfo>
                    <ds:X509Data>
                        <ds:X509Certificate>MIIDyzCCArOgAwIBAgIJAMzixtXMUH1NMA0GCSqGSIb3DQEBBQUAMHwxCzAJBgNV
                            BAYTAk5MMRAwDgYDVQQIDAdVdHJlY2h0MRAwDgYDVQQHDAdVdHJlY2h0MRUwEwYD
                            VQQKDAxTVVJGbmV0IEIuVi4xEzARBgNVBAsMClNVUkZjb25leHQxHTAbBgNVBAMM
                            FGVuZ2luZS5zdXJmY29uZXh0Lm5sMB4XDTExMDEyNDEwMTg1N1oXDTIxMDEyMzEw
                            MTg1N1owfDELMAkGA1UEBhMCTkwxEDAOBgNVBAgMB1V0cmVjaHQxEDAOBgNVBAcM
                            B1V0cmVjaHQxFTATBgNVBAoMDFNVUkZuZXQgQi5WLjETMBEGA1UECwwKU1VSRmNv
                            bmV4dDEdMBsGA1UEAwwUZW5naW5lLnN1cmZjb25leHQubmwwggEiMA0GCSqGSIb3
                            DQEBAQUAA4IBDwAwggEKAoIBAQDMJ6v+f3owS3KR5IXSil+3XFwGvCVeYx3jDOFK
                            AnwvXlDpTu+t730b8/spHtlopyJVAlb6qBIPN7R4TGTLqiu0zebYsYx/PtqCk5cb
                            u9qs3h+p2BBoTXVwXA/ZYi0tqtxp04hcNrRj1TAgLyC0S+KASTF+zzccAcjTBid5
                            EMioo+YllgSEobWJ4X33XVRqNrikAPDsNmDrdKUi257JSO2xhVIG5lbtmDaL5ORC
                            D56oRmVdp7VQTEQ3Yass8J5Rn+Ub6WmRBYeG+KzFBvtyBput2o0/gvtJn9L+NWeD
                            B0LyUPaUYG/X4GF14FcmFQfz7I5jBCNHtPcLJbPYbZKQNhz/AgMBAAGjUDBOMB0G
                            A1UdDgQWBBS9QqP8gtMM6nm4oYzNbgqhEDP1aDAfBgNVHSMEGDAWgBS9QqP8gtMM
                            6nm4oYzNbgqhEDP1aDAMBgNVHRMEBTADAQH/MA0GCSqGSIb3DQEBBQUAA4IBAQBH
                            2qyYwLwesIOxUTj+NJ0VXRBDH8VecNLiUUs9Np4x8A0pxLvlNnv5TdJAruEg1LSV
                            mAqqPUdAB2m7CKDeUVM9cwOB7vqelV2GNgOfevXi+DZRMffyyE8qyIcnTqvDOgcR
                            8qGTPSVT+SIsOkV9bYrjltrbnal7cJermsA8SC5w/pjLaOHI1xIZHquZzymWoN3Z
                            fz2CQg2r5o+AURYd74GrHhHqVa9VrdWtcimB+vTQQihoLt8YciehpJjOMpx2D66e
                            FfpC8ix31RRdjAVIo1y33h1yU3gEHePDbOthZE+lpXi2WJqO85H85LqJOtgn2WPI
                            3P2Tx32Cq1WXCYkxLaPI
</ds:X509Certificate>
                    </ds:X509Data>
                </ds:KeyInfo>
            </md:KeyDescriptor>
            <md:KeyDescriptor xmlns:ds="http://www.w3.org/2000/09/xmldsig#" use="encryption">
                <ds:KeyInfo>
                    <ds:X509Data>
                        <ds:X509Certificate>MIIDyzCCArOgAwIBAgIJAMzixtXMUH1NMA0GCSqGSIb3DQEBBQUAMHwxCzAJBgNV
                            BAYTAk5MMRAwDgYDVQQIDAdVdHJlY2h0MRAwDgYDVQQHDAdVdHJlY2h0MRUwEwYD
                            VQQKDAxTVVJGbmV0IEIuVi4xEzARBgNVBAsMClNVUkZjb25leHQxHTAbBgNVBAMM
                            FGVuZ2luZS5zdXJmY29uZXh0Lm5sMB4XDTExMDEyNDEwMTg1N1oXDTIxMDEyMzEw
                            MTg1N1owfDELMAkGA1UEBhMCTkwxEDAOBgNVBAgMB1V0cmVjaHQxEDAOBgNVBAcM
                            B1V0cmVjaHQxFTATBgNVBAoMDFNVUkZuZXQgQi5WLjETMBEGA1UECwwKU1VSRmNv
                            bmV4dDEdMBsGA1UEAwwUZW5naW5lLnN1cmZjb25leHQubmwwggEiMA0GCSqGSIb3
                            DQEBAQUAA4IBDwAwggEKAoIBAQDMJ6v+f3owS3KR5IXSil+3XFwGvCVeYx3jDOFK
                            AnwvXlDpTu+t730b8/spHtlopyJVAlb6qBIPN7R4TGTLqiu0zebYsYx/PtqCk5cb
                            u9qs3h+p2BBoTXVwXA/ZYi0tqtxp04hcNrRj1TAgLyC0S+KASTF+zzccAcjTBid5
                            EMioo+YllgSEobWJ4X33XVRqNrikAPDsNmDrdKUi257JSO2xhVIG5lbtmDaL5ORC
                            D56oRmVdp7VQTEQ3Yass8J5Rn+Ub6WmRBYeG+KzFBvtyBput2o0/gvtJn9L+NWeD
                            B0LyUPaUYG/X4GF14FcmFQfz7I5jBCNHtPcLJbPYbZKQNhz/AgMBAAGjUDBOMB0G
                            A1UdDgQWBBS9QqP8gtMM6nm4oYzNbgqhEDP1aDAfBgNVHSMEGDAWgBS9QqP8gtMM
                            6nm4oYzNbgqhEDP1aDAMBgNVHRMEBTADAQH/MA0GCSqGSIb3DQEBBQUAA4IBAQBH
                            2qyYwLwesIOxUTj+NJ0VXRBDH8VecNLiUUs9Np4x8A0pxLvlNnv5TdJAruEg1LSV
                            mAqqPUdAB2m7CKDeUVM9cwOB7vqelV2GNgOfevXi+DZRMffyyE8qyIcnTqvDOgcR
                            8qGTPSVT+SIsOkV9bYrjltrbnal7cJermsA8SC5w/pjLaOHI1xIZHquZzymWoN3Z
                            fz2CQg2r5o+AURYd74GrHhHqVa9VrdWtcimB+vTQQihoLt8YciehpJjOMpx2D66e
                            FfpC8ix31RRdjAVIo1y33h1yU3gEHePDbOthZE+lpXi2WJqO85H85LqJOtgn2WPI
                            3P2Tx32Cq1WXCYkxLaPI
</ds:X509Certificate>
                    </ds:X509Data>
                </ds:KeyInfo>
            </md:KeyDescriptor>
            <md:NameIDFormat>urn:oasis:names:tc:SAML:2.0:nameid-format:transient</md:NameIDFormat>
            <md:SingleSignOnService Binding="urn:oasis:names:tc:SAML:2.0:bindings:HTTP-Redirect" Location="https://engine.surfconext.nl/authentication/idp/single-sign-on/531dc454bd0de7d51772c53be70750fe"/>
        </md:IDPSSODescriptor>
    </md:EntityDescriptor>
    <md:EntityDescriptor validUntil="2013-01-30T11:03:12Z" entityID="https://www.creativethings.org/simplesaml/saml2/idp/metadata.php">
        <md:IDPSSODescriptor protocolSupportEnumeration="urn:oasis:names:tc:SAML:2.0:protocol">
            <md:Extensions>
                <mdui:UIInfo>
                    <mdui:Description xml:lang="nl">CreativeThings NiDiP</mdui:Description>
                    <mdui:Description xml:lang="en">CreativeThings NiDiP</mdui:Description>
                    <mdui:Logo height="60" width="120">https://.png</mdui:Logo>
                    <mdui:Keywords xml:lang="nl">CreativeThings NiDiP</mdui:Keywords>
                    <mdui:Keywords xml:lang="en">CreativeThings NiDiP</mdui:Keywords>
                </mdui:UIInfo>
            </md:Extensions>
            <md:KeyDescriptor xmlns:ds="http://www.w3.org/2000/09/xmldsig#" use="signing">
                <ds:KeyInfo>
                    <ds:X509Data>
                        <ds:X509Certificate>MIIDyzCCArOgAwIBAgIJAMzixtXMUH1NMA0GCSqGSIb3DQEBBQUAMHwxCzAJBgNV
                            BAYTAk5MMRAwDgYDVQQIDAdVdHJlY2h0MRAwDgYDVQQHDAdVdHJlY2h0MRUwEwYD
                            VQQKDAxTVVJGbmV0IEIuVi4xEzARBgNVBAsMClNVUkZjb25leHQxHTAbBgNVBAMM
                            FGVuZ2luZS5zdXJmY29uZXh0Lm5sMB4XDTExMDEyNDEwMTg1N1oXDTIxMDEyMzEw
                            MTg1N1owfDELMAkGA1UEBhMCTkwxEDAOBgNVBAgMB1V0cmVjaHQxEDAOBgNVBAcM
                            B1V0cmVjaHQxFTATBgNVBAoMDFNVUkZuZXQgQi5WLjETMBEGA1UECwwKU1VSRmNv
                            bmV4dDEdMBsGA1UEAwwUZW5naW5lLnN1cmZjb25leHQubmwwggEiMA0GCSqGSIb3
                            DQEBAQUAA4IBDwAwggEKAoIBAQDMJ6v+f3owS3KR5IXSil+3XFwGvCVeYx3jDOFK
                            AnwvXlDpTu+t730b8/spHtlopyJVAlb6qBIPN7R4TGTLqiu0zebYsYx/PtqCk5cb
                            u9qs3h+p2BBoTXVwXA/ZYi0tqtxp04hcNrRj1TAgLyC0S+KASTF+zzccAcjTBid5
                            EMioo+YllgSEobWJ4X33XVRqNrikAPDsNmDrdKUi257JSO2xhVIG5lbtmDaL5ORC
                            D56oRmVdp7VQTEQ3Yass8J5Rn+Ub6WmRBYeG+KzFBvtyBput2o0/gvtJn9L+NWeD
                            B0LyUPaUYG/X4GF14FcmFQfz7I5jBCNHtPcLJbPYbZKQNhz/AgMBAAGjUDBOMB0G
                            A1UdDgQWBBS9QqP8gtMM6nm4oYzNbgqhEDP1aDAfBgNVHSMEGDAWgBS9QqP8gtMM
                            6nm4oYzNbgqhEDP1aDAMBgNVHRMEBTADAQH/MA0GCSqGSIb3DQEBBQUAA4IBAQBH
                            2qyYwLwesIOxUTj+NJ0VXRBDH8VecNLiUUs9Np4x8A0pxLvlNnv5TdJAruEg1LSV
                            mAqqPUdAB2m7CKDeUVM9cwOB7vqelV2GNgOfevXi+DZRMffyyE8qyIcnTqvDOgcR
                            8qGTPSVT+SIsOkV9bYrjltrbnal7cJermsA8SC5w/pjLaOHI1xIZHquZzymWoN3Z
                            fz2CQg2r5o+AURYd74GrHhHqVa9VrdWtcimB+vTQQihoLt8YciehpJjOMpx2D66e
                            FfpC8ix31RRdjAVIo1y33h1yU3gEHePDbOthZE+lpXi2WJqO85H85LqJOtgn2WPI
                            3P2Tx32Cq1WXCYkxLaPI
</ds:X509Certificate>
                    </ds:X509Data>
                </ds:KeyInfo>
            </md:KeyDescriptor>
            <md:KeyDescriptor xmlns:ds="http://www.w3.org/2000/09/xmldsig#" use="encryption">
                <ds:KeyInfo>
                    <ds:X509Data>
                        <ds:X509Certificate>MIIDyzCCArOgAwIBAgIJAMzixtXMUH1NMA0GCSqGSIb3DQEBBQUAMHwxCzAJBgNV
                            BAYTAk5MMRAwDgYDVQQIDAdVdHJlY2h0MRAwDgYDVQQHDAdVdHJlY2h0MRUwEwYD
                            VQQKDAxTVVJGbmV0IEIuVi4xEzARBgNVBAsMClNVUkZjb25leHQxHTAbBgNVBAMM
                            FGVuZ2luZS5zdXJmY29uZXh0Lm5sMB4XDTExMDEyNDEwMTg1N1oXDTIxMDEyMzEw
                            MTg1N1owfDELMAkGA1UEBhMCTkwxEDAOBgNVBAgMB1V0cmVjaHQxEDAOBgNVBAcM
                            B1V0cmVjaHQxFTATBgNVBAoMDFNVUkZuZXQgQi5WLjETMBEGA1UECwwKU1VSRmNv
                            bmV4dDEdMBsGA1UEAwwUZW5naW5lLnN1cmZjb25leHQubmwwggEiMA0GCSqGSIb3
                            DQEBAQUAA4IBDwAwggEKAoIBAQDMJ6v+f3owS3KR5IXSil+3XFwGvCVeYx3jDOFK
                            AnwvXlDpTu+t730b8/spHtlopyJVAlb6qBIPN7R4TGTLqiu0zebYsYx/PtqCk5cb
                            u9qs3h+p2BBoTXVwXA/ZYi0tqtxp04hcNrRj1TAgLyC0S+KASTF+zzccAcjTBid5
                            EMioo+YllgSEobWJ4X33XVRqNrikAPDsNmDrdKUi257JSO2xhVIG5lbtmDaL5ORC
                            D56oRmVdp7VQTEQ3Yass8J5Rn+Ub6WmRBYeG+KzFBvtyBput2o0/gvtJn9L+NWeD
                            B0LyUPaUYG/X4GF14FcmFQfz7I5jBCNHtPcLJbPYbZKQNhz/AgMBAAGjUDBOMB0G
                            A1UdDgQWBBS9QqP8gtMM6nm4oYzNbgqhEDP1aDAfBgNVHSMEGDAWgBS9QqP8gtMM
                            6nm4oYzNbgqhEDP1aDAMBgNVHRMEBTADAQH/MA0GCSqGSIb3DQEBBQUAA4IBAQBH
                            2qyYwLwesIOxUTj+NJ0VXRBDH8VecNLiUUs9Np4x8A0pxLvlNnv5TdJAruEg1LSV
                            mAqqPUdAB2m7CKDeUVM9cwOB7vqelV2GNgOfevXi+DZRMffyyE8qyIcnTqvDOgcR
                            8qGTPSVT+SIsOkV9bYrjltrbnal7cJermsA8SC5w/pjLaOHI1xIZHquZzymWoN3Z
                            fz2CQg2r5o+AURYd74GrHhHqVa9VrdWtcimB+vTQQihoLt8YciehpJjOMpx2D66e
                            FfpC8ix31RRdjAVIo1y33h1yU3gEHePDbOthZE+lpXi2WJqO85H85LqJOtgn2WPI
                            3P2Tx32Cq1WXCYkxLaPI
</ds:X509Certificate>
                    </ds:X509Data>
                </ds:KeyInfo>
            </md:KeyDescriptor>
            <md:NameIDFormat>urn:oasis:names:tc:SAML:2.0:nameid-format:transient</md:NameIDFormat>
            <md:SingleSignOnService Binding="urn:oasis:names:tc:SAML:2.0:bindings:HTTP-Redirect" Location="https://engine.surfconext.nl/authentication/idp/single-sign-on/48b2230876ef41932c90d8617c62285a"/>
        </md:IDPSSODescriptor>
    </md:EntityDescriptor>
    <md:EntityDescriptor validUntil="2013-01-30T11:03:12Z" entityID="urn:federation:MultrixADFS">
        <md:IDPSSODescriptor protocolSupportEnumeration="urn:oasis:names:tc:SAML:2.0:protocol">
            <md:Extensions>
                <mdui:UIInfo>
                    <mdui:DisplayName xml:lang="nl">SURF</mdui:DisplayName>
                    <mdui:DisplayName xml:lang="en">SURF</mdui:DisplayName>
                    <mdui:Description xml:lang="nl">SURF</mdui:Description>
                    <mdui:Description xml:lang="en">SURF</mdui:Description>
                    <mdui:Logo height="86" width="44">https://wayf.surfnet.nl/federate/surfnet/img/logo/surf.png</mdui:Logo>
                    <mdui:Keywords xml:lang="nl">SURF</mdui:Keywords>
                    <mdui:Keywords xml:lang="en">SURF</mdui:Keywords>
                </mdui:UIInfo>
            </md:Extensions>
            <md:KeyDescriptor xmlns:ds="http://www.w3.org/2000/09/xmldsig#" use="signing">
                <ds:KeyInfo>
                    <ds:X509Data>
                        <ds:X509Certificate>MIIDyzCCArOgAwIBAgIJAMzixtXMUH1NMA0GCSqGSIb3DQEBBQUAMHwxCzAJBgNV
                            BAYTAk5MMRAwDgYDVQQIDAdVdHJlY2h0MRAwDgYDVQQHDAdVdHJlY2h0MRUwEwYD
                            VQQKDAxTVVJGbmV0IEIuVi4xEzARBgNVBAsMClNVUkZjb25leHQxHTAbBgNVBAMM
                            FGVuZ2luZS5zdXJmY29uZXh0Lm5sMB4XDTExMDEyNDEwMTg1N1oXDTIxMDEyMzEw
                            MTg1N1owfDELMAkGA1UEBhMCTkwxEDAOBgNVBAgMB1V0cmVjaHQxEDAOBgNVBAcM
                            B1V0cmVjaHQxFTATBgNVBAoMDFNVUkZuZXQgQi5WLjETMBEGA1UECwwKU1VSRmNv
                            bmV4dDEdMBsGA1UEAwwUZW5naW5lLnN1cmZjb25leHQubmwwggEiMA0GCSqGSIb3
                            DQEBAQUAA4IBDwAwggEKAoIBAQDMJ6v+f3owS3KR5IXSil+3XFwGvCVeYx3jDOFK
                            AnwvXlDpTu+t730b8/spHtlopyJVAlb6qBIPN7R4TGTLqiu0zebYsYx/PtqCk5cb
                            u9qs3h+p2BBoTXVwXA/ZYi0tqtxp04hcNrRj1TAgLyC0S+KASTF+zzccAcjTBid5
                            EMioo+YllgSEobWJ4X33XVRqNrikAPDsNmDrdKUi257JSO2xhVIG5lbtmDaL5ORC
                            D56oRmVdp7VQTEQ3Yass8J5Rn+Ub6WmRBYeG+KzFBvtyBput2o0/gvtJn9L+NWeD
                            B0LyUPaUYG/X4GF14FcmFQfz7I5jBCNHtPcLJbPYbZKQNhz/AgMBAAGjUDBOMB0G
                            A1UdDgQWBBS9QqP8gtMM6nm4oYzNbgqhEDP1aDAfBgNVHSMEGDAWgBS9QqP8gtMM
                            6nm4oYzNbgqhEDP1aDAMBgNVHRMEBTADAQH/MA0GCSqGSIb3DQEBBQUAA4IBAQBH
                            2qyYwLwesIOxUTj+NJ0VXRBDH8VecNLiUUs9Np4x8A0pxLvlNnv5TdJAruEg1LSV
                            mAqqPUdAB2m7CKDeUVM9cwOB7vqelV2GNgOfevXi+DZRMffyyE8qyIcnTqvDOgcR
                            8qGTPSVT+SIsOkV9bYrjltrbnal7cJermsA8SC5w/pjLaOHI1xIZHquZzymWoN3Z
                            fz2CQg2r5o+AURYd74GrHhHqVa9VrdWtcimB+vTQQihoLt8YciehpJjOMpx2D66e
                            FfpC8ix31RRdjAVIo1y33h1yU3gEHePDbOthZE+lpXi2WJqO85H85LqJOtgn2WPI
                            3P2Tx32Cq1WXCYkxLaPI
</ds:X509Certificate>
                    </ds:X509Data>
                </ds:KeyInfo>
            </md:KeyDescriptor>
            <md:KeyDescriptor xmlns:ds="http://www.w3.org/2000/09/xmldsig#" use="encryption">
                <ds:KeyInfo>
                    <ds:X509Data>
                        <ds:X509Certificate>MIIDyzCCArOgAwIBAgIJAMzixtXMUH1NMA0GCSqGSIb3DQEBBQUAMHwxCzAJBgNV
                            BAYTAk5MMRAwDgYDVQQIDAdVdHJlY2h0MRAwDgYDVQQHDAdVdHJlY2h0MRUwEwYD
                            VQQKDAxTVVJGbmV0IEIuVi4xEzARBgNVBAsMClNVUkZjb25leHQxHTAbBgNVBAMM
                            FGVuZ2luZS5zdXJmY29uZXh0Lm5sMB4XDTExMDEyNDEwMTg1N1oXDTIxMDEyMzEw
                            MTg1N1owfDELMAkGA1UEBhMCTkwxEDAOBgNVBAgMB1V0cmVjaHQxEDAOBgNVBAcM
                            B1V0cmVjaHQxFTATBgNVBAoMDFNVUkZuZXQgQi5WLjETMBEGA1UECwwKU1VSRmNv
                            bmV4dDEdMBsGA1UEAwwUZW5naW5lLnN1cmZjb25leHQubmwwggEiMA0GCSqGSIb3
                            DQEBAQUAA4IBDwAwggEKAoIBAQDMJ6v+f3owS3KR5IXSil+3XFwGvCVeYx3jDOFK
                            AnwvXlDpTu+t730b8/spHtlopyJVAlb6qBIPN7R4TGTLqiu0zebYsYx/PtqCk5cb
                            u9qs3h+p2BBoTXVwXA/ZYi0tqtxp04hcNrRj1TAgLyC0S+KASTF+zzccAcjTBid5
                            EMioo+YllgSEobWJ4X33XVRqNrikAPDsNmDrdKUi257JSO2xhVIG5lbtmDaL5ORC
                            D56oRmVdp7VQTEQ3Yass8J5Rn+Ub6WmRBYeG+KzFBvtyBput2o0/gvtJn9L+NWeD
                            B0LyUPaUYG/X4GF14FcmFQfz7I5jBCNHtPcLJbPYbZKQNhz/AgMBAAGjUDBOMB0G
                            A1UdDgQWBBS9QqP8gtMM6nm4oYzNbgqhEDP1aDAfBgNVHSMEGDAWgBS9QqP8gtMM
                            6nm4oYzNbgqhEDP1aDAMBgNVHRMEBTADAQH/MA0GCSqGSIb3DQEBBQUAA4IBAQBH
                            2qyYwLwesIOxUTj+NJ0VXRBDH8VecNLiUUs9Np4x8A0pxLvlNnv5TdJAruEg1LSV
                            mAqqPUdAB2m7CKDeUVM9cwOB7vqelV2GNgOfevXi+DZRMffyyE8qyIcnTqvDOgcR
                            8qGTPSVT+SIsOkV9bYrjltrbnal7cJermsA8SC5w/pjLaOHI1xIZHquZzymWoN3Z
                            fz2CQg2r5o+AURYd74GrHhHqVa9VrdWtcimB+vTQQihoLt8YciehpJjOMpx2D66e
                            FfpC8ix31RRdjAVIo1y33h1yU3gEHePDbOthZE+lpXi2WJqO85H85LqJOtgn2WPI
                            3P2Tx32Cq1WXCYkxLaPI
</ds:X509Certificate>
                    </ds:X509Data>
                </ds:KeyInfo>
            </md:KeyDescriptor>
            <md:NameIDFormat>urn:oasis:names:tc:SAML:2.0:nameid-format:transient</md:NameIDFormat>
            <md:SingleSignOnService Binding="urn:oasis:names:tc:SAML:2.0:bindings:HTTP-Redirect" Location="https://engine.surfconext.nl/authentication/idp/single-sign-on/f4bc4df38fdd2cf8e9a20b1742882878"/>
        </md:IDPSSODescriptor>
    </md:EntityDescriptor>
    <md:EntityDescriptor validUntil="2013-01-30T11:03:12Z" entityID="http://acc-adfs20.hva.nl/adfs/services/trust">
        <md:IDPSSODescriptor protocolSupportEnumeration="urn:oasis:names:tc:SAML:2.0:protocol">
            <md:Extensions>
                <mdui:UIInfo>
                    <mdui:Description xml:lang="nl">Hogeschool van Amsterdam (acc)</mdui:Description>
                    <mdui:Description xml:lang="en">Hogeschool van Amsterdam (acc)</mdui:Description>
                    <mdui:Logo height="60" width="120">https://wayf-test.surfnet.nl/federate/surfnet/img/logo/hva.png</mdui:Logo>
                </mdui:UIInfo>
            </md:Extensions>
            <md:KeyDescriptor xmlns:ds="http://www.w3.org/2000/09/xmldsig#" use="signing">
                <ds:KeyInfo>
                    <ds:X509Data>
                        <ds:X509Certificate>MIIDyzCCArOgAwIBAgIJAMzixtXMUH1NMA0GCSqGSIb3DQEBBQUAMHwxCzAJBgNV
                            BAYTAk5MMRAwDgYDVQQIDAdVdHJlY2h0MRAwDgYDVQQHDAdVdHJlY2h0MRUwEwYD
                            VQQKDAxTVVJGbmV0IEIuVi4xEzARBgNVBAsMClNVUkZjb25leHQxHTAbBgNVBAMM
                            FGVuZ2luZS5zdXJmY29uZXh0Lm5sMB4XDTExMDEyNDEwMTg1N1oXDTIxMDEyMzEw
                            MTg1N1owfDELMAkGA1UEBhMCTkwxEDAOBgNVBAgMB1V0cmVjaHQxEDAOBgNVBAcM
                            B1V0cmVjaHQxFTATBgNVBAoMDFNVUkZuZXQgQi5WLjETMBEGA1UECwwKU1VSRmNv
                            bmV4dDEdMBsGA1UEAwwUZW5naW5lLnN1cmZjb25leHQubmwwggEiMA0GCSqGSIb3
                            DQEBAQUAA4IBDwAwggEKAoIBAQDMJ6v+f3owS3KR5IXSil+3XFwGvCVeYx3jDOFK
                            AnwvXlDpTu+t730b8/spHtlopyJVAlb6qBIPN7R4TGTLqiu0zebYsYx/PtqCk5cb
                            u9qs3h+p2BBoTXVwXA/ZYi0tqtxp04hcNrRj1TAgLyC0S+KASTF+zzccAcjTBid5
                            EMioo+YllgSEobWJ4X33XVRqNrikAPDsNmDrdKUi257JSO2xhVIG5lbtmDaL5ORC
                            D56oRmVdp7VQTEQ3Yass8J5Rn+Ub6WmRBYeG+KzFBvtyBput2o0/gvtJn9L+NWeD
                            B0LyUPaUYG/X4GF14FcmFQfz7I5jBCNHtPcLJbPYbZKQNhz/AgMBAAGjUDBOMB0G
                            A1UdDgQWBBS9QqP8gtMM6nm4oYzNbgqhEDP1aDAfBgNVHSMEGDAWgBS9QqP8gtMM
                            6nm4oYzNbgqhEDP1aDAMBgNVHRMEBTADAQH/MA0GCSqGSIb3DQEBBQUAA4IBAQBH
                            2qyYwLwesIOxUTj+NJ0VXRBDH8VecNLiUUs9Np4x8A0pxLvlNnv5TdJAruEg1LSV
                            mAqqPUdAB2m7CKDeUVM9cwOB7vqelV2GNgOfevXi+DZRMffyyE8qyIcnTqvDOgcR
                            8qGTPSVT+SIsOkV9bYrjltrbnal7cJermsA8SC5w/pjLaOHI1xIZHquZzymWoN3Z
                            fz2CQg2r5o+AURYd74GrHhHqVa9VrdWtcimB+vTQQihoLt8YciehpJjOMpx2D66e
                            FfpC8ix31RRdjAVIo1y33h1yU3gEHePDbOthZE+lpXi2WJqO85H85LqJOtgn2WPI
                            3P2Tx32Cq1WXCYkxLaPI
</ds:X509Certificate>
                    </ds:X509Data>
                </ds:KeyInfo>
            </md:KeyDescriptor>
            <md:KeyDescriptor xmlns:ds="http://www.w3.org/2000/09/xmldsig#" use="encryption">
                <ds:KeyInfo>
                    <ds:X509Data>
                        <ds:X509Certificate>MIIDyzCCArOgAwIBAgIJAMzixtXMUH1NMA0GCSqGSIb3DQEBBQUAMHwxCzAJBgNV
                            BAYTAk5MMRAwDgYDVQQIDAdVdHJlY2h0MRAwDgYDVQQHDAdVdHJlY2h0MRUwEwYD
                            VQQKDAxTVVJGbmV0IEIuVi4xEzARBgNVBAsMClNVUkZjb25leHQxHTAbBgNVBAMM
                            FGVuZ2luZS5zdXJmY29uZXh0Lm5sMB4XDTExMDEyNDEwMTg1N1oXDTIxMDEyMzEw
                            MTg1N1owfDELMAkGA1UEBhMCTkwxEDAOBgNVBAgMB1V0cmVjaHQxEDAOBgNVBAcM
                            B1V0cmVjaHQxFTATBgNVBAoMDFNVUkZuZXQgQi5WLjETMBEGA1UECwwKU1VSRmNv
                            bmV4dDEdMBsGA1UEAwwUZW5naW5lLnN1cmZjb25leHQubmwwggEiMA0GCSqGSIb3
                            DQEBAQUAA4IBDwAwggEKAoIBAQDMJ6v+f3owS3KR5IXSil+3XFwGvCVeYx3jDOFK
                            AnwvXlDpTu+t730b8/spHtlopyJVAlb6qBIPN7R4TGTLqiu0zebYsYx/PtqCk5cb
                            u9qs3h+p2BBoTXVwXA/ZYi0tqtxp04hcNrRj1TAgLyC0S+KASTF+zzccAcjTBid5
                            EMioo+YllgSEobWJ4X33XVRqNrikAPDsNmDrdKUi257JSO2xhVIG5lbtmDaL5ORC
                            D56oRmVdp7VQTEQ3Yass8J5Rn+Ub6WmRBYeG+KzFBvtyBput2o0/gvtJn9L+NWeD
                            B0LyUPaUYG/X4GF14FcmFQfz7I5jBCNHtPcLJbPYbZKQNhz/AgMBAAGjUDBOMB0G
                            A1UdDgQWBBS9QqP8gtMM6nm4oYzNbgqhEDP1aDAfBgNVHSMEGDAWgBS9QqP8gtMM
                            6nm4oYzNbgqhEDP1aDAMBgNVHRMEBTADAQH/MA0GCSqGSIb3DQEBBQUAA4IBAQBH
                            2qyYwLwesIOxUTj+NJ0VXRBDH8VecNLiUUs9Np4x8A0pxLvlNnv5TdJAruEg1LSV
                            mAqqPUdAB2m7CKDeUVM9cwOB7vqelV2GNgOfevXi+DZRMffyyE8qyIcnTqvDOgcR
                            8qGTPSVT+SIsOkV9bYrjltrbnal7cJermsA8SC5w/pjLaOHI1xIZHquZzymWoN3Z
                            fz2CQg2r5o+AURYd74GrHhHqVa9VrdWtcimB+vTQQihoLt8YciehpJjOMpx2D66e
                            FfpC8ix31RRdjAVIo1y33h1yU3gEHePDbOthZE+lpXi2WJqO85H85LqJOtgn2WPI
                            3P2Tx32Cq1WXCYkxLaPI
</ds:X509Certificate>
                    </ds:X509Data>
                </ds:KeyInfo>
            </md:KeyDescriptor>
            <md:NameIDFormat>urn:oasis:names:tc:SAML:2.0:nameid-format:transient</md:NameIDFormat>
            <md:SingleSignOnService Binding="urn:oasis:names:tc:SAML:2.0:bindings:HTTP-Redirect" Location="https://engine.surfconext.nl/authentication/idp/single-sign-on/2021fe79711266e211cd3ffe061bdfc5"/>
        </md:IDPSSODescriptor>
    </md:EntityDescriptor>
    <md:EntityDescriptor validUntil="2013-01-30T11:03:12Z" entityID="http://stsfed.test.vu.nl/adfs/services/trust">
        <md:IDPSSODescriptor protocolSupportEnumeration="urn:oasis:names:tc:SAML:2.0:protocol">
            <md:Extensions>
                <mdui:UIInfo>
                    <mdui:Description xml:lang="nl">Vrije Universiteit (stsfed)</mdui:Description>
                    <mdui:Description xml:lang="en">Vrije Universiteit (stsfed)</mdui:Description>
                    <mdui:Logo height="60" width="120">https://wayf.surfnet.nl/federate/surfnet/img/logo/vu.png</mdui:Logo>
                    <mdui:Keywords xml:lang="nl">VU</mdui:Keywords>
                    <mdui:Keywords xml:lang="en">VU</mdui:Keywords>
                </mdui:UIInfo>
            </md:Extensions>
            <md:KeyDescriptor xmlns:ds="http://www.w3.org/2000/09/xmldsig#" use="signing">
                <ds:KeyInfo>
                    <ds:X509Data>
                        <ds:X509Certificate>MIIDyzCCArOgAwIBAgIJAMzixtXMUH1NMA0GCSqGSIb3DQEBBQUAMHwxCzAJBgNV
                            BAYTAk5MMRAwDgYDVQQIDAdVdHJlY2h0MRAwDgYDVQQHDAdVdHJlY2h0MRUwEwYD
                            VQQKDAxTVVJGbmV0IEIuVi4xEzARBgNVBAsMClNVUkZjb25leHQxHTAbBgNVBAMM
                            FGVuZ2luZS5zdXJmY29uZXh0Lm5sMB4XDTExMDEyNDEwMTg1N1oXDTIxMDEyMzEw
                            MTg1N1owfDELMAkGA1UEBhMCTkwxEDAOBgNVBAgMB1V0cmVjaHQxEDAOBgNVBAcM
                            B1V0cmVjaHQxFTATBgNVBAoMDFNVUkZuZXQgQi5WLjETMBEGA1UECwwKU1VSRmNv
                            bmV4dDEdMBsGA1UEAwwUZW5naW5lLnN1cmZjb25leHQubmwwggEiMA0GCSqGSIb3
                            DQEBAQUAA4IBDwAwggEKAoIBAQDMJ6v+f3owS3KR5IXSil+3XFwGvCVeYx3jDOFK
                            AnwvXlDpTu+t730b8/spHtlopyJVAlb6qBIPN7R4TGTLqiu0zebYsYx/PtqCk5cb
                            u9qs3h+p2BBoTXVwXA/ZYi0tqtxp04hcNrRj1TAgLyC0S+KASTF+zzccAcjTBid5
                            EMioo+YllgSEobWJ4X33XVRqNrikAPDsNmDrdKUi257JSO2xhVIG5lbtmDaL5ORC
                            D56oRmVdp7VQTEQ3Yass8J5Rn+Ub6WmRBYeG+KzFBvtyBput2o0/gvtJn9L+NWeD
                            B0LyUPaUYG/X4GF14FcmFQfz7I5jBCNHtPcLJbPYbZKQNhz/AgMBAAGjUDBOMB0G
                            A1UdDgQWBBS9QqP8gtMM6nm4oYzNbgqhEDP1aDAfBgNVHSMEGDAWgBS9QqP8gtMM
                            6nm4oYzNbgqhEDP1aDAMBgNVHRMEBTADAQH/MA0GCSqGSIb3DQEBBQUAA4IBAQBH
                            2qyYwLwesIOxUTj+NJ0VXRBDH8VecNLiUUs9Np4x8A0pxLvlNnv5TdJAruEg1LSV
                            mAqqPUdAB2m7CKDeUVM9cwOB7vqelV2GNgOfevXi+DZRMffyyE8qyIcnTqvDOgcR
                            8qGTPSVT+SIsOkV9bYrjltrbnal7cJermsA8SC5w/pjLaOHI1xIZHquZzymWoN3Z
                            fz2CQg2r5o+AURYd74GrHhHqVa9VrdWtcimB+vTQQihoLt8YciehpJjOMpx2D66e
                            FfpC8ix31RRdjAVIo1y33h1yU3gEHePDbOthZE+lpXi2WJqO85H85LqJOtgn2WPI
                            3P2Tx32Cq1WXCYkxLaPI
</ds:X509Certificate>
                    </ds:X509Data>
                </ds:KeyInfo>
            </md:KeyDescriptor>
            <md:KeyDescriptor xmlns:ds="http://www.w3.org/2000/09/xmldsig#" use="encryption">
                <ds:KeyInfo>
                    <ds:X509Data>
                        <ds:X509Certificate>MIIDyzCCArOgAwIBAgIJAMzixtXMUH1NMA0GCSqGSIb3DQEBBQUAMHwxCzAJBgNV
                            BAYTAk5MMRAwDgYDVQQIDAdVdHJlY2h0MRAwDgYDVQQHDAdVdHJlY2h0MRUwEwYD
                            VQQKDAxTVVJGbmV0IEIuVi4xEzARBgNVBAsMClNVUkZjb25leHQxHTAbBgNVBAMM
                            FGVuZ2luZS5zdXJmY29uZXh0Lm5sMB4XDTExMDEyNDEwMTg1N1oXDTIxMDEyMzEw
                            MTg1N1owfDELMAkGA1UEBhMCTkwxEDAOBgNVBAgMB1V0cmVjaHQxEDAOBgNVBAcM
                            B1V0cmVjaHQxFTATBgNVBAoMDFNVUkZuZXQgQi5WLjETMBEGA1UECwwKU1VSRmNv
                            bmV4dDEdMBsGA1UEAwwUZW5naW5lLnN1cmZjb25leHQubmwwggEiMA0GCSqGSIb3
                            DQEBAQUAA4IBDwAwggEKAoIBAQDMJ6v+f3owS3KR5IXSil+3XFwGvCVeYx3jDOFK
                            AnwvXlDpTu+t730b8/spHtlopyJVAlb6qBIPN7R4TGTLqiu0zebYsYx/PtqCk5cb
                            u9qs3h+p2BBoTXVwXA/ZYi0tqtxp04hcNrRj1TAgLyC0S+KASTF+zzccAcjTBid5
                            EMioo+YllgSEobWJ4X33XVRqNrikAPDsNmDrdKUi257JSO2xhVIG5lbtmDaL5ORC
                            D56oRmVdp7VQTEQ3Yass8J5Rn+Ub6WmRBYeG+KzFBvtyBput2o0/gvtJn9L+NWeD
                            B0LyUPaUYG/X4GF14FcmFQfz7I5jBCNHtPcLJbPYbZKQNhz/AgMBAAGjUDBOMB0G
                            A1UdDgQWBBS9QqP8gtMM6nm4oYzNbgqhEDP1aDAfBgNVHSMEGDAWgBS9QqP8gtMM
                            6nm4oYzNbgqhEDP1aDAMBgNVHRMEBTADAQH/MA0GCSqGSIb3DQEBBQUAA4IBAQBH
                            2qyYwLwesIOxUTj+NJ0VXRBDH8VecNLiUUs9Np4x8A0pxLvlNnv5TdJAruEg1LSV
                            mAqqPUdAB2m7CKDeUVM9cwOB7vqelV2GNgOfevXi+DZRMffyyE8qyIcnTqvDOgcR
                            8qGTPSVT+SIsOkV9bYrjltrbnal7cJermsA8SC5w/pjLaOHI1xIZHquZzymWoN3Z
                            fz2CQg2r5o+AURYd74GrHhHqVa9VrdWtcimB+vTQQihoLt8YciehpJjOMpx2D66e
                            FfpC8ix31RRdjAVIo1y33h1yU3gEHePDbOthZE+lpXi2WJqO85H85LqJOtgn2WPI
                            3P2Tx32Cq1WXCYkxLaPI
</ds:X509Certificate>
                    </ds:X509Data>
                </ds:KeyInfo>
            </md:KeyDescriptor>
            <md:NameIDFormat>urn:oasis:names:tc:SAML:2.0:nameid-format:transient</md:NameIDFormat>
            <md:SingleSignOnService Binding="urn:oasis:names:tc:SAML:2.0:bindings:HTTP-Redirect" Location="https://engine.surfconext.nl/authentication/idp/single-sign-on/531fcc652324ea73c5478a0306e4390f"/>
        </md:IDPSSODescriptor>
    </md:EntityDescriptor>
    <md:EntityDescriptor validUntil="2013-01-30T11:03:12Z" entityID="https://surfguestpilot.acc-gini-connect.com/saml/surfguestpilot">
        <md:IDPSSODescriptor protocolSupportEnumeration="urn:oasis:names:tc:SAML:2.0:protocol">
            <md:Extensions>
                <mdui:UIInfo>
                    <mdui:Logo height="60" width="120">https://.png</mdui:Logo>
                </mdui:UIInfo>
            </md:Extensions>
            <md:KeyDescriptor xmlns:ds="http://www.w3.org/2000/09/xmldsig#" use="signing">
                <ds:KeyInfo>
                    <ds:X509Data>
                        <ds:X509Certificate>MIIDyzCCArOgAwIBAgIJAMzixtXMUH1NMA0GCSqGSIb3DQEBBQUAMHwxCzAJBgNV
                            BAYTAk5MMRAwDgYDVQQIDAdVdHJlY2h0MRAwDgYDVQQHDAdVdHJlY2h0MRUwEwYD
                            VQQKDAxTVVJGbmV0IEIuVi4xEzARBgNVBAsMClNVUkZjb25leHQxHTAbBgNVBAMM
                            FGVuZ2luZS5zdXJmY29uZXh0Lm5sMB4XDTExMDEyNDEwMTg1N1oXDTIxMDEyMzEw
                            MTg1N1owfDELMAkGA1UEBhMCTkwxEDAOBgNVBAgMB1V0cmVjaHQxEDAOBgNVBAcM
                            B1V0cmVjaHQxFTATBgNVBAoMDFNVUkZuZXQgQi5WLjETMBEGA1UECwwKU1VSRmNv
                            bmV4dDEdMBsGA1UEAwwUZW5naW5lLnN1cmZjb25leHQubmwwggEiMA0GCSqGSIb3
                            DQEBAQUAA4IBDwAwggEKAoIBAQDMJ6v+f3owS3KR5IXSil+3XFwGvCVeYx3jDOFK
                            AnwvXlDpTu+t730b8/spHtlopyJVAlb6qBIPN7R4TGTLqiu0zebYsYx/PtqCk5cb
                            u9qs3h+p2BBoTXVwXA/ZYi0tqtxp04hcNrRj1TAgLyC0S+KASTF+zzccAcjTBid5
                            EMioo+YllgSEobWJ4X33XVRqNrikAPDsNmDrdKUi257JSO2xhVIG5lbtmDaL5ORC
                            D56oRmVdp7VQTEQ3Yass8J5Rn+Ub6WmRBYeG+KzFBvtyBput2o0/gvtJn9L+NWeD
                            B0LyUPaUYG/X4GF14FcmFQfz7I5jBCNHtPcLJbPYbZKQNhz/AgMBAAGjUDBOMB0G
                            A1UdDgQWBBS9QqP8gtMM6nm4oYzNbgqhEDP1aDAfBgNVHSMEGDAWgBS9QqP8gtMM
                            6nm4oYzNbgqhEDP1aDAMBgNVHRMEBTADAQH/MA0GCSqGSIb3DQEBBQUAA4IBAQBH
                            2qyYwLwesIOxUTj+NJ0VXRBDH8VecNLiUUs9Np4x8A0pxLvlNnv5TdJAruEg1LSV
                            mAqqPUdAB2m7CKDeUVM9cwOB7vqelV2GNgOfevXi+DZRMffyyE8qyIcnTqvDOgcR
                            8qGTPSVT+SIsOkV9bYrjltrbnal7cJermsA8SC5w/pjLaOHI1xIZHquZzymWoN3Z
                            fz2CQg2r5o+AURYd74GrHhHqVa9VrdWtcimB+vTQQihoLt8YciehpJjOMpx2D66e
                            FfpC8ix31RRdjAVIo1y33h1yU3gEHePDbOthZE+lpXi2WJqO85H85LqJOtgn2WPI
                            3P2Tx32Cq1WXCYkxLaPI
</ds:X509Certificate>
                    </ds:X509Data>
                </ds:KeyInfo>
            </md:KeyDescriptor>
            <md:KeyDescriptor xmlns:ds="http://www.w3.org/2000/09/xmldsig#" use="encryption">
                <ds:KeyInfo>
                    <ds:X509Data>
                        <ds:X509Certificate>MIIDyzCCArOgAwIBAgIJAMzixtXMUH1NMA0GCSqGSIb3DQEBBQUAMHwxCzAJBgNV
                            BAYTAk5MMRAwDgYDVQQIDAdVdHJlY2h0MRAwDgYDVQQHDAdVdHJlY2h0MRUwEwYD
                            VQQKDAxTVVJGbmV0IEIuVi4xEzARBgNVBAsMClNVUkZjb25leHQxHTAbBgNVBAMM
                            FGVuZ2luZS5zdXJmY29uZXh0Lm5sMB4XDTExMDEyNDEwMTg1N1oXDTIxMDEyMzEw
                            MTg1N1owfDELMAkGA1UEBhMCTkwxEDAOBgNVBAgMB1V0cmVjaHQxEDAOBgNVBAcM
                            B1V0cmVjaHQxFTATBgNVBAoMDFNVUkZuZXQgQi5WLjETMBEGA1UECwwKU1VSRmNv
                            bmV4dDEdMBsGA1UEAwwUZW5naW5lLnN1cmZjb25leHQubmwwggEiMA0GCSqGSIb3
                            DQEBAQUAA4IBDwAwggEKAoIBAQDMJ6v+f3owS3KR5IXSil+3XFwGvCVeYx3jDOFK
                            AnwvXlDpTu+t730b8/spHtlopyJVAlb6qBIPN7R4TGTLqiu0zebYsYx/PtqCk5cb
                            u9qs3h+p2BBoTXVwXA/ZYi0tqtxp04hcNrRj1TAgLyC0S+KASTF+zzccAcjTBid5
                            EMioo+YllgSEobWJ4X33XVRqNrikAPDsNmDrdKUi257JSO2xhVIG5lbtmDaL5ORC
                            D56oRmVdp7VQTEQ3Yass8J5Rn+Ub6WmRBYeG+KzFBvtyBput2o0/gvtJn9L+NWeD
                            B0LyUPaUYG/X4GF14FcmFQfz7I5jBCNHtPcLJbPYbZKQNhz/AgMBAAGjUDBOMB0G
                            A1UdDgQWBBS9QqP8gtMM6nm4oYzNbgqhEDP1aDAfBgNVHSMEGDAWgBS9QqP8gtMM
                            6nm4oYzNbgqhEDP1aDAMBgNVHRMEBTADAQH/MA0GCSqGSIb3DQEBBQUAA4IBAQBH
                            2qyYwLwesIOxUTj+NJ0VXRBDH8VecNLiUUs9Np4x8A0pxLvlNnv5TdJAruEg1LSV
                            mAqqPUdAB2m7CKDeUVM9cwOB7vqelV2GNgOfevXi+DZRMffyyE8qyIcnTqvDOgcR
                            8qGTPSVT+SIsOkV9bYrjltrbnal7cJermsA8SC5w/pjLaOHI1xIZHquZzymWoN3Z
                            fz2CQg2r5o+AURYd74GrHhHqVa9VrdWtcimB+vTQQihoLt8YciehpJjOMpx2D66e
                            FfpC8ix31RRdjAVIo1y33h1yU3gEHePDbOthZE+lpXi2WJqO85H85LqJOtgn2WPI
                            3P2Tx32Cq1WXCYkxLaPI
</ds:X509Certificate>
                    </ds:X509Data>
                </ds:KeyInfo>
            </md:KeyDescriptor>
            <md:NameIDFormat>urn:oasis:names:tc:SAML:2.0:nameid-format:transient</md:NameIDFormat>
            <md:SingleSignOnService Binding="urn:oasis:names:tc:SAML:2.0:bindings:HTTP-Redirect" Location="https://engine.surfconext.nl/authentication/idp/single-sign-on/d8407e3e14c668d0f3bc9ce4a13a7743"/>
        </md:IDPSSODescriptor>
    </md:EntityDescriptor>
    <md:EntityDescriptor validUntil="2013-01-30T11:03:12Z" entityID="HHS">
        <md:IDPSSODescriptor protocolSupportEnumeration="urn:oasis:names:tc:SAML:2.0:protocol">
            <md:Extensions>
                <mdui:UIInfo>
                    <mdui:DisplayName xml:lang="nl">Haagse Hogeschool</mdui:DisplayName>
                    <mdui:DisplayName xml:lang="en">The Hague University</mdui:DisplayName>
                    <mdui:Description xml:lang="nl">Haagse Hogeschool</mdui:Description>
                    <mdui:Description xml:lang="en">Haagse Hogeschool</mdui:Description>
                    <mdui:Logo height="60" width="120">https://wayf.surfnet.nl/federate/surfnet/img/logo/hhs.png</mdui:Logo>
                    <mdui:Keywords xml:lang="nl">The Hague University Haagse Hogeschool HHS HBO</mdui:Keywords>
                    <mdui:Keywords xml:lang="en">The Hague University Haagse Hogeschool HHS HBO</mdui:Keywords>
                </mdui:UIInfo>
            </md:Extensions>
            <md:KeyDescriptor xmlns:ds="http://www.w3.org/2000/09/xmldsig#" use="signing">
                <ds:KeyInfo>
                    <ds:X509Data>
                        <ds:X509Certificate>MIIDyzCCArOgAwIBAgIJAMzixtXMUH1NMA0GCSqGSIb3DQEBBQUAMHwxCzAJBgNV
                            BAYTAk5MMRAwDgYDVQQIDAdVdHJlY2h0MRAwDgYDVQQHDAdVdHJlY2h0MRUwEwYD
                            VQQKDAxTVVJGbmV0IEIuVi4xEzARBgNVBAsMClNVUkZjb25leHQxHTAbBgNVBAMM
                            FGVuZ2luZS5zdXJmY29uZXh0Lm5sMB4XDTExMDEyNDEwMTg1N1oXDTIxMDEyMzEw
                            MTg1N1owfDELMAkGA1UEBhMCTkwxEDAOBgNVBAgMB1V0cmVjaHQxEDAOBgNVBAcM
                            B1V0cmVjaHQxFTATBgNVBAoMDFNVUkZuZXQgQi5WLjETMBEGA1UECwwKU1VSRmNv
                            bmV4dDEdMBsGA1UEAwwUZW5naW5lLnN1cmZjb25leHQubmwwggEiMA0GCSqGSIb3
                            DQEBAQUAA4IBDwAwggEKAoIBAQDMJ6v+f3owS3KR5IXSil+3XFwGvCVeYx3jDOFK
                            AnwvXlDpTu+t730b8/spHtlopyJVAlb6qBIPN7R4TGTLqiu0zebYsYx/PtqCk5cb
                            u9qs3h+p2BBoTXVwXA/ZYi0tqtxp04hcNrRj1TAgLyC0S+KASTF+zzccAcjTBid5
                            EMioo+YllgSEobWJ4X33XVRqNrikAPDsNmDrdKUi257JSO2xhVIG5lbtmDaL5ORC
                            D56oRmVdp7VQTEQ3Yass8J5Rn+Ub6WmRBYeG+KzFBvtyBput2o0/gvtJn9L+NWeD
                            B0LyUPaUYG/X4GF14FcmFQfz7I5jBCNHtPcLJbPYbZKQNhz/AgMBAAGjUDBOMB0G
                            A1UdDgQWBBS9QqP8gtMM6nm4oYzNbgqhEDP1aDAfBgNVHSMEGDAWgBS9QqP8gtMM
                            6nm4oYzNbgqhEDP1aDAMBgNVHRMEBTADAQH/MA0GCSqGSIb3DQEBBQUAA4IBAQBH
                            2qyYwLwesIOxUTj+NJ0VXRBDH8VecNLiUUs9Np4x8A0pxLvlNnv5TdJAruEg1LSV
                            mAqqPUdAB2m7CKDeUVM9cwOB7vqelV2GNgOfevXi+DZRMffyyE8qyIcnTqvDOgcR
                            8qGTPSVT+SIsOkV9bYrjltrbnal7cJermsA8SC5w/pjLaOHI1xIZHquZzymWoN3Z
                            fz2CQg2r5o+AURYd74GrHhHqVa9VrdWtcimB+vTQQihoLt8YciehpJjOMpx2D66e
                            FfpC8ix31RRdjAVIo1y33h1yU3gEHePDbOthZE+lpXi2WJqO85H85LqJOtgn2WPI
                            3P2Tx32Cq1WXCYkxLaPI
</ds:X509Certificate>
                    </ds:X509Data>
                </ds:KeyInfo>
            </md:KeyDescriptor>
            <md:KeyDescriptor xmlns:ds="http://www.w3.org/2000/09/xmldsig#" use="encryption">
                <ds:KeyInfo>
                    <ds:X509Data>
                        <ds:X509Certificate>MIIDyzCCArOgAwIBAgIJAMzixtXMUH1NMA0GCSqGSIb3DQEBBQUAMHwxCzAJBgNV
                            BAYTAk5MMRAwDgYDVQQIDAdVdHJlY2h0MRAwDgYDVQQHDAdVdHJlY2h0MRUwEwYD
                            VQQKDAxTVVJGbmV0IEIuVi4xEzARBgNVBAsMClNVUkZjb25leHQxHTAbBgNVBAMM
                            FGVuZ2luZS5zdXJmY29uZXh0Lm5sMB4XDTExMDEyNDEwMTg1N1oXDTIxMDEyMzEw
                            MTg1N1owfDELMAkGA1UEBhMCTkwxEDAOBgNVBAgMB1V0cmVjaHQxEDAOBgNVBAcM
                            B1V0cmVjaHQxFTATBgNVBAoMDFNVUkZuZXQgQi5WLjETMBEGA1UECwwKU1VSRmNv
                            bmV4dDEdMBsGA1UEAwwUZW5naW5lLnN1cmZjb25leHQubmwwggEiMA0GCSqGSIb3
                            DQEBAQUAA4IBDwAwggEKAoIBAQDMJ6v+f3owS3KR5IXSil+3XFwGvCVeYx3jDOFK
                            AnwvXlDpTu+t730b8/spHtlopyJVAlb6qBIPN7R4TGTLqiu0zebYsYx/PtqCk5cb
                            u9qs3h+p2BBoTXVwXA/ZYi0tqtxp04hcNrRj1TAgLyC0S+KASTF+zzccAcjTBid5
                            EMioo+YllgSEobWJ4X33XVRqNrikAPDsNmDrdKUi257JSO2xhVIG5lbtmDaL5ORC
                            D56oRmVdp7VQTEQ3Yass8J5Rn+Ub6WmRBYeG+KzFBvtyBput2o0/gvtJn9L+NWeD
                            B0LyUPaUYG/X4GF14FcmFQfz7I5jBCNHtPcLJbPYbZKQNhz/AgMBAAGjUDBOMB0G
                            A1UdDgQWBBS9QqP8gtMM6nm4oYzNbgqhEDP1aDAfBgNVHSMEGDAWgBS9QqP8gtMM
                            6nm4oYzNbgqhEDP1aDAMBgNVHRMEBTADAQH/MA0GCSqGSIb3DQEBBQUAA4IBAQBH
                            2qyYwLwesIOxUTj+NJ0VXRBDH8VecNLiUUs9Np4x8A0pxLvlNnv5TdJAruEg1LSV
                            mAqqPUdAB2m7CKDeUVM9cwOB7vqelV2GNgOfevXi+DZRMffyyE8qyIcnTqvDOgcR
                            8qGTPSVT+SIsOkV9bYrjltrbnal7cJermsA8SC5w/pjLaOHI1xIZHquZzymWoN3Z
                            fz2CQg2r5o+AURYd74GrHhHqVa9VrdWtcimB+vTQQihoLt8YciehpJjOMpx2D66e
                            FfpC8ix31RRdjAVIo1y33h1yU3gEHePDbOthZE+lpXi2WJqO85H85LqJOtgn2WPI
                            3P2Tx32Cq1WXCYkxLaPI
</ds:X509Certificate>
                    </ds:X509Data>
                </ds:KeyInfo>
            </md:KeyDescriptor>
            <md:NameIDFormat>urn:oasis:names:tc:SAML:2.0:nameid-format:transient</md:NameIDFormat>
            <md:SingleSignOnService Binding="urn:oasis:names:tc:SAML:2.0:bindings:HTTP-Redirect" Location="https://engine.surfconext.nl/authentication/idp/single-sign-on/9b946f04931d3bea213000ab7e237f92"/>
        </md:IDPSSODescriptor>
    </md:EntityDescriptor>
    <md:EntityDescriptor validUntil="2013-01-30T11:03:12Z" entityID="http://adfs.amolf.nl/adfs/services/trust">
        <md:IDPSSODescriptor protocolSupportEnumeration="urn:oasis:names:tc:SAML:2.0:protocol">
            <md:Extensions>
                <mdui:UIInfo>
                    <mdui:DisplayName xml:lang="nl">AMOLF</mdui:DisplayName>
                    <mdui:DisplayName xml:lang="en">AMOLF</mdui:DisplayName>
                    <mdui:Description xml:lang="nl">AMOLF</mdui:Description>
                    <mdui:Description xml:lang="en">AMOLF</mdui:Description>
                    <mdui:Logo height="48" width="76">https://wayf.surfnet.nl/federate/surfnet/img/logo/amolf.png</mdui:Logo>
                    <mdui:Keywords xml:lang="nl">AMOLF AMOLF FOM Institute Foundation for Fundamental Research on Matter Instituut</mdui:Keywords>
                    <mdui:Keywords xml:lang="en">AMOLF FOM Institute Foundation for Fundamental Research on Matter</mdui:Keywords>
                </mdui:UIInfo>
            </md:Extensions>
            <md:KeyDescriptor xmlns:ds="http://www.w3.org/2000/09/xmldsig#" use="signing">
                <ds:KeyInfo>
                    <ds:X509Data>
                        <ds:X509Certificate>MIIDyzCCArOgAwIBAgIJAMzixtXMUH1NMA0GCSqGSIb3DQEBBQUAMHwxCzAJBgNV
                            BAYTAk5MMRAwDgYDVQQIDAdVdHJlY2h0MRAwDgYDVQQHDAdVdHJlY2h0MRUwEwYD
                            VQQKDAxTVVJGbmV0IEIuVi4xEzARBgNVBAsMClNVUkZjb25leHQxHTAbBgNVBAMM
                            FGVuZ2luZS5zdXJmY29uZXh0Lm5sMB4XDTExMDEyNDEwMTg1N1oXDTIxMDEyMzEw
                            MTg1N1owfDELMAkGA1UEBhMCTkwxEDAOBgNVBAgMB1V0cmVjaHQxEDAOBgNVBAcM
                            B1V0cmVjaHQxFTATBgNVBAoMDFNVUkZuZXQgQi5WLjETMBEGA1UECwwKU1VSRmNv
                            bmV4dDEdMBsGA1UEAwwUZW5naW5lLnN1cmZjb25leHQubmwwggEiMA0GCSqGSIb3
                            DQEBAQUAA4IBDwAwggEKAoIBAQDMJ6v+f3owS3KR5IXSil+3XFwGvCVeYx3jDOFK
                            AnwvXlDpTu+t730b8/spHtlopyJVAlb6qBIPN7R4TGTLqiu0zebYsYx/PtqCk5cb
                            u9qs3h+p2BBoTXVwXA/ZYi0tqtxp04hcNrRj1TAgLyC0S+KASTF+zzccAcjTBid5
                            EMioo+YllgSEobWJ4X33XVRqNrikAPDsNmDrdKUi257JSO2xhVIG5lbtmDaL5ORC
                            D56oRmVdp7VQTEQ3Yass8J5Rn+Ub6WmRBYeG+KzFBvtyBput2o0/gvtJn9L+NWeD
                            B0LyUPaUYG/X4GF14FcmFQfz7I5jBCNHtPcLJbPYbZKQNhz/AgMBAAGjUDBOMB0G
                            A1UdDgQWBBS9QqP8gtMM6nm4oYzNbgqhEDP1aDAfBgNVHSMEGDAWgBS9QqP8gtMM
                            6nm4oYzNbgqhEDP1aDAMBgNVHRMEBTADAQH/MA0GCSqGSIb3DQEBBQUAA4IBAQBH
                            2qyYwLwesIOxUTj+NJ0VXRBDH8VecNLiUUs9Np4x8A0pxLvlNnv5TdJAruEg1LSV
                            mAqqPUdAB2m7CKDeUVM9cwOB7vqelV2GNgOfevXi+DZRMffyyE8qyIcnTqvDOgcR
                            8qGTPSVT+SIsOkV9bYrjltrbnal7cJermsA8SC5w/pjLaOHI1xIZHquZzymWoN3Z
                            fz2CQg2r5o+AURYd74GrHhHqVa9VrdWtcimB+vTQQihoLt8YciehpJjOMpx2D66e
                            FfpC8ix31RRdjAVIo1y33h1yU3gEHePDbOthZE+lpXi2WJqO85H85LqJOtgn2WPI
                            3P2Tx32Cq1WXCYkxLaPI
</ds:X509Certificate>
                    </ds:X509Data>
                </ds:KeyInfo>
            </md:KeyDescriptor>
            <md:KeyDescriptor xmlns:ds="http://www.w3.org/2000/09/xmldsig#" use="encryption">
                <ds:KeyInfo>
                    <ds:X509Data>
                        <ds:X509Certificate>MIIDyzCCArOgAwIBAgIJAMzixtXMUH1NMA0GCSqGSIb3DQEBBQUAMHwxCzAJBgNV
                            BAYTAk5MMRAwDgYDVQQIDAdVdHJlY2h0MRAwDgYDVQQHDAdVdHJlY2h0MRUwEwYD
                            VQQKDAxTVVJGbmV0IEIuVi4xEzARBgNVBAsMClNVUkZjb25leHQxHTAbBgNVBAMM
                            FGVuZ2luZS5zdXJmY29uZXh0Lm5sMB4XDTExMDEyNDEwMTg1N1oXDTIxMDEyMzEw
                            MTg1N1owfDELMAkGA1UEBhMCTkwxEDAOBgNVBAgMB1V0cmVjaHQxEDAOBgNVBAcM
                            B1V0cmVjaHQxFTATBgNVBAoMDFNVUkZuZXQgQi5WLjETMBEGA1UECwwKU1VSRmNv
                            bmV4dDEdMBsGA1UEAwwUZW5naW5lLnN1cmZjb25leHQubmwwggEiMA0GCSqGSIb3
                            DQEBAQUAA4IBDwAwggEKAoIBAQDMJ6v+f3owS3KR5IXSil+3XFwGvCVeYx3jDOFK
                            AnwvXlDpTu+t730b8/spHtlopyJVAlb6qBIPN7R4TGTLqiu0zebYsYx/PtqCk5cb
                            u9qs3h+p2BBoTXVwXA/ZYi0tqtxp04hcNrRj1TAgLyC0S+KASTF+zzccAcjTBid5
                            EMioo+YllgSEobWJ4X33XVRqNrikAPDsNmDrdKUi257JSO2xhVIG5lbtmDaL5ORC
                            D56oRmVdp7VQTEQ3Yass8J5Rn+Ub6WmRBYeG+KzFBvtyBput2o0/gvtJn9L+NWeD
                            B0LyUPaUYG/X4GF14FcmFQfz7I5jBCNHtPcLJbPYbZKQNhz/AgMBAAGjUDBOMB0G
                            A1UdDgQWBBS9QqP8gtMM6nm4oYzNbgqhEDP1aDAfBgNVHSMEGDAWgBS9QqP8gtMM
                            6nm4oYzNbgqhEDP1aDAMBgNVHRMEBTADAQH/MA0GCSqGSIb3DQEBBQUAA4IBAQBH
                            2qyYwLwesIOxUTj+NJ0VXRBDH8VecNLiUUs9Np4x8A0pxLvlNnv5TdJAruEg1LSV
                            mAqqPUdAB2m7CKDeUVM9cwOB7vqelV2GNgOfevXi+DZRMffyyE8qyIcnTqvDOgcR
                            8qGTPSVT+SIsOkV9bYrjltrbnal7cJermsA8SC5w/pjLaOHI1xIZHquZzymWoN3Z
                            fz2CQg2r5o+AURYd74GrHhHqVa9VrdWtcimB+vTQQihoLt8YciehpJjOMpx2D66e
                            FfpC8ix31RRdjAVIo1y33h1yU3gEHePDbOthZE+lpXi2WJqO85H85LqJOtgn2WPI
                            3P2Tx32Cq1WXCYkxLaPI
</ds:X509Certificate>
                    </ds:X509Data>
                </ds:KeyInfo>
            </md:KeyDescriptor>
            <md:NameIDFormat>urn:oasis:names:tc:SAML:2.0:nameid-format:transient</md:NameIDFormat>
            <md:SingleSignOnService Binding="urn:oasis:names:tc:SAML:2.0:bindings:HTTP-Redirect" Location="https://engine.surfconext.nl/authentication/idp/single-sign-on/985222f345d0c3b64b738e25c3aca1ba"/>
        </md:IDPSSODescriptor>
    </md:EntityDescriptor>
    <md:EntityDescriptor validUntil="2013-01-30T11:03:12Z" entityID="Universiteit%20Utrecht">
        <md:IDPSSODescriptor protocolSupportEnumeration="urn:oasis:names:tc:SAML:2.0:protocol">
            <md:Extensions>
                <mdui:UIInfo>
                    <mdui:DisplayName xml:lang="nl">Universiteit Utrecht</mdui:DisplayName>
                    <mdui:DisplayName xml:lang="en">Utrecht University</mdui:DisplayName>
                    <mdui:Description xml:lang="nl">Universiteit Utrecht</mdui:Description>
                    <mdui:Description xml:lang="en">Universiteit Utrecht</mdui:Description>
                    <mdui:Keywords xml:lang="nl">Utrecht University Universiteit Utrecht UU</mdui:Keywords>
                    <mdui:Keywords xml:lang="en">Utrecht University Universiteit Utrecht UU</mdui:Keywords>
                </mdui:UIInfo>
            </md:Extensions>
            <md:KeyDescriptor xmlns:ds="http://www.w3.org/2000/09/xmldsig#" use="signing">
                <ds:KeyInfo>
                    <ds:X509Data>
                        <ds:X509Certificate>MIIDyzCCArOgAwIBAgIJAMzixtXMUH1NMA0GCSqGSIb3DQEBBQUAMHwxCzAJBgNV
                            BAYTAk5MMRAwDgYDVQQIDAdVdHJlY2h0MRAwDgYDVQQHDAdVdHJlY2h0MRUwEwYD
                            VQQKDAxTVVJGbmV0IEIuVi4xEzARBgNVBAsMClNVUkZjb25leHQxHTAbBgNVBAMM
                            FGVuZ2luZS5zdXJmY29uZXh0Lm5sMB4XDTExMDEyNDEwMTg1N1oXDTIxMDEyMzEw
                            MTg1N1owfDELMAkGA1UEBhMCTkwxEDAOBgNVBAgMB1V0cmVjaHQxEDAOBgNVBAcM
                            B1V0cmVjaHQxFTATBgNVBAoMDFNVUkZuZXQgQi5WLjETMBEGA1UECwwKU1VSRmNv
                            bmV4dDEdMBsGA1UEAwwUZW5naW5lLnN1cmZjb25leHQubmwwggEiMA0GCSqGSIb3
                            DQEBAQUAA4IBDwAwggEKAoIBAQDMJ6v+f3owS3KR5IXSil+3XFwGvCVeYx3jDOFK
                            AnwvXlDpTu+t730b8/spHtlopyJVAlb6qBIPN7R4TGTLqiu0zebYsYx/PtqCk5cb
                            u9qs3h+p2BBoTXVwXA/ZYi0tqtxp04hcNrRj1TAgLyC0S+KASTF+zzccAcjTBid5
                            EMioo+YllgSEobWJ4X33XVRqNrikAPDsNmDrdKUi257JSO2xhVIG5lbtmDaL5ORC
                            D56oRmVdp7VQTEQ3Yass8J5Rn+Ub6WmRBYeG+KzFBvtyBput2o0/gvtJn9L+NWeD
                            B0LyUPaUYG/X4GF14FcmFQfz7I5jBCNHtPcLJbPYbZKQNhz/AgMBAAGjUDBOMB0G
                            A1UdDgQWBBS9QqP8gtMM6nm4oYzNbgqhEDP1aDAfBgNVHSMEGDAWgBS9QqP8gtMM
                            6nm4oYzNbgqhEDP1aDAMBgNVHRMEBTADAQH/MA0GCSqGSIb3DQEBBQUAA4IBAQBH
                            2qyYwLwesIOxUTj+NJ0VXRBDH8VecNLiUUs9Np4x8A0pxLvlNnv5TdJAruEg1LSV
                            mAqqPUdAB2m7CKDeUVM9cwOB7vqelV2GNgOfevXi+DZRMffyyE8qyIcnTqvDOgcR
                            8qGTPSVT+SIsOkV9bYrjltrbnal7cJermsA8SC5w/pjLaOHI1xIZHquZzymWoN3Z
                            fz2CQg2r5o+AURYd74GrHhHqVa9VrdWtcimB+vTQQihoLt8YciehpJjOMpx2D66e
                            FfpC8ix31RRdjAVIo1y33h1yU3gEHePDbOthZE+lpXi2WJqO85H85LqJOtgn2WPI
                            3P2Tx32Cq1WXCYkxLaPI
</ds:X509Certificate>
                    </ds:X509Data>
                </ds:KeyInfo>
            </md:KeyDescriptor>
            <md:KeyDescriptor xmlns:ds="http://www.w3.org/2000/09/xmldsig#" use="encryption">
                <ds:KeyInfo>
                    <ds:X509Data>
                        <ds:X509Certificate>MIIDyzCCArOgAwIBAgIJAMzixtXMUH1NMA0GCSqGSIb3DQEBBQUAMHwxCzAJBgNV
                            BAYTAk5MMRAwDgYDVQQIDAdVdHJlY2h0MRAwDgYDVQQHDAdVdHJlY2h0MRUwEwYD
                            VQQKDAxTVVJGbmV0IEIuVi4xEzARBgNVBAsMClNVUkZjb25leHQxHTAbBgNVBAMM
                            FGVuZ2luZS5zdXJmY29uZXh0Lm5sMB4XDTExMDEyNDEwMTg1N1oXDTIxMDEyMzEw
                            MTg1N1owfDELMAkGA1UEBhMCTkwxEDAOBgNVBAgMB1V0cmVjaHQxEDAOBgNVBAcM
                            B1V0cmVjaHQxFTATBgNVBAoMDFNVUkZuZXQgQi5WLjETMBEGA1UECwwKU1VSRmNv
                            bmV4dDEdMBsGA1UEAwwUZW5naW5lLnN1cmZjb25leHQubmwwggEiMA0GCSqGSIb3
                            DQEBAQUAA4IBDwAwggEKAoIBAQDMJ6v+f3owS3KR5IXSil+3XFwGvCVeYx3jDOFK
                            AnwvXlDpTu+t730b8/spHtlopyJVAlb6qBIPN7R4TGTLqiu0zebYsYx/PtqCk5cb
                            u9qs3h+p2BBoTXVwXA/ZYi0tqtxp04hcNrRj1TAgLyC0S+KASTF+zzccAcjTBid5
                            EMioo+YllgSEobWJ4X33XVRqNrikAPDsNmDrdKUi257JSO2xhVIG5lbtmDaL5ORC
                            D56oRmVdp7VQTEQ3Yass8J5Rn+Ub6WmRBYeG+KzFBvtyBput2o0/gvtJn9L+NWeD
                            B0LyUPaUYG/X4GF14FcmFQfz7I5jBCNHtPcLJbPYbZKQNhz/AgMBAAGjUDBOMB0G
                            A1UdDgQWBBS9QqP8gtMM6nm4oYzNbgqhEDP1aDAfBgNVHSMEGDAWgBS9QqP8gtMM
                            6nm4oYzNbgqhEDP1aDAMBgNVHRMEBTADAQH/MA0GCSqGSIb3DQEBBQUAA4IBAQBH
                            2qyYwLwesIOxUTj+NJ0VXRBDH8VecNLiUUs9Np4x8A0pxLvlNnv5TdJAruEg1LSV
                            mAqqPUdAB2m7CKDeUVM9cwOB7vqelV2GNgOfevXi+DZRMffyyE8qyIcnTqvDOgcR
                            8qGTPSVT+SIsOkV9bYrjltrbnal7cJermsA8SC5w/pjLaOHI1xIZHquZzymWoN3Z
                            fz2CQg2r5o+AURYd74GrHhHqVa9VrdWtcimB+vTQQihoLt8YciehpJjOMpx2D66e
                            FfpC8ix31RRdjAVIo1y33h1yU3gEHePDbOthZE+lpXi2WJqO85H85LqJOtgn2WPI
                            3P2Tx32Cq1WXCYkxLaPI
</ds:X509Certificate>
                    </ds:X509Data>
                </ds:KeyInfo>
            </md:KeyDescriptor>
            <md:NameIDFormat>urn:oasis:names:tc:SAML:2.0:nameid-format:transient</md:NameIDFormat>
            <md:SingleSignOnService Binding="urn:oasis:names:tc:SAML:2.0:bindings:HTTP-Redirect" Location="https://engine.surfconext.nl/authentication/idp/single-sign-on/bddea0d2c62a51128bae643f19740b1b"/>
        </md:IDPSSODescriptor>
    </md:EntityDescriptor>
    <md:EntityDescriptor validUntil="2013-01-30T11:03:12Z" entityID="http://sts.roc-nijmegen.nl/adfs/services/trust">
        <md:IDPSSODescriptor protocolSupportEnumeration="urn:oasis:names:tc:SAML:2.0:protocol">
            <md:Extensions>
                <mdui:UIInfo>
                    <mdui:Description xml:lang="nl">ROC Nijmegen</mdui:Description>
                    <mdui:Description xml:lang="en">ROC Nijmegen</mdui:Description>
                    <mdui:Logo height="15" width="108">https://wayf.surfnet.nl/federate/surfnet/img/logo/roc-nijmegen.png</mdui:Logo>
                    <mdui:Keywords xml:lang="nl">MBO ROC Nijmegen</mdui:Keywords>
                    <mdui:Keywords xml:lang="en">MBO ROC Nijmegen</mdui:Keywords>
                </mdui:UIInfo>
            </md:Extensions>
            <md:KeyDescriptor xmlns:ds="http://www.w3.org/2000/09/xmldsig#" use="signing">
                <ds:KeyInfo>
                    <ds:X509Data>
                        <ds:X509Certificate>MIIDyzCCArOgAwIBAgIJAMzixtXMUH1NMA0GCSqGSIb3DQEBBQUAMHwxCzAJBgNV
                            BAYTAk5MMRAwDgYDVQQIDAdVdHJlY2h0MRAwDgYDVQQHDAdVdHJlY2h0MRUwEwYD
                            VQQKDAxTVVJGbmV0IEIuVi4xEzARBgNVBAsMClNVUkZjb25leHQxHTAbBgNVBAMM
                            FGVuZ2luZS5zdXJmY29uZXh0Lm5sMB4XDTExMDEyNDEwMTg1N1oXDTIxMDEyMzEw
                            MTg1N1owfDELMAkGA1UEBhMCTkwxEDAOBgNVBAgMB1V0cmVjaHQxEDAOBgNVBAcM
                            B1V0cmVjaHQxFTATBgNVBAoMDFNVUkZuZXQgQi5WLjETMBEGA1UECwwKU1VSRmNv
                            bmV4dDEdMBsGA1UEAwwUZW5naW5lLnN1cmZjb25leHQubmwwggEiMA0GCSqGSIb3
                            DQEBAQUAA4IBDwAwggEKAoIBAQDMJ6v+f3owS3KR5IXSil+3XFwGvCVeYx3jDOFK
                            AnwvXlDpTu+t730b8/spHtlopyJVAlb6qBIPN7R4TGTLqiu0zebYsYx/PtqCk5cb
                            u9qs3h+p2BBoTXVwXA/ZYi0tqtxp04hcNrRj1TAgLyC0S+KASTF+zzccAcjTBid5
                            EMioo+YllgSEobWJ4X33XVRqNrikAPDsNmDrdKUi257JSO2xhVIG5lbtmDaL5ORC
                            D56oRmVdp7VQTEQ3Yass8J5Rn+Ub6WmRBYeG+KzFBvtyBput2o0/gvtJn9L+NWeD
                            B0LyUPaUYG/X4GF14FcmFQfz7I5jBCNHtPcLJbPYbZKQNhz/AgMBAAGjUDBOMB0G
                            A1UdDgQWBBS9QqP8gtMM6nm4oYzNbgqhEDP1aDAfBgNVHSMEGDAWgBS9QqP8gtMM
                            6nm4oYzNbgqhEDP1aDAMBgNVHRMEBTADAQH/MA0GCSqGSIb3DQEBBQUAA4IBAQBH
                            2qyYwLwesIOxUTj+NJ0VXRBDH8VecNLiUUs9Np4x8A0pxLvlNnv5TdJAruEg1LSV
                            mAqqPUdAB2m7CKDeUVM9cwOB7vqelV2GNgOfevXi+DZRMffyyE8qyIcnTqvDOgcR
                            8qGTPSVT+SIsOkV9bYrjltrbnal7cJermsA8SC5w/pjLaOHI1xIZHquZzymWoN3Z
                            fz2CQg2r5o+AURYd74GrHhHqVa9VrdWtcimB+vTQQihoLt8YciehpJjOMpx2D66e
                            FfpC8ix31RRdjAVIo1y33h1yU3gEHePDbOthZE+lpXi2WJqO85H85LqJOtgn2WPI
                            3P2Tx32Cq1WXCYkxLaPI
</ds:X509Certificate>
                    </ds:X509Data>
                </ds:KeyInfo>
            </md:KeyDescriptor>
            <md:KeyDescriptor xmlns:ds="http://www.w3.org/2000/09/xmldsig#" use="encryption">
                <ds:KeyInfo>
                    <ds:X509Data>
                        <ds:X509Certificate>MIIDyzCCArOgAwIBAgIJAMzixtXMUH1NMA0GCSqGSIb3DQEBBQUAMHwxCzAJBgNV
                            BAYTAk5MMRAwDgYDVQQIDAdVdHJlY2h0MRAwDgYDVQQHDAdVdHJlY2h0MRUwEwYD
                            VQQKDAxTVVJGbmV0IEIuVi4xEzARBgNVBAsMClNVUkZjb25leHQxHTAbBgNVBAMM
                            FGVuZ2luZS5zdXJmY29uZXh0Lm5sMB4XDTExMDEyNDEwMTg1N1oXDTIxMDEyMzEw
                            MTg1N1owfDELMAkGA1UEBhMCTkwxEDAOBgNVBAgMB1V0cmVjaHQxEDAOBgNVBAcM
                            B1V0cmVjaHQxFTATBgNVBAoMDFNVUkZuZXQgQi5WLjETMBEGA1UECwwKU1VSRmNv
                            bmV4dDEdMBsGA1UEAwwUZW5naW5lLnN1cmZjb25leHQubmwwggEiMA0GCSqGSIb3
                            DQEBAQUAA4IBDwAwggEKAoIBAQDMJ6v+f3owS3KR5IXSil+3XFwGvCVeYx3jDOFK
                            AnwvXlDpTu+t730b8/spHtlopyJVAlb6qBIPN7R4TGTLqiu0zebYsYx/PtqCk5cb
                            u9qs3h+p2BBoTXVwXA/ZYi0tqtxp04hcNrRj1TAgLyC0S+KASTF+zzccAcjTBid5
                            EMioo+YllgSEobWJ4X33XVRqNrikAPDsNmDrdKUi257JSO2xhVIG5lbtmDaL5ORC
                            D56oRmVdp7VQTEQ3Yass8J5Rn+Ub6WmRBYeG+KzFBvtyBput2o0/gvtJn9L+NWeD
                            B0LyUPaUYG/X4GF14FcmFQfz7I5jBCNHtPcLJbPYbZKQNhz/AgMBAAGjUDBOMB0G
                            A1UdDgQWBBS9QqP8gtMM6nm4oYzNbgqhEDP1aDAfBgNVHSMEGDAWgBS9QqP8gtMM
                            6nm4oYzNbgqhEDP1aDAMBgNVHRMEBTADAQH/MA0GCSqGSIb3DQEBBQUAA4IBAQBH
                            2qyYwLwesIOxUTj+NJ0VXRBDH8VecNLiUUs9Np4x8A0pxLvlNnv5TdJAruEg1LSV
                            mAqqPUdAB2m7CKDeUVM9cwOB7vqelV2GNgOfevXi+DZRMffyyE8qyIcnTqvDOgcR
                            8qGTPSVT+SIsOkV9bYrjltrbnal7cJermsA8SC5w/pjLaOHI1xIZHquZzymWoN3Z
                            fz2CQg2r5o+AURYd74GrHhHqVa9VrdWtcimB+vTQQihoLt8YciehpJjOMpx2D66e
                            FfpC8ix31RRdjAVIo1y33h1yU3gEHePDbOthZE+lpXi2WJqO85H85LqJOtgn2WPI
                            3P2Tx32Cq1WXCYkxLaPI
</ds:X509Certificate>
                    </ds:X509Data>
                </ds:KeyInfo>
            </md:KeyDescriptor>
            <md:NameIDFormat>urn:oasis:names:tc:SAML:2.0:nameid-format:transient</md:NameIDFormat>
            <md:SingleSignOnService Binding="urn:oasis:names:tc:SAML:2.0:bindings:HTTP-Redirect" Location="https://engine.surfconext.nl/authentication/idp/single-sign-on/d8ea069ad0633af0a11fe741f3ceb585"/>
        </md:IDPSSODescriptor>
    </md:EntityDescriptor>
    <md:EntityDescriptor validUntil="2013-01-30T11:03:12Z" entityID="https://login.atos.uu.nl:8443/nidp/saml2/metadata">
        <md:IDPSSODescriptor protocolSupportEnumeration="urn:oasis:names:tc:SAML:2.0:protocol">
            <md:Extensions>
                <mdui:UIInfo>
                    <mdui:DisplayName xml:lang="nl">Universiteit Utrecht</mdui:DisplayName>
                    <mdui:DisplayName xml:lang="en">Universiteit Utrecht</mdui:DisplayName>
                    <mdui:Description xml:lang="en">Universiteit Utrecht</mdui:Description>
                    <mdui:Logo height="36" width="108">https://wayf-test.surfnet.nl/federate/surfnet/img/logo/uu.png</mdui:Logo>
                </mdui:UIInfo>
            </md:Extensions>
            <md:KeyDescriptor xmlns:ds="http://www.w3.org/2000/09/xmldsig#" use="signing">
                <ds:KeyInfo>
                    <ds:X509Data>
                        <ds:X509Certificate>MIIDyzCCArOgAwIBAgIJAMzixtXMUH1NMA0GCSqGSIb3DQEBBQUAMHwxCzAJBgNV
                            BAYTAk5MMRAwDgYDVQQIDAdVdHJlY2h0MRAwDgYDVQQHDAdVdHJlY2h0MRUwEwYD
                            VQQKDAxTVVJGbmV0IEIuVi4xEzARBgNVBAsMClNVUkZjb25leHQxHTAbBgNVBAMM
                            FGVuZ2luZS5zdXJmY29uZXh0Lm5sMB4XDTExMDEyNDEwMTg1N1oXDTIxMDEyMzEw
                            MTg1N1owfDELMAkGA1UEBhMCTkwxEDAOBgNVBAgMB1V0cmVjaHQxEDAOBgNVBAcM
                            B1V0cmVjaHQxFTATBgNVBAoMDFNVUkZuZXQgQi5WLjETMBEGA1UECwwKU1VSRmNv
                            bmV4dDEdMBsGA1UEAwwUZW5naW5lLnN1cmZjb25leHQubmwwggEiMA0GCSqGSIb3
                            DQEBAQUAA4IBDwAwggEKAoIBAQDMJ6v+f3owS3KR5IXSil+3XFwGvCVeYx3jDOFK
                            AnwvXlDpTu+t730b8/spHtlopyJVAlb6qBIPN7R4TGTLqiu0zebYsYx/PtqCk5cb
                            u9qs3h+p2BBoTXVwXA/ZYi0tqtxp04hcNrRj1TAgLyC0S+KASTF+zzccAcjTBid5
                            EMioo+YllgSEobWJ4X33XVRqNrikAPDsNmDrdKUi257JSO2xhVIG5lbtmDaL5ORC
                            D56oRmVdp7VQTEQ3Yass8J5Rn+Ub6WmRBYeG+KzFBvtyBput2o0/gvtJn9L+NWeD
                            B0LyUPaUYG/X4GF14FcmFQfz7I5jBCNHtPcLJbPYbZKQNhz/AgMBAAGjUDBOMB0G
                            A1UdDgQWBBS9QqP8gtMM6nm4oYzNbgqhEDP1aDAfBgNVHSMEGDAWgBS9QqP8gtMM
                            6nm4oYzNbgqhEDP1aDAMBgNVHRMEBTADAQH/MA0GCSqGSIb3DQEBBQUAA4IBAQBH
                            2qyYwLwesIOxUTj+NJ0VXRBDH8VecNLiUUs9Np4x8A0pxLvlNnv5TdJAruEg1LSV
                            mAqqPUdAB2m7CKDeUVM9cwOB7vqelV2GNgOfevXi+DZRMffyyE8qyIcnTqvDOgcR
                            8qGTPSVT+SIsOkV9bYrjltrbnal7cJermsA8SC5w/pjLaOHI1xIZHquZzymWoN3Z
                            fz2CQg2r5o+AURYd74GrHhHqVa9VrdWtcimB+vTQQihoLt8YciehpJjOMpx2D66e
                            FfpC8ix31RRdjAVIo1y33h1yU3gEHePDbOthZE+lpXi2WJqO85H85LqJOtgn2WPI
                            3P2Tx32Cq1WXCYkxLaPI
</ds:X509Certificate>
                    </ds:X509Data>
                </ds:KeyInfo>
            </md:KeyDescriptor>
            <md:KeyDescriptor xmlns:ds="http://www.w3.org/2000/09/xmldsig#" use="encryption">
                <ds:KeyInfo>
                    <ds:X509Data>
                        <ds:X509Certificate>MIIDyzCCArOgAwIBAgIJAMzixtXMUH1NMA0GCSqGSIb3DQEBBQUAMHwxCzAJBgNV
                            BAYTAk5MMRAwDgYDVQQIDAdVdHJlY2h0MRAwDgYDVQQHDAdVdHJlY2h0MRUwEwYD
                            VQQKDAxTVVJGbmV0IEIuVi4xEzARBgNVBAsMClNVUkZjb25leHQxHTAbBgNVBAMM
                            FGVuZ2luZS5zdXJmY29uZXh0Lm5sMB4XDTExMDEyNDEwMTg1N1oXDTIxMDEyMzEw
                            MTg1N1owfDELMAkGA1UEBhMCTkwxEDAOBgNVBAgMB1V0cmVjaHQxEDAOBgNVBAcM
                            B1V0cmVjaHQxFTATBgNVBAoMDFNVUkZuZXQgQi5WLjETMBEGA1UECwwKU1VSRmNv
                            bmV4dDEdMBsGA1UEAwwUZW5naW5lLnN1cmZjb25leHQubmwwggEiMA0GCSqGSIb3
                            DQEBAQUAA4IBDwAwggEKAoIBAQDMJ6v+f3owS3KR5IXSil+3XFwGvCVeYx3jDOFK
                            AnwvXlDpTu+t730b8/spHtlopyJVAlb6qBIPN7R4TGTLqiu0zebYsYx/PtqCk5cb
                            u9qs3h+p2BBoTXVwXA/ZYi0tqtxp04hcNrRj1TAgLyC0S+KASTF+zzccAcjTBid5
                            EMioo+YllgSEobWJ4X33XVRqNrikAPDsNmDrdKUi257JSO2xhVIG5lbtmDaL5ORC
                            D56oRmVdp7VQTEQ3Yass8J5Rn+Ub6WmRBYeG+KzFBvtyBput2o0/gvtJn9L+NWeD
                            B0LyUPaUYG/X4GF14FcmFQfz7I5jBCNHtPcLJbPYbZKQNhz/AgMBAAGjUDBOMB0G
                            A1UdDgQWBBS9QqP8gtMM6nm4oYzNbgqhEDP1aDAfBgNVHSMEGDAWgBS9QqP8gtMM
                            6nm4oYzNbgqhEDP1aDAMBgNVHRMEBTADAQH/MA0GCSqGSIb3DQEBBQUAA4IBAQBH
                            2qyYwLwesIOxUTj+NJ0VXRBDH8VecNLiUUs9Np4x8A0pxLvlNnv5TdJAruEg1LSV
                            mAqqPUdAB2m7CKDeUVM9cwOB7vqelV2GNgOfevXi+DZRMffyyE8qyIcnTqvDOgcR
                            8qGTPSVT+SIsOkV9bYrjltrbnal7cJermsA8SC5w/pjLaOHI1xIZHquZzymWoN3Z
                            fz2CQg2r5o+AURYd74GrHhHqVa9VrdWtcimB+vTQQihoLt8YciehpJjOMpx2D66e
                            FfpC8ix31RRdjAVIo1y33h1yU3gEHePDbOthZE+lpXi2WJqO85H85LqJOtgn2WPI
                            3P2Tx32Cq1WXCYkxLaPI
</ds:X509Certificate>
                    </ds:X509Data>
                </ds:KeyInfo>
            </md:KeyDescriptor>
            <md:NameIDFormat>urn:oasis:names:tc:SAML:2.0:nameid-format:transient</md:NameIDFormat>
            <md:SingleSignOnService Binding="urn:oasis:names:tc:SAML:2.0:bindings:HTTP-Redirect" Location="https://engine.surfconext.nl/authentication/idp/single-sign-on/edb219913ff7f73666945ad637ef436a"/>
        </md:IDPSSODescriptor>
    </md:EntityDescriptor>
    <md:EntityDescriptor validUntil="2013-01-30T11:03:12Z" entityID="http://federatie.graafschapcollege.nl/adfs/services/trust">
        <md:IDPSSODescriptor protocolSupportEnumeration="urn:oasis:names:tc:SAML:2.0:protocol">
            <md:Extensions>
                <mdui:UIInfo>
                    <mdui:DisplayName xml:lang="nl">Graafschap College</mdui:DisplayName>
                    <mdui:DisplayName xml:lang="en">Graafschap College</mdui:DisplayName>
                    <mdui:Description xml:lang="nl">Graafschap College</mdui:Description>
                    <mdui:Description xml:lang="en">Graafschap College</mdui:Description>
                    <mdui:Keywords xml:lang="nl">Graafschap College MBO</mdui:Keywords>
                    <mdui:Keywords xml:lang="en">Graafschap College MBO</mdui:Keywords>
                </mdui:UIInfo>
            </md:Extensions>
            <md:KeyDescriptor xmlns:ds="http://www.w3.org/2000/09/xmldsig#" use="signing">
                <ds:KeyInfo>
                    <ds:X509Data>
                        <ds:X509Certificate>MIIDyzCCArOgAwIBAgIJAMzixtXMUH1NMA0GCSqGSIb3DQEBBQUAMHwxCzAJBgNV
                            BAYTAk5MMRAwDgYDVQQIDAdVdHJlY2h0MRAwDgYDVQQHDAdVdHJlY2h0MRUwEwYD
                            VQQKDAxTVVJGbmV0IEIuVi4xEzARBgNVBAsMClNVUkZjb25leHQxHTAbBgNVBAMM
                            FGVuZ2luZS5zdXJmY29uZXh0Lm5sMB4XDTExMDEyNDEwMTg1N1oXDTIxMDEyMzEw
                            MTg1N1owfDELMAkGA1UEBhMCTkwxEDAOBgNVBAgMB1V0cmVjaHQxEDAOBgNVBAcM
                            B1V0cmVjaHQxFTATBgNVBAoMDFNVUkZuZXQgQi5WLjETMBEGA1UECwwKU1VSRmNv
                            bmV4dDEdMBsGA1UEAwwUZW5naW5lLnN1cmZjb25leHQubmwwggEiMA0GCSqGSIb3
                            DQEBAQUAA4IBDwAwggEKAoIBAQDMJ6v+f3owS3KR5IXSil+3XFwGvCVeYx3jDOFK
                            AnwvXlDpTu+t730b8/spHtlopyJVAlb6qBIPN7R4TGTLqiu0zebYsYx/PtqCk5cb
                            u9qs3h+p2BBoTXVwXA/ZYi0tqtxp04hcNrRj1TAgLyC0S+KASTF+zzccAcjTBid5
                            EMioo+YllgSEobWJ4X33XVRqNrikAPDsNmDrdKUi257JSO2xhVIG5lbtmDaL5ORC
                            D56oRmVdp7VQTEQ3Yass8J5Rn+Ub6WmRBYeG+KzFBvtyBput2o0/gvtJn9L+NWeD
                            B0LyUPaUYG/X4GF14FcmFQfz7I5jBCNHtPcLJbPYbZKQNhz/AgMBAAGjUDBOMB0G
                            A1UdDgQWBBS9QqP8gtMM6nm4oYzNbgqhEDP1aDAfBgNVHSMEGDAWgBS9QqP8gtMM
                            6nm4oYzNbgqhEDP1aDAMBgNVHRMEBTADAQH/MA0GCSqGSIb3DQEBBQUAA4IBAQBH
                            2qyYwLwesIOxUTj+NJ0VXRBDH8VecNLiUUs9Np4x8A0pxLvlNnv5TdJAruEg1LSV
                            mAqqPUdAB2m7CKDeUVM9cwOB7vqelV2GNgOfevXi+DZRMffyyE8qyIcnTqvDOgcR
                            8qGTPSVT+SIsOkV9bYrjltrbnal7cJermsA8SC5w/pjLaOHI1xIZHquZzymWoN3Z
                            fz2CQg2r5o+AURYd74GrHhHqVa9VrdWtcimB+vTQQihoLt8YciehpJjOMpx2D66e
                            FfpC8ix31RRdjAVIo1y33h1yU3gEHePDbOthZE+lpXi2WJqO85H85LqJOtgn2WPI
                            3P2Tx32Cq1WXCYkxLaPI
</ds:X509Certificate>
                    </ds:X509Data>
                </ds:KeyInfo>
            </md:KeyDescriptor>
            <md:KeyDescriptor xmlns:ds="http://www.w3.org/2000/09/xmldsig#" use="encryption">
                <ds:KeyInfo>
                    <ds:X509Data>
                        <ds:X509Certificate>MIIDyzCCArOgAwIBAgIJAMzixtXMUH1NMA0GCSqGSIb3DQEBBQUAMHwxCzAJBgNV
                            BAYTAk5MMRAwDgYDVQQIDAdVdHJlY2h0MRAwDgYDVQQHDAdVdHJlY2h0MRUwEwYD
                            VQQKDAxTVVJGbmV0IEIuVi4xEzARBgNVBAsMClNVUkZjb25leHQxHTAbBgNVBAMM
                            FGVuZ2luZS5zdXJmY29uZXh0Lm5sMB4XDTExMDEyNDEwMTg1N1oXDTIxMDEyMzEw
                            MTg1N1owfDELMAkGA1UEBhMCTkwxEDAOBgNVBAgMB1V0cmVjaHQxEDAOBgNVBAcM
                            B1V0cmVjaHQxFTATBgNVBAoMDFNVUkZuZXQgQi5WLjETMBEGA1UECwwKU1VSRmNv
                            bmV4dDEdMBsGA1UEAwwUZW5naW5lLnN1cmZjb25leHQubmwwggEiMA0GCSqGSIb3
                            DQEBAQUAA4IBDwAwggEKAoIBAQDMJ6v+f3owS3KR5IXSil+3XFwGvCVeYx3jDOFK
                            AnwvXlDpTu+t730b8/spHtlopyJVAlb6qBIPN7R4TGTLqiu0zebYsYx/PtqCk5cb
                            u9qs3h+p2BBoTXVwXA/ZYi0tqtxp04hcNrRj1TAgLyC0S+KASTF+zzccAcjTBid5
                            EMioo+YllgSEobWJ4X33XVRqNrikAPDsNmDrdKUi257JSO2xhVIG5lbtmDaL5ORC
                            D56oRmVdp7VQTEQ3Yass8J5Rn+Ub6WmRBYeG+KzFBvtyBput2o0/gvtJn9L+NWeD
                            B0LyUPaUYG/X4GF14FcmFQfz7I5jBCNHtPcLJbPYbZKQNhz/AgMBAAGjUDBOMB0G
                            A1UdDgQWBBS9QqP8gtMM6nm4oYzNbgqhEDP1aDAfBgNVHSMEGDAWgBS9QqP8gtMM
                            6nm4oYzNbgqhEDP1aDAMBgNVHRMEBTADAQH/MA0GCSqGSIb3DQEBBQUAA4IBAQBH
                            2qyYwLwesIOxUTj+NJ0VXRBDH8VecNLiUUs9Np4x8A0pxLvlNnv5TdJAruEg1LSV
                            mAqqPUdAB2m7CKDeUVM9cwOB7vqelV2GNgOfevXi+DZRMffyyE8qyIcnTqvDOgcR
                            8qGTPSVT+SIsOkV9bYrjltrbnal7cJermsA8SC5w/pjLaOHI1xIZHquZzymWoN3Z
                            fz2CQg2r5o+AURYd74GrHhHqVa9VrdWtcimB+vTQQihoLt8YciehpJjOMpx2D66e
                            FfpC8ix31RRdjAVIo1y33h1yU3gEHePDbOthZE+lpXi2WJqO85H85LqJOtgn2WPI
                            3P2Tx32Cq1WXCYkxLaPI
</ds:X509Certificate>
                    </ds:X509Data>
                </ds:KeyInfo>
            </md:KeyDescriptor>
            <md:NameIDFormat>urn:oasis:names:tc:SAML:2.0:nameid-format:transient</md:NameIDFormat>
            <md:SingleSignOnService Binding="urn:oasis:names:tc:SAML:2.0:bindings:HTTP-Redirect" Location="https://engine.surfconext.nl/authentication/idp/single-sign-on/c1d4b6678ee39120711a03bb88ac3d7f"/>
        </md:IDPSSODescriptor>
    </md:EntityDescriptor>
    <md:EntityDescriptor validUntil="2013-01-30T11:03:12Z" entityID="https://idp.mpi.nl/idp-surf">
        <md:IDPSSODescriptor protocolSupportEnumeration="urn:oasis:names:tc:SAML:2.0:protocol">
            <md:Extensions>
                <mdui:UIInfo>
                    <mdui:DisplayName xml:lang="nl">Max Planck Instituut voor Psycholinguïstiek</mdui:DisplayName>
                    <mdui:DisplayName xml:lang="en">Max Planck Institute for Psycholinguistics</mdui:DisplayName>
                    <mdui:Description xml:lang="nl">Max Planck Instituut voor Psycholinguïstiek</mdui:Description>
                    <mdui:Description xml:lang="en">Max Planck Institute for Psycholinguistics</mdui:Description>
                    <mdui:Logo height="60" width="120">https://wayf.surfnet.nl/federate/surfnet/img/logo/mpi.png</mdui:Logo>
                    <mdui:Keywords xml:lang="nl">Max Planck Institute for Psycholinguistics Max Planck Instituut voor Psycholinguïstiek MPI Research</mdui:Keywords>
                    <mdui:Keywords xml:lang="en">Max Planck Institute for Psycholinguistics Max Planck Instituut voor Psycholinguïstiek MPI Research</mdui:Keywords>
                </mdui:UIInfo>
            </md:Extensions>
            <md:KeyDescriptor xmlns:ds="http://www.w3.org/2000/09/xmldsig#" use="signing">
                <ds:KeyInfo>
                    <ds:X509Data>
                        <ds:X509Certificate>MIIDyzCCArOgAwIBAgIJAMzixtXMUH1NMA0GCSqGSIb3DQEBBQUAMHwxCzAJBgNV
                            BAYTAk5MMRAwDgYDVQQIDAdVdHJlY2h0MRAwDgYDVQQHDAdVdHJlY2h0MRUwEwYD
                            VQQKDAxTVVJGbmV0IEIuVi4xEzARBgNVBAsMClNVUkZjb25leHQxHTAbBgNVBAMM
                            FGVuZ2luZS5zdXJmY29uZXh0Lm5sMB4XDTExMDEyNDEwMTg1N1oXDTIxMDEyMzEw
                            MTg1N1owfDELMAkGA1UEBhMCTkwxEDAOBgNVBAgMB1V0cmVjaHQxEDAOBgNVBAcM
                            B1V0cmVjaHQxFTATBgNVBAoMDFNVUkZuZXQgQi5WLjETMBEGA1UECwwKU1VSRmNv
                            bmV4dDEdMBsGA1UEAwwUZW5naW5lLnN1cmZjb25leHQubmwwggEiMA0GCSqGSIb3
                            DQEBAQUAA4IBDwAwggEKAoIBAQDMJ6v+f3owS3KR5IXSil+3XFwGvCVeYx3jDOFK
                            AnwvXlDpTu+t730b8/spHtlopyJVAlb6qBIPN7R4TGTLqiu0zebYsYx/PtqCk5cb
                            u9qs3h+p2BBoTXVwXA/ZYi0tqtxp04hcNrRj1TAgLyC0S+KASTF+zzccAcjTBid5
                            EMioo+YllgSEobWJ4X33XVRqNrikAPDsNmDrdKUi257JSO2xhVIG5lbtmDaL5ORC
                            D56oRmVdp7VQTEQ3Yass8J5Rn+Ub6WmRBYeG+KzFBvtyBput2o0/gvtJn9L+NWeD
                            B0LyUPaUYG/X4GF14FcmFQfz7I5jBCNHtPcLJbPYbZKQNhz/AgMBAAGjUDBOMB0G
                            A1UdDgQWBBS9QqP8gtMM6nm4oYzNbgqhEDP1aDAfBgNVHSMEGDAWgBS9QqP8gtMM
                            6nm4oYzNbgqhEDP1aDAMBgNVHRMEBTADAQH/MA0GCSqGSIb3DQEBBQUAA4IBAQBH
                            2qyYwLwesIOxUTj+NJ0VXRBDH8VecNLiUUs9Np4x8A0pxLvlNnv5TdJAruEg1LSV
                            mAqqPUdAB2m7CKDeUVM9cwOB7vqelV2GNgOfevXi+DZRMffyyE8qyIcnTqvDOgcR
                            8qGTPSVT+SIsOkV9bYrjltrbnal7cJermsA8SC5w/pjLaOHI1xIZHquZzymWoN3Z
                            fz2CQg2r5o+AURYd74GrHhHqVa9VrdWtcimB+vTQQihoLt8YciehpJjOMpx2D66e
                            FfpC8ix31RRdjAVIo1y33h1yU3gEHePDbOthZE+lpXi2WJqO85H85LqJOtgn2WPI
                            3P2Tx32Cq1WXCYkxLaPI
</ds:X509Certificate>
                    </ds:X509Data>
                </ds:KeyInfo>
            </md:KeyDescriptor>
            <md:KeyDescriptor xmlns:ds="http://www.w3.org/2000/09/xmldsig#" use="encryption">
                <ds:KeyInfo>
                    <ds:X509Data>
                        <ds:X509Certificate>MIIDyzCCArOgAwIBAgIJAMzixtXMUH1NMA0GCSqGSIb3DQEBBQUAMHwxCzAJBgNV
                            BAYTAk5MMRAwDgYDVQQIDAdVdHJlY2h0MRAwDgYDVQQHDAdVdHJlY2h0MRUwEwYD
                            VQQKDAxTVVJGbmV0IEIuVi4xEzARBgNVBAsMClNVUkZjb25leHQxHTAbBgNVBAMM
                            FGVuZ2luZS5zdXJmY29uZXh0Lm5sMB4XDTExMDEyNDEwMTg1N1oXDTIxMDEyMzEw
                            MTg1N1owfDELMAkGA1UEBhMCTkwxEDAOBgNVBAgMB1V0cmVjaHQxEDAOBgNVBAcM
                            B1V0cmVjaHQxFTATBgNVBAoMDFNVUkZuZXQgQi5WLjETMBEGA1UECwwKU1VSRmNv
                            bmV4dDEdMBsGA1UEAwwUZW5naW5lLnN1cmZjb25leHQubmwwggEiMA0GCSqGSIb3
                            DQEBAQUAA4IBDwAwggEKAoIBAQDMJ6v+f3owS3KR5IXSil+3XFwGvCVeYx3jDOFK
                            AnwvXlDpTu+t730b8/spHtlopyJVAlb6qBIPN7R4TGTLqiu0zebYsYx/PtqCk5cb
                            u9qs3h+p2BBoTXVwXA/ZYi0tqtxp04hcNrRj1TAgLyC0S+KASTF+zzccAcjTBid5
                            EMioo+YllgSEobWJ4X33XVRqNrikAPDsNmDrdKUi257JSO2xhVIG5lbtmDaL5ORC
                            D56oRmVdp7VQTEQ3Yass8J5Rn+Ub6WmRBYeG+KzFBvtyBput2o0/gvtJn9L+NWeD
                            B0LyUPaUYG/X4GF14FcmFQfz7I5jBCNHtPcLJbPYbZKQNhz/AgMBAAGjUDBOMB0G
                            A1UdDgQWBBS9QqP8gtMM6nm4oYzNbgqhEDP1aDAfBgNVHSMEGDAWgBS9QqP8gtMM
                            6nm4oYzNbgqhEDP1aDAMBgNVHRMEBTADAQH/MA0GCSqGSIb3DQEBBQUAA4IBAQBH
                            2qyYwLwesIOxUTj+NJ0VXRBDH8VecNLiUUs9Np4x8A0pxLvlNnv5TdJAruEg1LSV
                            mAqqPUdAB2m7CKDeUVM9cwOB7vqelV2GNgOfevXi+DZRMffyyE8qyIcnTqvDOgcR
                            8qGTPSVT+SIsOkV9bYrjltrbnal7cJermsA8SC5w/pjLaOHI1xIZHquZzymWoN3Z
                            fz2CQg2r5o+AURYd74GrHhHqVa9VrdWtcimB+vTQQihoLt8YciehpJjOMpx2D66e
                            FfpC8ix31RRdjAVIo1y33h1yU3gEHePDbOthZE+lpXi2WJqO85H85LqJOtgn2WPI
                            3P2Tx32Cq1WXCYkxLaPI
</ds:X509Certificate>
                    </ds:X509Data>
                </ds:KeyInfo>
            </md:KeyDescriptor>
            <md:NameIDFormat>urn:oasis:names:tc:SAML:2.0:nameid-format:transient</md:NameIDFormat>
            <md:SingleSignOnService Binding="urn:oasis:names:tc:SAML:2.0:bindings:HTTP-Redirect" Location="https://engine.surfconext.nl/authentication/idp/single-sign-on/bc53517fd07891f97ea081caa8e64eda"/>
        </md:IDPSSODescriptor>
    </md:EntityDescriptor>
    <md:EntityDescriptor validUntil="2013-01-30T11:03:12Z" entityID="https://federatie.ru.nl">
        <md:IDPSSODescriptor protocolSupportEnumeration="urn:oasis:names:tc:SAML:2.0:protocol">
            <md:Extensions>
                <mdui:UIInfo>
                    <mdui:DisplayName xml:lang="nl">Radboud Universiteit</mdui:DisplayName>
                    <mdui:DisplayName xml:lang="en">Radboud University</mdui:DisplayName>
                    <mdui:Description xml:lang="nl">Radboud Universiteit in Nijmegen</mdui:Description>
                    <mdui:Description xml:lang="en">Radboud Universiteit</mdui:Description>
                    <mdui:Logo height="48" width="41">https://wayf.surfnet.nl/federate/surfnet/img/logo/ru.png</mdui:Logo>
                    <mdui:Keywords xml:lang="nl">Radboud University Universiteit KUN RU</mdui:Keywords>
                    <mdui:Keywords xml:lang="en">Radboud University Universiteit KUN RU</mdui:Keywords>
                </mdui:UIInfo>
            </md:Extensions>
            <md:KeyDescriptor xmlns:ds="http://www.w3.org/2000/09/xmldsig#" use="signing">
                <ds:KeyInfo>
                    <ds:X509Data>
                        <ds:X509Certificate>MIIDyzCCArOgAwIBAgIJAMzixtXMUH1NMA0GCSqGSIb3DQEBBQUAMHwxCzAJBgNV
                            BAYTAk5MMRAwDgYDVQQIDAdVdHJlY2h0MRAwDgYDVQQHDAdVdHJlY2h0MRUwEwYD
                            VQQKDAxTVVJGbmV0IEIuVi4xEzARBgNVBAsMClNVUkZjb25leHQxHTAbBgNVBAMM
                            FGVuZ2luZS5zdXJmY29uZXh0Lm5sMB4XDTExMDEyNDEwMTg1N1oXDTIxMDEyMzEw
                            MTg1N1owfDELMAkGA1UEBhMCTkwxEDAOBgNVBAgMB1V0cmVjaHQxEDAOBgNVBAcM
                            B1V0cmVjaHQxFTATBgNVBAoMDFNVUkZuZXQgQi5WLjETMBEGA1UECwwKU1VSRmNv
                            bmV4dDEdMBsGA1UEAwwUZW5naW5lLnN1cmZjb25leHQubmwwggEiMA0GCSqGSIb3
                            DQEBAQUAA4IBDwAwggEKAoIBAQDMJ6v+f3owS3KR5IXSil+3XFwGvCVeYx3jDOFK
                            AnwvXlDpTu+t730b8/spHtlopyJVAlb6qBIPN7R4TGTLqiu0zebYsYx/PtqCk5cb
                            u9qs3h+p2BBoTXVwXA/ZYi0tqtxp04hcNrRj1TAgLyC0S+KASTF+zzccAcjTBid5
                            EMioo+YllgSEobWJ4X33XVRqNrikAPDsNmDrdKUi257JSO2xhVIG5lbtmDaL5ORC
                            D56oRmVdp7VQTEQ3Yass8J5Rn+Ub6WmRBYeG+KzFBvtyBput2o0/gvtJn9L+NWeD
                            B0LyUPaUYG/X4GF14FcmFQfz7I5jBCNHtPcLJbPYbZKQNhz/AgMBAAGjUDBOMB0G
                            A1UdDgQWBBS9QqP8gtMM6nm4oYzNbgqhEDP1aDAfBgNVHSMEGDAWgBS9QqP8gtMM
                            6nm4oYzNbgqhEDP1aDAMBgNVHRMEBTADAQH/MA0GCSqGSIb3DQEBBQUAA4IBAQBH
                            2qyYwLwesIOxUTj+NJ0VXRBDH8VecNLiUUs9Np4x8A0pxLvlNnv5TdJAruEg1LSV
                            mAqqPUdAB2m7CKDeUVM9cwOB7vqelV2GNgOfevXi+DZRMffyyE8qyIcnTqvDOgcR
                            8qGTPSVT+SIsOkV9bYrjltrbnal7cJermsA8SC5w/pjLaOHI1xIZHquZzymWoN3Z
                            fz2CQg2r5o+AURYd74GrHhHqVa9VrdWtcimB+vTQQihoLt8YciehpJjOMpx2D66e
                            FfpC8ix31RRdjAVIo1y33h1yU3gEHePDbOthZE+lpXi2WJqO85H85LqJOtgn2WPI
                            3P2Tx32Cq1WXCYkxLaPI
</ds:X509Certificate>
                    </ds:X509Data>
                </ds:KeyInfo>
            </md:KeyDescriptor>
            <md:KeyDescriptor xmlns:ds="http://www.w3.org/2000/09/xmldsig#" use="encryption">
                <ds:KeyInfo>
                    <ds:X509Data>
                        <ds:X509Certificate>MIIDyzCCArOgAwIBAgIJAMzixtXMUH1NMA0GCSqGSIb3DQEBBQUAMHwxCzAJBgNV
                            BAYTAk5MMRAwDgYDVQQIDAdVdHJlY2h0MRAwDgYDVQQHDAdVdHJlY2h0MRUwEwYD
                            VQQKDAxTVVJGbmV0IEIuVi4xEzARBgNVBAsMClNVUkZjb25leHQxHTAbBgNVBAMM
                            FGVuZ2luZS5zdXJmY29uZXh0Lm5sMB4XDTExMDEyNDEwMTg1N1oXDTIxMDEyMzEw
                            MTg1N1owfDELMAkGA1UEBhMCTkwxEDAOBgNVBAgMB1V0cmVjaHQxEDAOBgNVBAcM
                            B1V0cmVjaHQxFTATBgNVBAoMDFNVUkZuZXQgQi5WLjETMBEGA1UECwwKU1VSRmNv
                            bmV4dDEdMBsGA1UEAwwUZW5naW5lLnN1cmZjb25leHQubmwwggEiMA0GCSqGSIb3
                            DQEBAQUAA4IBDwAwggEKAoIBAQDMJ6v+f3owS3KR5IXSil+3XFwGvCVeYx3jDOFK
                            AnwvXlDpTu+t730b8/spHtlopyJVAlb6qBIPN7R4TGTLqiu0zebYsYx/PtqCk5cb
                            u9qs3h+p2BBoTXVwXA/ZYi0tqtxp04hcNrRj1TAgLyC0S+KASTF+zzccAcjTBid5
                            EMioo+YllgSEobWJ4X33XVRqNrikAPDsNmDrdKUi257JSO2xhVIG5lbtmDaL5ORC
                            D56oRmVdp7VQTEQ3Yass8J5Rn+Ub6WmRBYeG+KzFBvtyBput2o0/gvtJn9L+NWeD
                            B0LyUPaUYG/X4GF14FcmFQfz7I5jBCNHtPcLJbPYbZKQNhz/AgMBAAGjUDBOMB0G
                            A1UdDgQWBBS9QqP8gtMM6nm4oYzNbgqhEDP1aDAfBgNVHSMEGDAWgBS9QqP8gtMM
                            6nm4oYzNbgqhEDP1aDAMBgNVHRMEBTADAQH/MA0GCSqGSIb3DQEBBQUAA4IBAQBH
                            2qyYwLwesIOxUTj+NJ0VXRBDH8VecNLiUUs9Np4x8A0pxLvlNnv5TdJAruEg1LSV
                            mAqqPUdAB2m7CKDeUVM9cwOB7vqelV2GNgOfevXi+DZRMffyyE8qyIcnTqvDOgcR
                            8qGTPSVT+SIsOkV9bYrjltrbnal7cJermsA8SC5w/pjLaOHI1xIZHquZzymWoN3Z
                            fz2CQg2r5o+AURYd74GrHhHqVa9VrdWtcimB+vTQQihoLt8YciehpJjOMpx2D66e
                            FfpC8ix31RRdjAVIo1y33h1yU3gEHePDbOthZE+lpXi2WJqO85H85LqJOtgn2WPI
                            3P2Tx32Cq1WXCYkxLaPI
</ds:X509Certificate>
                    </ds:X509Data>
                </ds:KeyInfo>
            </md:KeyDescriptor>
            <md:NameIDFormat>urn:oasis:names:tc:SAML:2.0:nameid-format:transient</md:NameIDFormat>
            <md:SingleSignOnService Binding="urn:oasis:names:tc:SAML:2.0:bindings:HTTP-Redirect" Location="https://engine.surfconext.nl/authentication/idp/single-sign-on/7faf7388cea5ed2be2f7eb2bdee43136"/>
        </md:IDPSSODescriptor>
    </md:EntityDescriptor>
    <md:EntityDescriptor validUntil="2013-01-30T11:03:12Z" entityID="https://login.terena.org/idp/saml2/idp/metadata.php">
        <md:IDPSSODescriptor protocolSupportEnumeration="urn:oasis:names:tc:SAML:2.0:protocol">
            <md:Extensions>
                <mdui:UIInfo>
                    <mdui:DisplayName xml:lang="nl">TERENA Secretariat</mdui:DisplayName>
                    <mdui:DisplayName xml:lang="en">TERENA Secretariat</mdui:DisplayName>
                    <mdui:Description xml:lang="nl">TERENA Secretariat</mdui:Description>
                    <mdui:Description xml:lang="en">TERENA Secretariat</mdui:Description>
                    <mdui:Logo height="60" width="120">https://wayf.surfnet.nl/federate/surfnet/img/logo/terena.png</mdui:Logo>
                    <mdui:Keywords xml:lang="nl">TERENA Secretariat Trans-European Research and Education Networking Association </mdui:Keywords>
                    <mdui:Keywords xml:lang="en">TERENA Secretariat Trans-European Research and Education Networking Association </mdui:Keywords>
                </mdui:UIInfo>
            </md:Extensions>
            <md:KeyDescriptor xmlns:ds="http://www.w3.org/2000/09/xmldsig#" use="signing">
                <ds:KeyInfo>
                    <ds:X509Data>
                        <ds:X509Certificate>MIIDyzCCArOgAwIBAgIJAMzixtXMUH1NMA0GCSqGSIb3DQEBBQUAMHwxCzAJBgNV
                            BAYTAk5MMRAwDgYDVQQIDAdVdHJlY2h0MRAwDgYDVQQHDAdVdHJlY2h0MRUwEwYD
                            VQQKDAxTVVJGbmV0IEIuVi4xEzARBgNVBAsMClNVUkZjb25leHQxHTAbBgNVBAMM
                            FGVuZ2luZS5zdXJmY29uZXh0Lm5sMB4XDTExMDEyNDEwMTg1N1oXDTIxMDEyMzEw
                            MTg1N1owfDELMAkGA1UEBhMCTkwxEDAOBgNVBAgMB1V0cmVjaHQxEDAOBgNVBAcM
                            B1V0cmVjaHQxFTATBgNVBAoMDFNVUkZuZXQgQi5WLjETMBEGA1UECwwKU1VSRmNv
                            bmV4dDEdMBsGA1UEAwwUZW5naW5lLnN1cmZjb25leHQubmwwggEiMA0GCSqGSIb3
                            DQEBAQUAA4IBDwAwggEKAoIBAQDMJ6v+f3owS3KR5IXSil+3XFwGvCVeYx3jDOFK
                            AnwvXlDpTu+t730b8/spHtlopyJVAlb6qBIPN7R4TGTLqiu0zebYsYx/PtqCk5cb
                            u9qs3h+p2BBoTXVwXA/ZYi0tqtxp04hcNrRj1TAgLyC0S+KASTF+zzccAcjTBid5
                            EMioo+YllgSEobWJ4X33XVRqNrikAPDsNmDrdKUi257JSO2xhVIG5lbtmDaL5ORC
                            D56oRmVdp7VQTEQ3Yass8J5Rn+Ub6WmRBYeG+KzFBvtyBput2o0/gvtJn9L+NWeD
                            B0LyUPaUYG/X4GF14FcmFQfz7I5jBCNHtPcLJbPYbZKQNhz/AgMBAAGjUDBOMB0G
                            A1UdDgQWBBS9QqP8gtMM6nm4oYzNbgqhEDP1aDAfBgNVHSMEGDAWgBS9QqP8gtMM
                            6nm4oYzNbgqhEDP1aDAMBgNVHRMEBTADAQH/MA0GCSqGSIb3DQEBBQUAA4IBAQBH
                            2qyYwLwesIOxUTj+NJ0VXRBDH8VecNLiUUs9Np4x8A0pxLvlNnv5TdJAruEg1LSV
                            mAqqPUdAB2m7CKDeUVM9cwOB7vqelV2GNgOfevXi+DZRMffyyE8qyIcnTqvDOgcR
                            8qGTPSVT+SIsOkV9bYrjltrbnal7cJermsA8SC5w/pjLaOHI1xIZHquZzymWoN3Z
                            fz2CQg2r5o+AURYd74GrHhHqVa9VrdWtcimB+vTQQihoLt8YciehpJjOMpx2D66e
                            FfpC8ix31RRdjAVIo1y33h1yU3gEHePDbOthZE+lpXi2WJqO85H85LqJOtgn2WPI
                            3P2Tx32Cq1WXCYkxLaPI
</ds:X509Certificate>
                    </ds:X509Data>
                </ds:KeyInfo>
            </md:KeyDescriptor>
            <md:KeyDescriptor xmlns:ds="http://www.w3.org/2000/09/xmldsig#" use="encryption">
                <ds:KeyInfo>
                    <ds:X509Data>
                        <ds:X509Certificate>MIIDyzCCArOgAwIBAgIJAMzixtXMUH1NMA0GCSqGSIb3DQEBBQUAMHwxCzAJBgNV
                            BAYTAk5MMRAwDgYDVQQIDAdVdHJlY2h0MRAwDgYDVQQHDAdVdHJlY2h0MRUwEwYD
                            VQQKDAxTVVJGbmV0IEIuVi4xEzARBgNVBAsMClNVUkZjb25leHQxHTAbBgNVBAMM
                            FGVuZ2luZS5zdXJmY29uZXh0Lm5sMB4XDTExMDEyNDEwMTg1N1oXDTIxMDEyMzEw
                            MTg1N1owfDELMAkGA1UEBhMCTkwxEDAOBgNVBAgMB1V0cmVjaHQxEDAOBgNVBAcM
                            B1V0cmVjaHQxFTATBgNVBAoMDFNVUkZuZXQgQi5WLjETMBEGA1UECwwKU1VSRmNv
                            bmV4dDEdMBsGA1UEAwwUZW5naW5lLnN1cmZjb25leHQubmwwggEiMA0GCSqGSIb3
                            DQEBAQUAA4IBDwAwggEKAoIBAQDMJ6v+f3owS3KR5IXSil+3XFwGvCVeYx3jDOFK
                            AnwvXlDpTu+t730b8/spHtlopyJVAlb6qBIPN7R4TGTLqiu0zebYsYx/PtqCk5cb
                            u9qs3h+p2BBoTXVwXA/ZYi0tqtxp04hcNrRj1TAgLyC0S+KASTF+zzccAcjTBid5
                            EMioo+YllgSEobWJ4X33XVRqNrikAPDsNmDrdKUi257JSO2xhVIG5lbtmDaL5ORC
                            D56oRmVdp7VQTEQ3Yass8J5Rn+Ub6WmRBYeG+KzFBvtyBput2o0/gvtJn9L+NWeD
                            B0LyUPaUYG/X4GF14FcmFQfz7I5jBCNHtPcLJbPYbZKQNhz/AgMBAAGjUDBOMB0G
                            A1UdDgQWBBS9QqP8gtMM6nm4oYzNbgqhEDP1aDAfBgNVHSMEGDAWgBS9QqP8gtMM
                            6nm4oYzNbgqhEDP1aDAMBgNVHRMEBTADAQH/MA0GCSqGSIb3DQEBBQUAA4IBAQBH
                            2qyYwLwesIOxUTj+NJ0VXRBDH8VecNLiUUs9Np4x8A0pxLvlNnv5TdJAruEg1LSV
                            mAqqPUdAB2m7CKDeUVM9cwOB7vqelV2GNgOfevXi+DZRMffyyE8qyIcnTqvDOgcR
                            8qGTPSVT+SIsOkV9bYrjltrbnal7cJermsA8SC5w/pjLaOHI1xIZHquZzymWoN3Z
                            fz2CQg2r5o+AURYd74GrHhHqVa9VrdWtcimB+vTQQihoLt8YciehpJjOMpx2D66e
                            FfpC8ix31RRdjAVIo1y33h1yU3gEHePDbOthZE+lpXi2WJqO85H85LqJOtgn2WPI
                            3P2Tx32Cq1WXCYkxLaPI
</ds:X509Certificate>
                    </ds:X509Data>
                </ds:KeyInfo>
            </md:KeyDescriptor>
            <md:NameIDFormat>urn:oasis:names:tc:SAML:2.0:nameid-format:transient</md:NameIDFormat>
            <md:SingleSignOnService Binding="urn:oasis:names:tc:SAML:2.0:bindings:HTTP-Redirect" Location="https://engine.surfconext.nl/authentication/idp/single-sign-on/add0aa33e5963c5406d2b82f6b1d9f58"/>
        </md:IDPSSODescriptor>
    </md:EntityDescriptor>
    <md:EntityDescriptor validUntil="2013-01-30T11:03:12Z" entityID="https://saml.uvt.nl/saml2/idp/metadata.php">
        <md:IDPSSODescriptor protocolSupportEnumeration="urn:oasis:names:tc:SAML:2.0:protocol">
            <md:Extensions>
                <mdui:UIInfo>
                    <mdui:DisplayName xml:lang="nl">Tilburg University</mdui:DisplayName>
                    <mdui:DisplayName xml:lang="en">Tilburg University</mdui:DisplayName>
                    <mdui:Description xml:lang="nl">Tilburg University</mdui:Description>
                    <mdui:Description xml:lang="en">Universiteit van Tilburg</mdui:Description>
                    <mdui:Keywords xml:lang="nl">Tilburg University Universiteit UvT</mdui:Keywords>
                    <mdui:Keywords xml:lang="en">Tilburg University Universiteit UvT</mdui:Keywords>
                </mdui:UIInfo>
            </md:Extensions>
            <md:KeyDescriptor xmlns:ds="http://www.w3.org/2000/09/xmldsig#" use="signing">
                <ds:KeyInfo>
                    <ds:X509Data>
                        <ds:X509Certificate>MIIDyzCCArOgAwIBAgIJAMzixtXMUH1NMA0GCSqGSIb3DQEBBQUAMHwxCzAJBgNV
                            BAYTAk5MMRAwDgYDVQQIDAdVdHJlY2h0MRAwDgYDVQQHDAdVdHJlY2h0MRUwEwYD
                            VQQKDAxTVVJGbmV0IEIuVi4xEzARBgNVBAsMClNVUkZjb25leHQxHTAbBgNVBAMM
                            FGVuZ2luZS5zdXJmY29uZXh0Lm5sMB4XDTExMDEyNDEwMTg1N1oXDTIxMDEyMzEw
                            MTg1N1owfDELMAkGA1UEBhMCTkwxEDAOBgNVBAgMB1V0cmVjaHQxEDAOBgNVBAcM
                            B1V0cmVjaHQxFTATBgNVBAoMDFNVUkZuZXQgQi5WLjETMBEGA1UECwwKU1VSRmNv
                            bmV4dDEdMBsGA1UEAwwUZW5naW5lLnN1cmZjb25leHQubmwwggEiMA0GCSqGSIb3
                            DQEBAQUAA4IBDwAwggEKAoIBAQDMJ6v+f3owS3KR5IXSil+3XFwGvCVeYx3jDOFK
                            AnwvXlDpTu+t730b8/spHtlopyJVAlb6qBIPN7R4TGTLqiu0zebYsYx/PtqCk5cb
                            u9qs3h+p2BBoTXVwXA/ZYi0tqtxp04hcNrRj1TAgLyC0S+KASTF+zzccAcjTBid5
                            EMioo+YllgSEobWJ4X33XVRqNrikAPDsNmDrdKUi257JSO2xhVIG5lbtmDaL5ORC
                            D56oRmVdp7VQTEQ3Yass8J5Rn+Ub6WmRBYeG+KzFBvtyBput2o0/gvtJn9L+NWeD
                            B0LyUPaUYG/X4GF14FcmFQfz7I5jBCNHtPcLJbPYbZKQNhz/AgMBAAGjUDBOMB0G
                            A1UdDgQWBBS9QqP8gtMM6nm4oYzNbgqhEDP1aDAfBgNVHSMEGDAWgBS9QqP8gtMM
                            6nm4oYzNbgqhEDP1aDAMBgNVHRMEBTADAQH/MA0GCSqGSIb3DQEBBQUAA4IBAQBH
                            2qyYwLwesIOxUTj+NJ0VXRBDH8VecNLiUUs9Np4x8A0pxLvlNnv5TdJAruEg1LSV
                            mAqqPUdAB2m7CKDeUVM9cwOB7vqelV2GNgOfevXi+DZRMffyyE8qyIcnTqvDOgcR
                            8qGTPSVT+SIsOkV9bYrjltrbnal7cJermsA8SC5w/pjLaOHI1xIZHquZzymWoN3Z
                            fz2CQg2r5o+AURYd74GrHhHqVa9VrdWtcimB+vTQQihoLt8YciehpJjOMpx2D66e
                            FfpC8ix31RRdjAVIo1y33h1yU3gEHePDbOthZE+lpXi2WJqO85H85LqJOtgn2WPI
                            3P2Tx32Cq1WXCYkxLaPI
</ds:X509Certificate>
                    </ds:X509Data>
                </ds:KeyInfo>
            </md:KeyDescriptor>
            <md:KeyDescriptor xmlns:ds="http://www.w3.org/2000/09/xmldsig#" use="encryption">
                <ds:KeyInfo>
                    <ds:X509Data>
                        <ds:X509Certificate>MIIDyzCCArOgAwIBAgIJAMzixtXMUH1NMA0GCSqGSIb3DQEBBQUAMHwxCzAJBgNV
                            BAYTAk5MMRAwDgYDVQQIDAdVdHJlY2h0MRAwDgYDVQQHDAdVdHJlY2h0MRUwEwYD
                            VQQKDAxTVVJGbmV0IEIuVi4xEzARBgNVBAsMClNVUkZjb25leHQxHTAbBgNVBAMM
                            FGVuZ2luZS5zdXJmY29uZXh0Lm5sMB4XDTExMDEyNDEwMTg1N1oXDTIxMDEyMzEw
                            MTg1N1owfDELMAkGA1UEBhMCTkwxEDAOBgNVBAgMB1V0cmVjaHQxEDAOBgNVBAcM
                            B1V0cmVjaHQxFTATBgNVBAoMDFNVUkZuZXQgQi5WLjETMBEGA1UECwwKU1VSRmNv
                            bmV4dDEdMBsGA1UEAwwUZW5naW5lLnN1cmZjb25leHQubmwwggEiMA0GCSqGSIb3
                            DQEBAQUAA4IBDwAwggEKAoIBAQDMJ6v+f3owS3KR5IXSil+3XFwGvCVeYx3jDOFK
                            AnwvXlDpTu+t730b8/spHtlopyJVAlb6qBIPN7R4TGTLqiu0zebYsYx/PtqCk5cb
                            u9qs3h+p2BBoTXVwXA/ZYi0tqtxp04hcNrRj1TAgLyC0S+KASTF+zzccAcjTBid5
                            EMioo+YllgSEobWJ4X33XVRqNrikAPDsNmDrdKUi257JSO2xhVIG5lbtmDaL5ORC
                            D56oRmVdp7VQTEQ3Yass8J5Rn+Ub6WmRBYeG+KzFBvtyBput2o0/gvtJn9L+NWeD
                            B0LyUPaUYG/X4GF14FcmFQfz7I5jBCNHtPcLJbPYbZKQNhz/AgMBAAGjUDBOMB0G
                            A1UdDgQWBBS9QqP8gtMM6nm4oYzNbgqhEDP1aDAfBgNVHSMEGDAWgBS9QqP8gtMM
                            6nm4oYzNbgqhEDP1aDAMBgNVHRMEBTADAQH/MA0GCSqGSIb3DQEBBQUAA4IBAQBH
                            2qyYwLwesIOxUTj+NJ0VXRBDH8VecNLiUUs9Np4x8A0pxLvlNnv5TdJAruEg1LSV
                            mAqqPUdAB2m7CKDeUVM9cwOB7vqelV2GNgOfevXi+DZRMffyyE8qyIcnTqvDOgcR
                            8qGTPSVT+SIsOkV9bYrjltrbnal7cJermsA8SC5w/pjLaOHI1xIZHquZzymWoN3Z
                            fz2CQg2r5o+AURYd74GrHhHqVa9VrdWtcimB+vTQQihoLt8YciehpJjOMpx2D66e
                            FfpC8ix31RRdjAVIo1y33h1yU3gEHePDbOthZE+lpXi2WJqO85H85LqJOtgn2WPI
                            3P2Tx32Cq1WXCYkxLaPI
</ds:X509Certificate>
                    </ds:X509Data>
                </ds:KeyInfo>
            </md:KeyDescriptor>
            <md:NameIDFormat>urn:oasis:names:tc:SAML:2.0:nameid-format:transient</md:NameIDFormat>
            <md:SingleSignOnService Binding="urn:oasis:names:tc:SAML:2.0:bindings:HTTP-Redirect" Location="https://engine.surfconext.nl/authentication/idp/single-sign-on/59b5bae75a0f1404d48d70dbde8a130e"/>
        </md:IDPSSODescriptor>
    </md:EntityDescriptor>
    <md:EntityDescriptor validUntil="2013-01-30T11:03:12Z" entityID="urn:federation:WUR">
        <md:IDPSSODescriptor protocolSupportEnumeration="urn:oasis:names:tc:SAML:2.0:protocol">
            <md:Extensions>
                <mdui:UIInfo>
                    <mdui:DisplayName xml:lang="nl">Wageningen Universiteit</mdui:DisplayName>
                    <mdui:DisplayName xml:lang="en">Wageningen University</mdui:DisplayName>
                    <mdui:Description xml:lang="nl">Wageningen Universiteit</mdui:Description>
                    <mdui:Description xml:lang="en">Wageningen Universiteit</mdui:Description>
                    <mdui:Logo height="60" width="120">https://wayf.surfnet.nl/federate/surfnet/img/logo/wur.png</mdui:Logo>
                    <mdui:Keywords xml:lang="nl">Wageningen University Wageningen Universiteit WUR</mdui:Keywords>
                    <mdui:Keywords xml:lang="en">Wageningen University Wageningen Universiteit WUR</mdui:Keywords>
                </mdui:UIInfo>
            </md:Extensions>
            <md:KeyDescriptor xmlns:ds="http://www.w3.org/2000/09/xmldsig#" use="signing">
                <ds:KeyInfo>
                    <ds:X509Data>
                        <ds:X509Certificate>MIIDyzCCArOgAwIBAgIJAMzixtXMUH1NMA0GCSqGSIb3DQEBBQUAMHwxCzAJBgNV
                            BAYTAk5MMRAwDgYDVQQIDAdVdHJlY2h0MRAwDgYDVQQHDAdVdHJlY2h0MRUwEwYD
                            VQQKDAxTVVJGbmV0IEIuVi4xEzARBgNVBAsMClNVUkZjb25leHQxHTAbBgNVBAMM
                            FGVuZ2luZS5zdXJmY29uZXh0Lm5sMB4XDTExMDEyNDEwMTg1N1oXDTIxMDEyMzEw
                            MTg1N1owfDELMAkGA1UEBhMCTkwxEDAOBgNVBAgMB1V0cmVjaHQxEDAOBgNVBAcM
                            B1V0cmVjaHQxFTATBgNVBAoMDFNVUkZuZXQgQi5WLjETMBEGA1UECwwKU1VSRmNv
                            bmV4dDEdMBsGA1UEAwwUZW5naW5lLnN1cmZjb25leHQubmwwggEiMA0GCSqGSIb3
                            DQEBAQUAA4IBDwAwggEKAoIBAQDMJ6v+f3owS3KR5IXSil+3XFwGvCVeYx3jDOFK
                            AnwvXlDpTu+t730b8/spHtlopyJVAlb6qBIPN7R4TGTLqiu0zebYsYx/PtqCk5cb
                            u9qs3h+p2BBoTXVwXA/ZYi0tqtxp04hcNrRj1TAgLyC0S+KASTF+zzccAcjTBid5
                            EMioo+YllgSEobWJ4X33XVRqNrikAPDsNmDrdKUi257JSO2xhVIG5lbtmDaL5ORC
                            D56oRmVdp7VQTEQ3Yass8J5Rn+Ub6WmRBYeG+KzFBvtyBput2o0/gvtJn9L+NWeD
                            B0LyUPaUYG/X4GF14FcmFQfz7I5jBCNHtPcLJbPYbZKQNhz/AgMBAAGjUDBOMB0G
                            A1UdDgQWBBS9QqP8gtMM6nm4oYzNbgqhEDP1aDAfBgNVHSMEGDAWgBS9QqP8gtMM
                            6nm4oYzNbgqhEDP1aDAMBgNVHRMEBTADAQH/MA0GCSqGSIb3DQEBBQUAA4IBAQBH
                            2qyYwLwesIOxUTj+NJ0VXRBDH8VecNLiUUs9Np4x8A0pxLvlNnv5TdJAruEg1LSV
                            mAqqPUdAB2m7CKDeUVM9cwOB7vqelV2GNgOfevXi+DZRMffyyE8qyIcnTqvDOgcR
                            8qGTPSVT+SIsOkV9bYrjltrbnal7cJermsA8SC5w/pjLaOHI1xIZHquZzymWoN3Z
                            fz2CQg2r5o+AURYd74GrHhHqVa9VrdWtcimB+vTQQihoLt8YciehpJjOMpx2D66e
                            FfpC8ix31RRdjAVIo1y33h1yU3gEHePDbOthZE+lpXi2WJqO85H85LqJOtgn2WPI
                            3P2Tx32Cq1WXCYkxLaPI
</ds:X509Certificate>
                    </ds:X509Data>
                </ds:KeyInfo>
            </md:KeyDescriptor>
            <md:KeyDescriptor xmlns:ds="http://www.w3.org/2000/09/xmldsig#" use="encryption">
                <ds:KeyInfo>
                    <ds:X509Data>
                        <ds:X509Certificate>MIIDyzCCArOgAwIBAgIJAMzixtXMUH1NMA0GCSqGSIb3DQEBBQUAMHwxCzAJBgNV
                            BAYTAk5MMRAwDgYDVQQIDAdVdHJlY2h0MRAwDgYDVQQHDAdVdHJlY2h0MRUwEwYD
                            VQQKDAxTVVJGbmV0IEIuVi4xEzARBgNVBAsMClNVUkZjb25leHQxHTAbBgNVBAMM
                            FGVuZ2luZS5zdXJmY29uZXh0Lm5sMB4XDTExMDEyNDEwMTg1N1oXDTIxMDEyMzEw
                            MTg1N1owfDELMAkGA1UEBhMCTkwxEDAOBgNVBAgMB1V0cmVjaHQxEDAOBgNVBAcM
                            B1V0cmVjaHQxFTATBgNVBAoMDFNVUkZuZXQgQi5WLjETMBEGA1UECwwKU1VSRmNv
                            bmV4dDEdMBsGA1UEAwwUZW5naW5lLnN1cmZjb25leHQubmwwggEiMA0GCSqGSIb3
                            DQEBAQUAA4IBDwAwggEKAoIBAQDMJ6v+f3owS3KR5IXSil+3XFwGvCVeYx3jDOFK
                            AnwvXlDpTu+t730b8/spHtlopyJVAlb6qBIPN7R4TGTLqiu0zebYsYx/PtqCk5cb
                            u9qs3h+p2BBoTXVwXA/ZYi0tqtxp04hcNrRj1TAgLyC0S+KASTF+zzccAcjTBid5
                            EMioo+YllgSEobWJ4X33XVRqNrikAPDsNmDrdKUi257JSO2xhVIG5lbtmDaL5ORC
                            D56oRmVdp7VQTEQ3Yass8J5Rn+Ub6WmRBYeG+KzFBvtyBput2o0/gvtJn9L+NWeD
                            B0LyUPaUYG/X4GF14FcmFQfz7I5jBCNHtPcLJbPYbZKQNhz/AgMBAAGjUDBOMB0G
                            A1UdDgQWBBS9QqP8gtMM6nm4oYzNbgqhEDP1aDAfBgNVHSMEGDAWgBS9QqP8gtMM
                            6nm4oYzNbgqhEDP1aDAMBgNVHRMEBTADAQH/MA0GCSqGSIb3DQEBBQUAA4IBAQBH
                            2qyYwLwesIOxUTj+NJ0VXRBDH8VecNLiUUs9Np4x8A0pxLvlNnv5TdJAruEg1LSV
                            mAqqPUdAB2m7CKDeUVM9cwOB7vqelV2GNgOfevXi+DZRMffyyE8qyIcnTqvDOgcR
                            8qGTPSVT+SIsOkV9bYrjltrbnal7cJermsA8SC5w/pjLaOHI1xIZHquZzymWoN3Z
                            fz2CQg2r5o+AURYd74GrHhHqVa9VrdWtcimB+vTQQihoLt8YciehpJjOMpx2D66e
                            FfpC8ix31RRdjAVIo1y33h1yU3gEHePDbOthZE+lpXi2WJqO85H85LqJOtgn2WPI
                            3P2Tx32Cq1WXCYkxLaPI
</ds:X509Certificate>
                    </ds:X509Data>
                </ds:KeyInfo>
            </md:KeyDescriptor>
            <md:NameIDFormat>urn:oasis:names:tc:SAML:2.0:nameid-format:transient</md:NameIDFormat>
            <md:SingleSignOnService Binding="urn:oasis:names:tc:SAML:2.0:bindings:HTTP-Redirect" Location="https://engine.surfconext.nl/authentication/idp/single-sign-on/b36b8cd764ecdd1ec43e05c6d30c217a"/>
        </md:IDPSSODescriptor>
    </md:EntityDescriptor>
    <md:EntityDescriptor validUntil="2013-01-30T11:03:12Z" entityID="urn:federation:KB:ADFS">
        <md:IDPSSODescriptor protocolSupportEnumeration="urn:oasis:names:tc:SAML:2.0:protocol">
            <md:Extensions>
                <mdui:UIInfo>
                    <mdui:Description xml:lang="nl">Koninklijke Bibliotheek</mdui:Description>
                    <mdui:Description xml:lang="en">Koninklijke Bibliotheek</mdui:Description>
                    <mdui:Logo height="15" width="108">https://wayf.surfnet.nl/federate/surfnet/img/logo/kb.png</mdui:Logo>
                    <mdui:Keywords xml:lang="nl">Koninklijke Bibliotheek KB</mdui:Keywords>
                    <mdui:Keywords xml:lang="en">Koninklijke Bibliotheek KB</mdui:Keywords>
                </mdui:UIInfo>
            </md:Extensions>
            <md:KeyDescriptor xmlns:ds="http://www.w3.org/2000/09/xmldsig#" use="signing">
                <ds:KeyInfo>
                    <ds:X509Data>
                        <ds:X509Certificate>MIIDyzCCArOgAwIBAgIJAMzixtXMUH1NMA0GCSqGSIb3DQEBBQUAMHwxCzAJBgNV
                            BAYTAk5MMRAwDgYDVQQIDAdVdHJlY2h0MRAwDgYDVQQHDAdVdHJlY2h0MRUwEwYD
                            VQQKDAxTVVJGbmV0IEIuVi4xEzARBgNVBAsMClNVUkZjb25leHQxHTAbBgNVBAMM
                            FGVuZ2luZS5zdXJmY29uZXh0Lm5sMB4XDTExMDEyNDEwMTg1N1oXDTIxMDEyMzEw
                            MTg1N1owfDELMAkGA1UEBhMCTkwxEDAOBgNVBAgMB1V0cmVjaHQxEDAOBgNVBAcM
                            B1V0cmVjaHQxFTATBgNVBAoMDFNVUkZuZXQgQi5WLjETMBEGA1UECwwKU1VSRmNv
                            bmV4dDEdMBsGA1UEAwwUZW5naW5lLnN1cmZjb25leHQubmwwggEiMA0GCSqGSIb3
                            DQEBAQUAA4IBDwAwggEKAoIBAQDMJ6v+f3owS3KR5IXSil+3XFwGvCVeYx3jDOFK
                            AnwvXlDpTu+t730b8/spHtlopyJVAlb6qBIPN7R4TGTLqiu0zebYsYx/PtqCk5cb
                            u9qs3h+p2BBoTXVwXA/ZYi0tqtxp04hcNrRj1TAgLyC0S+KASTF+zzccAcjTBid5
                            EMioo+YllgSEobWJ4X33XVRqNrikAPDsNmDrdKUi257JSO2xhVIG5lbtmDaL5ORC
                            D56oRmVdp7VQTEQ3Yass8J5Rn+Ub6WmRBYeG+KzFBvtyBput2o0/gvtJn9L+NWeD
                            B0LyUPaUYG/X4GF14FcmFQfz7I5jBCNHtPcLJbPYbZKQNhz/AgMBAAGjUDBOMB0G
                            A1UdDgQWBBS9QqP8gtMM6nm4oYzNbgqhEDP1aDAfBgNVHSMEGDAWgBS9QqP8gtMM
                            6nm4oYzNbgqhEDP1aDAMBgNVHRMEBTADAQH/MA0GCSqGSIb3DQEBBQUAA4IBAQBH
                            2qyYwLwesIOxUTj+NJ0VXRBDH8VecNLiUUs9Np4x8A0pxLvlNnv5TdJAruEg1LSV
                            mAqqPUdAB2m7CKDeUVM9cwOB7vqelV2GNgOfevXi+DZRMffyyE8qyIcnTqvDOgcR
                            8qGTPSVT+SIsOkV9bYrjltrbnal7cJermsA8SC5w/pjLaOHI1xIZHquZzymWoN3Z
                            fz2CQg2r5o+AURYd74GrHhHqVa9VrdWtcimB+vTQQihoLt8YciehpJjOMpx2D66e
                            FfpC8ix31RRdjAVIo1y33h1yU3gEHePDbOthZE+lpXi2WJqO85H85LqJOtgn2WPI
                            3P2Tx32Cq1WXCYkxLaPI
</ds:X509Certificate>
                    </ds:X509Data>
                </ds:KeyInfo>
            </md:KeyDescriptor>
            <md:KeyDescriptor xmlns:ds="http://www.w3.org/2000/09/xmldsig#" use="encryption">
                <ds:KeyInfo>
                    <ds:X509Data>
                        <ds:X509Certificate>MIIDyzCCArOgAwIBAgIJAMzixtXMUH1NMA0GCSqGSIb3DQEBBQUAMHwxCzAJBgNV
                            BAYTAk5MMRAwDgYDVQQIDAdVdHJlY2h0MRAwDgYDVQQHDAdVdHJlY2h0MRUwEwYD
                            VQQKDAxTVVJGbmV0IEIuVi4xEzARBgNVBAsMClNVUkZjb25leHQxHTAbBgNVBAMM
                            FGVuZ2luZS5zdXJmY29uZXh0Lm5sMB4XDTExMDEyNDEwMTg1N1oXDTIxMDEyMzEw
                            MTg1N1owfDELMAkGA1UEBhMCTkwxEDAOBgNVBAgMB1V0cmVjaHQxEDAOBgNVBAcM
                            B1V0cmVjaHQxFTATBgNVBAoMDFNVUkZuZXQgQi5WLjETMBEGA1UECwwKU1VSRmNv
                            bmV4dDEdMBsGA1UEAwwUZW5naW5lLnN1cmZjb25leHQubmwwggEiMA0GCSqGSIb3
                            DQEBAQUAA4IBDwAwggEKAoIBAQDMJ6v+f3owS3KR5IXSil+3XFwGvCVeYx3jDOFK
                            AnwvXlDpTu+t730b8/spHtlopyJVAlb6qBIPN7R4TGTLqiu0zebYsYx/PtqCk5cb
                            u9qs3h+p2BBoTXVwXA/ZYi0tqtxp04hcNrRj1TAgLyC0S+KASTF+zzccAcjTBid5
                            EMioo+YllgSEobWJ4X33XVRqNrikAPDsNmDrdKUi257JSO2xhVIG5lbtmDaL5ORC
                            D56oRmVdp7VQTEQ3Yass8J5Rn+Ub6WmRBYeG+KzFBvtyBput2o0/gvtJn9L+NWeD
                            B0LyUPaUYG/X4GF14FcmFQfz7I5jBCNHtPcLJbPYbZKQNhz/AgMBAAGjUDBOMB0G
                            A1UdDgQWBBS9QqP8gtMM6nm4oYzNbgqhEDP1aDAfBgNVHSMEGDAWgBS9QqP8gtMM
                            6nm4oYzNbgqhEDP1aDAMBgNVHRMEBTADAQH/MA0GCSqGSIb3DQEBBQUAA4IBAQBH
                            2qyYwLwesIOxUTj+NJ0VXRBDH8VecNLiUUs9Np4x8A0pxLvlNnv5TdJAruEg1LSV
                            mAqqPUdAB2m7CKDeUVM9cwOB7vqelV2GNgOfevXi+DZRMffyyE8qyIcnTqvDOgcR
                            8qGTPSVT+SIsOkV9bYrjltrbnal7cJermsA8SC5w/pjLaOHI1xIZHquZzymWoN3Z
                            fz2CQg2r5o+AURYd74GrHhHqVa9VrdWtcimB+vTQQihoLt8YciehpJjOMpx2D66e
                            FfpC8ix31RRdjAVIo1y33h1yU3gEHePDbOthZE+lpXi2WJqO85H85LqJOtgn2WPI
                            3P2Tx32Cq1WXCYkxLaPI
</ds:X509Certificate>
                    </ds:X509Data>
                </ds:KeyInfo>
            </md:KeyDescriptor>
            <md:NameIDFormat>urn:oasis:names:tc:SAML:2.0:nameid-format:transient</md:NameIDFormat>
            <md:SingleSignOnService Binding="urn:oasis:names:tc:SAML:2.0:bindings:HTTP-Redirect" Location="https://engine.surfconext.nl/authentication/idp/single-sign-on/49484e30221e811437a38c326f4a15dc"/>
        </md:IDPSSODescriptor>
    </md:EntityDescriptor>
    <md:EntityDescriptor validUntil="2013-01-30T11:03:12Z" entityID="urn:federation:knaw:dans">
        <md:IDPSSODescriptor protocolSupportEnumeration="urn:oasis:names:tc:SAML:2.0:protocol">
            <md:Extensions>
                <mdui:UIInfo>
                    <mdui:DisplayName xml:lang="nl">Data Archiving and Networked Services (KNAW)</mdui:DisplayName>
                    <mdui:DisplayName xml:lang="en">Data Archiving and Networked Services (KNAW)</mdui:DisplayName>
                    <mdui:Description xml:lang="nl">Data Archiving and Networked Services (KNAW)</mdui:Description>
                    <mdui:Description xml:lang="en">Data Archiving and Networked Services (KNAW)</mdui:Description>
                    <mdui:Logo height="38" width="108">https://wayf.surfnet.nl/federate/surfnet/img/logo/knaw-dans.png</mdui:Logo>
                    <mdui:Keywords xml:lang="nl">Data Archiving and Networked Services KNAW DANS</mdui:Keywords>
                    <mdui:Keywords xml:lang="en">Data Archiving and Networked Services KNAW DANS</mdui:Keywords>
                </mdui:UIInfo>
            </md:Extensions>
            <md:KeyDescriptor xmlns:ds="http://www.w3.org/2000/09/xmldsig#" use="signing">
                <ds:KeyInfo>
                    <ds:X509Data>
                        <ds:X509Certificate>MIIDyzCCArOgAwIBAgIJAMzixtXMUH1NMA0GCSqGSIb3DQEBBQUAMHwxCzAJBgNV
                            BAYTAk5MMRAwDgYDVQQIDAdVdHJlY2h0MRAwDgYDVQQHDAdVdHJlY2h0MRUwEwYD
                            VQQKDAxTVVJGbmV0IEIuVi4xEzARBgNVBAsMClNVUkZjb25leHQxHTAbBgNVBAMM
                            FGVuZ2luZS5zdXJmY29uZXh0Lm5sMB4XDTExMDEyNDEwMTg1N1oXDTIxMDEyMzEw
                            MTg1N1owfDELMAkGA1UEBhMCTkwxEDAOBgNVBAgMB1V0cmVjaHQxEDAOBgNVBAcM
                            B1V0cmVjaHQxFTATBgNVBAoMDFNVUkZuZXQgQi5WLjETMBEGA1UECwwKU1VSRmNv
                            bmV4dDEdMBsGA1UEAwwUZW5naW5lLnN1cmZjb25leHQubmwwggEiMA0GCSqGSIb3
                            DQEBAQUAA4IBDwAwggEKAoIBAQDMJ6v+f3owS3KR5IXSil+3XFwGvCVeYx3jDOFK
                            AnwvXlDpTu+t730b8/spHtlopyJVAlb6qBIPN7R4TGTLqiu0zebYsYx/PtqCk5cb
                            u9qs3h+p2BBoTXVwXA/ZYi0tqtxp04hcNrRj1TAgLyC0S+KASTF+zzccAcjTBid5
                            EMioo+YllgSEobWJ4X33XVRqNrikAPDsNmDrdKUi257JSO2xhVIG5lbtmDaL5ORC
                            D56oRmVdp7VQTEQ3Yass8J5Rn+Ub6WmRBYeG+KzFBvtyBput2o0/gvtJn9L+NWeD
                            B0LyUPaUYG/X4GF14FcmFQfz7I5jBCNHtPcLJbPYbZKQNhz/AgMBAAGjUDBOMB0G
                            A1UdDgQWBBS9QqP8gtMM6nm4oYzNbgqhEDP1aDAfBgNVHSMEGDAWgBS9QqP8gtMM
                            6nm4oYzNbgqhEDP1aDAMBgNVHRMEBTADAQH/MA0GCSqGSIb3DQEBBQUAA4IBAQBH
                            2qyYwLwesIOxUTj+NJ0VXRBDH8VecNLiUUs9Np4x8A0pxLvlNnv5TdJAruEg1LSV
                            mAqqPUdAB2m7CKDeUVM9cwOB7vqelV2GNgOfevXi+DZRMffyyE8qyIcnTqvDOgcR
                            8qGTPSVT+SIsOkV9bYrjltrbnal7cJermsA8SC5w/pjLaOHI1xIZHquZzymWoN3Z
                            fz2CQg2r5o+AURYd74GrHhHqVa9VrdWtcimB+vTQQihoLt8YciehpJjOMpx2D66e
                            FfpC8ix31RRdjAVIo1y33h1yU3gEHePDbOthZE+lpXi2WJqO85H85LqJOtgn2WPI
                            3P2Tx32Cq1WXCYkxLaPI
</ds:X509Certificate>
                    </ds:X509Data>
                </ds:KeyInfo>
            </md:KeyDescriptor>
            <md:KeyDescriptor xmlns:ds="http://www.w3.org/2000/09/xmldsig#" use="encryption">
                <ds:KeyInfo>
                    <ds:X509Data>
                        <ds:X509Certificate>MIIDyzCCArOgAwIBAgIJAMzixtXMUH1NMA0GCSqGSIb3DQEBBQUAMHwxCzAJBgNV
                            BAYTAk5MMRAwDgYDVQQIDAdVdHJlY2h0MRAwDgYDVQQHDAdVdHJlY2h0MRUwEwYD
                            VQQKDAxTVVJGbmV0IEIuVi4xEzARBgNVBAsMClNVUkZjb25leHQxHTAbBgNVBAMM
                            FGVuZ2luZS5zdXJmY29uZXh0Lm5sMB4XDTExMDEyNDEwMTg1N1oXDTIxMDEyMzEw
                            MTg1N1owfDELMAkGA1UEBhMCTkwxEDAOBgNVBAgMB1V0cmVjaHQxEDAOBgNVBAcM
                            B1V0cmVjaHQxFTATBgNVBAoMDFNVUkZuZXQgQi5WLjETMBEGA1UECwwKU1VSRmNv
                            bmV4dDEdMBsGA1UEAwwUZW5naW5lLnN1cmZjb25leHQubmwwggEiMA0GCSqGSIb3
                            DQEBAQUAA4IBDwAwggEKAoIBAQDMJ6v+f3owS3KR5IXSil+3XFwGvCVeYx3jDOFK
                            AnwvXlDpTu+t730b8/spHtlopyJVAlb6qBIPN7R4TGTLqiu0zebYsYx/PtqCk5cb
                            u9qs3h+p2BBoTXVwXA/ZYi0tqtxp04hcNrRj1TAgLyC0S+KASTF+zzccAcjTBid5
                            EMioo+YllgSEobWJ4X33XVRqNrikAPDsNmDrdKUi257JSO2xhVIG5lbtmDaL5ORC
                            D56oRmVdp7VQTEQ3Yass8J5Rn+Ub6WmRBYeG+KzFBvtyBput2o0/gvtJn9L+NWeD
                            B0LyUPaUYG/X4GF14FcmFQfz7I5jBCNHtPcLJbPYbZKQNhz/AgMBAAGjUDBOMB0G
                            A1UdDgQWBBS9QqP8gtMM6nm4oYzNbgqhEDP1aDAfBgNVHSMEGDAWgBS9QqP8gtMM
                            6nm4oYzNbgqhEDP1aDAMBgNVHRMEBTADAQH/MA0GCSqGSIb3DQEBBQUAA4IBAQBH
                            2qyYwLwesIOxUTj+NJ0VXRBDH8VecNLiUUs9Np4x8A0pxLvlNnv5TdJAruEg1LSV
                            mAqqPUdAB2m7CKDeUVM9cwOB7vqelV2GNgOfevXi+DZRMffyyE8qyIcnTqvDOgcR
                            8qGTPSVT+SIsOkV9bYrjltrbnal7cJermsA8SC5w/pjLaOHI1xIZHquZzymWoN3Z
                            fz2CQg2r5o+AURYd74GrHhHqVa9VrdWtcimB+vTQQihoLt8YciehpJjOMpx2D66e
                            FfpC8ix31RRdjAVIo1y33h1yU3gEHePDbOthZE+lpXi2WJqO85H85LqJOtgn2WPI
                            3P2Tx32Cq1WXCYkxLaPI
</ds:X509Certificate>
                    </ds:X509Data>
                </ds:KeyInfo>
            </md:KeyDescriptor>
            <md:NameIDFormat>urn:oasis:names:tc:SAML:2.0:nameid-format:transient</md:NameIDFormat>
            <md:SingleSignOnService Binding="urn:oasis:names:tc:SAML:2.0:bindings:HTTP-Redirect" Location="https://engine.surfconext.nl/authentication/idp/single-sign-on/eeee525099be9836986a276125129fd6"/>
        </md:IDPSSODescriptor>
    </md:EntityDescriptor>
    <md:EntityDescriptor validUntil="2013-01-30T11:03:12Z" entityID="https://secure.uva.nl/cas">
        <md:IDPSSODescriptor protocolSupportEnumeration="urn:oasis:names:tc:SAML:2.0:protocol">
            <md:Extensions>
                <mdui:UIInfo>
                    <mdui:DisplayName xml:lang="nl">Universiteit van Amsterdam</mdui:DisplayName>
                    <mdui:DisplayName xml:lang="en">University of Amsterdam</mdui:DisplayName>
                    <mdui:Description xml:lang="nl">Universiteit van Amsterdam</mdui:Description>
                    <mdui:Description xml:lang="en">Universiteit van Amsterdam</mdui:Description>
                    <mdui:Logo height="60" width="120">https://wayf.surfnet.nl/federate/surfnet/img/logo/uva.png</mdui:Logo>
                    <mdui:Keywords xml:lang="nl">University of Amsterdam Universiteit van Amsterdam UVA</mdui:Keywords>
                    <mdui:Keywords xml:lang="en">University of Amsterdam Universiteit van Amsterdam UvA </mdui:Keywords>
                </mdui:UIInfo>
            </md:Extensions>
            <md:KeyDescriptor xmlns:ds="http://www.w3.org/2000/09/xmldsig#" use="signing">
                <ds:KeyInfo>
                    <ds:X509Data>
                        <ds:X509Certificate>MIIDyzCCArOgAwIBAgIJAMzixtXMUH1NMA0GCSqGSIb3DQEBBQUAMHwxCzAJBgNV
                            BAYTAk5MMRAwDgYDVQQIDAdVdHJlY2h0MRAwDgYDVQQHDAdVdHJlY2h0MRUwEwYD
                            VQQKDAxTVVJGbmV0IEIuVi4xEzARBgNVBAsMClNVUkZjb25leHQxHTAbBgNVBAMM
                            FGVuZ2luZS5zdXJmY29uZXh0Lm5sMB4XDTExMDEyNDEwMTg1N1oXDTIxMDEyMzEw
                            MTg1N1owfDELMAkGA1UEBhMCTkwxEDAOBgNVBAgMB1V0cmVjaHQxEDAOBgNVBAcM
                            B1V0cmVjaHQxFTATBgNVBAoMDFNVUkZuZXQgQi5WLjETMBEGA1UECwwKU1VSRmNv
                            bmV4dDEdMBsGA1UEAwwUZW5naW5lLnN1cmZjb25leHQubmwwggEiMA0GCSqGSIb3
                            DQEBAQUAA4IBDwAwggEKAoIBAQDMJ6v+f3owS3KR5IXSil+3XFwGvCVeYx3jDOFK
                            AnwvXlDpTu+t730b8/spHtlopyJVAlb6qBIPN7R4TGTLqiu0zebYsYx/PtqCk5cb
                            u9qs3h+p2BBoTXVwXA/ZYi0tqtxp04hcNrRj1TAgLyC0S+KASTF+zzccAcjTBid5
                            EMioo+YllgSEobWJ4X33XVRqNrikAPDsNmDrdKUi257JSO2xhVIG5lbtmDaL5ORC
                            D56oRmVdp7VQTEQ3Yass8J5Rn+Ub6WmRBYeG+KzFBvtyBput2o0/gvtJn9L+NWeD
                            B0LyUPaUYG/X4GF14FcmFQfz7I5jBCNHtPcLJbPYbZKQNhz/AgMBAAGjUDBOMB0G
                            A1UdDgQWBBS9QqP8gtMM6nm4oYzNbgqhEDP1aDAfBgNVHSMEGDAWgBS9QqP8gtMM
                            6nm4oYzNbgqhEDP1aDAMBgNVHRMEBTADAQH/MA0GCSqGSIb3DQEBBQUAA4IBAQBH
                            2qyYwLwesIOxUTj+NJ0VXRBDH8VecNLiUUs9Np4x8A0pxLvlNnv5TdJAruEg1LSV
                            mAqqPUdAB2m7CKDeUVM9cwOB7vqelV2GNgOfevXi+DZRMffyyE8qyIcnTqvDOgcR
                            8qGTPSVT+SIsOkV9bYrjltrbnal7cJermsA8SC5w/pjLaOHI1xIZHquZzymWoN3Z
                            fz2CQg2r5o+AURYd74GrHhHqVa9VrdWtcimB+vTQQihoLt8YciehpJjOMpx2D66e
                            FfpC8ix31RRdjAVIo1y33h1yU3gEHePDbOthZE+lpXi2WJqO85H85LqJOtgn2WPI
                            3P2Tx32Cq1WXCYkxLaPI
</ds:X509Certificate>
                    </ds:X509Data>
                </ds:KeyInfo>
            </md:KeyDescriptor>
            <md:KeyDescriptor xmlns:ds="http://www.w3.org/2000/09/xmldsig#" use="encryption">
                <ds:KeyInfo>
                    <ds:X509Data>
                        <ds:X509Certificate>MIIDyzCCArOgAwIBAgIJAMzixtXMUH1NMA0GCSqGSIb3DQEBBQUAMHwxCzAJBgNV
                            BAYTAk5MMRAwDgYDVQQIDAdVdHJlY2h0MRAwDgYDVQQHDAdVdHJlY2h0MRUwEwYD
                            VQQKDAxTVVJGbmV0IEIuVi4xEzARBgNVBAsMClNVUkZjb25leHQxHTAbBgNVBAMM
                            FGVuZ2luZS5zdXJmY29uZXh0Lm5sMB4XDTExMDEyNDEwMTg1N1oXDTIxMDEyMzEw
                            MTg1N1owfDELMAkGA1UEBhMCTkwxEDAOBgNVBAgMB1V0cmVjaHQxEDAOBgNVBAcM
                            B1V0cmVjaHQxFTATBgNVBAoMDFNVUkZuZXQgQi5WLjETMBEGA1UECwwKU1VSRmNv
                            bmV4dDEdMBsGA1UEAwwUZW5naW5lLnN1cmZjb25leHQubmwwggEiMA0GCSqGSIb3
                            DQEBAQUAA4IBDwAwggEKAoIBAQDMJ6v+f3owS3KR5IXSil+3XFwGvCVeYx3jDOFK
                            AnwvXlDpTu+t730b8/spHtlopyJVAlb6qBIPN7R4TGTLqiu0zebYsYx/PtqCk5cb
                            u9qs3h+p2BBoTXVwXA/ZYi0tqtxp04hcNrRj1TAgLyC0S+KASTF+zzccAcjTBid5
                            EMioo+YllgSEobWJ4X33XVRqNrikAPDsNmDrdKUi257JSO2xhVIG5lbtmDaL5ORC
                            D56oRmVdp7VQTEQ3Yass8J5Rn+Ub6WmRBYeG+KzFBvtyBput2o0/gvtJn9L+NWeD
                            B0LyUPaUYG/X4GF14FcmFQfz7I5jBCNHtPcLJbPYbZKQNhz/AgMBAAGjUDBOMB0G
                            A1UdDgQWBBS9QqP8gtMM6nm4oYzNbgqhEDP1aDAfBgNVHSMEGDAWgBS9QqP8gtMM
                            6nm4oYzNbgqhEDP1aDAMBgNVHRMEBTADAQH/MA0GCSqGSIb3DQEBBQUAA4IBAQBH
                            2qyYwLwesIOxUTj+NJ0VXRBDH8VecNLiUUs9Np4x8A0pxLvlNnv5TdJAruEg1LSV
                            mAqqPUdAB2m7CKDeUVM9cwOB7vqelV2GNgOfevXi+DZRMffyyE8qyIcnTqvDOgcR
                            8qGTPSVT+SIsOkV9bYrjltrbnal7cJermsA8SC5w/pjLaOHI1xIZHquZzymWoN3Z
                            fz2CQg2r5o+AURYd74GrHhHqVa9VrdWtcimB+vTQQihoLt8YciehpJjOMpx2D66e
                            FfpC8ix31RRdjAVIo1y33h1yU3gEHePDbOthZE+lpXi2WJqO85H85LqJOtgn2WPI
                            3P2Tx32Cq1WXCYkxLaPI
</ds:X509Certificate>
                    </ds:X509Data>
                </ds:KeyInfo>
            </md:KeyDescriptor>
            <md:NameIDFormat>urn:oasis:names:tc:SAML:2.0:nameid-format:transient</md:NameIDFormat>
            <md:SingleSignOnService Binding="urn:oasis:names:tc:SAML:2.0:bindings:HTTP-Redirect" Location="https://engine.surfconext.nl/authentication/idp/single-sign-on/1b2e4ba73d7b526eee14a91782c45435"/>
        </md:IDPSSODescriptor>
    </md:EntityDescriptor>
    <md:EntityDescriptor validUntil="2013-01-30T11:03:12Z" entityID="http://adfs.myhz.nl/adfs/services/trust">
        <md:IDPSSODescriptor protocolSupportEnumeration="urn:oasis:names:tc:SAML:2.0:protocol">
            <md:Extensions>
                <mdui:UIInfo>
                    <mdui:DisplayName xml:lang="nl">Hogeschool Zeeland</mdui:DisplayName>
                    <mdui:DisplayName xml:lang="en">HZ University of Applied Sciences</mdui:DisplayName>
                    <mdui:Description xml:lang="nl">Hogeschool Zeeland</mdui:Description>
                    <mdui:Description xml:lang="en">Hogeschool Zeeland</mdui:Description>
                    <mdui:Logo height="30" width="108">https://wayf-test.surfnet.nl/federate/surfnet/img/logo/hzeeland.png</mdui:Logo>
                    <mdui:Keywords xml:lang="nl">Hogeschool Zeeland HZ University of Applied Sciences HBO</mdui:Keywords>
                    <mdui:Keywords xml:lang="en">Hogeschool Zeeland HZ University of Applied Sciences HBO</mdui:Keywords>
                </mdui:UIInfo>
            </md:Extensions>
            <md:KeyDescriptor xmlns:ds="http://www.w3.org/2000/09/xmldsig#" use="signing">
                <ds:KeyInfo>
                    <ds:X509Data>
                        <ds:X509Certificate>MIIDyzCCArOgAwIBAgIJAMzixtXMUH1NMA0GCSqGSIb3DQEBBQUAMHwxCzAJBgNV
                            BAYTAk5MMRAwDgYDVQQIDAdVdHJlY2h0MRAwDgYDVQQHDAdVdHJlY2h0MRUwEwYD
                            VQQKDAxTVVJGbmV0IEIuVi4xEzARBgNVBAsMClNVUkZjb25leHQxHTAbBgNVBAMM
                            FGVuZ2luZS5zdXJmY29uZXh0Lm5sMB4XDTExMDEyNDEwMTg1N1oXDTIxMDEyMzEw
                            MTg1N1owfDELMAkGA1UEBhMCTkwxEDAOBgNVBAgMB1V0cmVjaHQxEDAOBgNVBAcM
                            B1V0cmVjaHQxFTATBgNVBAoMDFNVUkZuZXQgQi5WLjETMBEGA1UECwwKU1VSRmNv
                            bmV4dDEdMBsGA1UEAwwUZW5naW5lLnN1cmZjb25leHQubmwwggEiMA0GCSqGSIb3
                            DQEBAQUAA4IBDwAwggEKAoIBAQDMJ6v+f3owS3KR5IXSil+3XFwGvCVeYx3jDOFK
                            AnwvXlDpTu+t730b8/spHtlopyJVAlb6qBIPN7R4TGTLqiu0zebYsYx/PtqCk5cb
                            u9qs3h+p2BBoTXVwXA/ZYi0tqtxp04hcNrRj1TAgLyC0S+KASTF+zzccAcjTBid5
                            EMioo+YllgSEobWJ4X33XVRqNrikAPDsNmDrdKUi257JSO2xhVIG5lbtmDaL5ORC
                            D56oRmVdp7VQTEQ3Yass8J5Rn+Ub6WmRBYeG+KzFBvtyBput2o0/gvtJn9L+NWeD
                            B0LyUPaUYG/X4GF14FcmFQfz7I5jBCNHtPcLJbPYbZKQNhz/AgMBAAGjUDBOMB0G
                            A1UdDgQWBBS9QqP8gtMM6nm4oYzNbgqhEDP1aDAfBgNVHSMEGDAWgBS9QqP8gtMM
                            6nm4oYzNbgqhEDP1aDAMBgNVHRMEBTADAQH/MA0GCSqGSIb3DQEBBQUAA4IBAQBH
                            2qyYwLwesIOxUTj+NJ0VXRBDH8VecNLiUUs9Np4x8A0pxLvlNnv5TdJAruEg1LSV
                            mAqqPUdAB2m7CKDeUVM9cwOB7vqelV2GNgOfevXi+DZRMffyyE8qyIcnTqvDOgcR
                            8qGTPSVT+SIsOkV9bYrjltrbnal7cJermsA8SC5w/pjLaOHI1xIZHquZzymWoN3Z
                            fz2CQg2r5o+AURYd74GrHhHqVa9VrdWtcimB+vTQQihoLt8YciehpJjOMpx2D66e
                            FfpC8ix31RRdjAVIo1y33h1yU3gEHePDbOthZE+lpXi2WJqO85H85LqJOtgn2WPI
                            3P2Tx32Cq1WXCYkxLaPI
</ds:X509Certificate>
                    </ds:X509Data>
                </ds:KeyInfo>
            </md:KeyDescriptor>
            <md:KeyDescriptor xmlns:ds="http://www.w3.org/2000/09/xmldsig#" use="encryption">
                <ds:KeyInfo>
                    <ds:X509Data>
                        <ds:X509Certificate>MIIDyzCCArOgAwIBAgIJAMzixtXMUH1NMA0GCSqGSIb3DQEBBQUAMHwxCzAJBgNV
                            BAYTAk5MMRAwDgYDVQQIDAdVdHJlY2h0MRAwDgYDVQQHDAdVdHJlY2h0MRUwEwYD
                            VQQKDAxTVVJGbmV0IEIuVi4xEzARBgNVBAsMClNVUkZjb25leHQxHTAbBgNVBAMM
                            FGVuZ2luZS5zdXJmY29uZXh0Lm5sMB4XDTExMDEyNDEwMTg1N1oXDTIxMDEyMzEw
                            MTg1N1owfDELMAkGA1UEBhMCTkwxEDAOBgNVBAgMB1V0cmVjaHQxEDAOBgNVBAcM
                            B1V0cmVjaHQxFTATBgNVBAoMDFNVUkZuZXQgQi5WLjETMBEGA1UECwwKU1VSRmNv
                            bmV4dDEdMBsGA1UEAwwUZW5naW5lLnN1cmZjb25leHQubmwwggEiMA0GCSqGSIb3
                            DQEBAQUAA4IBDwAwggEKAoIBAQDMJ6v+f3owS3KR5IXSil+3XFwGvCVeYx3jDOFK
                            AnwvXlDpTu+t730b8/spHtlopyJVAlb6qBIPN7R4TGTLqiu0zebYsYx/PtqCk5cb
                            u9qs3h+p2BBoTXVwXA/ZYi0tqtxp04hcNrRj1TAgLyC0S+KASTF+zzccAcjTBid5
                            EMioo+YllgSEobWJ4X33XVRqNrikAPDsNmDrdKUi257JSO2xhVIG5lbtmDaL5ORC
                            D56oRmVdp7VQTEQ3Yass8J5Rn+Ub6WmRBYeG+KzFBvtyBput2o0/gvtJn9L+NWeD
                            B0LyUPaUYG/X4GF14FcmFQfz7I5jBCNHtPcLJbPYbZKQNhz/AgMBAAGjUDBOMB0G
                            A1UdDgQWBBS9QqP8gtMM6nm4oYzNbgqhEDP1aDAfBgNVHSMEGDAWgBS9QqP8gtMM
                            6nm4oYzNbgqhEDP1aDAMBgNVHRMEBTADAQH/MA0GCSqGSIb3DQEBBQUAA4IBAQBH
                            2qyYwLwesIOxUTj+NJ0VXRBDH8VecNLiUUs9Np4x8A0pxLvlNnv5TdJAruEg1LSV
                            mAqqPUdAB2m7CKDeUVM9cwOB7vqelV2GNgOfevXi+DZRMffyyE8qyIcnTqvDOgcR
                            8qGTPSVT+SIsOkV9bYrjltrbnal7cJermsA8SC5w/pjLaOHI1xIZHquZzymWoN3Z
                            fz2CQg2r5o+AURYd74GrHhHqVa9VrdWtcimB+vTQQihoLt8YciehpJjOMpx2D66e
                            FfpC8ix31RRdjAVIo1y33h1yU3gEHePDbOthZE+lpXi2WJqO85H85LqJOtgn2WPI
                            3P2Tx32Cq1WXCYkxLaPI
</ds:X509Certificate>
                    </ds:X509Data>
                </ds:KeyInfo>
            </md:KeyDescriptor>
            <md:NameIDFormat>urn:oasis:names:tc:SAML:2.0:nameid-format:transient</md:NameIDFormat>
            <md:SingleSignOnService Binding="urn:oasis:names:tc:SAML:2.0:bindings:HTTP-Redirect" Location="https://engine.surfconext.nl/authentication/idp/single-sign-on/805bc855e60e47bef36a3d88b684f623"/>
        </md:IDPSSODescriptor>
    </md:EntityDescriptor>
    <md:EntityDescriptor validUntil="2013-01-30T11:03:12Z" entityID="http://adfs20.hva.nl/adfs/services/trust">
        <md:IDPSSODescriptor protocolSupportEnumeration="urn:oasis:names:tc:SAML:2.0:protocol">
            <md:Extensions>
                <mdui:UIInfo>
                    <mdui:DisplayName xml:lang="nl">Hogeschool van Amsterdam</mdui:DisplayName>
                    <mdui:DisplayName xml:lang="en">Hogeschool van Amsterdam</mdui:DisplayName>
                    <mdui:Description xml:lang="nl">Hogeschool van Amsterdam</mdui:Description>
                    <mdui:Description xml:lang="en">Hogeschool van Amsterdam</mdui:Description>
                    <mdui:Logo height="60" width="120">https://wayf.surfnet.nl/federate/surfnet/img/logo/hva.png</mdui:Logo>
                    <mdui:Keywords xml:lang="nl">Hogeschool van Amsterdam HVA HBO</mdui:Keywords>
                    <mdui:Keywords xml:lang="en">Hogeschool van Amsterdam HVA HBO</mdui:Keywords>
                </mdui:UIInfo>
            </md:Extensions>
            <md:KeyDescriptor xmlns:ds="http://www.w3.org/2000/09/xmldsig#" use="signing">
                <ds:KeyInfo>
                    <ds:X509Data>
                        <ds:X509Certificate>MIIDyzCCArOgAwIBAgIJAMzixtXMUH1NMA0GCSqGSIb3DQEBBQUAMHwxCzAJBgNV
                            BAYTAk5MMRAwDgYDVQQIDAdVdHJlY2h0MRAwDgYDVQQHDAdVdHJlY2h0MRUwEwYD
                            VQQKDAxTVVJGbmV0IEIuVi4xEzARBgNVBAsMClNVUkZjb25leHQxHTAbBgNVBAMM
                            FGVuZ2luZS5zdXJmY29uZXh0Lm5sMB4XDTExMDEyNDEwMTg1N1oXDTIxMDEyMzEw
                            MTg1N1owfDELMAkGA1UEBhMCTkwxEDAOBgNVBAgMB1V0cmVjaHQxEDAOBgNVBAcM
                            B1V0cmVjaHQxFTATBgNVBAoMDFNVUkZuZXQgQi5WLjETMBEGA1UECwwKU1VSRmNv
                            bmV4dDEdMBsGA1UEAwwUZW5naW5lLnN1cmZjb25leHQubmwwggEiMA0GCSqGSIb3
                            DQEBAQUAA4IBDwAwggEKAoIBAQDMJ6v+f3owS3KR5IXSil+3XFwGvCVeYx3jDOFK
                            AnwvXlDpTu+t730b8/spHtlopyJVAlb6qBIPN7R4TGTLqiu0zebYsYx/PtqCk5cb
                            u9qs3h+p2BBoTXVwXA/ZYi0tqtxp04hcNrRj1TAgLyC0S+KASTF+zzccAcjTBid5
                            EMioo+YllgSEobWJ4X33XVRqNrikAPDsNmDrdKUi257JSO2xhVIG5lbtmDaL5ORC
                            D56oRmVdp7VQTEQ3Yass8J5Rn+Ub6WmRBYeG+KzFBvtyBput2o0/gvtJn9L+NWeD
                            B0LyUPaUYG/X4GF14FcmFQfz7I5jBCNHtPcLJbPYbZKQNhz/AgMBAAGjUDBOMB0G
                            A1UdDgQWBBS9QqP8gtMM6nm4oYzNbgqhEDP1aDAfBgNVHSMEGDAWgBS9QqP8gtMM
                            6nm4oYzNbgqhEDP1aDAMBgNVHRMEBTADAQH/MA0GCSqGSIb3DQEBBQUAA4IBAQBH
                            2qyYwLwesIOxUTj+NJ0VXRBDH8VecNLiUUs9Np4x8A0pxLvlNnv5TdJAruEg1LSV
                            mAqqPUdAB2m7CKDeUVM9cwOB7vqelV2GNgOfevXi+DZRMffyyE8qyIcnTqvDOgcR
                            8qGTPSVT+SIsOkV9bYrjltrbnal7cJermsA8SC5w/pjLaOHI1xIZHquZzymWoN3Z
                            fz2CQg2r5o+AURYd74GrHhHqVa9VrdWtcimB+vTQQihoLt8YciehpJjOMpx2D66e
                            FfpC8ix31RRdjAVIo1y33h1yU3gEHePDbOthZE+lpXi2WJqO85H85LqJOtgn2WPI
                            3P2Tx32Cq1WXCYkxLaPI
</ds:X509Certificate>
                    </ds:X509Data>
                </ds:KeyInfo>
            </md:KeyDescriptor>
            <md:KeyDescriptor xmlns:ds="http://www.w3.org/2000/09/xmldsig#" use="encryption">
                <ds:KeyInfo>
                    <ds:X509Data>
                        <ds:X509Certificate>MIIDyzCCArOgAwIBAgIJAMzixtXMUH1NMA0GCSqGSIb3DQEBBQUAMHwxCzAJBgNV
                            BAYTAk5MMRAwDgYDVQQIDAdVdHJlY2h0MRAwDgYDVQQHDAdVdHJlY2h0MRUwEwYD
                            VQQKDAxTVVJGbmV0IEIuVi4xEzARBgNVBAsMClNVUkZjb25leHQxHTAbBgNVBAMM
                            FGVuZ2luZS5zdXJmY29uZXh0Lm5sMB4XDTExMDEyNDEwMTg1N1oXDTIxMDEyMzEw
                            MTg1N1owfDELMAkGA1UEBhMCTkwxEDAOBgNVBAgMB1V0cmVjaHQxEDAOBgNVBAcM
                            B1V0cmVjaHQxFTATBgNVBAoMDFNVUkZuZXQgQi5WLjETMBEGA1UECwwKU1VSRmNv
                            bmV4dDEdMBsGA1UEAwwUZW5naW5lLnN1cmZjb25leHQubmwwggEiMA0GCSqGSIb3
                            DQEBAQUAA4IBDwAwggEKAoIBAQDMJ6v+f3owS3KR5IXSil+3XFwGvCVeYx3jDOFK
                            AnwvXlDpTu+t730b8/spHtlopyJVAlb6qBIPN7R4TGTLqiu0zebYsYx/PtqCk5cb
                            u9qs3h+p2BBoTXVwXA/ZYi0tqtxp04hcNrRj1TAgLyC0S+KASTF+zzccAcjTBid5
                            EMioo+YllgSEobWJ4X33XVRqNrikAPDsNmDrdKUi257JSO2xhVIG5lbtmDaL5ORC
                            D56oRmVdp7VQTEQ3Yass8J5Rn+Ub6WmRBYeG+KzFBvtyBput2o0/gvtJn9L+NWeD
                            B0LyUPaUYG/X4GF14FcmFQfz7I5jBCNHtPcLJbPYbZKQNhz/AgMBAAGjUDBOMB0G
                            A1UdDgQWBBS9QqP8gtMM6nm4oYzNbgqhEDP1aDAfBgNVHSMEGDAWgBS9QqP8gtMM
                            6nm4oYzNbgqhEDP1aDAMBgNVHRMEBTADAQH/MA0GCSqGSIb3DQEBBQUAA4IBAQBH
                            2qyYwLwesIOxUTj+NJ0VXRBDH8VecNLiUUs9Np4x8A0pxLvlNnv5TdJAruEg1LSV
                            mAqqPUdAB2m7CKDeUVM9cwOB7vqelV2GNgOfevXi+DZRMffyyE8qyIcnTqvDOgcR
                            8qGTPSVT+SIsOkV9bYrjltrbnal7cJermsA8SC5w/pjLaOHI1xIZHquZzymWoN3Z
                            fz2CQg2r5o+AURYd74GrHhHqVa9VrdWtcimB+vTQQihoLt8YciehpJjOMpx2D66e
                            FfpC8ix31RRdjAVIo1y33h1yU3gEHePDbOthZE+lpXi2WJqO85H85LqJOtgn2WPI
                            3P2Tx32Cq1WXCYkxLaPI
</ds:X509Certificate>
                    </ds:X509Data>
                </ds:KeyInfo>
            </md:KeyDescriptor>
            <md:NameIDFormat>urn:oasis:names:tc:SAML:2.0:nameid-format:transient</md:NameIDFormat>
            <md:SingleSignOnService Binding="urn:oasis:names:tc:SAML:2.0:bindings:HTTP-Redirect" Location="https://engine.surfconext.nl/authentication/idp/single-sign-on/03466f0351c4c98ad0e435706253d05f"/>
        </md:IDPSSODescriptor>
    </md:EntityDescriptor>
    <md:EntityDescriptor validUntil="2013-01-30T11:03:12Z" entityID="http://adfs.tsedu.nl/adfs/services/trust">
        <md:IDPSSODescriptor protocolSupportEnumeration="urn:oasis:names:tc:SAML:2.0:protocol">
            <md:Extensions>
                <mdui:UIInfo>
                    <mdui:Description xml:lang="nl">Hogeschool Edith Stein</mdui:Description>
                    <mdui:Description xml:lang="en">Hogeschool Edith Stein</mdui:Description>
                    <mdui:Logo height="79" width="126">https://wayf.surfnet.nl/federate/surfnet/img/logo/edithstein.jpg</mdui:Logo>
                    <mdui:Keywords xml:lang="nl">Hogeschool Edith Stein HBO</mdui:Keywords>
                    <mdui:Keywords xml:lang="en">Hogeschool Edith Stein HBO</mdui:Keywords>
                </mdui:UIInfo>
            </md:Extensions>
            <md:KeyDescriptor xmlns:ds="http://www.w3.org/2000/09/xmldsig#" use="signing">
                <ds:KeyInfo>
                    <ds:X509Data>
                        <ds:X509Certificate>MIIDyzCCArOgAwIBAgIJAMzixtXMUH1NMA0GCSqGSIb3DQEBBQUAMHwxCzAJBgNV
                            BAYTAk5MMRAwDgYDVQQIDAdVdHJlY2h0MRAwDgYDVQQHDAdVdHJlY2h0MRUwEwYD
                            VQQKDAxTVVJGbmV0IEIuVi4xEzARBgNVBAsMClNVUkZjb25leHQxHTAbBgNVBAMM
                            FGVuZ2luZS5zdXJmY29uZXh0Lm5sMB4XDTExMDEyNDEwMTg1N1oXDTIxMDEyMzEw
                            MTg1N1owfDELMAkGA1UEBhMCTkwxEDAOBgNVBAgMB1V0cmVjaHQxEDAOBgNVBAcM
                            B1V0cmVjaHQxFTATBgNVBAoMDFNVUkZuZXQgQi5WLjETMBEGA1UECwwKU1VSRmNv
                            bmV4dDEdMBsGA1UEAwwUZW5naW5lLnN1cmZjb25leHQubmwwggEiMA0GCSqGSIb3
                            DQEBAQUAA4IBDwAwggEKAoIBAQDMJ6v+f3owS3KR5IXSil+3XFwGvCVeYx3jDOFK
                            AnwvXlDpTu+t730b8/spHtlopyJVAlb6qBIPN7R4TGTLqiu0zebYsYx/PtqCk5cb
                            u9qs3h+p2BBoTXVwXA/ZYi0tqtxp04hcNrRj1TAgLyC0S+KASTF+zzccAcjTBid5
                            EMioo+YllgSEobWJ4X33XVRqNrikAPDsNmDrdKUi257JSO2xhVIG5lbtmDaL5ORC
                            D56oRmVdp7VQTEQ3Yass8J5Rn+Ub6WmRBYeG+KzFBvtyBput2o0/gvtJn9L+NWeD
                            B0LyUPaUYG/X4GF14FcmFQfz7I5jBCNHtPcLJbPYbZKQNhz/AgMBAAGjUDBOMB0G
                            A1UdDgQWBBS9QqP8gtMM6nm4oYzNbgqhEDP1aDAfBgNVHSMEGDAWgBS9QqP8gtMM
                            6nm4oYzNbgqhEDP1aDAMBgNVHRMEBTADAQH/MA0GCSqGSIb3DQEBBQUAA4IBAQBH
                            2qyYwLwesIOxUTj+NJ0VXRBDH8VecNLiUUs9Np4x8A0pxLvlNnv5TdJAruEg1LSV
                            mAqqPUdAB2m7CKDeUVM9cwOB7vqelV2GNgOfevXi+DZRMffyyE8qyIcnTqvDOgcR
                            8qGTPSVT+SIsOkV9bYrjltrbnal7cJermsA8SC5w/pjLaOHI1xIZHquZzymWoN3Z
                            fz2CQg2r5o+AURYd74GrHhHqVa9VrdWtcimB+vTQQihoLt8YciehpJjOMpx2D66e
                            FfpC8ix31RRdjAVIo1y33h1yU3gEHePDbOthZE+lpXi2WJqO85H85LqJOtgn2WPI
                            3P2Tx32Cq1WXCYkxLaPI
</ds:X509Certificate>
                    </ds:X509Data>
                </ds:KeyInfo>
            </md:KeyDescriptor>
            <md:KeyDescriptor xmlns:ds="http://www.w3.org/2000/09/xmldsig#" use="encryption">
                <ds:KeyInfo>
                    <ds:X509Data>
                        <ds:X509Certificate>MIIDyzCCArOgAwIBAgIJAMzixtXMUH1NMA0GCSqGSIb3DQEBBQUAMHwxCzAJBgNV
                            BAYTAk5MMRAwDgYDVQQIDAdVdHJlY2h0MRAwDgYDVQQHDAdVdHJlY2h0MRUwEwYD
                            VQQKDAxTVVJGbmV0IEIuVi4xEzARBgNVBAsMClNVUkZjb25leHQxHTAbBgNVBAMM
                            FGVuZ2luZS5zdXJmY29uZXh0Lm5sMB4XDTExMDEyNDEwMTg1N1oXDTIxMDEyMzEw
                            MTg1N1owfDELMAkGA1UEBhMCTkwxEDAOBgNVBAgMB1V0cmVjaHQxEDAOBgNVBAcM
                            B1V0cmVjaHQxFTATBgNVBAoMDFNVUkZuZXQgQi5WLjETMBEGA1UECwwKU1VSRmNv
                            bmV4dDEdMBsGA1UEAwwUZW5naW5lLnN1cmZjb25leHQubmwwggEiMA0GCSqGSIb3
                            DQEBAQUAA4IBDwAwggEKAoIBAQDMJ6v+f3owS3KR5IXSil+3XFwGvCVeYx3jDOFK
                            AnwvXlDpTu+t730b8/spHtlopyJVAlb6qBIPN7R4TGTLqiu0zebYsYx/PtqCk5cb
                            u9qs3h+p2BBoTXVwXA/ZYi0tqtxp04hcNrRj1TAgLyC0S+KASTF+zzccAcjTBid5
                            EMioo+YllgSEobWJ4X33XVRqNrikAPDsNmDrdKUi257JSO2xhVIG5lbtmDaL5ORC
                            D56oRmVdp7VQTEQ3Yass8J5Rn+Ub6WmRBYeG+KzFBvtyBput2o0/gvtJn9L+NWeD
                            B0LyUPaUYG/X4GF14FcmFQfz7I5jBCNHtPcLJbPYbZKQNhz/AgMBAAGjUDBOMB0G
                            A1UdDgQWBBS9QqP8gtMM6nm4oYzNbgqhEDP1aDAfBgNVHSMEGDAWgBS9QqP8gtMM
                            6nm4oYzNbgqhEDP1aDAMBgNVHRMEBTADAQH/MA0GCSqGSIb3DQEBBQUAA4IBAQBH
                            2qyYwLwesIOxUTj+NJ0VXRBDH8VecNLiUUs9Np4x8A0pxLvlNnv5TdJAruEg1LSV
                            mAqqPUdAB2m7CKDeUVM9cwOB7vqelV2GNgOfevXi+DZRMffyyE8qyIcnTqvDOgcR
                            8qGTPSVT+SIsOkV9bYrjltrbnal7cJermsA8SC5w/pjLaOHI1xIZHquZzymWoN3Z
                            fz2CQg2r5o+AURYd74GrHhHqVa9VrdWtcimB+vTQQihoLt8YciehpJjOMpx2D66e
                            FfpC8ix31RRdjAVIo1y33h1yU3gEHePDbOthZE+lpXi2WJqO85H85LqJOtgn2WPI
                            3P2Tx32Cq1WXCYkxLaPI
</ds:X509Certificate>
                    </ds:X509Data>
                </ds:KeyInfo>
            </md:KeyDescriptor>
            <md:NameIDFormat>urn:oasis:names:tc:SAML:2.0:nameid-format:transient</md:NameIDFormat>
            <md:SingleSignOnService Binding="urn:oasis:names:tc:SAML:2.0:bindings:HTTP-Redirect" Location="https://engine.surfconext.nl/authentication/idp/single-sign-on/2da60ef3ef79af2ffafae091ca14ee1c"/>
        </md:IDPSSODescriptor>
    </md:EntityDescriptor>
    <md:EntityDescriptor validUntil="2013-01-30T11:03:12Z" entityID="https://utwente.nl/">
        <md:IDPSSODescriptor protocolSupportEnumeration="urn:oasis:names:tc:SAML:2.0:protocol">
            <md:Extensions>
                <mdui:UIInfo>
                    <mdui:Description xml:lang="en">Universiteit Twente Alias</mdui:Description>
                    <mdui:Logo height="60" width="120">https://wayf.surfnet.nl/federate/surfnet/img/logo/utwente.png</mdui:Logo>
                </mdui:UIInfo>
            </md:Extensions>
            <md:KeyDescriptor xmlns:ds="http://www.w3.org/2000/09/xmldsig#" use="signing">
                <ds:KeyInfo>
                    <ds:X509Data>
                        <ds:X509Certificate>MIIDyzCCArOgAwIBAgIJAMzixtXMUH1NMA0GCSqGSIb3DQEBBQUAMHwxCzAJBgNV
                            BAYTAk5MMRAwDgYDVQQIDAdVdHJlY2h0MRAwDgYDVQQHDAdVdHJlY2h0MRUwEwYD
                            VQQKDAxTVVJGbmV0IEIuVi4xEzARBgNVBAsMClNVUkZjb25leHQxHTAbBgNVBAMM
                            FGVuZ2luZS5zdXJmY29uZXh0Lm5sMB4XDTExMDEyNDEwMTg1N1oXDTIxMDEyMzEw
                            MTg1N1owfDELMAkGA1UEBhMCTkwxEDAOBgNVBAgMB1V0cmVjaHQxEDAOBgNVBAcM
                            B1V0cmVjaHQxFTATBgNVBAoMDFNVUkZuZXQgQi5WLjETMBEGA1UECwwKU1VSRmNv
                            bmV4dDEdMBsGA1UEAwwUZW5naW5lLnN1cmZjb25leHQubmwwggEiMA0GCSqGSIb3
                            DQEBAQUAA4IBDwAwggEKAoIBAQDMJ6v+f3owS3KR5IXSil+3XFwGvCVeYx3jDOFK
                            AnwvXlDpTu+t730b8/spHtlopyJVAlb6qBIPN7R4TGTLqiu0zebYsYx/PtqCk5cb
                            u9qs3h+p2BBoTXVwXA/ZYi0tqtxp04hcNrRj1TAgLyC0S+KASTF+zzccAcjTBid5
                            EMioo+YllgSEobWJ4X33XVRqNrikAPDsNmDrdKUi257JSO2xhVIG5lbtmDaL5ORC
                            D56oRmVdp7VQTEQ3Yass8J5Rn+Ub6WmRBYeG+KzFBvtyBput2o0/gvtJn9L+NWeD
                            B0LyUPaUYG/X4GF14FcmFQfz7I5jBCNHtPcLJbPYbZKQNhz/AgMBAAGjUDBOMB0G
                            A1UdDgQWBBS9QqP8gtMM6nm4oYzNbgqhEDP1aDAfBgNVHSMEGDAWgBS9QqP8gtMM
                            6nm4oYzNbgqhEDP1aDAMBgNVHRMEBTADAQH/MA0GCSqGSIb3DQEBBQUAA4IBAQBH
                            2qyYwLwesIOxUTj+NJ0VXRBDH8VecNLiUUs9Np4x8A0pxLvlNnv5TdJAruEg1LSV
                            mAqqPUdAB2m7CKDeUVM9cwOB7vqelV2GNgOfevXi+DZRMffyyE8qyIcnTqvDOgcR
                            8qGTPSVT+SIsOkV9bYrjltrbnal7cJermsA8SC5w/pjLaOHI1xIZHquZzymWoN3Z
                            fz2CQg2r5o+AURYd74GrHhHqVa9VrdWtcimB+vTQQihoLt8YciehpJjOMpx2D66e
                            FfpC8ix31RRdjAVIo1y33h1yU3gEHePDbOthZE+lpXi2WJqO85H85LqJOtgn2WPI
                            3P2Tx32Cq1WXCYkxLaPI
</ds:X509Certificate>
                    </ds:X509Data>
                </ds:KeyInfo>
            </md:KeyDescriptor>
            <md:KeyDescriptor xmlns:ds="http://www.w3.org/2000/09/xmldsig#" use="encryption">
                <ds:KeyInfo>
                    <ds:X509Data>
                        <ds:X509Certificate>MIIDyzCCArOgAwIBAgIJAMzixtXMUH1NMA0GCSqGSIb3DQEBBQUAMHwxCzAJBgNV
                            BAYTAk5MMRAwDgYDVQQIDAdVdHJlY2h0MRAwDgYDVQQHDAdVdHJlY2h0MRUwEwYD
                            VQQKDAxTVVJGbmV0IEIuVi4xEzARBgNVBAsMClNVUkZjb25leHQxHTAbBgNVBAMM
                            FGVuZ2luZS5zdXJmY29uZXh0Lm5sMB4XDTExMDEyNDEwMTg1N1oXDTIxMDEyMzEw
                            MTg1N1owfDELMAkGA1UEBhMCTkwxEDAOBgNVBAgMB1V0cmVjaHQxEDAOBgNVBAcM
                            B1V0cmVjaHQxFTATBgNVBAoMDFNVUkZuZXQgQi5WLjETMBEGA1UECwwKU1VSRmNv
                            bmV4dDEdMBsGA1UEAwwUZW5naW5lLnN1cmZjb25leHQubmwwggEiMA0GCSqGSIb3
                            DQEBAQUAA4IBDwAwggEKAoIBAQDMJ6v+f3owS3KR5IXSil+3XFwGvCVeYx3jDOFK
                            AnwvXlDpTu+t730b8/spHtlopyJVAlb6qBIPN7R4TGTLqiu0zebYsYx/PtqCk5cb
                            u9qs3h+p2BBoTXVwXA/ZYi0tqtxp04hcNrRj1TAgLyC0S+KASTF+zzccAcjTBid5
                            EMioo+YllgSEobWJ4X33XVRqNrikAPDsNmDrdKUi257JSO2xhVIG5lbtmDaL5ORC
                            D56oRmVdp7VQTEQ3Yass8J5Rn+Ub6WmRBYeG+KzFBvtyBput2o0/gvtJn9L+NWeD
                            B0LyUPaUYG/X4GF14FcmFQfz7I5jBCNHtPcLJbPYbZKQNhz/AgMBAAGjUDBOMB0G
                            A1UdDgQWBBS9QqP8gtMM6nm4oYzNbgqhEDP1aDAfBgNVHSMEGDAWgBS9QqP8gtMM
                            6nm4oYzNbgqhEDP1aDAMBgNVHRMEBTADAQH/MA0GCSqGSIb3DQEBBQUAA4IBAQBH
                            2qyYwLwesIOxUTj+NJ0VXRBDH8VecNLiUUs9Np4x8A0pxLvlNnv5TdJAruEg1LSV
                            mAqqPUdAB2m7CKDeUVM9cwOB7vqelV2GNgOfevXi+DZRMffyyE8qyIcnTqvDOgcR
                            8qGTPSVT+SIsOkV9bYrjltrbnal7cJermsA8SC5w/pjLaOHI1xIZHquZzymWoN3Z
                            fz2CQg2r5o+AURYd74GrHhHqVa9VrdWtcimB+vTQQihoLt8YciehpJjOMpx2D66e
                            FfpC8ix31RRdjAVIo1y33h1yU3gEHePDbOthZE+lpXi2WJqO85H85LqJOtgn2WPI
                            3P2Tx32Cq1WXCYkxLaPI
</ds:X509Certificate>
                    </ds:X509Data>
                </ds:KeyInfo>
            </md:KeyDescriptor>
            <md:NameIDFormat>urn:oasis:names:tc:SAML:2.0:nameid-format:transient</md:NameIDFormat>
            <md:SingleSignOnService Binding="urn:oasis:names:tc:SAML:2.0:bindings:HTTP-Redirect" Location="https://engine.surfconext.nl/authentication/idp/single-sign-on/771fcfef97ddd691af69d7a52b7d2457"/>
        </md:IDPSSODescriptor>
    </md:EntityDescriptor>
    <md:EntityDescriptor validUntil="2013-01-30T11:03:12Z" entityID="urn:federation:sara:ka">
        <md:IDPSSODescriptor protocolSupportEnumeration="urn:oasis:names:tc:SAML:2.0:protocol">
            <md:Extensions>
                <mdui:UIInfo>
                    <mdui:DisplayName xml:lang="nl">SURFsara</mdui:DisplayName>
                    <mdui:DisplayName xml:lang="en">SURFsara</mdui:DisplayName>
                    <mdui:Description xml:lang="nl">SURFsara</mdui:Description>
                    <mdui:Description xml:lang="en">SURFsara</mdui:Description>
                    <mdui:Keywords xml:lang="nl">SARA SURFsara SURF</mdui:Keywords>
                    <mdui:Keywords xml:lang="en">SARA SURFsara SURF</mdui:Keywords>
                </mdui:UIInfo>
            </md:Extensions>
            <md:KeyDescriptor xmlns:ds="http://www.w3.org/2000/09/xmldsig#" use="signing">
                <ds:KeyInfo>
                    <ds:X509Data>
                        <ds:X509Certificate>MIIDyzCCArOgAwIBAgIJAMzixtXMUH1NMA0GCSqGSIb3DQEBBQUAMHwxCzAJBgNV
                            BAYTAk5MMRAwDgYDVQQIDAdVdHJlY2h0MRAwDgYDVQQHDAdVdHJlY2h0MRUwEwYD
                            VQQKDAxTVVJGbmV0IEIuVi4xEzARBgNVBAsMClNVUkZjb25leHQxHTAbBgNVBAMM
                            FGVuZ2luZS5zdXJmY29uZXh0Lm5sMB4XDTExMDEyNDEwMTg1N1oXDTIxMDEyMzEw
                            MTg1N1owfDELMAkGA1UEBhMCTkwxEDAOBgNVBAgMB1V0cmVjaHQxEDAOBgNVBAcM
                            B1V0cmVjaHQxFTATBgNVBAoMDFNVUkZuZXQgQi5WLjETMBEGA1UECwwKU1VSRmNv
                            bmV4dDEdMBsGA1UEAwwUZW5naW5lLnN1cmZjb25leHQubmwwggEiMA0GCSqGSIb3
                            DQEBAQUAA4IBDwAwggEKAoIBAQDMJ6v+f3owS3KR5IXSil+3XFwGvCVeYx3jDOFK
                            AnwvXlDpTu+t730b8/spHtlopyJVAlb6qBIPN7R4TGTLqiu0zebYsYx/PtqCk5cb
                            u9qs3h+p2BBoTXVwXA/ZYi0tqtxp04hcNrRj1TAgLyC0S+KASTF+zzccAcjTBid5
                            EMioo+YllgSEobWJ4X33XVRqNrikAPDsNmDrdKUi257JSO2xhVIG5lbtmDaL5ORC
                            D56oRmVdp7VQTEQ3Yass8J5Rn+Ub6WmRBYeG+KzFBvtyBput2o0/gvtJn9L+NWeD
                            B0LyUPaUYG/X4GF14FcmFQfz7I5jBCNHtPcLJbPYbZKQNhz/AgMBAAGjUDBOMB0G
                            A1UdDgQWBBS9QqP8gtMM6nm4oYzNbgqhEDP1aDAfBgNVHSMEGDAWgBS9QqP8gtMM
                            6nm4oYzNbgqhEDP1aDAMBgNVHRMEBTADAQH/MA0GCSqGSIb3DQEBBQUAA4IBAQBH
                            2qyYwLwesIOxUTj+NJ0VXRBDH8VecNLiUUs9Np4x8A0pxLvlNnv5TdJAruEg1LSV
                            mAqqPUdAB2m7CKDeUVM9cwOB7vqelV2GNgOfevXi+DZRMffyyE8qyIcnTqvDOgcR
                            8qGTPSVT+SIsOkV9bYrjltrbnal7cJermsA8SC5w/pjLaOHI1xIZHquZzymWoN3Z
                            fz2CQg2r5o+AURYd74GrHhHqVa9VrdWtcimB+vTQQihoLt8YciehpJjOMpx2D66e
                            FfpC8ix31RRdjAVIo1y33h1yU3gEHePDbOthZE+lpXi2WJqO85H85LqJOtgn2WPI
                            3P2Tx32Cq1WXCYkxLaPI
</ds:X509Certificate>
                    </ds:X509Data>
                </ds:KeyInfo>
            </md:KeyDescriptor>
            <md:KeyDescriptor xmlns:ds="http://www.w3.org/2000/09/xmldsig#" use="encryption">
                <ds:KeyInfo>
                    <ds:X509Data>
                        <ds:X509Certificate>MIIDyzCCArOgAwIBAgIJAMzixtXMUH1NMA0GCSqGSIb3DQEBBQUAMHwxCzAJBgNV
                            BAYTAk5MMRAwDgYDVQQIDAdVdHJlY2h0MRAwDgYDVQQHDAdVdHJlY2h0MRUwEwYD
                            VQQKDAxTVVJGbmV0IEIuVi4xEzARBgNVBAsMClNVUkZjb25leHQxHTAbBgNVBAMM
                            FGVuZ2luZS5zdXJmY29uZXh0Lm5sMB4XDTExMDEyNDEwMTg1N1oXDTIxMDEyMzEw
                            MTg1N1owfDELMAkGA1UEBhMCTkwxEDAOBgNVBAgMB1V0cmVjaHQxEDAOBgNVBAcM
                            B1V0cmVjaHQxFTATBgNVBAoMDFNVUkZuZXQgQi5WLjETMBEGA1UECwwKU1VSRmNv
                            bmV4dDEdMBsGA1UEAwwUZW5naW5lLnN1cmZjb25leHQubmwwggEiMA0GCSqGSIb3
                            DQEBAQUAA4IBDwAwggEKAoIBAQDMJ6v+f3owS3KR5IXSil+3XFwGvCVeYx3jDOFK
                            AnwvXlDpTu+t730b8/spHtlopyJVAlb6qBIPN7R4TGTLqiu0zebYsYx/PtqCk5cb
                            u9qs3h+p2BBoTXVwXA/ZYi0tqtxp04hcNrRj1TAgLyC0S+KASTF+zzccAcjTBid5
                            EMioo+YllgSEobWJ4X33XVRqNrikAPDsNmDrdKUi257JSO2xhVIG5lbtmDaL5ORC
                            D56oRmVdp7VQTEQ3Yass8J5Rn+Ub6WmRBYeG+KzFBvtyBput2o0/gvtJn9L+NWeD
                            B0LyUPaUYG/X4GF14FcmFQfz7I5jBCNHtPcLJbPYbZKQNhz/AgMBAAGjUDBOMB0G
                            A1UdDgQWBBS9QqP8gtMM6nm4oYzNbgqhEDP1aDAfBgNVHSMEGDAWgBS9QqP8gtMM
                            6nm4oYzNbgqhEDP1aDAMBgNVHRMEBTADAQH/MA0GCSqGSIb3DQEBBQUAA4IBAQBH
                            2qyYwLwesIOxUTj+NJ0VXRBDH8VecNLiUUs9Np4x8A0pxLvlNnv5TdJAruEg1LSV
                            mAqqPUdAB2m7CKDeUVM9cwOB7vqelV2GNgOfevXi+DZRMffyyE8qyIcnTqvDOgcR
                            8qGTPSVT+SIsOkV9bYrjltrbnal7cJermsA8SC5w/pjLaOHI1xIZHquZzymWoN3Z
                            fz2CQg2r5o+AURYd74GrHhHqVa9VrdWtcimB+vTQQihoLt8YciehpJjOMpx2D66e
                            FfpC8ix31RRdjAVIo1y33h1yU3gEHePDbOthZE+lpXi2WJqO85H85LqJOtgn2WPI
                            3P2Tx32Cq1WXCYkxLaPI
</ds:X509Certificate>
                    </ds:X509Data>
                </ds:KeyInfo>
            </md:KeyDescriptor>
            <md:NameIDFormat>urn:oasis:names:tc:SAML:2.0:nameid-format:transient</md:NameIDFormat>
            <md:SingleSignOnService Binding="urn:oasis:names:tc:SAML:2.0:bindings:HTTP-Redirect" Location="https://engine.surfconext.nl/authentication/idp/single-sign-on/6ee5501242f7e60f780a1126157b2190"/>
        </md:IDPSSODescriptor>
    </md:EntityDescriptor>
    <md:EntityDescriptor validUntil="2013-01-30T11:03:12Z" entityID="https://surfguest.nl">
        <md:IDPSSODescriptor protocolSupportEnumeration="urn:oasis:names:tc:SAML:2.0:protocol">
            <md:Extensions>
                <mdui:UIInfo>
                    <mdui:DisplayName xml:lang="nl">SURFguest</mdui:DisplayName>
                    <mdui:DisplayName xml:lang="en">SURFguest</mdui:DisplayName>
                    <mdui:Description xml:lang="nl">SURFguest</mdui:Description>
                    <mdui:Description xml:lang="en">SURFguest</mdui:Description>
                    <mdui:Logo height="51" width="107">https://wayf.surfnet.nl/federate/surfnet/img/logo/surfguest.png</mdui:Logo>
                    <mdui:Keywords xml:lang="nl">SURFguest Guest </mdui:Keywords>
                    <mdui:Keywords xml:lang="en">SURFguest Guest </mdui:Keywords>
                </mdui:UIInfo>
            </md:Extensions>
            <md:KeyDescriptor xmlns:ds="http://www.w3.org/2000/09/xmldsig#" use="signing">
                <ds:KeyInfo>
                    <ds:X509Data>
                        <ds:X509Certificate>MIIDyzCCArOgAwIBAgIJAMzixtXMUH1NMA0GCSqGSIb3DQEBBQUAMHwxCzAJBgNV
                            BAYTAk5MMRAwDgYDVQQIDAdVdHJlY2h0MRAwDgYDVQQHDAdVdHJlY2h0MRUwEwYD
                            VQQKDAxTVVJGbmV0IEIuVi4xEzARBgNVBAsMClNVUkZjb25leHQxHTAbBgNVBAMM
                            FGVuZ2luZS5zdXJmY29uZXh0Lm5sMB4XDTExMDEyNDEwMTg1N1oXDTIxMDEyMzEw
                            MTg1N1owfDELMAkGA1UEBhMCTkwxEDAOBgNVBAgMB1V0cmVjaHQxEDAOBgNVBAcM
                            B1V0cmVjaHQxFTATBgNVBAoMDFNVUkZuZXQgQi5WLjETMBEGA1UECwwKU1VSRmNv
                            bmV4dDEdMBsGA1UEAwwUZW5naW5lLnN1cmZjb25leHQubmwwggEiMA0GCSqGSIb3
                            DQEBAQUAA4IBDwAwggEKAoIBAQDMJ6v+f3owS3KR5IXSil+3XFwGvCVeYx3jDOFK
                            AnwvXlDpTu+t730b8/spHtlopyJVAlb6qBIPN7R4TGTLqiu0zebYsYx/PtqCk5cb
                            u9qs3h+p2BBoTXVwXA/ZYi0tqtxp04hcNrRj1TAgLyC0S+KASTF+zzccAcjTBid5
                            EMioo+YllgSEobWJ4X33XVRqNrikAPDsNmDrdKUi257JSO2xhVIG5lbtmDaL5ORC
                            D56oRmVdp7VQTEQ3Yass8J5Rn+Ub6WmRBYeG+KzFBvtyBput2o0/gvtJn9L+NWeD
                            B0LyUPaUYG/X4GF14FcmFQfz7I5jBCNHtPcLJbPYbZKQNhz/AgMBAAGjUDBOMB0G
                            A1UdDgQWBBS9QqP8gtMM6nm4oYzNbgqhEDP1aDAfBgNVHSMEGDAWgBS9QqP8gtMM
                            6nm4oYzNbgqhEDP1aDAMBgNVHRMEBTADAQH/MA0GCSqGSIb3DQEBBQUAA4IBAQBH
                            2qyYwLwesIOxUTj+NJ0VXRBDH8VecNLiUUs9Np4x8A0pxLvlNnv5TdJAruEg1LSV
                            mAqqPUdAB2m7CKDeUVM9cwOB7vqelV2GNgOfevXi+DZRMffyyE8qyIcnTqvDOgcR
                            8qGTPSVT+SIsOkV9bYrjltrbnal7cJermsA8SC5w/pjLaOHI1xIZHquZzymWoN3Z
                            fz2CQg2r5o+AURYd74GrHhHqVa9VrdWtcimB+vTQQihoLt8YciehpJjOMpx2D66e
                            FfpC8ix31RRdjAVIo1y33h1yU3gEHePDbOthZE+lpXi2WJqO85H85LqJOtgn2WPI
                            3P2Tx32Cq1WXCYkxLaPI
</ds:X509Certificate>
                    </ds:X509Data>
                </ds:KeyInfo>
            </md:KeyDescriptor>
            <md:KeyDescriptor xmlns:ds="http://www.w3.org/2000/09/xmldsig#" use="encryption">
                <ds:KeyInfo>
                    <ds:X509Data>
                        <ds:X509Certificate>MIIDyzCCArOgAwIBAgIJAMzixtXMUH1NMA0GCSqGSIb3DQEBBQUAMHwxCzAJBgNV
                            BAYTAk5MMRAwDgYDVQQIDAdVdHJlY2h0MRAwDgYDVQQHDAdVdHJlY2h0MRUwEwYD
                            VQQKDAxTVVJGbmV0IEIuVi4xEzARBgNVBAsMClNVUkZjb25leHQxHTAbBgNVBAMM
                            FGVuZ2luZS5zdXJmY29uZXh0Lm5sMB4XDTExMDEyNDEwMTg1N1oXDTIxMDEyMzEw
                            MTg1N1owfDELMAkGA1UEBhMCTkwxEDAOBgNVBAgMB1V0cmVjaHQxEDAOBgNVBAcM
                            B1V0cmVjaHQxFTATBgNVBAoMDFNVUkZuZXQgQi5WLjETMBEGA1UECwwKU1VSRmNv
                            bmV4dDEdMBsGA1UEAwwUZW5naW5lLnN1cmZjb25leHQubmwwggEiMA0GCSqGSIb3
                            DQEBAQUAA4IBDwAwggEKAoIBAQDMJ6v+f3owS3KR5IXSil+3XFwGvCVeYx3jDOFK
                            AnwvXlDpTu+t730b8/spHtlopyJVAlb6qBIPN7R4TGTLqiu0zebYsYx/PtqCk5cb
                            u9qs3h+p2BBoTXVwXA/ZYi0tqtxp04hcNrRj1TAgLyC0S+KASTF+zzccAcjTBid5
                            EMioo+YllgSEobWJ4X33XVRqNrikAPDsNmDrdKUi257JSO2xhVIG5lbtmDaL5ORC
                            D56oRmVdp7VQTEQ3Yass8J5Rn+Ub6WmRBYeG+KzFBvtyBput2o0/gvtJn9L+NWeD
                            B0LyUPaUYG/X4GF14FcmFQfz7I5jBCNHtPcLJbPYbZKQNhz/AgMBAAGjUDBOMB0G
                            A1UdDgQWBBS9QqP8gtMM6nm4oYzNbgqhEDP1aDAfBgNVHSMEGDAWgBS9QqP8gtMM
                            6nm4oYzNbgqhEDP1aDAMBgNVHRMEBTADAQH/MA0GCSqGSIb3DQEBBQUAA4IBAQBH
                            2qyYwLwesIOxUTj+NJ0VXRBDH8VecNLiUUs9Np4x8A0pxLvlNnv5TdJAruEg1LSV
                            mAqqPUdAB2m7CKDeUVM9cwOB7vqelV2GNgOfevXi+DZRMffyyE8qyIcnTqvDOgcR
                            8qGTPSVT+SIsOkV9bYrjltrbnal7cJermsA8SC5w/pjLaOHI1xIZHquZzymWoN3Z
                            fz2CQg2r5o+AURYd74GrHhHqVa9VrdWtcimB+vTQQihoLt8YciehpJjOMpx2D66e
                            FfpC8ix31RRdjAVIo1y33h1yU3gEHePDbOthZE+lpXi2WJqO85H85LqJOtgn2WPI
                            3P2Tx32Cq1WXCYkxLaPI
</ds:X509Certificate>
                    </ds:X509Data>
                </ds:KeyInfo>
            </md:KeyDescriptor>
            <md:NameIDFormat>urn:oasis:names:tc:SAML:2.0:nameid-format:transient</md:NameIDFormat>
            <md:SingleSignOnService Binding="urn:oasis:names:tc:SAML:2.0:bindings:HTTP-Redirect" Location="https://engine.surfconext.nl/authentication/idp/single-sign-on/30b61f54ce26e69e555d504342eb176c"/>
        </md:IDPSSODescriptor>
    </md:EntityDescriptor>
    <md:EntityDescriptor validUntil="2013-01-30T11:03:12Z" entityID="urn:federation:unimaas">
        <md:IDPSSODescriptor protocolSupportEnumeration="urn:oasis:names:tc:SAML:2.0:protocol">
            <md:Extensions>
                <mdui:UIInfo>
                    <mdui:DisplayName xml:lang="nl">Universiteit Maastricht</mdui:DisplayName>
                    <mdui:DisplayName xml:lang="en">Maastricht University</mdui:DisplayName>
                    <mdui:Description xml:lang="nl">Universiteit Maastricht</mdui:Description>
                    <mdui:Description xml:lang="en">Maastricht University</mdui:Description>
                    <mdui:Logo height="60" width="120">https://wayf.surfnet.nl/federate/surfnet/img/logo/unimaas.png</mdui:Logo>
                    <mdui:Keywords xml:lang="nl">Maastricht University  Universiteit UNIMAAS Universiteit MU UM</mdui:Keywords>
                    <mdui:Keywords xml:lang="en">Maastricht University Universiteit UNIMAAS Universiteit MU UM</mdui:Keywords>
                </mdui:UIInfo>
            </md:Extensions>
            <md:KeyDescriptor xmlns:ds="http://www.w3.org/2000/09/xmldsig#" use="signing">
                <ds:KeyInfo>
                    <ds:X509Data>
                        <ds:X509Certificate>MIIDyzCCArOgAwIBAgIJAMzixtXMUH1NMA0GCSqGSIb3DQEBBQUAMHwxCzAJBgNV
                            BAYTAk5MMRAwDgYDVQQIDAdVdHJlY2h0MRAwDgYDVQQHDAdVdHJlY2h0MRUwEwYD
                            VQQKDAxTVVJGbmV0IEIuVi4xEzARBgNVBAsMClNVUkZjb25leHQxHTAbBgNVBAMM
                            FGVuZ2luZS5zdXJmY29uZXh0Lm5sMB4XDTExMDEyNDEwMTg1N1oXDTIxMDEyMzEw
                            MTg1N1owfDELMAkGA1UEBhMCTkwxEDAOBgNVBAgMB1V0cmVjaHQxEDAOBgNVBAcM
                            B1V0cmVjaHQxFTATBgNVBAoMDFNVUkZuZXQgQi5WLjETMBEGA1UECwwKU1VSRmNv
                            bmV4dDEdMBsGA1UEAwwUZW5naW5lLnN1cmZjb25leHQubmwwggEiMA0GCSqGSIb3
                            DQEBAQUAA4IBDwAwggEKAoIBAQDMJ6v+f3owS3KR5IXSil+3XFwGvCVeYx3jDOFK
                            AnwvXlDpTu+t730b8/spHtlopyJVAlb6qBIPN7R4TGTLqiu0zebYsYx/PtqCk5cb
                            u9qs3h+p2BBoTXVwXA/ZYi0tqtxp04hcNrRj1TAgLyC0S+KASTF+zzccAcjTBid5
                            EMioo+YllgSEobWJ4X33XVRqNrikAPDsNmDrdKUi257JSO2xhVIG5lbtmDaL5ORC
                            D56oRmVdp7VQTEQ3Yass8J5Rn+Ub6WmRBYeG+KzFBvtyBput2o0/gvtJn9L+NWeD
                            B0LyUPaUYG/X4GF14FcmFQfz7I5jBCNHtPcLJbPYbZKQNhz/AgMBAAGjUDBOMB0G
                            A1UdDgQWBBS9QqP8gtMM6nm4oYzNbgqhEDP1aDAfBgNVHSMEGDAWgBS9QqP8gtMM
                            6nm4oYzNbgqhEDP1aDAMBgNVHRMEBTADAQH/MA0GCSqGSIb3DQEBBQUAA4IBAQBH
                            2qyYwLwesIOxUTj+NJ0VXRBDH8VecNLiUUs9Np4x8A0pxLvlNnv5TdJAruEg1LSV
                            mAqqPUdAB2m7CKDeUVM9cwOB7vqelV2GNgOfevXi+DZRMffyyE8qyIcnTqvDOgcR
                            8qGTPSVT+SIsOkV9bYrjltrbnal7cJermsA8SC5w/pjLaOHI1xIZHquZzymWoN3Z
                            fz2CQg2r5o+AURYd74GrHhHqVa9VrdWtcimB+vTQQihoLt8YciehpJjOMpx2D66e
                            FfpC8ix31RRdjAVIo1y33h1yU3gEHePDbOthZE+lpXi2WJqO85H85LqJOtgn2WPI
                            3P2Tx32Cq1WXCYkxLaPI
</ds:X509Certificate>
                    </ds:X509Data>
                </ds:KeyInfo>
            </md:KeyDescriptor>
            <md:KeyDescriptor xmlns:ds="http://www.w3.org/2000/09/xmldsig#" use="encryption">
                <ds:KeyInfo>
                    <ds:X509Data>
                        <ds:X509Certificate>MIIDyzCCArOgAwIBAgIJAMzixtXMUH1NMA0GCSqGSIb3DQEBBQUAMHwxCzAJBgNV
                            BAYTAk5MMRAwDgYDVQQIDAdVdHJlY2h0MRAwDgYDVQQHDAdVdHJlY2h0MRUwEwYD
                            VQQKDAxTVVJGbmV0IEIuVi4xEzARBgNVBAsMClNVUkZjb25leHQxHTAbBgNVBAMM
                            FGVuZ2luZS5zdXJmY29uZXh0Lm5sMB4XDTExMDEyNDEwMTg1N1oXDTIxMDEyMzEw
                            MTg1N1owfDELMAkGA1UEBhMCTkwxEDAOBgNVBAgMB1V0cmVjaHQxEDAOBgNVBAcM
                            B1V0cmVjaHQxFTATBgNVBAoMDFNVUkZuZXQgQi5WLjETMBEGA1UECwwKU1VSRmNv
                            bmV4dDEdMBsGA1UEAwwUZW5naW5lLnN1cmZjb25leHQubmwwggEiMA0GCSqGSIb3
                            DQEBAQUAA4IBDwAwggEKAoIBAQDMJ6v+f3owS3KR5IXSil+3XFwGvCVeYx3jDOFK
                            AnwvXlDpTu+t730b8/spHtlopyJVAlb6qBIPN7R4TGTLqiu0zebYsYx/PtqCk5cb
                            u9qs3h+p2BBoTXVwXA/ZYi0tqtxp04hcNrRj1TAgLyC0S+KASTF+zzccAcjTBid5
                            EMioo+YllgSEobWJ4X33XVRqNrikAPDsNmDrdKUi257JSO2xhVIG5lbtmDaL5ORC
                            D56oRmVdp7VQTEQ3Yass8J5Rn+Ub6WmRBYeG+KzFBvtyBput2o0/gvtJn9L+NWeD
                            B0LyUPaUYG/X4GF14FcmFQfz7I5jBCNHtPcLJbPYbZKQNhz/AgMBAAGjUDBOMB0G
                            A1UdDgQWBBS9QqP8gtMM6nm4oYzNbgqhEDP1aDAfBgNVHSMEGDAWgBS9QqP8gtMM
                            6nm4oYzNbgqhEDP1aDAMBgNVHRMEBTADAQH/MA0GCSqGSIb3DQEBBQUAA4IBAQBH
                            2qyYwLwesIOxUTj+NJ0VXRBDH8VecNLiUUs9Np4x8A0pxLvlNnv5TdJAruEg1LSV
                            mAqqPUdAB2m7CKDeUVM9cwOB7vqelV2GNgOfevXi+DZRMffyyE8qyIcnTqvDOgcR
                            8qGTPSVT+SIsOkV9bYrjltrbnal7cJermsA8SC5w/pjLaOHI1xIZHquZzymWoN3Z
                            fz2CQg2r5o+AURYd74GrHhHqVa9VrdWtcimB+vTQQihoLt8YciehpJjOMpx2D66e
                            FfpC8ix31RRdjAVIo1y33h1yU3gEHePDbOthZE+lpXi2WJqO85H85LqJOtgn2WPI
                            3P2Tx32Cq1WXCYkxLaPI
</ds:X509Certificate>
                    </ds:X509Data>
                </ds:KeyInfo>
            </md:KeyDescriptor>
            <md:NameIDFormat>urn:oasis:names:tc:SAML:2.0:nameid-format:transient</md:NameIDFormat>
            <md:SingleSignOnService Binding="urn:oasis:names:tc:SAML:2.0:bindings:HTTP-Redirect" Location="https://engine.surfconext.nl/authentication/idp/single-sign-on/06b43b4d10a9aec5324d9f7376b8b727"/>
        </md:IDPSSODescriptor>
    </md:EntityDescriptor>
    <md:EntityDescriptor validUntil="2013-01-30T11:03:12Z" entityID="utwente.nl">
        <md:IDPSSODescriptor protocolSupportEnumeration="urn:oasis:names:tc:SAML:2.0:protocol">
            <md:Extensions>
                <mdui:UIInfo>
                    <mdui:DisplayName xml:lang="nl">Universiteit Twente</mdui:DisplayName>
                    <mdui:DisplayName xml:lang="en">University of Twente</mdui:DisplayName>
                    <mdui:Description xml:lang="nl">Universiteit Twente</mdui:Description>
                    <mdui:Description xml:lang="en">Universiteit Twente</mdui:Description>
                    <mdui:Logo height="9" width="108">https://wayf.surfnet.nl/federate/surfnet/img/logo/utwente.png</mdui:Logo>
                    <mdui:Keywords xml:lang="nl">University of Twente Universiteit Twente ut utwente</mdui:Keywords>
                    <mdui:Keywords xml:lang="en">University of Twente Universiteit Twente ut utwente</mdui:Keywords>
                </mdui:UIInfo>
            </md:Extensions>
            <md:KeyDescriptor xmlns:ds="http://www.w3.org/2000/09/xmldsig#" use="signing">
                <ds:KeyInfo>
                    <ds:X509Data>
                        <ds:X509Certificate>MIIDyzCCArOgAwIBAgIJAMzixtXMUH1NMA0GCSqGSIb3DQEBBQUAMHwxCzAJBgNV
                            BAYTAk5MMRAwDgYDVQQIDAdVdHJlY2h0MRAwDgYDVQQHDAdVdHJlY2h0MRUwEwYD
                            VQQKDAxTVVJGbmV0IEIuVi4xEzARBgNVBAsMClNVUkZjb25leHQxHTAbBgNVBAMM
                            FGVuZ2luZS5zdXJmY29uZXh0Lm5sMB4XDTExMDEyNDEwMTg1N1oXDTIxMDEyMzEw
                            MTg1N1owfDELMAkGA1UEBhMCTkwxEDAOBgNVBAgMB1V0cmVjaHQxEDAOBgNVBAcM
                            B1V0cmVjaHQxFTATBgNVBAoMDFNVUkZuZXQgQi5WLjETMBEGA1UECwwKU1VSRmNv
                            bmV4dDEdMBsGA1UEAwwUZW5naW5lLnN1cmZjb25leHQubmwwggEiMA0GCSqGSIb3
                            DQEBAQUAA4IBDwAwggEKAoIBAQDMJ6v+f3owS3KR5IXSil+3XFwGvCVeYx3jDOFK
                            AnwvXlDpTu+t730b8/spHtlopyJVAlb6qBIPN7R4TGTLqiu0zebYsYx/PtqCk5cb
                            u9qs3h+p2BBoTXVwXA/ZYi0tqtxp04hcNrRj1TAgLyC0S+KASTF+zzccAcjTBid5
                            EMioo+YllgSEobWJ4X33XVRqNrikAPDsNmDrdKUi257JSO2xhVIG5lbtmDaL5ORC
                            D56oRmVdp7VQTEQ3Yass8J5Rn+Ub6WmRBYeG+KzFBvtyBput2o0/gvtJn9L+NWeD
                            B0LyUPaUYG/X4GF14FcmFQfz7I5jBCNHtPcLJbPYbZKQNhz/AgMBAAGjUDBOMB0G
                            A1UdDgQWBBS9QqP8gtMM6nm4oYzNbgqhEDP1aDAfBgNVHSMEGDAWgBS9QqP8gtMM
                            6nm4oYzNbgqhEDP1aDAMBgNVHRMEBTADAQH/MA0GCSqGSIb3DQEBBQUAA4IBAQBH
                            2qyYwLwesIOxUTj+NJ0VXRBDH8VecNLiUUs9Np4x8A0pxLvlNnv5TdJAruEg1LSV
                            mAqqPUdAB2m7CKDeUVM9cwOB7vqelV2GNgOfevXi+DZRMffyyE8qyIcnTqvDOgcR
                            8qGTPSVT+SIsOkV9bYrjltrbnal7cJermsA8SC5w/pjLaOHI1xIZHquZzymWoN3Z
                            fz2CQg2r5o+AURYd74GrHhHqVa9VrdWtcimB+vTQQihoLt8YciehpJjOMpx2D66e
                            FfpC8ix31RRdjAVIo1y33h1yU3gEHePDbOthZE+lpXi2WJqO85H85LqJOtgn2WPI
                            3P2Tx32Cq1WXCYkxLaPI
</ds:X509Certificate>
                    </ds:X509Data>
                </ds:KeyInfo>
            </md:KeyDescriptor>
            <md:KeyDescriptor xmlns:ds="http://www.w3.org/2000/09/xmldsig#" use="encryption">
                <ds:KeyInfo>
                    <ds:X509Data>
                        <ds:X509Certificate>MIIDyzCCArOgAwIBAgIJAMzixtXMUH1NMA0GCSqGSIb3DQEBBQUAMHwxCzAJBgNV
                            BAYTAk5MMRAwDgYDVQQIDAdVdHJlY2h0MRAwDgYDVQQHDAdVdHJlY2h0MRUwEwYD
                            VQQKDAxTVVJGbmV0IEIuVi4xEzARBgNVBAsMClNVUkZjb25leHQxHTAbBgNVBAMM
                            FGVuZ2luZS5zdXJmY29uZXh0Lm5sMB4XDTExMDEyNDEwMTg1N1oXDTIxMDEyMzEw
                            MTg1N1owfDELMAkGA1UEBhMCTkwxEDAOBgNVBAgMB1V0cmVjaHQxEDAOBgNVBAcM
                            B1V0cmVjaHQxFTATBgNVBAoMDFNVUkZuZXQgQi5WLjETMBEGA1UECwwKU1VSRmNv
                            bmV4dDEdMBsGA1UEAwwUZW5naW5lLnN1cmZjb25leHQubmwwggEiMA0GCSqGSIb3
                            DQEBAQUAA4IBDwAwggEKAoIBAQDMJ6v+f3owS3KR5IXSil+3XFwGvCVeYx3jDOFK
                            AnwvXlDpTu+t730b8/spHtlopyJVAlb6qBIPN7R4TGTLqiu0zebYsYx/PtqCk5cb
                            u9qs3h+p2BBoTXVwXA/ZYi0tqtxp04hcNrRj1TAgLyC0S+KASTF+zzccAcjTBid5
                            EMioo+YllgSEobWJ4X33XVRqNrikAPDsNmDrdKUi257JSO2xhVIG5lbtmDaL5ORC
                            D56oRmVdp7VQTEQ3Yass8J5Rn+Ub6WmRBYeG+KzFBvtyBput2o0/gvtJn9L+NWeD
                            B0LyUPaUYG/X4GF14FcmFQfz7I5jBCNHtPcLJbPYbZKQNhz/AgMBAAGjUDBOMB0G
                            A1UdDgQWBBS9QqP8gtMM6nm4oYzNbgqhEDP1aDAfBgNVHSMEGDAWgBS9QqP8gtMM
                            6nm4oYzNbgqhEDP1aDAMBgNVHRMEBTADAQH/MA0GCSqGSIb3DQEBBQUAA4IBAQBH
                            2qyYwLwesIOxUTj+NJ0VXRBDH8VecNLiUUs9Np4x8A0pxLvlNnv5TdJAruEg1LSV
                            mAqqPUdAB2m7CKDeUVM9cwOB7vqelV2GNgOfevXi+DZRMffyyE8qyIcnTqvDOgcR
                            8qGTPSVT+SIsOkV9bYrjltrbnal7cJermsA8SC5w/pjLaOHI1xIZHquZzymWoN3Z
                            fz2CQg2r5o+AURYd74GrHhHqVa9VrdWtcimB+vTQQihoLt8YciehpJjOMpx2D66e
                            FfpC8ix31RRdjAVIo1y33h1yU3gEHePDbOthZE+lpXi2WJqO85H85LqJOtgn2WPI
                            3P2Tx32Cq1WXCYkxLaPI
</ds:X509Certificate>
                    </ds:X509Data>
                </ds:KeyInfo>
            </md:KeyDescriptor>
            <md:NameIDFormat>urn:oasis:names:tc:SAML:2.0:nameid-format:transient</md:NameIDFormat>
            <md:SingleSignOnService Binding="urn:oasis:names:tc:SAML:2.0:bindings:HTTP-Redirect" Location="https://engine.surfconext.nl/authentication/idp/single-sign-on/35c8fd979dfa859d627e349a93486715"/>
        </md:IDPSSODescriptor>
    </md:EntityDescriptor>
    <md:EntityDescriptor validUntil="2013-01-30T11:03:12Z" entityID="federatie.ru.nl">
        <md:IDPSSODescriptor protocolSupportEnumeration="urn:oasis:names:tc:SAML:2.0:protocol">
            <md:Extensions>
                <mdui:UIInfo>
                    <mdui:DisplayName xml:lang="nl">Radboud Universiteit</mdui:DisplayName>
                    <mdui:DisplayName xml:lang="en">Radboud University</mdui:DisplayName>
                    <mdui:Description xml:lang="nl">Radboud Universiteit in Nijmegen</mdui:Description>
                    <mdui:Description xml:lang="en">Radboud Universiteit</mdui:Description>
                    <mdui:Logo height="48" width="41">https://wayf.surfnet.nl/federate/surfnet/img/logo/ru.png</mdui:Logo>
                    <mdui:Keywords xml:lang="nl">Radboud University Universiteit RU KUN</mdui:Keywords>
                    <mdui:Keywords xml:lang="en">Radboud University Universiteit RU KUN</mdui:Keywords>
                </mdui:UIInfo>
            </md:Extensions>
            <md:KeyDescriptor xmlns:ds="http://www.w3.org/2000/09/xmldsig#" use="signing">
                <ds:KeyInfo>
                    <ds:X509Data>
                        <ds:X509Certificate>MIIDyzCCArOgAwIBAgIJAMzixtXMUH1NMA0GCSqGSIb3DQEBBQUAMHwxCzAJBgNV
                            BAYTAk5MMRAwDgYDVQQIDAdVdHJlY2h0MRAwDgYDVQQHDAdVdHJlY2h0MRUwEwYD
                            VQQKDAxTVVJGbmV0IEIuVi4xEzARBgNVBAsMClNVUkZjb25leHQxHTAbBgNVBAMM
                            FGVuZ2luZS5zdXJmY29uZXh0Lm5sMB4XDTExMDEyNDEwMTg1N1oXDTIxMDEyMzEw
                            MTg1N1owfDELMAkGA1UEBhMCTkwxEDAOBgNVBAgMB1V0cmVjaHQxEDAOBgNVBAcM
                            B1V0cmVjaHQxFTATBgNVBAoMDFNVUkZuZXQgQi5WLjETMBEGA1UECwwKU1VSRmNv
                            bmV4dDEdMBsGA1UEAwwUZW5naW5lLnN1cmZjb25leHQubmwwggEiMA0GCSqGSIb3
                            DQEBAQUAA4IBDwAwggEKAoIBAQDMJ6v+f3owS3KR5IXSil+3XFwGvCVeYx3jDOFK
                            AnwvXlDpTu+t730b8/spHtlopyJVAlb6qBIPN7R4TGTLqiu0zebYsYx/PtqCk5cb
                            u9qs3h+p2BBoTXVwXA/ZYi0tqtxp04hcNrRj1TAgLyC0S+KASTF+zzccAcjTBid5
                            EMioo+YllgSEobWJ4X33XVRqNrikAPDsNmDrdKUi257JSO2xhVIG5lbtmDaL5ORC
                            D56oRmVdp7VQTEQ3Yass8J5Rn+Ub6WmRBYeG+KzFBvtyBput2o0/gvtJn9L+NWeD
                            B0LyUPaUYG/X4GF14FcmFQfz7I5jBCNHtPcLJbPYbZKQNhz/AgMBAAGjUDBOMB0G
                            A1UdDgQWBBS9QqP8gtMM6nm4oYzNbgqhEDP1aDAfBgNVHSMEGDAWgBS9QqP8gtMM
                            6nm4oYzNbgqhEDP1aDAMBgNVHRMEBTADAQH/MA0GCSqGSIb3DQEBBQUAA4IBAQBH
                            2qyYwLwesIOxUTj+NJ0VXRBDH8VecNLiUUs9Np4x8A0pxLvlNnv5TdJAruEg1LSV
                            mAqqPUdAB2m7CKDeUVM9cwOB7vqelV2GNgOfevXi+DZRMffyyE8qyIcnTqvDOgcR
                            8qGTPSVT+SIsOkV9bYrjltrbnal7cJermsA8SC5w/pjLaOHI1xIZHquZzymWoN3Z
                            fz2CQg2r5o+AURYd74GrHhHqVa9VrdWtcimB+vTQQihoLt8YciehpJjOMpx2D66e
                            FfpC8ix31RRdjAVIo1y33h1yU3gEHePDbOthZE+lpXi2WJqO85H85LqJOtgn2WPI
                            3P2Tx32Cq1WXCYkxLaPI
</ds:X509Certificate>
                    </ds:X509Data>
                </ds:KeyInfo>
            </md:KeyDescriptor>
            <md:KeyDescriptor xmlns:ds="http://www.w3.org/2000/09/xmldsig#" use="encryption">
                <ds:KeyInfo>
                    <ds:X509Data>
                        <ds:X509Certificate>MIIDyzCCArOgAwIBAgIJAMzixtXMUH1NMA0GCSqGSIb3DQEBBQUAMHwxCzAJBgNV
                            BAYTAk5MMRAwDgYDVQQIDAdVdHJlY2h0MRAwDgYDVQQHDAdVdHJlY2h0MRUwEwYD
                            VQQKDAxTVVJGbmV0IEIuVi4xEzARBgNVBAsMClNVUkZjb25leHQxHTAbBgNVBAMM
                            FGVuZ2luZS5zdXJmY29uZXh0Lm5sMB4XDTExMDEyNDEwMTg1N1oXDTIxMDEyMzEw
                            MTg1N1owfDELMAkGA1UEBhMCTkwxEDAOBgNVBAgMB1V0cmVjaHQxEDAOBgNVBAcM
                            B1V0cmVjaHQxFTATBgNVBAoMDFNVUkZuZXQgQi5WLjETMBEGA1UECwwKU1VSRmNv
                            bmV4dDEdMBsGA1UEAwwUZW5naW5lLnN1cmZjb25leHQubmwwggEiMA0GCSqGSIb3
                            DQEBAQUAA4IBDwAwggEKAoIBAQDMJ6v+f3owS3KR5IXSil+3XFwGvCVeYx3jDOFK
                            AnwvXlDpTu+t730b8/spHtlopyJVAlb6qBIPN7R4TGTLqiu0zebYsYx/PtqCk5cb
                            u9qs3h+p2BBoTXVwXA/ZYi0tqtxp04hcNrRj1TAgLyC0S+KASTF+zzccAcjTBid5
                            EMioo+YllgSEobWJ4X33XVRqNrikAPDsNmDrdKUi257JSO2xhVIG5lbtmDaL5ORC
                            D56oRmVdp7VQTEQ3Yass8J5Rn+Ub6WmRBYeG+KzFBvtyBput2o0/gvtJn9L+NWeD
                            B0LyUPaUYG/X4GF14FcmFQfz7I5jBCNHtPcLJbPYbZKQNhz/AgMBAAGjUDBOMB0G
                            A1UdDgQWBBS9QqP8gtMM6nm4oYzNbgqhEDP1aDAfBgNVHSMEGDAWgBS9QqP8gtMM
                            6nm4oYzNbgqhEDP1aDAMBgNVHRMEBTADAQH/MA0GCSqGSIb3DQEBBQUAA4IBAQBH
                            2qyYwLwesIOxUTj+NJ0VXRBDH8VecNLiUUs9Np4x8A0pxLvlNnv5TdJAruEg1LSV
                            mAqqPUdAB2m7CKDeUVM9cwOB7vqelV2GNgOfevXi+DZRMffyyE8qyIcnTqvDOgcR
                            8qGTPSVT+SIsOkV9bYrjltrbnal7cJermsA8SC5w/pjLaOHI1xIZHquZzymWoN3Z
                            fz2CQg2r5o+AURYd74GrHhHqVa9VrdWtcimB+vTQQihoLt8YciehpJjOMpx2D66e
                            FfpC8ix31RRdjAVIo1y33h1yU3gEHePDbOthZE+lpXi2WJqO85H85LqJOtgn2WPI
                            3P2Tx32Cq1WXCYkxLaPI
</ds:X509Certificate>
                    </ds:X509Data>
                </ds:KeyInfo>
            </md:KeyDescriptor>
            <md:NameIDFormat>urn:oasis:names:tc:SAML:2.0:nameid-format:transient</md:NameIDFormat>
            <md:SingleSignOnService Binding="urn:oasis:names:tc:SAML:2.0:bindings:HTTP-Redirect" Location="https://engine.surfconext.nl/authentication/idp/single-sign-on/c33a976051b3f3658286d586fbc9ee76"/>
        </md:IDPSSODescriptor>
    </md:EntityDescriptor>
    <md:EntityDescriptor validUntil="2013-01-30T11:03:12Z" entityID="http://federatie.umcn.nl/adfs/services/trust">
        <md:IDPSSODescriptor protocolSupportEnumeration="urn:oasis:names:tc:SAML:2.0:protocol">
            <md:Extensions>
                <mdui:UIInfo>
                    <mdui:Description xml:lang="nl">UMC St Radboud</mdui:Description>
                    <mdui:Description xml:lang="en">UMC St Radboud</mdui:Description>
                    <mdui:Logo height="18" width="108">https://wayf.surfnet.nl/federate/surfnet/img/logo/umcn.png</mdui:Logo>
                    <mdui:Keywords xml:lang="nl">UMC St Radboud UMCN</mdui:Keywords>
                    <mdui:Keywords xml:lang="en">UMC St Radboud UMCN</mdui:Keywords>
                </mdui:UIInfo>
            </md:Extensions>
            <md:KeyDescriptor xmlns:ds="http://www.w3.org/2000/09/xmldsig#" use="signing">
                <ds:KeyInfo>
                    <ds:X509Data>
                        <ds:X509Certificate>MIIDyzCCArOgAwIBAgIJAMzixtXMUH1NMA0GCSqGSIb3DQEBBQUAMHwxCzAJBgNV
                            BAYTAk5MMRAwDgYDVQQIDAdVdHJlY2h0MRAwDgYDVQQHDAdVdHJlY2h0MRUwEwYD
                            VQQKDAxTVVJGbmV0IEIuVi4xEzARBgNVBAsMClNVUkZjb25leHQxHTAbBgNVBAMM
                            FGVuZ2luZS5zdXJmY29uZXh0Lm5sMB4XDTExMDEyNDEwMTg1N1oXDTIxMDEyMzEw
                            MTg1N1owfDELMAkGA1UEBhMCTkwxEDAOBgNVBAgMB1V0cmVjaHQxEDAOBgNVBAcM
                            B1V0cmVjaHQxFTATBgNVBAoMDFNVUkZuZXQgQi5WLjETMBEGA1UECwwKU1VSRmNv
                            bmV4dDEdMBsGA1UEAwwUZW5naW5lLnN1cmZjb25leHQubmwwggEiMA0GCSqGSIb3
                            DQEBAQUAA4IBDwAwggEKAoIBAQDMJ6v+f3owS3KR5IXSil+3XFwGvCVeYx3jDOFK
                            AnwvXlDpTu+t730b8/spHtlopyJVAlb6qBIPN7R4TGTLqiu0zebYsYx/PtqCk5cb
                            u9qs3h+p2BBoTXVwXA/ZYi0tqtxp04hcNrRj1TAgLyC0S+KASTF+zzccAcjTBid5
                            EMioo+YllgSEobWJ4X33XVRqNrikAPDsNmDrdKUi257JSO2xhVIG5lbtmDaL5ORC
                            D56oRmVdp7VQTEQ3Yass8J5Rn+Ub6WmRBYeG+KzFBvtyBput2o0/gvtJn9L+NWeD
                            B0LyUPaUYG/X4GF14FcmFQfz7I5jBCNHtPcLJbPYbZKQNhz/AgMBAAGjUDBOMB0G
                            A1UdDgQWBBS9QqP8gtMM6nm4oYzNbgqhEDP1aDAfBgNVHSMEGDAWgBS9QqP8gtMM
                            6nm4oYzNbgqhEDP1aDAMBgNVHRMEBTADAQH/MA0GCSqGSIb3DQEBBQUAA4IBAQBH
                            2qyYwLwesIOxUTj+NJ0VXRBDH8VecNLiUUs9Np4x8A0pxLvlNnv5TdJAruEg1LSV
                            mAqqPUdAB2m7CKDeUVM9cwOB7vqelV2GNgOfevXi+DZRMffyyE8qyIcnTqvDOgcR
                            8qGTPSVT+SIsOkV9bYrjltrbnal7cJermsA8SC5w/pjLaOHI1xIZHquZzymWoN3Z
                            fz2CQg2r5o+AURYd74GrHhHqVa9VrdWtcimB+vTQQihoLt8YciehpJjOMpx2D66e
                            FfpC8ix31RRdjAVIo1y33h1yU3gEHePDbOthZE+lpXi2WJqO85H85LqJOtgn2WPI
                            3P2Tx32Cq1WXCYkxLaPI
</ds:X509Certificate>
                    </ds:X509Data>
                </ds:KeyInfo>
            </md:KeyDescriptor>
            <md:KeyDescriptor xmlns:ds="http://www.w3.org/2000/09/xmldsig#" use="encryption">
                <ds:KeyInfo>
                    <ds:X509Data>
                        <ds:X509Certificate>MIIDyzCCArOgAwIBAgIJAMzixtXMUH1NMA0GCSqGSIb3DQEBBQUAMHwxCzAJBgNV
                            BAYTAk5MMRAwDgYDVQQIDAdVdHJlY2h0MRAwDgYDVQQHDAdVdHJlY2h0MRUwEwYD
                            VQQKDAxTVVJGbmV0IEIuVi4xEzARBgNVBAsMClNVUkZjb25leHQxHTAbBgNVBAMM
                            FGVuZ2luZS5zdXJmY29uZXh0Lm5sMB4XDTExMDEyNDEwMTg1N1oXDTIxMDEyMzEw
                            MTg1N1owfDELMAkGA1UEBhMCTkwxEDAOBgNVBAgMB1V0cmVjaHQxEDAOBgNVBAcM
                            B1V0cmVjaHQxFTATBgNVBAoMDFNVUkZuZXQgQi5WLjETMBEGA1UECwwKU1VSRmNv
                            bmV4dDEdMBsGA1UEAwwUZW5naW5lLnN1cmZjb25leHQubmwwggEiMA0GCSqGSIb3
                            DQEBAQUAA4IBDwAwggEKAoIBAQDMJ6v+f3owS3KR5IXSil+3XFwGvCVeYx3jDOFK
                            AnwvXlDpTu+t730b8/spHtlopyJVAlb6qBIPN7R4TGTLqiu0zebYsYx/PtqCk5cb
                            u9qs3h+p2BBoTXVwXA/ZYi0tqtxp04hcNrRj1TAgLyC0S+KASTF+zzccAcjTBid5
                            EMioo+YllgSEobWJ4X33XVRqNrikAPDsNmDrdKUi257JSO2xhVIG5lbtmDaL5ORC
                            D56oRmVdp7VQTEQ3Yass8J5Rn+Ub6WmRBYeG+KzFBvtyBput2o0/gvtJn9L+NWeD
                            B0LyUPaUYG/X4GF14FcmFQfz7I5jBCNHtPcLJbPYbZKQNhz/AgMBAAGjUDBOMB0G
                            A1UdDgQWBBS9QqP8gtMM6nm4oYzNbgqhEDP1aDAfBgNVHSMEGDAWgBS9QqP8gtMM
                            6nm4oYzNbgqhEDP1aDAMBgNVHRMEBTADAQH/MA0GCSqGSIb3DQEBBQUAA4IBAQBH
                            2qyYwLwesIOxUTj+NJ0VXRBDH8VecNLiUUs9Np4x8A0pxLvlNnv5TdJAruEg1LSV
                            mAqqPUdAB2m7CKDeUVM9cwOB7vqelV2GNgOfevXi+DZRMffyyE8qyIcnTqvDOgcR
                            8qGTPSVT+SIsOkV9bYrjltrbnal7cJermsA8SC5w/pjLaOHI1xIZHquZzymWoN3Z
                            fz2CQg2r5o+AURYd74GrHhHqVa9VrdWtcimB+vTQQihoLt8YciehpJjOMpx2D66e
                            FfpC8ix31RRdjAVIo1y33h1yU3gEHePDbOthZE+lpXi2WJqO85H85LqJOtgn2WPI
                            3P2Tx32Cq1WXCYkxLaPI
</ds:X509Certificate>
                    </ds:X509Data>
                </ds:KeyInfo>
            </md:KeyDescriptor>
            <md:NameIDFormat>urn:oasis:names:tc:SAML:2.0:nameid-format:transient</md:NameIDFormat>
            <md:SingleSignOnService Binding="urn:oasis:names:tc:SAML:2.0:bindings:HTTP-Redirect" Location="https://engine.surfconext.nl/authentication/idp/single-sign-on/6e54255933dcf152086180366e8bf0d4"/>
        </md:IDPSSODescriptor>
    </md:EntityDescriptor>
    <md:EntityDescriptor validUntil="2013-01-30T11:03:12Z" entityID="https://login.uaccess.leidenuniv.nl/nidp/saml2/metadata">
        <md:IDPSSODescriptor protocolSupportEnumeration="urn:oasis:names:tc:SAML:2.0:protocol">
            <md:Extensions>
                <mdui:UIInfo>
                    <mdui:DisplayName xml:lang="nl">Universiteit Leiden</mdui:DisplayName>
                    <mdui:DisplayName xml:lang="en">Leiden University</mdui:DisplayName>
                    <mdui:Description xml:lang="nl">Universiteit Leiden</mdui:Description>
                    <mdui:Description xml:lang="en">Universiteit Leiden</mdui:Description>
                    <mdui:Logo height="42" width="108">https://wayf.surfnet.nl/federate/surfnet/img/logo/leiden.png</mdui:Logo>
                    <mdui:Keywords xml:lang="nl">Universiteit Leiden Leiden University LEIDENUNIV</mdui:Keywords>
                    <mdui:Keywords xml:lang="en">Universiteit Leiden Leiden University LEIDENUNIV</mdui:Keywords>
                </mdui:UIInfo>
            </md:Extensions>
            <md:KeyDescriptor xmlns:ds="http://www.w3.org/2000/09/xmldsig#" use="signing">
                <ds:KeyInfo>
                    <ds:X509Data>
                        <ds:X509Certificate>MIIDyzCCArOgAwIBAgIJAMzixtXMUH1NMA0GCSqGSIb3DQEBBQUAMHwxCzAJBgNV
                            BAYTAk5MMRAwDgYDVQQIDAdVdHJlY2h0MRAwDgYDVQQHDAdVdHJlY2h0MRUwEwYD
                            VQQKDAxTVVJGbmV0IEIuVi4xEzARBgNVBAsMClNVUkZjb25leHQxHTAbBgNVBAMM
                            FGVuZ2luZS5zdXJmY29uZXh0Lm5sMB4XDTExMDEyNDEwMTg1N1oXDTIxMDEyMzEw
                            MTg1N1owfDELMAkGA1UEBhMCTkwxEDAOBgNVBAgMB1V0cmVjaHQxEDAOBgNVBAcM
                            B1V0cmVjaHQxFTATBgNVBAoMDFNVUkZuZXQgQi5WLjETMBEGA1UECwwKU1VSRmNv
                            bmV4dDEdMBsGA1UEAwwUZW5naW5lLnN1cmZjb25leHQubmwwggEiMA0GCSqGSIb3
                            DQEBAQUAA4IBDwAwggEKAoIBAQDMJ6v+f3owS3KR5IXSil+3XFwGvCVeYx3jDOFK
                            AnwvXlDpTu+t730b8/spHtlopyJVAlb6qBIPN7R4TGTLqiu0zebYsYx/PtqCk5cb
                            u9qs3h+p2BBoTXVwXA/ZYi0tqtxp04hcNrRj1TAgLyC0S+KASTF+zzccAcjTBid5
                            EMioo+YllgSEobWJ4X33XVRqNrikAPDsNmDrdKUi257JSO2xhVIG5lbtmDaL5ORC
                            D56oRmVdp7VQTEQ3Yass8J5Rn+Ub6WmRBYeG+KzFBvtyBput2o0/gvtJn9L+NWeD
                            B0LyUPaUYG/X4GF14FcmFQfz7I5jBCNHtPcLJbPYbZKQNhz/AgMBAAGjUDBOMB0G
                            A1UdDgQWBBS9QqP8gtMM6nm4oYzNbgqhEDP1aDAfBgNVHSMEGDAWgBS9QqP8gtMM
                            6nm4oYzNbgqhEDP1aDAMBgNVHRMEBTADAQH/MA0GCSqGSIb3DQEBBQUAA4IBAQBH
                            2qyYwLwesIOxUTj+NJ0VXRBDH8VecNLiUUs9Np4x8A0pxLvlNnv5TdJAruEg1LSV
                            mAqqPUdAB2m7CKDeUVM9cwOB7vqelV2GNgOfevXi+DZRMffyyE8qyIcnTqvDOgcR
                            8qGTPSVT+SIsOkV9bYrjltrbnal7cJermsA8SC5w/pjLaOHI1xIZHquZzymWoN3Z
                            fz2CQg2r5o+AURYd74GrHhHqVa9VrdWtcimB+vTQQihoLt8YciehpJjOMpx2D66e
                            FfpC8ix31RRdjAVIo1y33h1yU3gEHePDbOthZE+lpXi2WJqO85H85LqJOtgn2WPI
                            3P2Tx32Cq1WXCYkxLaPI
</ds:X509Certificate>
                    </ds:X509Data>
                </ds:KeyInfo>
            </md:KeyDescriptor>
            <md:KeyDescriptor xmlns:ds="http://www.w3.org/2000/09/xmldsig#" use="encryption">
                <ds:KeyInfo>
                    <ds:X509Data>
                        <ds:X509Certificate>MIIDyzCCArOgAwIBAgIJAMzixtXMUH1NMA0GCSqGSIb3DQEBBQUAMHwxCzAJBgNV
                            BAYTAk5MMRAwDgYDVQQIDAdVdHJlY2h0MRAwDgYDVQQHDAdVdHJlY2h0MRUwEwYD
                            VQQKDAxTVVJGbmV0IEIuVi4xEzARBgNVBAsMClNVUkZjb25leHQxHTAbBgNVBAMM
                            FGVuZ2luZS5zdXJmY29uZXh0Lm5sMB4XDTExMDEyNDEwMTg1N1oXDTIxMDEyMzEw
                            MTg1N1owfDELMAkGA1UEBhMCTkwxEDAOBgNVBAgMB1V0cmVjaHQxEDAOBgNVBAcM
                            B1V0cmVjaHQxFTATBgNVBAoMDFNVUkZuZXQgQi5WLjETMBEGA1UECwwKU1VSRmNv
                            bmV4dDEdMBsGA1UEAwwUZW5naW5lLnN1cmZjb25leHQubmwwggEiMA0GCSqGSIb3
                            DQEBAQUAA4IBDwAwggEKAoIBAQDMJ6v+f3owS3KR5IXSil+3XFwGvCVeYx3jDOFK
                            AnwvXlDpTu+t730b8/spHtlopyJVAlb6qBIPN7R4TGTLqiu0zebYsYx/PtqCk5cb
                            u9qs3h+p2BBoTXVwXA/ZYi0tqtxp04hcNrRj1TAgLyC0S+KASTF+zzccAcjTBid5
                            EMioo+YllgSEobWJ4X33XVRqNrikAPDsNmDrdKUi257JSO2xhVIG5lbtmDaL5ORC
                            D56oRmVdp7VQTEQ3Yass8J5Rn+Ub6WmRBYeG+KzFBvtyBput2o0/gvtJn9L+NWeD
                            B0LyUPaUYG/X4GF14FcmFQfz7I5jBCNHtPcLJbPYbZKQNhz/AgMBAAGjUDBOMB0G
                            A1UdDgQWBBS9QqP8gtMM6nm4oYzNbgqhEDP1aDAfBgNVHSMEGDAWgBS9QqP8gtMM
                            6nm4oYzNbgqhEDP1aDAMBgNVHRMEBTADAQH/MA0GCSqGSIb3DQEBBQUAA4IBAQBH
                            2qyYwLwesIOxUTj+NJ0VXRBDH8VecNLiUUs9Np4x8A0pxLvlNnv5TdJAruEg1LSV
                            mAqqPUdAB2m7CKDeUVM9cwOB7vqelV2GNgOfevXi+DZRMffyyE8qyIcnTqvDOgcR
                            8qGTPSVT+SIsOkV9bYrjltrbnal7cJermsA8SC5w/pjLaOHI1xIZHquZzymWoN3Z
                            fz2CQg2r5o+AURYd74GrHhHqVa9VrdWtcimB+vTQQihoLt8YciehpJjOMpx2D66e
                            FfpC8ix31RRdjAVIo1y33h1yU3gEHePDbOthZE+lpXi2WJqO85H85LqJOtgn2WPI
                            3P2Tx32Cq1WXCYkxLaPI
</ds:X509Certificate>
                    </ds:X509Data>
                </ds:KeyInfo>
            </md:KeyDescriptor>
            <md:NameIDFormat>urn:oasis:names:tc:SAML:2.0:nameid-format:transient</md:NameIDFormat>
            <md:SingleSignOnService Binding="urn:oasis:names:tc:SAML:2.0:bindings:HTTP-Redirect" Location="https://engine.surfconext.nl/authentication/idp/single-sign-on/375bf8fa15568cdd53f971f82d8d93b7"/>
        </md:IDPSSODescriptor>
    </md:EntityDescriptor>
    <md:EntityDescriptor validUntil="2013-01-30T11:03:12Z" entityID="https://signon.rug.nl/nidp/saml2/metadata">
        <md:IDPSSODescriptor protocolSupportEnumeration="urn:oasis:names:tc:SAML:2.0:protocol">
            <md:Extensions>
                <mdui:UIInfo>
                    <mdui:DisplayName xml:lang="nl">Rijksuniversiteit Groningen</mdui:DisplayName>
                    <mdui:DisplayName xml:lang="en">University of Groningen</mdui:DisplayName>
                    <mdui:Description xml:lang="nl">Rijksuniversiteit Groningen</mdui:Description>
                    <mdui:Description xml:lang="en">Rijksuniversiteit Groningen</mdui:Description>
                    <mdui:Logo height="25" width="108">https://wayf.surfnet.nl/federate/surfnet/img/logo/rug.png</mdui:Logo>
                    <mdui:Keywords xml:lang="nl">University of Groningen Rijksuniversiteit Groningen rug</mdui:Keywords>
                    <mdui:Keywords xml:lang="en">University of Groningen Rijksuniversiteit Groningen rug</mdui:Keywords>
                </mdui:UIInfo>
            </md:Extensions>
            <md:KeyDescriptor xmlns:ds="http://www.w3.org/2000/09/xmldsig#" use="signing">
                <ds:KeyInfo>
                    <ds:X509Data>
                        <ds:X509Certificate>MIIDyzCCArOgAwIBAgIJAMzixtXMUH1NMA0GCSqGSIb3DQEBBQUAMHwxCzAJBgNV
                            BAYTAk5MMRAwDgYDVQQIDAdVdHJlY2h0MRAwDgYDVQQHDAdVdHJlY2h0MRUwEwYD
                            VQQKDAxTVVJGbmV0IEIuVi4xEzARBgNVBAsMClNVUkZjb25leHQxHTAbBgNVBAMM
                            FGVuZ2luZS5zdXJmY29uZXh0Lm5sMB4XDTExMDEyNDEwMTg1N1oXDTIxMDEyMzEw
                            MTg1N1owfDELMAkGA1UEBhMCTkwxEDAOBgNVBAgMB1V0cmVjaHQxEDAOBgNVBAcM
                            B1V0cmVjaHQxFTATBgNVBAoMDFNVUkZuZXQgQi5WLjETMBEGA1UECwwKU1VSRmNv
                            bmV4dDEdMBsGA1UEAwwUZW5naW5lLnN1cmZjb25leHQubmwwggEiMA0GCSqGSIb3
                            DQEBAQUAA4IBDwAwggEKAoIBAQDMJ6v+f3owS3KR5IXSil+3XFwGvCVeYx3jDOFK
                            AnwvXlDpTu+t730b8/spHtlopyJVAlb6qBIPN7R4TGTLqiu0zebYsYx/PtqCk5cb
                            u9qs3h+p2BBoTXVwXA/ZYi0tqtxp04hcNrRj1TAgLyC0S+KASTF+zzccAcjTBid5
                            EMioo+YllgSEobWJ4X33XVRqNrikAPDsNmDrdKUi257JSO2xhVIG5lbtmDaL5ORC
                            D56oRmVdp7VQTEQ3Yass8J5Rn+Ub6WmRBYeG+KzFBvtyBput2o0/gvtJn9L+NWeD
                            B0LyUPaUYG/X4GF14FcmFQfz7I5jBCNHtPcLJbPYbZKQNhz/AgMBAAGjUDBOMB0G
                            A1UdDgQWBBS9QqP8gtMM6nm4oYzNbgqhEDP1aDAfBgNVHSMEGDAWgBS9QqP8gtMM
                            6nm4oYzNbgqhEDP1aDAMBgNVHRMEBTADAQH/MA0GCSqGSIb3DQEBBQUAA4IBAQBH
                            2qyYwLwesIOxUTj+NJ0VXRBDH8VecNLiUUs9Np4x8A0pxLvlNnv5TdJAruEg1LSV
                            mAqqPUdAB2m7CKDeUVM9cwOB7vqelV2GNgOfevXi+DZRMffyyE8qyIcnTqvDOgcR
                            8qGTPSVT+SIsOkV9bYrjltrbnal7cJermsA8SC5w/pjLaOHI1xIZHquZzymWoN3Z
                            fz2CQg2r5o+AURYd74GrHhHqVa9VrdWtcimB+vTQQihoLt8YciehpJjOMpx2D66e
                            FfpC8ix31RRdjAVIo1y33h1yU3gEHePDbOthZE+lpXi2WJqO85H85LqJOtgn2WPI
                            3P2Tx32Cq1WXCYkxLaPI
</ds:X509Certificate>
                    </ds:X509Data>
                </ds:KeyInfo>
            </md:KeyDescriptor>
            <md:KeyDescriptor xmlns:ds="http://www.w3.org/2000/09/xmldsig#" use="encryption">
                <ds:KeyInfo>
                    <ds:X509Data>
                        <ds:X509Certificate>MIIDyzCCArOgAwIBAgIJAMzixtXMUH1NMA0GCSqGSIb3DQEBBQUAMHwxCzAJBgNV
                            BAYTAk5MMRAwDgYDVQQIDAdVdHJlY2h0MRAwDgYDVQQHDAdVdHJlY2h0MRUwEwYD
                            VQQKDAxTVVJGbmV0IEIuVi4xEzARBgNVBAsMClNVUkZjb25leHQxHTAbBgNVBAMM
                            FGVuZ2luZS5zdXJmY29uZXh0Lm5sMB4XDTExMDEyNDEwMTg1N1oXDTIxMDEyMzEw
                            MTg1N1owfDELMAkGA1UEBhMCTkwxEDAOBgNVBAgMB1V0cmVjaHQxEDAOBgNVBAcM
                            B1V0cmVjaHQxFTATBgNVBAoMDFNVUkZuZXQgQi5WLjETMBEGA1UECwwKU1VSRmNv
                            bmV4dDEdMBsGA1UEAwwUZW5naW5lLnN1cmZjb25leHQubmwwggEiMA0GCSqGSIb3
                            DQEBAQUAA4IBDwAwggEKAoIBAQDMJ6v+f3owS3KR5IXSil+3XFwGvCVeYx3jDOFK
                            AnwvXlDpTu+t730b8/spHtlopyJVAlb6qBIPN7R4TGTLqiu0zebYsYx/PtqCk5cb
                            u9qs3h+p2BBoTXVwXA/ZYi0tqtxp04hcNrRj1TAgLyC0S+KASTF+zzccAcjTBid5
                            EMioo+YllgSEobWJ4X33XVRqNrikAPDsNmDrdKUi257JSO2xhVIG5lbtmDaL5ORC
                            D56oRmVdp7VQTEQ3Yass8J5Rn+Ub6WmRBYeG+KzFBvtyBput2o0/gvtJn9L+NWeD
                            B0LyUPaUYG/X4GF14FcmFQfz7I5jBCNHtPcLJbPYbZKQNhz/AgMBAAGjUDBOMB0G
                            A1UdDgQWBBS9QqP8gtMM6nm4oYzNbgqhEDP1aDAfBgNVHSMEGDAWgBS9QqP8gtMM
                            6nm4oYzNbgqhEDP1aDAMBgNVHRMEBTADAQH/MA0GCSqGSIb3DQEBBQUAA4IBAQBH
                            2qyYwLwesIOxUTj+NJ0VXRBDH8VecNLiUUs9Np4x8A0pxLvlNnv5TdJAruEg1LSV
                            mAqqPUdAB2m7CKDeUVM9cwOB7vqelV2GNgOfevXi+DZRMffyyE8qyIcnTqvDOgcR
                            8qGTPSVT+SIsOkV9bYrjltrbnal7cJermsA8SC5w/pjLaOHI1xIZHquZzymWoN3Z
                            fz2CQg2r5o+AURYd74GrHhHqVa9VrdWtcimB+vTQQihoLt8YciehpJjOMpx2D66e
                            FfpC8ix31RRdjAVIo1y33h1yU3gEHePDbOthZE+lpXi2WJqO85H85LqJOtgn2WPI
                            3P2Tx32Cq1WXCYkxLaPI
</ds:X509Certificate>
                    </ds:X509Data>
                </ds:KeyInfo>
            </md:KeyDescriptor>
            <md:NameIDFormat>urn:oasis:names:tc:SAML:2.0:nameid-format:transient</md:NameIDFormat>
            <md:SingleSignOnService Binding="urn:oasis:names:tc:SAML:2.0:bindings:HTTP-Redirect" Location="https://engine.surfconext.nl/authentication/idp/single-sign-on/56d78f05c751aeb3d57b29caff8510e3"/>
        </md:IDPSSODescriptor>
    </md:EntityDescriptor>
    <md:EntityDescriptor validUntil="2013-01-30T11:03:12Z" entityID="https://surf-sso.ubvu.vu.nl/simplesaml/saml2/idp/metadata.php">
        <md:IDPSSODescriptor protocolSupportEnumeration="urn:oasis:names:tc:SAML:2.0:protocol">
            <md:Extensions>
                <mdui:UIInfo>
                    <mdui:DisplayName xml:lang="nl">Vrije Universiteit</mdui:DisplayName>
                    <mdui:DisplayName xml:lang="en">VU University Amsterdam</mdui:DisplayName>
                    <mdui:Description xml:lang="nl">Vrije Universiteit</mdui:Description>
                    <mdui:Description xml:lang="en">Vrije Universiteit</mdui:Description>
                    <mdui:Keywords xml:lang="nl">VU University Amsterdam Vrije Universiteit</mdui:Keywords>
                    <mdui:Keywords xml:lang="en">VU University Amsterdam Vrije Universiteit</mdui:Keywords>
                </mdui:UIInfo>
            </md:Extensions>
            <md:KeyDescriptor xmlns:ds="http://www.w3.org/2000/09/xmldsig#" use="signing">
                <ds:KeyInfo>
                    <ds:X509Data>
                        <ds:X509Certificate>MIIDyzCCArOgAwIBAgIJAMzixtXMUH1NMA0GCSqGSIb3DQEBBQUAMHwxCzAJBgNV
                            BAYTAk5MMRAwDgYDVQQIDAdVdHJlY2h0MRAwDgYDVQQHDAdVdHJlY2h0MRUwEwYD
                            VQQKDAxTVVJGbmV0IEIuVi4xEzARBgNVBAsMClNVUkZjb25leHQxHTAbBgNVBAMM
                            FGVuZ2luZS5zdXJmY29uZXh0Lm5sMB4XDTExMDEyNDEwMTg1N1oXDTIxMDEyMzEw
                            MTg1N1owfDELMAkGA1UEBhMCTkwxEDAOBgNVBAgMB1V0cmVjaHQxEDAOBgNVBAcM
                            B1V0cmVjaHQxFTATBgNVBAoMDFNVUkZuZXQgQi5WLjETMBEGA1UECwwKU1VSRmNv
                            bmV4dDEdMBsGA1UEAwwUZW5naW5lLnN1cmZjb25leHQubmwwggEiMA0GCSqGSIb3
                            DQEBAQUAA4IBDwAwggEKAoIBAQDMJ6v+f3owS3KR5IXSil+3XFwGvCVeYx3jDOFK
                            AnwvXlDpTu+t730b8/spHtlopyJVAlb6qBIPN7R4TGTLqiu0zebYsYx/PtqCk5cb
                            u9qs3h+p2BBoTXVwXA/ZYi0tqtxp04hcNrRj1TAgLyC0S+KASTF+zzccAcjTBid5
                            EMioo+YllgSEobWJ4X33XVRqNrikAPDsNmDrdKUi257JSO2xhVIG5lbtmDaL5ORC
                            D56oRmVdp7VQTEQ3Yass8J5Rn+Ub6WmRBYeG+KzFBvtyBput2o0/gvtJn9L+NWeD
                            B0LyUPaUYG/X4GF14FcmFQfz7I5jBCNHtPcLJbPYbZKQNhz/AgMBAAGjUDBOMB0G
                            A1UdDgQWBBS9QqP8gtMM6nm4oYzNbgqhEDP1aDAfBgNVHSMEGDAWgBS9QqP8gtMM
                            6nm4oYzNbgqhEDP1aDAMBgNVHRMEBTADAQH/MA0GCSqGSIb3DQEBBQUAA4IBAQBH
                            2qyYwLwesIOxUTj+NJ0VXRBDH8VecNLiUUs9Np4x8A0pxLvlNnv5TdJAruEg1LSV
                            mAqqPUdAB2m7CKDeUVM9cwOB7vqelV2GNgOfevXi+DZRMffyyE8qyIcnTqvDOgcR
                            8qGTPSVT+SIsOkV9bYrjltrbnal7cJermsA8SC5w/pjLaOHI1xIZHquZzymWoN3Z
                            fz2CQg2r5o+AURYd74GrHhHqVa9VrdWtcimB+vTQQihoLt8YciehpJjOMpx2D66e
                            FfpC8ix31RRdjAVIo1y33h1yU3gEHePDbOthZE+lpXi2WJqO85H85LqJOtgn2WPI
                            3P2Tx32Cq1WXCYkxLaPI
</ds:X509Certificate>
                    </ds:X509Data>
                </ds:KeyInfo>
            </md:KeyDescriptor>
            <md:KeyDescriptor xmlns:ds="http://www.w3.org/2000/09/xmldsig#" use="encryption">
                <ds:KeyInfo>
                    <ds:X509Data>
                        <ds:X509Certificate>MIIDyzCCArOgAwIBAgIJAMzixtXMUH1NMA0GCSqGSIb3DQEBBQUAMHwxCzAJBgNV
                            BAYTAk5MMRAwDgYDVQQIDAdVdHJlY2h0MRAwDgYDVQQHDAdVdHJlY2h0MRUwEwYD
                            VQQKDAxTVVJGbmV0IEIuVi4xEzARBgNVBAsMClNVUkZjb25leHQxHTAbBgNVBAMM
                            FGVuZ2luZS5zdXJmY29uZXh0Lm5sMB4XDTExMDEyNDEwMTg1N1oXDTIxMDEyMzEw
                            MTg1N1owfDELMAkGA1UEBhMCTkwxEDAOBgNVBAgMB1V0cmVjaHQxEDAOBgNVBAcM
                            B1V0cmVjaHQxFTATBgNVBAoMDFNVUkZuZXQgQi5WLjETMBEGA1UECwwKU1VSRmNv
                            bmV4dDEdMBsGA1UEAwwUZW5naW5lLnN1cmZjb25leHQubmwwggEiMA0GCSqGSIb3
                            DQEBAQUAA4IBDwAwggEKAoIBAQDMJ6v+f3owS3KR5IXSil+3XFwGvCVeYx3jDOFK
                            AnwvXlDpTu+t730b8/spHtlopyJVAlb6qBIPN7R4TGTLqiu0zebYsYx/PtqCk5cb
                            u9qs3h+p2BBoTXVwXA/ZYi0tqtxp04hcNrRj1TAgLyC0S+KASTF+zzccAcjTBid5
                            EMioo+YllgSEobWJ4X33XVRqNrikAPDsNmDrdKUi257JSO2xhVIG5lbtmDaL5ORC
                            D56oRmVdp7VQTEQ3Yass8J5Rn+Ub6WmRBYeG+KzFBvtyBput2o0/gvtJn9L+NWeD
                            B0LyUPaUYG/X4GF14FcmFQfz7I5jBCNHtPcLJbPYbZKQNhz/AgMBAAGjUDBOMB0G
                            A1UdDgQWBBS9QqP8gtMM6nm4oYzNbgqhEDP1aDAfBgNVHSMEGDAWgBS9QqP8gtMM
                            6nm4oYzNbgqhEDP1aDAMBgNVHRMEBTADAQH/MA0GCSqGSIb3DQEBBQUAA4IBAQBH
                            2qyYwLwesIOxUTj+NJ0VXRBDH8VecNLiUUs9Np4x8A0pxLvlNnv5TdJAruEg1LSV
                            mAqqPUdAB2m7CKDeUVM9cwOB7vqelV2GNgOfevXi+DZRMffyyE8qyIcnTqvDOgcR
                            8qGTPSVT+SIsOkV9bYrjltrbnal7cJermsA8SC5w/pjLaOHI1xIZHquZzymWoN3Z
                            fz2CQg2r5o+AURYd74GrHhHqVa9VrdWtcimB+vTQQihoLt8YciehpJjOMpx2D66e
                            FfpC8ix31RRdjAVIo1y33h1yU3gEHePDbOthZE+lpXi2WJqO85H85LqJOtgn2WPI
                            3P2Tx32Cq1WXCYkxLaPI
</ds:X509Certificate>
                    </ds:X509Data>
                </ds:KeyInfo>
            </md:KeyDescriptor>
            <md:NameIDFormat>urn:oasis:names:tc:SAML:2.0:nameid-format:transient</md:NameIDFormat>
            <md:SingleSignOnService Binding="urn:oasis:names:tc:SAML:2.0:bindings:HTTP-Redirect" Location="https://engine.surfconext.nl/authentication/idp/single-sign-on/adcdf9224a295b581ef3d0a6ce1dd787"/>
        </md:IDPSSODescriptor>
    </md:EntityDescriptor>
    <md:EntityDescriptor validUntil="2013-01-30T11:03:12Z" entityID="http://federatie.lumc.nl/adfs/services/trust">
        <md:IDPSSODescriptor protocolSupportEnumeration="urn:oasis:names:tc:SAML:2.0:protocol">
            <md:Extensions>
                <mdui:UIInfo>
                    <mdui:Description xml:lang="nl">Leids Universitair Medisch Centrum</mdui:Description>
                    <mdui:Description xml:lang="en">Leids Universitair Medisch Centrum</mdui:Description>
                    <mdui:Logo height="60" width="120">https://wayf.surfnet.nl/federate/surfnet/img/logo/lumc.png</mdui:Logo>
                    <mdui:Keywords xml:lang="nl">UMC LUMC Leids Universitair Medisch Centrum</mdui:Keywords>
                    <mdui:Keywords xml:lang="en">UMC LUMC Leids Universitair Medisch Centrum</mdui:Keywords>
                </mdui:UIInfo>
            </md:Extensions>
            <md:KeyDescriptor xmlns:ds="http://www.w3.org/2000/09/xmldsig#" use="signing">
                <ds:KeyInfo>
                    <ds:X509Data>
                        <ds:X509Certificate>MIIDyzCCArOgAwIBAgIJAMzixtXMUH1NMA0GCSqGSIb3DQEBBQUAMHwxCzAJBgNV
                            BAYTAk5MMRAwDgYDVQQIDAdVdHJlY2h0MRAwDgYDVQQHDAdVdHJlY2h0MRUwEwYD
                            VQQKDAxTVVJGbmV0IEIuVi4xEzARBgNVBAsMClNVUkZjb25leHQxHTAbBgNVBAMM
                            FGVuZ2luZS5zdXJmY29uZXh0Lm5sMB4XDTExMDEyNDEwMTg1N1oXDTIxMDEyMzEw
                            MTg1N1owfDELMAkGA1UEBhMCTkwxEDAOBgNVBAgMB1V0cmVjaHQxEDAOBgNVBAcM
                            B1V0cmVjaHQxFTATBgNVBAoMDFNVUkZuZXQgQi5WLjETMBEGA1UECwwKU1VSRmNv
                            bmV4dDEdMBsGA1UEAwwUZW5naW5lLnN1cmZjb25leHQubmwwggEiMA0GCSqGSIb3
                            DQEBAQUAA4IBDwAwggEKAoIBAQDMJ6v+f3owS3KR5IXSil+3XFwGvCVeYx3jDOFK
                            AnwvXlDpTu+t730b8/spHtlopyJVAlb6qBIPN7R4TGTLqiu0zebYsYx/PtqCk5cb
                            u9qs3h+p2BBoTXVwXA/ZYi0tqtxp04hcNrRj1TAgLyC0S+KASTF+zzccAcjTBid5
                            EMioo+YllgSEobWJ4X33XVRqNrikAPDsNmDrdKUi257JSO2xhVIG5lbtmDaL5ORC
                            D56oRmVdp7VQTEQ3Yass8J5Rn+Ub6WmRBYeG+KzFBvtyBput2o0/gvtJn9L+NWeD
                            B0LyUPaUYG/X4GF14FcmFQfz7I5jBCNHtPcLJbPYbZKQNhz/AgMBAAGjUDBOMB0G
                            A1UdDgQWBBS9QqP8gtMM6nm4oYzNbgqhEDP1aDAfBgNVHSMEGDAWgBS9QqP8gtMM
                            6nm4oYzNbgqhEDP1aDAMBgNVHRMEBTADAQH/MA0GCSqGSIb3DQEBBQUAA4IBAQBH
                            2qyYwLwesIOxUTj+NJ0VXRBDH8VecNLiUUs9Np4x8A0pxLvlNnv5TdJAruEg1LSV
                            mAqqPUdAB2m7CKDeUVM9cwOB7vqelV2GNgOfevXi+DZRMffyyE8qyIcnTqvDOgcR
                            8qGTPSVT+SIsOkV9bYrjltrbnal7cJermsA8SC5w/pjLaOHI1xIZHquZzymWoN3Z
                            fz2CQg2r5o+AURYd74GrHhHqVa9VrdWtcimB+vTQQihoLt8YciehpJjOMpx2D66e
                            FfpC8ix31RRdjAVIo1y33h1yU3gEHePDbOthZE+lpXi2WJqO85H85LqJOtgn2WPI
                            3P2Tx32Cq1WXCYkxLaPI
</ds:X509Certificate>
                    </ds:X509Data>
                </ds:KeyInfo>
            </md:KeyDescriptor>
            <md:KeyDescriptor xmlns:ds="http://www.w3.org/2000/09/xmldsig#" use="encryption">
                <ds:KeyInfo>
                    <ds:X509Data>
                        <ds:X509Certificate>MIIDyzCCArOgAwIBAgIJAMzixtXMUH1NMA0GCSqGSIb3DQEBBQUAMHwxCzAJBgNV
                            BAYTAk5MMRAwDgYDVQQIDAdVdHJlY2h0MRAwDgYDVQQHDAdVdHJlY2h0MRUwEwYD
                            VQQKDAxTVVJGbmV0IEIuVi4xEzARBgNVBAsMClNVUkZjb25leHQxHTAbBgNVBAMM
                            FGVuZ2luZS5zdXJmY29uZXh0Lm5sMB4XDTExMDEyNDEwMTg1N1oXDTIxMDEyMzEw
                            MTg1N1owfDELMAkGA1UEBhMCTkwxEDAOBgNVBAgMB1V0cmVjaHQxEDAOBgNVBAcM
                            B1V0cmVjaHQxFTATBgNVBAoMDFNVUkZuZXQgQi5WLjETMBEGA1UECwwKU1VSRmNv
                            bmV4dDEdMBsGA1UEAwwUZW5naW5lLnN1cmZjb25leHQubmwwggEiMA0GCSqGSIb3
                            DQEBAQUAA4IBDwAwggEKAoIBAQDMJ6v+f3owS3KR5IXSil+3XFwGvCVeYx3jDOFK
                            AnwvXlDpTu+t730b8/spHtlopyJVAlb6qBIPN7R4TGTLqiu0zebYsYx/PtqCk5cb
                            u9qs3h+p2BBoTXVwXA/ZYi0tqtxp04hcNrRj1TAgLyC0S+KASTF+zzccAcjTBid5
                            EMioo+YllgSEobWJ4X33XVRqNrikAPDsNmDrdKUi257JSO2xhVIG5lbtmDaL5ORC
                            D56oRmVdp7VQTEQ3Yass8J5Rn+Ub6WmRBYeG+KzFBvtyBput2o0/gvtJn9L+NWeD
                            B0LyUPaUYG/X4GF14FcmFQfz7I5jBCNHtPcLJbPYbZKQNhz/AgMBAAGjUDBOMB0G
                            A1UdDgQWBBS9QqP8gtMM6nm4oYzNbgqhEDP1aDAfBgNVHSMEGDAWgBS9QqP8gtMM
                            6nm4oYzNbgqhEDP1aDAMBgNVHRMEBTADAQH/MA0GCSqGSIb3DQEBBQUAA4IBAQBH
                            2qyYwLwesIOxUTj+NJ0VXRBDH8VecNLiUUs9Np4x8A0pxLvlNnv5TdJAruEg1LSV
                            mAqqPUdAB2m7CKDeUVM9cwOB7vqelV2GNgOfevXi+DZRMffyyE8qyIcnTqvDOgcR
                            8qGTPSVT+SIsOkV9bYrjltrbnal7cJermsA8SC5w/pjLaOHI1xIZHquZzymWoN3Z
                            fz2CQg2r5o+AURYd74GrHhHqVa9VrdWtcimB+vTQQihoLt8YciehpJjOMpx2D66e
                            FfpC8ix31RRdjAVIo1y33h1yU3gEHePDbOthZE+lpXi2WJqO85H85LqJOtgn2WPI
                            3P2Tx32Cq1WXCYkxLaPI
</ds:X509Certificate>
                    </ds:X509Data>
                </ds:KeyInfo>
            </md:KeyDescriptor>
            <md:NameIDFormat>urn:oasis:names:tc:SAML:2.0:nameid-format:transient</md:NameIDFormat>
            <md:SingleSignOnService Binding="urn:oasis:names:tc:SAML:2.0:bindings:HTTP-Redirect" Location="https://engine.surfconext.nl/authentication/idp/single-sign-on/65b0296020f1f17d969eb6dbe232c4b1"/>
        </md:IDPSSODescriptor>
    </md:EntityDescriptor>
    <md:EntityDescriptor validUntil="2013-01-30T11:03:12Z" entityID="https://idp.surfnet.nl">
        <md:IDPSSODescriptor protocolSupportEnumeration="urn:oasis:names:tc:SAML:2.0:protocol">
            <md:Extensions>
                <mdui:UIInfo>
                    <mdui:DisplayName xml:lang="nl">SURFnet BV</mdui:DisplayName>
                    <mdui:DisplayName xml:lang="en">SURFnet BV</mdui:DisplayName>
                    <mdui:Description xml:lang="nl">SURFnet BV</mdui:Description>
                    <mdui:Description xml:lang="en">SURFnet BV</mdui:Description>
                    <mdui:Logo height="60" width="120">https://wayf.surfnet.nl/federate/surfnet/img/logo/surfnet.png</mdui:Logo>
                    <mdui:Keywords xml:lang="nl">SURFnet BV SURF konijn powered by</mdui:Keywords>
                    <mdui:Keywords xml:lang="en">SURFnet BV SURF konijn surf surfnet powered by</mdui:Keywords>
                </mdui:UIInfo>
            </md:Extensions>
            <md:KeyDescriptor xmlns:ds="http://www.w3.org/2000/09/xmldsig#" use="signing">
                <ds:KeyInfo>
                    <ds:X509Data>
                        <ds:X509Certificate>MIIDyzCCArOgAwIBAgIJAMzixtXMUH1NMA0GCSqGSIb3DQEBBQUAMHwxCzAJBgNV
                            BAYTAk5MMRAwDgYDVQQIDAdVdHJlY2h0MRAwDgYDVQQHDAdVdHJlY2h0MRUwEwYD
                            VQQKDAxTVVJGbmV0IEIuVi4xEzARBgNVBAsMClNVUkZjb25leHQxHTAbBgNVBAMM
                            FGVuZ2luZS5zdXJmY29uZXh0Lm5sMB4XDTExMDEyNDEwMTg1N1oXDTIxMDEyMzEw
                            MTg1N1owfDELMAkGA1UEBhMCTkwxEDAOBgNVBAgMB1V0cmVjaHQxEDAOBgNVBAcM
                            B1V0cmVjaHQxFTATBgNVBAoMDFNVUkZuZXQgQi5WLjETMBEGA1UECwwKU1VSRmNv
                            bmV4dDEdMBsGA1UEAwwUZW5naW5lLnN1cmZjb25leHQubmwwggEiMA0GCSqGSIb3
                            DQEBAQUAA4IBDwAwggEKAoIBAQDMJ6v+f3owS3KR5IXSil+3XFwGvCVeYx3jDOFK
                            AnwvXlDpTu+t730b8/spHtlopyJVAlb6qBIPN7R4TGTLqiu0zebYsYx/PtqCk5cb
                            u9qs3h+p2BBoTXVwXA/ZYi0tqtxp04hcNrRj1TAgLyC0S+KASTF+zzccAcjTBid5
                            EMioo+YllgSEobWJ4X33XVRqNrikAPDsNmDrdKUi257JSO2xhVIG5lbtmDaL5ORC
                            D56oRmVdp7VQTEQ3Yass8J5Rn+Ub6WmRBYeG+KzFBvtyBput2o0/gvtJn9L+NWeD
                            B0LyUPaUYG/X4GF14FcmFQfz7I5jBCNHtPcLJbPYbZKQNhz/AgMBAAGjUDBOMB0G
                            A1UdDgQWBBS9QqP8gtMM6nm4oYzNbgqhEDP1aDAfBgNVHSMEGDAWgBS9QqP8gtMM
                            6nm4oYzNbgqhEDP1aDAMBgNVHRMEBTADAQH/MA0GCSqGSIb3DQEBBQUAA4IBAQBH
                            2qyYwLwesIOxUTj+NJ0VXRBDH8VecNLiUUs9Np4x8A0pxLvlNnv5TdJAruEg1LSV
                            mAqqPUdAB2m7CKDeUVM9cwOB7vqelV2GNgOfevXi+DZRMffyyE8qyIcnTqvDOgcR
                            8qGTPSVT+SIsOkV9bYrjltrbnal7cJermsA8SC5w/pjLaOHI1xIZHquZzymWoN3Z
                            fz2CQg2r5o+AURYd74GrHhHqVa9VrdWtcimB+vTQQihoLt8YciehpJjOMpx2D66e
                            FfpC8ix31RRdjAVIo1y33h1yU3gEHePDbOthZE+lpXi2WJqO85H85LqJOtgn2WPI
                            3P2Tx32Cq1WXCYkxLaPI
</ds:X509Certificate>
                    </ds:X509Data>
                </ds:KeyInfo>
            </md:KeyDescriptor>
            <md:KeyDescriptor xmlns:ds="http://www.w3.org/2000/09/xmldsig#" use="encryption">
                <ds:KeyInfo>
                    <ds:X509Data>
                        <ds:X509Certificate>MIIDyzCCArOgAwIBAgIJAMzixtXMUH1NMA0GCSqGSIb3DQEBBQUAMHwxCzAJBgNV
                            BAYTAk5MMRAwDgYDVQQIDAdVdHJlY2h0MRAwDgYDVQQHDAdVdHJlY2h0MRUwEwYD
                            VQQKDAxTVVJGbmV0IEIuVi4xEzARBgNVBAsMClNVUkZjb25leHQxHTAbBgNVBAMM
                            FGVuZ2luZS5zdXJmY29uZXh0Lm5sMB4XDTExMDEyNDEwMTg1N1oXDTIxMDEyMzEw
                            MTg1N1owfDELMAkGA1UEBhMCTkwxEDAOBgNVBAgMB1V0cmVjaHQxEDAOBgNVBAcM
                            B1V0cmVjaHQxFTATBgNVBAoMDFNVUkZuZXQgQi5WLjETMBEGA1UECwwKU1VSRmNv
                            bmV4dDEdMBsGA1UEAwwUZW5naW5lLnN1cmZjb25leHQubmwwggEiMA0GCSqGSIb3
                            DQEBAQUAA4IBDwAwggEKAoIBAQDMJ6v+f3owS3KR5IXSil+3XFwGvCVeYx3jDOFK
                            AnwvXlDpTu+t730b8/spHtlopyJVAlb6qBIPN7R4TGTLqiu0zebYsYx/PtqCk5cb
                            u9qs3h+p2BBoTXVwXA/ZYi0tqtxp04hcNrRj1TAgLyC0S+KASTF+zzccAcjTBid5
                            EMioo+YllgSEobWJ4X33XVRqNrikAPDsNmDrdKUi257JSO2xhVIG5lbtmDaL5ORC
                            D56oRmVdp7VQTEQ3Yass8J5Rn+Ub6WmRBYeG+KzFBvtyBput2o0/gvtJn9L+NWeD
                            B0LyUPaUYG/X4GF14FcmFQfz7I5jBCNHtPcLJbPYbZKQNhz/AgMBAAGjUDBOMB0G
                            A1UdDgQWBBS9QqP8gtMM6nm4oYzNbgqhEDP1aDAfBgNVHSMEGDAWgBS9QqP8gtMM
                            6nm4oYzNbgqhEDP1aDAMBgNVHRMEBTADAQH/MA0GCSqGSIb3DQEBBQUAA4IBAQBH
                            2qyYwLwesIOxUTj+NJ0VXRBDH8VecNLiUUs9Np4x8A0pxLvlNnv5TdJAruEg1LSV
                            mAqqPUdAB2m7CKDeUVM9cwOB7vqelV2GNgOfevXi+DZRMffyyE8qyIcnTqvDOgcR
                            8qGTPSVT+SIsOkV9bYrjltrbnal7cJermsA8SC5w/pjLaOHI1xIZHquZzymWoN3Z
                            fz2CQg2r5o+AURYd74GrHhHqVa9VrdWtcimB+vTQQihoLt8YciehpJjOMpx2D66e
                            FfpC8ix31RRdjAVIo1y33h1yU3gEHePDbOthZE+lpXi2WJqO85H85LqJOtgn2WPI
                            3P2Tx32Cq1WXCYkxLaPI
</ds:X509Certificate>
                    </ds:X509Data>
                </ds:KeyInfo>
            </md:KeyDescriptor>
            <md:NameIDFormat>urn:oasis:names:tc:SAML:2.0:nameid-format:transient</md:NameIDFormat>
            <md:SingleSignOnService Binding="urn:oasis:names:tc:SAML:2.0:bindings:HTTP-Redirect" Location="https://engine.surfconext.nl/authentication/idp/single-sign-on/ba573f07093978e3852ddef0d2465b84"/>
        </md:IDPSSODescriptor>
    </md:EntityDescriptor>
    <md:EntityDescriptor validUntil="2013-01-30T11:03:12Z" entityID="http://federatie.umcg.nl/adfs/services/trust">
        <md:IDPSSODescriptor protocolSupportEnumeration="urn:oasis:names:tc:SAML:2.0:protocol">
            <md:Extensions>
                <mdui:UIInfo>
                    <mdui:Description xml:lang="nl">UMCG</mdui:Description>
                    <mdui:Description xml:lang="en">UMCG</mdui:Description>
                    <mdui:Logo height="59" width="108">https://wayf.surfnet.nl/federate/surfnet/img/logo/umcg.png</mdui:Logo>
                    <mdui:Keywords xml:lang="nl">umc umcg</mdui:Keywords>
                    <mdui:Keywords xml:lang="en">umc umcg</mdui:Keywords>
                </mdui:UIInfo>
            </md:Extensions>
            <md:KeyDescriptor xmlns:ds="http://www.w3.org/2000/09/xmldsig#" use="signing">
                <ds:KeyInfo>
                    <ds:X509Data>
                        <ds:X509Certificate>MIIDyzCCArOgAwIBAgIJAMzixtXMUH1NMA0GCSqGSIb3DQEBBQUAMHwxCzAJBgNV
                            BAYTAk5MMRAwDgYDVQQIDAdVdHJlY2h0MRAwDgYDVQQHDAdVdHJlY2h0MRUwEwYD
                            VQQKDAxTVVJGbmV0IEIuVi4xEzARBgNVBAsMClNVUkZjb25leHQxHTAbBgNVBAMM
                            FGVuZ2luZS5zdXJmY29uZXh0Lm5sMB4XDTExMDEyNDEwMTg1N1oXDTIxMDEyMzEw
                            MTg1N1owfDELMAkGA1UEBhMCTkwxEDAOBgNVBAgMB1V0cmVjaHQxEDAOBgNVBAcM
                            B1V0cmVjaHQxFTATBgNVBAoMDFNVUkZuZXQgQi5WLjETMBEGA1UECwwKU1VSRmNv
                            bmV4dDEdMBsGA1UEAwwUZW5naW5lLnN1cmZjb25leHQubmwwggEiMA0GCSqGSIb3
                            DQEBAQUAA4IBDwAwggEKAoIBAQDMJ6v+f3owS3KR5IXSil+3XFwGvCVeYx3jDOFK
                            AnwvXlDpTu+t730b8/spHtlopyJVAlb6qBIPN7R4TGTLqiu0zebYsYx/PtqCk5cb
                            u9qs3h+p2BBoTXVwXA/ZYi0tqtxp04hcNrRj1TAgLyC0S+KASTF+zzccAcjTBid5
                            EMioo+YllgSEobWJ4X33XVRqNrikAPDsNmDrdKUi257JSO2xhVIG5lbtmDaL5ORC
                            D56oRmVdp7VQTEQ3Yass8J5Rn+Ub6WmRBYeG+KzFBvtyBput2o0/gvtJn9L+NWeD
                            B0LyUPaUYG/X4GF14FcmFQfz7I5jBCNHtPcLJbPYbZKQNhz/AgMBAAGjUDBOMB0G
                            A1UdDgQWBBS9QqP8gtMM6nm4oYzNbgqhEDP1aDAfBgNVHSMEGDAWgBS9QqP8gtMM
                            6nm4oYzNbgqhEDP1aDAMBgNVHRMEBTADAQH/MA0GCSqGSIb3DQEBBQUAA4IBAQBH
                            2qyYwLwesIOxUTj+NJ0VXRBDH8VecNLiUUs9Np4x8A0pxLvlNnv5TdJAruEg1LSV
                            mAqqPUdAB2m7CKDeUVM9cwOB7vqelV2GNgOfevXi+DZRMffyyE8qyIcnTqvDOgcR
                            8qGTPSVT+SIsOkV9bYrjltrbnal7cJermsA8SC5w/pjLaOHI1xIZHquZzymWoN3Z
                            fz2CQg2r5o+AURYd74GrHhHqVa9VrdWtcimB+vTQQihoLt8YciehpJjOMpx2D66e
                            FfpC8ix31RRdjAVIo1y33h1yU3gEHePDbOthZE+lpXi2WJqO85H85LqJOtgn2WPI
                            3P2Tx32Cq1WXCYkxLaPI
</ds:X509Certificate>
                    </ds:X509Data>
                </ds:KeyInfo>
            </md:KeyDescriptor>
            <md:KeyDescriptor xmlns:ds="http://www.w3.org/2000/09/xmldsig#" use="encryption">
                <ds:KeyInfo>
                    <ds:X509Data>
                        <ds:X509Certificate>MIIDyzCCArOgAwIBAgIJAMzixtXMUH1NMA0GCSqGSIb3DQEBBQUAMHwxCzAJBgNV
                            BAYTAk5MMRAwDgYDVQQIDAdVdHJlY2h0MRAwDgYDVQQHDAdVdHJlY2h0MRUwEwYD
                            VQQKDAxTVVJGbmV0IEIuVi4xEzARBgNVBAsMClNVUkZjb25leHQxHTAbBgNVBAMM
                            FGVuZ2luZS5zdXJmY29uZXh0Lm5sMB4XDTExMDEyNDEwMTg1N1oXDTIxMDEyMzEw
                            MTg1N1owfDELMAkGA1UEBhMCTkwxEDAOBgNVBAgMB1V0cmVjaHQxEDAOBgNVBAcM
                            B1V0cmVjaHQxFTATBgNVBAoMDFNVUkZuZXQgQi5WLjETMBEGA1UECwwKU1VSRmNv
                            bmV4dDEdMBsGA1UEAwwUZW5naW5lLnN1cmZjb25leHQubmwwggEiMA0GCSqGSIb3
                            DQEBAQUAA4IBDwAwggEKAoIBAQDMJ6v+f3owS3KR5IXSil+3XFwGvCVeYx3jDOFK
                            AnwvXlDpTu+t730b8/spHtlopyJVAlb6qBIPN7R4TGTLqiu0zebYsYx/PtqCk5cb
                            u9qs3h+p2BBoTXVwXA/ZYi0tqtxp04hcNrRj1TAgLyC0S+KASTF+zzccAcjTBid5
                            EMioo+YllgSEobWJ4X33XVRqNrikAPDsNmDrdKUi257JSO2xhVIG5lbtmDaL5ORC
                            D56oRmVdp7VQTEQ3Yass8J5Rn+Ub6WmRBYeG+KzFBvtyBput2o0/gvtJn9L+NWeD
                            B0LyUPaUYG/X4GF14FcmFQfz7I5jBCNHtPcLJbPYbZKQNhz/AgMBAAGjUDBOMB0G
                            A1UdDgQWBBS9QqP8gtMM6nm4oYzNbgqhEDP1aDAfBgNVHSMEGDAWgBS9QqP8gtMM
                            6nm4oYzNbgqhEDP1aDAMBgNVHRMEBTADAQH/MA0GCSqGSIb3DQEBBQUAA4IBAQBH
                            2qyYwLwesIOxUTj+NJ0VXRBDH8VecNLiUUs9Np4x8A0pxLvlNnv5TdJAruEg1LSV
                            mAqqPUdAB2m7CKDeUVM9cwOB7vqelV2GNgOfevXi+DZRMffyyE8qyIcnTqvDOgcR
                            8qGTPSVT+SIsOkV9bYrjltrbnal7cJermsA8SC5w/pjLaOHI1xIZHquZzymWoN3Z
                            fz2CQg2r5o+AURYd74GrHhHqVa9VrdWtcimB+vTQQihoLt8YciehpJjOMpx2D66e
                            FfpC8ix31RRdjAVIo1y33h1yU3gEHePDbOthZE+lpXi2WJqO85H85LqJOtgn2WPI
                            3P2Tx32Cq1WXCYkxLaPI
</ds:X509Certificate>
                    </ds:X509Data>
                </ds:KeyInfo>
            </md:KeyDescriptor>
            <md:NameIDFormat>urn:oasis:names:tc:SAML:2.0:nameid-format:transient</md:NameIDFormat>
            <md:SingleSignOnService Binding="urn:oasis:names:tc:SAML:2.0:bindings:HTTP-Redirect" Location="https://engine.surfconext.nl/authentication/idp/single-sign-on/1cb57df9e3b55368c85fa6f3dd087eb0"/>
        </md:IDPSSODescriptor>
    </md:EntityDescriptor>
    <md:EntityDescriptor validUntil="2013-01-30T11:03:12Z" entityID="http://adfs.rijnhuizen.nl/adfs/services/trust">
        <md:IDPSSODescriptor protocolSupportEnumeration="urn:oasis:names:tc:SAML:2.0:protocol">
            <md:Extensions>
                <mdui:UIInfo>
                    <mdui:DisplayName xml:lang="nl">FOM-Instituut DIFFER</mdui:DisplayName>
                    <mdui:DisplayName xml:lang="en">FOM-Instituut DIFFER</mdui:DisplayName>
                    <mdui:Description xml:lang="nl">FOM-Instituut DIFFER</mdui:Description>
                    <mdui:Description xml:lang="en">FOM-Instituut DIFFER</mdui:Description>
                    <mdui:Logo height="40" width="40">https://wayf.surfnet.nl/federate/surfnet/img/logo/differ.png</mdui:Logo>
                    <mdui:Keywords xml:lang="nl">FOM DIFFER Dutch Institute For Fundamental Energy Research</mdui:Keywords>
                    <mdui:Keywords xml:lang="en">FOM DIFFER Dutch Institute For Fundamental Energy Research</mdui:Keywords>
                </mdui:UIInfo>
            </md:Extensions>
            <md:KeyDescriptor xmlns:ds="http://www.w3.org/2000/09/xmldsig#" use="signing">
                <ds:KeyInfo>
                    <ds:X509Data>
                        <ds:X509Certificate>MIIDyzCCArOgAwIBAgIJAMzixtXMUH1NMA0GCSqGSIb3DQEBBQUAMHwxCzAJBgNV
                            BAYTAk5MMRAwDgYDVQQIDAdVdHJlY2h0MRAwDgYDVQQHDAdVdHJlY2h0MRUwEwYD
                            VQQKDAxTVVJGbmV0IEIuVi4xEzARBgNVBAsMClNVUkZjb25leHQxHTAbBgNVBAMM
                            FGVuZ2luZS5zdXJmY29uZXh0Lm5sMB4XDTExMDEyNDEwMTg1N1oXDTIxMDEyMzEw
                            MTg1N1owfDELMAkGA1UEBhMCTkwxEDAOBgNVBAgMB1V0cmVjaHQxEDAOBgNVBAcM
                            B1V0cmVjaHQxFTATBgNVBAoMDFNVUkZuZXQgQi5WLjETMBEGA1UECwwKU1VSRmNv
                            bmV4dDEdMBsGA1UEAwwUZW5naW5lLnN1cmZjb25leHQubmwwggEiMA0GCSqGSIb3
                            DQEBAQUAA4IBDwAwggEKAoIBAQDMJ6v+f3owS3KR5IXSil+3XFwGvCVeYx3jDOFK
                            AnwvXlDpTu+t730b8/spHtlopyJVAlb6qBIPN7R4TGTLqiu0zebYsYx/PtqCk5cb
                            u9qs3h+p2BBoTXVwXA/ZYi0tqtxp04hcNrRj1TAgLyC0S+KASTF+zzccAcjTBid5
                            EMioo+YllgSEobWJ4X33XVRqNrikAPDsNmDrdKUi257JSO2xhVIG5lbtmDaL5ORC
                            D56oRmVdp7VQTEQ3Yass8J5Rn+Ub6WmRBYeG+KzFBvtyBput2o0/gvtJn9L+NWeD
                            B0LyUPaUYG/X4GF14FcmFQfz7I5jBCNHtPcLJbPYbZKQNhz/AgMBAAGjUDBOMB0G
                            A1UdDgQWBBS9QqP8gtMM6nm4oYzNbgqhEDP1aDAfBgNVHSMEGDAWgBS9QqP8gtMM
                            6nm4oYzNbgqhEDP1aDAMBgNVHRMEBTADAQH/MA0GCSqGSIb3DQEBBQUAA4IBAQBH
                            2qyYwLwesIOxUTj+NJ0VXRBDH8VecNLiUUs9Np4x8A0pxLvlNnv5TdJAruEg1LSV
                            mAqqPUdAB2m7CKDeUVM9cwOB7vqelV2GNgOfevXi+DZRMffyyE8qyIcnTqvDOgcR
                            8qGTPSVT+SIsOkV9bYrjltrbnal7cJermsA8SC5w/pjLaOHI1xIZHquZzymWoN3Z
                            fz2CQg2r5o+AURYd74GrHhHqVa9VrdWtcimB+vTQQihoLt8YciehpJjOMpx2D66e
                            FfpC8ix31RRdjAVIo1y33h1yU3gEHePDbOthZE+lpXi2WJqO85H85LqJOtgn2WPI
                            3P2Tx32Cq1WXCYkxLaPI
</ds:X509Certificate>
                    </ds:X509Data>
                </ds:KeyInfo>
            </md:KeyDescriptor>
            <md:KeyDescriptor xmlns:ds="http://www.w3.org/2000/09/xmldsig#" use="encryption">
                <ds:KeyInfo>
                    <ds:X509Data>
                        <ds:X509Certificate>MIIDyzCCArOgAwIBAgIJAMzixtXMUH1NMA0GCSqGSIb3DQEBBQUAMHwxCzAJBgNV
                            BAYTAk5MMRAwDgYDVQQIDAdVdHJlY2h0MRAwDgYDVQQHDAdVdHJlY2h0MRUwEwYD
                            VQQKDAxTVVJGbmV0IEIuVi4xEzARBgNVBAsMClNVUkZjb25leHQxHTAbBgNVBAMM
                            FGVuZ2luZS5zdXJmY29uZXh0Lm5sMB4XDTExMDEyNDEwMTg1N1oXDTIxMDEyMzEw
                            MTg1N1owfDELMAkGA1UEBhMCTkwxEDAOBgNVBAgMB1V0cmVjaHQxEDAOBgNVBAcM
                            B1V0cmVjaHQxFTATBgNVBAoMDFNVUkZuZXQgQi5WLjETMBEGA1UECwwKU1VSRmNv
                            bmV4dDEdMBsGA1UEAwwUZW5naW5lLnN1cmZjb25leHQubmwwggEiMA0GCSqGSIb3
                            DQEBAQUAA4IBDwAwggEKAoIBAQDMJ6v+f3owS3KR5IXSil+3XFwGvCVeYx3jDOFK
                            AnwvXlDpTu+t730b8/spHtlopyJVAlb6qBIPN7R4TGTLqiu0zebYsYx/PtqCk5cb
                            u9qs3h+p2BBoTXVwXA/ZYi0tqtxp04hcNrRj1TAgLyC0S+KASTF+zzccAcjTBid5
                            EMioo+YllgSEobWJ4X33XVRqNrikAPDsNmDrdKUi257JSO2xhVIG5lbtmDaL5ORC
                            D56oRmVdp7VQTEQ3Yass8J5Rn+Ub6WmRBYeG+KzFBvtyBput2o0/gvtJn9L+NWeD
                            B0LyUPaUYG/X4GF14FcmFQfz7I5jBCNHtPcLJbPYbZKQNhz/AgMBAAGjUDBOMB0G
                            A1UdDgQWBBS9QqP8gtMM6nm4oYzNbgqhEDP1aDAfBgNVHSMEGDAWgBS9QqP8gtMM
                            6nm4oYzNbgqhEDP1aDAMBgNVHRMEBTADAQH/MA0GCSqGSIb3DQEBBQUAA4IBAQBH
                            2qyYwLwesIOxUTj+NJ0VXRBDH8VecNLiUUs9Np4x8A0pxLvlNnv5TdJAruEg1LSV
                            mAqqPUdAB2m7CKDeUVM9cwOB7vqelV2GNgOfevXi+DZRMffyyE8qyIcnTqvDOgcR
                            8qGTPSVT+SIsOkV9bYrjltrbnal7cJermsA8SC5w/pjLaOHI1xIZHquZzymWoN3Z
                            fz2CQg2r5o+AURYd74GrHhHqVa9VrdWtcimB+vTQQihoLt8YciehpJjOMpx2D66e
                            FfpC8ix31RRdjAVIo1y33h1yU3gEHePDbOthZE+lpXi2WJqO85H85LqJOtgn2WPI
                            3P2Tx32Cq1WXCYkxLaPI
</ds:X509Certificate>
                    </ds:X509Data>
                </ds:KeyInfo>
            </md:KeyDescriptor>
            <md:NameIDFormat>urn:oasis:names:tc:SAML:2.0:nameid-format:transient</md:NameIDFormat>
            <md:SingleSignOnService Binding="urn:oasis:names:tc:SAML:2.0:bindings:HTTP-Redirect" Location="https://engine.surfconext.nl/authentication/idp/single-sign-on/661c4d0e3681c2dc5cddb51f3ff7e852"/>
        </md:IDPSSODescriptor>
    </md:EntityDescriptor>
    <md:EntityDescriptor validUntil="2013-01-30T11:03:12Z" entityID="https://login.ahk.nl/simplesaml/saml2/idp/metadata.php">
        <md:IDPSSODescriptor protocolSupportEnumeration="urn:oasis:names:tc:SAML:2.0:protocol">
            <md:Extensions>
                <mdui:UIInfo>
                    <mdui:DisplayName xml:lang="nl">Amsterdamse Hogeschool voor de Kunsten</mdui:DisplayName>
                    <mdui:DisplayName xml:lang="en">Amsterdam School of the Arts</mdui:DisplayName>
                    <mdui:Description xml:lang="nl">Amsterdamse Hogeschool voor de Kunsten</mdui:Description>
                    <mdui:Description xml:lang="en">Amsterdamse Hogeschool voor de Kunsten</mdui:Description>
                    <mdui:Keywords xml:lang="nl">Amsterdamse Hogeschool voor de Kunsten Arts AHK Amsterdam School of Arts</mdui:Keywords>
                    <mdui:Keywords xml:lang="en">Amsterdamse Hogeschool voor de Kunsten Arts AHK Amsterdam School of Arts</mdui:Keywords>
                </mdui:UIInfo>
            </md:Extensions>
            <md:KeyDescriptor xmlns:ds="http://www.w3.org/2000/09/xmldsig#" use="signing">
                <ds:KeyInfo>
                    <ds:X509Data>
                        <ds:X509Certificate>MIIDyzCCArOgAwIBAgIJAMzixtXMUH1NMA0GCSqGSIb3DQEBBQUAMHwxCzAJBgNV
                            BAYTAk5MMRAwDgYDVQQIDAdVdHJlY2h0MRAwDgYDVQQHDAdVdHJlY2h0MRUwEwYD
                            VQQKDAxTVVJGbmV0IEIuVi4xEzARBgNVBAsMClNVUkZjb25leHQxHTAbBgNVBAMM
                            FGVuZ2luZS5zdXJmY29uZXh0Lm5sMB4XDTExMDEyNDEwMTg1N1oXDTIxMDEyMzEw
                            MTg1N1owfDELMAkGA1UEBhMCTkwxEDAOBgNVBAgMB1V0cmVjaHQxEDAOBgNVBAcM
                            B1V0cmVjaHQxFTATBgNVBAoMDFNVUkZuZXQgQi5WLjETMBEGA1UECwwKU1VSRmNv
                            bmV4dDEdMBsGA1UEAwwUZW5naW5lLnN1cmZjb25leHQubmwwggEiMA0GCSqGSIb3
                            DQEBAQUAA4IBDwAwggEKAoIBAQDMJ6v+f3owS3KR5IXSil+3XFwGvCVeYx3jDOFK
                            AnwvXlDpTu+t730b8/spHtlopyJVAlb6qBIPN7R4TGTLqiu0zebYsYx/PtqCk5cb
                            u9qs3h+p2BBoTXVwXA/ZYi0tqtxp04hcNrRj1TAgLyC0S+KASTF+zzccAcjTBid5
                            EMioo+YllgSEobWJ4X33XVRqNrikAPDsNmDrdKUi257JSO2xhVIG5lbtmDaL5ORC
                            D56oRmVdp7VQTEQ3Yass8J5Rn+Ub6WmRBYeG+KzFBvtyBput2o0/gvtJn9L+NWeD
                            B0LyUPaUYG/X4GF14FcmFQfz7I5jBCNHtPcLJbPYbZKQNhz/AgMBAAGjUDBOMB0G
                            A1UdDgQWBBS9QqP8gtMM6nm4oYzNbgqhEDP1aDAfBgNVHSMEGDAWgBS9QqP8gtMM
                            6nm4oYzNbgqhEDP1aDAMBgNVHRMEBTADAQH/MA0GCSqGSIb3DQEBBQUAA4IBAQBH
                            2qyYwLwesIOxUTj+NJ0VXRBDH8VecNLiUUs9Np4x8A0pxLvlNnv5TdJAruEg1LSV
                            mAqqPUdAB2m7CKDeUVM9cwOB7vqelV2GNgOfevXi+DZRMffyyE8qyIcnTqvDOgcR
                            8qGTPSVT+SIsOkV9bYrjltrbnal7cJermsA8SC5w/pjLaOHI1xIZHquZzymWoN3Z
                            fz2CQg2r5o+AURYd74GrHhHqVa9VrdWtcimB+vTQQihoLt8YciehpJjOMpx2D66e
                            FfpC8ix31RRdjAVIo1y33h1yU3gEHePDbOthZE+lpXi2WJqO85H85LqJOtgn2WPI
                            3P2Tx32Cq1WXCYkxLaPI
</ds:X509Certificate>
                    </ds:X509Data>
                </ds:KeyInfo>
            </md:KeyDescriptor>
            <md:KeyDescriptor xmlns:ds="http://www.w3.org/2000/09/xmldsig#" use="encryption">
                <ds:KeyInfo>
                    <ds:X509Data>
                        <ds:X509Certificate>MIIDyzCCArOgAwIBAgIJAMzixtXMUH1NMA0GCSqGSIb3DQEBBQUAMHwxCzAJBgNV
                            BAYTAk5MMRAwDgYDVQQIDAdVdHJlY2h0MRAwDgYDVQQHDAdVdHJlY2h0MRUwEwYD
                            VQQKDAxTVVJGbmV0IEIuVi4xEzARBgNVBAsMClNVUkZjb25leHQxHTAbBgNVBAMM
                            FGVuZ2luZS5zdXJmY29uZXh0Lm5sMB4XDTExMDEyNDEwMTg1N1oXDTIxMDEyMzEw
                            MTg1N1owfDELMAkGA1UEBhMCTkwxEDAOBgNVBAgMB1V0cmVjaHQxEDAOBgNVBAcM
                            B1V0cmVjaHQxFTATBgNVBAoMDFNVUkZuZXQgQi5WLjETMBEGA1UECwwKU1VSRmNv
                            bmV4dDEdMBsGA1UEAwwUZW5naW5lLnN1cmZjb25leHQubmwwggEiMA0GCSqGSIb3
                            DQEBAQUAA4IBDwAwggEKAoIBAQDMJ6v+f3owS3KR5IXSil+3XFwGvCVeYx3jDOFK
                            AnwvXlDpTu+t730b8/spHtlopyJVAlb6qBIPN7R4TGTLqiu0zebYsYx/PtqCk5cb
                            u9qs3h+p2BBoTXVwXA/ZYi0tqtxp04hcNrRj1TAgLyC0S+KASTF+zzccAcjTBid5
                            EMioo+YllgSEobWJ4X33XVRqNrikAPDsNmDrdKUi257JSO2xhVIG5lbtmDaL5ORC
                            D56oRmVdp7VQTEQ3Yass8J5Rn+Ub6WmRBYeG+KzFBvtyBput2o0/gvtJn9L+NWeD
                            B0LyUPaUYG/X4GF14FcmFQfz7I5jBCNHtPcLJbPYbZKQNhz/AgMBAAGjUDBOMB0G
                            A1UdDgQWBBS9QqP8gtMM6nm4oYzNbgqhEDP1aDAfBgNVHSMEGDAWgBS9QqP8gtMM
                            6nm4oYzNbgqhEDP1aDAMBgNVHRMEBTADAQH/MA0GCSqGSIb3DQEBBQUAA4IBAQBH
                            2qyYwLwesIOxUTj+NJ0VXRBDH8VecNLiUUs9Np4x8A0pxLvlNnv5TdJAruEg1LSV
                            mAqqPUdAB2m7CKDeUVM9cwOB7vqelV2GNgOfevXi+DZRMffyyE8qyIcnTqvDOgcR
                            8qGTPSVT+SIsOkV9bYrjltrbnal7cJermsA8SC5w/pjLaOHI1xIZHquZzymWoN3Z
                            fz2CQg2r5o+AURYd74GrHhHqVa9VrdWtcimB+vTQQihoLt8YciehpJjOMpx2D66e
                            FfpC8ix31RRdjAVIo1y33h1yU3gEHePDbOthZE+lpXi2WJqO85H85LqJOtgn2WPI
                            3P2Tx32Cq1WXCYkxLaPI
</ds:X509Certificate>
                    </ds:X509Data>
                </ds:KeyInfo>
            </md:KeyDescriptor>
            <md:NameIDFormat>urn:oasis:names:tc:SAML:2.0:nameid-format:transient</md:NameIDFormat>
            <md:SingleSignOnService Binding="urn:oasis:names:tc:SAML:2.0:bindings:HTTP-Redirect" Location="https://engine.surfconext.nl/authentication/idp/single-sign-on/4ad9c3c9d7b258e475d24f0122a71cb2"/>
        </md:IDPSSODescriptor>
    </md:EntityDescriptor>
</md:EntitiesDescriptor>
